[2.680s] DEBUG:colcon:Command line arguments: ['/usr/bin/colcon', 'build']
[2.681s] DEBUG:colcon:Parsed command line arguments: Namespace(allow_overriding=[], ament_cmake_args=None, base_paths=['.'], build_base='build', catkin_cmake_args=None, catkin_skip_building_tests=False, cmake_args=None, cmake_clean_cache=False, cmake_clean_first=False, cmake_force_configure=False, cmake_target=None, cmake_target_skip_unavailable=False, continue_on_error=False, event_handlers=None, executor='parallel', ignore_user_meta=False, install_base='install', log_base=None, log_level=None, main=<bound method BuildVerb.main of <colcon_core.verb.build.BuildVerb object at 0x7f60d8215d00>>, merge_install=False, metas=['./colcon.meta'], packages_above=None, packages_above_and_dependencies=None, packages_above_depth=None, packages_end=None, packages_ignore=None, packages_ignore_regex=None, packages_select=None, packages_select_build_failed=False, packages_select_by_dep=None, packages_select_regex=None, packages_select_test_failures=False, packages_skip=None, packages_skip_build_finished=False, packages_skip_by_dep=None, packages_skip_regex=None, packages_skip_test_passed=False, packages_skip_up_to=None, packages_start=None, packages_up_to=None, packages_up_to_regex=None, parallel_workers=8, paths=None, symlink_install=False, test_result_base=None, verb_extension=<colcon_core.verb.build.BuildVerb object at 0x7f60d8215d00>, verb_name='build', verb_parser=<colcon_defaults.argument_parser.defaults.DefaultArgumentsDecorator object at 0x7f60d7f2bb50>)
[2.773s] Level 1:colcon.colcon_core.package_discovery:discover_packages(colcon_meta) check parameters
[2.773s] Level 1:colcon.colcon_core.package_discovery:discover_packages(recursive) check parameters
[2.773s] Level 1:colcon.colcon_core.package_discovery:discover_packages(ignore) check parameters
[2.773s] Level 1:colcon.colcon_core.package_discovery:discover_packages(path) check parameters
[2.773s] Level 1:colcon.colcon_core.package_discovery:discover_packages(colcon_meta) discover
[2.773s] Level 1:colcon.colcon_core.package_discovery:discover_packages(recursive) discover
[2.773s] INFO:colcon.colcon_core.package_discovery:Crawling recursively for packages in '/home/william/sim_ws'
[2.773s] Level 1:colcon.colcon_core.package_identification:_identify(.) by extensions ['ignore', 'ignore_ament_install']
[2.774s] Level 1:colcon.colcon_core.package_identification:_identify(.) by extension 'ignore'
[2.774s] Level 1:colcon.colcon_core.package_identification:_identify(.) by extension 'ignore_ament_install'
[2.774s] Level 1:colcon.colcon_core.package_identification:_identify(.) by extensions ['colcon_pkg']
[2.774s] Level 1:colcon.colcon_core.package_identification:_identify(.) by extension 'colcon_pkg'
[2.774s] Level 1:colcon.colcon_core.package_identification:_identify(.) by extensions ['colcon_meta']
[2.774s] Level 1:colcon.colcon_core.package_identification:_identify(.) by extension 'colcon_meta'
[2.774s] Level 1:colcon.colcon_core.package_identification:_identify(.) by extensions ['ros']
[2.774s] Level 1:colcon.colcon_core.package_identification:_identify(.) by extension 'ros'
[2.786s] Level 1:colcon.colcon_core.package_identification:_identify(.) by extensions ['cmake', 'python']
[2.786s] Level 1:colcon.colcon_core.package_identification:_identify(.) by extension 'cmake'
[2.786s] Level 1:colcon.colcon_core.package_identification:_identify(.) by extension 'python'
[2.786s] Level 1:colcon.colcon_core.package_identification:_identify(.) by extensions ['python_setup_py']
[2.786s] Level 1:colcon.colcon_core.package_identification:_identify(.) by extension 'python_setup_py'
[2.786s] Level 1:colcon.colcon_core.package_identification:_identify(build) by extensions ['ignore', 'ignore_ament_install']
[2.786s] Level 1:colcon.colcon_core.package_identification:_identify(build) by extension 'ignore'
[2.786s] Level 1:colcon.colcon_core.package_identification:_identify(build) ignored
[2.787s] Level 1:colcon.colcon_core.package_identification:_identify(install) by extensions ['ignore', 'ignore_ament_install']
[2.787s] Level 1:colcon.colcon_core.package_identification:_identify(install) by extension 'ignore'
[2.787s] Level 1:colcon.colcon_core.package_identification:_identify(install) ignored
[2.787s] Level 1:colcon.colcon_core.package_identification:_identify(log) by extensions ['ignore', 'ignore_ament_install']
[2.787s] Level 1:colcon.colcon_core.package_identification:_identify(log) by extension 'ignore'
[2.787s] Level 1:colcon.colcon_core.package_identification:_identify(log) ignored
[2.787s] Level 1:colcon.colcon_core.package_identification:_identify(src) by extensions ['ignore', 'ignore_ament_install']
[2.787s] Level 1:colcon.colcon_core.package_identification:_identify(src) by extension 'ignore'
[2.787s] Level 1:colcon.colcon_core.package_identification:_identify(src) by extension 'ignore_ament_install'
[2.787s] Level 1:colcon.colcon_core.package_identification:_identify(src) by extensions ['colcon_pkg']
[2.787s] Level 1:colcon.colcon_core.package_identification:_identify(src) by extension 'colcon_pkg'
[2.787s] Level 1:colcon.colcon_core.package_identification:_identify(src) by extensions ['colcon_meta']
[2.788s] Level 1:colcon.colcon_core.package_identification:_identify(src) by extension 'colcon_meta'
[2.788s] Level 1:colcon.colcon_core.package_identification:_identify(src) by extensions ['ros']
[2.788s] Level 1:colcon.colcon_core.package_identification:_identify(src) by extension 'ros'
[2.788s] Level 1:colcon.colcon_core.package_identification:_identify(src) by extensions ['cmake', 'python']
[2.788s] Level 1:colcon.colcon_core.package_identification:_identify(src) by extension 'cmake'
[2.788s] Level 1:colcon.colcon_core.package_identification:_identify(src) by extension 'python'
[2.788s] Level 1:colcon.colcon_core.package_identification:_identify(src) by extensions ['python_setup_py']
[2.788s] Level 1:colcon.colcon_core.package_identification:_identify(src) by extension 'python_setup_py'
[2.788s] Level 1:colcon.colcon_core.package_identification:_identify(src/f1tenth_gym_ros) by extensions ['ignore', 'ignore_ament_install']
[2.788s] Level 1:colcon.colcon_core.package_identification:_identify(src/f1tenth_gym_ros) by extension 'ignore'
[2.788s] Level 1:colcon.colcon_core.package_identification:_identify(src/f1tenth_gym_ros) by extension 'ignore_ament_install'
[2.788s] Level 1:colcon.colcon_core.package_identification:_identify(src/f1tenth_gym_ros) by extensions ['colcon_pkg']
[2.788s] Level 1:colcon.colcon_core.package_identification:_identify(src/f1tenth_gym_ros) by extension 'colcon_pkg'
[2.788s] Level 1:colcon.colcon_core.package_identification:_identify(src/f1tenth_gym_ros) by extensions ['colcon_meta']
[2.788s] Level 1:colcon.colcon_core.package_identification:_identify(src/f1tenth_gym_ros) by extension 'colcon_meta'
[2.788s] Level 1:colcon.colcon_core.package_identification:_identify(src/f1tenth_gym_ros) by extensions ['ros']
[2.788s] Level 1:colcon.colcon_core.package_identification:_identify(src/f1tenth_gym_ros) by extension 'ros'
[2.791s] DEBUG:colcon.colcon_core.package_identification:Package 'src/f1tenth_gym_ros' with type 'ros.ament_python' and name 'f1tenth_gym_ros'
[2.791s] Level 1:colcon.colcon_core.package_identification:_identify(src/f1tenth_interfaces-main) by extensions ['ignore', 'ignore_ament_install']
[2.791s] Level 1:colcon.colcon_core.package_identification:_identify(src/f1tenth_interfaces-main) by extension 'ignore'
[2.791s] Level 1:colcon.colcon_core.package_identification:_identify(src/f1tenth_interfaces-main) by extension 'ignore_ament_install'
[2.791s] Level 1:colcon.colcon_core.package_identification:_identify(src/f1tenth_interfaces-main) by extensions ['colcon_pkg']
[2.791s] Level 1:colcon.colcon_core.package_identification:_identify(src/f1tenth_interfaces-main) by extension 'colcon_pkg'
[2.791s] Level 1:colcon.colcon_core.package_identification:_identify(src/f1tenth_interfaces-main) by extensions ['colcon_meta']
[2.791s] Level 1:colcon.colcon_core.package_identification:_identify(src/f1tenth_interfaces-main) by extension 'colcon_meta'
[2.791s] Level 1:colcon.colcon_core.package_identification:_identify(src/f1tenth_interfaces-main) by extensions ['ros']
[2.791s] Level 1:colcon.colcon_core.package_identification:_identify(src/f1tenth_interfaces-main) by extension 'ros'
[2.791s] DEBUG:colcon.colcon_core.package_identification:Package 'src/f1tenth_interfaces-main' with type 'ros.ament_cmake' and name 'interfaces_hot_wheels'
[2.792s] Level 1:colcon.colcon_core.package_identification:_identify(src/f1tenth_mpc-main) by extensions ['ignore', 'ignore_ament_install']
[2.792s] Level 1:colcon.colcon_core.package_identification:_identify(src/f1tenth_mpc-main) by extension 'ignore'
[2.792s] Level 1:colcon.colcon_core.package_identification:_identify(src/f1tenth_mpc-main) by extension 'ignore_ament_install'
[2.792s] Level 1:colcon.colcon_core.package_identification:_identify(src/f1tenth_mpc-main) by extensions ['colcon_pkg']
[2.792s] Level 1:colcon.colcon_core.package_identification:_identify(src/f1tenth_mpc-main) by extension 'colcon_pkg'
[2.792s] Level 1:colcon.colcon_core.package_identification:_identify(src/f1tenth_mpc-main) by extensions ['colcon_meta']
[2.792s] Level 1:colcon.colcon_core.package_identification:_identify(src/f1tenth_mpc-main) by extension 'colcon_meta'
[2.792s] Level 1:colcon.colcon_core.package_identification:_identify(src/f1tenth_mpc-main) by extensions ['ros']
[2.792s] Level 1:colcon.colcon_core.package_identification:_identify(src/f1tenth_mpc-main) by extension 'ros'
[2.792s] Level 1:colcon.colcon_core.package_identification:_identify(src/f1tenth_mpc-main) by extensions ['cmake', 'python']
[2.792s] Level 1:colcon.colcon_core.package_identification:_identify(src/f1tenth_mpc-main) by extension 'cmake'
[2.792s] Level 1:colcon.colcon_core.package_identification:_identify(src/f1tenth_mpc-main) by extension 'python'
[2.792s] Level 1:colcon.colcon_core.package_identification:_identify(src/f1tenth_mpc-main) by extensions ['python_setup_py']
[2.792s] Level 1:colcon.colcon_core.package_identification:_identify(src/f1tenth_mpc-main) by extension 'python_setup_py'
[2.792s] Level 1:colcon.colcon_core.package_identification:_identify(src/f1tenth_mpc-main/mpc) by extensions ['ignore', 'ignore_ament_install']
[2.792s] Level 1:colcon.colcon_core.package_identification:_identify(src/f1tenth_mpc-main/mpc) by extension 'ignore'
[2.792s] Level 1:colcon.colcon_core.package_identification:_identify(src/f1tenth_mpc-main/mpc) by extension 'ignore_ament_install'
[2.792s] Level 1:colcon.colcon_core.package_identification:_identify(src/f1tenth_mpc-main/mpc) by extensions ['colcon_pkg']
[2.793s] Level 1:colcon.colcon_core.package_identification:_identify(src/f1tenth_mpc-main/mpc) by extension 'colcon_pkg'
[2.793s] Level 1:colcon.colcon_core.package_identification:_identify(src/f1tenth_mpc-main/mpc) by extensions ['colcon_meta']
[2.793s] Level 1:colcon.colcon_core.package_identification:_identify(src/f1tenth_mpc-main/mpc) by extension 'colcon_meta'
[2.793s] Level 1:colcon.colcon_core.package_identification:_identify(src/f1tenth_mpc-main/mpc) by extensions ['ros']
[2.793s] Level 1:colcon.colcon_core.package_identification:_identify(src/f1tenth_mpc-main/mpc) by extension 'ros'
[2.794s] DEBUG:colcon.colcon_core.package_identification:Package 'src/f1tenth_mpc-main/mpc' with type 'ros.ament_cmake' and name 'mpc'
[2.794s] Level 1:colcon.colcon_core.package_identification:_identify(src/f1tenth_slam_pure_pursuit-main) by extensions ['ignore', 'ignore_ament_install']
[2.794s] Level 1:colcon.colcon_core.package_identification:_identify(src/f1tenth_slam_pure_pursuit-main) by extension 'ignore'
[2.795s] Level 1:colcon.colcon_core.package_identification:_identify(src/f1tenth_slam_pure_pursuit-main) by extension 'ignore_ament_install'
[2.795s] Level 1:colcon.colcon_core.package_identification:_identify(src/f1tenth_slam_pure_pursuit-main) by extensions ['colcon_pkg']
[2.795s] Level 1:colcon.colcon_core.package_identification:_identify(src/f1tenth_slam_pure_pursuit-main) by extension 'colcon_pkg'
[2.795s] Level 1:colcon.colcon_core.package_identification:_identify(src/f1tenth_slam_pure_pursuit-main) by extensions ['colcon_meta']
[2.795s] Level 1:colcon.colcon_core.package_identification:_identify(src/f1tenth_slam_pure_pursuit-main) by extension 'colcon_meta'
[2.795s] Level 1:colcon.colcon_core.package_identification:_identify(src/f1tenth_slam_pure_pursuit-main) by extensions ['ros']
[2.795s] Level 1:colcon.colcon_core.package_identification:_identify(src/f1tenth_slam_pure_pursuit-main) by extension 'ros'
[2.795s] Level 1:colcon.colcon_core.package_identification:_identify(src/f1tenth_slam_pure_pursuit-main) by extensions ['cmake', 'python']
[2.795s] Level 1:colcon.colcon_core.package_identification:_identify(src/f1tenth_slam_pure_pursuit-main) by extension 'cmake'
[2.795s] Level 1:colcon.colcon_core.package_identification:_identify(src/f1tenth_slam_pure_pursuit-main) by extension 'python'
[2.795s] Level 1:colcon.colcon_core.package_identification:_identify(src/f1tenth_slam_pure_pursuit-main) by extensions ['python_setup_py']
[2.795s] Level 1:colcon.colcon_core.package_identification:_identify(src/f1tenth_slam_pure_pursuit-main) by extension 'python_setup_py'
[2.795s] Level 1:colcon.colcon_core.package_identification:_identify(src/f1tenth_slam_pure_pursuit-main/pure_pursuit) by extensions ['ignore', 'ignore_ament_install']
[2.795s] Level 1:colcon.colcon_core.package_identification:_identify(src/f1tenth_slam_pure_pursuit-main/pure_pursuit) by extension 'ignore'
[2.795s] Level 1:colcon.colcon_core.package_identification:_identify(src/f1tenth_slam_pure_pursuit-main/pure_pursuit) by extension 'ignore_ament_install'
[2.795s] Level 1:colcon.colcon_core.package_identification:_identify(src/f1tenth_slam_pure_pursuit-main/pure_pursuit) by extensions ['colcon_pkg']
[2.795s] Level 1:colcon.colcon_core.package_identification:_identify(src/f1tenth_slam_pure_pursuit-main/pure_pursuit) by extension 'colcon_pkg'
[2.795s] Level 1:colcon.colcon_core.package_identification:_identify(src/f1tenth_slam_pure_pursuit-main/pure_pursuit) by extensions ['colcon_meta']
[2.795s] Level 1:colcon.colcon_core.package_identification:_identify(src/f1tenth_slam_pure_pursuit-main/pure_pursuit) by extension 'colcon_meta'
[2.795s] Level 1:colcon.colcon_core.package_identification:_identify(src/f1tenth_slam_pure_pursuit-main/pure_pursuit) by extensions ['ros']
[2.796s] Level 1:colcon.colcon_core.package_identification:_identify(src/f1tenth_slam_pure_pursuit-main/pure_pursuit) by extension 'ros'
[2.797s] DEBUG:colcon.colcon_core.package_identification:Package 'src/f1tenth_slam_pure_pursuit-main/pure_pursuit' with type 'ros.ament_cmake' and name 'pure_pursuit'
[2.797s] Level 1:colcon.colcon_core.package_identification:_identify(src/particle_filter) by extensions ['ignore', 'ignore_ament_install']
[2.797s] Level 1:colcon.colcon_core.package_identification:_identify(src/particle_filter) by extension 'ignore'
[2.797s] Level 1:colcon.colcon_core.package_identification:_identify(src/particle_filter) by extension 'ignore_ament_install'
[2.797s] Level 1:colcon.colcon_core.package_identification:_identify(src/particle_filter) by extensions ['colcon_pkg']
[2.797s] Level 1:colcon.colcon_core.package_identification:_identify(src/particle_filter) by extension 'colcon_pkg'
[2.797s] Level 1:colcon.colcon_core.package_identification:_identify(src/particle_filter) by extensions ['colcon_meta']
[2.797s] Level 1:colcon.colcon_core.package_identification:_identify(src/particle_filter) by extension 'colcon_meta'
[2.797s] Level 1:colcon.colcon_core.package_identification:_identify(src/particle_filter) by extensions ['ros']
[2.797s] Level 1:colcon.colcon_core.package_identification:_identify(src/particle_filter) by extension 'ros'
[2.798s] DEBUG:colcon.colcon_core.package_identification:Package 'src/particle_filter' with type 'ros.ament_python' and name 'particle_filter'
[2.798s] Level 1:colcon.colcon_core.package_identification:_identify(src/range_libc) by extensions ['ignore', 'ignore_ament_install']
[2.798s] Level 1:colcon.colcon_core.package_identification:_identify(src/range_libc) by extension 'ignore'
[2.798s] Level 1:colcon.colcon_core.package_identification:_identify(src/range_libc) by extension 'ignore_ament_install'
[2.798s] Level 1:colcon.colcon_core.package_identification:_identify(src/range_libc) by extensions ['colcon_pkg']
[2.798s] Level 1:colcon.colcon_core.package_identification:_identify(src/range_libc) by extension 'colcon_pkg'
[2.798s] Level 1:colcon.colcon_core.package_identification:_identify(src/range_libc) by extensions ['colcon_meta']
[2.798s] Level 1:colcon.colcon_core.package_identification:_identify(src/range_libc) by extension 'colcon_meta'
[2.798s] Level 1:colcon.colcon_core.package_identification:_identify(src/range_libc) by extensions ['ros']
[2.799s] Level 1:colcon.colcon_core.package_identification:_identify(src/range_libc) by extension 'ros'
[2.799s] Level 1:colcon.colcon_core.package_identification:_identify(src/range_libc) by extensions ['cmake', 'python']
[2.799s] Level 1:colcon.colcon_core.package_identification:_identify(src/range_libc) by extension 'cmake'
[2.804s] Level 1:colcon.colcon_core.package_identification:_identify(src/range_libc) by extension 'python'
[2.804s] DEBUG:colcon.colcon_core.package_identification:Package 'src/range_libc' with type 'cmake' and name 'range_lib'
[2.804s] Level 1:colcon.colcon_core.package_discovery:discover_packages(recursive) using defaults
[2.804s] Level 1:colcon.colcon_core.package_discovery:discover_packages(ignore) discover
[2.804s] Level 1:colcon.colcon_core.package_discovery:discover_packages(ignore) using defaults
[2.804s] Level 1:colcon.colcon_core.package_discovery:discover_packages(path) discover
[2.804s] Level 1:colcon.colcon_core.package_discovery:discover_packages(path) using defaults
[2.887s] Level 1:colcon.colcon_core.package_discovery:discover_packages(prefix_path) check parameters
[2.887s] Level 1:colcon.colcon_core.package_discovery:discover_packages(prefix_path) discover
[2.912s] DEBUG:colcon.colcon_installed_package_information.package_discovery:Found 6 installed packages in /home/william/sim_ws/install
[2.925s] DEBUG:colcon.colcon_installed_package_information.package_discovery:Found 308 installed packages in /opt/ros/foxy
[2.926s] Level 1:colcon.colcon_core.package_discovery:discover_packages(prefix_path) using defaults
[2.995s] Level 5:colcon.colcon_core.verb:set package 'f1tenth_gym_ros' build argument 'cmake_args' from command line to 'None'
[2.995s] Level 5:colcon.colcon_core.verb:set package 'f1tenth_gym_ros' build argument 'cmake_target' from command line to 'None'
[2.995s] Level 5:colcon.colcon_core.verb:set package 'f1tenth_gym_ros' build argument 'cmake_target_skip_unavailable' from command line to 'False'
[2.995s] Level 5:colcon.colcon_core.verb:set package 'f1tenth_gym_ros' build argument 'cmake_clean_cache' from command line to 'False'
[2.995s] Level 5:colcon.colcon_core.verb:set package 'f1tenth_gym_ros' build argument 'cmake_clean_first' from command line to 'False'
[2.995s] Level 5:colcon.colcon_core.verb:set package 'f1tenth_gym_ros' build argument 'cmake_force_configure' from command line to 'False'
[2.995s] Level 5:colcon.colcon_core.verb:set package 'f1tenth_gym_ros' build argument 'ament_cmake_args' from command line to 'None'
[2.995s] Level 5:colcon.colcon_core.verb:set package 'f1tenth_gym_ros' build argument 'catkin_cmake_args' from command line to 'None'
[2.995s] Level 5:colcon.colcon_core.verb:set package 'f1tenth_gym_ros' build argument 'catkin_skip_building_tests' from command line to 'False'
[2.995s] DEBUG:colcon.colcon_core.verb:Building package 'f1tenth_gym_ros' with the following arguments: {'ament_cmake_args': None, 'build_base': '/home/william/sim_ws/build/f1tenth_gym_ros', 'catkin_cmake_args': None, 'catkin_skip_building_tests': False, 'cmake_args': None, 'cmake_clean_cache': False, 'cmake_clean_first': False, 'cmake_force_configure': False, 'cmake_target': None, 'cmake_target_skip_unavailable': False, 'install_base': '/home/william/sim_ws/install/f1tenth_gym_ros', 'merge_install': False, 'path': '/home/william/sim_ws/src/f1tenth_gym_ros', 'symlink_install': False, 'test_result_base': None}
[3.008s] Level 5:colcon.colcon_core.verb:set package 'interfaces_hot_wheels' build argument 'cmake_args' from command line to 'None'
[3.008s] Level 5:colcon.colcon_core.verb:set package 'interfaces_hot_wheels' build argument 'cmake_target' from command line to 'None'
[3.008s] Level 5:colcon.colcon_core.verb:set package 'interfaces_hot_wheels' build argument 'cmake_target_skip_unavailable' from command line to 'False'
[3.008s] Level 5:colcon.colcon_core.verb:set package 'interfaces_hot_wheels' build argument 'cmake_clean_cache' from command line to 'False'
[3.008s] Level 5:colcon.colcon_core.verb:set package 'interfaces_hot_wheels' build argument 'cmake_clean_first' from command line to 'False'
[3.008s] Level 5:colcon.colcon_core.verb:set package 'interfaces_hot_wheels' build argument 'cmake_force_configure' from command line to 'False'
[3.008s] Level 5:colcon.colcon_core.verb:set package 'interfaces_hot_wheels' build argument 'ament_cmake_args' from command line to 'None'
[3.008s] Level 5:colcon.colcon_core.verb:set package 'interfaces_hot_wheels' build argument 'catkin_cmake_args' from command line to 'None'
[3.008s] Level 5:colcon.colcon_core.verb:set package 'interfaces_hot_wheels' build argument 'catkin_skip_building_tests' from command line to 'False'
[3.008s] DEBUG:colcon.colcon_core.verb:Building package 'interfaces_hot_wheels' with the following arguments: {'ament_cmake_args': None, 'build_base': '/home/william/sim_ws/build/interfaces_hot_wheels', 'catkin_cmake_args': None, 'catkin_skip_building_tests': False, 'cmake_args': None, 'cmake_clean_cache': False, 'cmake_clean_first': False, 'cmake_force_configure': False, 'cmake_target': None, 'cmake_target_skip_unavailable': False, 'install_base': '/home/william/sim_ws/install/interfaces_hot_wheels', 'merge_install': False, 'path': '/home/william/sim_ws/src/f1tenth_interfaces-main', 'symlink_install': False, 'test_result_base': None}
[3.019s] Level 5:colcon.colcon_core.verb:set package 'mpc' build argument 'cmake_args' from command line to 'None'
[3.020s] Level 5:colcon.colcon_core.verb:set package 'mpc' build argument 'cmake_target' from command line to 'None'
[3.020s] Level 5:colcon.colcon_core.verb:set package 'mpc' build argument 'cmake_target_skip_unavailable' from command line to 'False'
[3.020s] Level 5:colcon.colcon_core.verb:set package 'mpc' build argument 'cmake_clean_cache' from command line to 'False'
[3.020s] Level 5:colcon.colcon_core.verb:set package 'mpc' build argument 'cmake_clean_first' from command line to 'False'
[3.020s] Level 5:colcon.colcon_core.verb:set package 'mpc' build argument 'cmake_force_configure' from command line to 'False'
[3.020s] Level 5:colcon.colcon_core.verb:set package 'mpc' build argument 'ament_cmake_args' from command line to 'None'
[3.020s] Level 5:colcon.colcon_core.verb:set package 'mpc' build argument 'catkin_cmake_args' from command line to 'None'
[3.020s] Level 5:colcon.colcon_core.verb:set package 'mpc' build argument 'catkin_skip_building_tests' from command line to 'False'
[3.020s] DEBUG:colcon.colcon_core.verb:Building package 'mpc' with the following arguments: {'ament_cmake_args': None, 'build_base': '/home/william/sim_ws/build/mpc', 'catkin_cmake_args': None, 'catkin_skip_building_tests': False, 'cmake_args': None, 'cmake_clean_cache': False, 'cmake_clean_first': False, 'cmake_force_configure': False, 'cmake_target': None, 'cmake_target_skip_unavailable': False, 'install_base': '/home/william/sim_ws/install/mpc', 'merge_install': False, 'path': '/home/william/sim_ws/src/f1tenth_mpc-main/mpc', 'symlink_install': False, 'test_result_base': None}
[3.031s] Level 5:colcon.colcon_core.verb:set package 'particle_filter' build argument 'cmake_args' from command line to 'None'
[3.031s] Level 5:colcon.colcon_core.verb:set package 'particle_filter' build argument 'cmake_target' from command line to 'None'
[3.031s] Level 5:colcon.colcon_core.verb:set package 'particle_filter' build argument 'cmake_target_skip_unavailable' from command line to 'False'
[3.031s] Level 5:colcon.colcon_core.verb:set package 'particle_filter' build argument 'cmake_clean_cache' from command line to 'False'
[3.031s] Level 5:colcon.colcon_core.verb:set package 'particle_filter' build argument 'cmake_clean_first' from command line to 'False'
[3.031s] Level 5:colcon.colcon_core.verb:set package 'particle_filter' build argument 'cmake_force_configure' from command line to 'False'
[3.031s] Level 5:colcon.colcon_core.verb:set package 'particle_filter' build argument 'ament_cmake_args' from command line to 'None'
[3.031s] Level 5:colcon.colcon_core.verb:set package 'particle_filter' build argument 'catkin_cmake_args' from command line to 'None'
[3.032s] Level 5:colcon.colcon_core.verb:set package 'particle_filter' build argument 'catkin_skip_building_tests' from command line to 'False'
[3.032s] DEBUG:colcon.colcon_core.verb:Building package 'particle_filter' with the following arguments: {'ament_cmake_args': None, 'build_base': '/home/william/sim_ws/build/particle_filter', 'catkin_cmake_args': None, 'catkin_skip_building_tests': False, 'cmake_args': None, 'cmake_clean_cache': False, 'cmake_clean_first': False, 'cmake_force_configure': False, 'cmake_target': None, 'cmake_target_skip_unavailable': False, 'install_base': '/home/william/sim_ws/install/particle_filter', 'merge_install': False, 'path': '/home/william/sim_ws/src/particle_filter', 'symlink_install': False, 'test_result_base': None}
[3.043s] Level 5:colcon.colcon_core.verb:set package 'range_lib' build argument 'cmake_args' from command line to 'None'
[3.043s] Level 5:colcon.colcon_core.verb:set package 'range_lib' build argument 'cmake_target' from command line to 'None'
[3.043s] Level 5:colcon.colcon_core.verb:set package 'range_lib' build argument 'cmake_target_skip_unavailable' from command line to 'False'
[3.043s] Level 5:colcon.colcon_core.verb:set package 'range_lib' build argument 'cmake_clean_cache' from command line to 'False'
[3.043s] Level 5:colcon.colcon_core.verb:set package 'range_lib' build argument 'cmake_clean_first' from command line to 'False'
[3.043s] Level 5:colcon.colcon_core.verb:set package 'range_lib' build argument 'cmake_force_configure' from command line to 'False'
[3.043s] Level 5:colcon.colcon_core.verb:set package 'range_lib' build argument 'ament_cmake_args' from command line to 'None'
[3.043s] Level 5:colcon.colcon_core.verb:set package 'range_lib' build argument 'catkin_cmake_args' from command line to 'None'
[3.043s] Level 5:colcon.colcon_core.verb:set package 'range_lib' build argument 'catkin_skip_building_tests' from command line to 'False'
[3.043s] DEBUG:colcon.colcon_core.verb:Building package 'range_lib' with the following arguments: {'ament_cmake_args': None, 'build_base': '/home/william/sim_ws/build/range_lib', 'catkin_cmake_args': None, 'catkin_skip_building_tests': False, 'cmake_args': None, 'cmake_clean_cache': False, 'cmake_clean_first': False, 'cmake_force_configure': False, 'cmake_target': None, 'cmake_target_skip_unavailable': False, 'install_base': '/home/william/sim_ws/install/range_lib', 'merge_install': False, 'path': '/home/william/sim_ws/src/range_libc', 'symlink_install': False, 'test_result_base': None}
[3.055s] Level 5:colcon.colcon_core.verb:set package 'pure_pursuit' build argument 'cmake_args' from command line to 'None'
[3.055s] Level 5:colcon.colcon_core.verb:set package 'pure_pursuit' build argument 'cmake_target' from command line to 'None'
[3.055s] Level 5:colcon.colcon_core.verb:set package 'pure_pursuit' build argument 'cmake_target_skip_unavailable' from command line to 'False'
[3.055s] Level 5:colcon.colcon_core.verb:set package 'pure_pursuit' build argument 'cmake_clean_cache' from command line to 'False'
[3.055s] Level 5:colcon.colcon_core.verb:set package 'pure_pursuit' build argument 'cmake_clean_first' from command line to 'False'
[3.055s] Level 5:colcon.colcon_core.verb:set package 'pure_pursuit' build argument 'cmake_force_configure' from command line to 'False'
[3.055s] Level 5:colcon.colcon_core.verb:set package 'pure_pursuit' build argument 'ament_cmake_args' from command line to 'None'
[3.055s] Level 5:colcon.colcon_core.verb:set package 'pure_pursuit' build argument 'catkin_cmake_args' from command line to 'None'
[3.055s] Level 5:colcon.colcon_core.verb:set package 'pure_pursuit' build argument 'catkin_skip_building_tests' from command line to 'False'
[3.055s] DEBUG:colcon.colcon_core.verb:Building package 'pure_pursuit' with the following arguments: {'ament_cmake_args': None, 'build_base': '/home/william/sim_ws/build/pure_pursuit', 'catkin_cmake_args': None, 'catkin_skip_building_tests': False, 'cmake_args': None, 'cmake_clean_cache': False, 'cmake_clean_first': False, 'cmake_force_configure': False, 'cmake_target': None, 'cmake_target_skip_unavailable': False, 'install_base': '/home/william/sim_ws/install/pure_pursuit', 'merge_install': False, 'path': '/home/william/sim_ws/src/f1tenth_slam_pure_pursuit-main/pure_pursuit', 'symlink_install': False, 'test_result_base': None}
[3.066s] INFO:colcon.colcon_core.executor:Executing jobs using 'parallel' executor
[3.078s] DEBUG:colcon.colcon_parallel_executor.executor.parallel:run_until_complete
[3.079s] INFO:colcon.colcon_ros.task.ament_cmake.build:Building ROS package in '/home/william/sim_ws/src/f1tenth_interfaces-main' with build type 'ament_cmake'
[3.079s] INFO:colcon.colcon_cmake.task.cmake.build:Building CMake package in '/home/william/sim_ws/src/f1tenth_interfaces-main'
[3.092s] INFO:colcon.colcon_core.plugin_system:Skipping extension 'colcon_core.shell.bat': Not used on non-Windows systems
[3.092s] INFO:colcon.colcon_core.shell:Skip shell extension 'powershell' for command environment: Not usable outside of PowerShell
[3.093s] DEBUG:colcon.colcon_core.shell:Skip shell extension 'dsv' for command environment
[3.132s] INFO:colcon.colcon_ros.task.ament_python.build:Building ROS package in '/home/william/sim_ws/src/f1tenth_gym_ros' with build type 'ament_python'
[3.133s] Level 1:colcon.colcon_core.shell:create_environment_hook('f1tenth_gym_ros', 'ament_prefix_path')
[3.146s] INFO:colcon.colcon_core.shell:Creating environment hook '/home/william/sim_ws/install/f1tenth_gym_ros/share/f1tenth_gym_ros/hook/ament_prefix_path.ps1'
[3.147s] INFO:colcon.colcon_core.shell:Creating environment descriptor '/home/william/sim_ws/install/f1tenth_gym_ros/share/f1tenth_gym_ros/hook/ament_prefix_path.dsv'
[3.148s] INFO:colcon.colcon_core.shell:Creating environment hook '/home/william/sim_ws/install/f1tenth_gym_ros/share/f1tenth_gym_ros/hook/ament_prefix_path.sh'
[3.160s] INFO:colcon.colcon_core.shell:Skip shell extension 'powershell' for command environment: Not usable outside of PowerShell
[3.160s] DEBUG:colcon.colcon_core.shell:Skip shell extension 'dsv' for command environment
[3.200s] INFO:colcon.colcon_ros.task.ament_cmake.build:Building ROS package in '/home/william/sim_ws/src/f1tenth_mpc-main/mpc' with build type 'ament_cmake'
[3.200s] INFO:colcon.colcon_cmake.task.cmake.build:Building CMake package in '/home/william/sim_ws/src/f1tenth_mpc-main/mpc'
[3.215s] INFO:colcon.colcon_core.shell:Skip shell extension 'powershell' for command environment: Not usable outside of PowerShell
[3.215s] DEBUG:colcon.colcon_core.shell:Skip shell extension 'dsv' for command environment
[3.256s] INFO:colcon.colcon_ros.task.ament_python.build:Building ROS package in '/home/william/sim_ws/src/particle_filter' with build type 'ament_python'
[3.257s] Level 1:colcon.colcon_core.shell:create_environment_hook('particle_filter', 'ament_prefix_path')
[3.274s] INFO:colcon.colcon_core.shell:Creating environment hook '/home/william/sim_ws/install/particle_filter/share/particle_filter/hook/ament_prefix_path.ps1'
[3.275s] INFO:colcon.colcon_core.shell:Creating environment descriptor '/home/william/sim_ws/install/particle_filter/share/particle_filter/hook/ament_prefix_path.dsv'
[3.275s] INFO:colcon.colcon_core.shell:Creating environment hook '/home/william/sim_ws/install/particle_filter/share/particle_filter/hook/ament_prefix_path.sh'
[3.291s] INFO:colcon.colcon_core.shell:Skip shell extension 'powershell' for command environment: Not usable outside of PowerShell
[3.291s] DEBUG:colcon.colcon_core.shell:Skip shell extension 'dsv' for command environment
[3.332s] INFO:colcon.colcon_cmake.task.cmake.build:Building CMake package in '/home/william/sim_ws/src/range_libc'
[3.346s] INFO:colcon.colcon_core.shell:Skip shell extension 'powershell' for command environment: Not usable outside of PowerShell
[3.346s] DEBUG:colcon.colcon_core.shell:Skip shell extension 'dsv' for command environment
[3.394s] DEBUG:colcon.colcon_core.event_handler.log_command:Invoking command in '/home/william/sim_ws/build/interfaces_hot_wheels': CMAKE_PREFIX_PATH=${CMAKE_PREFIX_PATH}:/home/william/sim_ws/install/particle_filter:/home/william/sim_ws/install/f1tenth_gym_ros:/opt/ros/foxy /usr/bin/cmake --build /home/william/sim_ws/build/interfaces_hot_wheels -- -j8 -l8
[3.612s] INFO:colcon.colcon_core.task.python.build:Building Python package in '/home/william/sim_ws/src/f1tenth_gym_ros'
[3.625s] INFO:colcon.colcon_core.shell:Skip shell extension 'powershell' for command environment: Not usable outside of PowerShell
[3.625s] DEBUG:colcon.colcon_core.shell:Skip shell extension 'dsv' for command environment
[3.670s] DEBUG:colcon.colcon_core.event_handler.log_command:Invoking command in '/home/william/sim_ws/build/mpc': CMAKE_PREFIX_PATH=${CMAKE_PREFIX_PATH}:/home/william/sim_ws/install/particle_filter:/home/william/sim_ws/install/f1tenth_gym_ros:/opt/ros/foxy /usr/bin/cmake --build /home/william/sim_ws/build/mpc -- -j8 -l8
[3.862s] INFO:colcon.colcon_core.task.python.build:Building Python package in '/home/william/sim_ws/src/particle_filter'
[3.874s] INFO:colcon.colcon_core.shell:Skip shell extension 'powershell' for command environment: Not usable outside of PowerShell
[3.874s] DEBUG:colcon.colcon_core.shell:Skip shell extension 'dsv' for command environment
[3.922s] DEBUG:colcon.colcon_core.event_handler.log_command:Invoking command in '/home/william/sim_ws/build/range_lib': /usr/bin/cmake --build /home/william/sim_ws/build/range_lib -- -j8 -l8
[3.935s] DEBUG:colcon.colcon_core.event_handler.log_command:Invoked command in '/home/william/sim_ws/build/interfaces_hot_wheels' returned '0': CMAKE_PREFIX_PATH=${CMAKE_PREFIX_PATH}:/home/william/sim_ws/install/particle_filter:/home/william/sim_ws/install/f1tenth_gym_ros:/opt/ros/foxy /usr/bin/cmake --build /home/william/sim_ws/build/interfaces_hot_wheels -- -j8 -l8
[3.936s] DEBUG:colcon.colcon_core.event_handler.log_command:Invoked command in '/home/william/sim_ws/build/mpc' returned '0': CMAKE_PREFIX_PATH=${CMAKE_PREFIX_PATH}:/home/william/sim_ws/install/particle_filter:/home/william/sim_ws/install/f1tenth_gym_ros:/opt/ros/foxy /usr/bin/cmake --build /home/william/sim_ws/build/mpc -- -j8 -l8
[3.970s] DEBUG:colcon.colcon_core.event_handler.log_command:Invoking command in '/home/william/sim_ws/build/mpc': CMAKE_PREFIX_PATH=${CMAKE_PREFIX_PATH}:/home/william/sim_ws/install/particle_filter:/home/william/sim_ws/install/f1tenth_gym_ros:/opt/ros/foxy /usr/bin/cmake --install /home/william/sim_ws/build/mpc
[3.983s] DEBUG:colcon.colcon_core.event_handler.log_command:Invoking command in '/home/william/sim_ws/build/interfaces_hot_wheels': CMAKE_PREFIX_PATH=${CMAKE_PREFIX_PATH}:/home/william/sim_ws/install/particle_filter:/home/william/sim_ws/install/f1tenth_gym_ros:/opt/ros/foxy /usr/bin/cmake --install /home/william/sim_ws/build/interfaces_hot_wheels
[4.021s] DEBUG:colcon.colcon_core.event_handler.log_command:Invoked command in '/home/william/sim_ws/build/range_lib' returned '0': /usr/bin/cmake --build /home/william/sim_ws/build/range_lib -- -j8 -l8
[4.038s] Level 1:colcon.colcon_core.environment:create_environment_scripts_only(mpc)
[4.052s] DEBUG:colcon.colcon_core.event_handler.log_command:Invoked command in '/home/william/sim_ws/build/mpc' returned '0': CMAKE_PREFIX_PATH=${CMAKE_PREFIX_PATH}:/home/william/sim_ws/install/particle_filter:/home/william/sim_ws/install/f1tenth_gym_ros:/opt/ros/foxy /usr/bin/cmake --install /home/william/sim_ws/build/mpc
[4.078s] Level 1:colcon.colcon_core.environment:checking '/home/william/sim_ws/install/mpc' for CMake module files
[4.078s] Level 1:colcon.colcon_core.environment:checking '/home/william/sim_ws/install/mpc' for CMake config files
[4.079s] Level 1:colcon.colcon_core.shell:create_environment_hook('mpc', 'cmake_prefix_path')
[4.094s] INFO:colcon.colcon_core.shell:Creating environment hook '/home/william/sim_ws/install/mpc/share/mpc/hook/cmake_prefix_path.ps1'
[4.094s] INFO:colcon.colcon_core.shell:Creating environment descriptor '/home/william/sim_ws/install/mpc/share/mpc/hook/cmake_prefix_path.dsv'
[4.094s] INFO:colcon.colcon_core.shell:Creating environment hook '/home/william/sim_ws/install/mpc/share/mpc/hook/cmake_prefix_path.sh'
[4.095s] Level 1:colcon.colcon_core.environment:checking '/home/william/sim_ws/install/mpc/lib'
[4.095s] Level 1:colcon.colcon_core.environment:checking '/home/william/sim_ws/install/mpc/bin'
[4.095s] Level 1:colcon.colcon_core.environment:checking '/home/william/sim_ws/install/mpc/lib/pkgconfig/mpc.pc'
[4.096s] Level 1:colcon.colcon_core.environment:checking '/home/william/sim_ws/install/mpc/lib/python3.8/site-packages'
[4.096s] Level 1:colcon.colcon_core.shell:create_environment_hook('mpc', 'pythonpath')
[4.108s] INFO:colcon.colcon_core.shell:Creating environment hook '/home/william/sim_ws/install/mpc/share/mpc/hook/pythonpath.ps1'
[4.108s] INFO:colcon.colcon_core.shell:Creating environment descriptor '/home/william/sim_ws/install/mpc/share/mpc/hook/pythonpath.dsv'
[4.108s] INFO:colcon.colcon_core.shell:Creating environment hook '/home/william/sim_ws/install/mpc/share/mpc/hook/pythonpath.sh'
[4.109s] Level 1:colcon.colcon_core.environment:checking '/home/william/sim_ws/install/mpc/bin'
[4.122s] INFO:colcon.colcon_core.shell:Creating package script '/home/william/sim_ws/install/mpc/share/mpc/package.ps1'
[4.122s] INFO:colcon.colcon_core.shell:Creating package descriptor '/home/william/sim_ws/install/mpc/share/mpc/package.dsv'
[4.123s] INFO:colcon.colcon_core.shell:Creating package script '/home/william/sim_ws/install/mpc/share/mpc/package.sh'
[4.124s] INFO:colcon.colcon_core.shell:Creating package script '/home/william/sim_ws/install/mpc/share/mpc/package.bash'
[4.124s] INFO:colcon.colcon_core.shell:Creating package script '/home/william/sim_ws/install/mpc/share/mpc/package.zsh'
[4.125s] Level 1:colcon.colcon_core.environment:create_file_with_runtime_dependencies(/home/william/sim_ws/install/mpc/share/colcon-core/packages/mpc)
[4.132s] DEBUG:colcon.colcon_core.event_handler.log_command:Invoking command in '/home/william/sim_ws/build/range_lib': /usr/bin/cmake --install /home/william/sim_ws/build/range_lib
[4.134s] Level 1:colcon.colcon_core.environment:create_environment_scripts_only(interfaces_hot_wheels)
[4.135s] DEBUG:colcon.colcon_core.event_handler.log_command:Invoked command in '/home/william/sim_ws/build/interfaces_hot_wheels' returned '0': CMAKE_PREFIX_PATH=${CMAKE_PREFIX_PATH}:/home/william/sim_ws/install/particle_filter:/home/william/sim_ws/install/f1tenth_gym_ros:/opt/ros/foxy /usr/bin/cmake --install /home/william/sim_ws/build/interfaces_hot_wheels
[4.162s] Level 1:colcon.colcon_core.environment:checking '/home/william/sim_ws/install/interfaces_hot_wheels' for CMake module files
[4.163s] Level 1:colcon.colcon_core.environment:checking '/home/william/sim_ws/install/interfaces_hot_wheels' for CMake config files
[4.164s] Level 1:colcon.colcon_core.shell:create_environment_hook('interfaces_hot_wheels', 'cmake_prefix_path')
[4.178s] INFO:colcon.colcon_core.shell:Creating environment hook '/home/william/sim_ws/install/interfaces_hot_wheels/share/interfaces_hot_wheels/hook/cmake_prefix_path.ps1'
[4.179s] INFO:colcon.colcon_core.shell:Creating environment descriptor '/home/william/sim_ws/install/interfaces_hot_wheels/share/interfaces_hot_wheels/hook/cmake_prefix_path.dsv'
[4.179s] INFO:colcon.colcon_core.shell:Creating environment hook '/home/william/sim_ws/install/interfaces_hot_wheels/share/interfaces_hot_wheels/hook/cmake_prefix_path.sh'
[4.180s] Level 1:colcon.colcon_core.environment:checking '/home/william/sim_ws/install/interfaces_hot_wheels/lib'
[4.180s] Level 1:colcon.colcon_core.shell:create_environment_hook('interfaces_hot_wheels', 'ld_library_path_lib')
[4.192s] INFO:colcon.colcon_core.shell:Creating environment hook '/home/william/sim_ws/install/interfaces_hot_wheels/share/interfaces_hot_wheels/hook/ld_library_path_lib.ps1'
[4.192s] INFO:colcon.colcon_core.shell:Creating environment descriptor '/home/william/sim_ws/install/interfaces_hot_wheels/share/interfaces_hot_wheels/hook/ld_library_path_lib.dsv'
[4.193s] INFO:colcon.colcon_core.shell:Creating environment hook '/home/william/sim_ws/install/interfaces_hot_wheels/share/interfaces_hot_wheels/hook/ld_library_path_lib.sh'
[4.193s] Level 1:colcon.colcon_core.environment:checking '/home/william/sim_ws/install/interfaces_hot_wheels/bin'
[4.193s] Level 1:colcon.colcon_core.environment:checking '/home/william/sim_ws/install/interfaces_hot_wheels/lib/pkgconfig/interfaces_hot_wheels.pc'
[4.193s] Level 1:colcon.colcon_core.environment:checking '/home/william/sim_ws/install/interfaces_hot_wheels/lib/python3.8/site-packages'
[4.193s] Level 1:colcon.colcon_core.shell:create_environment_hook('interfaces_hot_wheels', 'pythonpath')
[4.205s] INFO:colcon.colcon_core.shell:Creating environment hook '/home/william/sim_ws/install/interfaces_hot_wheels/share/interfaces_hot_wheels/hook/pythonpath.ps1'
[4.205s] INFO:colcon.colcon_core.shell:Creating environment descriptor '/home/william/sim_ws/install/interfaces_hot_wheels/share/interfaces_hot_wheels/hook/pythonpath.dsv'
[4.206s] INFO:colcon.colcon_core.shell:Creating environment hook '/home/william/sim_ws/install/interfaces_hot_wheels/share/interfaces_hot_wheels/hook/pythonpath.sh'
[4.206s] Level 1:colcon.colcon_core.environment:checking '/home/william/sim_ws/install/interfaces_hot_wheels/bin'
[4.218s] INFO:colcon.colcon_core.shell:Creating package script '/home/william/sim_ws/install/interfaces_hot_wheels/share/interfaces_hot_wheels/package.ps1'
[4.219s] INFO:colcon.colcon_core.shell:Creating package descriptor '/home/william/sim_ws/install/interfaces_hot_wheels/share/interfaces_hot_wheels/package.dsv'
[4.219s] INFO:colcon.colcon_core.shell:Creating package script '/home/william/sim_ws/install/interfaces_hot_wheels/share/interfaces_hot_wheels/package.sh'
[4.220s] INFO:colcon.colcon_core.shell:Creating package script '/home/william/sim_ws/install/interfaces_hot_wheels/share/interfaces_hot_wheels/package.bash'
[4.220s] INFO:colcon.colcon_core.shell:Creating package script '/home/william/sim_ws/install/interfaces_hot_wheels/share/interfaces_hot_wheels/package.zsh'
[4.220s] Level 1:colcon.colcon_core.environment:create_file_with_runtime_dependencies(/home/william/sim_ws/install/interfaces_hot_wheels/share/colcon-core/packages/interfaces_hot_wheels)
[4.237s] Level 1:colcon.colcon_core.environment:create_environment_scripts_only(mpc)
[4.249s] Level 1:colcon.colcon_core.environment:checking '/home/william/sim_ws/install/mpc' for CMake module files
[4.250s] Level 1:colcon.colcon_core.environment:checking '/home/william/sim_ws/install/mpc' for CMake config files
[4.250s] Level 1:colcon.colcon_core.shell:create_environment_hook('mpc', 'cmake_prefix_path')
[4.278s] INFO:colcon.colcon_core.shell:Creating environment hook '/home/william/sim_ws/install/mpc/share/mpc/hook/cmake_prefix_path.ps1'
[4.278s] INFO:colcon.colcon_core.shell:Creating environment descriptor '/home/william/sim_ws/install/mpc/share/mpc/hook/cmake_prefix_path.dsv'
[4.278s] INFO:colcon.colcon_core.shell:Creating environment hook '/home/william/sim_ws/install/mpc/share/mpc/hook/cmake_prefix_path.sh'
[4.279s] Level 1:colcon.colcon_core.environment:checking '/home/william/sim_ws/install/mpc/lib'
[4.279s] Level 1:colcon.colcon_core.environment:checking '/home/william/sim_ws/install/mpc/bin'
[4.279s] Level 1:colcon.colcon_core.environment:checking '/home/william/sim_ws/install/mpc/lib/pkgconfig/mpc.pc'
[4.279s] Level 1:colcon.colcon_core.environment:checking '/home/william/sim_ws/install/mpc/lib/python3.8/site-packages'
[4.279s] Level 1:colcon.colcon_core.shell:create_environment_hook('mpc', 'pythonpath')
[4.292s] INFO:colcon.colcon_core.shell:Creating environment hook '/home/william/sim_ws/install/mpc/share/mpc/hook/pythonpath.ps1'
[4.292s] INFO:colcon.colcon_core.shell:Creating environment descriptor '/home/william/sim_ws/install/mpc/share/mpc/hook/pythonpath.dsv'
[4.292s] INFO:colcon.colcon_core.shell:Creating environment hook '/home/william/sim_ws/install/mpc/share/mpc/hook/pythonpath.sh'
[4.293s] Level 1:colcon.colcon_core.environment:checking '/home/william/sim_ws/install/mpc/bin'
[4.305s] INFO:colcon.colcon_core.shell:Creating package script '/home/william/sim_ws/install/mpc/share/mpc/package.ps1'
[4.305s] INFO:colcon.colcon_core.shell:Creating package descriptor '/home/william/sim_ws/install/mpc/share/mpc/package.dsv'
[4.306s] INFO:colcon.colcon_core.shell:Creating package script '/home/william/sim_ws/install/mpc/share/mpc/package.sh'
[4.306s] INFO:colcon.colcon_core.shell:Creating package script '/home/william/sim_ws/install/mpc/share/mpc/package.bash'
[4.306s] INFO:colcon.colcon_core.shell:Creating package script '/home/william/sim_ws/install/mpc/share/mpc/package.zsh'
[4.307s] Level 1:colcon.colcon_core.environment:create_file_with_runtime_dependencies(/home/william/sim_ws/install/mpc/share/colcon-core/packages/mpc)
[4.307s] Level 1:colcon.colcon_core.environment:create_environment_scripts_only(range_lib)
[4.308s] DEBUG:colcon.colcon_core.event_handler.log_command:Invoked command in '/home/william/sim_ws/build/range_lib' returned '0': /usr/bin/cmake --install /home/william/sim_ws/build/range_lib
[4.321s] Level 1:colcon.colcon_core.environment:checking '/home/william/sim_ws/install/range_lib' for CMake module files
[4.322s] Level 1:colcon.colcon_core.environment:checking '/home/william/sim_ws/install/range_lib' for CMake config files
[4.322s] Level 1:colcon.colcon_core.shell:create_environment_hook('range_lib', 'cmake_prefix_path')
[4.334s] INFO:colcon.colcon_core.shell:Creating environment hook '/home/william/sim_ws/install/range_lib/share/range_lib/hook/cmake_prefix_path.ps1'
[4.334s] INFO:colcon.colcon_core.shell:Creating environment descriptor '/home/william/sim_ws/install/range_lib/share/range_lib/hook/cmake_prefix_path.dsv'
[4.335s] INFO:colcon.colcon_core.shell:Creating environment hook '/home/william/sim_ws/install/range_lib/share/range_lib/hook/cmake_prefix_path.sh'
[4.335s] Level 1:colcon.colcon_core.environment:checking '/home/william/sim_ws/install/range_lib/lib'
[4.335s] Level 1:colcon.colcon_core.environment:checking '/home/william/sim_ws/install/range_lib/bin'
[4.335s] Level 1:colcon.colcon_core.shell:create_environment_hook('range_lib', 'path')
[4.347s] INFO:colcon.colcon_core.shell:Creating environment hook '/home/william/sim_ws/install/range_lib/share/range_lib/hook/path.ps1'
[4.348s] INFO:colcon.colcon_core.shell:Creating environment descriptor '/home/william/sim_ws/install/range_lib/share/range_lib/hook/path.dsv'
[4.348s] INFO:colcon.colcon_core.shell:Creating environment hook '/home/william/sim_ws/install/range_lib/share/range_lib/hook/path.sh'
[4.348s] Level 1:colcon.colcon_core.environment:checking '/home/william/sim_ws/install/range_lib/lib/pkgconfig/range_lib.pc'
[4.348s] Level 1:colcon.colcon_core.environment:checking '/home/william/sim_ws/install/range_lib/lib/python3.8/site-packages'
[4.348s] Level 1:colcon.colcon_core.environment:checking '/home/william/sim_ws/install/range_lib/bin'
[4.349s] Level 1:colcon.colcon_core.shell:create_environment_hook('range_lib', 'pythonscriptspath')
[4.361s] INFO:colcon.colcon_core.shell:Creating environment hook '/home/william/sim_ws/install/range_lib/share/range_lib/hook/pythonscriptspath.ps1'
[4.361s] INFO:colcon.colcon_core.shell:Creating environment descriptor '/home/william/sim_ws/install/range_lib/share/range_lib/hook/pythonscriptspath.dsv'
[4.361s] INFO:colcon.colcon_core.shell:Creating environment hook '/home/william/sim_ws/install/range_lib/share/range_lib/hook/pythonscriptspath.sh'
[4.374s] INFO:colcon.colcon_core.shell:Creating package script '/home/william/sim_ws/install/range_lib/share/range_lib/package.ps1'
[4.375s] INFO:colcon.colcon_core.shell:Creating package descriptor '/home/william/sim_ws/install/range_lib/share/range_lib/package.dsv'
[4.375s] INFO:colcon.colcon_core.shell:Creating package script '/home/william/sim_ws/install/range_lib/share/range_lib/package.sh'
[4.376s] INFO:colcon.colcon_core.shell:Creating package script '/home/william/sim_ws/install/range_lib/share/range_lib/package.bash'
[4.376s] INFO:colcon.colcon_core.shell:Creating package script '/home/william/sim_ws/install/range_lib/share/range_lib/package.zsh'
[4.376s] Level 1:colcon.colcon_core.environment:create_file_with_runtime_dependencies(/home/william/sim_ws/install/range_lib/share/colcon-core/packages/range_lib)
[4.399s] Level 1:colcon.colcon_core.environment:create_environment_scripts_only(interfaces_hot_wheels)
[4.413s] Level 1:colcon.colcon_core.environment:checking '/home/william/sim_ws/install/interfaces_hot_wheels' for CMake module files
[4.414s] Level 1:colcon.colcon_core.environment:checking '/home/william/sim_ws/install/interfaces_hot_wheels' for CMake config files
[4.414s] Level 1:colcon.colcon_core.shell:create_environment_hook('interfaces_hot_wheels', 'cmake_prefix_path')
[4.429s] INFO:colcon.colcon_core.shell:Creating environment hook '/home/william/sim_ws/install/interfaces_hot_wheels/share/interfaces_hot_wheels/hook/cmake_prefix_path.ps1'
[4.430s] INFO:colcon.colcon_core.shell:Creating environment descriptor '/home/william/sim_ws/install/interfaces_hot_wheels/share/interfaces_hot_wheels/hook/cmake_prefix_path.dsv'
[4.430s] INFO:colcon.colcon_core.shell:Creating environment hook '/home/william/sim_ws/install/interfaces_hot_wheels/share/interfaces_hot_wheels/hook/cmake_prefix_path.sh'
[4.431s] Level 1:colcon.colcon_core.environment:checking '/home/william/sim_ws/install/interfaces_hot_wheels/lib'
[4.431s] Level 1:colcon.colcon_core.shell:create_environment_hook('interfaces_hot_wheels', 'ld_library_path_lib')
[4.451s] INFO:colcon.colcon_core.shell:Creating environment hook '/home/william/sim_ws/install/interfaces_hot_wheels/share/interfaces_hot_wheels/hook/ld_library_path_lib.ps1'
[4.452s] INFO:colcon.colcon_core.shell:Creating environment descriptor '/home/william/sim_ws/install/interfaces_hot_wheels/share/interfaces_hot_wheels/hook/ld_library_path_lib.dsv'
[4.452s] INFO:colcon.colcon_core.shell:Creating environment hook '/home/william/sim_ws/install/interfaces_hot_wheels/share/interfaces_hot_wheels/hook/ld_library_path_lib.sh'
[4.452s] Level 1:colcon.colcon_core.environment:checking '/home/william/sim_ws/install/interfaces_hot_wheels/bin'
[4.453s] Level 1:colcon.colcon_core.environment:checking '/home/william/sim_ws/install/interfaces_hot_wheels/lib/pkgconfig/interfaces_hot_wheels.pc'
[4.453s] Level 1:colcon.colcon_core.environment:checking '/home/william/sim_ws/install/interfaces_hot_wheels/lib/python3.8/site-packages'
[4.453s] Level 1:colcon.colcon_core.shell:create_environment_hook('interfaces_hot_wheels', 'pythonpath')
[4.469s] INFO:colcon.colcon_core.shell:Creating environment hook '/home/william/sim_ws/install/interfaces_hot_wheels/share/interfaces_hot_wheels/hook/pythonpath.ps1'
[4.470s] INFO:colcon.colcon_core.shell:Creating environment descriptor '/home/william/sim_ws/install/interfaces_hot_wheels/share/interfaces_hot_wheels/hook/pythonpath.dsv'
[4.470s] INFO:colcon.colcon_core.shell:Creating environment hook '/home/william/sim_ws/install/interfaces_hot_wheels/share/interfaces_hot_wheels/hook/pythonpath.sh'
[4.470s] Level 1:colcon.colcon_core.environment:checking '/home/william/sim_ws/install/interfaces_hot_wheels/bin'
[4.482s] INFO:colcon.colcon_core.shell:Creating package script '/home/william/sim_ws/install/interfaces_hot_wheels/share/interfaces_hot_wheels/package.ps1'
[4.483s] INFO:colcon.colcon_core.shell:Creating package descriptor '/home/william/sim_ws/install/interfaces_hot_wheels/share/interfaces_hot_wheels/package.dsv'
[4.483s] INFO:colcon.colcon_core.shell:Creating package script '/home/william/sim_ws/install/interfaces_hot_wheels/share/interfaces_hot_wheels/package.sh'
[4.484s] INFO:colcon.colcon_core.shell:Creating package script '/home/william/sim_ws/install/interfaces_hot_wheels/share/interfaces_hot_wheels/package.bash'
[4.484s] INFO:colcon.colcon_core.shell:Creating package script '/home/william/sim_ws/install/interfaces_hot_wheels/share/interfaces_hot_wheels/package.zsh'
[4.484s] Level 1:colcon.colcon_core.environment:create_file_with_runtime_dependencies(/home/william/sim_ws/install/interfaces_hot_wheels/share/colcon-core/packages/interfaces_hot_wheels)
[4.485s] INFO:colcon.colcon_ros.task.ament_cmake.build:Building ROS package in '/home/william/sim_ws/src/f1tenth_slam_pure_pursuit-main/pure_pursuit' with build type 'ament_cmake'
[4.485s] INFO:colcon.colcon_cmake.task.cmake.build:Building CMake package in '/home/william/sim_ws/src/f1tenth_slam_pure_pursuit-main/pure_pursuit'
[4.498s] INFO:colcon.colcon_core.shell:Skip shell extension 'powershell' for command environment: Not usable outside of PowerShell
[4.498s] DEBUG:colcon.colcon_core.shell:Skip shell extension 'dsv' for command environment
[4.551s] DEBUG:colcon.colcon_core.event_handler.log_command:Invoking command in '/home/william/sim_ws/build/pure_pursuit': CMAKE_PREFIX_PATH=/home/william/sim_ws/install/interfaces_hot_wheels:/home/william/sim_ws/install/range_lib:/home/william/sim_ws/install/pure_pursuit:/home/william/sim_ws/install/mpc:/home/william/sim_ws/install/particle_filter:/home/william/sim_ws/install/f1tenth_gym_ros:/opt/ros/foxy PYTHONPATH=/home/william/sim_ws/install/interfaces_hot_wheels/lib/python3.8/site-packages:/home/william/sim_ws/install/pure_pursuit/lib/python3.8/site-packages:/home/william/sim_ws/install/particle_filter/lib/python3.8/site-packages:/home/william/sim_ws/install/mpc/lib/python3.8/site-packages:/home/william/sim_ws/install/f1tenth_gym_ros/lib/python3.8/site-packages:/opt/ros/foxy/lib/python3.8/site-packages:/home/william/dev_ws/src/my_yolo_package/my_yolo_package /usr/bin/cmake --build /home/william/sim_ws/build/pure_pursuit -- -j8 -l8
[4.658s] DEBUG:colcon.colcon_core.event_handler.log_command:Invoked command in '/home/william/sim_ws/build/pure_pursuit' returned '0': CMAKE_PREFIX_PATH=/home/william/sim_ws/install/interfaces_hot_wheels:/home/william/sim_ws/install/range_lib:/home/william/sim_ws/install/pure_pursuit:/home/william/sim_ws/install/mpc:/home/william/sim_ws/install/particle_filter:/home/william/sim_ws/install/f1tenth_gym_ros:/opt/ros/foxy PYTHONPATH=/home/william/sim_ws/install/interfaces_hot_wheels/lib/python3.8/site-packages:/home/william/sim_ws/install/pure_pursuit/lib/python3.8/site-packages:/home/william/sim_ws/install/particle_filter/lib/python3.8/site-packages:/home/william/sim_ws/install/mpc/lib/python3.8/site-packages:/home/william/sim_ws/install/f1tenth_gym_ros/lib/python3.8/site-packages:/opt/ros/foxy/lib/python3.8/site-packages:/home/william/dev_ws/src/my_yolo_package/my_yolo_package /usr/bin/cmake --build /home/william/sim_ws/build/pure_pursuit -- -j8 -l8
[4.683s] DEBUG:colcon.colcon_core.event_handler.log_command:Invoking command in '/home/william/sim_ws/src/particle_filter': PYTHONPATH=/home/william/sim_ws/build/particle_filter/prefix_override:/home/william/sim_ws/install/particle_filter/lib/python3.8/site-packages:${PYTHONPATH} /usr/bin/python3 setup.py egg_info --egg-base ../../build/particle_filter build --build-base /home/william/sim_ws/build/particle_filter/build install --record /home/william/sim_ws/build/particle_filter/install.log --single-version-externally-managed
[4.692s] DEBUG:colcon.colcon_core.event_handler.log_command:Invoking command in '/home/william/sim_ws/build/pure_pursuit': CMAKE_PREFIX_PATH=/home/william/sim_ws/install/interfaces_hot_wheels:/home/william/sim_ws/install/range_lib:/home/william/sim_ws/install/pure_pursuit:/home/william/sim_ws/install/mpc:/home/william/sim_ws/install/particle_filter:/home/william/sim_ws/install/f1tenth_gym_ros:/opt/ros/foxy PYTHONPATH=/home/william/sim_ws/install/interfaces_hot_wheels/lib/python3.8/site-packages:/home/william/sim_ws/install/pure_pursuit/lib/python3.8/site-packages:/home/william/sim_ws/install/particle_filter/lib/python3.8/site-packages:/home/william/sim_ws/install/mpc/lib/python3.8/site-packages:/home/william/sim_ws/install/f1tenth_gym_ros/lib/python3.8/site-packages:/opt/ros/foxy/lib/python3.8/site-packages:/home/william/dev_ws/src/my_yolo_package/my_yolo_package /usr/bin/cmake --install /home/william/sim_ws/build/pure_pursuit
[4.742s] Level 1:colcon.colcon_core.environment:create_environment_scripts_only(pure_pursuit)
[4.750s] DEBUG:colcon.colcon_core.event_handler.log_command:Invoked command in '/home/william/sim_ws/build/pure_pursuit' returned '0': CMAKE_PREFIX_PATH=/home/william/sim_ws/install/interfaces_hot_wheels:/home/william/sim_ws/install/range_lib:/home/william/sim_ws/install/pure_pursuit:/home/william/sim_ws/install/mpc:/home/william/sim_ws/install/particle_filter:/home/william/sim_ws/install/f1tenth_gym_ros:/opt/ros/foxy PYTHONPATH=/home/william/sim_ws/install/interfaces_hot_wheels/lib/python3.8/site-packages:/home/william/sim_ws/install/pure_pursuit/lib/python3.8/site-packages:/home/william/sim_ws/install/particle_filter/lib/python3.8/site-packages:/home/william/sim_ws/install/mpc/lib/python3.8/site-packages:/home/william/sim_ws/install/f1tenth_gym_ros/lib/python3.8/site-packages:/opt/ros/foxy/lib/python3.8/site-packages:/home/william/dev_ws/src/my_yolo_package/my_yolo_package /usr/bin/cmake --install /home/william/sim_ws/build/pure_pursuit
[4.763s] Level 1:colcon.colcon_core.environment:checking '/home/william/sim_ws/install/pure_pursuit' for CMake module files
[4.763s] Level 1:colcon.colcon_core.environment:checking '/home/william/sim_ws/install/pure_pursuit' for CMake config files
[4.764s] Level 1:colcon.colcon_core.shell:create_environment_hook('pure_pursuit', 'cmake_prefix_path')
[4.776s] INFO:colcon.colcon_core.shell:Creating environment hook '/home/william/sim_ws/install/pure_pursuit/share/pure_pursuit/hook/cmake_prefix_path.ps1'
[4.777s] INFO:colcon.colcon_core.shell:Creating environment descriptor '/home/william/sim_ws/install/pure_pursuit/share/pure_pursuit/hook/cmake_prefix_path.dsv'
[4.777s] INFO:colcon.colcon_core.shell:Creating environment hook '/home/william/sim_ws/install/pure_pursuit/share/pure_pursuit/hook/cmake_prefix_path.sh'
[4.778s] Level 1:colcon.colcon_core.environment:checking '/home/william/sim_ws/install/pure_pursuit/lib'
[4.778s] Level 1:colcon.colcon_core.environment:checking '/home/william/sim_ws/install/pure_pursuit/bin'
[4.778s] Level 1:colcon.colcon_core.environment:checking '/home/william/sim_ws/install/pure_pursuit/lib/pkgconfig/pure_pursuit.pc'
[4.778s] Level 1:colcon.colcon_core.environment:checking '/home/william/sim_ws/install/pure_pursuit/lib/python3.8/site-packages'
[4.778s] Level 1:colcon.colcon_core.shell:create_environment_hook('pure_pursuit', 'pythonpath')
[4.791s] INFO:colcon.colcon_core.shell:Creating environment hook '/home/william/sim_ws/install/pure_pursuit/share/pure_pursuit/hook/pythonpath.ps1'
[4.792s] INFO:colcon.colcon_core.shell:Creating environment descriptor '/home/william/sim_ws/install/pure_pursuit/share/pure_pursuit/hook/pythonpath.dsv'
[4.792s] INFO:colcon.colcon_core.shell:Creating environment hook '/home/william/sim_ws/install/pure_pursuit/share/pure_pursuit/hook/pythonpath.sh'
[4.792s] Level 1:colcon.colcon_core.environment:checking '/home/william/sim_ws/install/pure_pursuit/bin'
[4.811s] INFO:colcon.colcon_core.shell:Creating package script '/home/william/sim_ws/install/pure_pursuit/share/pure_pursuit/package.ps1'
[4.812s] INFO:colcon.colcon_core.shell:Creating package descriptor '/home/william/sim_ws/install/pure_pursuit/share/pure_pursuit/package.dsv'
[4.813s] INFO:colcon.colcon_core.shell:Creating package script '/home/william/sim_ws/install/pure_pursuit/share/pure_pursuit/package.sh'
[4.814s] INFO:colcon.colcon_core.shell:Creating package script '/home/william/sim_ws/install/pure_pursuit/share/pure_pursuit/package.bash'
[4.815s] INFO:colcon.colcon_core.shell:Creating package script '/home/william/sim_ws/install/pure_pursuit/share/pure_pursuit/package.zsh'
[4.815s] Level 1:colcon.colcon_core.environment:create_file_with_runtime_dependencies(/home/william/sim_ws/install/pure_pursuit/share/colcon-core/packages/pure_pursuit)
[4.829s] DEBUG:colcon.colcon_core.event_handler.log_command:Invoking command in '/home/william/sim_ws/src/f1tenth_gym_ros': PYTHONPATH=/home/william/sim_ws/build/f1tenth_gym_ros/prefix_override:/home/william/sim_ws/install/f1tenth_gym_ros/lib/python3.8/site-packages:${PYTHONPATH} /usr/bin/python3 setup.py egg_info --egg-base ../../build/f1tenth_gym_ros build --build-base /home/william/sim_ws/build/f1tenth_gym_ros/build install --record /home/william/sim_ws/build/f1tenth_gym_ros/install.log --single-version-externally-managed
[4.876s] Level 1:colcon.colcon_core.environment:create_environment_scripts_only(pure_pursuit)
[4.899s] Level 1:colcon.colcon_core.environment:checking '/home/william/sim_ws/install/pure_pursuit' for CMake module files
[4.900s] Level 1:colcon.colcon_core.environment:checking '/home/william/sim_ws/install/pure_pursuit' for CMake config files
[4.901s] Level 1:colcon.colcon_core.shell:create_environment_hook('pure_pursuit', 'cmake_prefix_path')
[4.927s] INFO:colcon.colcon_core.shell:Creating environment hook '/home/william/sim_ws/install/pure_pursuit/share/pure_pursuit/hook/cmake_prefix_path.ps1'
[4.927s] INFO:colcon.colcon_core.shell:Creating environment descriptor '/home/william/sim_ws/install/pure_pursuit/share/pure_pursuit/hook/cmake_prefix_path.dsv'
[4.928s] INFO:colcon.colcon_core.shell:Creating environment hook '/home/william/sim_ws/install/pure_pursuit/share/pure_pursuit/hook/cmake_prefix_path.sh'
[4.929s] Level 1:colcon.colcon_core.environment:checking '/home/william/sim_ws/install/pure_pursuit/lib'
[4.929s] Level 1:colcon.colcon_core.environment:checking '/home/william/sim_ws/install/pure_pursuit/bin'
[4.929s] Level 1:colcon.colcon_core.environment:checking '/home/william/sim_ws/install/pure_pursuit/lib/pkgconfig/pure_pursuit.pc'
[4.929s] Level 1:colcon.colcon_core.environment:checking '/home/william/sim_ws/install/pure_pursuit/lib/python3.8/site-packages'
[4.929s] Level 1:colcon.colcon_core.shell:create_environment_hook('pure_pursuit', 'pythonpath')
[4.954s] INFO:colcon.colcon_core.shell:Creating environment hook '/home/william/sim_ws/install/pure_pursuit/share/pure_pursuit/hook/pythonpath.ps1'
[4.955s] INFO:colcon.colcon_core.shell:Creating environment descriptor '/home/william/sim_ws/install/pure_pursuit/share/pure_pursuit/hook/pythonpath.dsv'
[4.955s] INFO:colcon.colcon_core.shell:Creating environment hook '/home/william/sim_ws/install/pure_pursuit/share/pure_pursuit/hook/pythonpath.sh'
[4.956s] Level 1:colcon.colcon_core.environment:checking '/home/william/sim_ws/install/pure_pursuit/bin'
[4.980s] INFO:colcon.colcon_core.shell:Creating package script '/home/william/sim_ws/install/pure_pursuit/share/pure_pursuit/package.ps1'
[4.981s] INFO:colcon.colcon_core.shell:Creating package descriptor '/home/william/sim_ws/install/pure_pursuit/share/pure_pursuit/package.dsv'
[4.982s] INFO:colcon.colcon_core.shell:Creating package script '/home/william/sim_ws/install/pure_pursuit/share/pure_pursuit/package.sh'
[4.983s] INFO:colcon.colcon_core.shell:Creating package script '/home/william/sim_ws/install/pure_pursuit/share/pure_pursuit/package.bash'
[4.983s] INFO:colcon.colcon_core.shell:Creating package script '/home/william/sim_ws/install/pure_pursuit/share/pure_pursuit/package.zsh'
[4.984s] Level 1:colcon.colcon_core.environment:create_file_with_runtime_dependencies(/home/william/sim_ws/install/pure_pursuit/share/colcon-core/packages/pure_pursuit)
[5.349s] DEBUG:colcon.colcon_core.event_handler.log_command:Invoked command in '/home/william/sim_ws/src/particle_filter' returned '0': PYTHONPATH=/home/william/sim_ws/build/particle_filter/prefix_override:/home/william/sim_ws/install/particle_filter/lib/python3.8/site-packages:${PYTHONPATH} /usr/bin/python3 setup.py egg_info --egg-base ../../build/particle_filter build --build-base /home/william/sim_ws/build/particle_filter/build install --record /home/william/sim_ws/build/particle_filter/install.log --single-version-externally-managed
[5.371s] Level 1:colcon.colcon_core.environment:checking '/home/william/sim_ws/install/particle_filter' for CMake module files
[5.372s] Level 1:colcon.colcon_core.environment:checking '/home/william/sim_ws/install/particle_filter' for CMake config files
[5.372s] Level 1:colcon.colcon_core.environment:checking '/home/william/sim_ws/install/particle_filter/lib'
[5.372s] Level 1:colcon.colcon_core.environment:checking '/home/william/sim_ws/install/particle_filter/bin'
[5.373s] Level 1:colcon.colcon_core.shell:create_environment_hook('particle_filter', 'path')
[5.387s] INFO:colcon.colcon_core.shell:Creating environment hook '/home/william/sim_ws/install/particle_filter/share/particle_filter/hook/path.ps1'
[5.387s] INFO:colcon.colcon_core.shell:Creating environment descriptor '/home/william/sim_ws/install/particle_filter/share/particle_filter/hook/path.dsv'
[5.388s] INFO:colcon.colcon_core.shell:Creating environment hook '/home/william/sim_ws/install/particle_filter/share/particle_filter/hook/path.sh'
[5.388s] Level 1:colcon.colcon_core.environment:checking '/home/william/sim_ws/install/particle_filter/lib/pkgconfig/particle_filter.pc'
[5.388s] Level 1:colcon.colcon_core.environment:checking '/home/william/sim_ws/install/particle_filter/lib/python3.8/site-packages'
[5.388s] Level 1:colcon.colcon_core.shell:create_environment_hook('particle_filter', 'pythonpath')
[5.409s] INFO:colcon.colcon_core.shell:Creating environment hook '/home/william/sim_ws/install/particle_filter/share/particle_filter/hook/pythonpath.ps1'
[5.409s] INFO:colcon.colcon_core.shell:Creating environment descriptor '/home/william/sim_ws/install/particle_filter/share/particle_filter/hook/pythonpath.dsv'
[5.409s] INFO:colcon.colcon_core.shell:Creating environment hook '/home/william/sim_ws/install/particle_filter/share/particle_filter/hook/pythonpath.sh'
[5.410s] Level 1:colcon.colcon_core.environment:checking '/home/william/sim_ws/install/particle_filter/bin'
[5.410s] Level 1:colcon.colcon_core.shell:create_environment_hook('particle_filter', 'pythonscriptspath')
[5.433s] INFO:colcon.colcon_core.shell:Creating environment hook '/home/william/sim_ws/install/particle_filter/share/particle_filter/hook/pythonscriptspath.ps1'
[5.434s] INFO:colcon.colcon_core.shell:Creating environment descriptor '/home/william/sim_ws/install/particle_filter/share/particle_filter/hook/pythonscriptspath.dsv'
[5.434s] INFO:colcon.colcon_core.shell:Creating environment hook '/home/william/sim_ws/install/particle_filter/share/particle_filter/hook/pythonscriptspath.sh'
[5.435s] Level 1:colcon.colcon_core.environment:create_environment_scripts_only(particle_filter)
[5.457s] INFO:colcon.colcon_core.shell:Creating package script '/home/william/sim_ws/install/particle_filter/share/particle_filter/package.ps1'
[5.457s] INFO:colcon.colcon_core.shell:Creating package descriptor '/home/william/sim_ws/install/particle_filter/share/particle_filter/package.dsv'
[5.458s] INFO:colcon.colcon_core.shell:Creating package script '/home/william/sim_ws/install/particle_filter/share/particle_filter/package.sh'
[5.459s] INFO:colcon.colcon_core.shell:Creating package script '/home/william/sim_ws/install/particle_filter/share/particle_filter/package.bash'
[5.459s] INFO:colcon.colcon_core.shell:Creating package script '/home/william/sim_ws/install/particle_filter/share/particle_filter/package.zsh'
[5.460s] Level 1:colcon.colcon_core.environment:create_file_with_runtime_dependencies(/home/william/sim_ws/install/particle_filter/share/colcon-core/packages/particle_filter)
[5.497s] DEBUG:colcon.colcon_core.event_handler.log_command:Invoked command in '/home/william/sim_ws/src/f1tenth_gym_ros' returned '0': PYTHONPATH=/home/william/sim_ws/build/f1tenth_gym_ros/prefix_override:/home/william/sim_ws/install/f1tenth_gym_ros/lib/python3.8/site-packages:${PYTHONPATH} /usr/bin/python3 setup.py egg_info --egg-base ../../build/f1tenth_gym_ros build --build-base /home/william/sim_ws/build/f1tenth_gym_ros/build install --record /home/william/sim_ws/build/f1tenth_gym_ros/install.log --single-version-externally-managed
[5.521s] Level 1:colcon.colcon_core.environment:checking '/home/william/sim_ws/install/f1tenth_gym_ros' for CMake module files
[5.522s] Level 1:colcon.colcon_core.environment:checking '/home/william/sim_ws/install/f1tenth_gym_ros' for CMake config files
[5.523s] Level 1:colcon.colcon_core.environment:checking '/home/william/sim_ws/install/f1tenth_gym_ros/lib'
[5.523s] Level 1:colcon.colcon_core.environment:checking '/home/william/sim_ws/install/f1tenth_gym_ros/bin'
[5.523s] Level 1:colcon.colcon_core.shell:create_environment_hook('f1tenth_gym_ros', 'path')
[5.547s] INFO:colcon.colcon_core.shell:Creating environment hook '/home/william/sim_ws/install/f1tenth_gym_ros/share/f1tenth_gym_ros/hook/path.ps1'
[5.547s] INFO:colcon.colcon_core.shell:Creating environment descriptor '/home/william/sim_ws/install/f1tenth_gym_ros/share/f1tenth_gym_ros/hook/path.dsv'
[5.548s] INFO:colcon.colcon_core.shell:Creating environment hook '/home/william/sim_ws/install/f1tenth_gym_ros/share/f1tenth_gym_ros/hook/path.sh'
[5.548s] Level 1:colcon.colcon_core.environment:checking '/home/william/sim_ws/install/f1tenth_gym_ros/lib/pkgconfig/f1tenth_gym_ros.pc'
[5.548s] Level 1:colcon.colcon_core.environment:checking '/home/william/sim_ws/install/f1tenth_gym_ros/lib/python3.8/site-packages'
[5.548s] Level 1:colcon.colcon_core.shell:create_environment_hook('f1tenth_gym_ros', 'pythonpath')
[5.572s] INFO:colcon.colcon_core.shell:Creating environment hook '/home/william/sim_ws/install/f1tenth_gym_ros/share/f1tenth_gym_ros/hook/pythonpath.ps1'
[5.573s] INFO:colcon.colcon_core.shell:Creating environment descriptor '/home/william/sim_ws/install/f1tenth_gym_ros/share/f1tenth_gym_ros/hook/pythonpath.dsv'
[5.573s] INFO:colcon.colcon_core.shell:Creating environment hook '/home/william/sim_ws/install/f1tenth_gym_ros/share/f1tenth_gym_ros/hook/pythonpath.sh'
[5.574s] Level 1:colcon.colcon_core.environment:checking '/home/william/sim_ws/install/f1tenth_gym_ros/bin'
[5.574s] Level 1:colcon.colcon_core.shell:create_environment_hook('f1tenth_gym_ros', 'pythonscriptspath')
[5.589s] INFO:colcon.colcon_core.shell:Creating environment hook '/home/william/sim_ws/install/f1tenth_gym_ros/share/f1tenth_gym_ros/hook/pythonscriptspath.ps1'
[5.589s] INFO:colcon.colcon_core.shell:Creating environment descriptor '/home/william/sim_ws/install/f1tenth_gym_ros/share/f1tenth_gym_ros/hook/pythonscriptspath.dsv'
[5.590s] INFO:colcon.colcon_core.shell:Creating environment hook '/home/william/sim_ws/install/f1tenth_gym_ros/share/f1tenth_gym_ros/hook/pythonscriptspath.sh'
[5.590s] Level 1:colcon.colcon_core.environment:create_environment_scripts_only(f1tenth_gym_ros)
[5.603s] INFO:colcon.colcon_core.shell:Creating package script '/home/william/sim_ws/install/f1tenth_gym_ros/share/f1tenth_gym_ros/package.ps1'
[5.603s] INFO:colcon.colcon_core.shell:Creating package descriptor '/home/william/sim_ws/install/f1tenth_gym_ros/share/f1tenth_gym_ros/package.dsv'
[5.604s] INFO:colcon.colcon_core.shell:Creating package script '/home/william/sim_ws/install/f1tenth_gym_ros/share/f1tenth_gym_ros/package.sh'
[5.604s] INFO:colcon.colcon_core.shell:Creating package script '/home/william/sim_ws/install/f1tenth_gym_ros/share/f1tenth_gym_ros/package.bash'
[5.605s] INFO:colcon.colcon_core.shell:Creating package script '/home/william/sim_ws/install/f1tenth_gym_ros/share/f1tenth_gym_ros/package.zsh'
[5.605s] Level 1:colcon.colcon_core.environment:create_file_with_runtime_dependencies(/home/william/sim_ws/install/f1tenth_gym_ros/share/colcon-core/packages/f1tenth_gym_ros)
[5.605s] DEBUG:colcon.colcon_parallel_executor.executor.parallel:closing loop
[5.606s] DEBUG:colcon.colcon_parallel_executor.executor.parallel:loop closed
[5.606s] DEBUG:colcon.colcon_parallel_executor.executor.parallel:run_until_complete finished with '0'
[5.606s] DEBUG:colcon.colcon_core.event_reactor:joining thread
[5.627s] INFO:colcon.colcon_core.plugin_system:Skipping extension 'colcon_notification.desktop_notification.terminal_notifier': Not used on non-Darwin systems
[5.628s] INFO:colcon.colcon_core.plugin_system:Skipping extension 'colcon_notification.desktop_notification.win32': Not used on non-Windows systems
[5.628s] INFO:colcon.colcon_notification.desktop_notification:Sending desktop notification using 'notify2'
[5.641s] DEBUG:colcon.colcon_core.event_reactor:joined thread
[5.654s] INFO:colcon.colcon_core.shell:Creating prefix script '/home/william/sim_ws/install/local_setup.ps1'
[5.655s] INFO:colcon.colcon_core.shell:Creating prefix util module '/home/william/sim_ws/install/_local_setup_util_ps1.py'
[5.656s] INFO:colcon.colcon_core.shell:Creating prefix chain script '/home/william/sim_ws/install/setup.ps1'
[5.674s] INFO:colcon.colcon_core.shell:Creating prefix script '/home/william/sim_ws/install/local_setup.sh'
[5.674s] INFO:colcon.colcon_core.shell:Creating prefix util module '/home/william/sim_ws/install/_local_setup_util_sh.py'
[5.675s] INFO:colcon.colcon_core.shell:Creating prefix chain script '/home/william/sim_ws/install/setup.sh'
[5.691s] INFO:colcon.colcon_core.shell:Creating prefix script '/home/william/sim_ws/install/local_setup.bash'
[5.691s] INFO:colcon.colcon_core.shell:Creating prefix chain script '/home/william/sim_ws/install/setup.bash'
[5.709s] INFO:colcon.colcon_core.shell:Creating prefix script '/home/william/sim_ws/install/local_setup.zsh'
[5.710s] INFO:colcon.colcon_core.shell:Creating prefix chain script '/home/william/sim_ws/install/setup.zsh'
