[3.149s] Invoking command in '/home/f1tenth/f1tenth-ws/build/vesc_driver': CMAKE_PREFIX_PATH=/home/f1tenth/f1tenth-ws/install/vesc_msgs:/home/f1tenth/f1tenth-ws/install/vesc:/home/f1tenth/f1tenth-ws/install/vesc_driver:/home/f1tenth/f1tenth-ws/install/vesc_ackermann:/home/f1tenth/f1tenth-ws/install/teleop_tools:/home/f1tenth/f1tenth-ws/install/teleop_tools_msgs:/home/f1tenth/f1tenth-ws/install/safety_node:/home/f1tenth/f1tenth-ws/install/range_lib:/home/f1tenth/f1tenth-ws/install/gap_follow:/home/f1tenth/f1tenth-ws/install/ackermann_mux:/home/f1tenth/f1tenth-ws/install/f1tenth_stack:/home/f1tenth/f1tenth-ws/install/joy_teleop:/home/f1tenth/f1tenth-ws/install/particle_filter:/home/f1tenth/f1tenth-ws/install/mouse_teleop:/home/f1tenth/f1tenth-ws/install/key_teleop:/home/f1tenth/f1tenth-ws/install/example_py:/home/f1tenth/f1tenth-ws/install/autonomous_drive:/opt/ros/foxy LD_LIBRARY_PATH=/home/f1tenth/f1tenth-ws/install/vesc_msgs/lib:/usr/local/cuda-11.4/lib64:/home/f1tenth/f1tenth-ws/install/vesc_driver/lib:/home/f1tenth/f1tenth-ws/install/vesc_ackermann/lib:/home/f1tenth/f1tenth-ws/install/teleop_tools_msgs/lib:/opt/ros/foxy/opt/yaml_cpp_vendor/lib:/opt/ros/foxy/opt/rviz_ogre_vendor/lib:/opt/ros/foxy/lib/aarch64-linux-gnu:/opt/ros/foxy/lib PYTHONPATH=/home/f1tenth/f1tenth-ws/install/vesc_msgs/lib/python3.8/site-packages:/home/f1tenth/f1tenth-ws/install/f1tenth_stack/lib/python3.8/site-packages:/home/f1tenth/f1tenth-ws/install/joy_teleop/lib/python3.8/site-packages:/home/f1tenth/f1tenth-ws/install/teleop_tools_msgs/lib/python3.8/site-packages:/home/f1tenth/f1tenth-ws/install/safety_node/lib/python3.8/site-packages:/home/f1tenth/f1tenth-ws/install/particle_filter/lib/python3.8/site-packages:/home/f1tenth/f1tenth-ws/install/mouse_teleop/lib/python3.8/site-packages:/home/f1tenth/f1tenth-ws/install/key_teleop/lib/python3.8/site-packages:/home/f1tenth/f1tenth-ws/install/gap_follow/lib/python3.8/site-packages:/home/f1tenth/f1tenth-ws/install/example_py/lib/python3.8/site-packages:/home/f1tenth/f1tenth-ws/install/autonomous_drive/lib/python3.8/site-packages:/opt/ros/foxy/lib/python3.8/site-packages /usr/bin/cmake --build /home/f1tenth/f1tenth-ws/build/vesc_driver -- -j4 -l4
[3.822s] [ 20%] Built target vesc_driver_node
[3.922s] [ 70%] Built target vesc_driver
[4.314s] [100%] Built target vesc_device_namer
[4.435s] Invoked command in '/home/f1tenth/f1tenth-ws/build/vesc_driver' returned '0': CMAKE_PREFIX_PATH=/home/f1tenth/f1tenth-ws/install/vesc_msgs:/home/f1tenth/f1tenth-ws/install/vesc:/home/f1tenth/f1tenth-ws/install/vesc_driver:/home/f1tenth/f1tenth-ws/install/vesc_ackermann:/home/f1tenth/f1tenth-ws/install/teleop_tools:/home/f1tenth/f1tenth-ws/install/teleop_tools_msgs:/home/f1tenth/f1tenth-ws/install/safety_node:/home/f1tenth/f1tenth-ws/install/range_lib:/home/f1tenth/f1tenth-ws/install/gap_follow:/home/f1tenth/f1tenth-ws/install/ackermann_mux:/home/f1tenth/f1tenth-ws/install/f1tenth_stack:/home/f1tenth/f1tenth-ws/install/joy_teleop:/home/f1tenth/f1tenth-ws/install/particle_filter:/home/f1tenth/f1tenth-ws/install/mouse_teleop:/home/f1tenth/f1tenth-ws/install/key_teleop:/home/f1tenth/f1tenth-ws/install/example_py:/home/f1tenth/f1tenth-ws/install/autonomous_drive:/opt/ros/foxy LD_LIBRARY_PATH=/home/f1tenth/f1tenth-ws/install/vesc_msgs/lib:/usr/local/cuda-11.4/lib64:/home/f1tenth/f1tenth-ws/install/vesc_driver/lib:/home/f1tenth/f1tenth-ws/install/vesc_ackermann/lib:/home/f1tenth/f1tenth-ws/install/teleop_tools_msgs/lib:/opt/ros/foxy/opt/yaml_cpp_vendor/lib:/opt/ros/foxy/opt/rviz_ogre_vendor/lib:/opt/ros/foxy/lib/aarch64-linux-gnu:/opt/ros/foxy/lib PYTHONPATH=/home/f1tenth/f1tenth-ws/install/vesc_msgs/lib/python3.8/site-packages:/home/f1tenth/f1tenth-ws/install/f1tenth_stack/lib/python3.8/site-packages:/home/f1tenth/f1tenth-ws/install/joy_teleop/lib/python3.8/site-packages:/home/f1tenth/f1tenth-ws/install/teleop_tools_msgs/lib/python3.8/site-packages:/home/f1tenth/f1tenth-ws/install/safety_node/lib/python3.8/site-packages:/home/f1tenth/f1tenth-ws/install/particle_filter/lib/python3.8/site-packages:/home/f1tenth/f1tenth-ws/install/mouse_teleop/lib/python3.8/site-packages:/home/f1tenth/f1tenth-ws/install/key_teleop/lib/python3.8/site-packages:/home/f1tenth/f1tenth-ws/install/gap_follow/lib/python3.8/site-packages:/home/f1tenth/f1tenth-ws/install/example_py/lib/python3.8/site-packages:/home/f1tenth/f1tenth-ws/install/autonomous_drive/lib/python3.8/site-packages:/opt/ros/foxy/lib/python3.8/site-packages /usr/bin/cmake --build /home/f1tenth/f1tenth-ws/build/vesc_driver -- -j4 -l4
[6.642s] Invoking command in '/home/f1tenth/f1tenth-ws/build/vesc_driver': CMAKE_PREFIX_PATH=/home/f1tenth/f1tenth-ws/install/vesc_msgs:/home/f1tenth/f1tenth-ws/install/vesc:/home/f1tenth/f1tenth-ws/install/vesc_driver:/home/f1tenth/f1tenth-ws/install/vesc_ackermann:/home/f1tenth/f1tenth-ws/install/teleop_tools:/home/f1tenth/f1tenth-ws/install/teleop_tools_msgs:/home/f1tenth/f1tenth-ws/install/safety_node:/home/f1tenth/f1tenth-ws/install/range_lib:/home/f1tenth/f1tenth-ws/install/gap_follow:/home/f1tenth/f1tenth-ws/install/ackermann_mux:/home/f1tenth/f1tenth-ws/install/f1tenth_stack:/home/f1tenth/f1tenth-ws/install/joy_teleop:/home/f1tenth/f1tenth-ws/install/particle_filter:/home/f1tenth/f1tenth-ws/install/mouse_teleop:/home/f1tenth/f1tenth-ws/install/key_teleop:/home/f1tenth/f1tenth-ws/install/example_py:/home/f1tenth/f1tenth-ws/install/autonomous_drive:/opt/ros/foxy LD_LIBRARY_PATH=/home/f1tenth/f1tenth-ws/install/vesc_msgs/lib:/usr/local/cuda-11.4/lib64:/home/f1tenth/f1tenth-ws/install/vesc_driver/lib:/home/f1tenth/f1tenth-ws/install/vesc_ackermann/lib:/home/f1tenth/f1tenth-ws/install/teleop_tools_msgs/lib:/opt/ros/foxy/opt/yaml_cpp_vendor/lib:/opt/ros/foxy/opt/rviz_ogre_vendor/lib:/opt/ros/foxy/lib/aarch64-linux-gnu:/opt/ros/foxy/lib PYTHONPATH=/home/f1tenth/f1tenth-ws/install/vesc_msgs/lib/python3.8/site-packages:/home/f1tenth/f1tenth-ws/install/f1tenth_stack/lib/python3.8/site-packages:/home/f1tenth/f1tenth-ws/install/joy_teleop/lib/python3.8/site-packages:/home/f1tenth/f1tenth-ws/install/teleop_tools_msgs/lib/python3.8/site-packages:/home/f1tenth/f1tenth-ws/install/safety_node/lib/python3.8/site-packages:/home/f1tenth/f1tenth-ws/install/particle_filter/lib/python3.8/site-packages:/home/f1tenth/f1tenth-ws/install/mouse_teleop/lib/python3.8/site-packages:/home/f1tenth/f1tenth-ws/install/key_teleop/lib/python3.8/site-packages:/home/f1tenth/f1tenth-ws/install/gap_follow/lib/python3.8/site-packages:/home/f1tenth/f1tenth-ws/install/example_py/lib/python3.8/site-packages:/home/f1tenth/f1tenth-ws/install/autonomous_drive/lib/python3.8/site-packages:/opt/ros/foxy/lib/python3.8/site-packages /usr/bin/cmake --install /home/f1tenth/f1tenth-ws/build/vesc_driver
[7.647s] -- Install configuration: ""
[7.650s] -- Up-to-date: /home/f1tenth/f1tenth-ws/install/vesc_driver/lib/vesc_driver/vesc_driver_node
[7.651s] -- Up-to-date: /home/f1tenth/f1tenth-ws/install/vesc_driver/include
[7.652s] -- Up-to-date: /home/f1tenth/f1tenth-ws/install/vesc_driver/include/vesc_driver
[7.653s] -- Up-to-date: /home/f1tenth/f1tenth-ws/install/vesc_driver/include/vesc_driver/vesc_packet.hpp
[7.664s] -- Up-to-date: /home/f1tenth/f1tenth-ws/install/vesc_driver/include/vesc_driver/vesc_device_uuid_lookup.hpp
[7.668s] -- Up-to-date: /home/f1tenth/f1tenth-ws/install/vesc_driver/include/vesc_driver/vesc_interface.hpp
[7.668s] -- Up-to-date: /home/f1tenth/f1tenth-ws/install/vesc_driver/include/vesc_driver/vesc_packet_factory.hpp
[7.669s] -- Up-to-date: /home/f1tenth/f1tenth-ws/install/vesc_driver/include/vesc_driver/crc.hpp
[7.669s] -- Up-to-date: /home/f1tenth/f1tenth-ws/install/vesc_driver/include/vesc_driver/vesc_driver.hpp
[7.670s] -- Up-to-date: /home/f1tenth/f1tenth-ws/install/vesc_driver/include/vesc_driver/datatypes.hpp
[7.670s] -- Up-to-date: /home/f1tenth/f1tenth-ws/install/vesc_driver/share/vesc_driver/environment/library_path.sh
[7.671s] -- Up-to-date: /home/f1tenth/f1tenth-ws/install/vesc_driver/share/vesc_driver/environment/library_path.dsv
[7.671s] -- Up-to-date: /home/f1tenth/f1tenth-ws/install/vesc_driver/lib/libvesc_driver.so
[7.675s] -- Up-to-date: /home/f1tenth/f1tenth-ws/install/vesc_driver/lib/vesc_driver/vesc_device_namer
[7.675s] -- Up-to-date: /home/f1tenth/f1tenth-ws/install/vesc_driver/share/vesc_driver/launch
[7.676s] -- Up-to-date: /home/f1tenth/f1tenth-ws/install/vesc_driver/share/vesc_driver/launch/vesc_driver_node.launch.py
[7.678s] -- Up-to-date: /home/f1tenth/f1tenth-ws/install/vesc_driver/share/vesc_driver/params
[7.683s] -- Up-to-date: /home/f1tenth/f1tenth-ws/install/vesc_driver/share/vesc_driver/params/vesc_config.yaml
[7.683s] -- Up-to-date: /home/f1tenth/f1tenth-ws/install/vesc_driver/share/ament_index/resource_index/package_run_dependencies/vesc_driver
[7.684s] -- Up-to-date: /home/f1tenth/f1tenth-ws/install/vesc_driver/share/ament_index/resource_index/parent_prefix_path/vesc_driver
[7.684s] -- Up-to-date: /home/f1tenth/f1tenth-ws/install/vesc_driver/share/vesc_driver/environment/ament_prefix_path.sh
[7.684s] -- Up-to-date: /home/f1tenth/f1tenth-ws/install/vesc_driver/share/vesc_driver/environment/ament_prefix_path.dsv
[7.685s] -- Up-to-date: /home/f1tenth/f1tenth-ws/install/vesc_driver/share/vesc_driver/environment/path.sh
[7.685s] -- Up-to-date: /home/f1tenth/f1tenth-ws/install/vesc_driver/share/vesc_driver/environment/path.dsv
[7.686s] -- Up-to-date: /home/f1tenth/f1tenth-ws/install/vesc_driver/share/vesc_driver/local_setup.bash
[7.687s] -- Up-to-date: /home/f1tenth/f1tenth-ws/install/vesc_driver/share/vesc_driver/local_setup.sh
[7.687s] -- Up-to-date: /home/f1tenth/f1tenth-ws/install/vesc_driver/share/vesc_driver/local_setup.zsh
[7.688s] -- Up-to-date: /home/f1tenth/f1tenth-ws/install/vesc_driver/share/vesc_driver/local_setup.dsv
[7.689s] -- Installing: /home/f1tenth/f1tenth-ws/install/vesc_driver/share/vesc_driver/package.dsv
[7.689s] -- Up-to-date: /home/f1tenth/f1tenth-ws/install/vesc_driver/share/ament_index/resource_index/packages/vesc_driver
[7.690s] -- Up-to-date: /home/f1tenth/f1tenth-ws/install/vesc_driver/share/ament_index/resource_index/rclcpp_components/vesc_driver
[7.690s] -- Up-to-date: /home/f1tenth/f1tenth-ws/install/vesc_driver/share/vesc_driver/cmake/ament_cmake_export_dependencies-extras.cmake
[7.691s] -- Up-to-date: /home/f1tenth/f1tenth-ws/install/vesc_driver/share/vesc_driver/cmake/ament_cmake_export_include_directories-extras.cmake
[7.692s] -- Up-to-date: /home/f1tenth/f1tenth-ws/install/vesc_driver/share/vesc_driver/cmake/ament_cmake_export_libraries-extras.cmake
[7.692s] -- Up-to-date: /home/f1tenth/f1tenth-ws/install/vesc_driver/share/vesc_driver/cmake/vesc_driverConfig.cmake
[7.692s] -- Up-to-date: /home/f1tenth/f1tenth-ws/install/vesc_driver/share/vesc_driver/cmake/vesc_driverConfig-version.cmake
[7.693s] -- Up-to-date: /home/f1tenth/f1tenth-ws/install/vesc_driver/share/vesc_driver/package.xml
[8.706s] Invoked command in '/home/f1tenth/f1tenth-ws/build/vesc_driver' returned '0': CMAKE_PREFIX_PATH=/home/f1tenth/f1tenth-ws/install/vesc_msgs:/home/f1tenth/f1tenth-ws/install/vesc:/home/f1tenth/f1tenth-ws/install/vesc_driver:/home/f1tenth/f1tenth-ws/install/vesc_ackermann:/home/f1tenth/f1tenth-ws/install/teleop_tools:/home/f1tenth/f1tenth-ws/install/teleop_tools_msgs:/home/f1tenth/f1tenth-ws/install/safety_node:/home/f1tenth/f1tenth-ws/install/range_lib:/home/f1tenth/f1tenth-ws/install/gap_follow:/home/f1tenth/f1tenth-ws/install/ackermann_mux:/home/f1tenth/f1tenth-ws/install/f1tenth_stack:/home/f1tenth/f1tenth-ws/install/joy_teleop:/home/f1tenth/f1tenth-ws/install/particle_filter:/home/f1tenth/f1tenth-ws/install/mouse_teleop:/home/f1tenth/f1tenth-ws/install/key_teleop:/home/f1tenth/f1tenth-ws/install/example_py:/home/f1tenth/f1tenth-ws/install/autonomous_drive:/opt/ros/foxy LD_LIBRARY_PATH=/home/f1tenth/f1tenth-ws/install/vesc_msgs/lib:/usr/local/cuda-11.4/lib64:/home/f1tenth/f1tenth-ws/install/vesc_driver/lib:/home/f1tenth/f1tenth-ws/install/vesc_ackermann/lib:/home/f1tenth/f1tenth-ws/install/teleop_tools_msgs/lib:/opt/ros/foxy/opt/yaml_cpp_vendor/lib:/opt/ros/foxy/opt/rviz_ogre_vendor/lib:/opt/ros/foxy/lib/aarch64-linux-gnu:/opt/ros/foxy/lib PYTHONPATH=/home/f1tenth/f1tenth-ws/install/vesc_msgs/lib/python3.8/site-packages:/home/f1tenth/f1tenth-ws/install/f1tenth_stack/lib/python3.8/site-packages:/home/f1tenth/f1tenth-ws/install/joy_teleop/lib/python3.8/site-packages:/home/f1tenth/f1tenth-ws/install/teleop_tools_msgs/lib/python3.8/site-packages:/home/f1tenth/f1tenth-ws/install/safety_node/lib/python3.8/site-packages:/home/f1tenth/f1tenth-ws/install/particle_filter/lib/python3.8/site-packages:/home/f1tenth/f1tenth-ws/install/mouse_teleop/lib/python3.8/site-packages:/home/f1tenth/f1tenth-ws/install/key_teleop/lib/python3.8/site-packages:/home/f1tenth/f1tenth-ws/install/gap_follow/lib/python3.8/site-packages:/home/f1tenth/f1tenth-ws/install/example_py/lib/python3.8/site-packages:/home/f1tenth/f1tenth-ws/install/autonomous_drive/lib/python3.8/site-packages:/opt/ros/foxy/lib/python3.8/site-packages /usr/bin/cmake --install /home/f1tenth/f1tenth-ws/build/vesc_driver
