[1.843s] Invoking command in '/mnt/nvme0n1/f1tenth_ws/build/teleop_tools_msgs': CMAKE_PREFIX_PATH=${CMAKE_PREFIX_PATH}:/home/f1tenth/f1tenth-ws/install/f1tenth_stack:/home/f1tenth/f1tenth-ws/install/joy_teleop:/home/f1tenth/f1tenth-ws/install/mouse_teleop:/home/f1tenth/f1tenth-ws/install/key_teleop:/home/f1tenth/f1tenth-ws/install/example_py:/opt/ros/foxy /usr/bin/cmake --build /mnt/nvme0n1/f1tenth_ws/build/teleop_tools_msgs -- -j4 -l4
[4.093s] [  3%] Built target teleop_tools_msgs__cpp
[4.101s] [ 12%] Built target teleop_tools_msgs__rosidl_generator_c
[4.102s] [ 22%] Built target teleop_tools_msgs__rosidl_typesupport_fastrtps_cpp
[4.105s] [ 32%] Built target teleop_tools_msgs__rosidl_typesupport_introspection_cpp
[4.106s] [ 41%] Built target teleop_tools_msgs__rosidl_typesupport_cpp
[4.106s] [ 51%] Built target teleop_tools_msgs__rosidl_typesupport_introspection_c
[4.106s] [ 61%] Built target teleop_tools_msgs__rosidl_typesupport_c
[4.107s] [ 70%] Built target teleop_tools_msgs__rosidl_typesupport_fastrtps_c
[4.107s] [ 70%] Built target teleop_tools_msgs
[4.108s] [ 74%] Built target teleop_tools_msgs__py
[4.110s] [ 80%] Built target teleop_tools_msgs__python
[4.111s] [ 87%] Built target teleop_tools_msgs__rosidl_typesupport_introspection_c__pyext
[4.115s] [ 93%] Built target teleop_tools_msgs__rosidl_typesupport_fastrtps_c__pyext
[4.123s] [100%] Built target teleop_tools_msgs__rosidl_typesupport_c__pyext
[4.129s] Invoked command in '/mnt/nvme0n1/f1tenth_ws/build/teleop_tools_msgs' returned '0': CMAKE_PREFIX_PATH=${CMAKE_PREFIX_PATH}:/home/f1tenth/f1tenth-ws/install/f1tenth_stack:/home/f1tenth/f1tenth-ws/install/joy_teleop:/home/f1tenth/f1tenth-ws/install/mouse_teleop:/home/f1tenth/f1tenth-ws/install/key_teleop:/home/f1tenth/f1tenth-ws/install/example_py:/opt/ros/foxy /usr/bin/cmake --build /mnt/nvme0n1/f1tenth_ws/build/teleop_tools_msgs -- -j4 -l4
[4.979s] Invoking command in '/mnt/nvme0n1/f1tenth_ws/build/teleop_tools_msgs': CMAKE_PREFIX_PATH=${CMAKE_PREFIX_PATH}:/home/f1tenth/f1tenth-ws/install/f1tenth_stack:/home/f1tenth/f1tenth-ws/install/joy_teleop:/home/f1tenth/f1tenth-ws/install/mouse_teleop:/home/f1tenth/f1tenth-ws/install/key_teleop:/home/f1tenth/f1tenth-ws/install/example_py:/opt/ros/foxy /usr/bin/cmake --install /mnt/nvme0n1/f1tenth_ws/build/teleop_tools_msgs
[5.040s] -- Install configuration: ""
[5.042s] -- Up-to-date: /mnt/nvme0n1/f1tenth_ws/install/teleop_tools_msgs/share/ament_index/resource_index/rosidl_interfaces/teleop_tools_msgs
[5.042s] -- Up-to-date: /mnt/nvme0n1/f1tenth_ws/install/teleop_tools_msgs/include/teleop_tools_msgs
[5.043s] -- Up-to-date: /mnt/nvme0n1/f1tenth_ws/install/teleop_tools_msgs/include/teleop_tools_msgs/msg
[5.043s] -- Up-to-date: /mnt/nvme0n1/f1tenth_ws/install/teleop_tools_msgs/include/teleop_tools_msgs/msg/rosidl_generator_c__visibility_control.h
[5.043s] -- Up-to-date: /mnt/nvme0n1/f1tenth_ws/install/teleop_tools_msgs/include/teleop_tools_msgs/action
[5.044s] -- Up-to-date: /mnt/nvme0n1/f1tenth_ws/install/teleop_tools_msgs/include/teleop_tools_msgs/action/detail
[5.044s] -- Up-to-date: /mnt/nvme0n1/f1tenth_ws/install/teleop_tools_msgs/include/teleop_tools_msgs/action/detail/increment__functions.h
[5.045s] -- Up-to-date: /mnt/nvme0n1/f1tenth_ws/install/teleop_tools_msgs/include/teleop_tools_msgs/action/detail/increment__type_support.h
[5.045s] -- Up-to-date: /mnt/nvme0n1/f1tenth_ws/install/teleop_tools_msgs/include/teleop_tools_msgs/action/detail/increment__struct.h
[5.047s] -- Up-to-date: /mnt/nvme0n1/f1tenth_ws/install/teleop_tools_msgs/include/teleop_tools_msgs/action/detail/increment__functions.c
[5.048s] -- Up-to-date: /mnt/nvme0n1/f1tenth_ws/install/teleop_tools_msgs/include/teleop_tools_msgs/action/increment.h
[5.051s] -- Up-to-date: /mnt/nvme0n1/f1tenth_ws/install/teleop_tools_msgs/share/teleop_tools_msgs/environment/library_path.sh
[5.051s] -- Up-to-date: /mnt/nvme0n1/f1tenth_ws/install/teleop_tools_msgs/share/teleop_tools_msgs/environment/library_path.dsv
[5.051s] -- Up-to-date: /mnt/nvme0n1/f1tenth_ws/install/teleop_tools_msgs/lib/libteleop_tools_msgs__rosidl_generator_c.so
[5.052s] -- Up-to-date: /mnt/nvme0n1/f1tenth_ws/install/teleop_tools_msgs/include/teleop_tools_msgs
[5.052s] -- Up-to-date: /mnt/nvme0n1/f1tenth_ws/install/teleop_tools_msgs/include/teleop_tools_msgs/msg
[5.053s] -- Up-to-date: /mnt/nvme0n1/f1tenth_ws/install/teleop_tools_msgs/include/teleop_tools_msgs/msg/rosidl_typesupport_fastrtps_c__visibility_control.h
[5.053s] -- Up-to-date: /mnt/nvme0n1/f1tenth_ws/install/teleop_tools_msgs/include/teleop_tools_msgs/action
[5.053s] -- Up-to-date: /mnt/nvme0n1/f1tenth_ws/install/teleop_tools_msgs/include/teleop_tools_msgs/action/detail
[5.054s] -- Up-to-date: /mnt/nvme0n1/f1tenth_ws/install/teleop_tools_msgs/include/teleop_tools_msgs/action/detail/increment__rosidl_typesupport_fastrtps_c.h
[5.054s] -- Up-to-date: /mnt/nvme0n1/f1tenth_ws/install/teleop_tools_msgs/lib/libteleop_tools_msgs__rosidl_typesupport_fastrtps_c.so
[5.055s] -- Up-to-date: /mnt/nvme0n1/f1tenth_ws/install/teleop_tools_msgs/include/teleop_tools_msgs
[5.055s] -- Up-to-date: /mnt/nvme0n1/f1tenth_ws/install/teleop_tools_msgs/include/teleop_tools_msgs/msg
[5.056s] -- Up-to-date: /mnt/nvme0n1/f1tenth_ws/install/teleop_tools_msgs/include/teleop_tools_msgs/msg/rosidl_typesupport_fastrtps_cpp__visibility_control.h
[5.056s] -- Up-to-date: /mnt/nvme0n1/f1tenth_ws/install/teleop_tools_msgs/include/teleop_tools_msgs/action
[5.057s] -- Up-to-date: /mnt/nvme0n1/f1tenth_ws/install/teleop_tools_msgs/include/teleop_tools_msgs/action/detail
[5.057s] -- Up-to-date: /mnt/nvme0n1/f1tenth_ws/install/teleop_tools_msgs/include/teleop_tools_msgs/action/detail/increment__rosidl_typesupport_fastrtps_cpp.hpp
[5.058s] -- Up-to-date: /mnt/nvme0n1/f1tenth_ws/install/teleop_tools_msgs/include/teleop_tools_msgs/action/detail/dds_fastrtps
[5.063s] -- Up-to-date: /mnt/nvme0n1/f1tenth_ws/install/teleop_tools_msgs/lib/libteleop_tools_msgs__rosidl_typesupport_fastrtps_cpp.so
[5.065s] -- Up-to-date: /mnt/nvme0n1/f1tenth_ws/install/teleop_tools_msgs/include/teleop_tools_msgs
[5.065s] -- Up-to-date: /mnt/nvme0n1/f1tenth_ws/install/teleop_tools_msgs/include/teleop_tools_msgs/msg
[5.066s] -- Up-to-date: /mnt/nvme0n1/f1tenth_ws/install/teleop_tools_msgs/include/teleop_tools_msgs/msg/rosidl_typesupport_introspection_c__visibility_control.h
[5.066s] -- Up-to-date: /mnt/nvme0n1/f1tenth_ws/install/teleop_tools_msgs/include/teleop_tools_msgs/action
[5.067s] -- Up-to-date: /mnt/nvme0n1/f1tenth_ws/install/teleop_tools_msgs/include/teleop_tools_msgs/action/detail
[5.067s] -- Up-to-date: /mnt/nvme0n1/f1tenth_ws/install/teleop_tools_msgs/include/teleop_tools_msgs/action/detail/increment__rosidl_typesupport_introspection_c.h
[5.070s] -- Up-to-date: /mnt/nvme0n1/f1tenth_ws/install/teleop_tools_msgs/include/teleop_tools_msgs/action/detail/increment__type_support.c
[5.071s] -- Up-to-date: /mnt/nvme0n1/f1tenth_ws/install/teleop_tools_msgs/lib/libteleop_tools_msgs__rosidl_typesupport_introspection_c.so
[5.082s] -- Up-to-date: /mnt/nvme0n1/f1tenth_ws/install/teleop_tools_msgs/lib/libteleop_tools_msgs__rosidl_typesupport_c.so
[5.082s] -- Up-to-date: /mnt/nvme0n1/f1tenth_ws/install/teleop_tools_msgs/include/teleop_tools_msgs
[5.083s] -- Up-to-date: /mnt/nvme0n1/f1tenth_ws/install/teleop_tools_msgs/include/teleop_tools_msgs/msg
[5.083s] -- Up-to-date: /mnt/nvme0n1/f1tenth_ws/install/teleop_tools_msgs/include/teleop_tools_msgs/msg/rosidl_generator_cpp__visibility_control.hpp
[5.084s] -- Up-to-date: /mnt/nvme0n1/f1tenth_ws/install/teleop_tools_msgs/include/teleop_tools_msgs/action
[5.084s] -- Up-to-date: /mnt/nvme0n1/f1tenth_ws/install/teleop_tools_msgs/include/teleop_tools_msgs/action/increment.hpp
[5.085s] -- Up-to-date: /mnt/nvme0n1/f1tenth_ws/install/teleop_tools_msgs/include/teleop_tools_msgs/action/detail
[5.085s] -- Up-to-date: /mnt/nvme0n1/f1tenth_ws/install/teleop_tools_msgs/include/teleop_tools_msgs/action/detail/increment__traits.hpp
[5.085s] -- Up-to-date: /mnt/nvme0n1/f1tenth_ws/install/teleop_tools_msgs/include/teleop_tools_msgs/action/detail/increment__struct.hpp
[5.086s] -- Up-to-date: /mnt/nvme0n1/f1tenth_ws/install/teleop_tools_msgs/include/teleop_tools_msgs/action/detail/increment__builder.hpp
[5.086s] -- Up-to-date: /mnt/nvme0n1/f1tenth_ws/install/teleop_tools_msgs/include/teleop_tools_msgs/action/detail/increment__type_support.hpp
[5.087s] -- Up-to-date: /mnt/nvme0n1/f1tenth_ws/install/teleop_tools_msgs/include/teleop_tools_msgs
[5.087s] -- Up-to-date: /mnt/nvme0n1/f1tenth_ws/install/teleop_tools_msgs/include/teleop_tools_msgs/action
[5.088s] -- Up-to-date: /mnt/nvme0n1/f1tenth_ws/install/teleop_tools_msgs/include/teleop_tools_msgs/action/detail
[5.088s] -- Up-to-date: /mnt/nvme0n1/f1tenth_ws/install/teleop_tools_msgs/include/teleop_tools_msgs/action/detail/increment__rosidl_typesupport_introspection_cpp.hpp
[5.089s] -- Up-to-date: /mnt/nvme0n1/f1tenth_ws/install/teleop_tools_msgs/include/teleop_tools_msgs/action/detail/increment__type_support.cpp
[5.089s] -- Up-to-date: /mnt/nvme0n1/f1tenth_ws/install/teleop_tools_msgs/lib/libteleop_tools_msgs__rosidl_typesupport_introspection_cpp.so
[5.097s] -- Up-to-date: /mnt/nvme0n1/f1tenth_ws/install/teleop_tools_msgs/lib/libteleop_tools_msgs__rosidl_typesupport_cpp.so
[5.098s] -- Up-to-date: /mnt/nvme0n1/f1tenth_ws/install/teleop_tools_msgs/share/teleop_tools_msgs/environment/pythonpath.sh
[5.098s] -- Up-to-date: /mnt/nvme0n1/f1tenth_ws/install/teleop_tools_msgs/share/teleop_tools_msgs/environment/pythonpath.dsv
[5.099s] -- Up-to-date: /mnt/nvme0n1/f1tenth_ws/install/teleop_tools_msgs/lib/python3.8/site-packages/teleop_tools_msgs/__init__.py
[5.350s] -- Up-to-date: /mnt/nvme0n1/f1tenth_ws/install/teleop_tools_msgs/lib/python3.8/site-packages/teleop_tools_msgs/action
[5.367s] -- Up-to-date: /mnt/nvme0n1/f1tenth_ws/install/teleop_tools_msgs/lib/python3.8/site-packages/teleop_tools_msgs/action/__init__.py
[5.375s] -- Up-to-date: /mnt/nvme0n1/f1tenth_ws/install/teleop_tools_msgs/lib/python3.8/site-packages/teleop_tools_msgs/action/_increment.py
[5.375s] -- Up-to-date: /mnt/nvme0n1/f1tenth_ws/install/teleop_tools_msgs/lib/python3.8/site-packages/teleop_tools_msgs/action/_increment_s.c
[5.377s] -- Up-to-date: /mnt/nvme0n1/f1tenth_ws/install/teleop_tools_msgs/lib/python3.8/site-packages/teleop_tools_msgs/teleop_tools_msgs_s__rosidl_typesupport_fastrtps_c.cpython-38-aarch64-linux-gnu.so
[5.382s] -- Up-to-date: /mnt/nvme0n1/f1tenth_ws/install/teleop_tools_msgs/lib/python3.8/site-packages/teleop_tools_msgs/teleop_tools_msgs_s__rosidl_typesupport_introspection_c.cpython-38-aarch64-linux-gnu.so
[5.391s] -- Up-to-date: /mnt/nvme0n1/f1tenth_ws/install/teleop_tools_msgs/lib/python3.8/site-packages/teleop_tools_msgs/teleop_tools_msgs_s__rosidl_typesupport_c.cpython-38-aarch64-linux-gnu.so
[5.427s] -- Up-to-date: /mnt/nvme0n1/f1tenth_ws/install/teleop_tools_msgs/lib/libteleop_tools_msgs__python.so
[5.429s] -- Up-to-date: /mnt/nvme0n1/f1tenth_ws/install/teleop_tools_msgs/share/teleop_tools_msgs/action/Increment.idl
[5.430s] -- Up-to-date: /mnt/nvme0n1/f1tenth_ws/install/teleop_tools_msgs/share/teleop_tools_msgs/action/Increment.action
[5.431s] -- Up-to-date: /mnt/nvme0n1/f1tenth_ws/install/teleop_tools_msgs/share/ament_index/resource_index/package_run_dependencies/teleop_tools_msgs
[5.432s] -- Up-to-date: /mnt/nvme0n1/f1tenth_ws/install/teleop_tools_msgs/share/ament_index/resource_index/parent_prefix_path/teleop_tools_msgs
[5.435s] -- Up-to-date: /mnt/nvme0n1/f1tenth_ws/install/teleop_tools_msgs/share/teleop_tools_msgs/environment/ament_prefix_path.sh
[5.436s] -- Up-to-date: /mnt/nvme0n1/f1tenth_ws/install/teleop_tools_msgs/share/teleop_tools_msgs/environment/ament_prefix_path.dsv
[5.439s] -- Up-to-date: /mnt/nvme0n1/f1tenth_ws/install/teleop_tools_msgs/share/teleop_tools_msgs/environment/path.sh
[5.443s] -- Up-to-date: /mnt/nvme0n1/f1tenth_ws/install/teleop_tools_msgs/share/teleop_tools_msgs/environment/path.dsv
[5.443s] -- Up-to-date: /mnt/nvme0n1/f1tenth_ws/install/teleop_tools_msgs/share/teleop_tools_msgs/local_setup.bash
[5.444s] -- Up-to-date: /mnt/nvme0n1/f1tenth_ws/install/teleop_tools_msgs/share/teleop_tools_msgs/local_setup.sh
[5.444s] -- Up-to-date: /mnt/nvme0n1/f1tenth_ws/install/teleop_tools_msgs/share/teleop_tools_msgs/local_setup.zsh
[5.445s] -- Up-to-date: /mnt/nvme0n1/f1tenth_ws/install/teleop_tools_msgs/share/teleop_tools_msgs/local_setup.dsv
[5.445s] -- Installing: /mnt/nvme0n1/f1tenth_ws/install/teleop_tools_msgs/share/teleop_tools_msgs/package.dsv
[5.451s] -- Up-to-date: /mnt/nvme0n1/f1tenth_ws/install/teleop_tools_msgs/share/ament_index/resource_index/packages/teleop_tools_msgs
[5.459s] -- Up-to-date: /mnt/nvme0n1/f1tenth_ws/install/teleop_tools_msgs/share/teleop_tools_msgs/cmake/teleop_tools_msgs__rosidl_generator_cExport.cmake
[5.459s] -- Up-to-date: /mnt/nvme0n1/f1tenth_ws/install/teleop_tools_msgs/share/teleop_tools_msgs/cmake/teleop_tools_msgs__rosidl_generator_cExport-noconfig.cmake
[5.460s] -- Up-to-date: /mnt/nvme0n1/f1tenth_ws/install/teleop_tools_msgs/share/teleop_tools_msgs/cmake/teleop_tools_msgs__rosidl_typesupport_introspection_cExport.cmake
[5.462s] -- Up-to-date: /mnt/nvme0n1/f1tenth_ws/install/teleop_tools_msgs/share/teleop_tools_msgs/cmake/teleop_tools_msgs__rosidl_typesupport_introspection_cExport-noconfig.cmake
[5.462s] -- Up-to-date: /mnt/nvme0n1/f1tenth_ws/install/teleop_tools_msgs/share/teleop_tools_msgs/cmake/teleop_tools_msgs__rosidl_typesupport_cExport.cmake
[5.463s] -- Up-to-date: /mnt/nvme0n1/f1tenth_ws/install/teleop_tools_msgs/share/teleop_tools_msgs/cmake/teleop_tools_msgs__rosidl_typesupport_cExport-noconfig.cmake
[5.464s] -- Up-to-date: /mnt/nvme0n1/f1tenth_ws/install/teleop_tools_msgs/share/teleop_tools_msgs/cmake/teleop_tools_msgs__rosidl_generator_cppExport.cmake
[5.465s] -- Up-to-date: /mnt/nvme0n1/f1tenth_ws/install/teleop_tools_msgs/share/teleop_tools_msgs/cmake/teleop_tools_msgs__rosidl_typesupport_introspection_cppExport.cmake
[5.466s] -- Up-to-date: /mnt/nvme0n1/f1tenth_ws/install/teleop_tools_msgs/share/teleop_tools_msgs/cmake/teleop_tools_msgs__rosidl_typesupport_introspection_cppExport-noconfig.cmake
[5.471s] -- Up-to-date: /mnt/nvme0n1/f1tenth_ws/install/teleop_tools_msgs/share/teleop_tools_msgs/cmake/teleop_tools_msgs__rosidl_typesupport_cppExport.cmake
[5.472s] -- Up-to-date: /mnt/nvme0n1/f1tenth_ws/install/teleop_tools_msgs/share/teleop_tools_msgs/cmake/teleop_tools_msgs__rosidl_typesupport_cppExport-noconfig.cmake
[5.473s] -- Up-to-date: /mnt/nvme0n1/f1tenth_ws/install/teleop_tools_msgs/share/teleop_tools_msgs/cmake/rosidl_cmake-extras.cmake
[5.474s] -- Up-to-date: /mnt/nvme0n1/f1tenth_ws/install/teleop_tools_msgs/share/teleop_tools_msgs/cmake/ament_cmake_export_dependencies-extras.cmake
[5.475s] -- Up-to-date: /mnt/nvme0n1/f1tenth_ws/install/teleop_tools_msgs/share/teleop_tools_msgs/cmake/ament_cmake_export_libraries-extras.cmake
[5.476s] -- Up-to-date: /mnt/nvme0n1/f1tenth_ws/install/teleop_tools_msgs/share/teleop_tools_msgs/cmake/ament_cmake_export_targets-extras.cmake
[5.477s] -- Up-to-date: /mnt/nvme0n1/f1tenth_ws/install/teleop_tools_msgs/share/teleop_tools_msgs/cmake/ament_cmake_export_include_directories-extras.cmake
[5.479s] -- Up-to-date: /mnt/nvme0n1/f1tenth_ws/install/teleop_tools_msgs/share/teleop_tools_msgs/cmake/rosidl_cmake_export_typesupport_libraries-extras.cmake
[5.482s] -- Up-to-date: /mnt/nvme0n1/f1tenth_ws/install/teleop_tools_msgs/share/teleop_tools_msgs/cmake/rosidl_cmake_export_typesupport_targets-extras.cmake
[5.484s] -- Up-to-date: /mnt/nvme0n1/f1tenth_ws/install/teleop_tools_msgs/share/teleop_tools_msgs/cmake/teleop_tools_msgsConfig.cmake
[5.486s] -- Up-to-date: /mnt/nvme0n1/f1tenth_ws/install/teleop_tools_msgs/share/teleop_tools_msgs/cmake/teleop_tools_msgsConfig-version.cmake
[5.487s] -- Up-to-date: /mnt/nvme0n1/f1tenth_ws/install/teleop_tools_msgs/share/teleop_tools_msgs/package.xml
[7.290s] Invoked command in '/mnt/nvme0n1/f1tenth_ws/build/teleop_tools_msgs' returned '0': CMAKE_PREFIX_PATH=${CMAKE_PREFIX_PATH}:/home/f1tenth/f1tenth-ws/install/f1tenth_stack:/home/f1tenth/f1tenth-ws/install/joy_teleop:/home/f1tenth/f1tenth-ws/install/mouse_teleop:/home/f1tenth/f1tenth-ws/install/key_teleop:/home/f1tenth/f1tenth-ws/install/example_py:/opt/ros/foxy /usr/bin/cmake --install /mnt/nvme0n1/f1tenth_ws/build/teleop_tools_msgs
