[5.905s] Invoking command in '/mnt/nvme0n1/f1tenth_ws/src/f1tenth_system/teleop_tools/joy_teleop': AMENT_PREFIX_PATH=/mnt/nvme0n1/f1tenth_ws/install/teleop_tools_msgs CMAKE_PREFIX_PATH=/mnt/nvme0n1/f1tenth_ws/install/teleop_tools_msgs LD_LIBRARY_PATH=/mnt/nvme0n1/f1tenth_ws/install/teleop_tools_msgs/lib PYTHONPATH=/mnt/nvme0n1/f1tenth_ws/build/joy_teleop/prefix_override:/mnt/nvme0n1/f1tenth_ws/install/joy_teleop/lib/python3.8/site-packages:/mnt/nvme0n1/f1tenth_ws/install/teleop_tools_msgs/lib/python3.8/site-packages /usr/bin/python3 setup.py egg_info --egg-base ../../../../build/joy_teleop build --build-base /mnt/nvme0n1/f1tenth_ws/build/joy_teleop/build install --record /mnt/nvme0n1/f1tenth_ws/build/joy_teleop/install.log --install-scripts $base/lib/joy_teleop --single-version-externally-managed
[6.711s] running egg_info
[6.711s] writing ../../../../build/joy_teleop/joy_teleop.egg-info/PKG-INFO
[6.715s] writing dependency_links to ../../../../build/joy_teleop/joy_teleop.egg-info/dependency_links.txt
[6.716s] writing entry points to ../../../../build/joy_teleop/joy_teleop.egg-info/entry_points.txt
[6.718s] writing requirements to ../../../../build/joy_teleop/joy_teleop.egg-info/requires.txt
[6.719s] writing top-level names to ../../../../build/joy_teleop/joy_teleop.egg-info/top_level.txt
[6.860s] reading manifest file '../../../../build/joy_teleop/joy_teleop.egg-info/SOURCES.txt'
[6.865s] writing manifest file '../../../../build/joy_teleop/joy_teleop.egg-info/SOURCES.txt'
[6.868s] running build
[6.869s] running build_py
[6.869s] running install
[6.872s] running install_lib
[6.878s] running install_data
[6.880s] running install_egg_info
[6.887s] removing '/mnt/nvme0n1/f1tenth_ws/install/joy_teleop/lib/python3.8/site-packages/joy_teleop-0.3.0-py3.8.egg-info' (and everything under it)
[6.889s] Copying ../../../../build/joy_teleop/joy_teleop.egg-info to /mnt/nvme0n1/f1tenth_ws/install/joy_teleop/lib/python3.8/site-packages/joy_teleop-0.3.0-py3.8.egg-info
[6.895s] running install_scripts
[6.973s] Installing incrementer_server script to /mnt/nvme0n1/f1tenth_ws/install/joy_teleop/lib/joy_teleop
[6.976s] Installing joy_teleop script to /mnt/nvme0n1/f1tenth_ws/install/joy_teleop/lib/joy_teleop
[6.976s] writing list of installed files to '/mnt/nvme0n1/f1tenth_ws/build/joy_teleop/install.log'
[7.087s] Invoked command in '/mnt/nvme0n1/f1tenth_ws/src/f1tenth_system/teleop_tools/joy_teleop' returned '0': AMENT_PREFIX_PATH=/mnt/nvme0n1/f1tenth_ws/install/teleop_tools_msgs CMAKE_PREFIX_PATH=/mnt/nvme0n1/f1tenth_ws/install/teleop_tools_msgs LD_LIBRARY_PATH=/mnt/nvme0n1/f1tenth_ws/install/teleop_tools_msgs/lib PYTHONPATH=/mnt/nvme0n1/f1tenth_ws/build/joy_teleop/prefix_override:/mnt/nvme0n1/f1tenth_ws/install/joy_teleop/lib/python3.8/site-packages:/mnt/nvme0n1/f1tenth_ws/install/teleop_tools_msgs/lib/python3.8/site-packages /usr/bin/python3 setup.py egg_info --egg-base ../../../../build/joy_teleop build --build-base /mnt/nvme0n1/f1tenth_ws/build/joy_teleop/build install --record /mnt/nvme0n1/f1tenth_ws/build/joy_teleop/install.log --install-scripts $base/lib/joy_teleop --single-version-externally-managed
