[1.912s] Invoking command in '/mnt/nvme0n1/f1tenth_ws/build/teleop_tools_msgs': CMAKE_PREFIX_PATH=${CMAKE_PREFIX_PATH}:/home/f1tenth/f1tenth-ws/install/f1tenth_stack:/home/f1tenth/f1tenth-ws/install/joy_teleop:/home/f1tenth/f1tenth-ws/install/mouse_teleop:/home/f1tenth/f1tenth-ws/install/key_teleop:/home/f1tenth/f1tenth-ws/install/example_py:/opt/ros/foxy /usr/bin/cmake --build /mnt/nvme0n1/f1tenth_ws/build/teleop_tools_msgs -- -j4 -l4
[4.148s] [  3%] Built target teleop_tools_msgs__cpp
[4.151s] [ 12%] Built target teleop_tools_msgs__rosidl_generator_c
[4.153s] [ 22%] Built target teleop_tools_msgs__rosidl_typesupport_introspection_cpp
[4.153s] [ 32%] Built target teleop_tools_msgs__rosidl_typesupport_cpp
[4.153s] [ 41%] Built target teleop_tools_msgs__rosidl_typesupport_introspection_c
[4.154s] [ 51%] Built target teleop_tools_msgs__rosidl_typesupport_fastrtps_cpp
[4.154s] [ 61%] Built target teleop_tools_msgs__rosidl_typesupport_c
[4.154s] [ 70%] Built target teleop_tools_msgs__rosidl_typesupport_fastrtps_c
[4.155s] [ 70%] Built target teleop_tools_msgs
[4.155s] [ 74%] Built target teleop_tools_msgs__py
[4.155s] [ 80%] Built target teleop_tools_msgs__python
[4.156s] [ 87%] Built target teleop_tools_msgs__rosidl_typesupport_c__pyext
[4.156s] [ 93%] Built target teleop_tools_msgs__rosidl_typesupport_introspection_c__pyext
[4.157s] [100%] Built target teleop_tools_msgs__rosidl_typesupport_fastrtps_c__pyext
[4.161s] Invoked command in '/mnt/nvme0n1/f1tenth_ws/build/teleop_tools_msgs' returned '0': CMAKE_PREFIX_PATH=${CMAKE_PREFIX_PATH}:/home/f1tenth/f1tenth-ws/install/f1tenth_stack:/home/f1tenth/f1tenth-ws/install/joy_teleop:/home/f1tenth/f1tenth-ws/install/mouse_teleop:/home/f1tenth/f1tenth-ws/install/key_teleop:/home/f1tenth/f1tenth-ws/install/example_py:/opt/ros/foxy /usr/bin/cmake --build /mnt/nvme0n1/f1tenth_ws/build/teleop_tools_msgs -- -j4 -l4
[5.044s] Invoking command in '/mnt/nvme0n1/f1tenth_ws/build/teleop_tools_msgs': CMAKE_PREFIX_PATH=${CMAKE_PREFIX_PATH}:/home/f1tenth/f1tenth-ws/install/f1tenth_stack:/home/f1tenth/f1tenth-ws/install/joy_teleop:/home/f1tenth/f1tenth-ws/install/mouse_teleop:/home/f1tenth/f1tenth-ws/install/key_teleop:/home/f1tenth/f1tenth-ws/install/example_py:/opt/ros/foxy /usr/bin/cmake --install /mnt/nvme0n1/f1tenth_ws/build/teleop_tools_msgs
[5.134s] -- Install configuration: ""
[5.135s] -- Up-to-date: /mnt/nvme0n1/f1tenth_ws/install/teleop_tools_msgs/share/ament_index/resource_index/rosidl_interfaces/teleop_tools_msgs
[5.136s] -- Up-to-date: /mnt/nvme0n1/f1tenth_ws/install/teleop_tools_msgs/include/teleop_tools_msgs
[5.138s] -- Up-to-date: /mnt/nvme0n1/f1tenth_ws/install/teleop_tools_msgs/include/teleop_tools_msgs/msg
[5.138s] -- Up-to-date: /mnt/nvme0n1/f1tenth_ws/install/teleop_tools_msgs/include/teleop_tools_msgs/msg/rosidl_generator_c__visibility_control.h
[5.138s] -- Up-to-date: /mnt/nvme0n1/f1tenth_ws/install/teleop_tools_msgs/include/teleop_tools_msgs/action
[5.139s] -- Up-to-date: /mnt/nvme0n1/f1tenth_ws/install/teleop_tools_msgs/include/teleop_tools_msgs/action/detail
[5.139s] -- Up-to-date: /mnt/nvme0n1/f1tenth_ws/install/teleop_tools_msgs/include/teleop_tools_msgs/action/detail/increment__functions.h
[5.140s] -- Up-to-date: /mnt/nvme0n1/f1tenth_ws/install/teleop_tools_msgs/include/teleop_tools_msgs/action/detail/increment__type_support.h
[5.141s] -- Up-to-date: /mnt/nvme0n1/f1tenth_ws/install/teleop_tools_msgs/include/teleop_tools_msgs/action/detail/increment__struct.h
[5.143s] -- Up-to-date: /mnt/nvme0n1/f1tenth_ws/install/teleop_tools_msgs/include/teleop_tools_msgs/action/detail/increment__functions.c
[5.143s] -- Up-to-date: /mnt/nvme0n1/f1tenth_ws/install/teleop_tools_msgs/include/teleop_tools_msgs/action/increment.h
[5.144s] -- Up-to-date: /mnt/nvme0n1/f1tenth_ws/install/teleop_tools_msgs/share/teleop_tools_msgs/environment/library_path.sh
[5.145s] -- Up-to-date: /mnt/nvme0n1/f1tenth_ws/install/teleop_tools_msgs/share/teleop_tools_msgs/environment/library_path.dsv
[5.146s] -- Up-to-date: /mnt/nvme0n1/f1tenth_ws/install/teleop_tools_msgs/lib/libteleop_tools_msgs__rosidl_generator_c.so
[5.147s] -- Up-to-date: /mnt/nvme0n1/f1tenth_ws/install/teleop_tools_msgs/include/teleop_tools_msgs
[5.147s] -- Up-to-date: /mnt/nvme0n1/f1tenth_ws/install/teleop_tools_msgs/include/teleop_tools_msgs/msg
[5.147s] -- Up-to-date: /mnt/nvme0n1/f1tenth_ws/install/teleop_tools_msgs/include/teleop_tools_msgs/msg/rosidl_typesupport_fastrtps_c__visibility_control.h
[5.148s] -- Up-to-date: /mnt/nvme0n1/f1tenth_ws/install/teleop_tools_msgs/include/teleop_tools_msgs/action
[5.154s] -- Up-to-date: /mnt/nvme0n1/f1tenth_ws/install/teleop_tools_msgs/include/teleop_tools_msgs/action/detail
[5.155s] -- Up-to-date: /mnt/nvme0n1/f1tenth_ws/install/teleop_tools_msgs/include/teleop_tools_msgs/action/detail/increment__rosidl_typesupport_fastrtps_c.h
[5.159s] -- Up-to-date: /mnt/nvme0n1/f1tenth_ws/install/teleop_tools_msgs/lib/libteleop_tools_msgs__rosidl_typesupport_fastrtps_c.so
[5.161s] -- Up-to-date: /mnt/nvme0n1/f1tenth_ws/install/teleop_tools_msgs/include/teleop_tools_msgs
[5.161s] -- Up-to-date: /mnt/nvme0n1/f1tenth_ws/install/teleop_tools_msgs/include/teleop_tools_msgs/msg
[5.162s] -- Up-to-date: /mnt/nvme0n1/f1tenth_ws/install/teleop_tools_msgs/include/teleop_tools_msgs/msg/rosidl_typesupport_fastrtps_cpp__visibility_control.h
[5.162s] -- Up-to-date: /mnt/nvme0n1/f1tenth_ws/install/teleop_tools_msgs/include/teleop_tools_msgs/action
[5.162s] -- Up-to-date: /mnt/nvme0n1/f1tenth_ws/install/teleop_tools_msgs/include/teleop_tools_msgs/action/detail
[5.163s] -- Up-to-date: /mnt/nvme0n1/f1tenth_ws/install/teleop_tools_msgs/include/teleop_tools_msgs/action/detail/increment__rosidl_typesupport_fastrtps_cpp.hpp
[5.163s] -- Up-to-date: /mnt/nvme0n1/f1tenth_ws/install/teleop_tools_msgs/include/teleop_tools_msgs/action/detail/dds_fastrtps
[5.173s] -- Up-to-date: /mnt/nvme0n1/f1tenth_ws/install/teleop_tools_msgs/lib/libteleop_tools_msgs__rosidl_typesupport_fastrtps_cpp.so
[5.177s] -- Up-to-date: /mnt/nvme0n1/f1tenth_ws/install/teleop_tools_msgs/include/teleop_tools_msgs
[5.177s] -- Up-to-date: /mnt/nvme0n1/f1tenth_ws/install/teleop_tools_msgs/include/teleop_tools_msgs/msg
[5.178s] -- Up-to-date: /mnt/nvme0n1/f1tenth_ws/install/teleop_tools_msgs/include/teleop_tools_msgs/msg/rosidl_typesupport_introspection_c__visibility_control.h
[5.178s] -- Up-to-date: /mnt/nvme0n1/f1tenth_ws/install/teleop_tools_msgs/include/teleop_tools_msgs/action
[5.179s] -- Up-to-date: /mnt/nvme0n1/f1tenth_ws/install/teleop_tools_msgs/include/teleop_tools_msgs/action/detail
[5.179s] -- Up-to-date: /mnt/nvme0n1/f1tenth_ws/install/teleop_tools_msgs/include/teleop_tools_msgs/action/detail/increment__rosidl_typesupport_introspection_c.h
[5.180s] -- Up-to-date: /mnt/nvme0n1/f1tenth_ws/install/teleop_tools_msgs/include/teleop_tools_msgs/action/detail/increment__type_support.c
[5.180s] -- Up-to-date: /mnt/nvme0n1/f1tenth_ws/install/teleop_tools_msgs/lib/libteleop_tools_msgs__rosidl_typesupport_introspection_c.so
[5.181s] -- Up-to-date: /mnt/nvme0n1/f1tenth_ws/install/teleop_tools_msgs/lib/libteleop_tools_msgs__rosidl_typesupport_c.so
[5.182s] -- Up-to-date: /mnt/nvme0n1/f1tenth_ws/install/teleop_tools_msgs/include/teleop_tools_msgs
[5.182s] -- Up-to-date: /mnt/nvme0n1/f1tenth_ws/install/teleop_tools_msgs/include/teleop_tools_msgs/msg
[5.183s] -- Up-to-date: /mnt/nvme0n1/f1tenth_ws/install/teleop_tools_msgs/include/teleop_tools_msgs/msg/rosidl_generator_cpp__visibility_control.hpp
[5.183s] -- Up-to-date: /mnt/nvme0n1/f1tenth_ws/install/teleop_tools_msgs/include/teleop_tools_msgs/action
[5.184s] -- Up-to-date: /mnt/nvme0n1/f1tenth_ws/install/teleop_tools_msgs/include/teleop_tools_msgs/action/increment.hpp
[5.184s] -- Up-to-date: /mnt/nvme0n1/f1tenth_ws/install/teleop_tools_msgs/include/teleop_tools_msgs/action/detail
[5.185s] -- Up-to-date: /mnt/nvme0n1/f1tenth_ws/install/teleop_tools_msgs/include/teleop_tools_msgs/action/detail/increment__traits.hpp
[5.186s] -- Up-to-date: /mnt/nvme0n1/f1tenth_ws/install/teleop_tools_msgs/include/teleop_tools_msgs/action/detail/increment__struct.hpp
[5.186s] -- Up-to-date: /mnt/nvme0n1/f1tenth_ws/install/teleop_tools_msgs/include/teleop_tools_msgs/action/detail/increment__builder.hpp
[5.187s] -- Up-to-date: /mnt/nvme0n1/f1tenth_ws/install/teleop_tools_msgs/include/teleop_tools_msgs/action/detail/increment__type_support.hpp
[5.187s] -- Up-to-date: /mnt/nvme0n1/f1tenth_ws/install/teleop_tools_msgs/include/teleop_tools_msgs
[5.187s] -- Up-to-date: /mnt/nvme0n1/f1tenth_ws/install/teleop_tools_msgs/include/teleop_tools_msgs/action
[5.187s] -- Up-to-date: /mnt/nvme0n1/f1tenth_ws/install/teleop_tools_msgs/include/teleop_tools_msgs/action/detail
[5.188s] -- Up-to-date: /mnt/nvme0n1/f1tenth_ws/install/teleop_tools_msgs/include/teleop_tools_msgs/action/detail/increment__rosidl_typesupport_introspection_cpp.hpp
[5.188s] -- Up-to-date: /mnt/nvme0n1/f1tenth_ws/install/teleop_tools_msgs/include/teleop_tools_msgs/action/detail/increment__type_support.cpp
[5.188s] -- Up-to-date: /mnt/nvme0n1/f1tenth_ws/install/teleop_tools_msgs/lib/libteleop_tools_msgs__rosidl_typesupport_introspection_cpp.so
[5.189s] -- Up-to-date: /mnt/nvme0n1/f1tenth_ws/install/teleop_tools_msgs/lib/libteleop_tools_msgs__rosidl_typesupport_cpp.so
[5.189s] -- Up-to-date: /mnt/nvme0n1/f1tenth_ws/install/teleop_tools_msgs/share/teleop_tools_msgs/environment/pythonpath.sh
[5.191s] -- Up-to-date: /mnt/nvme0n1/f1tenth_ws/install/teleop_tools_msgs/share/teleop_tools_msgs/environment/pythonpath.dsv
[5.191s] -- Up-to-date: /mnt/nvme0n1/f1tenth_ws/install/teleop_tools_msgs/lib/python3.8/site-packages/teleop_tools_msgs/__init__.py
[5.363s] -- Up-to-date: /mnt/nvme0n1/f1tenth_ws/install/teleop_tools_msgs/lib/python3.8/site-packages/teleop_tools_msgs/action
[5.363s] -- Up-to-date: /mnt/nvme0n1/f1tenth_ws/install/teleop_tools_msgs/lib/python3.8/site-packages/teleop_tools_msgs/action/__init__.py
[5.363s] -- Up-to-date: /mnt/nvme0n1/f1tenth_ws/install/teleop_tools_msgs/lib/python3.8/site-packages/teleop_tools_msgs/action/_increment.py
[5.364s] -- Up-to-date: /mnt/nvme0n1/f1tenth_ws/install/teleop_tools_msgs/lib/python3.8/site-packages/teleop_tools_msgs/action/_increment_s.c
[5.364s] -- Up-to-date: /mnt/nvme0n1/f1tenth_ws/install/teleop_tools_msgs/lib/python3.8/site-packages/teleop_tools_msgs/teleop_tools_msgs_s__rosidl_typesupport_fastrtps_c.cpython-38-aarch64-linux-gnu.so
[5.390s] -- Up-to-date: /mnt/nvme0n1/f1tenth_ws/install/teleop_tools_msgs/lib/python3.8/site-packages/teleop_tools_msgs/teleop_tools_msgs_s__rosidl_typesupport_introspection_c.cpython-38-aarch64-linux-gnu.so
[5.392s] -- Up-to-date: /mnt/nvme0n1/f1tenth_ws/install/teleop_tools_msgs/lib/python3.8/site-packages/teleop_tools_msgs/teleop_tools_msgs_s__rosidl_typesupport_c.cpython-38-aarch64-linux-gnu.so
[5.398s] -- Up-to-date: /mnt/nvme0n1/f1tenth_ws/install/teleop_tools_msgs/lib/libteleop_tools_msgs__python.so
[5.399s] -- Up-to-date: /mnt/nvme0n1/f1tenth_ws/install/teleop_tools_msgs/share/teleop_tools_msgs/action/Increment.idl
[5.401s] -- Up-to-date: /mnt/nvme0n1/f1tenth_ws/install/teleop_tools_msgs/share/teleop_tools_msgs/action/Increment.action
[5.403s] -- Up-to-date: /mnt/nvme0n1/f1tenth_ws/install/teleop_tools_msgs/share/ament_index/resource_index/package_run_dependencies/teleop_tools_msgs
[5.405s] -- Up-to-date: /mnt/nvme0n1/f1tenth_ws/install/teleop_tools_msgs/share/ament_index/resource_index/parent_prefix_path/teleop_tools_msgs
[5.407s] -- Up-to-date: /mnt/nvme0n1/f1tenth_ws/install/teleop_tools_msgs/share/teleop_tools_msgs/environment/ament_prefix_path.sh
[5.412s] -- Up-to-date: /mnt/nvme0n1/f1tenth_ws/install/teleop_tools_msgs/share/teleop_tools_msgs/environment/ament_prefix_path.dsv
[5.413s] -- Up-to-date: /mnt/nvme0n1/f1tenth_ws/install/teleop_tools_msgs/share/teleop_tools_msgs/environment/path.sh
[5.413s] -- Up-to-date: /mnt/nvme0n1/f1tenth_ws/install/teleop_tools_msgs/share/teleop_tools_msgs/environment/path.dsv
[5.413s] -- Up-to-date: /mnt/nvme0n1/f1tenth_ws/install/teleop_tools_msgs/share/teleop_tools_msgs/local_setup.bash
[5.414s] -- Up-to-date: /mnt/nvme0n1/f1tenth_ws/install/teleop_tools_msgs/share/teleop_tools_msgs/local_setup.sh
[5.415s] -- Up-to-date: /mnt/nvme0n1/f1tenth_ws/install/teleop_tools_msgs/share/teleop_tools_msgs/local_setup.zsh
[5.416s] -- Up-to-date: /mnt/nvme0n1/f1tenth_ws/install/teleop_tools_msgs/share/teleop_tools_msgs/local_setup.dsv
[5.416s] -- Installing: /mnt/nvme0n1/f1tenth_ws/install/teleop_tools_msgs/share/teleop_tools_msgs/package.dsv
[5.417s] -- Up-to-date: /mnt/nvme0n1/f1tenth_ws/install/teleop_tools_msgs/share/ament_index/resource_index/packages/teleop_tools_msgs
[5.419s] -- Up-to-date: /mnt/nvme0n1/f1tenth_ws/install/teleop_tools_msgs/share/teleop_tools_msgs/cmake/teleop_tools_msgs__rosidl_generator_cExport.cmake
[5.427s] -- Up-to-date: /mnt/nvme0n1/f1tenth_ws/install/teleop_tools_msgs/share/teleop_tools_msgs/cmake/teleop_tools_msgs__rosidl_generator_cExport-noconfig.cmake
[5.428s] -- Up-to-date: /mnt/nvme0n1/f1tenth_ws/install/teleop_tools_msgs/share/teleop_tools_msgs/cmake/teleop_tools_msgs__rosidl_typesupport_introspection_cExport.cmake
[5.429s] -- Up-to-date: /mnt/nvme0n1/f1tenth_ws/install/teleop_tools_msgs/share/teleop_tools_msgs/cmake/teleop_tools_msgs__rosidl_typesupport_introspection_cExport-noconfig.cmake
[5.432s] -- Up-to-date: /mnt/nvme0n1/f1tenth_ws/install/teleop_tools_msgs/share/teleop_tools_msgs/cmake/teleop_tools_msgs__rosidl_typesupport_cExport.cmake
[5.433s] -- Up-to-date: /mnt/nvme0n1/f1tenth_ws/install/teleop_tools_msgs/share/teleop_tools_msgs/cmake/teleop_tools_msgs__rosidl_typesupport_cExport-noconfig.cmake
[5.433s] -- Up-to-date: /mnt/nvme0n1/f1tenth_ws/install/teleop_tools_msgs/share/teleop_tools_msgs/cmake/teleop_tools_msgs__rosidl_generator_cppExport.cmake
[5.445s] -- Up-to-date: /mnt/nvme0n1/f1tenth_ws/install/teleop_tools_msgs/share/teleop_tools_msgs/cmake/teleop_tools_msgs__rosidl_typesupport_introspection_cppExport.cmake
[5.446s] -- Up-to-date: /mnt/nvme0n1/f1tenth_ws/install/teleop_tools_msgs/share/teleop_tools_msgs/cmake/teleop_tools_msgs__rosidl_typesupport_introspection_cppExport-noconfig.cmake
[5.453s] -- Up-to-date: /mnt/nvme0n1/f1tenth_ws/install/teleop_tools_msgs/share/teleop_tools_msgs/cmake/teleop_tools_msgs__rosidl_typesupport_cppExport.cmake
[5.454s] -- Up-to-date: /mnt/nvme0n1/f1tenth_ws/install/teleop_tools_msgs/share/teleop_tools_msgs/cmake/teleop_tools_msgs__rosidl_typesupport_cppExport-noconfig.cmake
[5.455s] -- Up-to-date: /mnt/nvme0n1/f1tenth_ws/install/teleop_tools_msgs/share/teleop_tools_msgs/cmake/rosidl_cmake-extras.cmake
[5.461s] -- Up-to-date: /mnt/nvme0n1/f1tenth_ws/install/teleop_tools_msgs/share/teleop_tools_msgs/cmake/ament_cmake_export_dependencies-extras.cmake
[5.466s] -- Up-to-date: /mnt/nvme0n1/f1tenth_ws/install/teleop_tools_msgs/share/teleop_tools_msgs/cmake/ament_cmake_export_libraries-extras.cmake
[5.467s] -- Up-to-date: /mnt/nvme0n1/f1tenth_ws/install/teleop_tools_msgs/share/teleop_tools_msgs/cmake/ament_cmake_export_targets-extras.cmake
[5.468s] -- Up-to-date: /mnt/nvme0n1/f1tenth_ws/install/teleop_tools_msgs/share/teleop_tools_msgs/cmake/ament_cmake_export_include_directories-extras.cmake
[5.470s] -- Up-to-date: /mnt/nvme0n1/f1tenth_ws/install/teleop_tools_msgs/share/teleop_tools_msgs/cmake/rosidl_cmake_export_typesupport_libraries-extras.cmake
[5.470s] -- Up-to-date: /mnt/nvme0n1/f1tenth_ws/install/teleop_tools_msgs/share/teleop_tools_msgs/cmake/rosidl_cmake_export_typesupport_targets-extras.cmake
[5.471s] -- Up-to-date: /mnt/nvme0n1/f1tenth_ws/install/teleop_tools_msgs/share/teleop_tools_msgs/cmake/teleop_tools_msgsConfig.cmake
[5.472s] -- Up-to-date: /mnt/nvme0n1/f1tenth_ws/install/teleop_tools_msgs/share/teleop_tools_msgs/cmake/teleop_tools_msgsConfig-version.cmake
[5.473s] -- Up-to-date: /mnt/nvme0n1/f1tenth_ws/install/teleop_tools_msgs/share/teleop_tools_msgs/package.xml
[6.660s] Invoked command in '/mnt/nvme0n1/f1tenth_ws/build/teleop_tools_msgs' returned '0': CMAKE_PREFIX_PATH=${CMAKE_PREFIX_PATH}:/home/f1tenth/f1tenth-ws/install/f1tenth_stack:/home/f1tenth/f1tenth-ws/install/joy_teleop:/home/f1tenth/f1tenth-ws/install/mouse_teleop:/home/f1tenth/f1tenth-ws/install/key_teleop:/home/f1tenth/f1tenth-ws/install/example_py:/opt/ros/foxy /usr/bin/cmake --install /mnt/nvme0n1/f1tenth_ws/build/teleop_tools_msgs
