[1.446s] Invoking command in '/home/f1tenth/f1tenth-ws/build/ackermann_mux': CMAKE_PREFIX_PATH=${CMAKE_PREFIX_PATH}:/home/f1tenth/f1tenth-ws/install/f1tenth_stack:/home/f1tenth/f1tenth-ws/install/joy_teleop:/home/f1tenth/f1tenth-ws/install/particle_filter:/home/f1tenth/f1tenth-ws/install/mouse_teleop:/home/f1tenth/f1tenth-ws/install/key_teleop:/home/f1tenth/f1tenth-ws/install/example_py:/home/f1tenth/f1tenth-ws/install/autonomous_drive:/opt/ros/foxy /usr/bin/cmake --build /home/f1tenth/f1tenth-ws/build/ackermann_mux -- -j4 -l4
[3.550s] [100%] Built target ackermann_mux
[3.552s] Invoked command in '/home/f1tenth/f1tenth-ws/build/ackermann_mux' returned '0': CMAKE_PREFIX_PATH=${CMAKE_PREFIX_PATH}:/home/f1tenth/f1tenth-ws/install/f1tenth_stack:/home/f1tenth/f1tenth-ws/install/joy_teleop:/home/f1tenth/f1tenth-ws/install/particle_filter:/home/f1tenth/f1tenth-ws/install/mouse_teleop:/home/f1tenth/f1tenth-ws/install/key_teleop:/home/f1tenth/f1tenth-ws/install/example_py:/home/f1tenth/f1tenth-ws/install/autonomous_drive:/opt/ros/foxy /usr/bin/cmake --build /home/f1tenth/f1tenth-ws/build/ackermann_mux -- -j4 -l4
[3.767s] Invoking command in '/home/f1tenth/f1tenth-ws/build/ackermann_mux': CMAKE_PREFIX_PATH=${CMAKE_PREFIX_PATH}:/home/f1tenth/f1tenth-ws/install/f1tenth_stack:/home/f1tenth/f1tenth-ws/install/joy_teleop:/home/f1tenth/f1tenth-ws/install/particle_filter:/home/f1tenth/f1tenth-ws/install/mouse_teleop:/home/f1tenth/f1tenth-ws/install/key_teleop:/home/f1tenth/f1tenth-ws/install/example_py:/home/f1tenth/f1tenth-ws/install/autonomous_drive:/opt/ros/foxy /usr/bin/cmake --install /home/f1tenth/f1tenth-ws/build/ackermann_mux
[3.824s] -- Install configuration: ""
[3.829s] -- Up-to-date: /home/f1tenth/f1tenth-ws/install/ackermann_mux/lib/ackermann_mux/ackermann_mux
[3.831s] -- Up-to-date: /home/f1tenth/f1tenth-ws/install/ackermann_mux/share/ackermann_mux/launch
[3.832s] -- Up-to-date: /home/f1tenth/f1tenth-ws/install/ackermann_mux/share/ackermann_mux/launch/ackermann_mux_launch.py
[3.832s] -- Up-to-date: /home/f1tenth/f1tenth-ws/install/ackermann_mux/share/ackermann_mux/config
[3.833s] -- Up-to-date: /home/f1tenth/f1tenth-ws/install/ackermann_mux/share/ackermann_mux/config/ackermann_mux_topics.yaml
[3.834s] -- Up-to-date: /home/f1tenth/f1tenth-ws/install/ackermann_mux/share/ackermann_mux/config/ackermann_mux_locks.yaml
[3.837s] -- Up-to-date: /home/f1tenth/f1tenth-ws/install/ackermann_mux/share/ackermann_mux/config/joystick.yaml
[3.837s] -- Up-to-date: /home/f1tenth/f1tenth-ws/install/ackermann_mux/include
[3.837s] -- Up-to-date: /home/f1tenth/f1tenth-ws/install/ackermann_mux/include/ackermann_mux
[3.838s] -- Up-to-date: /home/f1tenth/f1tenth-ws/install/ackermann_mux/include/ackermann_mux/ackermann_mux_diagnostics_status.hpp
[3.839s] -- Up-to-date: /home/f1tenth/f1tenth-ws/install/ackermann_mux/include/ackermann_mux/ackermann_mux.hpp
[3.839s] -- Up-to-date: /home/f1tenth/f1tenth-ws/install/ackermann_mux/include/ackermann_mux/utils.hpp
[3.841s] -- Up-to-date: /home/f1tenth/f1tenth-ws/install/ackermann_mux/include/ackermann_mux/topic_handle.hpp
[3.842s] -- Up-to-date: /home/f1tenth/f1tenth-ws/install/ackermann_mux/include/ackermann_mux/params_helpers.hpp
[3.842s] -- Up-to-date: /home/f1tenth/f1tenth-ws/install/ackermann_mux/include/ackermann_mux/ackermann_mux_diagnostics.hpp
[3.842s] -- Up-to-date: /home/f1tenth/f1tenth-ws/install/ackermann_mux/share/ament_index/resource_index/package_run_dependencies/ackermann_mux
[3.843s] -- Up-to-date: /home/f1tenth/f1tenth-ws/install/ackermann_mux/share/ament_index/resource_index/parent_prefix_path/ackermann_mux
[3.844s] -- Up-to-date: /home/f1tenth/f1tenth-ws/install/ackermann_mux/share/ackermann_mux/environment/ament_prefix_path.sh
[3.844s] -- Up-to-date: /home/f1tenth/f1tenth-ws/install/ackermann_mux/share/ackermann_mux/environment/ament_prefix_path.dsv
[3.846s] -- Up-to-date: /home/f1tenth/f1tenth-ws/install/ackermann_mux/share/ackermann_mux/environment/path.sh
[3.847s] -- Up-to-date: /home/f1tenth/f1tenth-ws/install/ackermann_mux/share/ackermann_mux/environment/path.dsv
[3.847s] -- Up-to-date: /home/f1tenth/f1tenth-ws/install/ackermann_mux/share/ackermann_mux/local_setup.bash
[3.848s] -- Up-to-date: /home/f1tenth/f1tenth-ws/install/ackermann_mux/share/ackermann_mux/local_setup.sh
[3.848s] -- Up-to-date: /home/f1tenth/f1tenth-ws/install/ackermann_mux/share/ackermann_mux/local_setup.zsh
[3.848s] -- Up-to-date: /home/f1tenth/f1tenth-ws/install/ackermann_mux/share/ackermann_mux/local_setup.dsv
[3.848s] -- Installing: /home/f1tenth/f1tenth-ws/install/ackermann_mux/share/ackermann_mux/package.dsv
[3.849s] -- Up-to-date: /home/f1tenth/f1tenth-ws/install/ackermann_mux/share/ament_index/resource_index/packages/ackermann_mux
[3.852s] -- Up-to-date: /home/f1tenth/f1tenth-ws/install/ackermann_mux/share/ackermann_mux/cmake/ament_cmake_export_include_directories-extras.cmake
[3.854s] -- Up-to-date: /home/f1tenth/f1tenth-ws/install/ackermann_mux/share/ackermann_mux/cmake/ament_cmake_export_dependencies-extras.cmake
[3.870s] -- Up-to-date: /home/f1tenth/f1tenth-ws/install/ackermann_mux/share/ackermann_mux/cmake/ackermann_muxConfig.cmake
[3.870s] -- Up-to-date: /home/f1tenth/f1tenth-ws/install/ackermann_mux/share/ackermann_mux/cmake/ackermann_muxConfig-version.cmake
[3.870s] -- Up-to-date: /home/f1tenth/f1tenth-ws/install/ackermann_mux/share/ackermann_mux/package.xml
[3.871s] Invoked command in '/home/f1tenth/f1tenth-ws/build/ackermann_mux' returned '0': CMAKE_PREFIX_PATH=${CMAKE_PREFIX_PATH}:/home/f1tenth/f1tenth-ws/install/f1tenth_stack:/home/f1tenth/f1tenth-ws/install/joy_teleop:/home/f1tenth/f1tenth-ws/install/particle_filter:/home/f1tenth/f1tenth-ws/install/mouse_teleop:/home/f1tenth/f1tenth-ws/install/key_teleop:/home/f1tenth/f1tenth-ws/install/example_py:/home/f1tenth/f1tenth-ws/install/autonomous_drive:/opt/ros/foxy /usr/bin/cmake --install /home/f1tenth/f1tenth-ws/build/ackermann_mux
