[1.908s] Invoking command in '/home/f1tenth/f1tenth-ws/build/ackermann_mux': CMAKE_PREFIX_PATH=${CMAKE_PREFIX_PATH}:/home/f1tenth/f1tenth-ws/install/f1tenth_stack:/home/f1tenth/f1tenth-ws/install/joy_teleop:/home/f1tenth/f1tenth-ws/install/particle_filter:/home/f1tenth/f1tenth-ws/install/mouse_teleop:/home/f1tenth/f1tenth-ws/install/key_teleop:/home/f1tenth/f1tenth-ws/install/example_py:/home/f1tenth/f1tenth-ws/install/autonomous_drive:/opt/ros/foxy /usr/bin/cmake --build /home/f1tenth/f1tenth-ws/build/ackermann_mux -- -j4 -l4
[4.819s] [100%] Built target ackermann_mux
[4.821s] Invoked command in '/home/f1tenth/f1tenth-ws/build/ackermann_mux' returned '0': CMAKE_PREFIX_PATH=${CMAKE_PREFIX_PATH}:/home/f1tenth/f1tenth-ws/install/f1tenth_stack:/home/f1tenth/f1tenth-ws/install/joy_teleop:/home/f1tenth/f1tenth-ws/install/particle_filter:/home/f1tenth/f1tenth-ws/install/mouse_teleop:/home/f1tenth/f1tenth-ws/install/key_teleop:/home/f1tenth/f1tenth-ws/install/example_py:/home/f1tenth/f1tenth-ws/install/autonomous_drive:/opt/ros/foxy /usr/bin/cmake --build /home/f1tenth/f1tenth-ws/build/ackermann_mux -- -j4 -l4
[5.135s] Invoking command in '/home/f1tenth/f1tenth-ws/build/ackermann_mux': CMAKE_PREFIX_PATH=${CMAKE_PREFIX_PATH}:/home/f1tenth/f1tenth-ws/install/f1tenth_stack:/home/f1tenth/f1tenth-ws/install/joy_teleop:/home/f1tenth/f1tenth-ws/install/particle_filter:/home/f1tenth/f1tenth-ws/install/mouse_teleop:/home/f1tenth/f1tenth-ws/install/key_teleop:/home/f1tenth/f1tenth-ws/install/example_py:/home/f1tenth/f1tenth-ws/install/autonomous_drive:/opt/ros/foxy /usr/bin/cmake --install /home/f1tenth/f1tenth-ws/build/ackermann_mux
[5.247s] -- Install configuration: ""
[5.258s] -- Up-to-date: /home/f1tenth/f1tenth-ws/install/ackermann_mux/lib/ackermann_mux/ackermann_mux
[5.266s] -- Up-to-date: /home/f1tenth/f1tenth-ws/install/ackermann_mux/share/ackermann_mux/launch
[5.267s] -- Up-to-date: /home/f1tenth/f1tenth-ws/install/ackermann_mux/share/ackermann_mux/launch/ackermann_mux_launch.py
[5.269s] -- Up-to-date: /home/f1tenth/f1tenth-ws/install/ackermann_mux/share/ackermann_mux/config
[5.270s] -- Up-to-date: /home/f1tenth/f1tenth-ws/install/ackermann_mux/share/ackermann_mux/config/ackermann_mux_topics.yaml
[5.272s] -- Up-to-date: /home/f1tenth/f1tenth-ws/install/ackermann_mux/share/ackermann_mux/config/ackermann_mux_locks.yaml
[5.273s] -- Up-to-date: /home/f1tenth/f1tenth-ws/install/ackermann_mux/share/ackermann_mux/config/joystick.yaml
[5.274s] -- Up-to-date: /home/f1tenth/f1tenth-ws/install/ackermann_mux/include
[5.276s] -- Up-to-date: /home/f1tenth/f1tenth-ws/install/ackermann_mux/include/ackermann_mux
[5.277s] -- Up-to-date: /home/f1tenth/f1tenth-ws/install/ackermann_mux/include/ackermann_mux/ackermann_mux_diagnostics_status.hpp
[5.278s] -- Up-to-date: /home/f1tenth/f1tenth-ws/install/ackermann_mux/include/ackermann_mux/ackermann_mux.hpp
[5.279s] -- Up-to-date: /home/f1tenth/f1tenth-ws/install/ackermann_mux/include/ackermann_mux/utils.hpp
[5.280s] -- Up-to-date: /home/f1tenth/f1tenth-ws/install/ackermann_mux/include/ackermann_mux/topic_handle.hpp
[5.283s] -- Up-to-date: /home/f1tenth/f1tenth-ws/install/ackermann_mux/include/ackermann_mux/params_helpers.hpp
[5.284s] -- Up-to-date: /home/f1tenth/f1tenth-ws/install/ackermann_mux/include/ackermann_mux/ackermann_mux_diagnostics.hpp
[5.285s] -- Up-to-date: /home/f1tenth/f1tenth-ws/install/ackermann_mux/share/ament_index/resource_index/package_run_dependencies/ackermann_mux
[5.287s] -- Up-to-date: /home/f1tenth/f1tenth-ws/install/ackermann_mux/share/ament_index/resource_index/parent_prefix_path/ackermann_mux
[5.289s] -- Up-to-date: /home/f1tenth/f1tenth-ws/install/ackermann_mux/share/ackermann_mux/environment/ament_prefix_path.sh
[5.291s] -- Up-to-date: /home/f1tenth/f1tenth-ws/install/ackermann_mux/share/ackermann_mux/environment/ament_prefix_path.dsv
[5.295s] -- Up-to-date: /home/f1tenth/f1tenth-ws/install/ackermann_mux/share/ackermann_mux/environment/path.sh
[5.297s] -- Up-to-date: /home/f1tenth/f1tenth-ws/install/ackermann_mux/share/ackermann_mux/environment/path.dsv
[5.299s] -- Up-to-date: /home/f1tenth/f1tenth-ws/install/ackermann_mux/share/ackermann_mux/local_setup.bash
[5.301s] -- Up-to-date: /home/f1tenth/f1tenth-ws/install/ackermann_mux/share/ackermann_mux/local_setup.sh
[5.302s] -- Up-to-date: /home/f1tenth/f1tenth-ws/install/ackermann_mux/share/ackermann_mux/local_setup.zsh
[5.304s] -- Up-to-date: /home/f1tenth/f1tenth-ws/install/ackermann_mux/share/ackermann_mux/local_setup.dsv
[5.306s] -- Installing: /home/f1tenth/f1tenth-ws/install/ackermann_mux/share/ackermann_mux/package.dsv
[5.308s] -- Up-to-date: /home/f1tenth/f1tenth-ws/install/ackermann_mux/share/ament_index/resource_index/packages/ackermann_mux
[5.310s] -- Up-to-date: /home/f1tenth/f1tenth-ws/install/ackermann_mux/share/ackermann_mux/cmake/ament_cmake_export_include_directories-extras.cmake
[5.313s] -- Up-to-date: /home/f1tenth/f1tenth-ws/install/ackermann_mux/share/ackermann_mux/cmake/ament_cmake_export_dependencies-extras.cmake
[5.314s] -- Up-to-date: /home/f1tenth/f1tenth-ws/install/ackermann_mux/share/ackermann_mux/cmake/ackermann_muxConfig.cmake
[5.315s] -- Up-to-date: /home/f1tenth/f1tenth-ws/install/ackermann_mux/share/ackermann_mux/cmake/ackermann_muxConfig-version.cmake
[5.317s] -- Up-to-date: /home/f1tenth/f1tenth-ws/install/ackermann_mux/share/ackermann_mux/package.xml
[5.330s] Invoked command in '/home/f1tenth/f1tenth-ws/build/ackermann_mux' returned '0': CMAKE_PREFIX_PATH=${CMAKE_PREFIX_PATH}:/home/f1tenth/f1tenth-ws/install/f1tenth_stack:/home/f1tenth/f1tenth-ws/install/joy_teleop:/home/f1tenth/f1tenth-ws/install/particle_filter:/home/f1tenth/f1tenth-ws/install/mouse_teleop:/home/f1tenth/f1tenth-ws/install/key_teleop:/home/f1tenth/f1tenth-ws/install/example_py:/home/f1tenth/f1tenth-ws/install/autonomous_drive:/opt/ros/foxy /usr/bin/cmake --install /home/f1tenth/f1tenth-ws/build/ackermann_mux
