[9.664s] Invoking command in '/home/f1tenth/f1tenth-ws/src/f1tenth_system/teleop_tools/mouse_teleop': PYTHONPATH=/home/f1tenth/f1tenth-ws/build/mouse_teleop/prefix_override:/home/f1tenth/f1tenth-ws/install/mouse_teleop/lib/python3.8/site-packages:${PYTHONPATH} /usr/bin/python3 setup.py egg_info --egg-base ../../../../build/mouse_teleop build --build-base /home/f1tenth/f1tenth-ws/build/mouse_teleop/build install --record /home/f1tenth/f1tenth-ws/build/mouse_teleop/install.log --install-scripts $base/lib/mouse_teleop --single-version-externally-managed
[11.038s] running egg_info
[11.042s] writing ../../../../build/mouse_teleop/mouse_teleop.egg-info/PKG-INFO
[11.043s] writing dependency_links to ../../../../build/mouse_teleop/mouse_teleop.egg-info/dependency_links.txt
[11.044s] writing entry points to ../../../../build/mouse_teleop/mouse_teleop.egg-info/entry_points.txt
[11.045s] writing requirements to ../../../../build/mouse_teleop/mouse_teleop.egg-info/requires.txt
[11.046s] writing top-level names to ../../../../build/mouse_teleop/mouse_teleop.egg-info/top_level.txt
[11.046s] reading manifest file '../../../../build/mouse_teleop/mouse_teleop.egg-info/SOURCES.txt'
[11.088s] writing manifest file '../../../../build/mouse_teleop/mouse_teleop.egg-info/SOURCES.txt'
[11.088s] running build
[11.088s] running build_py
[11.089s] running install
[11.089s] running install_lib
[11.090s] running install_data
[11.090s] running install_egg_info
[11.090s] removing '/home/f1tenth/f1tenth-ws/install/mouse_teleop/lib/python3.8/site-packages/mouse_teleop-0.3.0-py3.8.egg-info' (and everything under it)
[11.091s] Copying ../../../../build/mouse_teleop/mouse_teleop.egg-info to /home/f1tenth/f1tenth-ws/install/mouse_teleop/lib/python3.8/site-packages/mouse_teleop-0.3.0-py3.8.egg-info
[11.091s] running install_scripts
[11.172s] Installing mouse_teleop script to /home/f1tenth/f1tenth-ws/install/mouse_teleop/lib/mouse_teleop
[11.175s] writing list of installed files to '/home/f1tenth/f1tenth-ws/build/mouse_teleop/install.log'
[13.762s] Invoked command in '/home/f1tenth/f1tenth-ws/src/f1tenth_system/teleop_tools/mouse_teleop' returned '0': PYTHONPATH=/home/f1tenth/f1tenth-ws/build/mouse_teleop/prefix_override:/home/f1tenth/f1tenth-ws/install/mouse_teleop/lib/python3.8/site-packages:${PYTHONPATH} /usr/bin/python3 setup.py egg_info --egg-base ../../../../build/mouse_teleop build --build-base /home/f1tenth/f1tenth-ws/build/mouse_teleop/build install --record /home/f1tenth/f1tenth-ws/build/mouse_teleop/install.log --install-scripts $base/lib/mouse_teleop --single-version-externally-managed
