[1.087s] Invoking command in '/home/william/sim_ws/build/learning_parameter_cpp': CMAKE_PREFIX_PATH=/opt/ros/foxy /usr/bin/cmake /home/william/sim_ws/src/ros2_21_tutorials-master/learning_parameter_cpp -DCMAKE_INSTALL_PREFIX=/home/william/sim_ws/install/learning_parameter_cpp
[1.313s] -- The C compiler identification is GNU 9.4.0
[1.479s] -- The CXX compiler identification is GNU 9.4.0
[1.485s] -- Check for working C compiler: /usr/bin/cc
[1.658s] -- Check for working C compiler: /usr/bin/cc -- works
[1.659s] -- Detecting C compiler ABI info
[1.760s] -- Detecting C compiler ABI info - done
[1.776s] -- Detecting C compile features
[1.776s] -- Detecting C compile features - done
[1.780s] -- Check for working CXX compiler: /usr/bin/c++
[1.910s] -- Check for working CXX compiler: /usr/bin/c++ -- works
[1.918s] -- Detecting CXX compiler ABI info
[2.015s] -- Detecting CXX compiler ABI info - done
[2.035s] -- Detecting CXX compile features
[2.035s] -- Detecting CXX compile features - done
[2.038s] -- Found ament_cmake: 0.9.12 (/opt/ros/foxy/share/ament_cmake/cmake)
[2.068s] -- Found PythonInterp: /usr/bin/python3 (found suitable version "3.8.10", minimum required is "3") 
[2.068s] -- Using PYTHON_EXECUTABLE: /usr/bin/python3
[2.273s] -- Found rclcpp: 2.4.3 (/opt/ros/foxy/share/rclcpp/cmake)
[2.320s] -- Using all available rosidl_typesupport_c: rosidl_typesupport_fastrtps_c;rosidl_typesupport_introspection_c
[2.326s] -- Found rosidl_adapter: 1.3.1 (/opt/ros/foxy/share/rosidl_adapter/cmake)
[2.421s] -- Found OpenSSL: /usr/lib/x86_64-linux-gnu/libcrypto.so (found version "1.1.1f")  
[2.455s] -- Found FastRTPS: /opt/ros/foxy/include  
[2.566s] -- Using all available rosidl_typesupport_cpp: rosidl_typesupport_fastrtps_cpp;rosidl_typesupport_introspection_cpp
[2.653s] -- Found rmw_implementation_cmake: 1.0.4 (/opt/ros/foxy/share/rmw_implementation_cmake/cmake)
[2.655s] -- Using RMW implementation 'rmw_fastrtps_cpp' as default
[2.657s] -- Looking for pthread.h
[2.754s] -- Looking for pthread.h - found
[2.754s] -- Performing Test CMAKE_HAVE_LIBC_PTHREAD
[2.853s] -- Performing Test CMAKE_HAVE_LIBC_PTHREAD - Failed
[2.853s] -- Looking for pthread_create in pthreads
[2.938s] -- Looking for pthread_create in pthreads - not found
[2.938s] -- Looking for pthread_create in pthread
[3.040s] -- Looking for pthread_create in pthread - found
[3.042s] -- Found Threads: TRUE  
[3.312s] -- Found ament_lint_auto: 0.9.8 (/opt/ros/foxy/share/ament_lint_auto/cmake)
[3.424s] -- Added test 'cppcheck' to perform static code analysis on C / C++ code
[3.425s] -- Configured cppcheck include dirs: 
[3.425s] -- Configured cppcheck exclude dirs and/or files: 
[3.426s] -- Added test 'lint_cmake' to check CMake code style
[3.427s] -- Added test 'uncrustify' to check C / C++ code style
[3.427s] -- Configured uncrustify additional arguments: 
[3.428s] -- Added test 'xmllint' to check XML markup files
[3.432s] -- Configuring done
[3.438s] -- Generating done
[3.440s] -- Build files have been written to: /home/william/sim_ws/build/learning_parameter_cpp
