[2.368s] Invoking command in '/home/f1tenth/f1tenth-ws/build/vesc_msgs': CMAKE_PREFIX_PATH=${CMAKE_PREFIX_PATH}:/home/f1tenth/f1tenth-ws/install/f1tenth_stack:/home/f1tenth/f1tenth-ws/install/joy_teleop:/home/f1tenth/f1tenth-ws/install/particle_filter:/home/f1tenth/f1tenth-ws/install/mouse_teleop:/home/f1tenth/f1tenth-ws/install/key_teleop:/home/f1tenth/f1tenth-ws/install/example_py:/home/f1tenth/f1tenth-ws/install/autonomous_drive:/opt/ros/foxy /usr/bin/cmake --build /home/f1tenth/f1tenth-ws/build/vesc_msgs -- -j4 -l4
[4.661s] [  1%] Built target vesc_msgs__cpp
[4.664s] [ 12%] Built target vesc_msgs__rosidl_generator_c
[4.666s] [ 23%] Built target vesc_msgs__rosidl_typesupport_cpp
[4.668s] [ 34%] Built target vesc_msgs__rosidl_typesupport_fastrtps_cpp
[4.670s] [ 45%] Built target vesc_msgs__rosidl_typesupport_introspection_cpp
[4.671s] [ 56%] Built target vesc_msgs__rosidl_typesupport_c
[4.672s] [ 67%] Built target vesc_msgs__rosidl_typesupport_introspection_c
[4.673s] [ 78%] Built target vesc_msgs__rosidl_typesupport_fastrtps_c
[4.683s] [ 78%] Built target vesc_msgs
[4.685s] [ 80%] Built target vesc_msgs__py
[4.688s] [ 89%] Built target vesc_msgs__python
[4.695s] [ 92%] Built target vesc_msgs__rosidl_typesupport_fastrtps_c__pyext
[4.697s] [ 96%] Built target vesc_msgs__rosidl_typesupport_c__pyext
[4.698s] [100%] Built target vesc_msgs__rosidl_typesupport_introspection_c__pyext
[4.715s] Invoked command in '/home/f1tenth/f1tenth-ws/build/vesc_msgs' returned '0': CMAKE_PREFIX_PATH=${CMAKE_PREFIX_PATH}:/home/f1tenth/f1tenth-ws/install/f1tenth_stack:/home/f1tenth/f1tenth-ws/install/joy_teleop:/home/f1tenth/f1tenth-ws/install/particle_filter:/home/f1tenth/f1tenth-ws/install/mouse_teleop:/home/f1tenth/f1tenth-ws/install/key_teleop:/home/f1tenth/f1tenth-ws/install/example_py:/home/f1tenth/f1tenth-ws/install/autonomous_drive:/opt/ros/foxy /usr/bin/cmake --build /home/f1tenth/f1tenth-ws/build/vesc_msgs -- -j4 -l4
[5.592s] Invoking command in '/home/f1tenth/f1tenth-ws/build/vesc_msgs': CMAKE_PREFIX_PATH=${CMAKE_PREFIX_PATH}:/home/f1tenth/f1tenth-ws/install/f1tenth_stack:/home/f1tenth/f1tenth-ws/install/joy_teleop:/home/f1tenth/f1tenth-ws/install/particle_filter:/home/f1tenth/f1tenth-ws/install/mouse_teleop:/home/f1tenth/f1tenth-ws/install/key_teleop:/home/f1tenth/f1tenth-ws/install/example_py:/home/f1tenth/f1tenth-ws/install/autonomous_drive:/opt/ros/foxy /usr/bin/cmake --install /home/f1tenth/f1tenth-ws/build/vesc_msgs
[5.664s] -- Install configuration: ""
[5.667s] -- Up-to-date: /home/f1tenth/f1tenth-ws/install/vesc_msgs/share/ament_index/resource_index/rosidl_interfaces/vesc_msgs
[5.668s] -- Up-to-date: /home/f1tenth/f1tenth-ws/install/vesc_msgs/include/vesc_msgs
[5.669s] -- Up-to-date: /home/f1tenth/f1tenth-ws/install/vesc_msgs/include/vesc_msgs/msg
[5.669s] -- Up-to-date: /home/f1tenth/f1tenth-ws/install/vesc_msgs/include/vesc_msgs/msg/detail
[5.669s] -- Up-to-date: /home/f1tenth/f1tenth-ws/install/vesc_msgs/include/vesc_msgs/msg/detail/vesc_imu_stamped__struct.h
[5.670s] -- Up-to-date: /home/f1tenth/f1tenth-ws/install/vesc_msgs/include/vesc_msgs/msg/detail/vesc_state__functions.c
[5.670s] -- Up-to-date: /home/f1tenth/f1tenth-ws/install/vesc_msgs/include/vesc_msgs/msg/detail/vesc_state__type_support.h
[5.671s] -- Up-to-date: /home/f1tenth/f1tenth-ws/install/vesc_msgs/include/vesc_msgs/msg/detail/vesc_imu__struct.h
[5.671s] -- Up-to-date: /home/f1tenth/f1tenth-ws/install/vesc_msgs/include/vesc_msgs/msg/detail/vesc_state_stamped__functions.h
[5.671s] -- Up-to-date: /home/f1tenth/f1tenth-ws/install/vesc_msgs/include/vesc_msgs/msg/detail/vesc_state__struct.h
[5.672s] -- Up-to-date: /home/f1tenth/f1tenth-ws/install/vesc_msgs/include/vesc_msgs/msg/detail/vesc_state_stamped__struct.h
[5.672s] -- Up-to-date: /home/f1tenth/f1tenth-ws/install/vesc_msgs/include/vesc_msgs/msg/detail/vesc_imu__type_support.h
[5.675s] -- Up-to-date: /home/f1tenth/f1tenth-ws/install/vesc_msgs/include/vesc_msgs/msg/detail/vesc_imu_stamped__type_support.h
[5.676s] -- Up-to-date: /home/f1tenth/f1tenth-ws/install/vesc_msgs/include/vesc_msgs/msg/detail/vesc_state_stamped__type_support.h
[5.676s] -- Up-to-date: /home/f1tenth/f1tenth-ws/install/vesc_msgs/include/vesc_msgs/msg/detail/vesc_imu__functions.c
[5.676s] -- Up-to-date: /home/f1tenth/f1tenth-ws/install/vesc_msgs/include/vesc_msgs/msg/detail/vesc_imu__functions.h
[5.695s] -- Up-to-date: /home/f1tenth/f1tenth-ws/install/vesc_msgs/include/vesc_msgs/msg/detail/vesc_state_stamped__functions.c
[5.697s] -- Up-to-date: /home/f1tenth/f1tenth-ws/install/vesc_msgs/include/vesc_msgs/msg/detail/vesc_imu_stamped__functions.c
[5.698s] -- Up-to-date: /home/f1tenth/f1tenth-ws/install/vesc_msgs/include/vesc_msgs/msg/detail/vesc_imu_stamped__functions.h
[5.702s] -- Up-to-date: /home/f1tenth/f1tenth-ws/install/vesc_msgs/include/vesc_msgs/msg/detail/vesc_state__functions.h
[5.702s] -- Up-to-date: /home/f1tenth/f1tenth-ws/install/vesc_msgs/include/vesc_msgs/msg/vesc_state.h
[5.703s] -- Up-to-date: /home/f1tenth/f1tenth-ws/install/vesc_msgs/include/vesc_msgs/msg/rosidl_generator_c__visibility_control.h
[5.705s] -- Up-to-date: /home/f1tenth/f1tenth-ws/install/vesc_msgs/include/vesc_msgs/msg/vesc_imu.h
[5.705s] -- Up-to-date: /home/f1tenth/f1tenth-ws/install/vesc_msgs/include/vesc_msgs/msg/vesc_imu_stamped.h
[5.710s] -- Up-to-date: /home/f1tenth/f1tenth-ws/install/vesc_msgs/include/vesc_msgs/msg/vesc_state_stamped.h
[5.710s] -- Up-to-date: /home/f1tenth/f1tenth-ws/install/vesc_msgs/share/vesc_msgs/environment/library_path.sh
[5.711s] -- Up-to-date: /home/f1tenth/f1tenth-ws/install/vesc_msgs/share/vesc_msgs/environment/library_path.dsv
[5.712s] -- Up-to-date: /home/f1tenth/f1tenth-ws/install/vesc_msgs/lib/libvesc_msgs__rosidl_generator_c.so
[5.712s] -- Up-to-date: /home/f1tenth/f1tenth-ws/install/vesc_msgs/include/vesc_msgs
[5.713s] -- Up-to-date: /home/f1tenth/f1tenth-ws/install/vesc_msgs/include/vesc_msgs/msg
[5.713s] -- Up-to-date: /home/f1tenth/f1tenth-ws/install/vesc_msgs/include/vesc_msgs/msg/detail
[5.727s] -- Up-to-date: /home/f1tenth/f1tenth-ws/install/vesc_msgs/include/vesc_msgs/msg/detail/vesc_state_stamped__rosidl_typesupport_fastrtps_c.h
[5.729s] -- Up-to-date: /home/f1tenth/f1tenth-ws/install/vesc_msgs/include/vesc_msgs/msg/detail/vesc_state__rosidl_typesupport_fastrtps_c.h
[5.729s] -- Up-to-date: /home/f1tenth/f1tenth-ws/install/vesc_msgs/include/vesc_msgs/msg/detail/vesc_imu__rosidl_typesupport_fastrtps_c.h
[5.729s] -- Up-to-date: /home/f1tenth/f1tenth-ws/install/vesc_msgs/include/vesc_msgs/msg/detail/vesc_imu_stamped__rosidl_typesupport_fastrtps_c.h
[5.730s] -- Up-to-date: /home/f1tenth/f1tenth-ws/install/vesc_msgs/include/vesc_msgs/msg/rosidl_typesupport_fastrtps_c__visibility_control.h
[5.731s] -- Up-to-date: /home/f1tenth/f1tenth-ws/install/vesc_msgs/lib/libvesc_msgs__rosidl_typesupport_fastrtps_c.so
[5.731s] -- Up-to-date: /home/f1tenth/f1tenth-ws/install/vesc_msgs/include/vesc_msgs
[5.731s] -- Up-to-date: /home/f1tenth/f1tenth-ws/install/vesc_msgs/include/vesc_msgs/msg
[5.732s] -- Up-to-date: /home/f1tenth/f1tenth-ws/install/vesc_msgs/include/vesc_msgs/msg/detail
[5.732s] -- Up-to-date: /home/f1tenth/f1tenth-ws/install/vesc_msgs/include/vesc_msgs/msg/detail/dds_fastrtps
[5.733s] -- Up-to-date: /home/f1tenth/f1tenth-ws/install/vesc_msgs/include/vesc_msgs/msg/detail/vesc_state__rosidl_typesupport_fastrtps_cpp.hpp
[5.733s] -- Up-to-date: /home/f1tenth/f1tenth-ws/install/vesc_msgs/include/vesc_msgs/msg/detail/vesc_imu__rosidl_typesupport_fastrtps_cpp.hpp
[5.733s] -- Up-to-date: /home/f1tenth/f1tenth-ws/install/vesc_msgs/include/vesc_msgs/msg/detail/vesc_state_stamped__rosidl_typesupport_fastrtps_cpp.hpp
[5.734s] -- Up-to-date: /home/f1tenth/f1tenth-ws/install/vesc_msgs/include/vesc_msgs/msg/detail/vesc_imu_stamped__rosidl_typesupport_fastrtps_cpp.hpp
[5.734s] -- Up-to-date: /home/f1tenth/f1tenth-ws/install/vesc_msgs/include/vesc_msgs/msg/rosidl_typesupport_fastrtps_cpp__visibility_control.h
[5.734s] -- Up-to-date: /home/f1tenth/f1tenth-ws/install/vesc_msgs/lib/libvesc_msgs__rosidl_typesupport_fastrtps_cpp.so
[5.735s] -- Up-to-date: /home/f1tenth/f1tenth-ws/install/vesc_msgs/include/vesc_msgs
[5.735s] -- Up-to-date: /home/f1tenth/f1tenth-ws/install/vesc_msgs/include/vesc_msgs/msg
[5.736s] -- Up-to-date: /home/f1tenth/f1tenth-ws/install/vesc_msgs/include/vesc_msgs/msg/rosidl_typesupport_introspection_c__visibility_control.h
[5.736s] -- Up-to-date: /home/f1tenth/f1tenth-ws/install/vesc_msgs/include/vesc_msgs/msg/detail
[5.736s] -- Up-to-date: /home/f1tenth/f1tenth-ws/install/vesc_msgs/include/vesc_msgs/msg/detail/vesc_imu__rosidl_typesupport_introspection_c.h
[5.737s] -- Up-to-date: /home/f1tenth/f1tenth-ws/install/vesc_msgs/include/vesc_msgs/msg/detail/vesc_state__rosidl_typesupport_introspection_c.h
[5.737s] -- Up-to-date: /home/f1tenth/f1tenth-ws/install/vesc_msgs/include/vesc_msgs/msg/detail/vesc_imu__type_support.c
[5.737s] -- Up-to-date: /home/f1tenth/f1tenth-ws/install/vesc_msgs/include/vesc_msgs/msg/detail/vesc_state_stamped__type_support.c
[5.738s] -- Up-to-date: /home/f1tenth/f1tenth-ws/install/vesc_msgs/include/vesc_msgs/msg/detail/vesc_state_stamped__rosidl_typesupport_introspection_c.h
[5.738s] -- Up-to-date: /home/f1tenth/f1tenth-ws/install/vesc_msgs/include/vesc_msgs/msg/detail/vesc_imu_stamped__type_support.c
[5.738s] -- Up-to-date: /home/f1tenth/f1tenth-ws/install/vesc_msgs/include/vesc_msgs/msg/detail/vesc_imu_stamped__rosidl_typesupport_introspection_c.h
[5.739s] -- Up-to-date: /home/f1tenth/f1tenth-ws/install/vesc_msgs/include/vesc_msgs/msg/detail/vesc_state__type_support.c
[5.739s] -- Up-to-date: /home/f1tenth/f1tenth-ws/install/vesc_msgs/lib/libvesc_msgs__rosidl_typesupport_introspection_c.so
[5.739s] -- Up-to-date: /home/f1tenth/f1tenth-ws/install/vesc_msgs/lib/libvesc_msgs__rosidl_typesupport_c.so
[5.742s] -- Up-to-date: /home/f1tenth/f1tenth-ws/install/vesc_msgs/include/vesc_msgs
[5.742s] -- Up-to-date: /home/f1tenth/f1tenth-ws/install/vesc_msgs/include/vesc_msgs/msg
[5.743s] -- Up-to-date: /home/f1tenth/f1tenth-ws/install/vesc_msgs/include/vesc_msgs/msg/vesc_imu_stamped.hpp
[5.744s] -- Up-to-date: /home/f1tenth/f1tenth-ws/install/vesc_msgs/include/vesc_msgs/msg/vesc_state.hpp
[5.744s] -- Up-to-date: /home/f1tenth/f1tenth-ws/install/vesc_msgs/include/vesc_msgs/msg/vesc_state_stamped.hpp
[5.744s] -- Up-to-date: /home/f1tenth/f1tenth-ws/install/vesc_msgs/include/vesc_msgs/msg/rosidl_generator_cpp__visibility_control.hpp
[5.745s] -- Up-to-date: /home/f1tenth/f1tenth-ws/install/vesc_msgs/include/vesc_msgs/msg/detail
[5.745s] -- Up-to-date: /home/f1tenth/f1tenth-ws/install/vesc_msgs/include/vesc_msgs/msg/detail/vesc_state__traits.hpp
[5.745s] -- Up-to-date: /home/f1tenth/f1tenth-ws/install/vesc_msgs/include/vesc_msgs/msg/detail/vesc_state__struct.hpp
[5.746s] -- Up-to-date: /home/f1tenth/f1tenth-ws/install/vesc_msgs/include/vesc_msgs/msg/detail/vesc_state_stamped__builder.hpp
[5.746s] -- Up-to-date: /home/f1tenth/f1tenth-ws/install/vesc_msgs/include/vesc_msgs/msg/detail/vesc_imu_stamped__traits.hpp
[5.746s] -- Up-to-date: /home/f1tenth/f1tenth-ws/install/vesc_msgs/include/vesc_msgs/msg/detail/vesc_state_stamped__struct.hpp
[5.747s] -- Up-to-date: /home/f1tenth/f1tenth-ws/install/vesc_msgs/include/vesc_msgs/msg/detail/vesc_state__builder.hpp
[5.763s] -- Up-to-date: /home/f1tenth/f1tenth-ws/install/vesc_msgs/include/vesc_msgs/msg/detail/vesc_imu__builder.hpp
[5.765s] -- Up-to-date: /home/f1tenth/f1tenth-ws/install/vesc_msgs/include/vesc_msgs/msg/detail/vesc_imu__traits.hpp
[5.765s] -- Up-to-date: /home/f1tenth/f1tenth-ws/install/vesc_msgs/include/vesc_msgs/msg/detail/vesc_state__type_support.hpp
[5.766s] -- Up-to-date: /home/f1tenth/f1tenth-ws/install/vesc_msgs/include/vesc_msgs/msg/detail/vesc_imu_stamped__struct.hpp
[5.766s] -- Up-to-date: /home/f1tenth/f1tenth-ws/install/vesc_msgs/include/vesc_msgs/msg/detail/vesc_imu__type_support.hpp
[5.766s] -- Up-to-date: /home/f1tenth/f1tenth-ws/install/vesc_msgs/include/vesc_msgs/msg/detail/vesc_imu__struct.hpp
[5.767s] -- Up-to-date: /home/f1tenth/f1tenth-ws/install/vesc_msgs/include/vesc_msgs/msg/detail/vesc_state_stamped__traits.hpp
[5.767s] -- Up-to-date: /home/f1tenth/f1tenth-ws/install/vesc_msgs/include/vesc_msgs/msg/detail/vesc_state_stamped__type_support.hpp
[5.768s] -- Up-to-date: /home/f1tenth/f1tenth-ws/install/vesc_msgs/include/vesc_msgs/msg/detail/vesc_imu_stamped__builder.hpp
[5.768s] -- Up-to-date: /home/f1tenth/f1tenth-ws/install/vesc_msgs/include/vesc_msgs/msg/detail/vesc_imu_stamped__type_support.hpp
[5.768s] -- Up-to-date: /home/f1tenth/f1tenth-ws/install/vesc_msgs/include/vesc_msgs/msg/vesc_imu.hpp
[5.769s] -- Up-to-date: /home/f1tenth/f1tenth-ws/install/vesc_msgs/include/vesc_msgs
[5.769s] -- Up-to-date: /home/f1tenth/f1tenth-ws/install/vesc_msgs/include/vesc_msgs/msg
[5.769s] -- Up-to-date: /home/f1tenth/f1tenth-ws/install/vesc_msgs/include/vesc_msgs/msg/detail
[5.770s] -- Up-to-date: /home/f1tenth/f1tenth-ws/install/vesc_msgs/include/vesc_msgs/msg/detail/vesc_state_stamped__rosidl_typesupport_introspection_cpp.hpp
[5.770s] -- Up-to-date: /home/f1tenth/f1tenth-ws/install/vesc_msgs/include/vesc_msgs/msg/detail/vesc_imu_stamped__type_support.cpp
[5.770s] -- Up-to-date: /home/f1tenth/f1tenth-ws/install/vesc_msgs/include/vesc_msgs/msg/detail/vesc_imu_stamped__rosidl_typesupport_introspection_cpp.hpp
[5.771s] -- Up-to-date: /home/f1tenth/f1tenth-ws/install/vesc_msgs/include/vesc_msgs/msg/detail/vesc_imu__type_support.cpp
[5.771s] -- Up-to-date: /home/f1tenth/f1tenth-ws/install/vesc_msgs/include/vesc_msgs/msg/detail/vesc_imu__rosidl_typesupport_introspection_cpp.hpp
[5.772s] -- Up-to-date: /home/f1tenth/f1tenth-ws/install/vesc_msgs/include/vesc_msgs/msg/detail/vesc_state_stamped__type_support.cpp
[5.772s] -- Up-to-date: /home/f1tenth/f1tenth-ws/install/vesc_msgs/include/vesc_msgs/msg/detail/vesc_state__rosidl_typesupport_introspection_cpp.hpp
[5.772s] -- Up-to-date: /home/f1tenth/f1tenth-ws/install/vesc_msgs/include/vesc_msgs/msg/detail/vesc_state__type_support.cpp
[5.772s] -- Up-to-date: /home/f1tenth/f1tenth-ws/install/vesc_msgs/lib/libvesc_msgs__rosidl_typesupport_introspection_cpp.so
[5.773s] -- Up-to-date: /home/f1tenth/f1tenth-ws/install/vesc_msgs/lib/libvesc_msgs__rosidl_typesupport_cpp.so
[5.774s] -- Up-to-date: /home/f1tenth/f1tenth-ws/install/vesc_msgs/share/vesc_msgs/environment/pythonpath.sh
[5.777s] -- Up-to-date: /home/f1tenth/f1tenth-ws/install/vesc_msgs/share/vesc_msgs/environment/pythonpath.dsv
[5.778s] -- Up-to-date: /home/f1tenth/f1tenth-ws/install/vesc_msgs/lib/python3.8/site-packages/vesc_msgs/__init__.py
[5.900s] -- Up-to-date: /home/f1tenth/f1tenth-ws/install/vesc_msgs/lib/python3.8/site-packages/vesc_msgs/msg
[5.902s] -- Up-to-date: /home/f1tenth/f1tenth-ws/install/vesc_msgs/lib/python3.8/site-packages/vesc_msgs/msg/_vesc_imu_stamped.py
[5.903s] -- Up-to-date: /home/f1tenth/f1tenth-ws/install/vesc_msgs/lib/python3.8/site-packages/vesc_msgs/msg/_vesc_state.py
[5.905s] -- Up-to-date: /home/f1tenth/f1tenth-ws/install/vesc_msgs/lib/python3.8/site-packages/vesc_msgs/msg/_vesc_state_s.c
[5.907s] -- Up-to-date: /home/f1tenth/f1tenth-ws/install/vesc_msgs/lib/python3.8/site-packages/vesc_msgs/msg/_vesc_state_stamped.py
[5.907s] -- Up-to-date: /home/f1tenth/f1tenth-ws/install/vesc_msgs/lib/python3.8/site-packages/vesc_msgs/msg/_vesc_imu.py
[5.909s] -- Up-to-date: /home/f1tenth/f1tenth-ws/install/vesc_msgs/lib/python3.8/site-packages/vesc_msgs/msg/__init__.py
[5.910s] -- Up-to-date: /home/f1tenth/f1tenth-ws/install/vesc_msgs/lib/python3.8/site-packages/vesc_msgs/msg/_vesc_state_stamped_s.c
[5.911s] -- Up-to-date: /home/f1tenth/f1tenth-ws/install/vesc_msgs/lib/python3.8/site-packages/vesc_msgs/msg/_vesc_imu_s.c
[5.915s] -- Up-to-date: /home/f1tenth/f1tenth-ws/install/vesc_msgs/lib/python3.8/site-packages/vesc_msgs/msg/_vesc_imu_stamped_s.c
[5.916s] -- Up-to-date: /home/f1tenth/f1tenth-ws/install/vesc_msgs/lib/python3.8/site-packages/vesc_msgs/vesc_msgs_s__rosidl_typesupport_fastrtps_c.cpython-38-aarch64-linux-gnu.so
[5.917s] -- Up-to-date: /home/f1tenth/f1tenth-ws/install/vesc_msgs/lib/python3.8/site-packages/vesc_msgs/vesc_msgs_s__rosidl_typesupport_introspection_c.cpython-38-aarch64-linux-gnu.so
[5.917s] -- Up-to-date: /home/f1tenth/f1tenth-ws/install/vesc_msgs/lib/python3.8/site-packages/vesc_msgs/vesc_msgs_s__rosidl_typesupport_c.cpython-38-aarch64-linux-gnu.so
[5.918s] -- Up-to-date: /home/f1tenth/f1tenth-ws/install/vesc_msgs/lib/libvesc_msgs__python.so
[5.919s] -- Up-to-date: /home/f1tenth/f1tenth-ws/install/vesc_msgs/share/vesc_msgs/msg/VescState.idl
[5.920s] -- Up-to-date: /home/f1tenth/f1tenth-ws/install/vesc_msgs/share/vesc_msgs/msg/VescStateStamped.idl
[5.924s] -- Up-to-date: /home/f1tenth/f1tenth-ws/install/vesc_msgs/share/vesc_msgs/msg/VescImu.idl
[5.925s] -- Up-to-date: /home/f1tenth/f1tenth-ws/install/vesc_msgs/share/vesc_msgs/msg/VescImuStamped.idl
[5.927s] -- Up-to-date: /home/f1tenth/f1tenth-ws/install/vesc_msgs/share/vesc_msgs/msg/VescState.msg
[5.928s] -- Up-to-date: /home/f1tenth/f1tenth-ws/install/vesc_msgs/share/vesc_msgs/msg/VescStateStamped.msg
[5.931s] -- Up-to-date: /home/f1tenth/f1tenth-ws/install/vesc_msgs/share/vesc_msgs/msg/VescImu.msg
[5.931s] -- Up-to-date: /home/f1tenth/f1tenth-ws/install/vesc_msgs/share/vesc_msgs/msg/VescImuStamped.msg
[5.934s] -- Up-to-date: /home/f1tenth/f1tenth-ws/install/vesc_msgs/share/ament_index/resource_index/package_run_dependencies/vesc_msgs
[5.936s] -- Up-to-date: /home/f1tenth/f1tenth-ws/install/vesc_msgs/share/ament_index/resource_index/parent_prefix_path/vesc_msgs
[5.943s] -- Up-to-date: /home/f1tenth/f1tenth-ws/install/vesc_msgs/share/vesc_msgs/environment/ament_prefix_path.sh
[5.944s] -- Up-to-date: /home/f1tenth/f1tenth-ws/install/vesc_msgs/share/vesc_msgs/environment/ament_prefix_path.dsv
[5.947s] -- Up-to-date: /home/f1tenth/f1tenth-ws/install/vesc_msgs/share/vesc_msgs/environment/path.sh
[5.948s] -- Up-to-date: /home/f1tenth/f1tenth-ws/install/vesc_msgs/share/vesc_msgs/environment/path.dsv
[5.956s] -- Up-to-date: /home/f1tenth/f1tenth-ws/install/vesc_msgs/share/vesc_msgs/local_setup.bash
[5.960s] -- Up-to-date: /home/f1tenth/f1tenth-ws/install/vesc_msgs/share/vesc_msgs/local_setup.sh
[5.961s] -- Up-to-date: /home/f1tenth/f1tenth-ws/install/vesc_msgs/share/vesc_msgs/local_setup.zsh
[5.963s] -- Up-to-date: /home/f1tenth/f1tenth-ws/install/vesc_msgs/share/vesc_msgs/local_setup.dsv
[5.965s] -- Installing: /home/f1tenth/f1tenth-ws/install/vesc_msgs/share/vesc_msgs/package.dsv
[5.972s] -- Up-to-date: /home/f1tenth/f1tenth-ws/install/vesc_msgs/share/ament_index/resource_index/packages/vesc_msgs
[5.973s] -- Up-to-date: /home/f1tenth/f1tenth-ws/install/vesc_msgs/share/vesc_msgs/cmake/vesc_msgs__rosidl_generator_cExport.cmake
[5.980s] -- Up-to-date: /home/f1tenth/f1tenth-ws/install/vesc_msgs/share/vesc_msgs/cmake/vesc_msgs__rosidl_generator_cExport-noconfig.cmake
[5.985s] -- Up-to-date: /home/f1tenth/f1tenth-ws/install/vesc_msgs/share/vesc_msgs/cmake/vesc_msgs__rosidl_typesupport_introspection_cExport.cmake
[5.986s] -- Up-to-date: /home/f1tenth/f1tenth-ws/install/vesc_msgs/share/vesc_msgs/cmake/vesc_msgs__rosidl_typesupport_introspection_cExport-noconfig.cmake
[5.987s] -- Up-to-date: /home/f1tenth/f1tenth-ws/install/vesc_msgs/share/vesc_msgs/cmake/vesc_msgs__rosidl_typesupport_cExport.cmake
[5.988s] -- Up-to-date: /home/f1tenth/f1tenth-ws/install/vesc_msgs/share/vesc_msgs/cmake/vesc_msgs__rosidl_typesupport_cExport-noconfig.cmake
[5.989s] -- Up-to-date: /home/f1tenth/f1tenth-ws/install/vesc_msgs/share/vesc_msgs/cmake/vesc_msgs__rosidl_generator_cppExport.cmake
[5.990s] -- Up-to-date: /home/f1tenth/f1tenth-ws/install/vesc_msgs/share/vesc_msgs/cmake/vesc_msgs__rosidl_typesupport_introspection_cppExport.cmake
[5.991s] -- Up-to-date: /home/f1tenth/f1tenth-ws/install/vesc_msgs/share/vesc_msgs/cmake/vesc_msgs__rosidl_typesupport_introspection_cppExport-noconfig.cmake
[5.992s] -- Up-to-date: /home/f1tenth/f1tenth-ws/install/vesc_msgs/share/vesc_msgs/cmake/vesc_msgs__rosidl_typesupport_cppExport.cmake
[5.993s] -- Up-to-date: /home/f1tenth/f1tenth-ws/install/vesc_msgs/share/vesc_msgs/cmake/vesc_msgs__rosidl_typesupport_cppExport-noconfig.cmake
[5.994s] -- Up-to-date: /home/f1tenth/f1tenth-ws/install/vesc_msgs/share/vesc_msgs/cmake/rosidl_cmake-extras.cmake
[5.995s] -- Up-to-date: /home/f1tenth/f1tenth-ws/install/vesc_msgs/share/vesc_msgs/cmake/ament_cmake_export_dependencies-extras.cmake
[5.995s] -- Up-to-date: /home/f1tenth/f1tenth-ws/install/vesc_msgs/share/vesc_msgs/cmake/ament_cmake_export_libraries-extras.cmake
[5.997s] -- Up-to-date: /home/f1tenth/f1tenth-ws/install/vesc_msgs/share/vesc_msgs/cmake/ament_cmake_export_targets-extras.cmake
[5.998s] -- Up-to-date: /home/f1tenth/f1tenth-ws/install/vesc_msgs/share/vesc_msgs/cmake/ament_cmake_export_include_directories-extras.cmake
[5.999s] -- Up-to-date: /home/f1tenth/f1tenth-ws/install/vesc_msgs/share/vesc_msgs/cmake/rosidl_cmake_export_typesupport_libraries-extras.cmake
[5.999s] -- Up-to-date: /home/f1tenth/f1tenth-ws/install/vesc_msgs/share/vesc_msgs/cmake/rosidl_cmake_export_typesupport_targets-extras.cmake
[6.000s] -- Up-to-date: /home/f1tenth/f1tenth-ws/install/vesc_msgs/share/vesc_msgs/cmake/vesc_msgsConfig.cmake
[6.001s] -- Up-to-date: /home/f1tenth/f1tenth-ws/install/vesc_msgs/share/vesc_msgs/cmake/vesc_msgsConfig-version.cmake
[6.001s] -- Up-to-date: /home/f1tenth/f1tenth-ws/install/vesc_msgs/share/vesc_msgs/package.xml
[7.859s] Invoked command in '/home/f1tenth/f1tenth-ws/build/vesc_msgs' returned '0': CMAKE_PREFIX_PATH=${CMAKE_PREFIX_PATH}:/home/f1tenth/f1tenth-ws/install/f1tenth_stack:/home/f1tenth/f1tenth-ws/install/joy_teleop:/home/f1tenth/f1tenth-ws/install/particle_filter:/home/f1tenth/f1tenth-ws/install/mouse_teleop:/home/f1tenth/f1tenth-ws/install/key_teleop:/home/f1tenth/f1tenth-ws/install/example_py:/home/f1tenth/f1tenth-ws/install/autonomous_drive:/opt/ros/foxy /usr/bin/cmake --install /home/f1tenth/f1tenth-ws/build/vesc_msgs
