[0.345s] Invoking command in '/home/william/sim_ws/build/interfaces_hot_wheels': CMAKE_PREFIX_PATH=${CMAKE_PREFIX_PATH}:/home/william/sim_ws/install/particle_filter:/home/william/sim_ws/install/f1tenth_gym_ros:/opt/ros/foxy /usr/bin/cmake --build /home/william/sim_ws/build/interfaces_hot_wheels -- -j8 -l8
[0.898s] [  3%] Built target interfaces_hot_wheels__cpp
[0.898s] [ 12%] Built target interfaces_hot_wheels__rosidl_generator_c
[0.899s] [ 22%] Built target interfaces_hot_wheels__rosidl_typesupport_introspection_cpp
[0.900s] [ 32%] Built target interfaces_hot_wheels__rosidl_typesupport_c
[0.901s] [ 45%] Built target interfaces_hot_wheels__rosidl_typesupport_cpp
[0.902s] [ 51%] Built target interfaces_hot_wheels__rosidl_typesupport_introspection_c
[0.903s] [ 61%] Built target interfaces_hot_wheels__rosidl_typesupport_fastrtps_cpp
[0.904s] [ 70%] Built target interfaces_hot_wheels__rosidl_typesupport_fastrtps_c
[0.905s] [ 70%] Built target interfaces_hot_wheels
[0.905s] [ 74%] Built target interfaces_hot_wheels__py
[0.906s] [ 80%] Built target interfaces_hot_wheels__python
[0.908s] [ 96%] Built target interfaces_hot_wheels__rosidl_typesupport_fastrtps_c__pyext
[0.908s] [ 96%] Built target interfaces_hot_wheels__rosidl_typesupport_c__pyext
[0.909s] [100%] Built target interfaces_hot_wheels__rosidl_typesupport_introspection_c__pyext
[0.912s] Invoked command in '/home/william/sim_ws/build/interfaces_hot_wheels' returned '0': CMAKE_PREFIX_PATH=${CMAKE_PREFIX_PATH}:/home/william/sim_ws/install/particle_filter:/home/william/sim_ws/install/f1tenth_gym_ros:/opt/ros/foxy /usr/bin/cmake --build /home/william/sim_ws/build/interfaces_hot_wheels -- -j8 -l8
[0.978s] Invoking command in '/home/william/sim_ws/build/interfaces_hot_wheels': CMAKE_PREFIX_PATH=${CMAKE_PREFIX_PATH}:/home/william/sim_ws/install/particle_filter:/home/william/sim_ws/install/f1tenth_gym_ros:/opt/ros/foxy /usr/bin/cmake --install /home/william/sim_ws/build/interfaces_hot_wheels
[0.994s] -- Install configuration: ""
[0.994s] -- Up-to-date: /home/william/sim_ws/install/interfaces_hot_wheels/share/ament_index/resource_index/rosidl_interfaces/interfaces_hot_wheels
[0.994s] -- Up-to-date: /home/william/sim_ws/install/interfaces_hot_wheels/include/interfaces_hot_wheels
[0.994s] -- Up-to-date: /home/william/sim_ws/install/interfaces_hot_wheels/include/interfaces_hot_wheels/msg
[0.995s] -- Up-to-date: /home/william/sim_ws/install/interfaces_hot_wheels/include/interfaces_hot_wheels/msg/waypoint.h
[0.995s] -- Up-to-date: /home/william/sim_ws/install/interfaces_hot_wheels/include/interfaces_hot_wheels/msg/rosidl_generator_c__visibility_control.h
[0.995s] -- Up-to-date: /home/william/sim_ws/install/interfaces_hot_wheels/include/interfaces_hot_wheels/msg/detail
[0.995s] -- Up-to-date: /home/william/sim_ws/install/interfaces_hot_wheels/include/interfaces_hot_wheels/msg/detail/waypoint__functions.h
[0.995s] -- Up-to-date: /home/william/sim_ws/install/interfaces_hot_wheels/include/interfaces_hot_wheels/msg/detail/waypoint__functions.c
[0.995s] -- Up-to-date: /home/william/sim_ws/install/interfaces_hot_wheels/include/interfaces_hot_wheels/msg/detail/waypoint__type_support.h
[0.995s] -- Up-to-date: /home/william/sim_ws/install/interfaces_hot_wheels/include/interfaces_hot_wheels/msg/detail/waypoint__struct.h
[0.996s] -- Up-to-date: /home/william/sim_ws/install/interfaces_hot_wheels/share/interfaces_hot_wheels/environment/library_path.sh
[0.996s] -- Up-to-date: /home/william/sim_ws/install/interfaces_hot_wheels/share/interfaces_hot_wheels/environment/library_path.dsv
[0.996s] -- Up-to-date: /home/william/sim_ws/install/interfaces_hot_wheels/lib/libinterfaces_hot_wheels__rosidl_generator_c.so
[0.996s] -- Up-to-date: /home/william/sim_ws/install/interfaces_hot_wheels/include/interfaces_hot_wheels
[0.996s] -- Up-to-date: /home/william/sim_ws/install/interfaces_hot_wheels/include/interfaces_hot_wheels/msg
[0.996s] -- Up-to-date: /home/william/sim_ws/install/interfaces_hot_wheels/include/interfaces_hot_wheels/msg/detail
[0.997s] -- Up-to-date: /home/william/sim_ws/install/interfaces_hot_wheels/include/interfaces_hot_wheels/msg/detail/waypoint__rosidl_typesupport_fastrtps_c.h
[0.997s] -- Up-to-date: /home/william/sim_ws/install/interfaces_hot_wheels/include/interfaces_hot_wheels/msg/rosidl_typesupport_fastrtps_c__visibility_control.h
[0.997s] -- Up-to-date: /home/william/sim_ws/install/interfaces_hot_wheels/lib/libinterfaces_hot_wheels__rosidl_typesupport_fastrtps_c.so
[0.997s] -- Up-to-date: /home/william/sim_ws/install/interfaces_hot_wheels/include/interfaces_hot_wheels
[0.997s] -- Up-to-date: /home/william/sim_ws/install/interfaces_hot_wheels/include/interfaces_hot_wheels/msg
[0.997s] -- Up-to-date: /home/william/sim_ws/install/interfaces_hot_wheels/include/interfaces_hot_wheels/msg/rosidl_typesupport_fastrtps_cpp__visibility_control.h
[0.997s] -- Up-to-date: /home/william/sim_ws/install/interfaces_hot_wheels/include/interfaces_hot_wheels/msg/detail
[0.998s] -- Up-to-date: /home/william/sim_ws/install/interfaces_hot_wheels/include/interfaces_hot_wheels/msg/detail/dds_fastrtps
[0.998s] -- Up-to-date: /home/william/sim_ws/install/interfaces_hot_wheels/include/interfaces_hot_wheels/msg/detail/waypoint__rosidl_typesupport_fastrtps_cpp.hpp
[0.998s] -- Up-to-date: /home/william/sim_ws/install/interfaces_hot_wheels/lib/libinterfaces_hot_wheels__rosidl_typesupport_fastrtps_cpp.so
[0.998s] -- Up-to-date: /home/william/sim_ws/install/interfaces_hot_wheels/include/interfaces_hot_wheels
[0.998s] -- Up-to-date: /home/william/sim_ws/install/interfaces_hot_wheels/include/interfaces_hot_wheels/msg
[0.998s] -- Up-to-date: /home/william/sim_ws/install/interfaces_hot_wheels/include/interfaces_hot_wheels/msg/rosidl_typesupport_introspection_c__visibility_control.h
[0.998s] -- Up-to-date: /home/william/sim_ws/install/interfaces_hot_wheels/include/interfaces_hot_wheels/msg/detail
[0.999s] -- Up-to-date: /home/william/sim_ws/install/interfaces_hot_wheels/include/interfaces_hot_wheels/msg/detail/waypoint__rosidl_typesupport_introspection_c.h
[0.999s] -- Up-to-date: /home/william/sim_ws/install/interfaces_hot_wheels/include/interfaces_hot_wheels/msg/detail/waypoint__type_support.c
[0.999s] -- Up-to-date: /home/william/sim_ws/install/interfaces_hot_wheels/lib/libinterfaces_hot_wheels__rosidl_typesupport_introspection_c.so
[0.999s] -- Up-to-date: /home/william/sim_ws/install/interfaces_hot_wheels/lib/libinterfaces_hot_wheels__rosidl_typesupport_c.so
[0.999s] -- Up-to-date: /home/william/sim_ws/install/interfaces_hot_wheels/include/interfaces_hot_wheels
[1.000s] -- Up-to-date: /home/william/sim_ws/install/interfaces_hot_wheels/include/interfaces_hot_wheels/msg
[1.000s] -- Up-to-date: /home/william/sim_ws/install/interfaces_hot_wheels/include/interfaces_hot_wheels/msg/waypoint.hpp
[1.000s] -- Up-to-date: /home/william/sim_ws/install/interfaces_hot_wheels/include/interfaces_hot_wheels/msg/detail
[1.000s] -- Up-to-date: /home/william/sim_ws/install/interfaces_hot_wheels/include/interfaces_hot_wheels/msg/detail/waypoint__type_support.hpp
[1.001s] -- Up-to-date: /home/william/sim_ws/install/interfaces_hot_wheels/include/interfaces_hot_wheels/msg/detail/waypoint__builder.hpp
[1.001s] -- Up-to-date: /home/william/sim_ws/install/interfaces_hot_wheels/include/interfaces_hot_wheels/msg/detail/waypoint__struct.hpp
[1.001s] -- Up-to-date: /home/william/sim_ws/install/interfaces_hot_wheels/include/interfaces_hot_wheels/msg/detail/waypoint__traits.hpp
[1.001s] -- Up-to-date: /home/william/sim_ws/install/interfaces_hot_wheels/include/interfaces_hot_wheels/msg/rosidl_generator_cpp__visibility_control.hpp
[1.001s] -- Up-to-date: /home/william/sim_ws/install/interfaces_hot_wheels/include/interfaces_hot_wheels
[1.001s] -- Up-to-date: /home/william/sim_ws/install/interfaces_hot_wheels/include/interfaces_hot_wheels/msg
[1.002s] -- Up-to-date: /home/william/sim_ws/install/interfaces_hot_wheels/include/interfaces_hot_wheels/msg/detail
[1.002s] -- Up-to-date: /home/william/sim_ws/install/interfaces_hot_wheels/include/interfaces_hot_wheels/msg/detail/waypoint__type_support.cpp
[1.002s] -- Up-to-date: /home/william/sim_ws/install/interfaces_hot_wheels/include/interfaces_hot_wheels/msg/detail/waypoint__rosidl_typesupport_introspection_cpp.hpp
[1.002s] -- Up-to-date: /home/william/sim_ws/install/interfaces_hot_wheels/lib/libinterfaces_hot_wheels__rosidl_typesupport_introspection_cpp.so
[1.003s] -- Up-to-date: /home/william/sim_ws/install/interfaces_hot_wheels/lib/libinterfaces_hot_wheels__rosidl_typesupport_cpp.so
[1.003s] -- Up-to-date: /home/william/sim_ws/install/interfaces_hot_wheels/share/interfaces_hot_wheels/environment/pythonpath.sh
[1.003s] -- Up-to-date: /home/william/sim_ws/install/interfaces_hot_wheels/share/interfaces_hot_wheels/environment/pythonpath.dsv
[1.003s] -- Up-to-date: /home/william/sim_ws/install/interfaces_hot_wheels/lib/python3.8/site-packages/interfaces_hot_wheels/__init__.py
[1.064s] -- Up-to-date: /home/william/sim_ws/install/interfaces_hot_wheels/lib/python3.8/site-packages/interfaces_hot_wheels/msg
[1.064s] -- Up-to-date: /home/william/sim_ws/install/interfaces_hot_wheels/lib/python3.8/site-packages/interfaces_hot_wheels/msg/_waypoint_s.c
[1.065s] -- Up-to-date: /home/william/sim_ws/install/interfaces_hot_wheels/lib/python3.8/site-packages/interfaces_hot_wheels/msg/_waypoint.py
[1.065s] -- Up-to-date: /home/william/sim_ws/install/interfaces_hot_wheels/lib/python3.8/site-packages/interfaces_hot_wheels/msg/__init__.py
[1.065s] -- Up-to-date: /home/william/sim_ws/install/interfaces_hot_wheels/lib/python3.8/site-packages/interfaces_hot_wheels/interfaces_hot_wheels_s__rosidl_typesupport_fastrtps_c.cpython-38-x86_64-linux-gnu.so
[1.066s] -- Up-to-date: /home/william/sim_ws/install/interfaces_hot_wheels/lib/python3.8/site-packages/interfaces_hot_wheels/interfaces_hot_wheels_s__rosidl_typesupport_introspection_c.cpython-38-x86_64-linux-gnu.so
[1.067s] -- Up-to-date: /home/william/sim_ws/install/interfaces_hot_wheels/lib/python3.8/site-packages/interfaces_hot_wheels/interfaces_hot_wheels_s__rosidl_typesupport_c.cpython-38-x86_64-linux-gnu.so
[1.068s] -- Up-to-date: /home/william/sim_ws/install/interfaces_hot_wheels/lib/libinterfaces_hot_wheels__python.so
[1.069s] -- Up-to-date: /home/william/sim_ws/install/interfaces_hot_wheels/share/interfaces_hot_wheels/msg/Waypoint.idl
[1.069s] -- Up-to-date: /home/william/sim_ws/install/interfaces_hot_wheels/share/interfaces_hot_wheels/msg/Waypoint.msg
[1.069s] -- Up-to-date: /home/william/sim_ws/install/interfaces_hot_wheels/share/ament_index/resource_index/package_run_dependencies/interfaces_hot_wheels
[1.069s] -- Up-to-date: /home/william/sim_ws/install/interfaces_hot_wheels/share/ament_index/resource_index/parent_prefix_path/interfaces_hot_wheels
[1.070s] -- Up-to-date: /home/william/sim_ws/install/interfaces_hot_wheels/share/interfaces_hot_wheels/environment/ament_prefix_path.sh
[1.070s] -- Up-to-date: /home/william/sim_ws/install/interfaces_hot_wheels/share/interfaces_hot_wheels/environment/ament_prefix_path.dsv
[1.070s] -- Up-to-date: /home/william/sim_ws/install/interfaces_hot_wheels/share/interfaces_hot_wheels/environment/path.sh
[1.070s] -- Up-to-date: /home/william/sim_ws/install/interfaces_hot_wheels/share/interfaces_hot_wheels/environment/path.dsv
[1.070s] -- Up-to-date: /home/william/sim_ws/install/interfaces_hot_wheels/share/interfaces_hot_wheels/local_setup.bash
[1.070s] -- Up-to-date: /home/william/sim_ws/install/interfaces_hot_wheels/share/interfaces_hot_wheels/local_setup.sh
[1.071s] -- Up-to-date: /home/william/sim_ws/install/interfaces_hot_wheels/share/interfaces_hot_wheels/local_setup.zsh
[1.071s] -- Up-to-date: /home/william/sim_ws/install/interfaces_hot_wheels/share/interfaces_hot_wheels/local_setup.dsv
[1.071s] -- Installing: /home/william/sim_ws/install/interfaces_hot_wheels/share/interfaces_hot_wheels/package.dsv
[1.071s] -- Up-to-date: /home/william/sim_ws/install/interfaces_hot_wheels/share/ament_index/resource_index/packages/interfaces_hot_wheels
[1.071s] -- Up-to-date: /home/william/sim_ws/install/interfaces_hot_wheels/share/interfaces_hot_wheels/cmake/interfaces_hot_wheels__rosidl_generator_cExport.cmake
[1.071s] -- Up-to-date: /home/william/sim_ws/install/interfaces_hot_wheels/share/interfaces_hot_wheels/cmake/interfaces_hot_wheels__rosidl_generator_cExport-noconfig.cmake
[1.072s] -- Up-to-date: /home/william/sim_ws/install/interfaces_hot_wheels/share/interfaces_hot_wheels/cmake/interfaces_hot_wheels__rosidl_typesupport_introspection_cExport.cmake
[1.072s] -- Up-to-date: /home/william/sim_ws/install/interfaces_hot_wheels/share/interfaces_hot_wheels/cmake/interfaces_hot_wheels__rosidl_typesupport_introspection_cExport-noconfig.cmake
[1.072s] -- Up-to-date: /home/william/sim_ws/install/interfaces_hot_wheels/share/interfaces_hot_wheels/cmake/interfaces_hot_wheels__rosidl_typesupport_cExport.cmake
[1.072s] -- Up-to-date: /home/william/sim_ws/install/interfaces_hot_wheels/share/interfaces_hot_wheels/cmake/interfaces_hot_wheels__rosidl_typesupport_cExport-noconfig.cmake
[1.072s] -- Up-to-date: /home/william/sim_ws/install/interfaces_hot_wheels/share/interfaces_hot_wheels/cmake/interfaces_hot_wheels__rosidl_generator_cppExport.cmake
[1.072s] -- Up-to-date: /home/william/sim_ws/install/interfaces_hot_wheels/share/interfaces_hot_wheels/cmake/interfaces_hot_wheels__rosidl_typesupport_introspection_cppExport.cmake
[1.073s] -- Up-to-date: /home/william/sim_ws/install/interfaces_hot_wheels/share/interfaces_hot_wheels/cmake/interfaces_hot_wheels__rosidl_typesupport_introspection_cppExport-noconfig.cmake
[1.073s] -- Up-to-date: /home/william/sim_ws/install/interfaces_hot_wheels/share/interfaces_hot_wheels/cmake/interfaces_hot_wheels__rosidl_typesupport_cppExport.cmake
[1.073s] -- Up-to-date: /home/william/sim_ws/install/interfaces_hot_wheels/share/interfaces_hot_wheels/cmake/interfaces_hot_wheels__rosidl_typesupport_cppExport-noconfig.cmake
[1.073s] -- Up-to-date: /home/william/sim_ws/install/interfaces_hot_wheels/share/interfaces_hot_wheels/cmake/rosidl_cmake-extras.cmake
[1.073s] -- Up-to-date: /home/william/sim_ws/install/interfaces_hot_wheels/share/interfaces_hot_wheels/cmake/ament_cmake_export_dependencies-extras.cmake
[1.073s] -- Up-to-date: /home/william/sim_ws/install/interfaces_hot_wheels/share/interfaces_hot_wheels/cmake/ament_cmake_export_libraries-extras.cmake
[1.073s] -- Up-to-date: /home/william/sim_ws/install/interfaces_hot_wheels/share/interfaces_hot_wheels/cmake/ament_cmake_export_targets-extras.cmake
[1.073s] -- Up-to-date: /home/william/sim_ws/install/interfaces_hot_wheels/share/interfaces_hot_wheels/cmake/ament_cmake_export_include_directories-extras.cmake
[1.074s] -- Up-to-date: /home/william/sim_ws/install/interfaces_hot_wheels/share/interfaces_hot_wheels/cmake/rosidl_cmake_export_typesupport_libraries-extras.cmake
[1.074s] -- Up-to-date: /home/william/sim_ws/install/interfaces_hot_wheels/share/interfaces_hot_wheels/cmake/rosidl_cmake_export_typesupport_targets-extras.cmake
[1.074s] -- Up-to-date: /home/william/sim_ws/install/interfaces_hot_wheels/share/interfaces_hot_wheels/cmake/interfaces_hot_wheelsConfig.cmake
[1.074s] -- Up-to-date: /home/william/sim_ws/install/interfaces_hot_wheels/share/interfaces_hot_wheels/cmake/interfaces_hot_wheelsConfig-version.cmake
[1.074s] -- Up-to-date: /home/william/sim_ws/install/interfaces_hot_wheels/share/interfaces_hot_wheels/package.xml
[1.149s] Invoked command in '/home/william/sim_ws/build/interfaces_hot_wheels' returned '0': CMAKE_PREFIX_PATH=${CMAKE_PREFIX_PATH}:/home/william/sim_ws/install/particle_filter:/home/william/sim_ws/install/f1tenth_gym_ros:/opt/ros/foxy /usr/bin/cmake --install /home/william/sim_ws/build/interfaces_hot_wheels
