[0.465s] Invoking command in '/home/william/sim_ws/build/mpc': CMAKE_PREFIX_PATH=${CMAKE_PREFIX_PATH}:/home/william/sim_ws/install/particle_filter:/home/william/sim_ws/install/f1tenth_gym_ros:/opt/ros/foxy /usr/bin/cmake --build /home/william/sim_ws/build/mpc -- -j8 -l8
[0.729s] [100%] Built target mpc_node
[0.732s] Invoked command in '/home/william/sim_ws/build/mpc' returned '0': CMAKE_PREFIX_PATH=${CMAKE_PREFIX_PATH}:/home/william/sim_ws/install/particle_filter:/home/william/sim_ws/install/f1tenth_gym_ros:/opt/ros/foxy /usr/bin/cmake --build /home/william/sim_ws/build/mpc -- -j8 -l8
[0.762s] Invoking command in '/home/william/sim_ws/build/mpc': CMAKE_PREFIX_PATH=${CMAKE_PREFIX_PATH}:/home/william/sim_ws/install/particle_filter:/home/william/sim_ws/install/f1tenth_gym_ros:/opt/ros/foxy /usr/bin/cmake --install /home/william/sim_ws/build/mpc
[0.774s] -- Install configuration: ""
[0.774s] -- Up-to-date: /home/william/sim_ws/install/mpc/lib/mpc/mpc_node
[0.775s] -- Up-to-date: /home/william/sim_ws/install/mpc/share/mpc/environment/pythonpath.sh
[0.775s] -- Up-to-date: /home/william/sim_ws/install/mpc/share/mpc/environment/pythonpath.dsv
[0.775s] -- Up-to-date: /home/william/sim_ws/install/mpc/lib/python3.8/site-packages/mpc
[0.775s] -- Up-to-date: /home/william/sim_ws/install/mpc/lib/python3.8/site-packages/mpc/__init__.py
[0.817s] Listing '/home/william/sim_ws/install/mpc/lib/python3.8/site-packages/mpc'...
[0.823s] -- Up-to-date: /home/william/sim_ws/install/mpc/lib/mpc/mpc_node.py
[0.823s] -- Up-to-date: /home/william/sim_ws/install/mpc/lib/mpc/utils.py
[0.823s] -- Up-to-date: /home/william/sim_ws/install/mpc/lib/mpc/waypoint_spline.py
[0.823s] -- Up-to-date: /home/william/sim_ws/install/mpc/share/mpc//launch
[0.824s] -- Up-to-date: /home/william/sim_ws/install/mpc/share/mpc//launch/sim_mpc_launch.py
[0.824s] -- Up-to-date: /home/william/sim_ws/install/mpc/share/mpc//waypoints
[0.824s] -- Up-to-date: /home/william/sim_ws/install/mpc/share/mpc//waypoints/waypoints_sim_interpolated_100.csv
[0.824s] -- Up-to-date: /home/william/sim_ws/install/mpc/share/mpc//waypoints/Hudson4_interp.csv
[0.825s] -- Up-to-date: /home/william/sim_ws/install/mpc/share/mpc//waypoints/waypoints_drive.csv
[0.825s] -- Up-to-date: /home/william/sim_ws/install/mpc/share/mpc//waypoints/trajectory_data_long.csv
[0.825s] -- Up-to-date: /home/william/sim_ws/install/mpc/share/mpc//waypoints/Hudson1_interp.csv
[0.826s] -- Up-to-date: /home/william/sim_ws/install/mpc/share/mpc//waypoints/Hudson5.csv
[0.828s] -- Up-to-date: /home/william/sim_ws/install/mpc/share/mpc//waypoints/Hudson7.csv
[0.829s] -- Up-to-date: /home/william/sim_ws/install/mpc/share/mpc//waypoints/Hudson2_interp.csv
[0.829s] -- Up-to-date: /home/william/sim_ws/install/mpc/share/mpc//waypoints/waypoints_sim.csv
[0.830s] -- Up-to-date: /home/william/sim_ws/install/mpc/share/mpc//waypoints/Hudson3.csv
[0.830s] -- Up-to-date: /home/william/sim_ws/install/mpc/share/mpc//waypoints/trajectory_data_short.csv
[0.831s] -- Up-to-date: /home/william/sim_ws/install/mpc/share/mpc//waypoints/waypoints1.csv
[0.831s] -- Up-to-date: /home/william/sim_ws/install/mpc/share/mpc//waypoints/Hudson2.csv
[0.832s] -- Up-to-date: /home/william/sim_ws/install/mpc/share/mpc//waypoints/Hudson4.csv
[0.832s] -- Up-to-date: /home/william/sim_ws/install/mpc/share/mpc//waypoints/waypoints_sim_interpolated_200.csv
[0.832s] -- Installing: /home/william/sim_ws/install/mpc/share/mpc//waypoints/Hudson1.csv
[0.832s] -- Up-to-date: /home/william/sim_ws/install/mpc/share/mpc//waypoints/reference_trajectory.csv
[0.832s] -- Up-to-date: /home/william/sim_ws/install/mpc/share/mpc//waypoints/Hudson6.csv
[0.833s] -- Up-to-date: /home/william/sim_ws/install/mpc/share/mpc//waypoints/Hudson123.csv
[0.833s] -- Up-to-date: /home/william/sim_ws/install/mpc/share/mpc//waypoints/waypoints_sim_interpolated.csv
[0.833s] -- Up-to-date: /home/william/sim_ws/install/mpc/share/mpc//waypoints/Hudson1_backup.csv
[0.833s] -- Up-to-date: /home/william/sim_ws/install/mpc/share/mpc//waypoints/Hudson5_interp.csv
[0.834s] -- Up-to-date: /home/william/sim_ws/install/mpc/share/mpc//waypoints/trajectory_data_500.csv
[0.834s] -- Up-to-date: /home/william/sim_ws/install/mpc/share/mpc//waypoints/waypoints_mpc.csv
[0.834s] -- Up-to-date: /home/william/sim_ws/install/mpc/share/mpc//waypoints/Hudson8.csv
[0.834s] -- Up-to-date: /home/william/sim_ws/install/mpc/share/ament_index/resource_index/package_run_dependencies/mpc
[0.835s] -- Up-to-date: /home/william/sim_ws/install/mpc/share/ament_index/resource_index/parent_prefix_path/mpc
[0.835s] -- Up-to-date: /home/william/sim_ws/install/mpc/share/mpc/environment/ament_prefix_path.sh
[0.835s] -- Up-to-date: /home/william/sim_ws/install/mpc/share/mpc/environment/ament_prefix_path.dsv
[0.835s] -- Up-to-date: /home/william/sim_ws/install/mpc/share/mpc/environment/path.sh
[0.835s] -- Up-to-date: /home/william/sim_ws/install/mpc/share/mpc/environment/path.dsv
[0.835s] -- Up-to-date: /home/william/sim_ws/install/mpc/share/mpc/local_setup.bash
[0.836s] -- Up-to-date: /home/william/sim_ws/install/mpc/share/mpc/local_setup.sh
[0.836s] -- Up-to-date: /home/william/sim_ws/install/mpc/share/mpc/local_setup.zsh
[0.836s] -- Up-to-date: /home/william/sim_ws/install/mpc/share/mpc/local_setup.dsv
[0.836s] -- Installing: /home/william/sim_ws/install/mpc/share/mpc/package.dsv
[0.836s] -- Up-to-date: /home/william/sim_ws/install/mpc/share/ament_index/resource_index/packages/mpc
[0.836s] -- Up-to-date: /home/william/sim_ws/install/mpc/share/mpc/cmake/mpcConfig.cmake
[0.836s] -- Up-to-date: /home/william/sim_ws/install/mpc/share/mpc/cmake/mpcConfig-version.cmake
[0.837s] -- Up-to-date: /home/william/sim_ws/install/mpc/share/mpc/package.xml
[0.837s] Invoked command in '/home/william/sim_ws/build/mpc' returned '0': CMAKE_PREFIX_PATH=${CMAKE_PREFIX_PATH}:/home/william/sim_ws/install/particle_filter:/home/william/sim_ws/install/f1tenth_gym_ros:/opt/ros/foxy /usr/bin/cmake --install /home/william/sim_ws/build/mpc
