[1.800s] Invoking command in '/home/f1tenth/f1tenth-ws/build/teleop_tools_msgs': CMAKE_PREFIX_PATH=${CMAKE_PREFIX_PATH}:/home/f1tenth/f1tenth-ws/install/f1tenth_stack:/home/f1tenth/f1tenth-ws/install/joy_teleop:/home/f1tenth/f1tenth-ws/install/particle_filter:/home/f1tenth/f1tenth-ws/install/mouse_teleop:/home/f1tenth/f1tenth-ws/install/key_teleop:/home/f1tenth/f1tenth-ws/install/example_py:/home/f1tenth/f1tenth-ws/install/autonomous_drive:/opt/ros/foxy /usr/bin/cmake --build /home/f1tenth/f1tenth-ws/build/teleop_tools_msgs -- -j4 -l4
[3.818s] [  3%] Built target teleop_tools_msgs__cpp
[3.818s] [ 12%] Built target teleop_tools_msgs__rosidl_generator_c
[3.819s] [ 22%] Built target teleop_tools_msgs__rosidl_typesupport_c
[3.819s] [ 32%] Built target teleop_tools_msgs__rosidl_typesupport_introspection_cpp
[3.819s] [ 41%] Built target teleop_tools_msgs__rosidl_typesupport_cpp
[3.820s] [ 58%] Built target teleop_tools_msgs__rosidl_typesupport_introspection_c
[3.820s] [ 61%] Built target teleop_tools_msgs__rosidl_typesupport_fastrtps_cpp
[3.821s] [ 70%] Built target teleop_tools_msgs__rosidl_typesupport_fastrtps_c
[3.824s] [ 70%] Built target teleop_tools_msgs
[3.825s] [ 74%] Built target teleop_tools_msgs__py
[3.825s] [ 80%] Built target teleop_tools_msgs__python
[3.826s] [ 87%] Built target teleop_tools_msgs__rosidl_typesupport_c__pyext
[3.826s] [ 93%] Built target teleop_tools_msgs__rosidl_typesupport_fastrtps_c__pyext
[3.826s] [100%] Built target teleop_tools_msgs__rosidl_typesupport_introspection_c__pyext
[3.828s] Invoked command in '/home/f1tenth/f1tenth-ws/build/teleop_tools_msgs' returned '0': CMAKE_PREFIX_PATH=${CMAKE_PREFIX_PATH}:/home/f1tenth/f1tenth-ws/install/f1tenth_stack:/home/f1tenth/f1tenth-ws/install/joy_teleop:/home/f1tenth/f1tenth-ws/install/particle_filter:/home/f1tenth/f1tenth-ws/install/mouse_teleop:/home/f1tenth/f1tenth-ws/install/key_teleop:/home/f1tenth/f1tenth-ws/install/example_py:/home/f1tenth/f1tenth-ws/install/autonomous_drive:/opt/ros/foxy /usr/bin/cmake --build /home/f1tenth/f1tenth-ws/build/teleop_tools_msgs -- -j4 -l4
[4.651s] Invoking command in '/home/f1tenth/f1tenth-ws/build/teleop_tools_msgs': CMAKE_PREFIX_PATH=${CMAKE_PREFIX_PATH}:/home/f1tenth/f1tenth-ws/install/f1tenth_stack:/home/f1tenth/f1tenth-ws/install/joy_teleop:/home/f1tenth/f1tenth-ws/install/particle_filter:/home/f1tenth/f1tenth-ws/install/mouse_teleop:/home/f1tenth/f1tenth-ws/install/key_teleop:/home/f1tenth/f1tenth-ws/install/example_py:/home/f1tenth/f1tenth-ws/install/autonomous_drive:/opt/ros/foxy /usr/bin/cmake --install /home/f1tenth/f1tenth-ws/build/teleop_tools_msgs
[4.717s] -- Install configuration: ""
[4.717s] -- Up-to-date: /home/f1tenth/f1tenth-ws/install/teleop_tools_msgs/share/ament_index/resource_index/rosidl_interfaces/teleop_tools_msgs
[4.718s] -- Up-to-date: /home/f1tenth/f1tenth-ws/install/teleop_tools_msgs/include/teleop_tools_msgs
[4.718s] -- Up-to-date: /home/f1tenth/f1tenth-ws/install/teleop_tools_msgs/include/teleop_tools_msgs/msg
[4.718s] -- Up-to-date: /home/f1tenth/f1tenth-ws/install/teleop_tools_msgs/include/teleop_tools_msgs/msg/rosidl_generator_c__visibility_control.h
[4.719s] -- Up-to-date: /home/f1tenth/f1tenth-ws/install/teleop_tools_msgs/include/teleop_tools_msgs/action
[4.720s] -- Up-to-date: /home/f1tenth/f1tenth-ws/install/teleop_tools_msgs/include/teleop_tools_msgs/action/detail
[4.721s] -- Up-to-date: /home/f1tenth/f1tenth-ws/install/teleop_tools_msgs/include/teleop_tools_msgs/action/detail/increment__functions.c
[4.722s] -- Up-to-date: /home/f1tenth/f1tenth-ws/install/teleop_tools_msgs/include/teleop_tools_msgs/action/detail/increment__functions.h
[4.722s] -- Up-to-date: /home/f1tenth/f1tenth-ws/install/teleop_tools_msgs/include/teleop_tools_msgs/action/detail/increment__struct.h
[4.722s] -- Up-to-date: /home/f1tenth/f1tenth-ws/install/teleop_tools_msgs/include/teleop_tools_msgs/action/detail/increment__type_support.h
[4.723s] -- Up-to-date: /home/f1tenth/f1tenth-ws/install/teleop_tools_msgs/include/teleop_tools_msgs/action/increment.h
[4.725s] -- Up-to-date: /home/f1tenth/f1tenth-ws/install/teleop_tools_msgs/share/teleop_tools_msgs/environment/library_path.sh
[4.726s] -- Up-to-date: /home/f1tenth/f1tenth-ws/install/teleop_tools_msgs/share/teleop_tools_msgs/environment/library_path.dsv
[4.727s] -- Up-to-date: /home/f1tenth/f1tenth-ws/install/teleop_tools_msgs/lib/libteleop_tools_msgs__rosidl_generator_c.so
[4.729s] -- Up-to-date: /home/f1tenth/f1tenth-ws/install/teleop_tools_msgs/include/teleop_tools_msgs
[4.730s] -- Up-to-date: /home/f1tenth/f1tenth-ws/install/teleop_tools_msgs/include/teleop_tools_msgs/msg
[4.731s] -- Up-to-date: /home/f1tenth/f1tenth-ws/install/teleop_tools_msgs/include/teleop_tools_msgs/msg/rosidl_typesupport_fastrtps_c__visibility_control.h
[4.732s] -- Up-to-date: /home/f1tenth/f1tenth-ws/install/teleop_tools_msgs/include/teleop_tools_msgs/action
[4.733s] -- Up-to-date: /home/f1tenth/f1tenth-ws/install/teleop_tools_msgs/include/teleop_tools_msgs/action/detail
[4.737s] -- Up-to-date: /home/f1tenth/f1tenth-ws/install/teleop_tools_msgs/include/teleop_tools_msgs/action/detail/increment__rosidl_typesupport_fastrtps_c.h
[4.747s] -- Up-to-date: /home/f1tenth/f1tenth-ws/install/teleop_tools_msgs/lib/libteleop_tools_msgs__rosidl_typesupport_fastrtps_c.so
[4.747s] -- Up-to-date: /home/f1tenth/f1tenth-ws/install/teleop_tools_msgs/include/teleop_tools_msgs
[4.748s] -- Up-to-date: /home/f1tenth/f1tenth-ws/install/teleop_tools_msgs/include/teleop_tools_msgs/msg
[4.748s] -- Up-to-date: /home/f1tenth/f1tenth-ws/install/teleop_tools_msgs/include/teleop_tools_msgs/msg/rosidl_typesupport_fastrtps_cpp__visibility_control.h
[4.749s] -- Up-to-date: /home/f1tenth/f1tenth-ws/install/teleop_tools_msgs/include/teleop_tools_msgs/action
[4.749s] -- Up-to-date: /home/f1tenth/f1tenth-ws/install/teleop_tools_msgs/include/teleop_tools_msgs/action/detail
[4.750s] -- Up-to-date: /home/f1tenth/f1tenth-ws/install/teleop_tools_msgs/include/teleop_tools_msgs/action/detail/dds_fastrtps
[4.750s] -- Up-to-date: /home/f1tenth/f1tenth-ws/install/teleop_tools_msgs/include/teleop_tools_msgs/action/detail/increment__rosidl_typesupport_fastrtps_cpp.hpp
[4.751s] -- Up-to-date: /home/f1tenth/f1tenth-ws/install/teleop_tools_msgs/lib/libteleop_tools_msgs__rosidl_typesupport_fastrtps_cpp.so
[4.751s] -- Up-to-date: /home/f1tenth/f1tenth-ws/install/teleop_tools_msgs/include/teleop_tools_msgs
[4.756s] -- Up-to-date: /home/f1tenth/f1tenth-ws/install/teleop_tools_msgs/include/teleop_tools_msgs/msg
[4.758s] -- Up-to-date: /home/f1tenth/f1tenth-ws/install/teleop_tools_msgs/include/teleop_tools_msgs/msg/rosidl_typesupport_introspection_c__visibility_control.h
[4.758s] -- Up-to-date: /home/f1tenth/f1tenth-ws/install/teleop_tools_msgs/include/teleop_tools_msgs/action
[4.758s] -- Up-to-date: /home/f1tenth/f1tenth-ws/install/teleop_tools_msgs/include/teleop_tools_msgs/action/detail
[4.759s] -- Up-to-date: /home/f1tenth/f1tenth-ws/install/teleop_tools_msgs/include/teleop_tools_msgs/action/detail/increment__type_support.c
[4.765s] -- Up-to-date: /home/f1tenth/f1tenth-ws/install/teleop_tools_msgs/include/teleop_tools_msgs/action/detail/increment__rosidl_typesupport_introspection_c.h
[4.781s] -- Up-to-date: /home/f1tenth/f1tenth-ws/install/teleop_tools_msgs/lib/libteleop_tools_msgs__rosidl_typesupport_introspection_c.so
[4.782s] -- Up-to-date: /home/f1tenth/f1tenth-ws/install/teleop_tools_msgs/lib/libteleop_tools_msgs__rosidl_typesupport_c.so
[4.782s] -- Up-to-date: /home/f1tenth/f1tenth-ws/install/teleop_tools_msgs/include/teleop_tools_msgs
[4.783s] -- Up-to-date: /home/f1tenth/f1tenth-ws/install/teleop_tools_msgs/include/teleop_tools_msgs/msg
[4.783s] -- Up-to-date: /home/f1tenth/f1tenth-ws/install/teleop_tools_msgs/include/teleop_tools_msgs/msg/rosidl_generator_cpp__visibility_control.hpp
[4.783s] -- Up-to-date: /home/f1tenth/f1tenth-ws/install/teleop_tools_msgs/include/teleop_tools_msgs/action
[4.784s] -- Up-to-date: /home/f1tenth/f1tenth-ws/install/teleop_tools_msgs/include/teleop_tools_msgs/action/detail
[4.784s] -- Up-to-date: /home/f1tenth/f1tenth-ws/install/teleop_tools_msgs/include/teleop_tools_msgs/action/detail/increment__builder.hpp
[4.785s] -- Up-to-date: /home/f1tenth/f1tenth-ws/install/teleop_tools_msgs/include/teleop_tools_msgs/action/detail/increment__type_support.hpp
[4.785s] -- Up-to-date: /home/f1tenth/f1tenth-ws/install/teleop_tools_msgs/include/teleop_tools_msgs/action/detail/increment__traits.hpp
[4.786s] -- Up-to-date: /home/f1tenth/f1tenth-ws/install/teleop_tools_msgs/include/teleop_tools_msgs/action/detail/increment__struct.hpp
[4.786s] -- Up-to-date: /home/f1tenth/f1tenth-ws/install/teleop_tools_msgs/include/teleop_tools_msgs/action/increment.hpp
[4.786s] -- Up-to-date: /home/f1tenth/f1tenth-ws/install/teleop_tools_msgs/include/teleop_tools_msgs
[4.787s] -- Up-to-date: /home/f1tenth/f1tenth-ws/install/teleop_tools_msgs/include/teleop_tools_msgs/action
[4.787s] -- Up-to-date: /home/f1tenth/f1tenth-ws/install/teleop_tools_msgs/include/teleop_tools_msgs/action/detail
[4.787s] -- Up-to-date: /home/f1tenth/f1tenth-ws/install/teleop_tools_msgs/include/teleop_tools_msgs/action/detail/increment__type_support.cpp
[4.788s] -- Up-to-date: /home/f1tenth/f1tenth-ws/install/teleop_tools_msgs/include/teleop_tools_msgs/action/detail/increment__rosidl_typesupport_introspection_cpp.hpp
[4.804s] -- Up-to-date: /home/f1tenth/f1tenth-ws/install/teleop_tools_msgs/lib/libteleop_tools_msgs__rosidl_typesupport_introspection_cpp.so
[4.804s] -- Up-to-date: /home/f1tenth/f1tenth-ws/install/teleop_tools_msgs/lib/libteleop_tools_msgs__rosidl_typesupport_cpp.so
[4.805s] -- Up-to-date: /home/f1tenth/f1tenth-ws/install/teleop_tools_msgs/share/teleop_tools_msgs/environment/pythonpath.sh
[4.805s] -- Up-to-date: /home/f1tenth/f1tenth-ws/install/teleop_tools_msgs/share/teleop_tools_msgs/environment/pythonpath.dsv
[4.805s] -- Up-to-date: /home/f1tenth/f1tenth-ws/install/teleop_tools_msgs/lib/python3.8/site-packages/teleop_tools_msgs/__init__.py
[4.977s] -- Up-to-date: /home/f1tenth/f1tenth-ws/install/teleop_tools_msgs/lib/python3.8/site-packages/teleop_tools_msgs/action
[4.978s] -- Up-to-date: /home/f1tenth/f1tenth-ws/install/teleop_tools_msgs/lib/python3.8/site-packages/teleop_tools_msgs/action/__init__.py
[4.980s] -- Up-to-date: /home/f1tenth/f1tenth-ws/install/teleop_tools_msgs/lib/python3.8/site-packages/teleop_tools_msgs/action/_increment_s.c
[4.981s] -- Up-to-date: /home/f1tenth/f1tenth-ws/install/teleop_tools_msgs/lib/python3.8/site-packages/teleop_tools_msgs/action/_increment.py
[4.983s] -- Up-to-date: /home/f1tenth/f1tenth-ws/install/teleop_tools_msgs/lib/python3.8/site-packages/teleop_tools_msgs/teleop_tools_msgs_s__rosidl_typesupport_fastrtps_c.cpython-38-aarch64-linux-gnu.so
[4.985s] -- Up-to-date: /home/f1tenth/f1tenth-ws/install/teleop_tools_msgs/lib/python3.8/site-packages/teleop_tools_msgs/teleop_tools_msgs_s__rosidl_typesupport_introspection_c.cpython-38-aarch64-linux-gnu.so
[4.987s] -- Up-to-date: /home/f1tenth/f1tenth-ws/install/teleop_tools_msgs/lib/python3.8/site-packages/teleop_tools_msgs/teleop_tools_msgs_s__rosidl_typesupport_c.cpython-38-aarch64-linux-gnu.so
[4.990s] -- Up-to-date: /home/f1tenth/f1tenth-ws/install/teleop_tools_msgs/lib/libteleop_tools_msgs__python.so
[4.994s] -- Up-to-date: /home/f1tenth/f1tenth-ws/install/teleop_tools_msgs/share/teleop_tools_msgs/action/Increment.idl
[4.995s] -- Up-to-date: /home/f1tenth/f1tenth-ws/install/teleop_tools_msgs/share/teleop_tools_msgs/action/Increment.action
[4.997s] -- Up-to-date: /home/f1tenth/f1tenth-ws/install/teleop_tools_msgs/share/ament_index/resource_index/package_run_dependencies/teleop_tools_msgs
[4.999s] -- Up-to-date: /home/f1tenth/f1tenth-ws/install/teleop_tools_msgs/share/ament_index/resource_index/parent_prefix_path/teleop_tools_msgs
[5.001s] -- Up-to-date: /home/f1tenth/f1tenth-ws/install/teleop_tools_msgs/share/teleop_tools_msgs/environment/ament_prefix_path.sh
[5.002s] -- Up-to-date: /home/f1tenth/f1tenth-ws/install/teleop_tools_msgs/share/teleop_tools_msgs/environment/ament_prefix_path.dsv
[5.004s] -- Up-to-date: /home/f1tenth/f1tenth-ws/install/teleop_tools_msgs/share/teleop_tools_msgs/environment/path.sh
[5.005s] -- Up-to-date: /home/f1tenth/f1tenth-ws/install/teleop_tools_msgs/share/teleop_tools_msgs/environment/path.dsv
[5.009s] -- Up-to-date: /home/f1tenth/f1tenth-ws/install/teleop_tools_msgs/share/teleop_tools_msgs/local_setup.bash
[5.010s] -- Up-to-date: /home/f1tenth/f1tenth-ws/install/teleop_tools_msgs/share/teleop_tools_msgs/local_setup.sh
[5.015s] -- Up-to-date: /home/f1tenth/f1tenth-ws/install/teleop_tools_msgs/share/teleop_tools_msgs/local_setup.zsh
[5.016s] -- Up-to-date: /home/f1tenth/f1tenth-ws/install/teleop_tools_msgs/share/teleop_tools_msgs/local_setup.dsv
[5.017s] -- Installing: /home/f1tenth/f1tenth-ws/install/teleop_tools_msgs/share/teleop_tools_msgs/package.dsv
[5.018s] -- Up-to-date: /home/f1tenth/f1tenth-ws/install/teleop_tools_msgs/share/ament_index/resource_index/packages/teleop_tools_msgs
[5.019s] -- Up-to-date: /home/f1tenth/f1tenth-ws/install/teleop_tools_msgs/share/teleop_tools_msgs/cmake/teleop_tools_msgs__rosidl_generator_cExport.cmake
[5.020s] -- Up-to-date: /home/f1tenth/f1tenth-ws/install/teleop_tools_msgs/share/teleop_tools_msgs/cmake/teleop_tools_msgs__rosidl_generator_cExport-noconfig.cmake
[5.022s] -- Up-to-date: /home/f1tenth/f1tenth-ws/install/teleop_tools_msgs/share/teleop_tools_msgs/cmake/teleop_tools_msgs__rosidl_typesupport_introspection_cExport.cmake
[5.023s] -- Up-to-date: /home/f1tenth/f1tenth-ws/install/teleop_tools_msgs/share/teleop_tools_msgs/cmake/teleop_tools_msgs__rosidl_typesupport_introspection_cExport-noconfig.cmake
[5.024s] -- Up-to-date: /home/f1tenth/f1tenth-ws/install/teleop_tools_msgs/share/teleop_tools_msgs/cmake/teleop_tools_msgs__rosidl_typesupport_cExport.cmake
[5.026s] -- Up-to-date: /home/f1tenth/f1tenth-ws/install/teleop_tools_msgs/share/teleop_tools_msgs/cmake/teleop_tools_msgs__rosidl_typesupport_cExport-noconfig.cmake
[5.027s] -- Up-to-date: /home/f1tenth/f1tenth-ws/install/teleop_tools_msgs/share/teleop_tools_msgs/cmake/teleop_tools_msgs__rosidl_generator_cppExport.cmake
[5.028s] -- Up-to-date: /home/f1tenth/f1tenth-ws/install/teleop_tools_msgs/share/teleop_tools_msgs/cmake/teleop_tools_msgs__rosidl_typesupport_introspection_cppExport.cmake
[5.030s] -- Up-to-date: /home/f1tenth/f1tenth-ws/install/teleop_tools_msgs/share/teleop_tools_msgs/cmake/teleop_tools_msgs__rosidl_typesupport_introspection_cppExport-noconfig.cmake
[5.031s] -- Up-to-date: /home/f1tenth/f1tenth-ws/install/teleop_tools_msgs/share/teleop_tools_msgs/cmake/teleop_tools_msgs__rosidl_typesupport_cppExport.cmake
[5.032s] -- Up-to-date: /home/f1tenth/f1tenth-ws/install/teleop_tools_msgs/share/teleop_tools_msgs/cmake/teleop_tools_msgs__rosidl_typesupport_cppExport-noconfig.cmake
[5.033s] -- Up-to-date: /home/f1tenth/f1tenth-ws/install/teleop_tools_msgs/share/teleop_tools_msgs/cmake/rosidl_cmake-extras.cmake
[5.034s] -- Up-to-date: /home/f1tenth/f1tenth-ws/install/teleop_tools_msgs/share/teleop_tools_msgs/cmake/ament_cmake_export_dependencies-extras.cmake
[5.035s] -- Up-to-date: /home/f1tenth/f1tenth-ws/install/teleop_tools_msgs/share/teleop_tools_msgs/cmake/ament_cmake_export_libraries-extras.cmake
[5.038s] -- Up-to-date: /home/f1tenth/f1tenth-ws/install/teleop_tools_msgs/share/teleop_tools_msgs/cmake/ament_cmake_export_targets-extras.cmake
[5.039s] -- Up-to-date: /home/f1tenth/f1tenth-ws/install/teleop_tools_msgs/share/teleop_tools_msgs/cmake/ament_cmake_export_include_directories-extras.cmake
[5.040s] -- Up-to-date: /home/f1tenth/f1tenth-ws/install/teleop_tools_msgs/share/teleop_tools_msgs/cmake/rosidl_cmake_export_typesupport_libraries-extras.cmake
[5.041s] -- Up-to-date: /home/f1tenth/f1tenth-ws/install/teleop_tools_msgs/share/teleop_tools_msgs/cmake/rosidl_cmake_export_typesupport_targets-extras.cmake
[5.042s] -- Up-to-date: /home/f1tenth/f1tenth-ws/install/teleop_tools_msgs/share/teleop_tools_msgs/cmake/teleop_tools_msgsConfig.cmake
[5.044s] -- Up-to-date: /home/f1tenth/f1tenth-ws/install/teleop_tools_msgs/share/teleop_tools_msgs/cmake/teleop_tools_msgsConfig-version.cmake
[5.045s] -- Up-to-date: /home/f1tenth/f1tenth-ws/install/teleop_tools_msgs/share/teleop_tools_msgs/package.xml
[6.799s] Invoked command in '/home/f1tenth/f1tenth-ws/build/teleop_tools_msgs' returned '0': CMAKE_PREFIX_PATH=${CMAKE_PREFIX_PATH}:/home/f1tenth/f1tenth-ws/install/f1tenth_stack:/home/f1tenth/f1tenth-ws/install/joy_teleop:/home/f1tenth/f1tenth-ws/install/particle_filter:/home/f1tenth/f1tenth-ws/install/mouse_teleop:/home/f1tenth/f1tenth-ws/install/key_teleop:/home/f1tenth/f1tenth-ws/install/example_py:/home/f1tenth/f1tenth-ws/install/autonomous_drive:/opt/ros/foxy /usr/bin/cmake --install /home/f1tenth/f1tenth-ws/build/teleop_tools_msgs
