[10.513s] Invoking command in '/home/f1tenth/f1tenth-ws/src/test_driving_2/example_py': PYTHONPATH=/home/f1tenth/f1tenth-ws/build/example_py/prefix_override:/home/f1tenth/f1tenth-ws/install/example_py/lib/python3.8/site-packages:${PYTHONPATH} /usr/bin/python3 setup.py egg_info --egg-base ../../../build/example_py build --build-base /home/f1tenth/f1tenth-ws/build/example_py/build install --record /home/f1tenth/f1tenth-ws/build/example_py/install.log --install-scripts $base/lib/example_py --single-version-externally-managed
[11.672s] running egg_info
[11.673s] writing ../../../build/example_py/example_py.egg-info/PKG-INFO
[11.675s] writing dependency_links to ../../../build/example_py/example_py.egg-info/dependency_links.txt
[11.676s] writing entry points to ../../../build/example_py/example_py.egg-info/entry_points.txt
[11.685s] writing requirements to ../../../build/example_py/example_py.egg-info/requires.txt
[11.686s] writing top-level names to ../../../build/example_py/example_py.egg-info/top_level.txt
[11.869s] reading manifest file '../../../build/example_py/example_py.egg-info/SOURCES.txt'
[11.877s] writing manifest file '../../../build/example_py/example_py.egg-info/SOURCES.txt'
[11.877s] running build
[11.878s] running build_py
[11.878s] running install
[11.883s] running install_lib
[11.890s] running install_data
[11.891s] running install_egg_info
[11.899s] removing '/home/f1tenth/f1tenth-ws/install/example_py/lib/python3.8/site-packages/example_py-0.0.0-py3.8.egg-info' (and everything under it)
[11.904s] Copying ../../../build/example_py/example_py.egg-info to /home/f1tenth/f1tenth-ws/install/example_py/lib/python3.8/site-packages/example_py-0.0.0-py3.8.egg-info
[11.909s] running install_scripts
[12.006s] Installing li4_node script to /home/f1tenth/f1tenth-ws/install/example_py/lib/example_py
[12.012s] writing list of installed files to '/home/f1tenth/f1tenth-ws/build/example_py/install.log'
[13.835s] Invoked command in '/home/f1tenth/f1tenth-ws/src/test_driving_2/example_py' returned '0': PYTHONPATH=/home/f1tenth/f1tenth-ws/build/example_py/prefix_override:/home/f1tenth/f1tenth-ws/install/example_py/lib/python3.8/site-packages:${PYTHONPATH} /usr/bin/python3 setup.py egg_info --egg-base ../../../build/example_py build --build-base /home/f1tenth/f1tenth-ws/build/example_py/build install --record /home/f1tenth/f1tenth-ws/build/example_py/install.log --install-scripts $base/lib/example_py --single-version-externally-managed
