[9.548s] Invoking command in '/home/f1tenth/f1tenth-ws/src/autonomous_drive': PYTHONPATH=/home/f1tenth/f1tenth-ws/build/autonomous_drive/prefix_override:/home/f1tenth/f1tenth-ws/install/autonomous_drive/lib/python3.8/site-packages:${PYTHONPATH} /usr/bin/python3 setup.py egg_info --egg-base ../../build/autonomous_drive build --build-base /home/f1tenth/f1tenth-ws/build/autonomous_drive/build install --record /home/f1tenth/f1tenth-ws/build/autonomous_drive/install.log --install-scripts $base/lib/autonomous_drive --single-version-externally-managed
[10.679s] running egg_info
[10.683s] writing ../../build/autonomous_drive/autonomous_drive.egg-info/PKG-INFO
[10.684s] writing dependency_links to ../../build/autonomous_drive/autonomous_drive.egg-info/dependency_links.txt
[10.685s] writing entry points to ../../build/autonomous_drive/autonomous_drive.egg-info/entry_points.txt
[10.686s] writing requirements to ../../build/autonomous_drive/autonomous_drive.egg-info/requires.txt
[10.687s] writing top-level names to ../../build/autonomous_drive/autonomous_drive.egg-info/top_level.txt
[10.835s] reading manifest file '../../build/autonomous_drive/autonomous_drive.egg-info/SOURCES.txt'
[10.839s] writing manifest file '../../build/autonomous_drive/autonomous_drive.egg-info/SOURCES.txt'
[10.839s] running build
[10.843s] running build_py
[10.845s] copying autonomous_drive/autonomous_drive.py -> /home/f1tenth/f1tenth-ws/build/autonomous_drive/build/lib/autonomous_drive
[10.847s] running install
[10.849s] running install_lib
[10.850s] copying /home/f1tenth/f1tenth-ws/build/autonomous_drive/build/lib/autonomous_drive/autonomous_drive.py -> /home/f1tenth/f1tenth-ws/install/autonomous_drive/lib/python3.8/site-packages/autonomous_drive
[10.853s] byte-compiling /home/f1tenth/f1tenth-ws/install/autonomous_drive/lib/python3.8/site-packages/autonomous_drive/autonomous_drive.py to autonomous_drive.cpython-38.pyc
[10.861s] running install_data
[10.862s] running install_egg_info
[10.868s] removing '/home/f1tenth/f1tenth-ws/install/autonomous_drive/lib/python3.8/site-packages/autonomous_drive-0.0.0-py3.8.egg-info' (and everything under it)
[10.872s] Copying ../../build/autonomous_drive/autonomous_drive.egg-info to /home/f1tenth/f1tenth-ws/install/autonomous_drive/lib/python3.8/site-packages/autonomous_drive-0.0.0-py3.8.egg-info
[10.875s] running install_scripts
[10.945s] Installing autonomous_drive script to /home/f1tenth/f1tenth-ws/install/autonomous_drive/lib/autonomous_drive
[10.946s] writing list of installed files to '/home/f1tenth/f1tenth-ws/build/autonomous_drive/install.log'
[12.187s] Invoked command in '/home/f1tenth/f1tenth-ws/src/autonomous_drive' returned '0': PYTHONPATH=/home/f1tenth/f1tenth-ws/build/autonomous_drive/prefix_override:/home/f1tenth/f1tenth-ws/install/autonomous_drive/lib/python3.8/site-packages:${PYTHONPATH} /usr/bin/python3 setup.py egg_info --egg-base ../../build/autonomous_drive build --build-base /home/f1tenth/f1tenth-ws/build/autonomous_drive/build install --record /home/f1tenth/f1tenth-ws/build/autonomous_drive/install.log --install-scripts $base/lib/autonomous_drive --single-version-externally-managed
