[8.685s] Invoking command in '/mnt/nvme0n1/f1tenth_ws/src/f1tenth_system/teleop_tools/mouse_teleop': PYTHONPATH=/mnt/nvme0n1/f1tenth_ws/build/mouse_teleop/prefix_override:/mnt/nvme0n1/f1tenth_ws/install/mouse_teleop/lib/python3.8/site-packages:${PYTHONPATH} /usr/bin/python3 setup.py egg_info --egg-base ../../../../build/mouse_teleop build --build-base /mnt/nvme0n1/f1tenth_ws/build/mouse_teleop/build install --record /mnt/nvme0n1/f1tenth_ws/build/mouse_teleop/install.log --install-scripts $base/lib/mouse_teleop --single-version-externally-managed
[9.682s] running egg_info
[9.687s] writing ../../../../build/mouse_teleop/mouse_teleop.egg-info/PKG-INFO
[9.688s] writing dependency_links to ../../../../build/mouse_teleop/mouse_teleop.egg-info/dependency_links.txt
[9.688s] writing entry points to ../../../../build/mouse_teleop/mouse_teleop.egg-info/entry_points.txt
[9.689s] writing requirements to ../../../../build/mouse_teleop/mouse_teleop.egg-info/requires.txt
[9.689s] writing top-level names to ../../../../build/mouse_teleop/mouse_teleop.egg-info/top_level.txt
[9.831s] reading manifest file '../../../../build/mouse_teleop/mouse_teleop.egg-info/SOURCES.txt'
[9.835s] writing manifest file '../../../../build/mouse_teleop/mouse_teleop.egg-info/SOURCES.txt'
[9.836s] running build
[9.836s] running build_py
[9.837s] running install
[9.839s] running install_lib
[9.846s] running install_data
[9.847s] running install_egg_info
[9.855s] removing '/mnt/nvme0n1/f1tenth_ws/install/mouse_teleop/lib/python3.8/site-packages/mouse_teleop-0.3.0-py3.8.egg-info' (and everything under it)
[9.858s] Copying ../../../../build/mouse_teleop/mouse_teleop.egg-info to /mnt/nvme0n1/f1tenth_ws/install/mouse_teleop/lib/python3.8/site-packages/mouse_teleop-0.3.0-py3.8.egg-info
[9.863s] running install_scripts
[9.937s] Installing mouse_teleop script to /mnt/nvme0n1/f1tenth_ws/install/mouse_teleop/lib/mouse_teleop
[9.940s] writing list of installed files to '/mnt/nvme0n1/f1tenth_ws/build/mouse_teleop/install.log'
[10.624s] Invoked command in '/mnt/nvme0n1/f1tenth_ws/src/f1tenth_system/teleop_tools/mouse_teleop' returned '0': PYTHONPATH=/mnt/nvme0n1/f1tenth_ws/build/mouse_teleop/prefix_override:/mnt/nvme0n1/f1tenth_ws/install/mouse_teleop/lib/python3.8/site-packages:${PYTHONPATH} /usr/bin/python3 setup.py egg_info --egg-base ../../../../build/mouse_teleop build --build-base /mnt/nvme0n1/f1tenth_ws/build/mouse_teleop/build install --record /mnt/nvme0n1/f1tenth_ws/build/mouse_teleop/install.log --install-scripts $base/lib/mouse_teleop --single-version-externally-managed
