[6.785s] Invoking command in '/mnt/nvme0n1/f1tenth_ws/src/f1tenth_system/teleop_tools/key_teleop': PYTHONPATH=/mnt/nvme0n1/f1tenth_ws/build/key_teleop/prefix_override:/mnt/nvme0n1/f1tenth_ws/install/key_teleop/lib/python3.8/site-packages:${PYTHONPATH} /usr/bin/python3 setup.py egg_info --egg-base ../../../../build/key_teleop build --build-base /mnt/nvme0n1/f1tenth_ws/build/key_teleop/build install --record /mnt/nvme0n1/f1tenth_ws/build/key_teleop/install.log --install-scripts $base/lib/key_teleop --single-version-externally-managed
[8.561s] running egg_info
[8.562s] writing ../../../../build/key_teleop/key_teleop.egg-info/PKG-INFO
[8.563s] writing dependency_links to ../../../../build/key_teleop/key_teleop.egg-info/dependency_links.txt
[8.564s] writing entry points to ../../../../build/key_teleop/key_teleop.egg-info/entry_points.txt
[8.564s] writing requirements to ../../../../build/key_teleop/key_teleop.egg-info/requires.txt
[8.565s] writing top-level names to ../../../../build/key_teleop/key_teleop.egg-info/top_level.txt
[8.566s] reading manifest file '../../../../build/key_teleop/key_teleop.egg-info/SOURCES.txt'
[8.567s] writing manifest file '../../../../build/key_teleop/key_teleop.egg-info/SOURCES.txt'
[8.567s] running build
[8.568s] running build_py
[8.569s] running install
[8.571s] running install_lib
[8.572s] running install_data
[8.573s] running install_egg_info
[8.574s] removing '/mnt/nvme0n1/f1tenth_ws/install/key_teleop/lib/python3.8/site-packages/key_teleop-0.3.0-py3.8.egg-info' (and everything under it)
[8.576s] Copying ../../../../build/key_teleop/key_teleop.egg-info to /mnt/nvme0n1/f1tenth_ws/install/key_teleop/lib/python3.8/site-packages/key_teleop-0.3.0-py3.8.egg-info
[8.577s] running install_scripts
[8.580s] Installing key_teleop script to /mnt/nvme0n1/f1tenth_ws/install/key_teleop/lib/key_teleop
[8.581s] writing list of installed files to '/mnt/nvme0n1/f1tenth_ws/build/key_teleop/install.log'
[11.227s] Invoked command in '/mnt/nvme0n1/f1tenth_ws/src/f1tenth_system/teleop_tools/key_teleop' returned '0': PYTHONPATH=/mnt/nvme0n1/f1tenth_ws/build/key_teleop/prefix_override:/mnt/nvme0n1/f1tenth_ws/install/key_teleop/lib/python3.8/site-packages:${PYTHONPATH} /usr/bin/python3 setup.py egg_info --egg-base ../../../../build/key_teleop build --build-base /mnt/nvme0n1/f1tenth_ws/build/key_teleop/build install --record /mnt/nvme0n1/f1tenth_ws/build/key_teleop/install.log --install-scripts $base/lib/key_teleop --single-version-externally-managed
