[0.610s] Invoking command in '/home/william/sim_ws/build/range_lib': /usr/bin/cmake --build /home/william/sim_ws/build/range_lib -- -j8 -l8
[0.672s] [ 33%] Built target gflags_nothreads_static
[0.676s] [ 66%] Built target gflags_static
[0.721s] [100%] Built target range_lib
[0.829s] Invoked command in '/home/william/sim_ws/build/range_lib' returned '0': /usr/bin/cmake --build /home/william/sim_ws/build/range_lib -- -j8 -l8
[1.031s] Invoking command in '/home/william/sim_ws/build/range_lib': /usr/bin/cmake --install /home/william/sim_ws/build/range_lib
[1.040s] -- Install configuration: "Release"
[1.040s] -- Up-to-date: /home/william/sim_ws/install/range_lib/lib/libgflags.a
[1.041s] -- Up-to-date: /home/william/sim_ws/install/range_lib/lib/libgflags_nothreads.a
[1.041s] -- Up-to-date: /home/william/sim_ws/install/range_lib/include/gflags/gflags.h
[1.042s] -- Up-to-date: /home/william/sim_ws/install/range_lib/include/gflags/gflags_declare.h
[1.042s] -- Up-to-date: /home/william/sim_ws/install/range_lib/include/gflags/gflags_completions.h
[1.043s] -- Up-to-date: /home/william/sim_ws/install/range_lib/include/gflags/gflags_gflags.h
[1.043s] -- Up-to-date: /home/william/sim_ws/install/range_lib/lib/cmake/gflags/gflags-config.cmake
[1.043s] -- Up-to-date: /home/william/sim_ws/install/range_lib/lib/cmake/gflags/gflags-config-version.cmake
[1.044s] -- Up-to-date: /home/william/sim_ws/install/range_lib/lib/cmake/gflags/gflags-targets.cmake
[1.044s] -- Up-to-date: /home/william/sim_ws/install/range_lib/bin/gflags_completions.sh
[1.044s] -- Up-to-date: /home/william/sim_ws/install/range_lib/lib/pkgconfig/gflags.pc
[1.045s] -- Up-to-date: /home/william/.cmake/packages/gflags/6f3b71e1441b90aa05967b6e00f3a05f
[1.232s] Invoked command in '/home/william/sim_ws/build/range_lib' returned '0': /usr/bin/cmake --install /home/william/sim_ws/build/range_lib
