Performing C SOURCE FILE Test CMAKE_HAVE_LIBC_PTHREAD failed with the following output:
Change Dir: /home/f1tenth/f1tenthh_ws/build/vesc_driver/CMakeFiles/CMakeTmp

Run Build Command(s):/usr/bin/make cmTC_3d98c/fast && /usr/bin/make -f CMakeFiles/cmTC_3d98c.dir/build.make CMakeFiles/cmTC_3d98c.dir/build
make[1]: Entering directory '/home/f1tenth/f1tenthh_ws/build/vesc_driver/CMakeFiles/CMakeTmp'
Building C object CMakeFiles/cmTC_3d98c.dir/src.c.o
/usr/bin/cc   -DCMAKE_HAVE_LIBC_PTHREAD   -o CMakeFiles/cmTC_3d98c.dir/src.c.o   -c /home/f1tenth/f1tenthh_ws/build/vesc_driver/CMakeFiles/CMakeTmp/src.c
Linking C executable cmTC_3d98c
/usr/bin/cmake -E cmake_link_script CMakeFiles/cmTC_3d98c.dir/link.txt --verbose=1
/usr/bin/cc  -DCMAKE_HAVE_LIBC_PTHREAD    CMakeFiles/cmTC_3d98c.dir/src.c.o  -o cmTC_3d98c 
/usr/bin/ld: CMakeFiles/cmTC_3d98c.dir/src.c.o: in function `main':
src.c:(.text+0x48): undefined reference to `pthread_create'
/usr/bin/ld: src.c:(.text+0x50): undefined reference to `pthread_detach'
/usr/bin/ld: src.c:(.text+0x5c): undefined reference to `pthread_join'
collect2: error: ld returned 1 exit status
make[1]: *** [CMakeFiles/cmTC_3d98c.dir/build.make:87: cmTC_3d98c] Error 1
make[1]: Leaving directory '/home/f1tenth/f1tenthh_ws/build/vesc_driver/CMakeFiles/CMakeTmp'
make: *** [Makefile:121: cmTC_3d98c/fast] Error 2


Source file was:
#include <pthread.h>

void* test_func(void* data)
{
  return data;
}

int main(void)
{
  pthread_t thread;
  pthread_create(&thread, NULL, test_func, NULL);
  pthread_detach(thread);
  pthread_join(thread, NULL);
  pthread_atfork(NULL, NULL, NULL);
  pthread_exit(NULL);

  return 0;
}

Determining if the function pthread_create exists in the pthreads failed with the following output:
Change Dir: /home/f1tenth/f1tenthh_ws/build/vesc_driver/CMakeFiles/CMakeTmp

Run Build Command(s):/usr/bin/make cmTC_e7d2c/fast && /usr/bin/make -f CMakeFiles/cmTC_e7d2c.dir/build.make CMakeFiles/cmTC_e7d2c.dir/build
make[1]: Entering directory '/home/f1tenth/f1tenthh_ws/build/vesc_driver/CMakeFiles/CMakeTmp'
Building C object CMakeFiles/cmTC_e7d2c.dir/CheckFunctionExists.c.o
/usr/bin/cc   -DCHECK_FUNCTION_EXISTS=pthread_create   -o CMakeFiles/cmTC_e7d2c.dir/CheckFunctionExists.c.o   -c /usr/share/cmake-3.16/Modules/CheckFunctionExists.c
Linking C executable cmTC_e7d2c
/usr/bin/cmake -E cmake_link_script CMakeFiles/cmTC_e7d2c.dir/link.txt --verbose=1
/usr/bin/cc  -DCHECK_FUNCTION_EXISTS=pthread_create    CMakeFiles/cmTC_e7d2c.dir/CheckFunctionExists.c.o  -o cmTC_e7d2c  -lpthreads 
/usr/bin/ld: cannot find -lpthreads
collect2: error: ld returned 1 exit status
make[1]: *** [CMakeFiles/cmTC_e7d2c.dir/build.make:87: cmTC_e7d2c] Error 1
make[1]: Leaving directory '/home/f1tenth/f1tenthh_ws/build/vesc_driver/CMakeFiles/CMakeTmp'
make: *** [Makefile:121: cmTC_e7d2c/fast] Error 2



Performing C SOURCE FILE Test CMAKE_HAVE_LIBC_PTHREAD failed with the following output:
Change Dir: /mnt/nvme0n1/f1tenth_ws/build/vesc_driver/CMakeFiles/CMakeTmp

Run Build Command(s):/usr/bin/make cmTC_60a6e/fast && /usr/bin/make -f CMakeFiles/cmTC_60a6e.dir/build.make CMakeFiles/cmTC_60a6e.dir/build
make[1]: Entering directory '/mnt/nvme0n1/f1tenth_ws/build/vesc_driver/CMakeFiles/CMakeTmp'
Building C object CMakeFiles/cmTC_60a6e.dir/src.c.o
/usr/bin/cc   -DCMAKE_HAVE_LIBC_PTHREAD   -o CMakeFiles/cmTC_60a6e.dir/src.c.o   -c /mnt/nvme0n1/f1tenth_ws/build/vesc_driver/CMakeFiles/CMakeTmp/src.c
Linking C executable cmTC_60a6e
/usr/bin/cmake -E cmake_link_script CMakeFiles/cmTC_60a6e.dir/link.txt --verbose=1
/usr/bin/cc  -DCMAKE_HAVE_LIBC_PTHREAD    CMakeFiles/cmTC_60a6e.dir/src.c.o  -o cmTC_60a6e 
/usr/bin/ld: CMakeFiles/cmTC_60a6e.dir/src.c.o: in function `main':
src.c:(.text+0x48): undefined reference to `pthread_create'
/usr/bin/ld: src.c:(.text+0x50): undefined reference to `pthread_detach'
/usr/bin/ld: src.c:(.text+0x5c): undefined reference to `pthread_join'
collect2: error: ld returned 1 exit status
make[1]: *** [CMakeFiles/cmTC_60a6e.dir/build.make:87: cmTC_60a6e] Error 1
make[1]: Leaving directory '/mnt/nvme0n1/f1tenth_ws/build/vesc_driver/CMakeFiles/CMakeTmp'
make: *** [Makefile:121: cmTC_60a6e/fast] Error 2


Source file was:
#include <pthread.h>

void* test_func(void* data)
{
  return data;
}

int main(void)
{
  pthread_t thread;
  pthread_create(&thread, NULL, test_func, NULL);
  pthread_detach(thread);
  pthread_join(thread, NULL);
  pthread_atfork(NULL, NULL, NULL);
  pthread_exit(NULL);

  return 0;
}

Determining if the function pthread_create exists in the pthreads failed with the following output:
Change Dir: /mnt/nvme0n1/f1tenth_ws/build/vesc_driver/CMakeFiles/CMakeTmp

Run Build Command(s):/usr/bin/make cmTC_6ebff/fast && /usr/bin/make -f CMakeFiles/cmTC_6ebff.dir/build.make CMakeFiles/cmTC_6ebff.dir/build
make[1]: Entering directory '/mnt/nvme0n1/f1tenth_ws/build/vesc_driver/CMakeFiles/CMakeTmp'
Building C object CMakeFiles/cmTC_6ebff.dir/CheckFunctionExists.c.o
/usr/bin/cc   -DCHECK_FUNCTION_EXISTS=pthread_create   -o CMakeFiles/cmTC_6ebff.dir/CheckFunctionExists.c.o   -c /usr/share/cmake-3.16/Modules/CheckFunctionExists.c
Linking C executable cmTC_6ebff
/usr/bin/cmake -E cmake_link_script CMakeFiles/cmTC_6ebff.dir/link.txt --verbose=1
/usr/bin/cc  -DCHECK_FUNCTION_EXISTS=pthread_create    CMakeFiles/cmTC_6ebff.dir/CheckFunctionExists.c.o  -o cmTC_6ebff  -lpthreads 
/usr/bin/ld: cannot find -lpthreads
collect2: error: ld returned 1 exit status
make[1]: *** [CMakeFiles/cmTC_6ebff.dir/build.make:87: cmTC_6ebff] Error 1
make[1]: Leaving directory '/mnt/nvme0n1/f1tenth_ws/build/vesc_driver/CMakeFiles/CMakeTmp'
make: *** [Makefile:121: cmTC_6ebff/fast] Error 2



Performing C SOURCE FILE Test CMAKE_HAVE_LIBC_PTHREAD failed with the following output:
Change Dir: /home/f1tenth/f1tenth-ws/build/vesc_driver/CMakeFiles/CMakeTmp

Run Build Command(s):/usr/bin/make cmTC_58f95/fast && /usr/bin/make -f CMakeFiles/cmTC_58f95.dir/build.make CMakeFiles/cmTC_58f95.dir/build
make[1]: Entering directory '/home/f1tenth/f1tenth-ws/build/vesc_driver/CMakeFiles/CMakeTmp'
Building C object CMakeFiles/cmTC_58f95.dir/src.c.o
/usr/bin/cc   -DCMAKE_HAVE_LIBC_PTHREAD   -o CMakeFiles/cmTC_58f95.dir/src.c.o   -c /home/f1tenth/f1tenth-ws/build/vesc_driver/CMakeFiles/CMakeTmp/src.c
Linking C executable cmTC_58f95
/usr/bin/cmake -E cmake_link_script CMakeFiles/cmTC_58f95.dir/link.txt --verbose=1
/usr/bin/cc  -DCMAKE_HAVE_LIBC_PTHREAD    CMakeFiles/cmTC_58f95.dir/src.c.o  -o cmTC_58f95 
/usr/bin/ld: CMakeFiles/cmTC_58f95.dir/src.c.o: in function `main':
src.c:(.text+0x48): undefined reference to `pthread_create'
/usr/bin/ld: src.c:(.text+0x50): undefined reference to `pthread_detach'
/usr/bin/ld: src.c:(.text+0x5c): undefined reference to `pthread_join'
collect2: error: ld returned 1 exit status
make[1]: *** [CMakeFiles/cmTC_58f95.dir/build.make:87: cmTC_58f95] Error 1
make[1]: Leaving directory '/home/f1tenth/f1tenth-ws/build/vesc_driver/CMakeFiles/CMakeTmp'
make: *** [Makefile:121: cmTC_58f95/fast] Error 2


Source file was:
#include <pthread.h>

void* test_func(void* data)
{
  return data;
}

int main(void)
{
  pthread_t thread;
  pthread_create(&thread, NULL, test_func, NULL);
  pthread_detach(thread);
  pthread_join(thread, NULL);
  pthread_atfork(NULL, NULL, NULL);
  pthread_exit(NULL);

  return 0;
}

Determining if the function pthread_create exists in the pthreads failed with the following output:
Change Dir: /home/f1tenth/f1tenth-ws/build/vesc_driver/CMakeFiles/CMakeTmp

Run Build Command(s):/usr/bin/make cmTC_f435a/fast && /usr/bin/make -f CMakeFiles/cmTC_f435a.dir/build.make CMakeFiles/cmTC_f435a.dir/build
make[1]: Entering directory '/home/f1tenth/f1tenth-ws/build/vesc_driver/CMakeFiles/CMakeTmp'
Building C object CMakeFiles/cmTC_f435a.dir/CheckFunctionExists.c.o
/usr/bin/cc   -DCHECK_FUNCTION_EXISTS=pthread_create   -o CMakeFiles/cmTC_f435a.dir/CheckFunctionExists.c.o   -c /usr/share/cmake-3.16/Modules/CheckFunctionExists.c
Linking C executable cmTC_f435a
/usr/bin/cmake -E cmake_link_script CMakeFiles/cmTC_f435a.dir/link.txt --verbose=1
/usr/bin/cc  -DCHECK_FUNCTION_EXISTS=pthread_create    CMakeFiles/cmTC_f435a.dir/CheckFunctionExists.c.o  -o cmTC_f435a  -lpthreads 
/usr/bin/ld: cannot find -lpthreads
collect2: error: ld returned 1 exit status
make[1]: *** [CMakeFiles/cmTC_f435a.dir/build.make:87: cmTC_f435a] Error 1
make[1]: Leaving directory '/home/f1tenth/f1tenth-ws/build/vesc_driver/CMakeFiles/CMakeTmp'
make: *** [Makefile:121: cmTC_f435a/fast] Error 2



