[1.937s] Invoking command in '/home/f1tenth/f1tenth-ws/build/teleop_tools_msgs': CMAKE_PREFIX_PATH=${CMAKE_PREFIX_PATH}:/home/f1tenth/f1tenth-ws/install/f1tenth_stack:/home/f1tenth/f1tenth-ws/install/joy_teleop:/home/f1tenth/f1tenth-ws/install/particle_filter:/home/f1tenth/f1tenth-ws/install/mouse_teleop:/home/f1tenth/f1tenth-ws/install/key_teleop:/home/f1tenth/f1tenth-ws/install/example_py:/home/f1tenth/f1tenth-ws/install/autonomous_drive:/opt/ros/foxy /usr/bin/cmake --build /home/f1tenth/f1tenth-ws/build/teleop_tools_msgs -- -j4 -l4
[4.083s] [  3%] Built target teleop_tools_msgs__cpp
[4.084s] [ 12%] Built target teleop_tools_msgs__rosidl_generator_c
[4.087s] [ 22%] Built target teleop_tools_msgs__rosidl_typesupport_cpp
[4.087s] [ 32%] Built target teleop_tools_msgs__rosidl_typesupport_introspection_c
[4.088s] [ 41%] Built target teleop_tools_msgs__rosidl_typesupport_fastrtps_cpp
[4.088s] [ 51%] Built target teleop_tools_msgs__rosidl_typesupport_introspection_cpp
[4.089s] [ 61%] Built target teleop_tools_msgs__rosidl_typesupport_c
[4.089s] [ 70%] Built target teleop_tools_msgs__rosidl_typesupport_fastrtps_c
[4.090s] [ 70%] Built target teleop_tools_msgs
[4.090s] [ 74%] Built target teleop_tools_msgs__py
[4.090s] [ 80%] Built target teleop_tools_msgs__python
[4.091s] [ 87%] Built target teleop_tools_msgs__rosidl_typesupport_introspection_c__pyext
[4.091s] [ 93%] Built target teleop_tools_msgs__rosidl_typesupport_c__pyext
[4.091s] [100%] Built target teleop_tools_msgs__rosidl_typesupport_fastrtps_c__pyext
[4.101s] Invoked command in '/home/f1tenth/f1tenth-ws/build/teleop_tools_msgs' returned '0': CMAKE_PREFIX_PATH=${CMAKE_PREFIX_PATH}:/home/f1tenth/f1tenth-ws/install/f1tenth_stack:/home/f1tenth/f1tenth-ws/install/joy_teleop:/home/f1tenth/f1tenth-ws/install/particle_filter:/home/f1tenth/f1tenth-ws/install/mouse_teleop:/home/f1tenth/f1tenth-ws/install/key_teleop:/home/f1tenth/f1tenth-ws/install/example_py:/home/f1tenth/f1tenth-ws/install/autonomous_drive:/opt/ros/foxy /usr/bin/cmake --build /home/f1tenth/f1tenth-ws/build/teleop_tools_msgs -- -j4 -l4
[4.956s] Invoking command in '/home/f1tenth/f1tenth-ws/build/teleop_tools_msgs': CMAKE_PREFIX_PATH=${CMAKE_PREFIX_PATH}:/home/f1tenth/f1tenth-ws/install/f1tenth_stack:/home/f1tenth/f1tenth-ws/install/joy_teleop:/home/f1tenth/f1tenth-ws/install/particle_filter:/home/f1tenth/f1tenth-ws/install/mouse_teleop:/home/f1tenth/f1tenth-ws/install/key_teleop:/home/f1tenth/f1tenth-ws/install/example_py:/home/f1tenth/f1tenth-ws/install/autonomous_drive:/opt/ros/foxy /usr/bin/cmake --install /home/f1tenth/f1tenth-ws/build/teleop_tools_msgs
[5.047s] -- Install configuration: ""
[5.048s] -- Up-to-date: /home/f1tenth/f1tenth-ws/install/teleop_tools_msgs/share/ament_index/resource_index/rosidl_interfaces/teleop_tools_msgs
[5.049s] -- Up-to-date: /home/f1tenth/f1tenth-ws/install/teleop_tools_msgs/include/teleop_tools_msgs
[5.049s] -- Up-to-date: /home/f1tenth/f1tenth-ws/install/teleop_tools_msgs/include/teleop_tools_msgs/msg
[5.050s] -- Up-to-date: /home/f1tenth/f1tenth-ws/install/teleop_tools_msgs/include/teleop_tools_msgs/msg/rosidl_generator_c__visibility_control.h
[5.050s] -- Up-to-date: /home/f1tenth/f1tenth-ws/install/teleop_tools_msgs/include/teleop_tools_msgs/action
[5.050s] -- Up-to-date: /home/f1tenth/f1tenth-ws/install/teleop_tools_msgs/include/teleop_tools_msgs/action/detail
[5.051s] -- Up-to-date: /home/f1tenth/f1tenth-ws/install/teleop_tools_msgs/include/teleop_tools_msgs/action/detail/increment__functions.c
[5.051s] -- Up-to-date: /home/f1tenth/f1tenth-ws/install/teleop_tools_msgs/include/teleop_tools_msgs/action/detail/increment__functions.h
[5.051s] -- Up-to-date: /home/f1tenth/f1tenth-ws/install/teleop_tools_msgs/include/teleop_tools_msgs/action/detail/increment__struct.h
[5.052s] -- Up-to-date: /home/f1tenth/f1tenth-ws/install/teleop_tools_msgs/include/teleop_tools_msgs/action/detail/increment__type_support.h
[5.057s] -- Up-to-date: /home/f1tenth/f1tenth-ws/install/teleop_tools_msgs/include/teleop_tools_msgs/action/increment.h
[5.058s] -- Up-to-date: /home/f1tenth/f1tenth-ws/install/teleop_tools_msgs/share/teleop_tools_msgs/environment/library_path.sh
[5.060s] -- Up-to-date: /home/f1tenth/f1tenth-ws/install/teleop_tools_msgs/share/teleop_tools_msgs/environment/library_path.dsv
[5.061s] -- Up-to-date: /home/f1tenth/f1tenth-ws/install/teleop_tools_msgs/lib/libteleop_tools_msgs__rosidl_generator_c.so
[5.061s] -- Up-to-date: /home/f1tenth/f1tenth-ws/install/teleop_tools_msgs/include/teleop_tools_msgs
[5.062s] -- Up-to-date: /home/f1tenth/f1tenth-ws/install/teleop_tools_msgs/include/teleop_tools_msgs/msg
[5.062s] -- Up-to-date: /home/f1tenth/f1tenth-ws/install/teleop_tools_msgs/include/teleop_tools_msgs/msg/rosidl_typesupport_fastrtps_c__visibility_control.h
[5.063s] -- Up-to-date: /home/f1tenth/f1tenth-ws/install/teleop_tools_msgs/include/teleop_tools_msgs/action
[5.063s] -- Up-to-date: /home/f1tenth/f1tenth-ws/install/teleop_tools_msgs/include/teleop_tools_msgs/action/detail
[5.063s] -- Up-to-date: /home/f1tenth/f1tenth-ws/install/teleop_tools_msgs/include/teleop_tools_msgs/action/detail/increment__rosidl_typesupport_fastrtps_c.h
[5.063s] -- Up-to-date: /home/f1tenth/f1tenth-ws/install/teleop_tools_msgs/lib/libteleop_tools_msgs__rosidl_typesupport_fastrtps_c.so
[5.064s] -- Up-to-date: /home/f1tenth/f1tenth-ws/install/teleop_tools_msgs/include/teleop_tools_msgs
[5.065s] -- Up-to-date: /home/f1tenth/f1tenth-ws/install/teleop_tools_msgs/include/teleop_tools_msgs/msg
[5.065s] -- Up-to-date: /home/f1tenth/f1tenth-ws/install/teleop_tools_msgs/include/teleop_tools_msgs/msg/rosidl_typesupport_fastrtps_cpp__visibility_control.h
[5.066s] -- Up-to-date: /home/f1tenth/f1tenth-ws/install/teleop_tools_msgs/include/teleop_tools_msgs/action
[5.066s] -- Up-to-date: /home/f1tenth/f1tenth-ws/install/teleop_tools_msgs/include/teleop_tools_msgs/action/detail
[5.066s] -- Up-to-date: /home/f1tenth/f1tenth-ws/install/teleop_tools_msgs/include/teleop_tools_msgs/action/detail/dds_fastrtps
[5.068s] -- Up-to-date: /home/f1tenth/f1tenth-ws/install/teleop_tools_msgs/include/teleop_tools_msgs/action/detail/increment__rosidl_typesupport_fastrtps_cpp.hpp
[5.068s] -- Up-to-date: /home/f1tenth/f1tenth-ws/install/teleop_tools_msgs/lib/libteleop_tools_msgs__rosidl_typesupport_fastrtps_cpp.so
[5.069s] -- Up-to-date: /home/f1tenth/f1tenth-ws/install/teleop_tools_msgs/include/teleop_tools_msgs
[5.069s] -- Up-to-date: /home/f1tenth/f1tenth-ws/install/teleop_tools_msgs/include/teleop_tools_msgs/msg
[5.070s] -- Up-to-date: /home/f1tenth/f1tenth-ws/install/teleop_tools_msgs/include/teleop_tools_msgs/msg/rosidl_typesupport_introspection_c__visibility_control.h
[5.070s] -- Up-to-date: /home/f1tenth/f1tenth-ws/install/teleop_tools_msgs/include/teleop_tools_msgs/action
[5.070s] -- Up-to-date: /home/f1tenth/f1tenth-ws/install/teleop_tools_msgs/include/teleop_tools_msgs/action/detail
[5.071s] -- Up-to-date: /home/f1tenth/f1tenth-ws/install/teleop_tools_msgs/include/teleop_tools_msgs/action/detail/increment__type_support.c
[5.071s] -- Up-to-date: /home/f1tenth/f1tenth-ws/install/teleop_tools_msgs/include/teleop_tools_msgs/action/detail/increment__rosidl_typesupport_introspection_c.h
[5.071s] -- Up-to-date: /home/f1tenth/f1tenth-ws/install/teleop_tools_msgs/lib/libteleop_tools_msgs__rosidl_typesupport_introspection_c.so
[5.072s] -- Up-to-date: /home/f1tenth/f1tenth-ws/install/teleop_tools_msgs/lib/libteleop_tools_msgs__rosidl_typesupport_c.so
[5.073s] -- Up-to-date: /home/f1tenth/f1tenth-ws/install/teleop_tools_msgs/include/teleop_tools_msgs
[5.073s] -- Up-to-date: /home/f1tenth/f1tenth-ws/install/teleop_tools_msgs/include/teleop_tools_msgs/msg
[5.073s] -- Up-to-date: /home/f1tenth/f1tenth-ws/install/teleop_tools_msgs/include/teleop_tools_msgs/msg/rosidl_generator_cpp__visibility_control.hpp
[5.074s] -- Up-to-date: /home/f1tenth/f1tenth-ws/install/teleop_tools_msgs/include/teleop_tools_msgs/action
[5.074s] -- Up-to-date: /home/f1tenth/f1tenth-ws/install/teleop_tools_msgs/include/teleop_tools_msgs/action/detail
[5.074s] -- Up-to-date: /home/f1tenth/f1tenth-ws/install/teleop_tools_msgs/include/teleop_tools_msgs/action/detail/increment__builder.hpp
[5.075s] -- Up-to-date: /home/f1tenth/f1tenth-ws/install/teleop_tools_msgs/include/teleop_tools_msgs/action/detail/increment__type_support.hpp
[5.075s] -- Up-to-date: /home/f1tenth/f1tenth-ws/install/teleop_tools_msgs/include/teleop_tools_msgs/action/detail/increment__traits.hpp
[5.075s] -- Up-to-date: /home/f1tenth/f1tenth-ws/install/teleop_tools_msgs/include/teleop_tools_msgs/action/detail/increment__struct.hpp
[5.076s] -- Up-to-date: /home/f1tenth/f1tenth-ws/install/teleop_tools_msgs/include/teleop_tools_msgs/action/increment.hpp
[5.076s] -- Up-to-date: /home/f1tenth/f1tenth-ws/install/teleop_tools_msgs/include/teleop_tools_msgs
[5.077s] -- Up-to-date: /home/f1tenth/f1tenth-ws/install/teleop_tools_msgs/include/teleop_tools_msgs/action
[5.077s] -- Up-to-date: /home/f1tenth/f1tenth-ws/install/teleop_tools_msgs/include/teleop_tools_msgs/action/detail
[5.078s] -- Up-to-date: /home/f1tenth/f1tenth-ws/install/teleop_tools_msgs/include/teleop_tools_msgs/action/detail/increment__type_support.cpp
[5.079s] -- Up-to-date: /home/f1tenth/f1tenth-ws/install/teleop_tools_msgs/include/teleop_tools_msgs/action/detail/increment__rosidl_typesupport_introspection_cpp.hpp
[5.079s] -- Up-to-date: /home/f1tenth/f1tenth-ws/install/teleop_tools_msgs/lib/libteleop_tools_msgs__rosidl_typesupport_introspection_cpp.so
[5.080s] -- Up-to-date: /home/f1tenth/f1tenth-ws/install/teleop_tools_msgs/lib/libteleop_tools_msgs__rosidl_typesupport_cpp.so
[5.086s] -- Up-to-date: /home/f1tenth/f1tenth-ws/install/teleop_tools_msgs/share/teleop_tools_msgs/environment/pythonpath.sh
[5.087s] -- Up-to-date: /home/f1tenth/f1tenth-ws/install/teleop_tools_msgs/share/teleop_tools_msgs/environment/pythonpath.dsv
[5.087s] -- Up-to-date: /home/f1tenth/f1tenth-ws/install/teleop_tools_msgs/lib/python3.8/site-packages/teleop_tools_msgs/__init__.py
[5.301s] -- Up-to-date: /home/f1tenth/f1tenth-ws/install/teleop_tools_msgs/lib/python3.8/site-packages/teleop_tools_msgs/action
[5.303s] -- Up-to-date: /home/f1tenth/f1tenth-ws/install/teleop_tools_msgs/lib/python3.8/site-packages/teleop_tools_msgs/action/__init__.py
[5.304s] -- Up-to-date: /home/f1tenth/f1tenth-ws/install/teleop_tools_msgs/lib/python3.8/site-packages/teleop_tools_msgs/action/_increment_s.c
[5.306s] -- Up-to-date: /home/f1tenth/f1tenth-ws/install/teleop_tools_msgs/lib/python3.8/site-packages/teleop_tools_msgs/action/_increment.py
[5.309s] -- Up-to-date: /home/f1tenth/f1tenth-ws/install/teleop_tools_msgs/lib/python3.8/site-packages/teleop_tools_msgs/teleop_tools_msgs_s__rosidl_typesupport_fastrtps_c.cpython-38-aarch64-linux-gnu.so
[5.318s] -- Up-to-date: /home/f1tenth/f1tenth-ws/install/teleop_tools_msgs/lib/python3.8/site-packages/teleop_tools_msgs/teleop_tools_msgs_s__rosidl_typesupport_introspection_c.cpython-38-aarch64-linux-gnu.so
[5.320s] -- Up-to-date: /home/f1tenth/f1tenth-ws/install/teleop_tools_msgs/lib/python3.8/site-packages/teleop_tools_msgs/teleop_tools_msgs_s__rosidl_typesupport_c.cpython-38-aarch64-linux-gnu.so
[5.321s] -- Up-to-date: /home/f1tenth/f1tenth-ws/install/teleop_tools_msgs/lib/libteleop_tools_msgs__python.so
[5.322s] -- Up-to-date: /home/f1tenth/f1tenth-ws/install/teleop_tools_msgs/share/teleop_tools_msgs/action/Increment.idl
[5.324s] -- Up-to-date: /home/f1tenth/f1tenth-ws/install/teleop_tools_msgs/share/teleop_tools_msgs/action/Increment.action
[5.325s] -- Up-to-date: /home/f1tenth/f1tenth-ws/install/teleop_tools_msgs/share/ament_index/resource_index/package_run_dependencies/teleop_tools_msgs
[5.326s] -- Up-to-date: /home/f1tenth/f1tenth-ws/install/teleop_tools_msgs/share/ament_index/resource_index/parent_prefix_path/teleop_tools_msgs
[5.328s] -- Up-to-date: /home/f1tenth/f1tenth-ws/install/teleop_tools_msgs/share/teleop_tools_msgs/environment/ament_prefix_path.sh
[5.329s] -- Up-to-date: /home/f1tenth/f1tenth-ws/install/teleop_tools_msgs/share/teleop_tools_msgs/environment/ament_prefix_path.dsv
[5.330s] -- Up-to-date: /home/f1tenth/f1tenth-ws/install/teleop_tools_msgs/share/teleop_tools_msgs/environment/path.sh
[5.332s] -- Up-to-date: /home/f1tenth/f1tenth-ws/install/teleop_tools_msgs/share/teleop_tools_msgs/environment/path.dsv
[5.333s] -- Up-to-date: /home/f1tenth/f1tenth-ws/install/teleop_tools_msgs/share/teleop_tools_msgs/local_setup.bash
[5.334s] -- Up-to-date: /home/f1tenth/f1tenth-ws/install/teleop_tools_msgs/share/teleop_tools_msgs/local_setup.sh
[5.335s] -- Up-to-date: /home/f1tenth/f1tenth-ws/install/teleop_tools_msgs/share/teleop_tools_msgs/local_setup.zsh
[5.337s] -- Up-to-date: /home/f1tenth/f1tenth-ws/install/teleop_tools_msgs/share/teleop_tools_msgs/local_setup.dsv
[5.339s] -- Installing: /home/f1tenth/f1tenth-ws/install/teleop_tools_msgs/share/teleop_tools_msgs/package.dsv
[5.340s] -- Up-to-date: /home/f1tenth/f1tenth-ws/install/teleop_tools_msgs/share/ament_index/resource_index/packages/teleop_tools_msgs
[5.340s] -- Up-to-date: /home/f1tenth/f1tenth-ws/install/teleop_tools_msgs/share/teleop_tools_msgs/cmake/teleop_tools_msgs__rosidl_generator_cExport.cmake
[5.342s] -- Up-to-date: /home/f1tenth/f1tenth-ws/install/teleop_tools_msgs/share/teleop_tools_msgs/cmake/teleop_tools_msgs__rosidl_generator_cExport-noconfig.cmake
[5.343s] -- Up-to-date: /home/f1tenth/f1tenth-ws/install/teleop_tools_msgs/share/teleop_tools_msgs/cmake/teleop_tools_msgs__rosidl_typesupport_introspection_cExport.cmake
[5.343s] -- Up-to-date: /home/f1tenth/f1tenth-ws/install/teleop_tools_msgs/share/teleop_tools_msgs/cmake/teleop_tools_msgs__rosidl_typesupport_introspection_cExport-noconfig.cmake
[5.348s] -- Up-to-date: /home/f1tenth/f1tenth-ws/install/teleop_tools_msgs/share/teleop_tools_msgs/cmake/teleop_tools_msgs__rosidl_typesupport_cExport.cmake
[5.349s] -- Up-to-date: /home/f1tenth/f1tenth-ws/install/teleop_tools_msgs/share/teleop_tools_msgs/cmake/teleop_tools_msgs__rosidl_typesupport_cExport-noconfig.cmake
[5.350s] -- Up-to-date: /home/f1tenth/f1tenth-ws/install/teleop_tools_msgs/share/teleop_tools_msgs/cmake/teleop_tools_msgs__rosidl_generator_cppExport.cmake
[5.352s] -- Up-to-date: /home/f1tenth/f1tenth-ws/install/teleop_tools_msgs/share/teleop_tools_msgs/cmake/teleop_tools_msgs__rosidl_typesupport_introspection_cppExport.cmake
[5.354s] -- Up-to-date: /home/f1tenth/f1tenth-ws/install/teleop_tools_msgs/share/teleop_tools_msgs/cmake/teleop_tools_msgs__rosidl_typesupport_introspection_cppExport-noconfig.cmake
[5.359s] -- Up-to-date: /home/f1tenth/f1tenth-ws/install/teleop_tools_msgs/share/teleop_tools_msgs/cmake/teleop_tools_msgs__rosidl_typesupport_cppExport.cmake
[5.362s] -- Up-to-date: /home/f1tenth/f1tenth-ws/install/teleop_tools_msgs/share/teleop_tools_msgs/cmake/teleop_tools_msgs__rosidl_typesupport_cppExport-noconfig.cmake
[5.363s] -- Up-to-date: /home/f1tenth/f1tenth-ws/install/teleop_tools_msgs/share/teleop_tools_msgs/cmake/rosidl_cmake-extras.cmake
[5.365s] -- Up-to-date: /home/f1tenth/f1tenth-ws/install/teleop_tools_msgs/share/teleop_tools_msgs/cmake/ament_cmake_export_dependencies-extras.cmake
[5.366s] -- Up-to-date: /home/f1tenth/f1tenth-ws/install/teleop_tools_msgs/share/teleop_tools_msgs/cmake/ament_cmake_export_libraries-extras.cmake
[5.367s] -- Up-to-date: /home/f1tenth/f1tenth-ws/install/teleop_tools_msgs/share/teleop_tools_msgs/cmake/ament_cmake_export_targets-extras.cmake
[5.369s] -- Up-to-date: /home/f1tenth/f1tenth-ws/install/teleop_tools_msgs/share/teleop_tools_msgs/cmake/ament_cmake_export_include_directories-extras.cmake
[5.374s] -- Up-to-date: /home/f1tenth/f1tenth-ws/install/teleop_tools_msgs/share/teleop_tools_msgs/cmake/rosidl_cmake_export_typesupport_libraries-extras.cmake
[5.376s] -- Up-to-date: /home/f1tenth/f1tenth-ws/install/teleop_tools_msgs/share/teleop_tools_msgs/cmake/rosidl_cmake_export_typesupport_targets-extras.cmake
[5.377s] -- Up-to-date: /home/f1tenth/f1tenth-ws/install/teleop_tools_msgs/share/teleop_tools_msgs/cmake/teleop_tools_msgsConfig.cmake
[5.378s] -- Up-to-date: /home/f1tenth/f1tenth-ws/install/teleop_tools_msgs/share/teleop_tools_msgs/cmake/teleop_tools_msgsConfig-version.cmake
[5.380s] -- Up-to-date: /home/f1tenth/f1tenth-ws/install/teleop_tools_msgs/share/teleop_tools_msgs/package.xml
[6.559s] Invoked command in '/home/f1tenth/f1tenth-ws/build/teleop_tools_msgs' returned '0': CMAKE_PREFIX_PATH=${CMAKE_PREFIX_PATH}:/home/f1tenth/f1tenth-ws/install/f1tenth_stack:/home/f1tenth/f1tenth-ws/install/joy_teleop:/home/f1tenth/f1tenth-ws/install/particle_filter:/home/f1tenth/f1tenth-ws/install/mouse_teleop:/home/f1tenth/f1tenth-ws/install/key_teleop:/home/f1tenth/f1tenth-ws/install/example_py:/home/f1tenth/f1tenth-ws/install/autonomous_drive:/opt/ros/foxy /usr/bin/cmake --install /home/f1tenth/f1tenth-ws/build/teleop_tools_msgs
