[0.702s] Invoking command in '/home/f1tenth/f1tenth-ws/build/waypoint_generator': CMAKE_PREFIX_PATH=${CMAKE_PREFIX_PATH}:/home/f1tenth/f1tenth-ws/install/f1tenth_stack:/home/f1tenth/f1tenth-ws/install/joy_teleop:/home/f1tenth/f1tenth-ws/install/particle_filter:/home/f1tenth/f1tenth-ws/install/mpc:/home/f1tenth/f1tenth-ws/install/mouse_teleop:/home/f1tenth/f1tenth-ws/install/key_teleop:/home/f1tenth/f1tenth-ws/install/example_py:/home/f1tenth/f1tenth-ws/install/autonomous_drive:/opt/ros/foxy /usr/bin/cmake --build /home/f1tenth/f1tenth-ws/build/waypoint_generator -- -j4 -l4
[1.108s] [100%] Built target waypoint_generator
[1.791s] Invoked command in '/home/f1tenth/f1tenth-ws/build/waypoint_generator' returned '0': CMAKE_PREFIX_PATH=${CMAKE_PREFIX_PATH}:/home/f1tenth/f1tenth-ws/install/f1tenth_stack:/home/f1tenth/f1tenth-ws/install/joy_teleop:/home/f1tenth/f1tenth-ws/install/particle_filter:/home/f1tenth/f1tenth-ws/install/mpc:/home/f1tenth/f1tenth-ws/install/mouse_teleop:/home/f1tenth/f1tenth-ws/install/key_teleop:/home/f1tenth/f1tenth-ws/install/example_py:/home/f1tenth/f1tenth-ws/install/autonomous_drive:/opt/ros/foxy /usr/bin/cmake --build /home/f1tenth/f1tenth-ws/build/waypoint_generator -- -j4 -l4
[4.205s] Invoking command in '/home/f1tenth/f1tenth-ws/build/waypoint_generator': CMAKE_PREFIX_PATH=${CMAKE_PREFIX_PATH}:/home/f1tenth/f1tenth-ws/install/f1tenth_stack:/home/f1tenth/f1tenth-ws/install/joy_teleop:/home/f1tenth/f1tenth-ws/install/particle_filter:/home/f1tenth/f1tenth-ws/install/mpc:/home/f1tenth/f1tenth-ws/install/mouse_teleop:/home/f1tenth/f1tenth-ws/install/key_teleop:/home/f1tenth/f1tenth-ws/install/example_py:/home/f1tenth/f1tenth-ws/install/autonomous_drive:/opt/ros/foxy /usr/bin/cmake --install /home/f1tenth/f1tenth-ws/build/waypoint_generator
[5.452s] -- Install configuration: ""
[5.455s] -- Up-to-date: /home/f1tenth/f1tenth-ws/install/waypoint_generator/lib/waypoint_generator/waypoint_generator
[5.460s] -- Up-to-date: /home/f1tenth/f1tenth-ws/install/waypoint_generator/share/ament_index/resource_index/package_run_dependencies/waypoint_generator
[5.462s] -- Up-to-date: /home/f1tenth/f1tenth-ws/install/waypoint_generator/share/ament_index/resource_index/parent_prefix_path/waypoint_generator
[5.469s] -- Up-to-date: /home/f1tenth/f1tenth-ws/install/waypoint_generator/share/waypoint_generator/environment/ament_prefix_path.sh
[5.472s] -- Up-to-date: /home/f1tenth/f1tenth-ws/install/waypoint_generator/share/waypoint_generator/environment/ament_prefix_path.dsv
[5.473s] -- Up-to-date: /home/f1tenth/f1tenth-ws/install/waypoint_generator/share/waypoint_generator/environment/path.sh
[5.473s] -- Up-to-date: /home/f1tenth/f1tenth-ws/install/waypoint_generator/share/waypoint_generator/environment/path.dsv
[5.473s] -- Up-to-date: /home/f1tenth/f1tenth-ws/install/waypoint_generator/share/waypoint_generator/local_setup.bash
[5.474s] -- Up-to-date: /home/f1tenth/f1tenth-ws/install/waypoint_generator/share/waypoint_generator/local_setup.sh
[5.474s] -- Up-to-date: /home/f1tenth/f1tenth-ws/install/waypoint_generator/share/waypoint_generator/local_setup.zsh
[5.474s] -- Up-to-date: /home/f1tenth/f1tenth-ws/install/waypoint_generator/share/waypoint_generator/local_setup.dsv
[5.475s] -- Installing: /home/f1tenth/f1tenth-ws/install/waypoint_generator/share/waypoint_generator/package.dsv
[5.475s] -- Up-to-date: /home/f1tenth/f1tenth-ws/install/waypoint_generator/share/ament_index/resource_index/packages/waypoint_generator
[5.476s] -- Up-to-date: /home/f1tenth/f1tenth-ws/install/waypoint_generator/share/waypoint_generator/cmake/waypoint_generatorConfig.cmake
[5.476s] -- Up-to-date: /home/f1tenth/f1tenth-ws/install/waypoint_generator/share/waypoint_generator/cmake/waypoint_generatorConfig-version.cmake
[5.476s] -- Up-to-date: /home/f1tenth/f1tenth-ws/install/waypoint_generator/share/waypoint_generator/package.xml
[6.963s] Invoked command in '/home/f1tenth/f1tenth-ws/build/waypoint_generator' returned '0': CMAKE_PREFIX_PATH=${CMAKE_PREFIX_PATH}:/home/f1tenth/f1tenth-ws/install/f1tenth_stack:/home/f1tenth/f1tenth-ws/install/joy_teleop:/home/f1tenth/f1tenth-ws/install/particle_filter:/home/f1tenth/f1tenth-ws/install/mpc:/home/f1tenth/f1tenth-ws/install/mouse_teleop:/home/f1tenth/f1tenth-ws/install/key_teleop:/home/f1tenth/f1tenth-ws/install/example_py:/home/f1tenth/f1tenth-ws/install/autonomous_drive:/opt/ros/foxy /usr/bin/cmake --install /home/f1tenth/f1tenth-ws/build/waypoint_generator
