[8.224s] Invoking command in '/home/f1tenth/f1tenth-ws/src/f1tenth_system/teleop_tools/mouse_teleop': PYTHONPATH=/home/f1tenth/f1tenth-ws/build/mouse_teleop/prefix_override:/home/f1tenth/f1tenth-ws/install/mouse_teleop/lib/python3.8/site-packages:${PYTHONPATH} /usr/bin/python3 setup.py egg_info --egg-base ../../../../build/mouse_teleop build --build-base /home/f1tenth/f1tenth-ws/build/mouse_teleop/build install --record /home/f1tenth/f1tenth-ws/build/mouse_teleop/install.log --install-scripts $base/lib/mouse_teleop --single-version-externally-managed
[9.133s] running egg_info
[9.135s] writing ../../../../build/mouse_teleop/mouse_teleop.egg-info/PKG-INFO
[9.136s] writing dependency_links to ../../../../build/mouse_teleop/mouse_teleop.egg-info/dependency_links.txt
[9.136s] writing entry points to ../../../../build/mouse_teleop/mouse_teleop.egg-info/entry_points.txt
[9.137s] writing requirements to ../../../../build/mouse_teleop/mouse_teleop.egg-info/requires.txt
[9.138s] writing top-level names to ../../../../build/mouse_teleop/mouse_teleop.egg-info/top_level.txt
[9.273s] reading manifest file '../../../../build/mouse_teleop/mouse_teleop.egg-info/SOURCES.txt'
[9.277s] writing manifest file '../../../../build/mouse_teleop/mouse_teleop.egg-info/SOURCES.txt'
[9.277s] running build
[9.278s] running build_py
[9.279s] running install
[9.282s] running install_lib
[9.288s] running install_data
[9.290s] running install_egg_info
[9.296s] removing '/home/f1tenth/f1tenth-ws/install/mouse_teleop/lib/python3.8/site-packages/mouse_teleop-0.3.0-py3.8.egg-info' (and everything under it)
[9.298s] Copying ../../../../build/mouse_teleop/mouse_teleop.egg-info to /home/f1tenth/f1tenth-ws/install/mouse_teleop/lib/python3.8/site-packages/mouse_teleop-0.3.0-py3.8.egg-info
[9.302s] running install_scripts
[9.367s] Installing mouse_teleop script to /home/f1tenth/f1tenth-ws/install/mouse_teleop/lib/mouse_teleop
[9.368s] writing list of installed files to '/home/f1tenth/f1tenth-ws/build/mouse_teleop/install.log'
[11.839s] Invoked command in '/home/f1tenth/f1tenth-ws/src/f1tenth_system/teleop_tools/mouse_teleop' returned '0': PYTHONPATH=/home/f1tenth/f1tenth-ws/build/mouse_teleop/prefix_override:/home/f1tenth/f1tenth-ws/install/mouse_teleop/lib/python3.8/site-packages:${PYTHONPATH} /usr/bin/python3 setup.py egg_info --egg-base ../../../../build/mouse_teleop build --build-base /home/f1tenth/f1tenth-ws/build/mouse_teleop/build install --record /home/f1tenth/f1tenth-ws/build/mouse_teleop/install.log --install-scripts $base/lib/mouse_teleop --single-version-externally-managed
