[1.481s] Invoking command in '/home/f1tenth/f1tenth-ws/build/waypoint_generator': CMAKE_PREFIX_PATH=${CMAKE_PREFIX_PATH}:/home/f1tenth/f1tenth-ws/install/waypoint_python:/home/f1tenth/f1tenth-ws/install/f1tenth_stack:/home/f1tenth/f1tenth-ws/install/joy_teleop:/home/f1tenth/f1tenth-ws/install/particle_filter:/home/f1tenth/f1tenth-ws/install/mpc:/home/f1tenth/f1tenth-ws/install/mouse_teleop:/home/f1tenth/f1tenth-ws/install/key_teleop:/home/f1tenth/f1tenth-ws/install/example_py:/home/f1tenth/f1tenth-ws/install/autonomous_drive:/opt/ros/foxy /usr/bin/cmake --build /home/f1tenth/f1tenth-ws/build/waypoint_generator -- -j4 -l4
[1.995s] [100%] Built target waypoint_generator
[3.783s] Invoked command in '/home/f1tenth/f1tenth-ws/build/waypoint_generator' returned '0': CMAKE_PREFIX_PATH=${CMAKE_PREFIX_PATH}:/home/f1tenth/f1tenth-ws/install/waypoint_python:/home/f1tenth/f1tenth-ws/install/f1tenth_stack:/home/f1tenth/f1tenth-ws/install/joy_teleop:/home/f1tenth/f1tenth-ws/install/particle_filter:/home/f1tenth/f1tenth-ws/install/mpc:/home/f1tenth/f1tenth-ws/install/mouse_teleop:/home/f1tenth/f1tenth-ws/install/key_teleop:/home/f1tenth/f1tenth-ws/install/example_py:/home/f1tenth/f1tenth-ws/install/autonomous_drive:/opt/ros/foxy /usr/bin/cmake --build /home/f1tenth/f1tenth-ws/build/waypoint_generator -- -j4 -l4
[8.005s] Invoking command in '/home/f1tenth/f1tenth-ws/build/waypoint_generator': CMAKE_PREFIX_PATH=${CMAKE_PREFIX_PATH}:/home/f1tenth/f1tenth-ws/install/waypoint_python:/home/f1tenth/f1tenth-ws/install/f1tenth_stack:/home/f1tenth/f1tenth-ws/install/joy_teleop:/home/f1tenth/f1tenth-ws/install/particle_filter:/home/f1tenth/f1tenth-ws/install/mpc:/home/f1tenth/f1tenth-ws/install/mouse_teleop:/home/f1tenth/f1tenth-ws/install/key_teleop:/home/f1tenth/f1tenth-ws/install/example_py:/home/f1tenth/f1tenth-ws/install/autonomous_drive:/opt/ros/foxy /usr/bin/cmake --install /home/f1tenth/f1tenth-ws/build/waypoint_generator
[8.079s] -- Install configuration: ""
[8.081s] -- Up-to-date: /home/f1tenth/f1tenth-ws/install/waypoint_generator/lib/waypoint_generator/waypoint_generator
[8.082s] -- Up-to-date: /home/f1tenth/f1tenth-ws/install/waypoint_generator/share/ament_index/resource_index/package_run_dependencies/waypoint_generator
[8.082s] -- Up-to-date: /home/f1tenth/f1tenth-ws/install/waypoint_generator/share/ament_index/resource_index/parent_prefix_path/waypoint_generator
[8.083s] -- Up-to-date: /home/f1tenth/f1tenth-ws/install/waypoint_generator/share/waypoint_generator/environment/ament_prefix_path.sh
[8.083s] -- Up-to-date: /home/f1tenth/f1tenth-ws/install/waypoint_generator/share/waypoint_generator/environment/ament_prefix_path.dsv
[8.083s] -- Up-to-date: /home/f1tenth/f1tenth-ws/install/waypoint_generator/share/waypoint_generator/environment/path.sh
[8.084s] -- Up-to-date: /home/f1tenth/f1tenth-ws/install/waypoint_generator/share/waypoint_generator/environment/path.dsv
[8.084s] -- Up-to-date: /home/f1tenth/f1tenth-ws/install/waypoint_generator/share/waypoint_generator/local_setup.bash
[8.084s] -- Up-to-date: /home/f1tenth/f1tenth-ws/install/waypoint_generator/share/waypoint_generator/local_setup.sh
[8.085s] -- Up-to-date: /home/f1tenth/f1tenth-ws/install/waypoint_generator/share/waypoint_generator/local_setup.zsh
[8.085s] -- Up-to-date: /home/f1tenth/f1tenth-ws/install/waypoint_generator/share/waypoint_generator/local_setup.dsv
[8.085s] -- Installing: /home/f1tenth/f1tenth-ws/install/waypoint_generator/share/waypoint_generator/package.dsv
[8.086s] -- Up-to-date: /home/f1tenth/f1tenth-ws/install/waypoint_generator/share/ament_index/resource_index/packages/waypoint_generator
[8.086s] -- Up-to-date: /home/f1tenth/f1tenth-ws/install/waypoint_generator/share/waypoint_generator/cmake/waypoint_generatorConfig.cmake
[8.086s] -- Up-to-date: /home/f1tenth/f1tenth-ws/install/waypoint_generator/share/waypoint_generator/cmake/waypoint_generatorConfig-version.cmake
[8.086s] -- Up-to-date: /home/f1tenth/f1tenth-ws/install/waypoint_generator/share/waypoint_generator/package.xml
[9.948s] Invoked command in '/home/f1tenth/f1tenth-ws/build/waypoint_generator' returned '0': CMAKE_PREFIX_PATH=${CMAKE_PREFIX_PATH}:/home/f1tenth/f1tenth-ws/install/waypoint_python:/home/f1tenth/f1tenth-ws/install/f1tenth_stack:/home/f1tenth/f1tenth-ws/install/joy_teleop:/home/f1tenth/f1tenth-ws/install/particle_filter:/home/f1tenth/f1tenth-ws/install/mpc:/home/f1tenth/f1tenth-ws/install/mouse_teleop:/home/f1tenth/f1tenth-ws/install/key_teleop:/home/f1tenth/f1tenth-ws/install/example_py:/home/f1tenth/f1tenth-ws/install/autonomous_drive:/opt/ros/foxy /usr/bin/cmake --install /home/f1tenth/f1tenth-ws/build/waypoint_generator
