[7.044s] Invoking command in '/mnt/nvme0n1/f1tenth_ws/src/f1tenth_system/teleop_tools/joy_teleop': AMENT_PREFIX_PATH=/mnt/nvme0n1/f1tenth_ws/install/teleop_tools_msgs:${AMENT_PREFIX_PATH} CMAKE_PREFIX_PATH=/mnt/nvme0n1/f1tenth_ws/install/teleop_tools_msgs:${CMAKE_PREFIX_PATH} LD_LIBRARY_PATH=/mnt/nvme0n1/f1tenth_ws/install/teleop_tools_msgs/lib:${LD_LIBRARY_PATH} PYTHONPATH=/mnt/nvme0n1/f1tenth_ws/build/joy_teleop/prefix_override:/mnt/nvme0n1/f1tenth_ws/install/joy_teleop/lib/python3.8/site-packages:/mnt/nvme0n1/f1tenth_ws/install/teleop_tools_msgs/lib/python3.8/site-packages:${PYTHONPATH} /usr/bin/python3 setup.py egg_info --egg-base ../../../../build/joy_teleop build --build-base /mnt/nvme0n1/f1tenth_ws/build/joy_teleop/build install --record /mnt/nvme0n1/f1tenth_ws/build/joy_teleop/install.log --install-scripts $base/lib/joy_teleop --single-version-externally-managed
[7.926s] running egg_info
[7.927s] writing ../../../../build/joy_teleop/joy_teleop.egg-info/PKG-INFO
[7.928s] writing dependency_links to ../../../../build/joy_teleop/joy_teleop.egg-info/dependency_links.txt
[7.929s] writing entry points to ../../../../build/joy_teleop/joy_teleop.egg-info/entry_points.txt
[7.929s] writing requirements to ../../../../build/joy_teleop/joy_teleop.egg-info/requires.txt
[7.930s] writing top-level names to ../../../../build/joy_teleop/joy_teleop.egg-info/top_level.txt
[8.057s] reading manifest file '../../../../build/joy_teleop/joy_teleop.egg-info/SOURCES.txt'
[8.062s] writing manifest file '../../../../build/joy_teleop/joy_teleop.egg-info/SOURCES.txt'
[8.062s] running build
[8.063s] running build_py
[8.064s] running install
[8.070s] running install_lib
[8.073s] running install_data
[8.075s] running install_egg_info
[8.081s] removing '/mnt/nvme0n1/f1tenth_ws/install/joy_teleop/lib/python3.8/site-packages/joy_teleop-0.3.0-py3.8.egg-info' (and everything under it)
[8.083s] Copying ../../../../build/joy_teleop/joy_teleop.egg-info to /mnt/nvme0n1/f1tenth_ws/install/joy_teleop/lib/python3.8/site-packages/joy_teleop-0.3.0-py3.8.egg-info
[8.087s] running install_scripts
[8.152s] Installing incrementer_server script to /mnt/nvme0n1/f1tenth_ws/install/joy_teleop/lib/joy_teleop
[8.157s] Installing joy_teleop script to /mnt/nvme0n1/f1tenth_ws/install/joy_teleop/lib/joy_teleop
[8.158s] writing list of installed files to '/mnt/nvme0n1/f1tenth_ws/build/joy_teleop/install.log'
[8.981s] Invoked command in '/mnt/nvme0n1/f1tenth_ws/src/f1tenth_system/teleop_tools/joy_teleop' returned '0': AMENT_PREFIX_PATH=/mnt/nvme0n1/f1tenth_ws/install/teleop_tools_msgs:${AMENT_PREFIX_PATH} CMAKE_PREFIX_PATH=/mnt/nvme0n1/f1tenth_ws/install/teleop_tools_msgs:${CMAKE_PREFIX_PATH} LD_LIBRARY_PATH=/mnt/nvme0n1/f1tenth_ws/install/teleop_tools_msgs/lib:${LD_LIBRARY_PATH} PYTHONPATH=/mnt/nvme0n1/f1tenth_ws/build/joy_teleop/prefix_override:/mnt/nvme0n1/f1tenth_ws/install/joy_teleop/lib/python3.8/site-packages:/mnt/nvme0n1/f1tenth_ws/install/teleop_tools_msgs/lib/python3.8/site-packages:${PYTHONPATH} /usr/bin/python3 setup.py egg_info --egg-base ../../../../build/joy_teleop build --build-base /mnt/nvme0n1/f1tenth_ws/build/joy_teleop/build install --record /mnt/nvme0n1/f1tenth_ws/build/joy_teleop/install.log --install-scripts $base/lib/joy_teleop --single-version-externally-managed
