[1.959s] Invoking command in '/mnt/nvme0n1/f1tenth_ws/build/vesc_driver': AMENT_PREFIX_PATH=/mnt/nvme0n1/f1tenth_ws/install/vesc_msgs:${AMENT_PREFIX_PATH} CMAKE_PREFIX_PATH=/mnt/nvme0n1/f1tenth_ws/install/vesc_msgs:/home/f1tenth/f1tenth-ws/install/vesc:/home/f1tenth/f1tenth-ws/install/vesc_driver:/home/f1tenth/f1tenth-ws/install/vesc_ackermann:/home/f1tenth/f1tenth-ws/install/vesc_msgs:/home/f1tenth/f1tenth-ws/install/teleop_tools:/home/f1tenth/f1tenth-ws/install/teleop_tools_msgs:/home/f1tenth/f1tenth-ws/install/ackermann_mux:/home/f1tenth/f1tenth-ws/install/f1tenth_stack:/home/f1tenth/f1tenth-ws/install/joy_teleop:/home/f1tenth/f1tenth-ws/install/mouse_teleop:/home/f1tenth/f1tenth-ws/install/key_teleop:/opt/ros/foxy LD_LIBRARY_PATH=/mnt/nvme0n1/f1tenth_ws/install/vesc_msgs/lib:${LD_LIBRARY_PATH} PYTHONPATH=/mnt/nvme0n1/f1tenth_ws/install/vesc_msgs/lib/python3.8/site-packages:${PYTHONPATH} /usr/bin/cmake --build /mnt/nvme0n1/f1tenth_ws/build/vesc_driver -- -j4 -l4
[2.414s] [ 20%] Built target vesc_driver_node
[2.448s] [ 70%] Built target vesc_driver
[2.589s] [100%] Built target vesc_device_namer
[2.662s] Invoked command in '/mnt/nvme0n1/f1tenth_ws/build/vesc_driver' returned '0': AMENT_PREFIX_PATH=/mnt/nvme0n1/f1tenth_ws/install/vesc_msgs:${AMENT_PREFIX_PATH} CMAKE_PREFIX_PATH=/mnt/nvme0n1/f1tenth_ws/install/vesc_msgs:/home/f1tenth/f1tenth-ws/install/vesc:/home/f1tenth/f1tenth-ws/install/vesc_driver:/home/f1tenth/f1tenth-ws/install/vesc_ackermann:/home/f1tenth/f1tenth-ws/install/vesc_msgs:/home/f1tenth/f1tenth-ws/install/teleop_tools:/home/f1tenth/f1tenth-ws/install/teleop_tools_msgs:/home/f1tenth/f1tenth-ws/install/ackermann_mux:/home/f1tenth/f1tenth-ws/install/f1tenth_stack:/home/f1tenth/f1tenth-ws/install/joy_teleop:/home/f1tenth/f1tenth-ws/install/mouse_teleop:/home/f1tenth/f1tenth-ws/install/key_teleop:/opt/ros/foxy LD_LIBRARY_PATH=/mnt/nvme0n1/f1tenth_ws/install/vesc_msgs/lib:${LD_LIBRARY_PATH} PYTHONPATH=/mnt/nvme0n1/f1tenth_ws/install/vesc_msgs/lib/python3.8/site-packages:${PYTHONPATH} /usr/bin/cmake --build /mnt/nvme0n1/f1tenth_ws/build/vesc_driver -- -j4 -l4
[3.445s] Invoking command in '/mnt/nvme0n1/f1tenth_ws/build/vesc_driver': AMENT_PREFIX_PATH=/mnt/nvme0n1/f1tenth_ws/install/vesc_msgs:${AMENT_PREFIX_PATH} CMAKE_PREFIX_PATH=/mnt/nvme0n1/f1tenth_ws/install/vesc_msgs:/home/f1tenth/f1tenth-ws/install/vesc:/home/f1tenth/f1tenth-ws/install/vesc_driver:/home/f1tenth/f1tenth-ws/install/vesc_ackermann:/home/f1tenth/f1tenth-ws/install/vesc_msgs:/home/f1tenth/f1tenth-ws/install/teleop_tools:/home/f1tenth/f1tenth-ws/install/teleop_tools_msgs:/home/f1tenth/f1tenth-ws/install/ackermann_mux:/home/f1tenth/f1tenth-ws/install/f1tenth_stack:/home/f1tenth/f1tenth-ws/install/joy_teleop:/home/f1tenth/f1tenth-ws/install/mouse_teleop:/home/f1tenth/f1tenth-ws/install/key_teleop:/opt/ros/foxy LD_LIBRARY_PATH=/mnt/nvme0n1/f1tenth_ws/install/vesc_msgs/lib:${LD_LIBRARY_PATH} PYTHONPATH=/mnt/nvme0n1/f1tenth_ws/install/vesc_msgs/lib/python3.8/site-packages:${PYTHONPATH} /usr/bin/cmake --install /mnt/nvme0n1/f1tenth_ws/build/vesc_driver
[3.501s] -- Install configuration: ""
[3.502s] -- Up-to-date: /mnt/nvme0n1/f1tenth_ws/install/vesc_driver/lib/vesc_driver/vesc_driver_node
[3.506s] -- Up-to-date: /mnt/nvme0n1/f1tenth_ws/install/vesc_driver/include
[3.506s] -- Up-to-date: /mnt/nvme0n1/f1tenth_ws/install/vesc_driver/include/vesc_driver
[3.507s] -- Up-to-date: /mnt/nvme0n1/f1tenth_ws/install/vesc_driver/include/vesc_driver/crc.hpp
[3.507s] -- Up-to-date: /mnt/nvme0n1/f1tenth_ws/install/vesc_driver/include/vesc_driver/vesc_device_uuid_lookup.hpp
[3.507s] -- Up-to-date: /mnt/nvme0n1/f1tenth_ws/install/vesc_driver/include/vesc_driver/vesc_packet.hpp
[3.508s] -- Up-to-date: /mnt/nvme0n1/f1tenth_ws/install/vesc_driver/include/vesc_driver/vesc_driver.hpp
[3.508s] -- Up-to-date: /mnt/nvme0n1/f1tenth_ws/install/vesc_driver/include/vesc_driver/vesc_packet_factory.hpp
[3.509s] -- Up-to-date: /mnt/nvme0n1/f1tenth_ws/install/vesc_driver/include/vesc_driver/datatypes.hpp
[3.510s] -- Up-to-date: /mnt/nvme0n1/f1tenth_ws/install/vesc_driver/include/vesc_driver/vesc_interface.hpp
[3.510s] -- Up-to-date: /mnt/nvme0n1/f1tenth_ws/install/vesc_driver/share/vesc_driver/environment/library_path.sh
[3.511s] -- Up-to-date: /mnt/nvme0n1/f1tenth_ws/install/vesc_driver/share/vesc_driver/environment/library_path.dsv
[3.511s] -- Up-to-date: /mnt/nvme0n1/f1tenth_ws/install/vesc_driver/lib/libvesc_driver.so
[3.512s] -- Up-to-date: /mnt/nvme0n1/f1tenth_ws/install/vesc_driver/lib/vesc_driver/vesc_device_namer
[3.514s] -- Up-to-date: /mnt/nvme0n1/f1tenth_ws/install/vesc_driver/share/vesc_driver/launch
[3.516s] -- Up-to-date: /mnt/nvme0n1/f1tenth_ws/install/vesc_driver/share/vesc_driver/launch/vesc_driver_node.launch.py
[3.516s] -- Up-to-date: /mnt/nvme0n1/f1tenth_ws/install/vesc_driver/share/vesc_driver/params
[3.517s] -- Up-to-date: /mnt/nvme0n1/f1tenth_ws/install/vesc_driver/share/vesc_driver/params/vesc_config.yaml
[3.521s] -- Up-to-date: /mnt/nvme0n1/f1tenth_ws/install/vesc_driver/share/ament_index/resource_index/package_run_dependencies/vesc_driver
[3.522s] -- Up-to-date: /mnt/nvme0n1/f1tenth_ws/install/vesc_driver/share/ament_index/resource_index/parent_prefix_path/vesc_driver
[3.523s] -- Up-to-date: /mnt/nvme0n1/f1tenth_ws/install/vesc_driver/share/vesc_driver/environment/ament_prefix_path.sh
[3.523s] -- Up-to-date: /mnt/nvme0n1/f1tenth_ws/install/vesc_driver/share/vesc_driver/environment/ament_prefix_path.dsv
[3.523s] -- Up-to-date: /mnt/nvme0n1/f1tenth_ws/install/vesc_driver/share/vesc_driver/environment/path.sh
[3.524s] -- Up-to-date: /mnt/nvme0n1/f1tenth_ws/install/vesc_driver/share/vesc_driver/environment/path.dsv
[3.524s] -- Up-to-date: /mnt/nvme0n1/f1tenth_ws/install/vesc_driver/share/vesc_driver/local_setup.bash
[3.524s] -- Up-to-date: /mnt/nvme0n1/f1tenth_ws/install/vesc_driver/share/vesc_driver/local_setup.sh
[3.525s] -- Up-to-date: /mnt/nvme0n1/f1tenth_ws/install/vesc_driver/share/vesc_driver/local_setup.zsh
[3.525s] -- Up-to-date: /mnt/nvme0n1/f1tenth_ws/install/vesc_driver/share/vesc_driver/local_setup.dsv
[3.525s] -- Installing: /mnt/nvme0n1/f1tenth_ws/install/vesc_driver/share/vesc_driver/package.dsv
[3.527s] -- Up-to-date: /mnt/nvme0n1/f1tenth_ws/install/vesc_driver/share/ament_index/resource_index/packages/vesc_driver
[3.527s] -- Up-to-date: /mnt/nvme0n1/f1tenth_ws/install/vesc_driver/share/ament_index/resource_index/rclcpp_components/vesc_driver
[3.528s] -- Up-to-date: /mnt/nvme0n1/f1tenth_ws/install/vesc_driver/share/vesc_driver/cmake/ament_cmake_export_dependencies-extras.cmake
[3.531s] -- Up-to-date: /mnt/nvme0n1/f1tenth_ws/install/vesc_driver/share/vesc_driver/cmake/ament_cmake_export_include_directories-extras.cmake
[3.546s] -- Up-to-date: /mnt/nvme0n1/f1tenth_ws/install/vesc_driver/share/vesc_driver/cmake/ament_cmake_export_libraries-extras.cmake
[3.546s] -- Up-to-date: /mnt/nvme0n1/f1tenth_ws/install/vesc_driver/share/vesc_driver/cmake/vesc_driverConfig.cmake
[3.547s] -- Up-to-date: /mnt/nvme0n1/f1tenth_ws/install/vesc_driver/share/vesc_driver/cmake/vesc_driverConfig-version.cmake
[3.547s] -- Up-to-date: /mnt/nvme0n1/f1tenth_ws/install/vesc_driver/share/vesc_driver/package.xml
[3.547s] Invoked command in '/mnt/nvme0n1/f1tenth_ws/build/vesc_driver' returned '0': AMENT_PREFIX_PATH=/mnt/nvme0n1/f1tenth_ws/install/vesc_msgs:${AMENT_PREFIX_PATH} CMAKE_PREFIX_PATH=/mnt/nvme0n1/f1tenth_ws/install/vesc_msgs:/home/f1tenth/f1tenth-ws/install/vesc:/home/f1tenth/f1tenth-ws/install/vesc_driver:/home/f1tenth/f1tenth-ws/install/vesc_ackermann:/home/f1tenth/f1tenth-ws/install/vesc_msgs:/home/f1tenth/f1tenth-ws/install/teleop_tools:/home/f1tenth/f1tenth-ws/install/teleop_tools_msgs:/home/f1tenth/f1tenth-ws/install/ackermann_mux:/home/f1tenth/f1tenth-ws/install/f1tenth_stack:/home/f1tenth/f1tenth-ws/install/joy_teleop:/home/f1tenth/f1tenth-ws/install/mouse_teleop:/home/f1tenth/f1tenth-ws/install/key_teleop:/opt/ros/foxy LD_LIBRARY_PATH=/mnt/nvme0n1/f1tenth_ws/install/vesc_msgs/lib:${LD_LIBRARY_PATH} PYTHONPATH=/mnt/nvme0n1/f1tenth_ws/install/vesc_msgs/lib/python3.8/site-packages:${PYTHONPATH} /usr/bin/cmake --install /mnt/nvme0n1/f1tenth_ws/build/vesc_driver
