[1.102s] Invoking command in '/home/william/sim_ws/build/pure_pursuit': CMAKE_PREFIX_PATH=/opt/ros/foxy /usr/bin/cmake --build /home/william/sim_ws/build/pure_pursuit -- -j8 -l8
[1.177s] [ 50%] Built target waypoint_visualizer
[1.186s] [100%] Built target pure_pursuit
[1.198s] Invoked command in '/home/william/sim_ws/build/pure_pursuit' returned '0': CMAKE_PREFIX_PATH=/opt/ros/foxy /usr/bin/cmake --build /home/william/sim_ws/build/pure_pursuit -- -j8 -l8
[1.418s] Invoking command in '/home/william/sim_ws/build/pure_pursuit': CMAKE_PREFIX_PATH=/opt/ros/foxy /usr/bin/cmake --install /home/william/sim_ws/build/pure_pursuit
[1.428s] -- Install configuration: ""
[1.428s] -- Up-to-date: /home/william/sim_ws/install/pure_pursuit/lib/pure_pursuit/pure_pursuit
[1.429s] -- Up-to-date: /home/william/sim_ws/install/pure_pursuit/lib/pure_pursuit/waypoint_visualizer
[1.429s] -- Up-to-date: /home/william/sim_ws/install/pure_pursuit/share/pure_pursuit/launch
[1.429s] -- Up-to-date: /home/william/sim_ws/install/pure_pursuit/share/pure_pursuit/launch/pure_pursuit.rviz
[1.429s] -- Up-to-date: /home/william/sim_ws/install/pure_pursuit/share/pure_pursuit/launch/sim_pure_pursuit_launch.py
[1.430s] -- Up-to-date: /home/william/sim_ws/install/pure_pursuit/share/pure_pursuit/launch/pure_pursuit_launch.py
[1.430s] -- Up-to-date: /home/william/sim_ws/install/pure_pursuit/share/pure_pursuit/launch/sim_pure_pursuit.rviz
[1.430s] -- Up-to-date: /home/william/sim_ws/install/pure_pursuit/share/pure_pursuit/config
[1.430s] -- Up-to-date: /home/william/sim_ws/install/pure_pursuit/share/pure_pursuit/config/config.yaml
[1.430s] -- Up-to-date: /home/william/sim_ws/install/pure_pursuit/share/pure_pursuit/config/sim_config.yaml
[1.430s] -- Up-to-date: /home/william/sim_ws/install/pure_pursuit/share/ament_index/resource_index/package_run_dependencies/pure_pursuit
[1.431s] -- Up-to-date: /home/william/sim_ws/install/pure_pursuit/share/ament_index/resource_index/parent_prefix_path/pure_pursuit
[1.431s] -- Up-to-date: /home/william/sim_ws/install/pure_pursuit/share/pure_pursuit/environment/ament_prefix_path.sh
[1.431s] -- Up-to-date: /home/william/sim_ws/install/pure_pursuit/share/pure_pursuit/environment/ament_prefix_path.dsv
[1.431s] -- Up-to-date: /home/william/sim_ws/install/pure_pursuit/share/pure_pursuit/environment/path.sh
[1.431s] -- Up-to-date: /home/william/sim_ws/install/pure_pursuit/share/pure_pursuit/environment/path.dsv
[1.431s] -- Up-to-date: /home/william/sim_ws/install/pure_pursuit/share/pure_pursuit/local_setup.bash
[1.431s] -- Up-to-date: /home/william/sim_ws/install/pure_pursuit/share/pure_pursuit/local_setup.sh
[1.431s] -- Up-to-date: /home/william/sim_ws/install/pure_pursuit/share/pure_pursuit/local_setup.zsh
[1.431s] -- Up-to-date: /home/william/sim_ws/install/pure_pursuit/share/pure_pursuit/local_setup.dsv
[1.432s] -- Installing: /home/william/sim_ws/install/pure_pursuit/share/pure_pursuit/package.dsv
[1.432s] -- Up-to-date: /home/william/sim_ws/install/pure_pursuit/share/ament_index/resource_index/packages/pure_pursuit
[1.432s] -- Up-to-date: /home/william/sim_ws/install/pure_pursuit/share/pure_pursuit/cmake/pure_pursuitConfig.cmake
[1.432s] -- Up-to-date: /home/william/sim_ws/install/pure_pursuit/share/pure_pursuit/cmake/pure_pursuitConfig-version.cmake
[1.432s] -- Up-to-date: /home/william/sim_ws/install/pure_pursuit/share/pure_pursuit/package.xml
[1.434s] Invoked command in '/home/william/sim_ws/build/pure_pursuit' returned '0': CMAKE_PREFIX_PATH=/opt/ros/foxy /usr/bin/cmake --install /home/william/sim_ws/build/pure_pursuit
