[2.162s] Invoking command in '/mnt/nvme0n1/f1tenth_ws/build/vesc_msgs': CMAKE_PREFIX_PATH=${CMAKE_PREFIX_PATH}:/home/f1tenth/f1tenth-ws/install/f1tenth_stack:/home/f1tenth/f1tenth-ws/install/joy_teleop:/home/f1tenth/f1tenth-ws/install/mouse_teleop:/home/f1tenth/f1tenth-ws/install/key_teleop:/opt/ros/foxy /usr/bin/cmake --build /mnt/nvme0n1/f1tenth_ws/build/vesc_msgs -- -j4 -l4
[4.121s] [  1%] Built target vesc_msgs__cpp
[4.123s] [ 12%] Built target vesc_msgs__rosidl_generator_c
[4.125s] [ 23%] Built target vesc_msgs__rosidl_typesupport_cpp
[4.127s] [ 34%] Built target vesc_msgs__rosidl_typesupport_fastrtps_cpp
[4.129s] [ 45%] Built target vesc_msgs__rosidl_typesupport_introspection_cpp
[4.134s] [ 56%] Built target vesc_msgs__rosidl_typesupport_c
[4.138s] [ 67%] Built target vesc_msgs__rosidl_typesupport_introspection_c
[4.141s] [ 78%] Built target vesc_msgs__rosidl_typesupport_fastrtps_c
[4.143s] [ 78%] Built target vesc_msgs
[4.148s] [ 80%] Built target vesc_msgs__py
[4.151s] [ 89%] Built target vesc_msgs__python
[4.151s] [ 92%] Built target vesc_msgs__rosidl_typesupport_c__pyext
[4.152s] [ 96%] Built target vesc_msgs__rosidl_typesupport_introspection_c__pyext
[4.152s] [100%] Built target vesc_msgs__rosidl_typesupport_fastrtps_c__pyext
[4.162s] Invoked command in '/mnt/nvme0n1/f1tenth_ws/build/vesc_msgs' returned '0': CMAKE_PREFIX_PATH=${CMAKE_PREFIX_PATH}:/home/f1tenth/f1tenth-ws/install/f1tenth_stack:/home/f1tenth/f1tenth-ws/install/joy_teleop:/home/f1tenth/f1tenth-ws/install/mouse_teleop:/home/f1tenth/f1tenth-ws/install/key_teleop:/opt/ros/foxy /usr/bin/cmake --build /mnt/nvme0n1/f1tenth_ws/build/vesc_msgs -- -j4 -l4
[5.049s] Invoking command in '/mnt/nvme0n1/f1tenth_ws/build/vesc_msgs': CMAKE_PREFIX_PATH=${CMAKE_PREFIX_PATH}:/home/f1tenth/f1tenth-ws/install/f1tenth_stack:/home/f1tenth/f1tenth-ws/install/joy_teleop:/home/f1tenth/f1tenth-ws/install/mouse_teleop:/home/f1tenth/f1tenth-ws/install/key_teleop:/opt/ros/foxy /usr/bin/cmake --install /mnt/nvme0n1/f1tenth_ws/build/vesc_msgs
[5.090s] -- Install configuration: ""
[5.091s] -- Up-to-date: /mnt/nvme0n1/f1tenth_ws/install/vesc_msgs/share/ament_index/resource_index/rosidl_interfaces/vesc_msgs
[5.097s] -- Up-to-date: /mnt/nvme0n1/f1tenth_ws/install/vesc_msgs/include/vesc_msgs
[5.097s] -- Up-to-date: /mnt/nvme0n1/f1tenth_ws/install/vesc_msgs/include/vesc_msgs/msg
[5.097s] -- Up-to-date: /mnt/nvme0n1/f1tenth_ws/install/vesc_msgs/include/vesc_msgs/msg/vesc_imu_stamped.h
[5.099s] -- Up-to-date: /mnt/nvme0n1/f1tenth_ws/install/vesc_msgs/include/vesc_msgs/msg/vesc_imu.h
[5.100s] -- Up-to-date: /mnt/nvme0n1/f1tenth_ws/install/vesc_msgs/include/vesc_msgs/msg/detail
[5.100s] -- Up-to-date: /mnt/nvme0n1/f1tenth_ws/install/vesc_msgs/include/vesc_msgs/msg/detail/vesc_state__type_support.h
[5.100s] -- Up-to-date: /mnt/nvme0n1/f1tenth_ws/install/vesc_msgs/include/vesc_msgs/msg/detail/vesc_imu_stamped__struct.h
[5.104s] -- Up-to-date: /mnt/nvme0n1/f1tenth_ws/install/vesc_msgs/include/vesc_msgs/msg/detail/vesc_imu_stamped__type_support.h
[5.105s] -- Up-to-date: /mnt/nvme0n1/f1tenth_ws/install/vesc_msgs/include/vesc_msgs/msg/detail/vesc_state_stamped__functions.c
[5.105s] -- Up-to-date: /mnt/nvme0n1/f1tenth_ws/install/vesc_msgs/include/vesc_msgs/msg/detail/vesc_state__functions.c
[5.106s] -- Up-to-date: /mnt/nvme0n1/f1tenth_ws/install/vesc_msgs/include/vesc_msgs/msg/detail/vesc_state_stamped__type_support.h
[5.106s] -- Up-to-date: /mnt/nvme0n1/f1tenth_ws/install/vesc_msgs/include/vesc_msgs/msg/detail/vesc_state__functions.h
[5.107s] -- Up-to-date: /mnt/nvme0n1/f1tenth_ws/install/vesc_msgs/include/vesc_msgs/msg/detail/vesc_state_stamped__functions.h
[5.107s] -- Up-to-date: /mnt/nvme0n1/f1tenth_ws/install/vesc_msgs/include/vesc_msgs/msg/detail/vesc_imu__type_support.h
[5.108s] -- Up-to-date: /mnt/nvme0n1/f1tenth_ws/install/vesc_msgs/include/vesc_msgs/msg/detail/vesc_imu__functions.h
[5.108s] -- Up-to-date: /mnt/nvme0n1/f1tenth_ws/install/vesc_msgs/include/vesc_msgs/msg/detail/vesc_imu_stamped__functions.c
[5.109s] -- Up-to-date: /mnt/nvme0n1/f1tenth_ws/install/vesc_msgs/include/vesc_msgs/msg/detail/vesc_state__struct.h
[5.113s] -- Up-to-date: /mnt/nvme0n1/f1tenth_ws/install/vesc_msgs/include/vesc_msgs/msg/detail/vesc_state_stamped__struct.h
[5.113s] -- Up-to-date: /mnt/nvme0n1/f1tenth_ws/install/vesc_msgs/include/vesc_msgs/msg/detail/vesc_imu_stamped__functions.h
[5.114s] -- Up-to-date: /mnt/nvme0n1/f1tenth_ws/install/vesc_msgs/include/vesc_msgs/msg/detail/vesc_imu__struct.h
[5.114s] -- Up-to-date: /mnt/nvme0n1/f1tenth_ws/install/vesc_msgs/include/vesc_msgs/msg/detail/vesc_imu__functions.c
[5.114s] -- Up-to-date: /mnt/nvme0n1/f1tenth_ws/install/vesc_msgs/include/vesc_msgs/msg/rosidl_generator_c__visibility_control.h
[5.115s] -- Up-to-date: /mnt/nvme0n1/f1tenth_ws/install/vesc_msgs/include/vesc_msgs/msg/vesc_state.h
[5.115s] -- Up-to-date: /mnt/nvme0n1/f1tenth_ws/install/vesc_msgs/include/vesc_msgs/msg/vesc_state_stamped.h
[5.115s] -- Up-to-date: /mnt/nvme0n1/f1tenth_ws/install/vesc_msgs/share/vesc_msgs/environment/library_path.sh
[5.116s] -- Up-to-date: /mnt/nvme0n1/f1tenth_ws/install/vesc_msgs/share/vesc_msgs/environment/library_path.dsv
[5.117s] -- Up-to-date: /mnt/nvme0n1/f1tenth_ws/install/vesc_msgs/lib/libvesc_msgs__rosidl_generator_c.so
[5.117s] -- Up-to-date: /mnt/nvme0n1/f1tenth_ws/install/vesc_msgs/include/vesc_msgs
[5.118s] -- Up-to-date: /mnt/nvme0n1/f1tenth_ws/install/vesc_msgs/include/vesc_msgs/msg
[5.118s] -- Up-to-date: /mnt/nvme0n1/f1tenth_ws/install/vesc_msgs/include/vesc_msgs/msg/rosidl_typesupport_fastrtps_c__visibility_control.h
[5.119s] -- Up-to-date: /mnt/nvme0n1/f1tenth_ws/install/vesc_msgs/include/vesc_msgs/msg/detail
[5.119s] -- Up-to-date: /mnt/nvme0n1/f1tenth_ws/install/vesc_msgs/include/vesc_msgs/msg/detail/vesc_state__rosidl_typesupport_fastrtps_c.h
[5.120s] -- Up-to-date: /mnt/nvme0n1/f1tenth_ws/install/vesc_msgs/include/vesc_msgs/msg/detail/vesc_imu__rosidl_typesupport_fastrtps_c.h
[5.120s] -- Up-to-date: /mnt/nvme0n1/f1tenth_ws/install/vesc_msgs/include/vesc_msgs/msg/detail/vesc_state_stamped__rosidl_typesupport_fastrtps_c.h
[5.121s] -- Up-to-date: /mnt/nvme0n1/f1tenth_ws/install/vesc_msgs/include/vesc_msgs/msg/detail/vesc_imu_stamped__rosidl_typesupport_fastrtps_c.h
[5.121s] -- Up-to-date: /mnt/nvme0n1/f1tenth_ws/install/vesc_msgs/lib/libvesc_msgs__rosidl_typesupport_fastrtps_c.so
[5.122s] -- Up-to-date: /mnt/nvme0n1/f1tenth_ws/install/vesc_msgs/include/vesc_msgs
[5.123s] -- Up-to-date: /mnt/nvme0n1/f1tenth_ws/install/vesc_msgs/include/vesc_msgs/msg
[5.124s] -- Up-to-date: /mnt/nvme0n1/f1tenth_ws/install/vesc_msgs/include/vesc_msgs/msg/rosidl_typesupport_fastrtps_cpp__visibility_control.h
[5.124s] -- Up-to-date: /mnt/nvme0n1/f1tenth_ws/install/vesc_msgs/include/vesc_msgs/msg/detail
[5.126s] -- Up-to-date: /mnt/nvme0n1/f1tenth_ws/install/vesc_msgs/include/vesc_msgs/msg/detail/vesc_state__rosidl_typesupport_fastrtps_cpp.hpp
[5.127s] -- Up-to-date: /mnt/nvme0n1/f1tenth_ws/install/vesc_msgs/include/vesc_msgs/msg/detail/dds_fastrtps
[5.127s] -- Up-to-date: /mnt/nvme0n1/f1tenth_ws/install/vesc_msgs/include/vesc_msgs/msg/detail/vesc_imu_stamped__rosidl_typesupport_fastrtps_cpp.hpp
[5.127s] -- Up-to-date: /mnt/nvme0n1/f1tenth_ws/install/vesc_msgs/include/vesc_msgs/msg/detail/vesc_imu__rosidl_typesupport_fastrtps_cpp.hpp
[5.128s] -- Up-to-date: /mnt/nvme0n1/f1tenth_ws/install/vesc_msgs/include/vesc_msgs/msg/detail/vesc_state_stamped__rosidl_typesupport_fastrtps_cpp.hpp
[5.128s] -- Up-to-date: /mnt/nvme0n1/f1tenth_ws/install/vesc_msgs/lib/libvesc_msgs__rosidl_typesupport_fastrtps_cpp.so
[5.134s] -- Up-to-date: /mnt/nvme0n1/f1tenth_ws/install/vesc_msgs/include/vesc_msgs
[5.135s] -- Up-to-date: /mnt/nvme0n1/f1tenth_ws/install/vesc_msgs/include/vesc_msgs/msg
[5.135s] -- Up-to-date: /mnt/nvme0n1/f1tenth_ws/install/vesc_msgs/include/vesc_msgs/msg/rosidl_typesupport_introspection_c__visibility_control.h
[5.136s] -- Up-to-date: /mnt/nvme0n1/f1tenth_ws/install/vesc_msgs/include/vesc_msgs/msg/detail
[5.136s] -- Up-to-date: /mnt/nvme0n1/f1tenth_ws/install/vesc_msgs/include/vesc_msgs/msg/detail/vesc_imu_stamped__type_support.c
[5.137s] -- Up-to-date: /mnt/nvme0n1/f1tenth_ws/install/vesc_msgs/include/vesc_msgs/msg/detail/vesc_state__rosidl_typesupport_introspection_c.h
[5.155s] -- Up-to-date: /mnt/nvme0n1/f1tenth_ws/install/vesc_msgs/include/vesc_msgs/msg/detail/vesc_state_stamped__rosidl_typesupport_introspection_c.h
[5.155s] -- Up-to-date: /mnt/nvme0n1/f1tenth_ws/install/vesc_msgs/include/vesc_msgs/msg/detail/vesc_imu__rosidl_typesupport_introspection_c.h
[5.156s] -- Up-to-date: /mnt/nvme0n1/f1tenth_ws/install/vesc_msgs/include/vesc_msgs/msg/detail/vesc_state__type_support.c
[5.156s] -- Up-to-date: /mnt/nvme0n1/f1tenth_ws/install/vesc_msgs/include/vesc_msgs/msg/detail/vesc_imu_stamped__rosidl_typesupport_introspection_c.h
[5.157s] -- Up-to-date: /mnt/nvme0n1/f1tenth_ws/install/vesc_msgs/include/vesc_msgs/msg/detail/vesc_state_stamped__type_support.c
[5.157s] -- Up-to-date: /mnt/nvme0n1/f1tenth_ws/install/vesc_msgs/include/vesc_msgs/msg/detail/vesc_imu__type_support.c
[5.157s] -- Up-to-date: /mnt/nvme0n1/f1tenth_ws/install/vesc_msgs/lib/libvesc_msgs__rosidl_typesupport_introspection_c.so
[5.158s] -- Up-to-date: /mnt/nvme0n1/f1tenth_ws/install/vesc_msgs/lib/libvesc_msgs__rosidl_typesupport_c.so
[5.158s] -- Up-to-date: /mnt/nvme0n1/f1tenth_ws/install/vesc_msgs/include/vesc_msgs
[5.158s] -- Up-to-date: /mnt/nvme0n1/f1tenth_ws/install/vesc_msgs/include/vesc_msgs/msg
[5.158s] -- Up-to-date: /mnt/nvme0n1/f1tenth_ws/install/vesc_msgs/include/vesc_msgs/msg/rosidl_generator_cpp__visibility_control.hpp
[5.159s] -- Up-to-date: /mnt/nvme0n1/f1tenth_ws/install/vesc_msgs/include/vesc_msgs/msg/vesc_state.hpp
[5.159s] -- Up-to-date: /mnt/nvme0n1/f1tenth_ws/install/vesc_msgs/include/vesc_msgs/msg/vesc_imu.hpp
[5.159s] -- Up-to-date: /mnt/nvme0n1/f1tenth_ws/install/vesc_msgs/include/vesc_msgs/msg/detail
[5.160s] -- Up-to-date: /mnt/nvme0n1/f1tenth_ws/install/vesc_msgs/include/vesc_msgs/msg/detail/vesc_state_stamped__struct.hpp
[5.160s] -- Up-to-date: /mnt/nvme0n1/f1tenth_ws/install/vesc_msgs/include/vesc_msgs/msg/detail/vesc_state__type_support.hpp
[5.161s] -- Up-to-date: /mnt/nvme0n1/f1tenth_ws/install/vesc_msgs/include/vesc_msgs/msg/detail/vesc_imu_stamped__type_support.hpp
[5.161s] -- Up-to-date: /mnt/nvme0n1/f1tenth_ws/install/vesc_msgs/include/vesc_msgs/msg/detail/vesc_imu_stamped__builder.hpp
[5.161s] -- Up-to-date: /mnt/nvme0n1/f1tenth_ws/install/vesc_msgs/include/vesc_msgs/msg/detail/vesc_state_stamped__type_support.hpp
[5.162s] -- Up-to-date: /mnt/nvme0n1/f1tenth_ws/install/vesc_msgs/include/vesc_msgs/msg/detail/vesc_imu_stamped__struct.hpp
[5.162s] -- Up-to-date: /mnt/nvme0n1/f1tenth_ws/install/vesc_msgs/include/vesc_msgs/msg/detail/vesc_imu__type_support.hpp
[5.162s] -- Up-to-date: /mnt/nvme0n1/f1tenth_ws/install/vesc_msgs/include/vesc_msgs/msg/detail/vesc_state__struct.hpp
[5.163s] -- Up-to-date: /mnt/nvme0n1/f1tenth_ws/install/vesc_msgs/include/vesc_msgs/msg/detail/vesc_imu__struct.hpp
[5.163s] -- Up-to-date: /mnt/nvme0n1/f1tenth_ws/install/vesc_msgs/include/vesc_msgs/msg/detail/vesc_state_stamped__traits.hpp
[5.163s] -- Up-to-date: /mnt/nvme0n1/f1tenth_ws/install/vesc_msgs/include/vesc_msgs/msg/detail/vesc_imu_stamped__traits.hpp
[5.164s] -- Up-to-date: /mnt/nvme0n1/f1tenth_ws/install/vesc_msgs/include/vesc_msgs/msg/detail/vesc_imu__traits.hpp
[5.164s] -- Up-to-date: /mnt/nvme0n1/f1tenth_ws/install/vesc_msgs/include/vesc_msgs/msg/detail/vesc_state__builder.hpp
[5.164s] -- Up-to-date: /mnt/nvme0n1/f1tenth_ws/install/vesc_msgs/include/vesc_msgs/msg/detail/vesc_imu__builder.hpp
[5.165s] -- Up-to-date: /mnt/nvme0n1/f1tenth_ws/install/vesc_msgs/include/vesc_msgs/msg/detail/vesc_state_stamped__builder.hpp
[5.165s] -- Up-to-date: /mnt/nvme0n1/f1tenth_ws/install/vesc_msgs/include/vesc_msgs/msg/detail/vesc_state__traits.hpp
[5.166s] -- Up-to-date: /mnt/nvme0n1/f1tenth_ws/install/vesc_msgs/include/vesc_msgs/msg/vesc_imu_stamped.hpp
[5.166s] -- Up-to-date: /mnt/nvme0n1/f1tenth_ws/install/vesc_msgs/include/vesc_msgs/msg/vesc_state_stamped.hpp
[5.166s] -- Up-to-date: /mnt/nvme0n1/f1tenth_ws/install/vesc_msgs/include/vesc_msgs
[5.167s] -- Up-to-date: /mnt/nvme0n1/f1tenth_ws/install/vesc_msgs/include/vesc_msgs/msg
[5.167s] -- Up-to-date: /mnt/nvme0n1/f1tenth_ws/install/vesc_msgs/include/vesc_msgs/msg/detail
[5.169s] -- Up-to-date: /mnt/nvme0n1/f1tenth_ws/install/vesc_msgs/include/vesc_msgs/msg/detail/vesc_state__type_support.cpp
[5.169s] -- Up-to-date: /mnt/nvme0n1/f1tenth_ws/install/vesc_msgs/include/vesc_msgs/msg/detail/vesc_imu_stamped__rosidl_typesupport_introspection_cpp.hpp
[5.169s] -- Up-to-date: /mnt/nvme0n1/f1tenth_ws/install/vesc_msgs/include/vesc_msgs/msg/detail/vesc_state_stamped__type_support.cpp
[5.170s] -- Up-to-date: /mnt/nvme0n1/f1tenth_ws/install/vesc_msgs/include/vesc_msgs/msg/detail/vesc_imu__type_support.cpp
[5.170s] -- Up-to-date: /mnt/nvme0n1/f1tenth_ws/install/vesc_msgs/include/vesc_msgs/msg/detail/vesc_state_stamped__rosidl_typesupport_introspection_cpp.hpp
[5.171s] -- Up-to-date: /mnt/nvme0n1/f1tenth_ws/install/vesc_msgs/include/vesc_msgs/msg/detail/vesc_imu_stamped__type_support.cpp
[5.171s] -- Up-to-date: /mnt/nvme0n1/f1tenth_ws/install/vesc_msgs/include/vesc_msgs/msg/detail/vesc_imu__rosidl_typesupport_introspection_cpp.hpp
[5.171s] -- Up-to-date: /mnt/nvme0n1/f1tenth_ws/install/vesc_msgs/include/vesc_msgs/msg/detail/vesc_state__rosidl_typesupport_introspection_cpp.hpp
[5.173s] -- Up-to-date: /mnt/nvme0n1/f1tenth_ws/install/vesc_msgs/lib/libvesc_msgs__rosidl_typesupport_introspection_cpp.so
[5.174s] -- Up-to-date: /mnt/nvme0n1/f1tenth_ws/install/vesc_msgs/lib/libvesc_msgs__rosidl_typesupport_cpp.so
[5.175s] -- Up-to-date: /mnt/nvme0n1/f1tenth_ws/install/vesc_msgs/share/vesc_msgs/environment/pythonpath.sh
[5.176s] -- Up-to-date: /mnt/nvme0n1/f1tenth_ws/install/vesc_msgs/share/vesc_msgs/environment/pythonpath.dsv
[5.176s] -- Up-to-date: /mnt/nvme0n1/f1tenth_ws/install/vesc_msgs/lib/python3.8/site-packages/vesc_msgs/__init__.py
[5.306s] -- Up-to-date: /mnt/nvme0n1/f1tenth_ws/install/vesc_msgs/lib/python3.8/site-packages/vesc_msgs/msg
[5.308s] -- Up-to-date: /mnt/nvme0n1/f1tenth_ws/install/vesc_msgs/lib/python3.8/site-packages/vesc_msgs/msg/__init__.py
[5.310s] -- Up-to-date: /mnt/nvme0n1/f1tenth_ws/install/vesc_msgs/lib/python3.8/site-packages/vesc_msgs/msg/_vesc_imu.py
[5.311s] -- Up-to-date: /mnt/nvme0n1/f1tenth_ws/install/vesc_msgs/lib/python3.8/site-packages/vesc_msgs/msg/_vesc_imu_s.c
[5.313s] -- Up-to-date: /mnt/nvme0n1/f1tenth_ws/install/vesc_msgs/lib/python3.8/site-packages/vesc_msgs/msg/_vesc_state.py
[5.316s] -- Up-to-date: /mnt/nvme0n1/f1tenth_ws/install/vesc_msgs/lib/python3.8/site-packages/vesc_msgs/msg/_vesc_state_stamped.py
[5.318s] -- Up-to-date: /mnt/nvme0n1/f1tenth_ws/install/vesc_msgs/lib/python3.8/site-packages/vesc_msgs/msg/_vesc_state_s.c
[5.319s] -- Up-to-date: /mnt/nvme0n1/f1tenth_ws/install/vesc_msgs/lib/python3.8/site-packages/vesc_msgs/msg/_vesc_imu_stamped.py
[5.322s] -- Up-to-date: /mnt/nvme0n1/f1tenth_ws/install/vesc_msgs/lib/python3.8/site-packages/vesc_msgs/msg/_vesc_imu_stamped_s.c
[5.323s] -- Up-to-date: /mnt/nvme0n1/f1tenth_ws/install/vesc_msgs/lib/python3.8/site-packages/vesc_msgs/msg/_vesc_state_stamped_s.c
[5.325s] -- Up-to-date: /mnt/nvme0n1/f1tenth_ws/install/vesc_msgs/lib/python3.8/site-packages/vesc_msgs/vesc_msgs_s__rosidl_typesupport_fastrtps_c.cpython-38-aarch64-linux-gnu.so
[5.327s] -- Up-to-date: /mnt/nvme0n1/f1tenth_ws/install/vesc_msgs/lib/python3.8/site-packages/vesc_msgs/vesc_msgs_s__rosidl_typesupport_introspection_c.cpython-38-aarch64-linux-gnu.so
[5.329s] -- Up-to-date: /mnt/nvme0n1/f1tenth_ws/install/vesc_msgs/lib/python3.8/site-packages/vesc_msgs/vesc_msgs_s__rosidl_typesupport_c.cpython-38-aarch64-linux-gnu.so
[5.330s] -- Up-to-date: /mnt/nvme0n1/f1tenth_ws/install/vesc_msgs/lib/libvesc_msgs__python.so
[5.332s] -- Up-to-date: /mnt/nvme0n1/f1tenth_ws/install/vesc_msgs/share/vesc_msgs/msg/VescState.idl
[5.334s] -- Up-to-date: /mnt/nvme0n1/f1tenth_ws/install/vesc_msgs/share/vesc_msgs/msg/VescStateStamped.idl
[5.334s] -- Up-to-date: /mnt/nvme0n1/f1tenth_ws/install/vesc_msgs/share/vesc_msgs/msg/VescImu.idl
[5.336s] -- Up-to-date: /mnt/nvme0n1/f1tenth_ws/install/vesc_msgs/share/vesc_msgs/msg/VescImuStamped.idl
[5.337s] -- Up-to-date: /mnt/nvme0n1/f1tenth_ws/install/vesc_msgs/share/vesc_msgs/msg/VescState.msg
[5.339s] -- Up-to-date: /mnt/nvme0n1/f1tenth_ws/install/vesc_msgs/share/vesc_msgs/msg/VescStateStamped.msg
[5.340s] -- Up-to-date: /mnt/nvme0n1/f1tenth_ws/install/vesc_msgs/share/vesc_msgs/msg/VescImu.msg
[5.341s] -- Up-to-date: /mnt/nvme0n1/f1tenth_ws/install/vesc_msgs/share/vesc_msgs/msg/VescImuStamped.msg
[5.342s] -- Up-to-date: /mnt/nvme0n1/f1tenth_ws/install/vesc_msgs/share/ament_index/resource_index/package_run_dependencies/vesc_msgs
[5.344s] -- Up-to-date: /mnt/nvme0n1/f1tenth_ws/install/vesc_msgs/share/ament_index/resource_index/parent_prefix_path/vesc_msgs
[5.345s] -- Up-to-date: /mnt/nvme0n1/f1tenth_ws/install/vesc_msgs/share/vesc_msgs/environment/ament_prefix_path.sh
[5.346s] -- Up-to-date: /mnt/nvme0n1/f1tenth_ws/install/vesc_msgs/share/vesc_msgs/environment/ament_prefix_path.dsv
[5.351s] -- Up-to-date: /mnt/nvme0n1/f1tenth_ws/install/vesc_msgs/share/vesc_msgs/environment/path.sh
[5.352s] -- Up-to-date: /mnt/nvme0n1/f1tenth_ws/install/vesc_msgs/share/vesc_msgs/environment/path.dsv
[5.353s] -- Up-to-date: /mnt/nvme0n1/f1tenth_ws/install/vesc_msgs/share/vesc_msgs/local_setup.bash
[5.354s] -- Up-to-date: /mnt/nvme0n1/f1tenth_ws/install/vesc_msgs/share/vesc_msgs/local_setup.sh
[5.355s] -- Up-to-date: /mnt/nvme0n1/f1tenth_ws/install/vesc_msgs/share/vesc_msgs/local_setup.zsh
[5.356s] -- Up-to-date: /mnt/nvme0n1/f1tenth_ws/install/vesc_msgs/share/vesc_msgs/local_setup.dsv
[5.357s] -- Installing: /mnt/nvme0n1/f1tenth_ws/install/vesc_msgs/share/vesc_msgs/package.dsv
[5.358s] -- Up-to-date: /mnt/nvme0n1/f1tenth_ws/install/vesc_msgs/share/ament_index/resource_index/packages/vesc_msgs
[5.359s] -- Up-to-date: /mnt/nvme0n1/f1tenth_ws/install/vesc_msgs/share/vesc_msgs/cmake/vesc_msgs__rosidl_generator_cExport.cmake
[5.360s] -- Up-to-date: /mnt/nvme0n1/f1tenth_ws/install/vesc_msgs/share/vesc_msgs/cmake/vesc_msgs__rosidl_generator_cExport-noconfig.cmake
[5.362s] -- Up-to-date: /mnt/nvme0n1/f1tenth_ws/install/vesc_msgs/share/vesc_msgs/cmake/vesc_msgs__rosidl_typesupport_introspection_cExport.cmake
[5.364s] -- Up-to-date: /mnt/nvme0n1/f1tenth_ws/install/vesc_msgs/share/vesc_msgs/cmake/vesc_msgs__rosidl_typesupport_introspection_cExport-noconfig.cmake
[5.365s] -- Up-to-date: /mnt/nvme0n1/f1tenth_ws/install/vesc_msgs/share/vesc_msgs/cmake/vesc_msgs__rosidl_typesupport_cExport.cmake
[5.366s] -- Up-to-date: /mnt/nvme0n1/f1tenth_ws/install/vesc_msgs/share/vesc_msgs/cmake/vesc_msgs__rosidl_typesupport_cExport-noconfig.cmake
[5.367s] -- Up-to-date: /mnt/nvme0n1/f1tenth_ws/install/vesc_msgs/share/vesc_msgs/cmake/vesc_msgs__rosidl_generator_cppExport.cmake
[5.368s] -- Up-to-date: /mnt/nvme0n1/f1tenth_ws/install/vesc_msgs/share/vesc_msgs/cmake/vesc_msgs__rosidl_typesupport_introspection_cppExport.cmake
[5.370s] -- Up-to-date: /mnt/nvme0n1/f1tenth_ws/install/vesc_msgs/share/vesc_msgs/cmake/vesc_msgs__rosidl_typesupport_introspection_cppExport-noconfig.cmake
[5.371s] -- Up-to-date: /mnt/nvme0n1/f1tenth_ws/install/vesc_msgs/share/vesc_msgs/cmake/vesc_msgs__rosidl_typesupport_cppExport.cmake
[5.372s] -- Up-to-date: /mnt/nvme0n1/f1tenth_ws/install/vesc_msgs/share/vesc_msgs/cmake/vesc_msgs__rosidl_typesupport_cppExport-noconfig.cmake
[5.375s] -- Up-to-date: /mnt/nvme0n1/f1tenth_ws/install/vesc_msgs/share/vesc_msgs/cmake/rosidl_cmake-extras.cmake
[5.376s] -- Up-to-date: /mnt/nvme0n1/f1tenth_ws/install/vesc_msgs/share/vesc_msgs/cmake/ament_cmake_export_dependencies-extras.cmake
[5.377s] -- Up-to-date: /mnt/nvme0n1/f1tenth_ws/install/vesc_msgs/share/vesc_msgs/cmake/ament_cmake_export_libraries-extras.cmake
[5.377s] -- Up-to-date: /mnt/nvme0n1/f1tenth_ws/install/vesc_msgs/share/vesc_msgs/cmake/ament_cmake_export_targets-extras.cmake
[5.378s] -- Up-to-date: /mnt/nvme0n1/f1tenth_ws/install/vesc_msgs/share/vesc_msgs/cmake/ament_cmake_export_include_directories-extras.cmake
[5.378s] -- Up-to-date: /mnt/nvme0n1/f1tenth_ws/install/vesc_msgs/share/vesc_msgs/cmake/rosidl_cmake_export_typesupport_libraries-extras.cmake
[5.379s] -- Up-to-date: /mnt/nvme0n1/f1tenth_ws/install/vesc_msgs/share/vesc_msgs/cmake/rosidl_cmake_export_typesupport_targets-extras.cmake
[5.380s] -- Up-to-date: /mnt/nvme0n1/f1tenth_ws/install/vesc_msgs/share/vesc_msgs/cmake/vesc_msgsConfig.cmake
[5.380s] -- Up-to-date: /mnt/nvme0n1/f1tenth_ws/install/vesc_msgs/share/vesc_msgs/cmake/vesc_msgsConfig-version.cmake
[5.381s] -- Up-to-date: /mnt/nvme0n1/f1tenth_ws/install/vesc_msgs/share/vesc_msgs/package.xml
[7.125s] Invoked command in '/mnt/nvme0n1/f1tenth_ws/build/vesc_msgs' returned '0': CMAKE_PREFIX_PATH=${CMAKE_PREFIX_PATH}:/home/f1tenth/f1tenth-ws/install/f1tenth_stack:/home/f1tenth/f1tenth-ws/install/joy_teleop:/home/f1tenth/f1tenth-ws/install/mouse_teleop:/home/f1tenth/f1tenth-ws/install/key_teleop:/opt/ros/foxy /usr/bin/cmake --install /mnt/nvme0n1/f1tenth_ws/build/vesc_msgs
