[4.088s] Invoking command in '/mnt/nvme0n1/f1tenth_ws/src/f1tenth_system/f1tenth_stack': AMENT_PREFIX_PATH=/mnt/nvme0n1/f1tenth_ws/install/vesc:/mnt/nvme0n1/f1tenth_ws/install/vesc_driver:/mnt/nvme0n1/f1tenth_ws/install/vesc_ackermann:/mnt/nvme0n1/f1tenth_ws/install/joy_teleop:/mnt/nvme0n1/f1tenth_ws/install/vesc_msgs:/mnt/nvme0n1/f1tenth_ws/install/teleop_tools_msgs:/mnt/nvme0n1/f1tenth_ws/install/ackermann_mux:${AMENT_PREFIX_PATH} CMAKE_PREFIX_PATH=/mnt/nvme0n1/f1tenth_ws/install/vesc:/mnt/nvme0n1/f1tenth_ws/install/vesc_driver:/mnt/nvme0n1/f1tenth_ws/install/vesc_ackermann:/mnt/nvme0n1/f1tenth_ws/install/vesc_msgs:/mnt/nvme0n1/f1tenth_ws/install/teleop_tools_msgs:/mnt/nvme0n1/f1tenth_ws/install/ackermann_mux:${CMAKE_PREFIX_PATH} LD_LIBRARY_PATH=/mnt/nvme0n1/f1tenth_ws/install/vesc_driver/lib:/mnt/nvme0n1/f1tenth_ws/install/vesc_ackermann/lib:/mnt/nvme0n1/f1tenth_ws/install/vesc_msgs/lib:/mnt/nvme0n1/f1tenth_ws/install/teleop_tools_msgs/lib:${LD_LIBRARY_PATH} PYTHONPATH=/mnt/nvme0n1/f1tenth_ws/build/f1tenth_stack/prefix_override:/mnt/nvme0n1/f1tenth_ws/install/f1tenth_stack/lib/python3.8/site-packages:/mnt/nvme0n1/f1tenth_ws/install/joy_teleop/lib/python3.8/site-packages:/mnt/nvme0n1/f1tenth_ws/install/vesc_msgs/lib/python3.8/site-packages:/mnt/nvme0n1/f1tenth_ws/install/teleop_tools_msgs/lib/python3.8/site-packages:${PYTHONPATH} /usr/bin/python3 setup.py egg_info --egg-base ../../../build/f1tenth_stack build --build-base /mnt/nvme0n1/f1tenth_ws/build/f1tenth_stack/build install --record /mnt/nvme0n1/f1tenth_ws/build/f1tenth_stack/install.log --install-scripts $base/lib/f1tenth_stack --single-version-externally-managed
[4.949s] running egg_info
[4.951s] writing ../../../build/f1tenth_stack/f1tenth_stack.egg-info/PKG-INFO
[4.952s] writing dependency_links to ../../../build/f1tenth_stack/f1tenth_stack.egg-info/dependency_links.txt
[4.953s] writing entry points to ../../../build/f1tenth_stack/f1tenth_stack.egg-info/entry_points.txt
[4.954s] writing requirements to ../../../build/f1tenth_stack/f1tenth_stack.egg-info/requires.txt
[4.954s] writing top-level names to ../../../build/f1tenth_stack/f1tenth_stack.egg-info/top_level.txt
[5.077s] reading manifest file '../../../build/f1tenth_stack/f1tenth_stack.egg-info/SOURCES.txt'
[5.081s] writing manifest file '../../../build/f1tenth_stack/f1tenth_stack.egg-info/SOURCES.txt'
[5.082s] running build
[5.082s] running build_py
[5.083s] running install
[5.086s] running install_lib
[5.092s] running install_data
[5.094s] copying config/vesc.yaml -> /mnt/nvme0n1/f1tenth_ws/install/f1tenth_stack/share/f1tenth_stack/config
[5.095s] running install_egg_info
[5.100s] removing '/mnt/nvme0n1/f1tenth_ws/install/f1tenth_stack/lib/python3.8/site-packages/f1tenth_stack-0.0.1-py3.8.egg-info' (and everything under it)
[5.102s] Copying ../../../build/f1tenth_stack/f1tenth_stack.egg-info to /mnt/nvme0n1/f1tenth_ws/install/f1tenth_stack/lib/python3.8/site-packages/f1tenth_stack-0.0.1-py3.8.egg-info
[5.106s] running install_scripts
[5.166s] Installing tf_publisher script to /mnt/nvme0n1/f1tenth_ws/install/f1tenth_stack/lib/f1tenth_stack
[5.167s] Installing throttle_interpolator script to /mnt/nvme0n1/f1tenth_ws/install/f1tenth_stack/lib/f1tenth_stack
[5.168s] writing list of installed files to '/mnt/nvme0n1/f1tenth_ws/build/f1tenth_stack/install.log'
[5.244s] Invoked command in '/mnt/nvme0n1/f1tenth_ws/src/f1tenth_system/f1tenth_stack' returned '0': AMENT_PREFIX_PATH=/mnt/nvme0n1/f1tenth_ws/install/vesc:/mnt/nvme0n1/f1tenth_ws/install/vesc_driver:/mnt/nvme0n1/f1tenth_ws/install/vesc_ackermann:/mnt/nvme0n1/f1tenth_ws/install/joy_teleop:/mnt/nvme0n1/f1tenth_ws/install/vesc_msgs:/mnt/nvme0n1/f1tenth_ws/install/teleop_tools_msgs:/mnt/nvme0n1/f1tenth_ws/install/ackermann_mux:${AMENT_PREFIX_PATH} CMAKE_PREFIX_PATH=/mnt/nvme0n1/f1tenth_ws/install/vesc:/mnt/nvme0n1/f1tenth_ws/install/vesc_driver:/mnt/nvme0n1/f1tenth_ws/install/vesc_ackermann:/mnt/nvme0n1/f1tenth_ws/install/vesc_msgs:/mnt/nvme0n1/f1tenth_ws/install/teleop_tools_msgs:/mnt/nvme0n1/f1tenth_ws/install/ackermann_mux:${CMAKE_PREFIX_PATH} LD_LIBRARY_PATH=/mnt/nvme0n1/f1tenth_ws/install/vesc_driver/lib:/mnt/nvme0n1/f1tenth_ws/install/vesc_ackermann/lib:/mnt/nvme0n1/f1tenth_ws/install/vesc_msgs/lib:/mnt/nvme0n1/f1tenth_ws/install/teleop_tools_msgs/lib:${LD_LIBRARY_PATH} PYTHONPATH=/mnt/nvme0n1/f1tenth_ws/build/f1tenth_stack/prefix_override:/mnt/nvme0n1/f1tenth_ws/install/f1tenth_stack/lib/python3.8/site-packages:/mnt/nvme0n1/f1tenth_ws/install/joy_teleop/lib/python3.8/site-packages:/mnt/nvme0n1/f1tenth_ws/install/vesc_msgs/lib/python3.8/site-packages:/mnt/nvme0n1/f1tenth_ws/install/teleop_tools_msgs/lib/python3.8/site-packages:${PYTHONPATH} /usr/bin/python3 setup.py egg_info --egg-base ../../../build/f1tenth_stack build --build-base /mnt/nvme0n1/f1tenth_ws/build/f1tenth_stack/build install --record /mnt/nvme0n1/f1tenth_ws/build/f1tenth_stack/install.log --install-scripts $base/lib/f1tenth_stack --single-version-externally-managed
