[8.532s] Invoking command in '/home/f1tenth/f1tenth-ws/src/test_driving_2/example_py': PYTHONPATH=/home/f1tenth/f1tenth-ws/build/example_py/prefix_override:/home/f1tenth/f1tenth-ws/install/example_py/lib/python3.8/site-packages:${PYTHONPATH} /usr/bin/python3 setup.py egg_info --egg-base ../../../build/example_py build --build-base /home/f1tenth/f1tenth-ws/build/example_py/build install --record /home/f1tenth/f1tenth-ws/build/example_py/install.log --install-scripts $base/lib/example_py --single-version-externally-managed
[9.546s] running egg_info
[9.551s] writing ../../../build/example_py/example_py.egg-info/PKG-INFO
[9.552s] writing dependency_links to ../../../build/example_py/example_py.egg-info/dependency_links.txt
[9.553s] writing entry points to ../../../build/example_py/example_py.egg-info/entry_points.txt
[9.555s] writing requirements to ../../../build/example_py/example_py.egg-info/requires.txt
[9.555s] writing top-level names to ../../../build/example_py/example_py.egg-info/top_level.txt
[9.701s] reading manifest file '../../../build/example_py/example_py.egg-info/SOURCES.txt'
[9.706s] writing manifest file '../../../build/example_py/example_py.egg-info/SOURCES.txt'
[9.706s] running build
[9.707s] running build_py
[9.708s] running install
[9.712s] running install_lib
[9.721s] running install_data
[9.723s] running install_egg_info
[9.730s] removing '/home/f1tenth/f1tenth-ws/install/example_py/lib/python3.8/site-packages/example_py-0.0.0-py3.8.egg-info' (and everything under it)
[9.733s] Copying ../../../build/example_py/example_py.egg-info to /home/f1tenth/f1tenth-ws/install/example_py/lib/python3.8/site-packages/example_py-0.0.0-py3.8.egg-info
[9.739s] running install_scripts
[9.810s] Installing li4_node script to /home/f1tenth/f1tenth-ws/install/example_py/lib/example_py
[9.812s] writing list of installed files to '/home/f1tenth/f1tenth-ws/build/example_py/install.log'
[9.994s] Invoked command in '/home/f1tenth/f1tenth-ws/src/test_driving_2/example_py' returned '0': PYTHONPATH=/home/f1tenth/f1tenth-ws/build/example_py/prefix_override:/home/f1tenth/f1tenth-ws/install/example_py/lib/python3.8/site-packages:${PYTHONPATH} /usr/bin/python3 setup.py egg_info --egg-base ../../../build/example_py build --build-base /home/f1tenth/f1tenth-ws/build/example_py/build install --record /home/f1tenth/f1tenth-ws/build/example_py/install.log --install-scripts $base/lib/example_py --single-version-externally-managed
