[2.392s] Invoking command in '/mnt/nvme0n1/f1tenth_ws/build/vesc_msgs': CMAKE_PREFIX_PATH=${CMAKE_PREFIX_PATH}:/home/f1tenth/f1tenth-ws/install/f1tenth_stack:/home/f1tenth/f1tenth-ws/install/joy_teleop:/home/f1tenth/f1tenth-ws/install/mouse_teleop:/home/f1tenth/f1tenth-ws/install/key_teleop:/home/f1tenth/f1tenth-ws/install/example_py:/opt/ros/foxy /usr/bin/cmake --build /mnt/nvme0n1/f1tenth_ws/build/vesc_msgs -- -j4 -l4
[2.733s] [  1%] Built target vesc_msgs__cpp
[2.828s] [ 12%] Built target vesc_msgs__rosidl_generator_c
[2.999s] [ 23%] Built target vesc_msgs__rosidl_typesupport_introspection_cpp
[3.081s] [ 34%] Built target vesc_msgs__rosidl_typesupport_cpp
[3.111s] [ 45%] Built target vesc_msgs__rosidl_typesupport_fastrtps_cpp
[3.154s] [ 56%] Built target vesc_msgs__rosidl_typesupport_c
[3.253s] [ 67%] Built target vesc_msgs__rosidl_typesupport_introspection_c
[3.323s] [ 78%] Built target vesc_msgs__rosidl_typesupport_fastrtps_c
[3.425s] [ 78%] Built target vesc_msgs
[3.533s] [ 80%] Built target vesc_msgs__py
[3.678s] [ 89%] Built target vesc_msgs__python
[3.920s] [ 92%] Built target vesc_msgs__rosidl_typesupport_introspection_c__pyext
[3.957s] [100%] Built target vesc_msgs__rosidl_typesupport_fastrtps_c__pyext
[3.958s] [100%] Built target vesc_msgs__rosidl_typesupport_c__pyext
[4.588s] Invoked command in '/mnt/nvme0n1/f1tenth_ws/build/vesc_msgs' returned '0': CMAKE_PREFIX_PATH=${CMAKE_PREFIX_PATH}:/home/f1tenth/f1tenth-ws/install/f1tenth_stack:/home/f1tenth/f1tenth-ws/install/joy_teleop:/home/f1tenth/f1tenth-ws/install/mouse_teleop:/home/f1tenth/f1tenth-ws/install/key_teleop:/home/f1tenth/f1tenth-ws/install/example_py:/opt/ros/foxy /usr/bin/cmake --build /mnt/nvme0n1/f1tenth_ws/build/vesc_msgs -- -j4 -l4
[5.434s] Invoking command in '/mnt/nvme0n1/f1tenth_ws/build/vesc_msgs': CMAKE_PREFIX_PATH=${CMAKE_PREFIX_PATH}:/home/f1tenth/f1tenth-ws/install/f1tenth_stack:/home/f1tenth/f1tenth-ws/install/joy_teleop:/home/f1tenth/f1tenth-ws/install/mouse_teleop:/home/f1tenth/f1tenth-ws/install/key_teleop:/home/f1tenth/f1tenth-ws/install/example_py:/opt/ros/foxy /usr/bin/cmake --install /mnt/nvme0n1/f1tenth_ws/build/vesc_msgs
[5.503s] -- Install configuration: ""
[5.506s] -- Up-to-date: /mnt/nvme0n1/f1tenth_ws/install/vesc_msgs/share/ament_index/resource_index/rosidl_interfaces/vesc_msgs
[5.507s] -- Up-to-date: /mnt/nvme0n1/f1tenth_ws/install/vesc_msgs/include/vesc_msgs
[5.508s] -- Up-to-date: /mnt/nvme0n1/f1tenth_ws/install/vesc_msgs/include/vesc_msgs/msg
[5.509s] -- Up-to-date: /mnt/nvme0n1/f1tenth_ws/install/vesc_msgs/include/vesc_msgs/msg/vesc_imu_stamped.h
[5.510s] -- Up-to-date: /mnt/nvme0n1/f1tenth_ws/install/vesc_msgs/include/vesc_msgs/msg/vesc_imu.h
[5.510s] -- Up-to-date: /mnt/nvme0n1/f1tenth_ws/install/vesc_msgs/include/vesc_msgs/msg/detail
[5.511s] -- Up-to-date: /mnt/nvme0n1/f1tenth_ws/install/vesc_msgs/include/vesc_msgs/msg/detail/vesc_state__type_support.h
[5.512s] -- Up-to-date: /mnt/nvme0n1/f1tenth_ws/install/vesc_msgs/include/vesc_msgs/msg/detail/vesc_imu_stamped__struct.h
[5.513s] -- Up-to-date: /mnt/nvme0n1/f1tenth_ws/install/vesc_msgs/include/vesc_msgs/msg/detail/vesc_imu_stamped__type_support.h
[5.513s] -- Up-to-date: /mnt/nvme0n1/f1tenth_ws/install/vesc_msgs/include/vesc_msgs/msg/detail/vesc_state_stamped__functions.c
[5.514s] -- Up-to-date: /mnt/nvme0n1/f1tenth_ws/install/vesc_msgs/include/vesc_msgs/msg/detail/vesc_state__functions.c
[5.514s] -- Up-to-date: /mnt/nvme0n1/f1tenth_ws/install/vesc_msgs/include/vesc_msgs/msg/detail/vesc_state_stamped__type_support.h
[5.516s] -- Up-to-date: /mnt/nvme0n1/f1tenth_ws/install/vesc_msgs/include/vesc_msgs/msg/detail/vesc_state__functions.h
[5.516s] -- Up-to-date: /mnt/nvme0n1/f1tenth_ws/install/vesc_msgs/include/vesc_msgs/msg/detail/vesc_state_stamped__functions.h
[5.517s] -- Up-to-date: /mnt/nvme0n1/f1tenth_ws/install/vesc_msgs/include/vesc_msgs/msg/detail/vesc_imu__type_support.h
[5.517s] -- Up-to-date: /mnt/nvme0n1/f1tenth_ws/install/vesc_msgs/include/vesc_msgs/msg/detail/vesc_imu__functions.h
[5.517s] -- Up-to-date: /mnt/nvme0n1/f1tenth_ws/install/vesc_msgs/include/vesc_msgs/msg/detail/vesc_imu_stamped__functions.c
[5.518s] -- Up-to-date: /mnt/nvme0n1/f1tenth_ws/install/vesc_msgs/include/vesc_msgs/msg/detail/vesc_state__struct.h
[5.529s] -- Up-to-date: /mnt/nvme0n1/f1tenth_ws/install/vesc_msgs/include/vesc_msgs/msg/detail/vesc_state_stamped__struct.h
[5.530s] -- Up-to-date: /mnt/nvme0n1/f1tenth_ws/install/vesc_msgs/include/vesc_msgs/msg/detail/vesc_imu_stamped__functions.h
[5.530s] -- Up-to-date: /mnt/nvme0n1/f1tenth_ws/install/vesc_msgs/include/vesc_msgs/msg/detail/vesc_imu__struct.h
[5.531s] -- Up-to-date: /mnt/nvme0n1/f1tenth_ws/install/vesc_msgs/include/vesc_msgs/msg/detail/vesc_imu__functions.c
[5.531s] -- Up-to-date: /mnt/nvme0n1/f1tenth_ws/install/vesc_msgs/include/vesc_msgs/msg/rosidl_generator_c__visibility_control.h
[5.532s] -- Up-to-date: /mnt/nvme0n1/f1tenth_ws/install/vesc_msgs/include/vesc_msgs/msg/vesc_state.h
[5.532s] -- Up-to-date: /mnt/nvme0n1/f1tenth_ws/install/vesc_msgs/include/vesc_msgs/msg/vesc_state_stamped.h
[5.533s] -- Up-to-date: /mnt/nvme0n1/f1tenth_ws/install/vesc_msgs/share/vesc_msgs/environment/library_path.sh
[5.534s] -- Up-to-date: /mnt/nvme0n1/f1tenth_ws/install/vesc_msgs/share/vesc_msgs/environment/library_path.dsv
[5.554s] -- Up-to-date: /mnt/nvme0n1/f1tenth_ws/install/vesc_msgs/lib/libvesc_msgs__rosidl_generator_c.so
[5.554s] -- Up-to-date: /mnt/nvme0n1/f1tenth_ws/install/vesc_msgs/include/vesc_msgs
[5.555s] -- Up-to-date: /mnt/nvme0n1/f1tenth_ws/install/vesc_msgs/include/vesc_msgs/msg
[5.558s] -- Up-to-date: /mnt/nvme0n1/f1tenth_ws/install/vesc_msgs/include/vesc_msgs/msg/rosidl_typesupport_fastrtps_c__visibility_control.h
[5.559s] -- Up-to-date: /mnt/nvme0n1/f1tenth_ws/install/vesc_msgs/include/vesc_msgs/msg/detail
[5.559s] -- Up-to-date: /mnt/nvme0n1/f1tenth_ws/install/vesc_msgs/include/vesc_msgs/msg/detail/vesc_state__rosidl_typesupport_fastrtps_c.h
[5.560s] -- Up-to-date: /mnt/nvme0n1/f1tenth_ws/install/vesc_msgs/include/vesc_msgs/msg/detail/vesc_imu__rosidl_typesupport_fastrtps_c.h
[5.560s] -- Up-to-date: /mnt/nvme0n1/f1tenth_ws/install/vesc_msgs/include/vesc_msgs/msg/detail/vesc_state_stamped__rosidl_typesupport_fastrtps_c.h
[5.561s] -- Up-to-date: /mnt/nvme0n1/f1tenth_ws/install/vesc_msgs/include/vesc_msgs/msg/detail/vesc_imu_stamped__rosidl_typesupport_fastrtps_c.h
[5.561s] -- Up-to-date: /mnt/nvme0n1/f1tenth_ws/install/vesc_msgs/lib/libvesc_msgs__rosidl_typesupport_fastrtps_c.so
[5.563s] -- Up-to-date: /mnt/nvme0n1/f1tenth_ws/install/vesc_msgs/include/vesc_msgs
[5.564s] -- Up-to-date: /mnt/nvme0n1/f1tenth_ws/install/vesc_msgs/include/vesc_msgs/msg
[5.564s] -- Up-to-date: /mnt/nvme0n1/f1tenth_ws/install/vesc_msgs/include/vesc_msgs/msg/rosidl_typesupport_fastrtps_cpp__visibility_control.h
[5.565s] -- Up-to-date: /mnt/nvme0n1/f1tenth_ws/install/vesc_msgs/include/vesc_msgs/msg/detail
[5.569s] -- Up-to-date: /mnt/nvme0n1/f1tenth_ws/install/vesc_msgs/include/vesc_msgs/msg/detail/vesc_state__rosidl_typesupport_fastrtps_cpp.hpp
[5.570s] -- Up-to-date: /mnt/nvme0n1/f1tenth_ws/install/vesc_msgs/include/vesc_msgs/msg/detail/dds_fastrtps
[5.570s] -- Up-to-date: /mnt/nvme0n1/f1tenth_ws/install/vesc_msgs/include/vesc_msgs/msg/detail/vesc_imu_stamped__rosidl_typesupport_fastrtps_cpp.hpp
[5.571s] -- Up-to-date: /mnt/nvme0n1/f1tenth_ws/install/vesc_msgs/include/vesc_msgs/msg/detail/vesc_imu__rosidl_typesupport_fastrtps_cpp.hpp
[5.571s] -- Up-to-date: /mnt/nvme0n1/f1tenth_ws/install/vesc_msgs/include/vesc_msgs/msg/detail/vesc_state_stamped__rosidl_typesupport_fastrtps_cpp.hpp
[5.572s] -- Up-to-date: /mnt/nvme0n1/f1tenth_ws/install/vesc_msgs/lib/libvesc_msgs__rosidl_typesupport_fastrtps_cpp.so
[5.572s] -- Up-to-date: /mnt/nvme0n1/f1tenth_ws/install/vesc_msgs/include/vesc_msgs
[5.572s] -- Up-to-date: /mnt/nvme0n1/f1tenth_ws/install/vesc_msgs/include/vesc_msgs/msg
[5.573s] -- Up-to-date: /mnt/nvme0n1/f1tenth_ws/install/vesc_msgs/include/vesc_msgs/msg/rosidl_typesupport_introspection_c__visibility_control.h
[5.573s] -- Up-to-date: /mnt/nvme0n1/f1tenth_ws/install/vesc_msgs/include/vesc_msgs/msg/detail
[5.574s] -- Up-to-date: /mnt/nvme0n1/f1tenth_ws/install/vesc_msgs/include/vesc_msgs/msg/detail/vesc_imu_stamped__type_support.c
[5.575s] -- Up-to-date: /mnt/nvme0n1/f1tenth_ws/install/vesc_msgs/include/vesc_msgs/msg/detail/vesc_state__rosidl_typesupport_introspection_c.h
[5.576s] -- Up-to-date: /mnt/nvme0n1/f1tenth_ws/install/vesc_msgs/include/vesc_msgs/msg/detail/vesc_state_stamped__rosidl_typesupport_introspection_c.h
[5.576s] -- Up-to-date: /mnt/nvme0n1/f1tenth_ws/install/vesc_msgs/include/vesc_msgs/msg/detail/vesc_imu__rosidl_typesupport_introspection_c.h
[5.576s] -- Up-to-date: /mnt/nvme0n1/f1tenth_ws/install/vesc_msgs/include/vesc_msgs/msg/detail/vesc_state__type_support.c
[5.577s] -- Up-to-date: /mnt/nvme0n1/f1tenth_ws/install/vesc_msgs/include/vesc_msgs/msg/detail/vesc_imu_stamped__rosidl_typesupport_introspection_c.h
[5.577s] -- Up-to-date: /mnt/nvme0n1/f1tenth_ws/install/vesc_msgs/include/vesc_msgs/msg/detail/vesc_state_stamped__type_support.c
[5.577s] -- Up-to-date: /mnt/nvme0n1/f1tenth_ws/install/vesc_msgs/include/vesc_msgs/msg/detail/vesc_imu__type_support.c
[5.577s] -- Up-to-date: /mnt/nvme0n1/f1tenth_ws/install/vesc_msgs/lib/libvesc_msgs__rosidl_typesupport_introspection_c.so
[5.578s] -- Up-to-date: /mnt/nvme0n1/f1tenth_ws/install/vesc_msgs/lib/libvesc_msgs__rosidl_typesupport_c.so
[5.578s] -- Up-to-date: /mnt/nvme0n1/f1tenth_ws/install/vesc_msgs/include/vesc_msgs
[5.578s] -- Up-to-date: /mnt/nvme0n1/f1tenth_ws/install/vesc_msgs/include/vesc_msgs/msg
[5.579s] -- Up-to-date: /mnt/nvme0n1/f1tenth_ws/install/vesc_msgs/include/vesc_msgs/msg/rosidl_generator_cpp__visibility_control.hpp
[5.579s] -- Up-to-date: /mnt/nvme0n1/f1tenth_ws/install/vesc_msgs/include/vesc_msgs/msg/vesc_state.hpp
[5.581s] -- Up-to-date: /mnt/nvme0n1/f1tenth_ws/install/vesc_msgs/include/vesc_msgs/msg/vesc_imu.hpp
[5.582s] -- Up-to-date: /mnt/nvme0n1/f1tenth_ws/install/vesc_msgs/include/vesc_msgs/msg/detail
[5.582s] -- Up-to-date: /mnt/nvme0n1/f1tenth_ws/install/vesc_msgs/include/vesc_msgs/msg/detail/vesc_state_stamped__struct.hpp
[5.582s] -- Up-to-date: /mnt/nvme0n1/f1tenth_ws/install/vesc_msgs/include/vesc_msgs/msg/detail/vesc_state__type_support.hpp
[5.583s] -- Up-to-date: /mnt/nvme0n1/f1tenth_ws/install/vesc_msgs/include/vesc_msgs/msg/detail/vesc_imu_stamped__type_support.hpp
[5.583s] -- Up-to-date: /mnt/nvme0n1/f1tenth_ws/install/vesc_msgs/include/vesc_msgs/msg/detail/vesc_imu_stamped__builder.hpp
[5.583s] -- Up-to-date: /mnt/nvme0n1/f1tenth_ws/install/vesc_msgs/include/vesc_msgs/msg/detail/vesc_state_stamped__type_support.hpp
[5.584s] -- Up-to-date: /mnt/nvme0n1/f1tenth_ws/install/vesc_msgs/include/vesc_msgs/msg/detail/vesc_imu_stamped__struct.hpp
[5.584s] -- Up-to-date: /mnt/nvme0n1/f1tenth_ws/install/vesc_msgs/include/vesc_msgs/msg/detail/vesc_imu__type_support.hpp
[5.584s] -- Up-to-date: /mnt/nvme0n1/f1tenth_ws/install/vesc_msgs/include/vesc_msgs/msg/detail/vesc_state__struct.hpp
[5.585s] -- Up-to-date: /mnt/nvme0n1/f1tenth_ws/install/vesc_msgs/include/vesc_msgs/msg/detail/vesc_imu__struct.hpp
[5.585s] -- Up-to-date: /mnt/nvme0n1/f1tenth_ws/install/vesc_msgs/include/vesc_msgs/msg/detail/vesc_state_stamped__traits.hpp
[5.585s] -- Up-to-date: /mnt/nvme0n1/f1tenth_ws/install/vesc_msgs/include/vesc_msgs/msg/detail/vesc_imu_stamped__traits.hpp
[5.585s] -- Up-to-date: /mnt/nvme0n1/f1tenth_ws/install/vesc_msgs/include/vesc_msgs/msg/detail/vesc_imu__traits.hpp
[5.586s] -- Up-to-date: /mnt/nvme0n1/f1tenth_ws/install/vesc_msgs/include/vesc_msgs/msg/detail/vesc_state__builder.hpp
[5.586s] -- Up-to-date: /mnt/nvme0n1/f1tenth_ws/install/vesc_msgs/include/vesc_msgs/msg/detail/vesc_imu__builder.hpp
[5.586s] -- Up-to-date: /mnt/nvme0n1/f1tenth_ws/install/vesc_msgs/include/vesc_msgs/msg/detail/vesc_state_stamped__builder.hpp
[5.587s] -- Up-to-date: /mnt/nvme0n1/f1tenth_ws/install/vesc_msgs/include/vesc_msgs/msg/detail/vesc_state__traits.hpp
[5.587s] -- Up-to-date: /mnt/nvme0n1/f1tenth_ws/install/vesc_msgs/include/vesc_msgs/msg/vesc_imu_stamped.hpp
[5.595s] -- Up-to-date: /mnt/nvme0n1/f1tenth_ws/install/vesc_msgs/include/vesc_msgs/msg/vesc_state_stamped.hpp
[5.596s] -- Up-to-date: /mnt/nvme0n1/f1tenth_ws/install/vesc_msgs/include/vesc_msgs
[5.597s] -- Up-to-date: /mnt/nvme0n1/f1tenth_ws/install/vesc_msgs/include/vesc_msgs/msg
[5.597s] -- Up-to-date: /mnt/nvme0n1/f1tenth_ws/install/vesc_msgs/include/vesc_msgs/msg/detail
[5.597s] -- Up-to-date: /mnt/nvme0n1/f1tenth_ws/install/vesc_msgs/include/vesc_msgs/msg/detail/vesc_state__type_support.cpp
[5.598s] -- Up-to-date: /mnt/nvme0n1/f1tenth_ws/install/vesc_msgs/include/vesc_msgs/msg/detail/vesc_imu_stamped__rosidl_typesupport_introspection_cpp.hpp
[5.598s] -- Up-to-date: /mnt/nvme0n1/f1tenth_ws/install/vesc_msgs/include/vesc_msgs/msg/detail/vesc_state_stamped__type_support.cpp
[5.598s] -- Up-to-date: /mnt/nvme0n1/f1tenth_ws/install/vesc_msgs/include/vesc_msgs/msg/detail/vesc_imu__type_support.cpp
[5.599s] -- Up-to-date: /mnt/nvme0n1/f1tenth_ws/install/vesc_msgs/include/vesc_msgs/msg/detail/vesc_state_stamped__rosidl_typesupport_introspection_cpp.hpp
[5.600s] -- Up-to-date: /mnt/nvme0n1/f1tenth_ws/install/vesc_msgs/include/vesc_msgs/msg/detail/vesc_imu_stamped__type_support.cpp
[5.600s] -- Up-to-date: /mnt/nvme0n1/f1tenth_ws/install/vesc_msgs/include/vesc_msgs/msg/detail/vesc_imu__rosidl_typesupport_introspection_cpp.hpp
[5.600s] -- Up-to-date: /mnt/nvme0n1/f1tenth_ws/install/vesc_msgs/include/vesc_msgs/msg/detail/vesc_state__rosidl_typesupport_introspection_cpp.hpp
[5.601s] -- Up-to-date: /mnt/nvme0n1/f1tenth_ws/install/vesc_msgs/lib/libvesc_msgs__rosidl_typesupport_introspection_cpp.so
[5.601s] -- Up-to-date: /mnt/nvme0n1/f1tenth_ws/install/vesc_msgs/lib/libvesc_msgs__rosidl_typesupport_cpp.so
[5.602s] -- Up-to-date: /mnt/nvme0n1/f1tenth_ws/install/vesc_msgs/share/vesc_msgs/environment/pythonpath.sh
[5.604s] -- Up-to-date: /mnt/nvme0n1/f1tenth_ws/install/vesc_msgs/share/vesc_msgs/environment/pythonpath.dsv
[5.605s] -- Up-to-date: /mnt/nvme0n1/f1tenth_ws/install/vesc_msgs/lib/python3.8/site-packages/vesc_msgs/__init__.py
[5.778s] -- Up-to-date: /mnt/nvme0n1/f1tenth_ws/install/vesc_msgs/lib/python3.8/site-packages/vesc_msgs/msg
[5.779s] -- Up-to-date: /mnt/nvme0n1/f1tenth_ws/install/vesc_msgs/lib/python3.8/site-packages/vesc_msgs/msg/__init__.py
[5.780s] -- Up-to-date: /mnt/nvme0n1/f1tenth_ws/install/vesc_msgs/lib/python3.8/site-packages/vesc_msgs/msg/_vesc_imu.py
[5.780s] -- Up-to-date: /mnt/nvme0n1/f1tenth_ws/install/vesc_msgs/lib/python3.8/site-packages/vesc_msgs/msg/_vesc_imu_s.c
[5.780s] -- Up-to-date: /mnt/nvme0n1/f1tenth_ws/install/vesc_msgs/lib/python3.8/site-packages/vesc_msgs/msg/_vesc_state.py
[5.781s] -- Up-to-date: /mnt/nvme0n1/f1tenth_ws/install/vesc_msgs/lib/python3.8/site-packages/vesc_msgs/msg/_vesc_state_stamped.py
[5.781s] -- Up-to-date: /mnt/nvme0n1/f1tenth_ws/install/vesc_msgs/lib/python3.8/site-packages/vesc_msgs/msg/_vesc_state_s.c
[5.781s] -- Up-to-date: /mnt/nvme0n1/f1tenth_ws/install/vesc_msgs/lib/python3.8/site-packages/vesc_msgs/msg/_vesc_imu_stamped.py
[5.782s] -- Up-to-date: /mnt/nvme0n1/f1tenth_ws/install/vesc_msgs/lib/python3.8/site-packages/vesc_msgs/msg/_vesc_imu_stamped_s.c
[5.782s] -- Up-to-date: /mnt/nvme0n1/f1tenth_ws/install/vesc_msgs/lib/python3.8/site-packages/vesc_msgs/msg/_vesc_state_stamped_s.c
[5.782s] -- Up-to-date: /mnt/nvme0n1/f1tenth_ws/install/vesc_msgs/lib/python3.8/site-packages/vesc_msgs/vesc_msgs_s__rosidl_typesupport_fastrtps_c.cpython-38-aarch64-linux-gnu.so
[5.796s] -- Up-to-date: /mnt/nvme0n1/f1tenth_ws/install/vesc_msgs/lib/python3.8/site-packages/vesc_msgs/vesc_msgs_s__rosidl_typesupport_introspection_c.cpython-38-aarch64-linux-gnu.so
[5.796s] -- Up-to-date: /mnt/nvme0n1/f1tenth_ws/install/vesc_msgs/lib/python3.8/site-packages/vesc_msgs/vesc_msgs_s__rosidl_typesupport_c.cpython-38-aarch64-linux-gnu.so
[5.796s] -- Up-to-date: /mnt/nvme0n1/f1tenth_ws/install/vesc_msgs/lib/libvesc_msgs__python.so
[5.797s] -- Up-to-date: /mnt/nvme0n1/f1tenth_ws/install/vesc_msgs/share/vesc_msgs/msg/VescState.idl
[5.799s] -- Up-to-date: /mnt/nvme0n1/f1tenth_ws/install/vesc_msgs/share/vesc_msgs/msg/VescStateStamped.idl
[5.800s] -- Up-to-date: /mnt/nvme0n1/f1tenth_ws/install/vesc_msgs/share/vesc_msgs/msg/VescImu.idl
[5.800s] -- Up-to-date: /mnt/nvme0n1/f1tenth_ws/install/vesc_msgs/share/vesc_msgs/msg/VescImuStamped.idl
[5.801s] -- Up-to-date: /mnt/nvme0n1/f1tenth_ws/install/vesc_msgs/share/vesc_msgs/msg/VescState.msg
[5.801s] -- Up-to-date: /mnt/nvme0n1/f1tenth_ws/install/vesc_msgs/share/vesc_msgs/msg/VescStateStamped.msg
[5.805s] -- Up-to-date: /mnt/nvme0n1/f1tenth_ws/install/vesc_msgs/share/vesc_msgs/msg/VescImu.msg
[5.806s] -- Up-to-date: /mnt/nvme0n1/f1tenth_ws/install/vesc_msgs/share/vesc_msgs/msg/VescImuStamped.msg
[5.806s] -- Up-to-date: /mnt/nvme0n1/f1tenth_ws/install/vesc_msgs/share/ament_index/resource_index/package_run_dependencies/vesc_msgs
[5.807s] -- Up-to-date: /mnt/nvme0n1/f1tenth_ws/install/vesc_msgs/share/ament_index/resource_index/parent_prefix_path/vesc_msgs
[5.810s] -- Up-to-date: /mnt/nvme0n1/f1tenth_ws/install/vesc_msgs/share/vesc_msgs/environment/ament_prefix_path.sh
[5.811s] -- Up-to-date: /mnt/nvme0n1/f1tenth_ws/install/vesc_msgs/share/vesc_msgs/environment/ament_prefix_path.dsv
[5.813s] -- Up-to-date: /mnt/nvme0n1/f1tenth_ws/install/vesc_msgs/share/vesc_msgs/environment/path.sh
[5.814s] -- Up-to-date: /mnt/nvme0n1/f1tenth_ws/install/vesc_msgs/share/vesc_msgs/environment/path.dsv
[5.815s] -- Up-to-date: /mnt/nvme0n1/f1tenth_ws/install/vesc_msgs/share/vesc_msgs/local_setup.bash
[5.815s] -- Up-to-date: /mnt/nvme0n1/f1tenth_ws/install/vesc_msgs/share/vesc_msgs/local_setup.sh
[5.815s] -- Up-to-date: /mnt/nvme0n1/f1tenth_ws/install/vesc_msgs/share/vesc_msgs/local_setup.zsh
[5.816s] -- Up-to-date: /mnt/nvme0n1/f1tenth_ws/install/vesc_msgs/share/vesc_msgs/local_setup.dsv
[5.817s] -- Installing: /mnt/nvme0n1/f1tenth_ws/install/vesc_msgs/share/vesc_msgs/package.dsv
[5.825s] -- Up-to-date: /mnt/nvme0n1/f1tenth_ws/install/vesc_msgs/share/ament_index/resource_index/packages/vesc_msgs
[5.826s] -- Up-to-date: /mnt/nvme0n1/f1tenth_ws/install/vesc_msgs/share/vesc_msgs/cmake/vesc_msgs__rosidl_generator_cExport.cmake
[5.827s] -- Up-to-date: /mnt/nvme0n1/f1tenth_ws/install/vesc_msgs/share/vesc_msgs/cmake/vesc_msgs__rosidl_generator_cExport-noconfig.cmake
[5.831s] -- Up-to-date: /mnt/nvme0n1/f1tenth_ws/install/vesc_msgs/share/vesc_msgs/cmake/vesc_msgs__rosidl_typesupport_introspection_cExport.cmake
[5.832s] -- Up-to-date: /mnt/nvme0n1/f1tenth_ws/install/vesc_msgs/share/vesc_msgs/cmake/vesc_msgs__rosidl_typesupport_introspection_cExport-noconfig.cmake
[5.836s] -- Up-to-date: /mnt/nvme0n1/f1tenth_ws/install/vesc_msgs/share/vesc_msgs/cmake/vesc_msgs__rosidl_typesupport_cExport.cmake
[5.838s] -- Up-to-date: /mnt/nvme0n1/f1tenth_ws/install/vesc_msgs/share/vesc_msgs/cmake/vesc_msgs__rosidl_typesupport_cExport-noconfig.cmake
[5.841s] -- Up-to-date: /mnt/nvme0n1/f1tenth_ws/install/vesc_msgs/share/vesc_msgs/cmake/vesc_msgs__rosidl_generator_cppExport.cmake
[5.851s] -- Up-to-date: /mnt/nvme0n1/f1tenth_ws/install/vesc_msgs/share/vesc_msgs/cmake/vesc_msgs__rosidl_typesupport_introspection_cppExport.cmake
[5.855s] -- Up-to-date: /mnt/nvme0n1/f1tenth_ws/install/vesc_msgs/share/vesc_msgs/cmake/vesc_msgs__rosidl_typesupport_introspection_cppExport-noconfig.cmake
[5.855s] -- Up-to-date: /mnt/nvme0n1/f1tenth_ws/install/vesc_msgs/share/vesc_msgs/cmake/vesc_msgs__rosidl_typesupport_cppExport.cmake
[5.855s] -- Up-to-date: /mnt/nvme0n1/f1tenth_ws/install/vesc_msgs/share/vesc_msgs/cmake/vesc_msgs__rosidl_typesupport_cppExport-noconfig.cmake
[5.856s] -- Up-to-date: /mnt/nvme0n1/f1tenth_ws/install/vesc_msgs/share/vesc_msgs/cmake/rosidl_cmake-extras.cmake
[5.856s] -- Up-to-date: /mnt/nvme0n1/f1tenth_ws/install/vesc_msgs/share/vesc_msgs/cmake/ament_cmake_export_dependencies-extras.cmake
[5.857s] -- Up-to-date: /mnt/nvme0n1/f1tenth_ws/install/vesc_msgs/share/vesc_msgs/cmake/ament_cmake_export_libraries-extras.cmake
[5.857s] -- Up-to-date: /mnt/nvme0n1/f1tenth_ws/install/vesc_msgs/share/vesc_msgs/cmake/ament_cmake_export_targets-extras.cmake
[5.858s] -- Up-to-date: /mnt/nvme0n1/f1tenth_ws/install/vesc_msgs/share/vesc_msgs/cmake/ament_cmake_export_include_directories-extras.cmake
[5.858s] -- Up-to-date: /mnt/nvme0n1/f1tenth_ws/install/vesc_msgs/share/vesc_msgs/cmake/rosidl_cmake_export_typesupport_libraries-extras.cmake
[5.859s] -- Up-to-date: /mnt/nvme0n1/f1tenth_ws/install/vesc_msgs/share/vesc_msgs/cmake/rosidl_cmake_export_typesupport_targets-extras.cmake
[5.859s] -- Up-to-date: /mnt/nvme0n1/f1tenth_ws/install/vesc_msgs/share/vesc_msgs/cmake/vesc_msgsConfig.cmake
[5.860s] -- Up-to-date: /mnt/nvme0n1/f1tenth_ws/install/vesc_msgs/share/vesc_msgs/cmake/vesc_msgsConfig-version.cmake
[5.860s] -- Up-to-date: /mnt/nvme0n1/f1tenth_ws/install/vesc_msgs/share/vesc_msgs/package.xml
[6.921s] Invoked command in '/mnt/nvme0n1/f1tenth_ws/build/vesc_msgs' returned '0': CMAKE_PREFIX_PATH=${CMAKE_PREFIX_PATH}:/home/f1tenth/f1tenth-ws/install/f1tenth_stack:/home/f1tenth/f1tenth-ws/install/joy_teleop:/home/f1tenth/f1tenth-ws/install/mouse_teleop:/home/f1tenth/f1tenth-ws/install/key_teleop:/home/f1tenth/f1tenth-ws/install/example_py:/opt/ros/foxy /usr/bin/cmake --install /mnt/nvme0n1/f1tenth_ws/build/vesc_msgs
