[2.547s] Invoking command in '/mnt/nvme0n1/f1tenth_ws/build/vesc_ackermann': AMENT_PREFIX_PATH=/mnt/nvme0n1/f1tenth_ws/install/vesc_msgs:${AMENT_PREFIX_PATH} CMAKE_PREFIX_PATH=/mnt/nvme0n1/f1tenth_ws/install/vesc_msgs:/home/f1tenth/f1tenth-ws/install/vesc:/home/f1tenth/f1tenth-ws/install/vesc_driver:/home/f1tenth/f1tenth-ws/install/vesc_ackermann:/home/f1tenth/f1tenth-ws/install/vesc_msgs:/home/f1tenth/f1tenth-ws/install/teleop_tools:/home/f1tenth/f1tenth-ws/install/teleop_tools_msgs:/home/f1tenth/f1tenth-ws/install/ackermann_mux:/home/f1tenth/f1tenth-ws/install/f1tenth_stack:/home/f1tenth/f1tenth-ws/install/joy_teleop:/home/f1tenth/f1tenth-ws/install/mouse_teleop:/home/f1tenth/f1tenth-ws/install/key_teleop:/opt/ros/foxy LD_LIBRARY_PATH=/mnt/nvme0n1/f1tenth_ws/install/vesc_msgs/lib:${LD_LIBRARY_PATH} PYTHONPATH=/mnt/nvme0n1/f1tenth_ws/install/vesc_msgs/lib/python3.8/site-packages:${PYTHONPATH} /usr/bin/cmake --build /mnt/nvme0n1/f1tenth_ws/build/vesc_ackermann -- -j4 -l4
[2.932s] [ 42%] Built target vesc_ackermann
[2.968s] [ 71%] Built target vesc_to_odom_node
[2.976s] [100%] Built target ackermann_to_vesc_node
[3.036s] Invoked command in '/mnt/nvme0n1/f1tenth_ws/build/vesc_ackermann' returned '0': AMENT_PREFIX_PATH=/mnt/nvme0n1/f1tenth_ws/install/vesc_msgs:${AMENT_PREFIX_PATH} CMAKE_PREFIX_PATH=/mnt/nvme0n1/f1tenth_ws/install/vesc_msgs:/home/f1tenth/f1tenth-ws/install/vesc:/home/f1tenth/f1tenth-ws/install/vesc_driver:/home/f1tenth/f1tenth-ws/install/vesc_ackermann:/home/f1tenth/f1tenth-ws/install/vesc_msgs:/home/f1tenth/f1tenth-ws/install/teleop_tools:/home/f1tenth/f1tenth-ws/install/teleop_tools_msgs:/home/f1tenth/f1tenth-ws/install/ackermann_mux:/home/f1tenth/f1tenth-ws/install/f1tenth_stack:/home/f1tenth/f1tenth-ws/install/joy_teleop:/home/f1tenth/f1tenth-ws/install/mouse_teleop:/home/f1tenth/f1tenth-ws/install/key_teleop:/opt/ros/foxy LD_LIBRARY_PATH=/mnt/nvme0n1/f1tenth_ws/install/vesc_msgs/lib:${LD_LIBRARY_PATH} PYTHONPATH=/mnt/nvme0n1/f1tenth_ws/install/vesc_msgs/lib/python3.8/site-packages:${PYTHONPATH} /usr/bin/cmake --build /mnt/nvme0n1/f1tenth_ws/build/vesc_ackermann -- -j4 -l4
[3.216s] Invoking command in '/mnt/nvme0n1/f1tenth_ws/build/vesc_ackermann': AMENT_PREFIX_PATH=/mnt/nvme0n1/f1tenth_ws/install/vesc_msgs:${AMENT_PREFIX_PATH} CMAKE_PREFIX_PATH=/mnt/nvme0n1/f1tenth_ws/install/vesc_msgs:/home/f1tenth/f1tenth-ws/install/vesc:/home/f1tenth/f1tenth-ws/install/vesc_driver:/home/f1tenth/f1tenth-ws/install/vesc_ackermann:/home/f1tenth/f1tenth-ws/install/vesc_msgs:/home/f1tenth/f1tenth-ws/install/teleop_tools:/home/f1tenth/f1tenth-ws/install/teleop_tools_msgs:/home/f1tenth/f1tenth-ws/install/ackermann_mux:/home/f1tenth/f1tenth-ws/install/f1tenth_stack:/home/f1tenth/f1tenth-ws/install/joy_teleop:/home/f1tenth/f1tenth-ws/install/mouse_teleop:/home/f1tenth/f1tenth-ws/install/key_teleop:/opt/ros/foxy LD_LIBRARY_PATH=/mnt/nvme0n1/f1tenth_ws/install/vesc_msgs/lib:${LD_LIBRARY_PATH} PYTHONPATH=/mnt/nvme0n1/f1tenth_ws/install/vesc_msgs/lib/python3.8/site-packages:${PYTHONPATH} /usr/bin/cmake --install /mnt/nvme0n1/f1tenth_ws/build/vesc_ackermann
[3.261s] -- Install configuration: ""
[3.262s] -- Up-to-date: /mnt/nvme0n1/f1tenth_ws/install/vesc_ackermann/lib/vesc_ackermann/ackermann_to_vesc_node
[3.265s] -- Up-to-date: /mnt/nvme0n1/f1tenth_ws/install/vesc_ackermann/lib/vesc_ackermann/vesc_to_odom_node
[3.266s] -- Up-to-date: /mnt/nvme0n1/f1tenth_ws/install/vesc_ackermann/include
[3.267s] -- Up-to-date: /mnt/nvme0n1/f1tenth_ws/install/vesc_ackermann/include/vesc_ackermann
[3.267s] -- Up-to-date: /mnt/nvme0n1/f1tenth_ws/install/vesc_ackermann/include/vesc_ackermann/vesc_to_odom.hpp
[3.267s] -- Up-to-date: /mnt/nvme0n1/f1tenth_ws/install/vesc_ackermann/include/vesc_ackermann/ackermann_to_vesc.hpp
[3.268s] -- Up-to-date: /mnt/nvme0n1/f1tenth_ws/install/vesc_ackermann/share/vesc_ackermann/environment/library_path.sh
[3.268s] -- Up-to-date: /mnt/nvme0n1/f1tenth_ws/install/vesc_ackermann/share/vesc_ackermann/environment/library_path.dsv
[3.269s] -- Up-to-date: /mnt/nvme0n1/f1tenth_ws/install/vesc_ackermann/lib/libvesc_ackermann.so
[3.271s] -- Up-to-date: /mnt/nvme0n1/f1tenth_ws/install/vesc_ackermann/share/vesc_ackermann/launch
[3.271s] -- Up-to-date: /mnt/nvme0n1/f1tenth_ws/install/vesc_ackermann/share/vesc_ackermann/launch/ackermann_to_vesc_node.launch.xml
[3.271s] -- Up-to-date: /mnt/nvme0n1/f1tenth_ws/install/vesc_ackermann/share/vesc_ackermann/launch/vesc_to_odom_node.launch.xml
[3.272s] -- Up-to-date: /mnt/nvme0n1/f1tenth_ws/install/vesc_ackermann/share/ament_index/resource_index/package_run_dependencies/vesc_ackermann
[3.273s] -- Up-to-date: /mnt/nvme0n1/f1tenth_ws/install/vesc_ackermann/share/ament_index/resource_index/parent_prefix_path/vesc_ackermann
[3.288s] -- Up-to-date: /mnt/nvme0n1/f1tenth_ws/install/vesc_ackermann/share/vesc_ackermann/environment/ament_prefix_path.sh
[3.290s] -- Up-to-date: /mnt/nvme0n1/f1tenth_ws/install/vesc_ackermann/share/vesc_ackermann/environment/ament_prefix_path.dsv
[3.290s] -- Up-to-date: /mnt/nvme0n1/f1tenth_ws/install/vesc_ackermann/share/vesc_ackermann/environment/path.sh
[3.291s] -- Up-to-date: /mnt/nvme0n1/f1tenth_ws/install/vesc_ackermann/share/vesc_ackermann/environment/path.dsv
[3.291s] -- Up-to-date: /mnt/nvme0n1/f1tenth_ws/install/vesc_ackermann/share/vesc_ackermann/local_setup.bash
[3.291s] -- Up-to-date: /mnt/nvme0n1/f1tenth_ws/install/vesc_ackermann/share/vesc_ackermann/local_setup.sh
[3.292s] -- Up-to-date: /mnt/nvme0n1/f1tenth_ws/install/vesc_ackermann/share/vesc_ackermann/local_setup.zsh
[3.292s] -- Up-to-date: /mnt/nvme0n1/f1tenth_ws/install/vesc_ackermann/share/vesc_ackermann/local_setup.dsv
[3.292s] -- Installing: /mnt/nvme0n1/f1tenth_ws/install/vesc_ackermann/share/vesc_ackermann/package.dsv
[3.296s] -- Up-to-date: /mnt/nvme0n1/f1tenth_ws/install/vesc_ackermann/share/ament_index/resource_index/packages/vesc_ackermann
[3.296s] -- Up-to-date: /mnt/nvme0n1/f1tenth_ws/install/vesc_ackermann/share/ament_index/resource_index/rclcpp_components/vesc_ackermann
[3.297s] -- Up-to-date: /mnt/nvme0n1/f1tenth_ws/install/vesc_ackermann/share/vesc_ackermann/cmake/ament_cmake_export_dependencies-extras.cmake
[3.297s] -- Up-to-date: /mnt/nvme0n1/f1tenth_ws/install/vesc_ackermann/share/vesc_ackermann/cmake/ament_cmake_export_include_directories-extras.cmake
[3.297s] -- Up-to-date: /mnt/nvme0n1/f1tenth_ws/install/vesc_ackermann/share/vesc_ackermann/cmake/ament_cmake_export_libraries-extras.cmake
[3.299s] -- Up-to-date: /mnt/nvme0n1/f1tenth_ws/install/vesc_ackermann/share/vesc_ackermann/cmake/vesc_ackermannConfig.cmake
[3.299s] -- Up-to-date: /mnt/nvme0n1/f1tenth_ws/install/vesc_ackermann/share/vesc_ackermann/cmake/vesc_ackermannConfig-version.cmake
[3.300s] -- Up-to-date: /mnt/nvme0n1/f1tenth_ws/install/vesc_ackermann/share/vesc_ackermann/package.xml
[3.316s] Invoked command in '/mnt/nvme0n1/f1tenth_ws/build/vesc_ackermann' returned '0': AMENT_PREFIX_PATH=/mnt/nvme0n1/f1tenth_ws/install/vesc_msgs:${AMENT_PREFIX_PATH} CMAKE_PREFIX_PATH=/mnt/nvme0n1/f1tenth_ws/install/vesc_msgs:/home/f1tenth/f1tenth-ws/install/vesc:/home/f1tenth/f1tenth-ws/install/vesc_driver:/home/f1tenth/f1tenth-ws/install/vesc_ackermann:/home/f1tenth/f1tenth-ws/install/vesc_msgs:/home/f1tenth/f1tenth-ws/install/teleop_tools:/home/f1tenth/f1tenth-ws/install/teleop_tools_msgs:/home/f1tenth/f1tenth-ws/install/ackermann_mux:/home/f1tenth/f1tenth-ws/install/f1tenth_stack:/home/f1tenth/f1tenth-ws/install/joy_teleop:/home/f1tenth/f1tenth-ws/install/mouse_teleop:/home/f1tenth/f1tenth-ws/install/key_teleop:/opt/ros/foxy LD_LIBRARY_PATH=/mnt/nvme0n1/f1tenth_ws/install/vesc_msgs/lib:${LD_LIBRARY_PATH} PYTHONPATH=/mnt/nvme0n1/f1tenth_ws/install/vesc_msgs/lib/python3.8/site-packages:${PYTHONPATH} /usr/bin/cmake --install /mnt/nvme0n1/f1tenth_ws/build/vesc_ackermann
