[8.989s] Invoking command in '/home/f1tenth/f1tenth-ws/src/f1tenth_mpc-main/mpc': PYTHONPATH=/home/f1tenth/f1tenth-ws/build/mpc/prefix_override:/home/f1tenth/f1tenth-ws/install/mpc/lib/python3.8/site-packages:${PYTHONPATH} /usr/bin/python3 setup.py egg_info --egg-base ../../../build/mpc build --build-base /home/f1tenth/f1tenth-ws/build/mpc/build install --record /home/f1tenth/f1tenth-ws/build/mpc/install.log --install-scripts $base/lib/mpc --single-version-externally-managed
[10.068s] running egg_info
[10.072s] writing ../../../build/mpc/mpc.egg-info/PKG-INFO
[10.075s] writing dependency_links to ../../../build/mpc/mpc.egg-info/dependency_links.txt
[10.076s] writing entry points to ../../../build/mpc/mpc.egg-info/entry_points.txt
[10.078s] writing requirements to ../../../build/mpc/mpc.egg-info/requires.txt
[10.080s] writing top-level names to ../../../build/mpc/mpc.egg-info/top_level.txt
[10.264s] reading manifest file '../../../build/mpc/mpc.egg-info/SOURCES.txt'
[10.270s] writing manifest file '../../../build/mpc/mpc.egg-info/SOURCES.txt'
[10.274s] running build
[10.277s] running build_py
[10.279s] running install
[10.281s] running install_lib
[10.290s] running install_data
[10.293s] running install_egg_info
[10.300s] removing '/home/f1tenth/f1tenth-ws/install/mpc/lib/python3.8/site-packages/mpc-0.0.0-py3.8.egg-info' (and everything under it)
[10.304s] Copying ../../../build/mpc/mpc.egg-info to /home/f1tenth/f1tenth-ws/install/mpc/lib/python3.8/site-packages/mpc-0.0.0-py3.8.egg-info
[10.311s] running install_scripts
[10.386s] Installing mpc_node script to /home/f1tenth/f1tenth-ws/install/mpc/lib/mpc
[10.392s] writing list of installed files to '/home/f1tenth/f1tenth-ws/build/mpc/install.log'
[11.804s] Invoked command in '/home/f1tenth/f1tenth-ws/src/f1tenth_mpc-main/mpc' returned '0': PYTHONPATH=/home/f1tenth/f1tenth-ws/build/mpc/prefix_override:/home/f1tenth/f1tenth-ws/install/mpc/lib/python3.8/site-packages:${PYTHONPATH} /usr/bin/python3 setup.py egg_info --egg-base ../../../build/mpc build --build-base /home/f1tenth/f1tenth-ws/build/mpc/build install --record /home/f1tenth/f1tenth-ws/build/mpc/install.log --install-scripts $base/lib/mpc --single-version-externally-managed
