[2.596s] DEBUG:colcon:Command line arguments: ['/usr/bin/colcon', 'build']
[2.597s] DEBUG:colcon:Parsed command line arguments: Namespace(allow_overriding=[], ament_cmake_args=None, base_paths=['.'], build_base='build', catkin_cmake_args=None, catkin_skip_building_tests=False, cmake_args=None, cmake_clean_cache=False, cmake_clean_first=False, cmake_force_configure=False, cmake_target=None, cmake_target_skip_unavailable=False, continue_on_error=False, event_handlers=None, executor='parallel', ignore_user_meta=False, install_base='install', log_base=None, log_level=None, main=<bound method BuildVerb.main of <colcon_core.verb.build.BuildVerb object at 0x7f9e95109d00>>, merge_install=False, metas=['./colcon.meta'], packages_above=None, packages_above_and_dependencies=None, packages_above_depth=None, packages_end=None, packages_ignore=None, packages_ignore_regex=None, packages_select=None, packages_select_build_failed=False, packages_select_by_dep=None, packages_select_regex=None, packages_select_test_failures=False, packages_skip=None, packages_skip_build_finished=False, packages_skip_by_dep=None, packages_skip_regex=None, packages_skip_test_passed=False, packages_skip_up_to=None, packages_start=None, packages_up_to=None, packages_up_to_regex=None, parallel_workers=8, paths=None, symlink_install=False, test_result_base=None, verb_extension=<colcon_core.verb.build.BuildVerb object at 0x7f9e95109d00>, verb_name='build', verb_parser=<colcon_defaults.argument_parser.defaults.DefaultArgumentsDecorator object at 0x7f9e94dc6f40>)
[2.687s] Level 1:colcon.colcon_core.package_discovery:discover_packages(colcon_meta) check parameters
[2.687s] Level 1:colcon.colcon_core.package_discovery:discover_packages(recursive) check parameters
[2.687s] Level 1:colcon.colcon_core.package_discovery:discover_packages(ignore) check parameters
[2.687s] Level 1:colcon.colcon_core.package_discovery:discover_packages(path) check parameters
[2.687s] Level 1:colcon.colcon_core.package_discovery:discover_packages(colcon_meta) discover
[2.687s] Level 1:colcon.colcon_core.package_discovery:discover_packages(recursive) discover
[2.688s] INFO:colcon.colcon_core.package_discovery:Crawling recursively for packages in '/home/william/sim_ws'
[2.688s] Level 1:colcon.colcon_core.package_identification:_identify(.) by extensions ['ignore', 'ignore_ament_install']
[2.688s] Level 1:colcon.colcon_core.package_identification:_identify(.) by extension 'ignore'
[2.688s] Level 1:colcon.colcon_core.package_identification:_identify(.) by extension 'ignore_ament_install'
[2.688s] Level 1:colcon.colcon_core.package_identification:_identify(.) by extensions ['colcon_pkg']
[2.688s] Level 1:colcon.colcon_core.package_identification:_identify(.) by extension 'colcon_pkg'
[2.688s] Level 1:colcon.colcon_core.package_identification:_identify(.) by extensions ['colcon_meta']
[2.688s] Level 1:colcon.colcon_core.package_identification:_identify(.) by extension 'colcon_meta'
[2.688s] Level 1:colcon.colcon_core.package_identification:_identify(.) by extensions ['ros']
[2.688s] Level 1:colcon.colcon_core.package_identification:_identify(.) by extension 'ros'
[2.702s] Level 1:colcon.colcon_core.package_identification:_identify(.) by extensions ['cmake', 'python']
[2.702s] Level 1:colcon.colcon_core.package_identification:_identify(.) by extension 'cmake'
[2.702s] Level 1:colcon.colcon_core.package_identification:_identify(.) by extension 'python'
[2.702s] Level 1:colcon.colcon_core.package_identification:_identify(.) by extensions ['python_setup_py']
[2.702s] Level 1:colcon.colcon_core.package_identification:_identify(.) by extension 'python_setup_py'
[2.702s] Level 1:colcon.colcon_core.package_identification:_identify(build) by extensions ['ignore', 'ignore_ament_install']
[2.702s] Level 1:colcon.colcon_core.package_identification:_identify(build) by extension 'ignore'
[2.702s] Level 1:colcon.colcon_core.package_identification:_identify(build) ignored
[2.702s] Level 1:colcon.colcon_core.package_identification:_identify(install) by extensions ['ignore', 'ignore_ament_install']
[2.702s] Level 1:colcon.colcon_core.package_identification:_identify(install) by extension 'ignore'
[2.702s] Level 1:colcon.colcon_core.package_identification:_identify(install) ignored
[2.703s] Level 1:colcon.colcon_core.package_identification:_identify(log) by extensions ['ignore', 'ignore_ament_install']
[2.703s] Level 1:colcon.colcon_core.package_identification:_identify(log) by extension 'ignore'
[2.703s] Level 1:colcon.colcon_core.package_identification:_identify(log) ignored
[2.703s] Level 1:colcon.colcon_core.package_identification:_identify(src) by extensions ['ignore', 'ignore_ament_install']
[2.703s] Level 1:colcon.colcon_core.package_identification:_identify(src) by extension 'ignore'
[2.703s] Level 1:colcon.colcon_core.package_identification:_identify(src) by extension 'ignore_ament_install'
[2.703s] Level 1:colcon.colcon_core.package_identification:_identify(src) by extensions ['colcon_pkg']
[2.703s] Level 1:colcon.colcon_core.package_identification:_identify(src) by extension 'colcon_pkg'
[2.703s] Level 1:colcon.colcon_core.package_identification:_identify(src) by extensions ['colcon_meta']
[2.703s] Level 1:colcon.colcon_core.package_identification:_identify(src) by extension 'colcon_meta'
[2.703s] Level 1:colcon.colcon_core.package_identification:_identify(src) by extensions ['ros']
[2.703s] Level 1:colcon.colcon_core.package_identification:_identify(src) by extension 'ros'
[2.703s] Level 1:colcon.colcon_core.package_identification:_identify(src) by extensions ['cmake', 'python']
[2.703s] Level 1:colcon.colcon_core.package_identification:_identify(src) by extension 'cmake'
[2.704s] Level 1:colcon.colcon_core.package_identification:_identify(src) by extension 'python'
[2.704s] Level 1:colcon.colcon_core.package_identification:_identify(src) by extensions ['python_setup_py']
[2.704s] Level 1:colcon.colcon_core.package_identification:_identify(src) by extension 'python_setup_py'
[2.704s] Level 1:colcon.colcon_core.package_identification:_identify(src/f1tenth_gym_ros) by extensions ['ignore', 'ignore_ament_install']
[2.704s] Level 1:colcon.colcon_core.package_identification:_identify(src/f1tenth_gym_ros) by extension 'ignore'
[2.704s] Level 1:colcon.colcon_core.package_identification:_identify(src/f1tenth_gym_ros) by extension 'ignore_ament_install'
[2.704s] Level 1:colcon.colcon_core.package_identification:_identify(src/f1tenth_gym_ros) by extensions ['colcon_pkg']
[2.704s] Level 1:colcon.colcon_core.package_identification:_identify(src/f1tenth_gym_ros) by extension 'colcon_pkg'
[2.704s] Level 1:colcon.colcon_core.package_identification:_identify(src/f1tenth_gym_ros) by extensions ['colcon_meta']
[2.704s] Level 1:colcon.colcon_core.package_identification:_identify(src/f1tenth_gym_ros) by extension 'colcon_meta'
[2.704s] Level 1:colcon.colcon_core.package_identification:_identify(src/f1tenth_gym_ros) by extensions ['ros']
[2.704s] Level 1:colcon.colcon_core.package_identification:_identify(src/f1tenth_gym_ros) by extension 'ros'
[2.706s] DEBUG:colcon.colcon_core.package_identification:Package 'src/f1tenth_gym_ros' with type 'ros.ament_python' and name 'f1tenth_gym_ros'
[2.706s] Level 1:colcon.colcon_core.package_identification:_identify(src/f1tenth_interfaces-main) by extensions ['ignore', 'ignore_ament_install']
[2.706s] Level 1:colcon.colcon_core.package_identification:_identify(src/f1tenth_interfaces-main) by extension 'ignore'
[2.707s] Level 1:colcon.colcon_core.package_identification:_identify(src/f1tenth_interfaces-main) by extension 'ignore_ament_install'
[2.707s] Level 1:colcon.colcon_core.package_identification:_identify(src/f1tenth_interfaces-main) by extensions ['colcon_pkg']
[2.707s] Level 1:colcon.colcon_core.package_identification:_identify(src/f1tenth_interfaces-main) by extension 'colcon_pkg'
[2.707s] Level 1:colcon.colcon_core.package_identification:_identify(src/f1tenth_interfaces-main) by extensions ['colcon_meta']
[2.707s] Level 1:colcon.colcon_core.package_identification:_identify(src/f1tenth_interfaces-main) by extension 'colcon_meta'
[2.707s] Level 1:colcon.colcon_core.package_identification:_identify(src/f1tenth_interfaces-main) by extensions ['ros']
[2.707s] Level 1:colcon.colcon_core.package_identification:_identify(src/f1tenth_interfaces-main) by extension 'ros'
[2.707s] DEBUG:colcon.colcon_core.package_identification:Package 'src/f1tenth_interfaces-main' with type 'ros.ament_cmake' and name 'interfaces_hot_wheels'
[2.707s] Level 1:colcon.colcon_core.package_identification:_identify(src/f1tenth_mpc-main) by extensions ['ignore', 'ignore_ament_install']
[2.707s] Level 1:colcon.colcon_core.package_identification:_identify(src/f1tenth_mpc-main) by extension 'ignore'
[2.708s] Level 1:colcon.colcon_core.package_identification:_identify(src/f1tenth_mpc-main) by extension 'ignore_ament_install'
[2.708s] Level 1:colcon.colcon_core.package_identification:_identify(src/f1tenth_mpc-main) by extensions ['colcon_pkg']
[2.708s] Level 1:colcon.colcon_core.package_identification:_identify(src/f1tenth_mpc-main) by extension 'colcon_pkg'
[2.708s] Level 1:colcon.colcon_core.package_identification:_identify(src/f1tenth_mpc-main) by extensions ['colcon_meta']
[2.708s] Level 1:colcon.colcon_core.package_identification:_identify(src/f1tenth_mpc-main) by extension 'colcon_meta'
[2.708s] Level 1:colcon.colcon_core.package_identification:_identify(src/f1tenth_mpc-main) by extensions ['ros']
[2.708s] Level 1:colcon.colcon_core.package_identification:_identify(src/f1tenth_mpc-main) by extension 'ros'
[2.708s] Level 1:colcon.colcon_core.package_identification:_identify(src/f1tenth_mpc-main) by extensions ['cmake', 'python']
[2.708s] Level 1:colcon.colcon_core.package_identification:_identify(src/f1tenth_mpc-main) by extension 'cmake'
[2.708s] Level 1:colcon.colcon_core.package_identification:_identify(src/f1tenth_mpc-main) by extension 'python'
[2.708s] Level 1:colcon.colcon_core.package_identification:_identify(src/f1tenth_mpc-main) by extensions ['python_setup_py']
[2.708s] Level 1:colcon.colcon_core.package_identification:_identify(src/f1tenth_mpc-main) by extension 'python_setup_py'
[2.708s] Level 1:colcon.colcon_core.package_identification:_identify(src/f1tenth_mpc-main/mpc) by extensions ['ignore', 'ignore_ament_install']
[2.708s] Level 1:colcon.colcon_core.package_identification:_identify(src/f1tenth_mpc-main/mpc) by extension 'ignore'
[2.708s] Level 1:colcon.colcon_core.package_identification:_identify(src/f1tenth_mpc-main/mpc) by extension 'ignore_ament_install'
[2.708s] Level 1:colcon.colcon_core.package_identification:_identify(src/f1tenth_mpc-main/mpc) by extensions ['colcon_pkg']
[2.708s] Level 1:colcon.colcon_core.package_identification:_identify(src/f1tenth_mpc-main/mpc) by extension 'colcon_pkg'
[2.708s] Level 1:colcon.colcon_core.package_identification:_identify(src/f1tenth_mpc-main/mpc) by extensions ['colcon_meta']
[2.708s] Level 1:colcon.colcon_core.package_identification:_identify(src/f1tenth_mpc-main/mpc) by extension 'colcon_meta'
[2.708s] Level 1:colcon.colcon_core.package_identification:_identify(src/f1tenth_mpc-main/mpc) by extensions ['ros']
[2.708s] Level 1:colcon.colcon_core.package_identification:_identify(src/f1tenth_mpc-main/mpc) by extension 'ros'
[2.710s] DEBUG:colcon.colcon_core.package_identification:Package 'src/f1tenth_mpc-main/mpc' with type 'ros.ament_cmake' and name 'mpc'
[2.710s] Level 1:colcon.colcon_core.package_identification:_identify(src/f1tenth_slam_pure_pursuit-main) by extensions ['ignore', 'ignore_ament_install']
[2.710s] Level 1:colcon.colcon_core.package_identification:_identify(src/f1tenth_slam_pure_pursuit-main) by extension 'ignore'
[2.710s] Level 1:colcon.colcon_core.package_identification:_identify(src/f1tenth_slam_pure_pursuit-main) by extension 'ignore_ament_install'
[2.710s] Level 1:colcon.colcon_core.package_identification:_identify(src/f1tenth_slam_pure_pursuit-main) by extensions ['colcon_pkg']
[2.710s] Level 1:colcon.colcon_core.package_identification:_identify(src/f1tenth_slam_pure_pursuit-main) by extension 'colcon_pkg'
[2.711s] Level 1:colcon.colcon_core.package_identification:_identify(src/f1tenth_slam_pure_pursuit-main) by extensions ['colcon_meta']
[2.711s] Level 1:colcon.colcon_core.package_identification:_identify(src/f1tenth_slam_pure_pursuit-main) by extension 'colcon_meta'
[2.711s] Level 1:colcon.colcon_core.package_identification:_identify(src/f1tenth_slam_pure_pursuit-main) by extensions ['ros']
[2.711s] Level 1:colcon.colcon_core.package_identification:_identify(src/f1tenth_slam_pure_pursuit-main) by extension 'ros'
[2.711s] Level 1:colcon.colcon_core.package_identification:_identify(src/f1tenth_slam_pure_pursuit-main) by extensions ['cmake', 'python']
[2.711s] Level 1:colcon.colcon_core.package_identification:_identify(src/f1tenth_slam_pure_pursuit-main) by extension 'cmake'
[2.711s] Level 1:colcon.colcon_core.package_identification:_identify(src/f1tenth_slam_pure_pursuit-main) by extension 'python'
[2.711s] Level 1:colcon.colcon_core.package_identification:_identify(src/f1tenth_slam_pure_pursuit-main) by extensions ['python_setup_py']
[2.711s] Level 1:colcon.colcon_core.package_identification:_identify(src/f1tenth_slam_pure_pursuit-main) by extension 'python_setup_py'
[2.711s] Level 1:colcon.colcon_core.package_identification:_identify(src/f1tenth_slam_pure_pursuit-main/pure_pursuit) by extensions ['ignore', 'ignore_ament_install']
[2.711s] Level 1:colcon.colcon_core.package_identification:_identify(src/f1tenth_slam_pure_pursuit-main/pure_pursuit) by extension 'ignore'
[2.711s] Level 1:colcon.colcon_core.package_identification:_identify(src/f1tenth_slam_pure_pursuit-main/pure_pursuit) by extension 'ignore_ament_install'
[2.711s] Level 1:colcon.colcon_core.package_identification:_identify(src/f1tenth_slam_pure_pursuit-main/pure_pursuit) by extensions ['colcon_pkg']
[2.711s] Level 1:colcon.colcon_core.package_identification:_identify(src/f1tenth_slam_pure_pursuit-main/pure_pursuit) by extension 'colcon_pkg'
[2.711s] Level 1:colcon.colcon_core.package_identification:_identify(src/f1tenth_slam_pure_pursuit-main/pure_pursuit) by extensions ['colcon_meta']
[2.711s] Level 1:colcon.colcon_core.package_identification:_identify(src/f1tenth_slam_pure_pursuit-main/pure_pursuit) by extension 'colcon_meta'
[2.711s] Level 1:colcon.colcon_core.package_identification:_identify(src/f1tenth_slam_pure_pursuit-main/pure_pursuit) by extensions ['ros']
[2.711s] Level 1:colcon.colcon_core.package_identification:_identify(src/f1tenth_slam_pure_pursuit-main/pure_pursuit) by extension 'ros'
[2.712s] DEBUG:colcon.colcon_core.package_identification:Package 'src/f1tenth_slam_pure_pursuit-main/pure_pursuit' with type 'ros.ament_cmake' and name 'pure_pursuit'
[2.712s] Level 1:colcon.colcon_core.package_identification:_identify(src/particle_filter) by extensions ['ignore', 'ignore_ament_install']
[2.713s] Level 1:colcon.colcon_core.package_identification:_identify(src/particle_filter) by extension 'ignore'
[2.713s] Level 1:colcon.colcon_core.package_identification:_identify(src/particle_filter) by extension 'ignore_ament_install'
[2.713s] Level 1:colcon.colcon_core.package_identification:_identify(src/particle_filter) by extensions ['colcon_pkg']
[2.713s] Level 1:colcon.colcon_core.package_identification:_identify(src/particle_filter) by extension 'colcon_pkg'
[2.713s] Level 1:colcon.colcon_core.package_identification:_identify(src/particle_filter) by extensions ['colcon_meta']
[2.713s] Level 1:colcon.colcon_core.package_identification:_identify(src/particle_filter) by extension 'colcon_meta'
[2.713s] Level 1:colcon.colcon_core.package_identification:_identify(src/particle_filter) by extensions ['ros']
[2.713s] Level 1:colcon.colcon_core.package_identification:_identify(src/particle_filter) by extension 'ros'
[2.714s] DEBUG:colcon.colcon_core.package_identification:Package 'src/particle_filter' with type 'ros.ament_python' and name 'particle_filter'
[2.714s] Level 1:colcon.colcon_core.package_identification:_identify(src/range_libc) by extensions ['ignore', 'ignore_ament_install']
[2.714s] Level 1:colcon.colcon_core.package_identification:_identify(src/range_libc) by extension 'ignore'
[2.714s] Level 1:colcon.colcon_core.package_identification:_identify(src/range_libc) by extension 'ignore_ament_install'
[2.714s] Level 1:colcon.colcon_core.package_identification:_identify(src/range_libc) by extensions ['colcon_pkg']
[2.714s] Level 1:colcon.colcon_core.package_identification:_identify(src/range_libc) by extension 'colcon_pkg'
[2.714s] Level 1:colcon.colcon_core.package_identification:_identify(src/range_libc) by extensions ['colcon_meta']
[2.714s] Level 1:colcon.colcon_core.package_identification:_identify(src/range_libc) by extension 'colcon_meta'
[2.714s] Level 1:colcon.colcon_core.package_identification:_identify(src/range_libc) by extensions ['ros']
[2.714s] Level 1:colcon.colcon_core.package_identification:_identify(src/range_libc) by extension 'ros'
[2.715s] Level 1:colcon.colcon_core.package_identification:_identify(src/range_libc) by extensions ['cmake', 'python']
[2.715s] Level 1:colcon.colcon_core.package_identification:_identify(src/range_libc) by extension 'cmake'
[2.719s] Level 1:colcon.colcon_core.package_identification:_identify(src/range_libc) by extension 'python'
[2.719s] DEBUG:colcon.colcon_core.package_identification:Package 'src/range_libc' with type 'cmake' and name 'range_lib'
[2.719s] Level 1:colcon.colcon_core.package_discovery:discover_packages(recursive) using defaults
[2.720s] Level 1:colcon.colcon_core.package_discovery:discover_packages(ignore) discover
[2.720s] Level 1:colcon.colcon_core.package_discovery:discover_packages(ignore) using defaults
[2.720s] Level 1:colcon.colcon_core.package_discovery:discover_packages(path) discover
[2.720s] Level 1:colcon.colcon_core.package_discovery:discover_packages(path) using defaults
[2.800s] Level 1:colcon.colcon_core.package_discovery:discover_packages(prefix_path) check parameters
[2.800s] Level 1:colcon.colcon_core.package_discovery:discover_packages(prefix_path) discover
[2.824s] DEBUG:colcon.colcon_installed_package_information.package_discovery:Found 6 installed packages in /home/william/sim_ws/install
[2.836s] DEBUG:colcon.colcon_installed_package_information.package_discovery:Found 308 installed packages in /opt/ros/foxy
[2.837s] Level 1:colcon.colcon_core.package_discovery:discover_packages(prefix_path) using defaults
[2.906s] Level 5:colcon.colcon_core.verb:set package 'f1tenth_gym_ros' build argument 'cmake_args' from command line to 'None'
[2.906s] Level 5:colcon.colcon_core.verb:set package 'f1tenth_gym_ros' build argument 'cmake_target' from command line to 'None'
[2.906s] Level 5:colcon.colcon_core.verb:set package 'f1tenth_gym_ros' build argument 'cmake_target_skip_unavailable' from command line to 'False'
[2.906s] Level 5:colcon.colcon_core.verb:set package 'f1tenth_gym_ros' build argument 'cmake_clean_cache' from command line to 'False'
[2.906s] Level 5:colcon.colcon_core.verb:set package 'f1tenth_gym_ros' build argument 'cmake_clean_first' from command line to 'False'
[2.906s] Level 5:colcon.colcon_core.verb:set package 'f1tenth_gym_ros' build argument 'cmake_force_configure' from command line to 'False'
[2.906s] Level 5:colcon.colcon_core.verb:set package 'f1tenth_gym_ros' build argument 'ament_cmake_args' from command line to 'None'
[2.907s] Level 5:colcon.colcon_core.verb:set package 'f1tenth_gym_ros' build argument 'catkin_cmake_args' from command line to 'None'
[2.907s] Level 5:colcon.colcon_core.verb:set package 'f1tenth_gym_ros' build argument 'catkin_skip_building_tests' from command line to 'False'
[2.907s] DEBUG:colcon.colcon_core.verb:Building package 'f1tenth_gym_ros' with the following arguments: {'ament_cmake_args': None, 'build_base': '/home/william/sim_ws/build/f1tenth_gym_ros', 'catkin_cmake_args': None, 'catkin_skip_building_tests': False, 'cmake_args': None, 'cmake_clean_cache': False, 'cmake_clean_first': False, 'cmake_force_configure': False, 'cmake_target': None, 'cmake_target_skip_unavailable': False, 'install_base': '/home/william/sim_ws/install/f1tenth_gym_ros', 'merge_install': False, 'path': '/home/william/sim_ws/src/f1tenth_gym_ros', 'symlink_install': False, 'test_result_base': None}
[2.918s] Level 5:colcon.colcon_core.verb:set package 'interfaces_hot_wheels' build argument 'cmake_args' from command line to 'None'
[2.918s] Level 5:colcon.colcon_core.verb:set package 'interfaces_hot_wheels' build argument 'cmake_target' from command line to 'None'
[2.918s] Level 5:colcon.colcon_core.verb:set package 'interfaces_hot_wheels' build argument 'cmake_target_skip_unavailable' from command line to 'False'
[2.918s] Level 5:colcon.colcon_core.verb:set package 'interfaces_hot_wheels' build argument 'cmake_clean_cache' from command line to 'False'
[2.918s] Level 5:colcon.colcon_core.verb:set package 'interfaces_hot_wheels' build argument 'cmake_clean_first' from command line to 'False'
[2.918s] Level 5:colcon.colcon_core.verb:set package 'interfaces_hot_wheels' build argument 'cmake_force_configure' from command line to 'False'
[2.918s] Level 5:colcon.colcon_core.verb:set package 'interfaces_hot_wheels' build argument 'ament_cmake_args' from command line to 'None'
[2.918s] Level 5:colcon.colcon_core.verb:set package 'interfaces_hot_wheels' build argument 'catkin_cmake_args' from command line to 'None'
[2.918s] Level 5:colcon.colcon_core.verb:set package 'interfaces_hot_wheels' build argument 'catkin_skip_building_tests' from command line to 'False'
[2.918s] DEBUG:colcon.colcon_core.verb:Building package 'interfaces_hot_wheels' with the following arguments: {'ament_cmake_args': None, 'build_base': '/home/william/sim_ws/build/interfaces_hot_wheels', 'catkin_cmake_args': None, 'catkin_skip_building_tests': False, 'cmake_args': None, 'cmake_clean_cache': False, 'cmake_clean_first': False, 'cmake_force_configure': False, 'cmake_target': None, 'cmake_target_skip_unavailable': False, 'install_base': '/home/william/sim_ws/install/interfaces_hot_wheels', 'merge_install': False, 'path': '/home/william/sim_ws/src/f1tenth_interfaces-main', 'symlink_install': False, 'test_result_base': None}
[2.929s] Level 5:colcon.colcon_core.verb:set package 'mpc' build argument 'cmake_args' from command line to 'None'
[2.929s] Level 5:colcon.colcon_core.verb:set package 'mpc' build argument 'cmake_target' from command line to 'None'
[2.929s] Level 5:colcon.colcon_core.verb:set package 'mpc' build argument 'cmake_target_skip_unavailable' from command line to 'False'
[2.929s] Level 5:colcon.colcon_core.verb:set package 'mpc' build argument 'cmake_clean_cache' from command line to 'False'
[2.929s] Level 5:colcon.colcon_core.verb:set package 'mpc' build argument 'cmake_clean_first' from command line to 'False'
[2.929s] Level 5:colcon.colcon_core.verb:set package 'mpc' build argument 'cmake_force_configure' from command line to 'False'
[2.929s] Level 5:colcon.colcon_core.verb:set package 'mpc' build argument 'ament_cmake_args' from command line to 'None'
[2.929s] Level 5:colcon.colcon_core.verb:set package 'mpc' build argument 'catkin_cmake_args' from command line to 'None'
[2.929s] Level 5:colcon.colcon_core.verb:set package 'mpc' build argument 'catkin_skip_building_tests' from command line to 'False'
[2.930s] DEBUG:colcon.colcon_core.verb:Building package 'mpc' with the following arguments: {'ament_cmake_args': None, 'build_base': '/home/william/sim_ws/build/mpc', 'catkin_cmake_args': None, 'catkin_skip_building_tests': False, 'cmake_args': None, 'cmake_clean_cache': False, 'cmake_clean_first': False, 'cmake_force_configure': False, 'cmake_target': None, 'cmake_target_skip_unavailable': False, 'install_base': '/home/william/sim_ws/install/mpc', 'merge_install': False, 'path': '/home/william/sim_ws/src/f1tenth_mpc-main/mpc', 'symlink_install': False, 'test_result_base': None}
[2.941s] Level 5:colcon.colcon_core.verb:set package 'particle_filter' build argument 'cmake_args' from command line to 'None'
[2.941s] Level 5:colcon.colcon_core.verb:set package 'particle_filter' build argument 'cmake_target' from command line to 'None'
[2.941s] Level 5:colcon.colcon_core.verb:set package 'particle_filter' build argument 'cmake_target_skip_unavailable' from command line to 'False'
[2.941s] Level 5:colcon.colcon_core.verb:set package 'particle_filter' build argument 'cmake_clean_cache' from command line to 'False'
[2.941s] Level 5:colcon.colcon_core.verb:set package 'particle_filter' build argument 'cmake_clean_first' from command line to 'False'
[2.941s] Level 5:colcon.colcon_core.verb:set package 'particle_filter' build argument 'cmake_force_configure' from command line to 'False'
[2.941s] Level 5:colcon.colcon_core.verb:set package 'particle_filter' build argument 'ament_cmake_args' from command line to 'None'
[2.941s] Level 5:colcon.colcon_core.verb:set package 'particle_filter' build argument 'catkin_cmake_args' from command line to 'None'
[2.941s] Level 5:colcon.colcon_core.verb:set package 'particle_filter' build argument 'catkin_skip_building_tests' from command line to 'False'
[2.941s] DEBUG:colcon.colcon_core.verb:Building package 'particle_filter' with the following arguments: {'ament_cmake_args': None, 'build_base': '/home/william/sim_ws/build/particle_filter', 'catkin_cmake_args': None, 'catkin_skip_building_tests': False, 'cmake_args': None, 'cmake_clean_cache': False, 'cmake_clean_first': False, 'cmake_force_configure': False, 'cmake_target': None, 'cmake_target_skip_unavailable': False, 'install_base': '/home/william/sim_ws/install/particle_filter', 'merge_install': False, 'path': '/home/william/sim_ws/src/particle_filter', 'symlink_install': False, 'test_result_base': None}
[2.952s] Level 5:colcon.colcon_core.verb:set package 'range_lib' build argument 'cmake_args' from command line to 'None'
[2.952s] Level 5:colcon.colcon_core.verb:set package 'range_lib' build argument 'cmake_target' from command line to 'None'
[2.952s] Level 5:colcon.colcon_core.verb:set package 'range_lib' build argument 'cmake_target_skip_unavailable' from command line to 'False'
[2.952s] Level 5:colcon.colcon_core.verb:set package 'range_lib' build argument 'cmake_clean_cache' from command line to 'False'
[2.952s] Level 5:colcon.colcon_core.verb:set package 'range_lib' build argument 'cmake_clean_first' from command line to 'False'
[2.952s] Level 5:colcon.colcon_core.verb:set package 'range_lib' build argument 'cmake_force_configure' from command line to 'False'
[2.952s] Level 5:colcon.colcon_core.verb:set package 'range_lib' build argument 'ament_cmake_args' from command line to 'None'
[2.952s] Level 5:colcon.colcon_core.verb:set package 'range_lib' build argument 'catkin_cmake_args' from command line to 'None'
[2.952s] Level 5:colcon.colcon_core.verb:set package 'range_lib' build argument 'catkin_skip_building_tests' from command line to 'False'
[2.953s] DEBUG:colcon.colcon_core.verb:Building package 'range_lib' with the following arguments: {'ament_cmake_args': None, 'build_base': '/home/william/sim_ws/build/range_lib', 'catkin_cmake_args': None, 'catkin_skip_building_tests': False, 'cmake_args': None, 'cmake_clean_cache': False, 'cmake_clean_first': False, 'cmake_force_configure': False, 'cmake_target': None, 'cmake_target_skip_unavailable': False, 'install_base': '/home/william/sim_ws/install/range_lib', 'merge_install': False, 'path': '/home/william/sim_ws/src/range_libc', 'symlink_install': False, 'test_result_base': None}
[2.964s] Level 5:colcon.colcon_core.verb:set package 'pure_pursuit' build argument 'cmake_args' from command line to 'None'
[2.964s] Level 5:colcon.colcon_core.verb:set package 'pure_pursuit' build argument 'cmake_target' from command line to 'None'
[2.965s] Level 5:colcon.colcon_core.verb:set package 'pure_pursuit' build argument 'cmake_target_skip_unavailable' from command line to 'False'
[2.965s] Level 5:colcon.colcon_core.verb:set package 'pure_pursuit' build argument 'cmake_clean_cache' from command line to 'False'
[2.965s] Level 5:colcon.colcon_core.verb:set package 'pure_pursuit' build argument 'cmake_clean_first' from command line to 'False'
[2.965s] Level 5:colcon.colcon_core.verb:set package 'pure_pursuit' build argument 'cmake_force_configure' from command line to 'False'
[2.965s] Level 5:colcon.colcon_core.verb:set package 'pure_pursuit' build argument 'ament_cmake_args' from command line to 'None'
[2.965s] Level 5:colcon.colcon_core.verb:set package 'pure_pursuit' build argument 'catkin_cmake_args' from command line to 'None'
[2.965s] Level 5:colcon.colcon_core.verb:set package 'pure_pursuit' build argument 'catkin_skip_building_tests' from command line to 'False'
[2.965s] DEBUG:colcon.colcon_core.verb:Building package 'pure_pursuit' with the following arguments: {'ament_cmake_args': None, 'build_base': '/home/william/sim_ws/build/pure_pursuit', 'catkin_cmake_args': None, 'catkin_skip_building_tests': False, 'cmake_args': None, 'cmake_clean_cache': False, 'cmake_clean_first': False, 'cmake_force_configure': False, 'cmake_target': None, 'cmake_target_skip_unavailable': False, 'install_base': '/home/william/sim_ws/install/pure_pursuit', 'merge_install': False, 'path': '/home/william/sim_ws/src/f1tenth_slam_pure_pursuit-main/pure_pursuit', 'symlink_install': False, 'test_result_base': None}
[2.976s] INFO:colcon.colcon_core.executor:Executing jobs using 'parallel' executor
[2.988s] DEBUG:colcon.colcon_parallel_executor.executor.parallel:run_until_complete
[2.988s] INFO:colcon.colcon_ros.task.ament_cmake.build:Building ROS package in '/home/william/sim_ws/src/f1tenth_interfaces-main' with build type 'ament_cmake'
[2.988s] INFO:colcon.colcon_cmake.task.cmake.build:Building CMake package in '/home/william/sim_ws/src/f1tenth_interfaces-main'
[3.002s] INFO:colcon.colcon_core.plugin_system:Skipping extension 'colcon_core.shell.bat': Not used on non-Windows systems
[3.002s] INFO:colcon.colcon_core.shell:Skip shell extension 'powershell' for command environment: Not usable outside of PowerShell
[3.002s] DEBUG:colcon.colcon_core.shell:Skip shell extension 'dsv' for command environment
[3.042s] INFO:colcon.colcon_ros.task.ament_python.build:Building ROS package in '/home/william/sim_ws/src/f1tenth_gym_ros' with build type 'ament_python'
[3.042s] Level 1:colcon.colcon_core.shell:create_environment_hook('f1tenth_gym_ros', 'ament_prefix_path')
[3.056s] INFO:colcon.colcon_core.shell:Creating environment hook '/home/william/sim_ws/install/f1tenth_gym_ros/share/f1tenth_gym_ros/hook/ament_prefix_path.ps1'
[3.056s] INFO:colcon.colcon_core.shell:Creating environment descriptor '/home/william/sim_ws/install/f1tenth_gym_ros/share/f1tenth_gym_ros/hook/ament_prefix_path.dsv'
[3.057s] INFO:colcon.colcon_core.shell:Creating environment hook '/home/william/sim_ws/install/f1tenth_gym_ros/share/f1tenth_gym_ros/hook/ament_prefix_path.sh'
[3.070s] INFO:colcon.colcon_core.shell:Skip shell extension 'powershell' for command environment: Not usable outside of PowerShell
[3.070s] DEBUG:colcon.colcon_core.shell:Skip shell extension 'dsv' for command environment
[3.109s] INFO:colcon.colcon_ros.task.ament_cmake.build:Building ROS package in '/home/william/sim_ws/src/f1tenth_mpc-main/mpc' with build type 'ament_cmake'
[3.109s] INFO:colcon.colcon_cmake.task.cmake.build:Building CMake package in '/home/william/sim_ws/src/f1tenth_mpc-main/mpc'
[3.123s] INFO:colcon.colcon_core.shell:Skip shell extension 'powershell' for command environment: Not usable outside of PowerShell
[3.123s] DEBUG:colcon.colcon_core.shell:Skip shell extension 'dsv' for command environment
[3.162s] INFO:colcon.colcon_ros.task.ament_python.build:Building ROS package in '/home/william/sim_ws/src/particle_filter' with build type 'ament_python'
[3.162s] Level 1:colcon.colcon_core.shell:create_environment_hook('particle_filter', 'ament_prefix_path')
[3.175s] INFO:colcon.colcon_core.shell:Creating environment hook '/home/william/sim_ws/install/particle_filter/share/particle_filter/hook/ament_prefix_path.ps1'
[3.176s] INFO:colcon.colcon_core.shell:Creating environment descriptor '/home/william/sim_ws/install/particle_filter/share/particle_filter/hook/ament_prefix_path.dsv'
[3.176s] INFO:colcon.colcon_core.shell:Creating environment hook '/home/william/sim_ws/install/particle_filter/share/particle_filter/hook/ament_prefix_path.sh'
[3.193s] INFO:colcon.colcon_core.shell:Skip shell extension 'powershell' for command environment: Not usable outside of PowerShell
[3.194s] DEBUG:colcon.colcon_core.shell:Skip shell extension 'dsv' for command environment
[3.237s] INFO:colcon.colcon_cmake.task.cmake.build:Building CMake package in '/home/william/sim_ws/src/range_libc'
[3.252s] INFO:colcon.colcon_core.shell:Skip shell extension 'powershell' for command environment: Not usable outside of PowerShell
[3.252s] DEBUG:colcon.colcon_core.shell:Skip shell extension 'dsv' for command environment
[3.310s] DEBUG:colcon.colcon_core.event_handler.log_command:Invoking command in '/home/william/sim_ws/build/interfaces_hot_wheels': CMAKE_PREFIX_PATH=${CMAKE_PREFIX_PATH}:/home/william/sim_ws/install/particle_filter:/home/william/sim_ws/install/f1tenth_gym_ros:/opt/ros/foxy /usr/bin/cmake --build /home/william/sim_ws/build/interfaces_hot_wheels -- -j8 -l8
[3.532s] INFO:colcon.colcon_core.task.python.build:Building Python package in '/home/william/sim_ws/src/f1tenth_gym_ros'
[3.545s] INFO:colcon.colcon_core.shell:Skip shell extension 'powershell' for command environment: Not usable outside of PowerShell
[3.545s] DEBUG:colcon.colcon_core.shell:Skip shell extension 'dsv' for command environment
[3.589s] DEBUG:colcon.colcon_core.event_handler.log_command:Invoking command in '/home/william/sim_ws/build/mpc': CMAKE_PREFIX_PATH=${CMAKE_PREFIX_PATH}:/home/william/sim_ws/install/particle_filter:/home/william/sim_ws/install/f1tenth_gym_ros:/opt/ros/foxy /usr/bin/cmake --build /home/william/sim_ws/build/mpc -- -j8 -l8
[3.785s] INFO:colcon.colcon_core.task.python.build:Building Python package in '/home/william/sim_ws/src/particle_filter'
[3.797s] INFO:colcon.colcon_core.shell:Skip shell extension 'powershell' for command environment: Not usable outside of PowerShell
[3.797s] DEBUG:colcon.colcon_core.shell:Skip shell extension 'dsv' for command environment
[3.844s] DEBUG:colcon.colcon_core.event_handler.log_command:Invoking command in '/home/william/sim_ws/build/range_lib': /usr/bin/cmake --build /home/william/sim_ws/build/range_lib -- -j8 -l8
[3.855s] DEBUG:colcon.colcon_core.event_handler.log_command:Invoked command in '/home/william/sim_ws/build/interfaces_hot_wheels' returned '0': CMAKE_PREFIX_PATH=${CMAKE_PREFIX_PATH}:/home/william/sim_ws/install/particle_filter:/home/william/sim_ws/install/f1tenth_gym_ros:/opt/ros/foxy /usr/bin/cmake --build /home/william/sim_ws/build/interfaces_hot_wheels -- -j8 -l8
[3.856s] DEBUG:colcon.colcon_core.event_handler.log_command:Invoked command in '/home/william/sim_ws/build/mpc' returned '0': CMAKE_PREFIX_PATH=${CMAKE_PREFIX_PATH}:/home/william/sim_ws/install/particle_filter:/home/william/sim_ws/install/f1tenth_gym_ros:/opt/ros/foxy /usr/bin/cmake --build /home/william/sim_ws/build/mpc -- -j8 -l8
[3.889s] DEBUG:colcon.colcon_core.event_handler.log_command:Invoking command in '/home/william/sim_ws/build/mpc': CMAKE_PREFIX_PATH=${CMAKE_PREFIX_PATH}:/home/william/sim_ws/install/particle_filter:/home/william/sim_ws/install/f1tenth_gym_ros:/opt/ros/foxy /usr/bin/cmake --install /home/william/sim_ws/build/mpc
[3.902s] DEBUG:colcon.colcon_core.event_handler.log_command:Invoking command in '/home/william/sim_ws/build/interfaces_hot_wheels': CMAKE_PREFIX_PATH=${CMAKE_PREFIX_PATH}:/home/william/sim_ws/install/particle_filter:/home/william/sim_ws/install/f1tenth_gym_ros:/opt/ros/foxy /usr/bin/cmake --install /home/william/sim_ws/build/interfaces_hot_wheels
[3.951s] Level 1:colcon.colcon_core.environment:create_environment_scripts_only(mpc)
[3.953s] DEBUG:colcon.colcon_core.event_handler.log_command:Invoked command in '/home/william/sim_ws/build/mpc' returned '0': CMAKE_PREFIX_PATH=${CMAKE_PREFIX_PATH}:/home/william/sim_ws/install/particle_filter:/home/william/sim_ws/install/f1tenth_gym_ros:/opt/ros/foxy /usr/bin/cmake --install /home/william/sim_ws/build/mpc
[3.984s] Level 1:colcon.colcon_core.environment:checking '/home/william/sim_ws/install/mpc' for CMake module files
[3.985s] Level 1:colcon.colcon_core.environment:checking '/home/william/sim_ws/install/mpc' for CMake config files
[3.985s] Level 1:colcon.colcon_core.shell:create_environment_hook('mpc', 'cmake_prefix_path')
[4.006s] INFO:colcon.colcon_core.shell:Creating environment hook '/home/william/sim_ws/install/mpc/share/mpc/hook/cmake_prefix_path.ps1'
[4.007s] INFO:colcon.colcon_core.shell:Creating environment descriptor '/home/william/sim_ws/install/mpc/share/mpc/hook/cmake_prefix_path.dsv'
[4.008s] INFO:colcon.colcon_core.shell:Creating environment hook '/home/william/sim_ws/install/mpc/share/mpc/hook/cmake_prefix_path.sh'
[4.008s] Level 1:colcon.colcon_core.environment:checking '/home/william/sim_ws/install/mpc/lib'
[4.009s] Level 1:colcon.colcon_core.environment:checking '/home/william/sim_ws/install/mpc/bin'
[4.009s] Level 1:colcon.colcon_core.environment:checking '/home/william/sim_ws/install/mpc/lib/pkgconfig/mpc.pc'
[4.009s] Level 1:colcon.colcon_core.environment:checking '/home/william/sim_ws/install/mpc/lib/python3.8/site-packages'
[4.009s] Level 1:colcon.colcon_core.shell:create_environment_hook('mpc', 'pythonpath')
[4.031s] INFO:colcon.colcon_core.shell:Creating environment hook '/home/william/sim_ws/install/mpc/share/mpc/hook/pythonpath.ps1'
[4.032s] INFO:colcon.colcon_core.shell:Creating environment descriptor '/home/william/sim_ws/install/mpc/share/mpc/hook/pythonpath.dsv'
[4.032s] INFO:colcon.colcon_core.shell:Creating environment hook '/home/william/sim_ws/install/mpc/share/mpc/hook/pythonpath.sh'
[4.033s] Level 1:colcon.colcon_core.environment:checking '/home/william/sim_ws/install/mpc/bin'
[4.055s] INFO:colcon.colcon_core.shell:Creating package script '/home/william/sim_ws/install/mpc/share/mpc/package.ps1'
[4.056s] INFO:colcon.colcon_core.shell:Creating package descriptor '/home/william/sim_ws/install/mpc/share/mpc/package.dsv'
[4.057s] INFO:colcon.colcon_core.shell:Creating package script '/home/william/sim_ws/install/mpc/share/mpc/package.sh'
[4.058s] INFO:colcon.colcon_core.shell:Creating package script '/home/william/sim_ws/install/mpc/share/mpc/package.bash'
[4.059s] INFO:colcon.colcon_core.shell:Creating package script '/home/william/sim_ws/install/mpc/share/mpc/package.zsh'
[4.059s] Level 1:colcon.colcon_core.environment:create_file_with_runtime_dependencies(/home/william/sim_ws/install/mpc/share/colcon-core/packages/mpc)
[4.063s] Level 1:colcon.colcon_core.environment:create_environment_scripts_only(interfaces_hot_wheels)
[4.064s] DEBUG:colcon.colcon_core.event_handler.log_command:Invoked command in '/home/william/sim_ws/build/interfaces_hot_wheels' returned '0': CMAKE_PREFIX_PATH=${CMAKE_PREFIX_PATH}:/home/william/sim_ws/install/particle_filter:/home/william/sim_ws/install/f1tenth_gym_ros:/opt/ros/foxy /usr/bin/cmake --install /home/william/sim_ws/build/interfaces_hot_wheels
[4.080s] Level 1:colcon.colcon_core.environment:checking '/home/william/sim_ws/install/interfaces_hot_wheels' for CMake module files
[4.081s] Level 1:colcon.colcon_core.environment:checking '/home/william/sim_ws/install/interfaces_hot_wheels' for CMake config files
[4.081s] Level 1:colcon.colcon_core.shell:create_environment_hook('interfaces_hot_wheels', 'cmake_prefix_path')
[4.094s] INFO:colcon.colcon_core.shell:Creating environment hook '/home/william/sim_ws/install/interfaces_hot_wheels/share/interfaces_hot_wheels/hook/cmake_prefix_path.ps1'
[4.094s] INFO:colcon.colcon_core.shell:Creating environment descriptor '/home/william/sim_ws/install/interfaces_hot_wheels/share/interfaces_hot_wheels/hook/cmake_prefix_path.dsv'
[4.094s] INFO:colcon.colcon_core.shell:Creating environment hook '/home/william/sim_ws/install/interfaces_hot_wheels/share/interfaces_hot_wheels/hook/cmake_prefix_path.sh'
[4.095s] Level 1:colcon.colcon_core.environment:checking '/home/william/sim_ws/install/interfaces_hot_wheels/lib'
[4.095s] Level 1:colcon.colcon_core.shell:create_environment_hook('interfaces_hot_wheels', 'ld_library_path_lib')
[4.107s] INFO:colcon.colcon_core.shell:Creating environment hook '/home/william/sim_ws/install/interfaces_hot_wheels/share/interfaces_hot_wheels/hook/ld_library_path_lib.ps1'
[4.107s] INFO:colcon.colcon_core.shell:Creating environment descriptor '/home/william/sim_ws/install/interfaces_hot_wheels/share/interfaces_hot_wheels/hook/ld_library_path_lib.dsv'
[4.108s] INFO:colcon.colcon_core.shell:Creating environment hook '/home/william/sim_ws/install/interfaces_hot_wheels/share/interfaces_hot_wheels/hook/ld_library_path_lib.sh'
[4.108s] Level 1:colcon.colcon_core.environment:checking '/home/william/sim_ws/install/interfaces_hot_wheels/bin'
[4.108s] Level 1:colcon.colcon_core.environment:checking '/home/william/sim_ws/install/interfaces_hot_wheels/lib/pkgconfig/interfaces_hot_wheels.pc'
[4.108s] Level 1:colcon.colcon_core.environment:checking '/home/william/sim_ws/install/interfaces_hot_wheels/lib/python3.8/site-packages'
[4.108s] Level 1:colcon.colcon_core.shell:create_environment_hook('interfaces_hot_wheels', 'pythonpath')
[4.120s] INFO:colcon.colcon_core.shell:Creating environment hook '/home/william/sim_ws/install/interfaces_hot_wheels/share/interfaces_hot_wheels/hook/pythonpath.ps1'
[4.121s] INFO:colcon.colcon_core.shell:Creating environment descriptor '/home/william/sim_ws/install/interfaces_hot_wheels/share/interfaces_hot_wheels/hook/pythonpath.dsv'
[4.121s] INFO:colcon.colcon_core.shell:Creating environment hook '/home/william/sim_ws/install/interfaces_hot_wheels/share/interfaces_hot_wheels/hook/pythonpath.sh'
[4.121s] Level 1:colcon.colcon_core.environment:checking '/home/william/sim_ws/install/interfaces_hot_wheels/bin'
[4.134s] INFO:colcon.colcon_core.shell:Creating package script '/home/william/sim_ws/install/interfaces_hot_wheels/share/interfaces_hot_wheels/package.ps1'
[4.135s] INFO:colcon.colcon_core.shell:Creating package descriptor '/home/william/sim_ws/install/interfaces_hot_wheels/share/interfaces_hot_wheels/package.dsv'
[4.135s] INFO:colcon.colcon_core.shell:Creating package script '/home/william/sim_ws/install/interfaces_hot_wheels/share/interfaces_hot_wheels/package.sh'
[4.136s] INFO:colcon.colcon_core.shell:Creating package script '/home/william/sim_ws/install/interfaces_hot_wheels/share/interfaces_hot_wheels/package.bash'
[4.136s] INFO:colcon.colcon_core.shell:Creating package script '/home/william/sim_ws/install/interfaces_hot_wheels/share/interfaces_hot_wheels/package.zsh'
[4.136s] Level 1:colcon.colcon_core.environment:create_file_with_runtime_dependencies(/home/william/sim_ws/install/interfaces_hot_wheels/share/colcon-core/packages/interfaces_hot_wheels)
[4.140s] DEBUG:colcon.colcon_core.event_handler.log_command:Invoked command in '/home/william/sim_ws/build/range_lib' returned '0': /usr/bin/cmake --build /home/william/sim_ws/build/range_lib -- -j8 -l8
[4.162s] Level 1:colcon.colcon_core.environment:create_environment_scripts_only(mpc)
[4.178s] Level 1:colcon.colcon_core.environment:checking '/home/william/sim_ws/install/mpc' for CMake module files
[4.178s] Level 1:colcon.colcon_core.environment:checking '/home/william/sim_ws/install/mpc' for CMake config files
[4.178s] Level 1:colcon.colcon_core.shell:create_environment_hook('mpc', 'cmake_prefix_path')
[4.205s] INFO:colcon.colcon_core.shell:Creating environment hook '/home/william/sim_ws/install/mpc/share/mpc/hook/cmake_prefix_path.ps1'
[4.205s] INFO:colcon.colcon_core.shell:Creating environment descriptor '/home/william/sim_ws/install/mpc/share/mpc/hook/cmake_prefix_path.dsv'
[4.205s] INFO:colcon.colcon_core.shell:Creating environment hook '/home/william/sim_ws/install/mpc/share/mpc/hook/cmake_prefix_path.sh'
[4.206s] Level 1:colcon.colcon_core.environment:checking '/home/william/sim_ws/install/mpc/lib'
[4.206s] Level 1:colcon.colcon_core.environment:checking '/home/william/sim_ws/install/mpc/bin'
[4.206s] Level 1:colcon.colcon_core.environment:checking '/home/william/sim_ws/install/mpc/lib/pkgconfig/mpc.pc'
[4.206s] Level 1:colcon.colcon_core.environment:checking '/home/william/sim_ws/install/mpc/lib/python3.8/site-packages'
[4.206s] Level 1:colcon.colcon_core.shell:create_environment_hook('mpc', 'pythonpath')
[4.218s] INFO:colcon.colcon_core.shell:Creating environment hook '/home/william/sim_ws/install/mpc/share/mpc/hook/pythonpath.ps1'
[4.218s] INFO:colcon.colcon_core.shell:Creating environment descriptor '/home/william/sim_ws/install/mpc/share/mpc/hook/pythonpath.dsv'
[4.218s] INFO:colcon.colcon_core.shell:Creating environment hook '/home/william/sim_ws/install/mpc/share/mpc/hook/pythonpath.sh'
[4.219s] Level 1:colcon.colcon_core.environment:checking '/home/william/sim_ws/install/mpc/bin'
[4.231s] INFO:colcon.colcon_core.shell:Creating package script '/home/william/sim_ws/install/mpc/share/mpc/package.ps1'
[4.231s] INFO:colcon.colcon_core.shell:Creating package descriptor '/home/william/sim_ws/install/mpc/share/mpc/package.dsv'
[4.232s] INFO:colcon.colcon_core.shell:Creating package script '/home/william/sim_ws/install/mpc/share/mpc/package.sh'
[4.232s] INFO:colcon.colcon_core.shell:Creating package script '/home/william/sim_ws/install/mpc/share/mpc/package.bash'
[4.232s] INFO:colcon.colcon_core.shell:Creating package script '/home/william/sim_ws/install/mpc/share/mpc/package.zsh'
[4.233s] Level 1:colcon.colcon_core.environment:create_file_with_runtime_dependencies(/home/william/sim_ws/install/mpc/share/colcon-core/packages/mpc)
[4.246s] Level 1:colcon.colcon_core.environment:create_environment_scripts_only(interfaces_hot_wheels)
[4.258s] Level 1:colcon.colcon_core.environment:checking '/home/william/sim_ws/install/interfaces_hot_wheels' for CMake module files
[4.258s] Level 1:colcon.colcon_core.environment:checking '/home/william/sim_ws/install/interfaces_hot_wheels' for CMake config files
[4.259s] Level 1:colcon.colcon_core.shell:create_environment_hook('interfaces_hot_wheels', 'cmake_prefix_path')
[4.271s] INFO:colcon.colcon_core.shell:Creating environment hook '/home/william/sim_ws/install/interfaces_hot_wheels/share/interfaces_hot_wheels/hook/cmake_prefix_path.ps1'
[4.271s] INFO:colcon.colcon_core.shell:Creating environment descriptor '/home/william/sim_ws/install/interfaces_hot_wheels/share/interfaces_hot_wheels/hook/cmake_prefix_path.dsv'
[4.271s] INFO:colcon.colcon_core.shell:Creating environment hook '/home/william/sim_ws/install/interfaces_hot_wheels/share/interfaces_hot_wheels/hook/cmake_prefix_path.sh'
[4.272s] Level 1:colcon.colcon_core.environment:checking '/home/william/sim_ws/install/interfaces_hot_wheels/lib'
[4.272s] Level 1:colcon.colcon_core.shell:create_environment_hook('interfaces_hot_wheels', 'ld_library_path_lib')
[4.284s] INFO:colcon.colcon_core.shell:Creating environment hook '/home/william/sim_ws/install/interfaces_hot_wheels/share/interfaces_hot_wheels/hook/ld_library_path_lib.ps1'
[4.284s] INFO:colcon.colcon_core.shell:Creating environment descriptor '/home/william/sim_ws/install/interfaces_hot_wheels/share/interfaces_hot_wheels/hook/ld_library_path_lib.dsv'
[4.285s] INFO:colcon.colcon_core.shell:Creating environment hook '/home/william/sim_ws/install/interfaces_hot_wheels/share/interfaces_hot_wheels/hook/ld_library_path_lib.sh'
[4.285s] Level 1:colcon.colcon_core.environment:checking '/home/william/sim_ws/install/interfaces_hot_wheels/bin'
[4.285s] Level 1:colcon.colcon_core.environment:checking '/home/william/sim_ws/install/interfaces_hot_wheels/lib/pkgconfig/interfaces_hot_wheels.pc'
[4.285s] Level 1:colcon.colcon_core.environment:checking '/home/william/sim_ws/install/interfaces_hot_wheels/lib/python3.8/site-packages'
[4.285s] Level 1:colcon.colcon_core.shell:create_environment_hook('interfaces_hot_wheels', 'pythonpath')
[4.301s] INFO:colcon.colcon_core.shell:Creating environment hook '/home/william/sim_ws/install/interfaces_hot_wheels/share/interfaces_hot_wheels/hook/pythonpath.ps1'
[4.302s] INFO:colcon.colcon_core.shell:Creating environment descriptor '/home/william/sim_ws/install/interfaces_hot_wheels/share/interfaces_hot_wheels/hook/pythonpath.dsv'
[4.302s] INFO:colcon.colcon_core.shell:Creating environment hook '/home/william/sim_ws/install/interfaces_hot_wheels/share/interfaces_hot_wheels/hook/pythonpath.sh'
[4.302s] Level 1:colcon.colcon_core.environment:checking '/home/william/sim_ws/install/interfaces_hot_wheels/bin'
[4.315s] INFO:colcon.colcon_core.shell:Creating package script '/home/william/sim_ws/install/interfaces_hot_wheels/share/interfaces_hot_wheels/package.ps1'
[4.316s] INFO:colcon.colcon_core.shell:Creating package descriptor '/home/william/sim_ws/install/interfaces_hot_wheels/share/interfaces_hot_wheels/package.dsv'
[4.316s] INFO:colcon.colcon_core.shell:Creating package script '/home/william/sim_ws/install/interfaces_hot_wheels/share/interfaces_hot_wheels/package.sh'
[4.317s] INFO:colcon.colcon_core.shell:Creating package script '/home/william/sim_ws/install/interfaces_hot_wheels/share/interfaces_hot_wheels/package.bash'
[4.317s] INFO:colcon.colcon_core.shell:Creating package script '/home/william/sim_ws/install/interfaces_hot_wheels/share/interfaces_hot_wheels/package.zsh'
[4.318s] Level 1:colcon.colcon_core.environment:create_file_with_runtime_dependencies(/home/william/sim_ws/install/interfaces_hot_wheels/share/colcon-core/packages/interfaces_hot_wheels)
[4.323s] DEBUG:colcon.colcon_core.event_handler.log_command:Invoking command in '/home/william/sim_ws/build/range_lib': /usr/bin/cmake --install /home/william/sim_ws/build/range_lib
[4.323s] INFO:colcon.colcon_ros.task.ament_cmake.build:Building ROS package in '/home/william/sim_ws/src/f1tenth_slam_pure_pursuit-main/pure_pursuit' with build type 'ament_cmake'
[4.326s] INFO:colcon.colcon_cmake.task.cmake.build:Building CMake package in '/home/william/sim_ws/src/f1tenth_slam_pure_pursuit-main/pure_pursuit'
[4.352s] INFO:colcon.colcon_core.shell:Skip shell extension 'powershell' for command environment: Not usable outside of PowerShell
[4.352s] DEBUG:colcon.colcon_core.shell:Skip shell extension 'dsv' for command environment
[4.422s] Level 1:colcon.colcon_core.environment:create_environment_scripts_only(range_lib)
[4.426s] DEBUG:colcon.colcon_core.event_handler.log_command:Invoked command in '/home/william/sim_ws/build/range_lib' returned '0': /usr/bin/cmake --install /home/william/sim_ws/build/range_lib
[4.448s] Level 1:colcon.colcon_core.environment:checking '/home/william/sim_ws/install/range_lib' for CMake module files
[4.449s] Level 1:colcon.colcon_core.environment:checking '/home/william/sim_ws/install/range_lib' for CMake config files
[4.449s] Level 1:colcon.colcon_core.shell:create_environment_hook('range_lib', 'cmake_prefix_path')
[4.467s] INFO:colcon.colcon_core.shell:Creating environment hook '/home/william/sim_ws/install/range_lib/share/range_lib/hook/cmake_prefix_path.ps1'
[4.468s] INFO:colcon.colcon_core.shell:Creating environment descriptor '/home/william/sim_ws/install/range_lib/share/range_lib/hook/cmake_prefix_path.dsv'
[4.468s] INFO:colcon.colcon_core.shell:Creating environment hook '/home/william/sim_ws/install/range_lib/share/range_lib/hook/cmake_prefix_path.sh'
[4.469s] Level 1:colcon.colcon_core.environment:checking '/home/william/sim_ws/install/range_lib/lib'
[4.469s] Level 1:colcon.colcon_core.environment:checking '/home/william/sim_ws/install/range_lib/bin'
[4.469s] Level 1:colcon.colcon_core.shell:create_environment_hook('range_lib', 'path')
[4.481s] INFO:colcon.colcon_core.shell:Creating environment hook '/home/william/sim_ws/install/range_lib/share/range_lib/hook/path.ps1'
[4.482s] INFO:colcon.colcon_core.shell:Creating environment descriptor '/home/william/sim_ws/install/range_lib/share/range_lib/hook/path.dsv'
[4.482s] INFO:colcon.colcon_core.shell:Creating environment hook '/home/william/sim_ws/install/range_lib/share/range_lib/hook/path.sh'
[4.482s] Level 1:colcon.colcon_core.environment:checking '/home/william/sim_ws/install/range_lib/lib/pkgconfig/range_lib.pc'
[4.483s] Level 1:colcon.colcon_core.environment:checking '/home/william/sim_ws/install/range_lib/lib/python3.8/site-packages'
[4.483s] Level 1:colcon.colcon_core.environment:checking '/home/william/sim_ws/install/range_lib/bin'
[4.483s] Level 1:colcon.colcon_core.shell:create_environment_hook('range_lib', 'pythonscriptspath')
[4.495s] INFO:colcon.colcon_core.shell:Creating environment hook '/home/william/sim_ws/install/range_lib/share/range_lib/hook/pythonscriptspath.ps1'
[4.495s] INFO:colcon.colcon_core.shell:Creating environment descriptor '/home/william/sim_ws/install/range_lib/share/range_lib/hook/pythonscriptspath.dsv'
[4.496s] INFO:colcon.colcon_core.shell:Creating environment hook '/home/william/sim_ws/install/range_lib/share/range_lib/hook/pythonscriptspath.sh'
[4.509s] INFO:colcon.colcon_core.shell:Creating package script '/home/william/sim_ws/install/range_lib/share/range_lib/package.ps1'
[4.510s] INFO:colcon.colcon_core.shell:Creating package descriptor '/home/william/sim_ws/install/range_lib/share/range_lib/package.dsv'
[4.510s] INFO:colcon.colcon_core.shell:Creating package script '/home/william/sim_ws/install/range_lib/share/range_lib/package.sh'
[4.510s] INFO:colcon.colcon_core.shell:Creating package script '/home/william/sim_ws/install/range_lib/share/range_lib/package.bash'
[4.511s] INFO:colcon.colcon_core.shell:Creating package script '/home/william/sim_ws/install/range_lib/share/range_lib/package.zsh'
[4.511s] Level 1:colcon.colcon_core.environment:create_file_with_runtime_dependencies(/home/william/sim_ws/install/range_lib/share/colcon-core/packages/range_lib)
[4.517s] DEBUG:colcon.colcon_core.event_handler.log_command:Invoking command in '/home/william/sim_ws/build/pure_pursuit': CMAKE_PREFIX_PATH=/home/william/sim_ws/install/interfaces_hot_wheels:/home/william/sim_ws/install/range_lib:/home/william/sim_ws/install/pure_pursuit:/home/william/sim_ws/install/mpc:/home/william/sim_ws/install/particle_filter:/home/william/sim_ws/install/f1tenth_gym_ros:/opt/ros/foxy PYTHONPATH=/home/william/sim_ws/install/interfaces_hot_wheels/lib/python3.8/site-packages:/home/william/sim_ws/install/pure_pursuit/lib/python3.8/site-packages:/home/william/sim_ws/install/particle_filter/lib/python3.8/site-packages:/home/william/sim_ws/install/mpc/lib/python3.8/site-packages:/home/william/sim_ws/install/f1tenth_gym_ros/lib/python3.8/site-packages:/opt/ros/foxy/lib/python3.8/site-packages:/home/william/dev_ws/src/my_yolo_package/my_yolo_package /usr/bin/cmake --build /home/william/sim_ws/build/pure_pursuit -- -j8 -l8
[4.634s] DEBUG:colcon.colcon_core.event_handler.log_command:Invoking command in '/home/william/sim_ws/src/particle_filter': PYTHONPATH=/home/william/sim_ws/build/particle_filter/prefix_override:/home/william/sim_ws/install/particle_filter/lib/python3.8/site-packages:${PYTHONPATH} /usr/bin/python3 setup.py egg_info --egg-base ../../build/particle_filter build --build-base /home/william/sim_ws/build/particle_filter/build install --record /home/william/sim_ws/build/particle_filter/install.log --single-version-externally-managed
[4.654s] DEBUG:colcon.colcon_core.event_handler.log_command:Invoking command in '/home/william/sim_ws/src/f1tenth_gym_ros': PYTHONPATH=/home/william/sim_ws/build/f1tenth_gym_ros/prefix_override:/home/william/sim_ws/install/f1tenth_gym_ros/lib/python3.8/site-packages:${PYTHONPATH} /usr/bin/python3 setup.py egg_info --egg-base ../../build/f1tenth_gym_ros build --build-base /home/william/sim_ws/build/f1tenth_gym_ros/build install --record /home/william/sim_ws/build/f1tenth_gym_ros/install.log --single-version-externally-managed
[4.676s] DEBUG:colcon.colcon_core.event_handler.log_command:Invoked command in '/home/william/sim_ws/build/pure_pursuit' returned '0': CMAKE_PREFIX_PATH=/home/william/sim_ws/install/interfaces_hot_wheels:/home/william/sim_ws/install/range_lib:/home/william/sim_ws/install/pure_pursuit:/home/william/sim_ws/install/mpc:/home/william/sim_ws/install/particle_filter:/home/william/sim_ws/install/f1tenth_gym_ros:/opt/ros/foxy PYTHONPATH=/home/william/sim_ws/install/interfaces_hot_wheels/lib/python3.8/site-packages:/home/william/sim_ws/install/pure_pursuit/lib/python3.8/site-packages:/home/william/sim_ws/install/particle_filter/lib/python3.8/site-packages:/home/william/sim_ws/install/mpc/lib/python3.8/site-packages:/home/william/sim_ws/install/f1tenth_gym_ros/lib/python3.8/site-packages:/opt/ros/foxy/lib/python3.8/site-packages:/home/william/dev_ws/src/my_yolo_package/my_yolo_package /usr/bin/cmake --build /home/william/sim_ws/build/pure_pursuit -- -j8 -l8
[4.721s] DEBUG:colcon.colcon_core.event_handler.log_command:Invoking command in '/home/william/sim_ws/build/pure_pursuit': CMAKE_PREFIX_PATH=/home/william/sim_ws/install/interfaces_hot_wheels:/home/william/sim_ws/install/range_lib:/home/william/sim_ws/install/pure_pursuit:/home/william/sim_ws/install/mpc:/home/william/sim_ws/install/particle_filter:/home/william/sim_ws/install/f1tenth_gym_ros:/opt/ros/foxy PYTHONPATH=/home/william/sim_ws/install/interfaces_hot_wheels/lib/python3.8/site-packages:/home/william/sim_ws/install/pure_pursuit/lib/python3.8/site-packages:/home/william/sim_ws/install/particle_filter/lib/python3.8/site-packages:/home/william/sim_ws/install/mpc/lib/python3.8/site-packages:/home/william/sim_ws/install/f1tenth_gym_ros/lib/python3.8/site-packages:/opt/ros/foxy/lib/python3.8/site-packages:/home/william/dev_ws/src/my_yolo_package/my_yolo_package /usr/bin/cmake --install /home/william/sim_ws/build/pure_pursuit
[4.796s] Level 1:colcon.colcon_core.environment:create_environment_scripts_only(pure_pursuit)
[4.804s] DEBUG:colcon.colcon_core.event_handler.log_command:Invoked command in '/home/william/sim_ws/build/pure_pursuit' returned '0': CMAKE_PREFIX_PATH=/home/william/sim_ws/install/interfaces_hot_wheels:/home/william/sim_ws/install/range_lib:/home/william/sim_ws/install/pure_pursuit:/home/william/sim_ws/install/mpc:/home/william/sim_ws/install/particle_filter:/home/william/sim_ws/install/f1tenth_gym_ros:/opt/ros/foxy PYTHONPATH=/home/william/sim_ws/install/interfaces_hot_wheels/lib/python3.8/site-packages:/home/william/sim_ws/install/pure_pursuit/lib/python3.8/site-packages:/home/william/sim_ws/install/particle_filter/lib/python3.8/site-packages:/home/william/sim_ws/install/mpc/lib/python3.8/site-packages:/home/william/sim_ws/install/f1tenth_gym_ros/lib/python3.8/site-packages:/opt/ros/foxy/lib/python3.8/site-packages:/home/william/dev_ws/src/my_yolo_package/my_yolo_package /usr/bin/cmake --install /home/william/sim_ws/build/pure_pursuit
[4.829s] Level 1:colcon.colcon_core.environment:checking '/home/william/sim_ws/install/pure_pursuit' for CMake module files
[4.830s] Level 1:colcon.colcon_core.environment:checking '/home/william/sim_ws/install/pure_pursuit' for CMake config files
[4.830s] Level 1:colcon.colcon_core.shell:create_environment_hook('pure_pursuit', 'cmake_prefix_path')
[4.852s] INFO:colcon.colcon_core.shell:Creating environment hook '/home/william/sim_ws/install/pure_pursuit/share/pure_pursuit/hook/cmake_prefix_path.ps1'
[4.853s] INFO:colcon.colcon_core.shell:Creating environment descriptor '/home/william/sim_ws/install/pure_pursuit/share/pure_pursuit/hook/cmake_prefix_path.dsv'
[4.853s] INFO:colcon.colcon_core.shell:Creating environment hook '/home/william/sim_ws/install/pure_pursuit/share/pure_pursuit/hook/cmake_prefix_path.sh'
[4.854s] Level 1:colcon.colcon_core.environment:checking '/home/william/sim_ws/install/pure_pursuit/lib'
[4.854s] Level 1:colcon.colcon_core.environment:checking '/home/william/sim_ws/install/pure_pursuit/bin'
[4.854s] Level 1:colcon.colcon_core.environment:checking '/home/william/sim_ws/install/pure_pursuit/lib/pkgconfig/pure_pursuit.pc'
[4.855s] Level 1:colcon.colcon_core.environment:checking '/home/william/sim_ws/install/pure_pursuit/lib/python3.8/site-packages'
[4.855s] Level 1:colcon.colcon_core.shell:create_environment_hook('pure_pursuit', 'pythonpath')
[4.877s] INFO:colcon.colcon_core.shell:Creating environment hook '/home/william/sim_ws/install/pure_pursuit/share/pure_pursuit/hook/pythonpath.ps1'
[4.877s] INFO:colcon.colcon_core.shell:Creating environment descriptor '/home/william/sim_ws/install/pure_pursuit/share/pure_pursuit/hook/pythonpath.dsv'
[4.878s] INFO:colcon.colcon_core.shell:Creating environment hook '/home/william/sim_ws/install/pure_pursuit/share/pure_pursuit/hook/pythonpath.sh'
[4.879s] Level 1:colcon.colcon_core.environment:checking '/home/william/sim_ws/install/pure_pursuit/bin'
[4.903s] INFO:colcon.colcon_core.shell:Creating package script '/home/william/sim_ws/install/pure_pursuit/share/pure_pursuit/package.ps1'
[4.903s] INFO:colcon.colcon_core.shell:Creating package descriptor '/home/william/sim_ws/install/pure_pursuit/share/pure_pursuit/package.dsv'
[4.904s] INFO:colcon.colcon_core.shell:Creating package script '/home/william/sim_ws/install/pure_pursuit/share/pure_pursuit/package.sh'
[4.904s] INFO:colcon.colcon_core.shell:Creating package script '/home/william/sim_ws/install/pure_pursuit/share/pure_pursuit/package.bash'
[4.905s] INFO:colcon.colcon_core.shell:Creating package script '/home/william/sim_ws/install/pure_pursuit/share/pure_pursuit/package.zsh'
[4.905s] Level 1:colcon.colcon_core.environment:create_file_with_runtime_dependencies(/home/william/sim_ws/install/pure_pursuit/share/colcon-core/packages/pure_pursuit)
[4.965s] Level 1:colcon.colcon_core.environment:create_environment_scripts_only(pure_pursuit)
[4.988s] Level 1:colcon.colcon_core.environment:checking '/home/william/sim_ws/install/pure_pursuit' for CMake module files
[4.989s] Level 1:colcon.colcon_core.environment:checking '/home/william/sim_ws/install/pure_pursuit' for CMake config files
[4.989s] Level 1:colcon.colcon_core.shell:create_environment_hook('pure_pursuit', 'cmake_prefix_path')
[5.014s] INFO:colcon.colcon_core.shell:Creating environment hook '/home/william/sim_ws/install/pure_pursuit/share/pure_pursuit/hook/cmake_prefix_path.ps1'
[5.015s] INFO:colcon.colcon_core.shell:Creating environment descriptor '/home/william/sim_ws/install/pure_pursuit/share/pure_pursuit/hook/cmake_prefix_path.dsv'
[5.015s] INFO:colcon.colcon_core.shell:Creating environment hook '/home/william/sim_ws/install/pure_pursuit/share/pure_pursuit/hook/cmake_prefix_path.sh'
[5.016s] Level 1:colcon.colcon_core.environment:checking '/home/william/sim_ws/install/pure_pursuit/lib'
[5.016s] Level 1:colcon.colcon_core.environment:checking '/home/william/sim_ws/install/pure_pursuit/bin'
[5.016s] Level 1:colcon.colcon_core.environment:checking '/home/william/sim_ws/install/pure_pursuit/lib/pkgconfig/pure_pursuit.pc'
[5.016s] Level 1:colcon.colcon_core.environment:checking '/home/william/sim_ws/install/pure_pursuit/lib/python3.8/site-packages'
[5.016s] Level 1:colcon.colcon_core.shell:create_environment_hook('pure_pursuit', 'pythonpath')
[5.043s] INFO:colcon.colcon_core.shell:Creating environment hook '/home/william/sim_ws/install/pure_pursuit/share/pure_pursuit/hook/pythonpath.ps1'
[5.044s] INFO:colcon.colcon_core.shell:Creating environment descriptor '/home/william/sim_ws/install/pure_pursuit/share/pure_pursuit/hook/pythonpath.dsv'
[5.045s] INFO:colcon.colcon_core.shell:Creating environment hook '/home/william/sim_ws/install/pure_pursuit/share/pure_pursuit/hook/pythonpath.sh'
[5.046s] Level 1:colcon.colcon_core.environment:checking '/home/william/sim_ws/install/pure_pursuit/bin'
[5.070s] INFO:colcon.colcon_core.shell:Creating package script '/home/william/sim_ws/install/pure_pursuit/share/pure_pursuit/package.ps1'
[5.071s] INFO:colcon.colcon_core.shell:Creating package descriptor '/home/william/sim_ws/install/pure_pursuit/share/pure_pursuit/package.dsv'
[5.072s] INFO:colcon.colcon_core.shell:Creating package script '/home/william/sim_ws/install/pure_pursuit/share/pure_pursuit/package.sh'
[5.072s] INFO:colcon.colcon_core.shell:Creating package script '/home/william/sim_ws/install/pure_pursuit/share/pure_pursuit/package.bash'
[5.073s] INFO:colcon.colcon_core.shell:Creating package script '/home/william/sim_ws/install/pure_pursuit/share/pure_pursuit/package.zsh'
[5.073s] Level 1:colcon.colcon_core.environment:create_file_with_runtime_dependencies(/home/william/sim_ws/install/pure_pursuit/share/colcon-core/packages/pure_pursuit)
[5.321s] DEBUG:colcon.colcon_core.event_handler.log_command:Invoked command in '/home/william/sim_ws/src/particle_filter' returned '0': PYTHONPATH=/home/william/sim_ws/build/particle_filter/prefix_override:/home/william/sim_ws/install/particle_filter/lib/python3.8/site-packages:${PYTHONPATH} /usr/bin/python3 setup.py egg_info --egg-base ../../build/particle_filter build --build-base /home/william/sim_ws/build/particle_filter/build install --record /home/william/sim_ws/build/particle_filter/install.log --single-version-externally-managed
[5.336s] Level 1:colcon.colcon_core.environment:checking '/home/william/sim_ws/install/particle_filter' for CMake module files
[5.336s] Level 1:colcon.colcon_core.environment:checking '/home/william/sim_ws/install/particle_filter' for CMake config files
[5.337s] Level 1:colcon.colcon_core.environment:checking '/home/william/sim_ws/install/particle_filter/lib'
[5.337s] Level 1:colcon.colcon_core.environment:checking '/home/william/sim_ws/install/particle_filter/bin'
[5.337s] Level 1:colcon.colcon_core.shell:create_environment_hook('particle_filter', 'path')
[5.351s] INFO:colcon.colcon_core.shell:Creating environment hook '/home/william/sim_ws/install/particle_filter/share/particle_filter/hook/path.ps1'
[5.352s] INFO:colcon.colcon_core.shell:Creating environment descriptor '/home/william/sim_ws/install/particle_filter/share/particle_filter/hook/path.dsv'
[5.352s] INFO:colcon.colcon_core.shell:Creating environment hook '/home/william/sim_ws/install/particle_filter/share/particle_filter/hook/path.sh'
[5.352s] Level 1:colcon.colcon_core.environment:checking '/home/william/sim_ws/install/particle_filter/lib/pkgconfig/particle_filter.pc'
[5.353s] Level 1:colcon.colcon_core.environment:checking '/home/william/sim_ws/install/particle_filter/lib/python3.8/site-packages'
[5.353s] Level 1:colcon.colcon_core.shell:create_environment_hook('particle_filter', 'pythonpath')
[5.369s] INFO:colcon.colcon_core.shell:Creating environment hook '/home/william/sim_ws/install/particle_filter/share/particle_filter/hook/pythonpath.ps1'
[5.370s] INFO:colcon.colcon_core.shell:Creating environment descriptor '/home/william/sim_ws/install/particle_filter/share/particle_filter/hook/pythonpath.dsv'
[5.370s] INFO:colcon.colcon_core.shell:Creating environment hook '/home/william/sim_ws/install/particle_filter/share/particle_filter/hook/pythonpath.sh'
[5.370s] Level 1:colcon.colcon_core.environment:checking '/home/william/sim_ws/install/particle_filter/bin'
[5.371s] Level 1:colcon.colcon_core.shell:create_environment_hook('particle_filter', 'pythonscriptspath')
[5.385s] INFO:colcon.colcon_core.shell:Creating environment hook '/home/william/sim_ws/install/particle_filter/share/particle_filter/hook/pythonscriptspath.ps1'
[5.385s] INFO:colcon.colcon_core.shell:Creating environment descriptor '/home/william/sim_ws/install/particle_filter/share/particle_filter/hook/pythonscriptspath.dsv'
[5.385s] INFO:colcon.colcon_core.shell:Creating environment hook '/home/william/sim_ws/install/particle_filter/share/particle_filter/hook/pythonscriptspath.sh'
[5.386s] Level 1:colcon.colcon_core.environment:create_environment_scripts_only(particle_filter)
[5.411s] INFO:colcon.colcon_core.shell:Creating package script '/home/william/sim_ws/install/particle_filter/share/particle_filter/package.ps1'
[5.412s] INFO:colcon.colcon_core.shell:Creating package descriptor '/home/william/sim_ws/install/particle_filter/share/particle_filter/package.dsv'
[5.413s] INFO:colcon.colcon_core.shell:Creating package script '/home/william/sim_ws/install/particle_filter/share/particle_filter/package.sh'
[5.414s] INFO:colcon.colcon_core.shell:Creating package script '/home/william/sim_ws/install/particle_filter/share/particle_filter/package.bash'
[5.414s] INFO:colcon.colcon_core.shell:Creating package script '/home/william/sim_ws/install/particle_filter/share/particle_filter/package.zsh'
[5.414s] Level 1:colcon.colcon_core.environment:create_file_with_runtime_dependencies(/home/william/sim_ws/install/particle_filter/share/colcon-core/packages/particle_filter)
[5.438s] DEBUG:colcon.colcon_core.event_handler.log_command:Invoked command in '/home/william/sim_ws/src/f1tenth_gym_ros' returned '0': PYTHONPATH=/home/william/sim_ws/build/f1tenth_gym_ros/prefix_override:/home/william/sim_ws/install/f1tenth_gym_ros/lib/python3.8/site-packages:${PYTHONPATH} /usr/bin/python3 setup.py egg_info --egg-base ../../build/f1tenth_gym_ros build --build-base /home/william/sim_ws/build/f1tenth_gym_ros/build install --record /home/william/sim_ws/build/f1tenth_gym_ros/install.log --single-version-externally-managed
[5.456s] Level 1:colcon.colcon_core.environment:checking '/home/william/sim_ws/install/f1tenth_gym_ros' for CMake module files
[5.456s] Level 1:colcon.colcon_core.environment:checking '/home/william/sim_ws/install/f1tenth_gym_ros' for CMake config files
[5.457s] Level 1:colcon.colcon_core.environment:checking '/home/william/sim_ws/install/f1tenth_gym_ros/lib'
[5.457s] Level 1:colcon.colcon_core.environment:checking '/home/william/sim_ws/install/f1tenth_gym_ros/bin'
[5.457s] Level 1:colcon.colcon_core.shell:create_environment_hook('f1tenth_gym_ros', 'path')
[5.469s] INFO:colcon.colcon_core.shell:Creating environment hook '/home/william/sim_ws/install/f1tenth_gym_ros/share/f1tenth_gym_ros/hook/path.ps1'
[5.470s] INFO:colcon.colcon_core.shell:Creating environment descriptor '/home/william/sim_ws/install/f1tenth_gym_ros/share/f1tenth_gym_ros/hook/path.dsv'
[5.470s] INFO:colcon.colcon_core.shell:Creating environment hook '/home/william/sim_ws/install/f1tenth_gym_ros/share/f1tenth_gym_ros/hook/path.sh'
[5.470s] Level 1:colcon.colcon_core.environment:checking '/home/william/sim_ws/install/f1tenth_gym_ros/lib/pkgconfig/f1tenth_gym_ros.pc'
[5.470s] Level 1:colcon.colcon_core.environment:checking '/home/william/sim_ws/install/f1tenth_gym_ros/lib/python3.8/site-packages'
[5.471s] Level 1:colcon.colcon_core.shell:create_environment_hook('f1tenth_gym_ros', 'pythonpath')
[5.489s] INFO:colcon.colcon_core.shell:Creating environment hook '/home/william/sim_ws/install/f1tenth_gym_ros/share/f1tenth_gym_ros/hook/pythonpath.ps1'
[5.490s] INFO:colcon.colcon_core.shell:Creating environment descriptor '/home/william/sim_ws/install/f1tenth_gym_ros/share/f1tenth_gym_ros/hook/pythonpath.dsv'
[5.492s] INFO:colcon.colcon_core.shell:Creating environment hook '/home/william/sim_ws/install/f1tenth_gym_ros/share/f1tenth_gym_ros/hook/pythonpath.sh'
[5.493s] Level 1:colcon.colcon_core.environment:checking '/home/william/sim_ws/install/f1tenth_gym_ros/bin'
[5.493s] Level 1:colcon.colcon_core.shell:create_environment_hook('f1tenth_gym_ros', 'pythonscriptspath')
[5.517s] INFO:colcon.colcon_core.shell:Creating environment hook '/home/william/sim_ws/install/f1tenth_gym_ros/share/f1tenth_gym_ros/hook/pythonscriptspath.ps1'
[5.518s] INFO:colcon.colcon_core.shell:Creating environment descriptor '/home/william/sim_ws/install/f1tenth_gym_ros/share/f1tenth_gym_ros/hook/pythonscriptspath.dsv'
[5.518s] INFO:colcon.colcon_core.shell:Creating environment hook '/home/william/sim_ws/install/f1tenth_gym_ros/share/f1tenth_gym_ros/hook/pythonscriptspath.sh'
[5.519s] Level 1:colcon.colcon_core.environment:create_environment_scripts_only(f1tenth_gym_ros)
[5.533s] INFO:colcon.colcon_core.shell:Creating package script '/home/william/sim_ws/install/f1tenth_gym_ros/share/f1tenth_gym_ros/package.ps1'
[5.534s] INFO:colcon.colcon_core.shell:Creating package descriptor '/home/william/sim_ws/install/f1tenth_gym_ros/share/f1tenth_gym_ros/package.dsv'
[5.534s] INFO:colcon.colcon_core.shell:Creating package script '/home/william/sim_ws/install/f1tenth_gym_ros/share/f1tenth_gym_ros/package.sh'
[5.535s] INFO:colcon.colcon_core.shell:Creating package script '/home/william/sim_ws/install/f1tenth_gym_ros/share/f1tenth_gym_ros/package.bash'
[5.535s] INFO:colcon.colcon_core.shell:Creating package script '/home/william/sim_ws/install/f1tenth_gym_ros/share/f1tenth_gym_ros/package.zsh'
[5.535s] Level 1:colcon.colcon_core.environment:create_file_with_runtime_dependencies(/home/william/sim_ws/install/f1tenth_gym_ros/share/colcon-core/packages/f1tenth_gym_ros)
[5.535s] DEBUG:colcon.colcon_parallel_executor.executor.parallel:closing loop
[5.536s] DEBUG:colcon.colcon_parallel_executor.executor.parallel:loop closed
[5.536s] DEBUG:colcon.colcon_parallel_executor.executor.parallel:run_until_complete finished with '0'
[5.536s] DEBUG:colcon.colcon_core.event_reactor:joining thread
[5.556s] INFO:colcon.colcon_core.plugin_system:Skipping extension 'colcon_notification.desktop_notification.terminal_notifier': Not used on non-Darwin systems
[5.556s] INFO:colcon.colcon_core.plugin_system:Skipping extension 'colcon_notification.desktop_notification.win32': Not used on non-Windows systems
[5.556s] INFO:colcon.colcon_notification.desktop_notification:Sending desktop notification using 'notify2'
[5.570s] DEBUG:colcon.colcon_core.event_reactor:joined thread
[5.584s] INFO:colcon.colcon_core.shell:Creating prefix script '/home/william/sim_ws/install/local_setup.ps1'
[5.585s] INFO:colcon.colcon_core.shell:Creating prefix util module '/home/william/sim_ws/install/_local_setup_util_ps1.py'
[5.586s] INFO:colcon.colcon_core.shell:Creating prefix chain script '/home/william/sim_ws/install/setup.ps1'
[5.601s] INFO:colcon.colcon_core.shell:Creating prefix script '/home/william/sim_ws/install/local_setup.sh'
[5.601s] INFO:colcon.colcon_core.shell:Creating prefix util module '/home/william/sim_ws/install/_local_setup_util_sh.py'
[5.602s] INFO:colcon.colcon_core.shell:Creating prefix chain script '/home/william/sim_ws/install/setup.sh'
[5.616s] INFO:colcon.colcon_core.shell:Creating prefix script '/home/william/sim_ws/install/local_setup.bash'
[5.617s] INFO:colcon.colcon_core.shell:Creating prefix chain script '/home/william/sim_ws/install/setup.bash'
[5.631s] INFO:colcon.colcon_core.shell:Creating prefix script '/home/william/sim_ws/install/local_setup.zsh'
[5.632s] INFO:colcon.colcon_core.shell:Creating prefix chain script '/home/william/sim_ws/install/setup.zsh'
