[6.480s] Invoking command in '/home/f1tenth/f1tenth-ws/src/f1tenth_system/teleop_tools/joy_teleop': CMAKE_PREFIX_PATH=/home/f1tenth/f1tenth-ws/install/teleop_tools_msgs:/home/f1tenth/f1tenth-ws/install/vesc_driver:/home/f1tenth/f1tenth-ws/install/vesc_ackermann:/home/f1tenth/f1tenth-ws/install/vesc_msgs:/home/f1tenth/f1tenth-ws/install/teleop_tools:/home/f1tenth/f1tenth-ws/install/safety_node:/home/f1tenth/f1tenth-ws/install/ackermann_mux LD_LIBRARY_PATH=/home/f1tenth/f1tenth-ws/install/teleop_tools_msgs/lib:/usr/local/cuda-11.4/lib64:/home/f1tenth/f1tenth-ws/install/vesc_driver/lib:/home/f1tenth/f1tenth-ws/install/vesc_ackermann/lib:/home/f1tenth/f1tenth-ws/install/vesc_msgs/lib:/opt/ros/foxy/opt/yaml_cpp_vendor/lib:/opt/ros/foxy/opt/rviz_ogre_vendor/lib:/opt/ros/foxy/lib/aarch64-linux-gnu:/opt/ros/foxy/lib PYTHONPATH=/home/f1tenth/f1tenth-ws/build/joy_teleop/prefix_override:/home/f1tenth/f1tenth-ws/install/joy_teleop/lib/python3.8/site-packages:/home/f1tenth/f1tenth-ws/install/teleop_tools_msgs/lib/python3.8/site-packages:/home/f1tenth/f1tenth-ws/install/f1tenth_stack/lib/python3.8/site-packages:/home/f1tenth/f1tenth-ws/install/vesc_msgs/lib/python3.8/site-packages:/home/f1tenth/f1tenth-ws/install/joy_teleop/lib/python3.8/site-packages:/home/f1tenth/f1tenth-ws/install/safety_node/lib/python3.8/site-packages:/home/f1tenth/f1tenth-ws/install/mouse_teleop/lib/python3.8/site-packages:/home/f1tenth/f1tenth-ws/install/key_teleop/lib/python3.8/site-packages:/home/f1tenth/f1tenth-ws/install/gap_follow/lib/python3.8/site-packages:/home/f1tenth/f1tenth-ws/install/example_py/lib/python3.8/site-packages:/opt/ros/foxy/lib/python3.8/site-packages /usr/bin/python3 setup.py egg_info --egg-base ../../../../build/joy_teleop build --build-base /home/f1tenth/f1tenth-ws/build/joy_teleop/build install --record /home/f1tenth/f1tenth-ws/build/joy_teleop/install.log --install-scripts $base/lib/joy_teleop --single-version-externally-managed
[7.593s] running egg_info
[7.597s] writing ../../../../build/joy_teleop/joy_teleop.egg-info/PKG-INFO
[7.600s] writing dependency_links to ../../../../build/joy_teleop/joy_teleop.egg-info/dependency_links.txt
[7.606s] writing entry points to ../../../../build/joy_teleop/joy_teleop.egg-info/entry_points.txt
[7.606s] writing requirements to ../../../../build/joy_teleop/joy_teleop.egg-info/requires.txt
[7.606s] writing top-level names to ../../../../build/joy_teleop/joy_teleop.egg-info/top_level.txt
[7.756s] reading manifest file '../../../../build/joy_teleop/joy_teleop.egg-info/SOURCES.txt'
[7.763s] writing manifest file '../../../../build/joy_teleop/joy_teleop.egg-info/SOURCES.txt'
[7.765s] running build
[7.766s] running build_py
[7.769s] running install
[7.774s] running install_lib
[7.784s] running install_data
[7.787s] running install_egg_info
[7.796s] removing '/home/f1tenth/f1tenth-ws/install/joy_teleop/lib/python3.8/site-packages/joy_teleop-0.3.0-py3.8.egg-info' (and everything under it)
[7.799s] Copying ../../../../build/joy_teleop/joy_teleop.egg-info to /home/f1tenth/f1tenth-ws/install/joy_teleop/lib/python3.8/site-packages/joy_teleop-0.3.0-py3.8.egg-info
[7.806s] running install_scripts
[7.893s] Installing incrementer_server script to /home/f1tenth/f1tenth-ws/install/joy_teleop/lib/joy_teleop
[7.896s] Installing joy_teleop script to /home/f1tenth/f1tenth-ws/install/joy_teleop/lib/joy_teleop
[7.899s] writing list of installed files to '/home/f1tenth/f1tenth-ws/build/joy_teleop/install.log'
[8.010s] Invoked command in '/home/f1tenth/f1tenth-ws/src/f1tenth_system/teleop_tools/joy_teleop' returned '0': CMAKE_PREFIX_PATH=/home/f1tenth/f1tenth-ws/install/teleop_tools_msgs:/home/f1tenth/f1tenth-ws/install/vesc_driver:/home/f1tenth/f1tenth-ws/install/vesc_ackermann:/home/f1tenth/f1tenth-ws/install/vesc_msgs:/home/f1tenth/f1tenth-ws/install/teleop_tools:/home/f1tenth/f1tenth-ws/install/safety_node:/home/f1tenth/f1tenth-ws/install/ackermann_mux LD_LIBRARY_PATH=/home/f1tenth/f1tenth-ws/install/teleop_tools_msgs/lib:/usr/local/cuda-11.4/lib64:/home/f1tenth/f1tenth-ws/install/vesc_driver/lib:/home/f1tenth/f1tenth-ws/install/vesc_ackermann/lib:/home/f1tenth/f1tenth-ws/install/vesc_msgs/lib:/opt/ros/foxy/opt/yaml_cpp_vendor/lib:/opt/ros/foxy/opt/rviz_ogre_vendor/lib:/opt/ros/foxy/lib/aarch64-linux-gnu:/opt/ros/foxy/lib PYTHONPATH=/home/f1tenth/f1tenth-ws/build/joy_teleop/prefix_override:/home/f1tenth/f1tenth-ws/install/joy_teleop/lib/python3.8/site-packages:/home/f1tenth/f1tenth-ws/install/teleop_tools_msgs/lib/python3.8/site-packages:/home/f1tenth/f1tenth-ws/install/f1tenth_stack/lib/python3.8/site-packages:/home/f1tenth/f1tenth-ws/install/vesc_msgs/lib/python3.8/site-packages:/home/f1tenth/f1tenth-ws/install/joy_teleop/lib/python3.8/site-packages:/home/f1tenth/f1tenth-ws/install/safety_node/lib/python3.8/site-packages:/home/f1tenth/f1tenth-ws/install/mouse_teleop/lib/python3.8/site-packages:/home/f1tenth/f1tenth-ws/install/key_teleop/lib/python3.8/site-packages:/home/f1tenth/f1tenth-ws/install/gap_follow/lib/python3.8/site-packages:/home/f1tenth/f1tenth-ws/install/example_py/lib/python3.8/site-packages:/opt/ros/foxy/lib/python3.8/site-packages /usr/bin/python3 setup.py egg_info --egg-base ../../../../build/joy_teleop build --build-base /home/f1tenth/f1tenth-ws/build/joy_teleop/build install --record /home/f1tenth/f1tenth-ws/build/joy_teleop/install.log --install-scripts $base/lib/joy_teleop --single-version-externally-managed
