[0.561s] Invoking command in '/mnt/nvme0n1/f1tenth_ws/build/vesc': AMENT_PREFIX_PATH=/mnt/nvme0n1/f1tenth_ws/install/vesc_driver:/mnt/nvme0n1/f1tenth_ws/install/vesc_ackermann:/mnt/nvme0n1/f1tenth_ws/install/vesc_msgs:${AMENT_PREFIX_PATH} CMAKE_PREFIX_PATH=/mnt/nvme0n1/f1tenth_ws/install/vesc_driver:/mnt/nvme0n1/f1tenth_ws/install/vesc_ackermann:/mnt/nvme0n1/f1tenth_ws/install/vesc_msgs:/home/f1tenth/f1tenth-ws/install/vesc:/home/f1tenth/f1tenth-ws/install/vesc_driver:/home/f1tenth/f1tenth-ws/install/vesc_ackermann:/home/f1tenth/f1tenth-ws/install/vesc_msgs:/home/f1tenth/f1tenth-ws/install/teleop_tools:/home/f1tenth/f1tenth-ws/install/teleop_tools_msgs:/home/f1tenth/f1tenth-ws/install/ackermann_mux:/home/f1tenth/f1tenth-ws/install/f1tenth_stack:/home/f1tenth/f1tenth-ws/install/joy_teleop:/home/f1tenth/f1tenth-ws/install/mouse_teleop:/home/f1tenth/f1tenth-ws/install/key_teleop:/opt/ros/foxy LD_LIBRARY_PATH=/mnt/nvme0n1/f1tenth_ws/install/vesc_driver/lib:/mnt/nvme0n1/f1tenth_ws/install/vesc_ackermann/lib:/mnt/nvme0n1/f1tenth_ws/install/vesc_msgs/lib:${LD_LIBRARY_PATH} PYTHONPATH=/mnt/nvme0n1/f1tenth_ws/install/vesc_msgs/lib/python3.8/site-packages:${PYTHONPATH} /usr/bin/cmake /mnt/nvme0n1/f1tenth_ws/src/f1tenth_system/vesc/vesc -DCMAKE_INSTALL_PREFIX=/mnt/nvme0n1/f1tenth_ws/install/vesc
[0.853s] -- The C compiler identification is GNU 9.4.0
[1.126s] -- The CXX compiler identification is GNU 9.4.0
[1.149s] -- Check for working C compiler: /usr/bin/cc
[1.501s] -- Check for working C compiler: /usr/bin/cc -- works
[1.506s] -- Detecting C compiler ABI info
[1.869s] -- Detecting C compiler ABI info - done
[1.921s] -- Detecting C compile features
[1.922s] -- Detecting C compile features - done
[1.932s] -- Check for working CXX compiler: /usr/bin/c++
[2.312s] -- Check for working CXX compiler: /usr/bin/c++ -- works
[2.317s] -- Detecting CXX compiler ABI info
[2.703s] -- Detecting CXX compiler ABI info - done
[2.755s] -- Detecting CXX compile features
[2.756s] -- Detecting CXX compile features - done
[2.772s] -- Found ament_cmake_auto: 0.9.12 (/opt/ros/foxy/share/ament_cmake_auto/cmake)
[2.910s] -- Found PythonInterp: /usr/bin/python3 (found suitable version "3.8.10", minimum required is "3") 
[2.911s] -- Using PYTHON_EXECUTABLE: /usr/bin/python3
[4.057s] -- Configuring done
[4.070s] -- Generating done
[4.075s] -- Build files have been written to: /mnt/nvme0n1/f1tenth_ws/build/vesc
[4.090s] Invoked command in '/mnt/nvme0n1/f1tenth_ws/build/vesc' returned '0': AMENT_PREFIX_PATH=/mnt/nvme0n1/f1tenth_ws/install/vesc_driver:/mnt/nvme0n1/f1tenth_ws/install/vesc_ackermann:/mnt/nvme0n1/f1tenth_ws/install/vesc_msgs:${AMENT_PREFIX_PATH} CMAKE_PREFIX_PATH=/mnt/nvme0n1/f1tenth_ws/install/vesc_driver:/mnt/nvme0n1/f1tenth_ws/install/vesc_ackermann:/mnt/nvme0n1/f1tenth_ws/install/vesc_msgs:/home/f1tenth/f1tenth-ws/install/vesc:/home/f1tenth/f1tenth-ws/install/vesc_driver:/home/f1tenth/f1tenth-ws/install/vesc_ackermann:/home/f1tenth/f1tenth-ws/install/vesc_msgs:/home/f1tenth/f1tenth-ws/install/teleop_tools:/home/f1tenth/f1tenth-ws/install/teleop_tools_msgs:/home/f1tenth/f1tenth-ws/install/ackermann_mux:/home/f1tenth/f1tenth-ws/install/f1tenth_stack:/home/f1tenth/f1tenth-ws/install/joy_teleop:/home/f1tenth/f1tenth-ws/install/mouse_teleop:/home/f1tenth/f1tenth-ws/install/key_teleop:/opt/ros/foxy LD_LIBRARY_PATH=/mnt/nvme0n1/f1tenth_ws/install/vesc_driver/lib:/mnt/nvme0n1/f1tenth_ws/install/vesc_ackermann/lib:/mnt/nvme0n1/f1tenth_ws/install/vesc_msgs/lib:${LD_LIBRARY_PATH} PYTHONPATH=/mnt/nvme0n1/f1tenth_ws/install/vesc_msgs/lib/python3.8/site-packages:${PYTHONPATH} /usr/bin/cmake /mnt/nvme0n1/f1tenth_ws/src/f1tenth_system/vesc/vesc -DCMAKE_INSTALL_PREFIX=/mnt/nvme0n1/f1tenth_ws/install/vesc
[4.103s] Invoking command in '/mnt/nvme0n1/f1tenth_ws/build/vesc': AMENT_PREFIX_PATH=/mnt/nvme0n1/f1tenth_ws/install/vesc_driver:/mnt/nvme0n1/f1tenth_ws/install/vesc_ackermann:/mnt/nvme0n1/f1tenth_ws/install/vesc_msgs:${AMENT_PREFIX_PATH} CMAKE_PREFIX_PATH=/mnt/nvme0n1/f1tenth_ws/install/vesc_driver:/mnt/nvme0n1/f1tenth_ws/install/vesc_ackermann:/mnt/nvme0n1/f1tenth_ws/install/vesc_msgs:/home/f1tenth/f1tenth-ws/install/vesc:/home/f1tenth/f1tenth-ws/install/vesc_driver:/home/f1tenth/f1tenth-ws/install/vesc_ackermann:/home/f1tenth/f1tenth-ws/install/vesc_msgs:/home/f1tenth/f1tenth-ws/install/teleop_tools:/home/f1tenth/f1tenth-ws/install/teleop_tools_msgs:/home/f1tenth/f1tenth-ws/install/ackermann_mux:/home/f1tenth/f1tenth-ws/install/f1tenth_stack:/home/f1tenth/f1tenth-ws/install/joy_teleop:/home/f1tenth/f1tenth-ws/install/mouse_teleop:/home/f1tenth/f1tenth-ws/install/key_teleop:/opt/ros/foxy LD_LIBRARY_PATH=/mnt/nvme0n1/f1tenth_ws/install/vesc_driver/lib:/mnt/nvme0n1/f1tenth_ws/install/vesc_ackermann/lib:/mnt/nvme0n1/f1tenth_ws/install/vesc_msgs/lib:${LD_LIBRARY_PATH} PYTHONPATH=/mnt/nvme0n1/f1tenth_ws/install/vesc_msgs/lib/python3.8/site-packages:${PYTHONPATH} /usr/bin/cmake --build /mnt/nvme0n1/f1tenth_ws/build/vesc -- -j4 -l4
[4.293s] Invoked command in '/mnt/nvme0n1/f1tenth_ws/build/vesc' returned '0': AMENT_PREFIX_PATH=/mnt/nvme0n1/f1tenth_ws/install/vesc_driver:/mnt/nvme0n1/f1tenth_ws/install/vesc_ackermann:/mnt/nvme0n1/f1tenth_ws/install/vesc_msgs:${AMENT_PREFIX_PATH} CMAKE_PREFIX_PATH=/mnt/nvme0n1/f1tenth_ws/install/vesc_driver:/mnt/nvme0n1/f1tenth_ws/install/vesc_ackermann:/mnt/nvme0n1/f1tenth_ws/install/vesc_msgs:/home/f1tenth/f1tenth-ws/install/vesc:/home/f1tenth/f1tenth-ws/install/vesc_driver:/home/f1tenth/f1tenth-ws/install/vesc_ackermann:/home/f1tenth/f1tenth-ws/install/vesc_msgs:/home/f1tenth/f1tenth-ws/install/teleop_tools:/home/f1tenth/f1tenth-ws/install/teleop_tools_msgs:/home/f1tenth/f1tenth-ws/install/ackermann_mux:/home/f1tenth/f1tenth-ws/install/f1tenth_stack:/home/f1tenth/f1tenth-ws/install/joy_teleop:/home/f1tenth/f1tenth-ws/install/mouse_teleop:/home/f1tenth/f1tenth-ws/install/key_teleop:/opt/ros/foxy LD_LIBRARY_PATH=/mnt/nvme0n1/f1tenth_ws/install/vesc_driver/lib:/mnt/nvme0n1/f1tenth_ws/install/vesc_ackermann/lib:/mnt/nvme0n1/f1tenth_ws/install/vesc_msgs/lib:${LD_LIBRARY_PATH} PYTHONPATH=/mnt/nvme0n1/f1tenth_ws/install/vesc_msgs/lib/python3.8/site-packages:${PYTHONPATH} /usr/bin/cmake --build /mnt/nvme0n1/f1tenth_ws/build/vesc -- -j4 -l4
[4.410s] Invoking command in '/mnt/nvme0n1/f1tenth_ws/build/vesc': AMENT_PREFIX_PATH=/mnt/nvme0n1/f1tenth_ws/install/vesc_driver:/mnt/nvme0n1/f1tenth_ws/install/vesc_ackermann:/mnt/nvme0n1/f1tenth_ws/install/vesc_msgs:${AMENT_PREFIX_PATH} CMAKE_PREFIX_PATH=/mnt/nvme0n1/f1tenth_ws/install/vesc_driver:/mnt/nvme0n1/f1tenth_ws/install/vesc_ackermann:/mnt/nvme0n1/f1tenth_ws/install/vesc_msgs:/home/f1tenth/f1tenth-ws/install/vesc:/home/f1tenth/f1tenth-ws/install/vesc_driver:/home/f1tenth/f1tenth-ws/install/vesc_ackermann:/home/f1tenth/f1tenth-ws/install/vesc_msgs:/home/f1tenth/f1tenth-ws/install/teleop_tools:/home/f1tenth/f1tenth-ws/install/teleop_tools_msgs:/home/f1tenth/f1tenth-ws/install/ackermann_mux:/home/f1tenth/f1tenth-ws/install/f1tenth_stack:/home/f1tenth/f1tenth-ws/install/joy_teleop:/home/f1tenth/f1tenth-ws/install/mouse_teleop:/home/f1tenth/f1tenth-ws/install/key_teleop:/opt/ros/foxy LD_LIBRARY_PATH=/mnt/nvme0n1/f1tenth_ws/install/vesc_driver/lib:/mnt/nvme0n1/f1tenth_ws/install/vesc_ackermann/lib:/mnt/nvme0n1/f1tenth_ws/install/vesc_msgs/lib:${LD_LIBRARY_PATH} PYTHONPATH=/mnt/nvme0n1/f1tenth_ws/install/vesc_msgs/lib/python3.8/site-packages:${PYTHONPATH} /usr/bin/cmake --install /mnt/nvme0n1/f1tenth_ws/build/vesc
[4.448s] -- Install configuration: ""
[4.449s] -- Up-to-date: /mnt/nvme0n1/f1tenth_ws/install/vesc/share/ament_index/resource_index/package_run_dependencies/vesc
[4.449s] -- Installing: /mnt/nvme0n1/f1tenth_ws/install/vesc/share/ament_index/resource_index/parent_prefix_path/vesc
[4.451s] -- Up-to-date: /mnt/nvme0n1/f1tenth_ws/install/vesc/share/vesc/environment/ament_prefix_path.sh
[4.452s] -- Installing: /mnt/nvme0n1/f1tenth_ws/install/vesc/share/vesc/environment/ament_prefix_path.dsv
[4.452s] -- Up-to-date: /mnt/nvme0n1/f1tenth_ws/install/vesc/share/vesc/environment/path.sh
[4.453s] -- Installing: /mnt/nvme0n1/f1tenth_ws/install/vesc/share/vesc/environment/path.dsv
[4.453s] -- Up-to-date: /mnt/nvme0n1/f1tenth_ws/install/vesc/share/vesc/local_setup.bash
[4.453s] -- Installing: /mnt/nvme0n1/f1tenth_ws/install/vesc/share/vesc/local_setup.sh
[4.454s] -- Up-to-date: /mnt/nvme0n1/f1tenth_ws/install/vesc/share/vesc/local_setup.zsh
[4.454s] -- Installing: /mnt/nvme0n1/f1tenth_ws/install/vesc/share/vesc/local_setup.dsv
[4.455s] -- Installing: /mnt/nvme0n1/f1tenth_ws/install/vesc/share/vesc/package.dsv
[4.456s] -- Up-to-date: /mnt/nvme0n1/f1tenth_ws/install/vesc/share/ament_index/resource_index/packages/vesc
[4.457s] -- Up-to-date: /mnt/nvme0n1/f1tenth_ws/install/vesc/share/vesc/cmake/vescConfig.cmake
[4.457s] -- Up-to-date: /mnt/nvme0n1/f1tenth_ws/install/vesc/share/vesc/cmake/vescConfig-version.cmake
[4.457s] -- Up-to-date: /mnt/nvme0n1/f1tenth_ws/install/vesc/share/vesc/package.xml
[4.469s] Invoked command in '/mnt/nvme0n1/f1tenth_ws/build/vesc' returned '0': AMENT_PREFIX_PATH=/mnt/nvme0n1/f1tenth_ws/install/vesc_driver:/mnt/nvme0n1/f1tenth_ws/install/vesc_ackermann:/mnt/nvme0n1/f1tenth_ws/install/vesc_msgs:${AMENT_PREFIX_PATH} CMAKE_PREFIX_PATH=/mnt/nvme0n1/f1tenth_ws/install/vesc_driver:/mnt/nvme0n1/f1tenth_ws/install/vesc_ackermann:/mnt/nvme0n1/f1tenth_ws/install/vesc_msgs:/home/f1tenth/f1tenth-ws/install/vesc:/home/f1tenth/f1tenth-ws/install/vesc_driver:/home/f1tenth/f1tenth-ws/install/vesc_ackermann:/home/f1tenth/f1tenth-ws/install/vesc_msgs:/home/f1tenth/f1tenth-ws/install/teleop_tools:/home/f1tenth/f1tenth-ws/install/teleop_tools_msgs:/home/f1tenth/f1tenth-ws/install/ackermann_mux:/home/f1tenth/f1tenth-ws/install/f1tenth_stack:/home/f1tenth/f1tenth-ws/install/joy_teleop:/home/f1tenth/f1tenth-ws/install/mouse_teleop:/home/f1tenth/f1tenth-ws/install/key_teleop:/opt/ros/foxy LD_LIBRARY_PATH=/mnt/nvme0n1/f1tenth_ws/install/vesc_driver/lib:/mnt/nvme0n1/f1tenth_ws/install/vesc_ackermann/lib:/mnt/nvme0n1/f1tenth_ws/install/vesc_msgs/lib:${LD_LIBRARY_PATH} PYTHONPATH=/mnt/nvme0n1/f1tenth_ws/install/vesc_msgs/lib/python3.8/site-packages:${PYTHONPATH} /usr/bin/cmake --install /mnt/nvme0n1/f1tenth_ws/build/vesc
