[9.416s] Invoking command in '/home/f1tenth/f1tenth-ws/src/test_driving_2/example_py': PYTHONPATH=/home/f1tenth/f1tenth-ws/build/example_py/prefix_override:/home/f1tenth/f1tenth-ws/install/example_py/lib/python3.8/site-packages:${PYTHONPATH} /usr/bin/python3 setup.py egg_info --egg-base ../../../build/example_py build --build-base /home/f1tenth/f1tenth-ws/build/example_py/build install --record /home/f1tenth/f1tenth-ws/build/example_py/install.log --install-scripts $base/lib/example_py --single-version-externally-managed
[10.586s] running egg_info
[10.589s] writing ../../../build/example_py/example_py.egg-info/PKG-INFO
[10.590s] writing dependency_links to ../../../build/example_py/example_py.egg-info/dependency_links.txt
[10.592s] writing entry points to ../../../build/example_py/example_py.egg-info/entry_points.txt
[10.592s] writing requirements to ../../../build/example_py/example_py.egg-info/requires.txt
[10.593s] writing top-level names to ../../../build/example_py/example_py.egg-info/top_level.txt
[10.740s] reading manifest file '../../../build/example_py/example_py.egg-info/SOURCES.txt'
[10.743s] writing manifest file '../../../build/example_py/example_py.egg-info/SOURCES.txt'
[10.744s] running build
[10.744s] running build_py
[10.745s] running install
[10.748s] running install_lib
[10.755s] running install_data
[10.756s] running install_egg_info
[10.765s] removing '/home/f1tenth/f1tenth-ws/install/example_py/lib/python3.8/site-packages/example_py-0.0.0-py3.8.egg-info' (and everything under it)
[10.765s] Copying ../../../build/example_py/example_py.egg-info to /home/f1tenth/f1tenth-ws/install/example_py/lib/python3.8/site-packages/example_py-0.0.0-py3.8.egg-info
[10.770s] running install_scripts
[10.848s] Installing li4_node script to /home/f1tenth/f1tenth-ws/install/example_py/lib/example_py
[10.848s] writing list of installed files to '/home/f1tenth/f1tenth-ws/build/example_py/install.log'
[10.968s] Invoked command in '/home/f1tenth/f1tenth-ws/src/test_driving_2/example_py' returned '0': PYTHONPATH=/home/f1tenth/f1tenth-ws/build/example_py/prefix_override:/home/f1tenth/f1tenth-ws/install/example_py/lib/python3.8/site-packages:${PYTHONPATH} /usr/bin/python3 setup.py egg_info --egg-base ../../../build/example_py build --build-base /home/f1tenth/f1tenth-ws/build/example_py/build install --record /home/f1tenth/f1tenth-ws/build/example_py/install.log --install-scripts $base/lib/example_py --single-version-externally-managed
