[1.088s] Invoking command in '/home/william/sim_ws/build/interfaces_hot_wheels': CMAKE_PREFIX_PATH=${CMAKE_PREFIX_PATH}:/home/william/sim_ws/install/particle_filter:/home/william/sim_ws/install/f1tenth_gym_ros:/opt/ros/foxy /usr/bin/cmake --build /home/william/sim_ws/build/interfaces_hot_wheels -- -j8 -l8
[2.034s] [  6%] Built target interfaces_hot_wheels__cpp
[2.035s] [ 12%] Built target interfaces_hot_wheels__rosidl_generator_c
[2.035s] [ 22%] Built target interfaces_hot_wheels__rosidl_typesupport_cpp
[2.035s] [ 32%] Built target interfaces_hot_wheels__rosidl_typesupport_introspection_c
[2.035s] [ 41%] Built target interfaces_hot_wheels__rosidl_typesupport_introspection_cpp
[2.035s] [ 51%] Built target interfaces_hot_wheels__rosidl_typesupport_fastrtps_cpp
[2.036s] [ 61%] Built target interfaces_hot_wheels__rosidl_typesupport_c
[2.036s] [ 70%] Built target interfaces_hot_wheels__rosidl_typesupport_fastrtps_c
[2.036s] [ 70%] Built target interfaces_hot_wheels
[2.037s] [ 74%] Built target interfaces_hot_wheels__py
[2.038s] [ 80%] Built target interfaces_hot_wheels__python
[2.040s] [100%] Built target interfaces_hot_wheels__rosidl_typesupport_introspection_c__pyext
[2.040s] [100%] Built target interfaces_hot_wheels__rosidl_typesupport_fastrtps_c__pyext
[2.040s] [100%] Built target interfaces_hot_wheels__rosidl_typesupport_c__pyext
[2.047s] Invoked command in '/home/william/sim_ws/build/interfaces_hot_wheels' returned '0': CMAKE_PREFIX_PATH=${CMAKE_PREFIX_PATH}:/home/william/sim_ws/install/particle_filter:/home/william/sim_ws/install/f1tenth_gym_ros:/opt/ros/foxy /usr/bin/cmake --build /home/william/sim_ws/build/interfaces_hot_wheels -- -j8 -l8
[2.094s] Invoking command in '/home/william/sim_ws/build/interfaces_hot_wheels': CMAKE_PREFIX_PATH=${CMAKE_PREFIX_PATH}:/home/william/sim_ws/install/particle_filter:/home/william/sim_ws/install/f1tenth_gym_ros:/opt/ros/foxy /usr/bin/cmake --install /home/william/sim_ws/build/interfaces_hot_wheels
[2.105s] -- Install configuration: ""
[2.106s] -- Up-to-date: /home/william/sim_ws/install/interfaces_hot_wheels/share/ament_index/resource_index/rosidl_interfaces/interfaces_hot_wheels
[2.106s] -- Up-to-date: /home/william/sim_ws/install/interfaces_hot_wheels/include/interfaces_hot_wheels
[2.106s] -- Up-to-date: /home/william/sim_ws/install/interfaces_hot_wheels/include/interfaces_hot_wheels/msg
[2.106s] -- Up-to-date: /home/william/sim_ws/install/interfaces_hot_wheels/include/interfaces_hot_wheels/msg/waypoint.h
[2.106s] -- Up-to-date: /home/william/sim_ws/install/interfaces_hot_wheels/include/interfaces_hot_wheels/msg/rosidl_generator_c__visibility_control.h
[2.106s] -- Up-to-date: /home/william/sim_ws/install/interfaces_hot_wheels/include/interfaces_hot_wheels/msg/detail
[2.106s] -- Up-to-date: /home/william/sim_ws/install/interfaces_hot_wheels/include/interfaces_hot_wheels/msg/detail/waypoint__functions.h
[2.106s] -- Up-to-date: /home/william/sim_ws/install/interfaces_hot_wheels/include/interfaces_hot_wheels/msg/detail/waypoint__functions.c
[2.107s] -- Up-to-date: /home/william/sim_ws/install/interfaces_hot_wheels/include/interfaces_hot_wheels/msg/detail/waypoint__type_support.h
[2.107s] -- Up-to-date: /home/william/sim_ws/install/interfaces_hot_wheels/include/interfaces_hot_wheels/msg/detail/waypoint__struct.h
[2.107s] -- Up-to-date: /home/william/sim_ws/install/interfaces_hot_wheels/share/interfaces_hot_wheels/environment/library_path.sh
[2.107s] -- Up-to-date: /home/william/sim_ws/install/interfaces_hot_wheels/share/interfaces_hot_wheels/environment/library_path.dsv
[2.107s] -- Up-to-date: /home/william/sim_ws/install/interfaces_hot_wheels/lib/libinterfaces_hot_wheels__rosidl_generator_c.so
[2.107s] -- Up-to-date: /home/william/sim_ws/install/interfaces_hot_wheels/include/interfaces_hot_wheels
[2.107s] -- Up-to-date: /home/william/sim_ws/install/interfaces_hot_wheels/include/interfaces_hot_wheels/msg
[2.107s] -- Up-to-date: /home/william/sim_ws/install/interfaces_hot_wheels/include/interfaces_hot_wheels/msg/detail
[2.108s] -- Up-to-date: /home/william/sim_ws/install/interfaces_hot_wheels/include/interfaces_hot_wheels/msg/detail/waypoint__rosidl_typesupport_fastrtps_c.h
[2.108s] -- Up-to-date: /home/william/sim_ws/install/interfaces_hot_wheels/include/interfaces_hot_wheels/msg/rosidl_typesupport_fastrtps_c__visibility_control.h
[2.108s] -- Up-to-date: /home/william/sim_ws/install/interfaces_hot_wheels/lib/libinterfaces_hot_wheels__rosidl_typesupport_fastrtps_c.so
[2.108s] -- Up-to-date: /home/william/sim_ws/install/interfaces_hot_wheels/include/interfaces_hot_wheels
[2.108s] -- Up-to-date: /home/william/sim_ws/install/interfaces_hot_wheels/include/interfaces_hot_wheels/msg
[2.108s] -- Up-to-date: /home/william/sim_ws/install/interfaces_hot_wheels/include/interfaces_hot_wheels/msg/rosidl_typesupport_fastrtps_cpp__visibility_control.h
[2.108s] -- Up-to-date: /home/william/sim_ws/install/interfaces_hot_wheels/include/interfaces_hot_wheels/msg/detail
[2.109s] -- Up-to-date: /home/william/sim_ws/install/interfaces_hot_wheels/include/interfaces_hot_wheels/msg/detail/dds_fastrtps
[2.109s] -- Up-to-date: /home/william/sim_ws/install/interfaces_hot_wheels/include/interfaces_hot_wheels/msg/detail/waypoint__rosidl_typesupport_fastrtps_cpp.hpp
[2.109s] -- Up-to-date: /home/william/sim_ws/install/interfaces_hot_wheels/lib/libinterfaces_hot_wheels__rosidl_typesupport_fastrtps_cpp.so
[2.109s] -- Up-to-date: /home/william/sim_ws/install/interfaces_hot_wheels/include/interfaces_hot_wheels
[2.109s] -- Up-to-date: /home/william/sim_ws/install/interfaces_hot_wheels/include/interfaces_hot_wheels/msg
[2.109s] -- Up-to-date: /home/william/sim_ws/install/interfaces_hot_wheels/include/interfaces_hot_wheels/msg/rosidl_typesupport_introspection_c__visibility_control.h
[2.109s] -- Up-to-date: /home/william/sim_ws/install/interfaces_hot_wheels/include/interfaces_hot_wheels/msg/detail
[2.109s] -- Up-to-date: /home/william/sim_ws/install/interfaces_hot_wheels/include/interfaces_hot_wheels/msg/detail/waypoint__rosidl_typesupport_introspection_c.h
[2.110s] -- Up-to-date: /home/william/sim_ws/install/interfaces_hot_wheels/include/interfaces_hot_wheels/msg/detail/waypoint__type_support.c
[2.110s] -- Up-to-date: /home/william/sim_ws/install/interfaces_hot_wheels/lib/libinterfaces_hot_wheels__rosidl_typesupport_introspection_c.so
[2.110s] -- Up-to-date: /home/william/sim_ws/install/interfaces_hot_wheels/lib/libinterfaces_hot_wheels__rosidl_typesupport_c.so
[2.110s] -- Up-to-date: /home/william/sim_ws/install/interfaces_hot_wheels/include/interfaces_hot_wheels
[2.110s] -- Up-to-date: /home/william/sim_ws/install/interfaces_hot_wheels/include/interfaces_hot_wheels/msg
[2.111s] -- Up-to-date: /home/william/sim_ws/install/interfaces_hot_wheels/include/interfaces_hot_wheels/msg/waypoint.hpp
[2.111s] -- Up-to-date: /home/william/sim_ws/install/interfaces_hot_wheels/include/interfaces_hot_wheels/msg/detail
[2.111s] -- Up-to-date: /home/william/sim_ws/install/interfaces_hot_wheels/include/interfaces_hot_wheels/msg/detail/waypoint__type_support.hpp
[2.111s] -- Up-to-date: /home/william/sim_ws/install/interfaces_hot_wheels/include/interfaces_hot_wheels/msg/detail/waypoint__builder.hpp
[2.111s] -- Up-to-date: /home/william/sim_ws/install/interfaces_hot_wheels/include/interfaces_hot_wheels/msg/detail/waypoint__struct.hpp
[2.111s] -- Up-to-date: /home/william/sim_ws/install/interfaces_hot_wheels/include/interfaces_hot_wheels/msg/detail/waypoint__traits.hpp
[2.111s] -- Up-to-date: /home/william/sim_ws/install/interfaces_hot_wheels/include/interfaces_hot_wheels/msg/rosidl_generator_cpp__visibility_control.hpp
[2.111s] -- Up-to-date: /home/william/sim_ws/install/interfaces_hot_wheels/include/interfaces_hot_wheels
[2.112s] -- Up-to-date: /home/william/sim_ws/install/interfaces_hot_wheels/include/interfaces_hot_wheels/msg
[2.112s] -- Up-to-date: /home/william/sim_ws/install/interfaces_hot_wheels/include/interfaces_hot_wheels/msg/detail
[2.112s] -- Up-to-date: /home/william/sim_ws/install/interfaces_hot_wheels/include/interfaces_hot_wheels/msg/detail/waypoint__type_support.cpp
[2.112s] -- Up-to-date: /home/william/sim_ws/install/interfaces_hot_wheels/include/interfaces_hot_wheels/msg/detail/waypoint__rosidl_typesupport_introspection_cpp.hpp
[2.112s] -- Up-to-date: /home/william/sim_ws/install/interfaces_hot_wheels/lib/libinterfaces_hot_wheels__rosidl_typesupport_introspection_cpp.so
[2.112s] -- Up-to-date: /home/william/sim_ws/install/interfaces_hot_wheels/lib/libinterfaces_hot_wheels__rosidl_typesupport_cpp.so
[2.112s] -- Up-to-date: /home/william/sim_ws/install/interfaces_hot_wheels/share/interfaces_hot_wheels/environment/pythonpath.sh
[2.112s] -- Up-to-date: /home/william/sim_ws/install/interfaces_hot_wheels/share/interfaces_hot_wheels/environment/pythonpath.dsv
[2.112s] -- Up-to-date: /home/william/sim_ws/install/interfaces_hot_wheels/lib/python3.8/site-packages/interfaces_hot_wheels/__init__.py
[2.161s] -- Up-to-date: /home/william/sim_ws/install/interfaces_hot_wheels/lib/python3.8/site-packages/interfaces_hot_wheels/msg
[2.161s] -- Up-to-date: /home/william/sim_ws/install/interfaces_hot_wheels/lib/python3.8/site-packages/interfaces_hot_wheels/msg/_waypoint_s.c
[2.162s] -- Up-to-date: /home/william/sim_ws/install/interfaces_hot_wheels/lib/python3.8/site-packages/interfaces_hot_wheels/msg/_waypoint.py
[2.163s] -- Up-to-date: /home/william/sim_ws/install/interfaces_hot_wheels/lib/python3.8/site-packages/interfaces_hot_wheels/msg/__init__.py
[2.163s] -- Up-to-date: /home/william/sim_ws/install/interfaces_hot_wheels/lib/python3.8/site-packages/interfaces_hot_wheels/interfaces_hot_wheels_s__rosidl_typesupport_fastrtps_c.cpython-38-x86_64-linux-gnu.so
[2.164s] -- Up-to-date: /home/william/sim_ws/install/interfaces_hot_wheels/lib/python3.8/site-packages/interfaces_hot_wheels/interfaces_hot_wheels_s__rosidl_typesupport_introspection_c.cpython-38-x86_64-linux-gnu.so
[2.164s] -- Up-to-date: /home/william/sim_ws/install/interfaces_hot_wheels/lib/python3.8/site-packages/interfaces_hot_wheels/interfaces_hot_wheels_s__rosidl_typesupport_c.cpython-38-x86_64-linux-gnu.so
[2.164s] -- Up-to-date: /home/william/sim_ws/install/interfaces_hot_wheels/lib/libinterfaces_hot_wheels__python.so
[2.165s] -- Up-to-date: /home/william/sim_ws/install/interfaces_hot_wheels/share/interfaces_hot_wheels/msg/Waypoint.idl
[2.165s] -- Up-to-date: /home/william/sim_ws/install/interfaces_hot_wheels/share/interfaces_hot_wheels/msg/Waypoint.msg
[2.165s] -- Up-to-date: /home/william/sim_ws/install/interfaces_hot_wheels/share/ament_index/resource_index/package_run_dependencies/interfaces_hot_wheels
[2.165s] -- Up-to-date: /home/william/sim_ws/install/interfaces_hot_wheels/share/ament_index/resource_index/parent_prefix_path/interfaces_hot_wheels
[2.166s] -- Up-to-date: /home/william/sim_ws/install/interfaces_hot_wheels/share/interfaces_hot_wheels/environment/ament_prefix_path.sh
[2.166s] -- Up-to-date: /home/william/sim_ws/install/interfaces_hot_wheels/share/interfaces_hot_wheels/environment/ament_prefix_path.dsv
[2.168s] -- Up-to-date: /home/william/sim_ws/install/interfaces_hot_wheels/share/interfaces_hot_wheels/environment/path.sh
[2.168s] -- Up-to-date: /home/william/sim_ws/install/interfaces_hot_wheels/share/interfaces_hot_wheels/environment/path.dsv
[2.168s] -- Up-to-date: /home/william/sim_ws/install/interfaces_hot_wheels/share/interfaces_hot_wheels/local_setup.bash
[2.170s] -- Up-to-date: /home/william/sim_ws/install/interfaces_hot_wheels/share/interfaces_hot_wheels/local_setup.sh
[2.170s] -- Up-to-date: /home/william/sim_ws/install/interfaces_hot_wheels/share/interfaces_hot_wheels/local_setup.zsh
[2.171s] -- Up-to-date: /home/william/sim_ws/install/interfaces_hot_wheels/share/interfaces_hot_wheels/local_setup.dsv
[2.171s] -- Installing: /home/william/sim_ws/install/interfaces_hot_wheels/share/interfaces_hot_wheels/package.dsv
[2.172s] -- Up-to-date: /home/william/sim_ws/install/interfaces_hot_wheels/share/ament_index/resource_index/packages/interfaces_hot_wheels
[2.173s] -- Up-to-date: /home/william/sim_ws/install/interfaces_hot_wheels/share/interfaces_hot_wheels/cmake/interfaces_hot_wheels__rosidl_generator_cExport.cmake
[2.173s] -- Up-to-date: /home/william/sim_ws/install/interfaces_hot_wheels/share/interfaces_hot_wheels/cmake/interfaces_hot_wheels__rosidl_generator_cExport-noconfig.cmake
[2.173s] -- Up-to-date: /home/william/sim_ws/install/interfaces_hot_wheels/share/interfaces_hot_wheels/cmake/interfaces_hot_wheels__rosidl_typesupport_introspection_cExport.cmake
[2.174s] -- Up-to-date: /home/william/sim_ws/install/interfaces_hot_wheels/share/interfaces_hot_wheels/cmake/interfaces_hot_wheels__rosidl_typesupport_introspection_cExport-noconfig.cmake
[2.175s] -- Up-to-date: /home/william/sim_ws/install/interfaces_hot_wheels/share/interfaces_hot_wheels/cmake/interfaces_hot_wheels__rosidl_typesupport_cExport.cmake
[2.175s] -- Up-to-date: /home/william/sim_ws/install/interfaces_hot_wheels/share/interfaces_hot_wheels/cmake/interfaces_hot_wheels__rosidl_typesupport_cExport-noconfig.cmake
[2.175s] -- Up-to-date: /home/william/sim_ws/install/interfaces_hot_wheels/share/interfaces_hot_wheels/cmake/interfaces_hot_wheels__rosidl_generator_cppExport.cmake
[2.176s] -- Up-to-date: /home/william/sim_ws/install/interfaces_hot_wheels/share/interfaces_hot_wheels/cmake/interfaces_hot_wheels__rosidl_typesupport_introspection_cppExport.cmake
[2.176s] -- Up-to-date: /home/william/sim_ws/install/interfaces_hot_wheels/share/interfaces_hot_wheels/cmake/interfaces_hot_wheels__rosidl_typesupport_introspection_cppExport-noconfig.cmake
[2.177s] -- Up-to-date: /home/william/sim_ws/install/interfaces_hot_wheels/share/interfaces_hot_wheels/cmake/interfaces_hot_wheels__rosidl_typesupport_cppExport.cmake
[2.177s] -- Up-to-date: /home/william/sim_ws/install/interfaces_hot_wheels/share/interfaces_hot_wheels/cmake/interfaces_hot_wheels__rosidl_typesupport_cppExport-noconfig.cmake
[2.178s] -- Up-to-date: /home/william/sim_ws/install/interfaces_hot_wheels/share/interfaces_hot_wheels/cmake/rosidl_cmake-extras.cmake
[2.178s] -- Up-to-date: /home/william/sim_ws/install/interfaces_hot_wheels/share/interfaces_hot_wheels/cmake/ament_cmake_export_dependencies-extras.cmake
[2.179s] -- Up-to-date: /home/william/sim_ws/install/interfaces_hot_wheels/share/interfaces_hot_wheels/cmake/ament_cmake_export_libraries-extras.cmake
[2.179s] -- Up-to-date: /home/william/sim_ws/install/interfaces_hot_wheels/share/interfaces_hot_wheels/cmake/ament_cmake_export_targets-extras.cmake
[2.179s] -- Up-to-date: /home/william/sim_ws/install/interfaces_hot_wheels/share/interfaces_hot_wheels/cmake/ament_cmake_export_include_directories-extras.cmake
[2.180s] -- Up-to-date: /home/william/sim_ws/install/interfaces_hot_wheels/share/interfaces_hot_wheels/cmake/rosidl_cmake_export_typesupport_libraries-extras.cmake
[2.181s] -- Up-to-date: /home/william/sim_ws/install/interfaces_hot_wheels/share/interfaces_hot_wheels/cmake/rosidl_cmake_export_typesupport_targets-extras.cmake
[2.181s] -- Up-to-date: /home/william/sim_ws/install/interfaces_hot_wheels/share/interfaces_hot_wheels/cmake/interfaces_hot_wheelsConfig.cmake
[2.181s] -- Up-to-date: /home/william/sim_ws/install/interfaces_hot_wheels/share/interfaces_hot_wheels/cmake/interfaces_hot_wheelsConfig-version.cmake
[2.182s] -- Up-to-date: /home/william/sim_ws/install/interfaces_hot_wheels/share/interfaces_hot_wheels/package.xml
[2.384s] Invoked command in '/home/william/sim_ws/build/interfaces_hot_wheels' returned '0': CMAKE_PREFIX_PATH=${CMAKE_PREFIX_PATH}:/home/william/sim_ws/install/particle_filter:/home/william/sim_ws/install/f1tenth_gym_ros:/opt/ros/foxy /usr/bin/cmake --install /home/william/sim_ws/build/interfaces_hot_wheels
