-- Found ament_cmake: 0.9.12 (/opt/ros/foxy/share/ament_cmake/cmake)
-- Using PYTHON_EXECUTABLE: /usr/bin/python3
-- Found rclcpp: 2.4.3 (/opt/ros/foxy/share/rclcpp/cmake)
-- Using all available rosidl_typesupport_c: rosidl_typesupport_fastrtps_c;rosidl_typesupport_introspection_c
-- Found rosidl_adapter: 1.3.1 (/opt/ros/foxy/share/rosidl_adapter/cmake)
-- Using all available rosidl_typesupport_cpp: rosidl_typesupport_fastrtps_cpp;rosidl_typesupport_introspection_cpp
-- Found rmw_implementation_cmake: 1.0.4 (/opt/ros/foxy/share/rmw_implementation_cmake/cmake)
-- Using RMW implementation 'rmw_fastrtps_cpp' as default
-- Found rclpy: 1.0.13 (/opt/ros/foxy/share/rclpy/cmake)
-- Found geometry_msgs: 2.0.5 (/opt/ros/foxy/share/geometry_msgs/cmake)
-- Found nav_msgs: 2.0.5 (/opt/ros/foxy/share/nav_msgs/cmake)
-- Found ackermann_msgs: 2.0.2 (/opt/ros/foxy/share/ackermann_msgs/cmake)
-- Found sensor_msgs: 2.0.5 (/opt/ros/foxy/share/sensor_msgs/cmake)
-- Found visualization_msgs: 2.0.5 (/opt/ros/foxy/share/visualization_msgs/cmake)
-- Found eigen3_cmake_module: 0.1.1 (/opt/ros/foxy/share/eigen3_cmake_module/cmake)
-- Found Eigen3: TRUE (found version "3.3.7") 
-- Found tf2_ros: 0.13.14 (/opt/ros/foxy/share/tf2_ros/cmake)
-- Configuring done
-- Generating done
-- Build files have been written to: /home/william/sim_ws/build/pure_pursuit
[35m[1mScanning dependencies of target waypoint_visualizer[0m
[35m[1mScanning dependencies of target pure_pursuit[0m
[ 25%] [32mBuilding CXX object CMakeFiles/waypoint_visualizer.dir/src/waypoint_visualizer.cpp.o[0m
[ 50%] [32mBuilding CXX object CMakeFiles/pure_pursuit.dir/src/pure_pursuit.cpp.o[0m
[ 75%] [32m[1mLinking CXX executable waypoint_visualizer[0m
[ 75%] Built target waypoint_visualizer
[100%] [32m[1mLinking CXX executable pure_pursuit[0m
[100%] Built target pure_pursuit
-- Install configuration: ""
-- Installing: /home/william/sim_ws/install/pure_pursuit/lib/pure_pursuit/pure_pursuit
-- Set runtime path of "/home/william/sim_ws/install/pure_pursuit/lib/pure_pursuit/pure_pursuit" to ""
-- Installing: /home/william/sim_ws/install/pure_pursuit/lib/pure_pursuit/waypoint_visualizer
-- Set runtime path of "/home/william/sim_ws/install/pure_pursuit/lib/pure_pursuit/waypoint_visualizer" to ""
-- Installing: /home/william/sim_ws/install/pure_pursuit/share/pure_pursuit/launch
-- Installing: /home/william/sim_ws/install/pure_pursuit/share/pure_pursuit/launch/pure_pursuit.rviz
-- Installing: /home/william/sim_ws/install/pure_pursuit/share/pure_pursuit/launch/sim_pure_pursuit_launch.py
-- Installing: /home/william/sim_ws/install/pure_pursuit/share/pure_pursuit/launch/pure_pursuit_launch.py
-- Installing: /home/william/sim_ws/install/pure_pursuit/share/pure_pursuit/launch/sim_pure_pursuit.rviz
-- Installing: /home/william/sim_ws/install/pure_pursuit/share/pure_pursuit/config
-- Installing: /home/william/sim_ws/install/pure_pursuit/share/pure_pursuit/config/config.yaml
-- Installing: /home/william/sim_ws/install/pure_pursuit/share/pure_pursuit/config/sim_config.yaml
-- Installing: /home/william/sim_ws/install/pure_pursuit/share/ament_index/resource_index/package_run_dependencies/pure_pursuit
-- Installing: /home/william/sim_ws/install/pure_pursuit/share/ament_index/resource_index/parent_prefix_path/pure_pursuit
-- Installing: /home/william/sim_ws/install/pure_pursuit/share/pure_pursuit/environment/ament_prefix_path.sh
-- Installing: /home/william/sim_ws/install/pure_pursuit/share/pure_pursuit/environment/ament_prefix_path.dsv
-- Installing: /home/william/sim_ws/install/pure_pursuit/share/pure_pursuit/environment/path.sh
-- Installing: /home/william/sim_ws/install/pure_pursuit/share/pure_pursuit/environment/path.dsv
-- Installing: /home/william/sim_ws/install/pure_pursuit/share/pure_pursuit/local_setup.bash
-- Installing: /home/william/sim_ws/install/pure_pursuit/share/pure_pursuit/local_setup.sh
-- Installing: /home/william/sim_ws/install/pure_pursuit/share/pure_pursuit/local_setup.zsh
-- Installing: /home/william/sim_ws/install/pure_pursuit/share/pure_pursuit/local_setup.dsv
-- Installing: /home/william/sim_ws/install/pure_pursuit/share/pure_pursuit/package.dsv
-- Installing: /home/william/sim_ws/install/pure_pursuit/share/ament_index/resource_index/packages/pure_pursuit
-- Installing: /home/william/sim_ws/install/pure_pursuit/share/pure_pursuit/cmake/pure_pursuitConfig.cmake
-- Installing: /home/william/sim_ws/install/pure_pursuit/share/pure_pursuit/cmake/pure_pursuitConfig-version.cmake
-- Installing: /home/william/sim_ws/install/pure_pursuit/share/pure_pursuit/package.xml
