[3.784s] Invoking command in '/home/f1tenth/f1tenth-ws/build/gap_follow': CMAKE_PREFIX_PATH=${CMAKE_PREFIX_PATH}:/home/f1tenth/f1tenth-ws/install/f1tenth_stack:/home/f1tenth/f1tenth-ws/install/joy_teleop:/home/f1tenth/f1tenth-ws/install/particle_filter:/home/f1tenth/f1tenth-ws/install/mouse_teleop:/home/f1tenth/f1tenth-ws/install/key_teleop:/home/f1tenth/f1tenth-ws/install/example_py:/home/f1tenth/f1tenth-ws/install/autonomous_drive:/opt/ros/foxy /usr/bin/cmake --build /home/f1tenth/f1tenth-ws/build/gap_follow -- -j4 -l4
[4.486s] [100%] Built target reactive_node
[4.545s] Invoked command in '/home/f1tenth/f1tenth-ws/build/gap_follow' returned '0': CMAKE_PREFIX_PATH=${CMAKE_PREFIX_PATH}:/home/f1tenth/f1tenth-ws/install/f1tenth_stack:/home/f1tenth/f1tenth-ws/install/joy_teleop:/home/f1tenth/f1tenth-ws/install/particle_filter:/home/f1tenth/f1tenth-ws/install/mouse_teleop:/home/f1tenth/f1tenth-ws/install/key_teleop:/home/f1tenth/f1tenth-ws/install/example_py:/home/f1tenth/f1tenth-ws/install/autonomous_drive:/opt/ros/foxy /usr/bin/cmake --build /home/f1tenth/f1tenth-ws/build/gap_follow -- -j4 -l4
[6.238s] Invoking command in '/home/f1tenth/f1tenth-ws/build/gap_follow': CMAKE_PREFIX_PATH=${CMAKE_PREFIX_PATH}:/home/f1tenth/f1tenth-ws/install/f1tenth_stack:/home/f1tenth/f1tenth-ws/install/joy_teleop:/home/f1tenth/f1tenth-ws/install/particle_filter:/home/f1tenth/f1tenth-ws/install/mouse_teleop:/home/f1tenth/f1tenth-ws/install/key_teleop:/home/f1tenth/f1tenth-ws/install/example_py:/home/f1tenth/f1tenth-ws/install/autonomous_drive:/opt/ros/foxy /usr/bin/cmake --install /home/f1tenth/f1tenth-ws/build/gap_follow
[6.311s] -- Install configuration: ""
[6.314s] -- Up-to-date: /home/f1tenth/f1tenth-ws/install/gap_follow/lib/gap_follow/reactive_node
[6.315s] -- Up-to-date: /home/f1tenth/f1tenth-ws/install/gap_follow/share/gap_follow/environment/pythonpath.sh
[6.316s] -- Up-to-date: /home/f1tenth/f1tenth-ws/install/gap_follow/share/gap_follow/environment/pythonpath.dsv
[6.316s] -- Up-to-date: /home/f1tenth/f1tenth-ws/install/gap_follow/lib/python3.8/site-packages/gap_follow
[6.317s] -- Up-to-date: /home/f1tenth/f1tenth-ws/install/gap_follow/lib/python3.8/site-packages/gap_follow/__init__.py
[6.465s] Listing '/home/f1tenth/f1tenth-ws/install/gap_follow/lib/python3.8/site-packages/gap_follow'...
[6.481s] -- Up-to-date: /home/f1tenth/f1tenth-ws/install/gap_follow/lib/gap_follow/reactive_node.py
[6.481s] -- Up-to-date: /home/f1tenth/f1tenth-ws/install/gap_follow/share/ament_index/resource_index/package_run_dependencies/gap_follow
[6.484s] -- Up-to-date: /home/f1tenth/f1tenth-ws/install/gap_follow/share/ament_index/resource_index/parent_prefix_path/gap_follow
[6.485s] -- Up-to-date: /home/f1tenth/f1tenth-ws/install/gap_follow/share/gap_follow/environment/ament_prefix_path.sh
[6.485s] -- Up-to-date: /home/f1tenth/f1tenth-ws/install/gap_follow/share/gap_follow/environment/ament_prefix_path.dsv
[6.486s] -- Up-to-date: /home/f1tenth/f1tenth-ws/install/gap_follow/share/gap_follow/environment/path.sh
[6.486s] -- Up-to-date: /home/f1tenth/f1tenth-ws/install/gap_follow/share/gap_follow/environment/path.dsv
[6.486s] -- Up-to-date: /home/f1tenth/f1tenth-ws/install/gap_follow/share/gap_follow/local_setup.bash
[6.487s] -- Up-to-date: /home/f1tenth/f1tenth-ws/install/gap_follow/share/gap_follow/local_setup.sh
[6.487s] -- Up-to-date: /home/f1tenth/f1tenth-ws/install/gap_follow/share/gap_follow/local_setup.zsh
[6.488s] -- Up-to-date: /home/f1tenth/f1tenth-ws/install/gap_follow/share/gap_follow/local_setup.dsv
[6.488s] -- Installing: /home/f1tenth/f1tenth-ws/install/gap_follow/share/gap_follow/package.dsv
[6.489s] -- Up-to-date: /home/f1tenth/f1tenth-ws/install/gap_follow/share/ament_index/resource_index/packages/gap_follow
[6.489s] -- Up-to-date: /home/f1tenth/f1tenth-ws/install/gap_follow/share/gap_follow/cmake/gap_followConfig.cmake
[6.489s] -- Up-to-date: /home/f1tenth/f1tenth-ws/install/gap_follow/share/gap_follow/cmake/gap_followConfig-version.cmake
[6.489s] -- Up-to-date: /home/f1tenth/f1tenth-ws/install/gap_follow/share/gap_follow/package.xml
[6.948s] Invoked command in '/home/f1tenth/f1tenth-ws/build/gap_follow' returned '0': CMAKE_PREFIX_PATH=${CMAKE_PREFIX_PATH}:/home/f1tenth/f1tenth-ws/install/f1tenth_stack:/home/f1tenth/f1tenth-ws/install/joy_teleop:/home/f1tenth/f1tenth-ws/install/particle_filter:/home/f1tenth/f1tenth-ws/install/mouse_teleop:/home/f1tenth/f1tenth-ws/install/key_teleop:/home/f1tenth/f1tenth-ws/install/example_py:/home/f1tenth/f1tenth-ws/install/autonomous_drive:/opt/ros/foxy /usr/bin/cmake --install /home/f1tenth/f1tenth-ws/build/gap_follow
