running egg_info
creating ../../../build/learning_cv/learning_cv.egg-info
writing ../../../build/learning_cv/learning_cv.egg-info/PKG-INFO
writing dependency_links to ../../../build/learning_cv/learning_cv.egg-info/dependency_links.txt
writing entry points to ../../../build/learning_cv/learning_cv.egg-info/entry_points.txt
writing requirements to ../../../build/learning_cv/learning_cv.egg-info/requires.txt
writing top-level names to ../../../build/learning_cv/learning_cv.egg-info/top_level.txt
writing manifest file '../../../build/learning_cv/learning_cv.egg-info/SOURCES.txt'
reading manifest file '../../../build/learning_cv/learning_cv.egg-info/SOURCES.txt'
writing manifest file '../../../build/learning_cv/learning_cv.egg-info/SOURCES.txt'
running build
running build_py
creating /home/william/sim_ws/build/learning_cv/build
creating /home/william/sim_ws/build/learning_cv/build/lib
creating /home/william/sim_ws/build/learning_cv/build/lib/learning_cv
copying learning_cv/cv_bridge_test.py -> /home/william/sim_ws/build/learning_cv/build/lib/learning_cv
copying learning_cv/__init__.py -> /home/william/sim_ws/build/learning_cv/build/lib/learning_cv
running install
/home/william/.local/lib/python3.8/site-packages/setuptools/_distutils/cmd.py:66: SetuptoolsDeprecationWarning: setup.py install is deprecated.
!!

        ********************************************************************************
        Please avoid running ``setup.py`` directly.
        Instead, use pypa/build, pypa/installer or other
        standards-based tools.

        See https://blog.ganssle.io/articles/2021/10/setup-py-deprecated.html for details.
        ********************************************************************************

!!
  self.initialize_options()
running install_lib
creating /home/william/sim_ws/install/learning_cv/lib/python3.8/site-packages/learning_cv
copying /home/william/sim_ws/build/learning_cv/build/lib/learning_cv/cv_bridge_test.py -> /home/william/sim_ws/install/learning_cv/lib/python3.8/site-packages/learning_cv
copying /home/william/sim_ws/build/learning_cv/build/lib/learning_cv/__init__.py -> /home/william/sim_ws/install/learning_cv/lib/python3.8/site-packages/learning_cv
byte-compiling /home/william/sim_ws/install/learning_cv/lib/python3.8/site-packages/learning_cv/cv_bridge_test.py to cv_bridge_test.cpython-38.pyc
byte-compiling /home/william/sim_ws/install/learning_cv/lib/python3.8/site-packages/learning_cv/__init__.py to __init__.cpython-38.pyc
running install_data
creating /home/william/sim_ws/install/learning_cv/share/ament_index
creating /home/william/sim_ws/install/learning_cv/share/ament_index/resource_index
creating /home/william/sim_ws/install/learning_cv/share/ament_index/resource_index/packages
copying resource/learning_cv -> /home/william/sim_ws/install/learning_cv/share/ament_index/resource_index/packages
copying package.xml -> /home/william/sim_ws/install/learning_cv/share/learning_cv
running install_egg_info
Copying ../../../build/learning_cv/learning_cv.egg-info to /home/william/sim_ws/install/learning_cv/lib/python3.8/site-packages/learning_cv-0.0.0-py3.8.egg-info
running install_scripts
Installing cv_bridge_test script to /home/william/sim_ws/install/learning_cv/lib/learning_cv
writing list of installed files to '/home/william/sim_ws/build/learning_cv/install.log'
