[10.046s] Invoking command in '/home/f1tenth/f1tenth-ws/src/autonomous_drive/autonomous_drive': PYTHONPATH=/home/f1tenth/f1tenth-ws/build/autonomous_drive/prefix_override:/home/f1tenth/f1tenth-ws/install/autonomous_drive/lib/python3.8/site-packages:${PYTHONPATH} /usr/bin/python3 setup.py egg_info --egg-base ../../../build/autonomous_drive build --build-base /home/f1tenth/f1tenth-ws/build/autonomous_drive/build install --record /home/f1tenth/f1tenth-ws/build/autonomous_drive/install.log --install-scripts $base/lib/autonomous_drive --single-version-externally-managed
[11.265s] running egg_info
[11.268s] writing ../../../build/autonomous_drive/autonomous_drive.egg-info/PKG-INFO
[11.268s] writing dependency_links to ../../../build/autonomous_drive/autonomous_drive.egg-info/dependency_links.txt
[11.269s] writing entry points to ../../../build/autonomous_drive/autonomous_drive.egg-info/entry_points.txt
[11.269s] writing requirements to ../../../build/autonomous_drive/autonomous_drive.egg-info/requires.txt
[11.269s] writing top-level names to ../../../build/autonomous_drive/autonomous_drive.egg-info/top_level.txt
[11.421s] reading manifest file '../../../build/autonomous_drive/autonomous_drive.egg-info/SOURCES.txt'
[11.425s] writing manifest file '../../../build/autonomous_drive/autonomous_drive.egg-info/SOURCES.txt'
[11.426s] running build
[11.427s] running build_py
[11.428s] running install
[11.431s] running install_lib
[11.438s] running install_data
[11.441s] running install_egg_info
[11.450s] removing '/home/f1tenth/f1tenth-ws/install/autonomous_drive/lib/python3.8/site-packages/autonomous_drive-0.0.0-py3.8.egg-info' (and everything under it)
[11.451s] Copying ../../../build/autonomous_drive/autonomous_drive.egg-info to /home/f1tenth/f1tenth-ws/install/autonomous_drive/lib/python3.8/site-packages/autonomous_drive-0.0.0-py3.8.egg-info
[11.457s] running install_scripts
[11.536s] Installing autonomous_drive script to /home/f1tenth/f1tenth-ws/install/autonomous_drive/lib/autonomous_drive
[11.539s] writing list of installed files to '/home/f1tenth/f1tenth-ws/build/autonomous_drive/install.log'
[13.144s] Invoked command in '/home/f1tenth/f1tenth-ws/src/autonomous_drive/autonomous_drive' returned '0': PYTHONPATH=/home/f1tenth/f1tenth-ws/build/autonomous_drive/prefix_override:/home/f1tenth/f1tenth-ws/install/autonomous_drive/lib/python3.8/site-packages:${PYTHONPATH} /usr/bin/python3 setup.py egg_info --egg-base ../../../build/autonomous_drive build --build-base /home/f1tenth/f1tenth-ws/build/autonomous_drive/build install --record /home/f1tenth/f1tenth-ws/build/autonomous_drive/install.log --install-scripts $base/lib/autonomous_drive --single-version-externally-managed
