[8.209s] Invoking command in '/home/f1tenth/f1tenth-ws/src/f1tenth_mpc-main/mpc': PYTHONPATH=/home/f1tenth/f1tenth-ws/build/mpc/prefix_override:/home/f1tenth/f1tenth-ws/install/mpc/lib/python3.8/site-packages:${PYTHONPATH} /usr/bin/python3 setup.py egg_info --egg-base ../../../build/mpc build --build-base /home/f1tenth/f1tenth-ws/build/mpc/build install --record /home/f1tenth/f1tenth-ws/build/mpc/install.log --install-scripts $base/lib/mpc --single-version-externally-managed
[9.269s] running egg_info
[9.270s] writing ../../../build/mpc/mpc.egg-info/PKG-INFO
[9.272s] writing dependency_links to ../../../build/mpc/mpc.egg-info/dependency_links.txt
[9.273s] writing entry points to ../../../build/mpc/mpc.egg-info/entry_points.txt
[9.274s] writing requirements to ../../../build/mpc/mpc.egg-info/requires.txt
[9.276s] writing top-level names to ../../../build/mpc/mpc.egg-info/top_level.txt
[9.408s] reading manifest file '../../../build/mpc/mpc.egg-info/SOURCES.txt'
[9.410s] writing manifest file '../../../build/mpc/mpc.egg-info/SOURCES.txt'
[9.412s] running build
[9.413s] running build_py
[9.415s] running install
[9.416s] running install_lib
[9.423s] running install_data
[9.425s] running install_egg_info
[9.431s] removing '/home/f1tenth/f1tenth-ws/install/mpc/lib/python3.8/site-packages/mpc-0.0.0-py3.8.egg-info' (and everything under it)
[9.433s] Copying ../../../build/mpc/mpc.egg-info to /home/f1tenth/f1tenth-ws/install/mpc/lib/python3.8/site-packages/mpc-0.0.0-py3.8.egg-info
[9.440s] running install_scripts
[9.512s] Installing mpc_node script to /home/f1tenth/f1tenth-ws/install/mpc/lib/mpc
[9.513s] writing list of installed files to '/home/f1tenth/f1tenth-ws/build/mpc/install.log'
[10.651s] Invoked command in '/home/f1tenth/f1tenth-ws/src/f1tenth_mpc-main/mpc' returned '0': PYTHONPATH=/home/f1tenth/f1tenth-ws/build/mpc/prefix_override:/home/f1tenth/f1tenth-ws/install/mpc/lib/python3.8/site-packages:${PYTHONPATH} /usr/bin/python3 setup.py egg_info --egg-base ../../../build/mpc build --build-base /home/f1tenth/f1tenth-ws/build/mpc/build install --record /home/f1tenth/f1tenth-ws/build/mpc/install.log --install-scripts $base/lib/mpc --single-version-externally-managed
