[1.365s] Invoking command in '/home/william/sim_ws/build/pure_pursuit': CMAKE_PREFIX_PATH=${CMAKE_PREFIX_PATH}:/home/william/sim_ws/install/particle_filter:/home/william/sim_ws/install/f1tenth_gym_ros:/opt/ros/foxy /usr/bin/cmake --build /home/william/sim_ws/build/pure_pursuit -- -j8 -l8
[1.450s] [ 50%] Built target waypoint_visualizer
[1.464s] [100%] Built target pure_pursuit
[1.479s] Invoked command in '/home/william/sim_ws/build/pure_pursuit' returned '0': CMAKE_PREFIX_PATH=${CMAKE_PREFIX_PATH}:/home/william/sim_ws/install/particle_filter:/home/william/sim_ws/install/f1tenth_gym_ros:/opt/ros/foxy /usr/bin/cmake --build /home/william/sim_ws/build/pure_pursuit -- -j8 -l8
[1.773s] Invoking command in '/home/william/sim_ws/build/pure_pursuit': CMAKE_PREFIX_PATH=${CMAKE_PREFIX_PATH}:/home/william/sim_ws/install/particle_filter:/home/william/sim_ws/install/f1tenth_gym_ros:/opt/ros/foxy /usr/bin/cmake --install /home/william/sim_ws/build/pure_pursuit
[1.781s] -- Install configuration: ""
[1.781s] -- Up-to-date: /home/william/sim_ws/install/pure_pursuit/lib/pure_pursuit/pure_pursuit
[1.782s] -- Up-to-date: /home/william/sim_ws/install/pure_pursuit/lib/pure_pursuit/waypoint_visualizer
[1.783s] -- Up-to-date: /home/william/sim_ws/install/pure_pursuit/share/pure_pursuit/launch
[1.783s] -- Up-to-date: /home/william/sim_ws/install/pure_pursuit/share/pure_pursuit/launch/pure_pursuit.rviz
[1.783s] -- Up-to-date: /home/william/sim_ws/install/pure_pursuit/share/pure_pursuit/launch/sim_pure_pursuit_launch.py
[1.783s] -- Up-to-date: /home/william/sim_ws/install/pure_pursuit/share/pure_pursuit/launch/pure_pursuit_launch.py
[1.783s] -- Up-to-date: /home/william/sim_ws/install/pure_pursuit/share/pure_pursuit/launch/sim_pure_pursuit.rviz
[1.783s] -- Up-to-date: /home/william/sim_ws/install/pure_pursuit/share/pure_pursuit/config
[1.783s] -- Up-to-date: /home/william/sim_ws/install/pure_pursuit/share/pure_pursuit/config/config.yaml
[1.784s] -- Up-to-date: /home/william/sim_ws/install/pure_pursuit/share/pure_pursuit/config/sim_config.yaml
[1.784s] -- Up-to-date: /home/william/sim_ws/install/pure_pursuit/share/ament_index/resource_index/package_run_dependencies/pure_pursuit
[1.784s] -- Up-to-date: /home/william/sim_ws/install/pure_pursuit/share/ament_index/resource_index/parent_prefix_path/pure_pursuit
[1.784s] -- Up-to-date: /home/william/sim_ws/install/pure_pursuit/share/pure_pursuit/environment/ament_prefix_path.sh
[1.784s] -- Up-to-date: /home/william/sim_ws/install/pure_pursuit/share/pure_pursuit/environment/ament_prefix_path.dsv
[1.784s] -- Up-to-date: /home/william/sim_ws/install/pure_pursuit/share/pure_pursuit/environment/path.sh
[1.784s] -- Up-to-date: /home/william/sim_ws/install/pure_pursuit/share/pure_pursuit/environment/path.dsv
[1.784s] -- Up-to-date: /home/william/sim_ws/install/pure_pursuit/share/pure_pursuit/local_setup.bash
[1.785s] -- Up-to-date: /home/william/sim_ws/install/pure_pursuit/share/pure_pursuit/local_setup.sh
[1.785s] -- Up-to-date: /home/william/sim_ws/install/pure_pursuit/share/pure_pursuit/local_setup.zsh
[1.785s] -- Up-to-date: /home/william/sim_ws/install/pure_pursuit/share/pure_pursuit/local_setup.dsv
[1.785s] -- Installing: /home/william/sim_ws/install/pure_pursuit/share/pure_pursuit/package.dsv
[1.785s] -- Up-to-date: /home/william/sim_ws/install/pure_pursuit/share/ament_index/resource_index/packages/pure_pursuit
[1.785s] -- Up-to-date: /home/william/sim_ws/install/pure_pursuit/share/pure_pursuit/cmake/pure_pursuitConfig.cmake
[1.785s] -- Up-to-date: /home/william/sim_ws/install/pure_pursuit/share/pure_pursuit/cmake/pure_pursuitConfig-version.cmake
[1.785s] -- Up-to-date: /home/william/sim_ws/install/pure_pursuit/share/pure_pursuit/package.xml
[1.790s] Invoked command in '/home/william/sim_ws/build/pure_pursuit' returned '0': CMAKE_PREFIX_PATH=${CMAKE_PREFIX_PATH}:/home/william/sim_ws/install/particle_filter:/home/william/sim_ws/install/f1tenth_gym_ros:/opt/ros/foxy /usr/bin/cmake --install /home/william/sim_ws/build/pure_pursuit
