[1.035s] Invoking command in '/home/f1tenth/f1tenth-ws/build/gap_follow': CMAKE_PREFIX_PATH=${CMAKE_PREFIX_PATH}:/home/f1tenth/f1tenth-ws/install/f1tenth_stack:/home/f1tenth/f1tenth-ws/install/joy_teleop:/home/f1tenth/f1tenth-ws/install/particle_filter:/home/f1tenth/f1tenth-ws/install/mouse_teleop:/home/f1tenth/f1tenth-ws/install/key_teleop:/home/f1tenth/f1tenth-ws/install/example_py:/home/f1tenth/f1tenth-ws/install/autonomous_drive:/opt/ros/foxy /usr/bin/cmake --build /home/f1tenth/f1tenth-ws/build/gap_follow -- -j4 -l4
[1.927s] [100%] Built target reactive_node
[3.200s] Invoked command in '/home/f1tenth/f1tenth-ws/build/gap_follow' returned '0': CMAKE_PREFIX_PATH=${CMAKE_PREFIX_PATH}:/home/f1tenth/f1tenth-ws/install/f1tenth_stack:/home/f1tenth/f1tenth-ws/install/joy_teleop:/home/f1tenth/f1tenth-ws/install/particle_filter:/home/f1tenth/f1tenth-ws/install/mouse_teleop:/home/f1tenth/f1tenth-ws/install/key_teleop:/home/f1tenth/f1tenth-ws/install/example_py:/home/f1tenth/f1tenth-ws/install/autonomous_drive:/opt/ros/foxy /usr/bin/cmake --build /home/f1tenth/f1tenth-ws/build/gap_follow -- -j4 -l4
[6.734s] Invoking command in '/home/f1tenth/f1tenth-ws/build/gap_follow': CMAKE_PREFIX_PATH=${CMAKE_PREFIX_PATH}:/home/f1tenth/f1tenth-ws/install/f1tenth_stack:/home/f1tenth/f1tenth-ws/install/joy_teleop:/home/f1tenth/f1tenth-ws/install/particle_filter:/home/f1tenth/f1tenth-ws/install/mouse_teleop:/home/f1tenth/f1tenth-ws/install/key_teleop:/home/f1tenth/f1tenth-ws/install/example_py:/home/f1tenth/f1tenth-ws/install/autonomous_drive:/opt/ros/foxy /usr/bin/cmake --install /home/f1tenth/f1tenth-ws/build/gap_follow
[6.830s] -- Install configuration: ""
[6.841s] -- Up-to-date: /home/f1tenth/f1tenth-ws/install/gap_follow/lib/gap_follow/reactive_node
[6.843s] -- Up-to-date: /home/f1tenth/f1tenth-ws/install/gap_follow/share/gap_follow/environment/pythonpath.sh
[6.845s] -- Up-to-date: /home/f1tenth/f1tenth-ws/install/gap_follow/share/gap_follow/environment/pythonpath.dsv
[6.846s] -- Up-to-date: /home/f1tenth/f1tenth-ws/install/gap_follow/lib/python3.8/site-packages/gap_follow
[6.847s] -- Up-to-date: /home/f1tenth/f1tenth-ws/install/gap_follow/lib/python3.8/site-packages/gap_follow/__init__.py
[7.043s] Listing '/home/f1tenth/f1tenth-ws/install/gap_follow/lib/python3.8/site-packages/gap_follow'...
[7.065s] -- Up-to-date: /home/f1tenth/f1tenth-ws/install/gap_follow/lib/gap_follow/reactive_node.py
[7.067s] -- Up-to-date: /home/f1tenth/f1tenth-ws/install/gap_follow/share/ament_index/resource_index/package_run_dependencies/gap_follow
[7.068s] -- Up-to-date: /home/f1tenth/f1tenth-ws/install/gap_follow/share/ament_index/resource_index/parent_prefix_path/gap_follow
[7.068s] -- Up-to-date: /home/f1tenth/f1tenth-ws/install/gap_follow/share/gap_follow/environment/ament_prefix_path.sh
[7.070s] -- Up-to-date: /home/f1tenth/f1tenth-ws/install/gap_follow/share/gap_follow/environment/ament_prefix_path.dsv
[7.071s] -- Up-to-date: /home/f1tenth/f1tenth-ws/install/gap_follow/share/gap_follow/environment/path.sh
[7.073s] -- Up-to-date: /home/f1tenth/f1tenth-ws/install/gap_follow/share/gap_follow/environment/path.dsv
[7.073s] -- Up-to-date: /home/f1tenth/f1tenth-ws/install/gap_follow/share/gap_follow/local_setup.bash
[7.077s] -- Up-to-date: /home/f1tenth/f1tenth-ws/install/gap_follow/share/gap_follow/local_setup.sh
[7.080s] -- Up-to-date: /home/f1tenth/f1tenth-ws/install/gap_follow/share/gap_follow/local_setup.zsh
[7.080s] -- Up-to-date: /home/f1tenth/f1tenth-ws/install/gap_follow/share/gap_follow/local_setup.dsv
[7.081s] -- Installing: /home/f1tenth/f1tenth-ws/install/gap_follow/share/gap_follow/package.dsv
[7.090s] -- Up-to-date: /home/f1tenth/f1tenth-ws/install/gap_follow/share/ament_index/resource_index/packages/gap_follow
[7.091s] -- Up-to-date: /home/f1tenth/f1tenth-ws/install/gap_follow/share/gap_follow/cmake/gap_followConfig.cmake
[7.092s] -- Up-to-date: /home/f1tenth/f1tenth-ws/install/gap_follow/share/gap_follow/cmake/gap_followConfig-version.cmake
[7.093s] -- Up-to-date: /home/f1tenth/f1tenth-ws/install/gap_follow/share/gap_follow/package.xml
[9.730s] Invoked command in '/home/f1tenth/f1tenth-ws/build/gap_follow' returned '0': CMAKE_PREFIX_PATH=${CMAKE_PREFIX_PATH}:/home/f1tenth/f1tenth-ws/install/f1tenth_stack:/home/f1tenth/f1tenth-ws/install/joy_teleop:/home/f1tenth/f1tenth-ws/install/particle_filter:/home/f1tenth/f1tenth-ws/install/mouse_teleop:/home/f1tenth/f1tenth-ws/install/key_teleop:/home/f1tenth/f1tenth-ws/install/example_py:/home/f1tenth/f1tenth-ws/install/autonomous_drive:/opt/ros/foxy /usr/bin/cmake --install /home/f1tenth/f1tenth-ws/build/gap_follow
