[7.796s] Invoking command in '/home/f1tenth/f1tenth-ws/src/f1tenth_system/teleop_tools/mouse_teleop': PYTHONPATH=/home/f1tenth/f1tenth-ws/build/mouse_teleop/prefix_override:/home/f1tenth/f1tenth-ws/install/mouse_teleop/lib/python3.8/site-packages:${PYTHONPATH} /usr/bin/python3 setup.py egg_info --egg-base ../../../../build/mouse_teleop build --build-base /home/f1tenth/f1tenth-ws/build/mouse_teleop/build install --record /home/f1tenth/f1tenth-ws/build/mouse_teleop/install.log --install-scripts $base/lib/mouse_teleop --single-version-externally-managed
[8.680s] running egg_info
[8.683s] writing ../../../../build/mouse_teleop/mouse_teleop.egg-info/PKG-INFO
[8.683s] writing dependency_links to ../../../../build/mouse_teleop/mouse_teleop.egg-info/dependency_links.txt
[8.684s] writing entry points to ../../../../build/mouse_teleop/mouse_teleop.egg-info/entry_points.txt
[8.685s] writing requirements to ../../../../build/mouse_teleop/mouse_teleop.egg-info/requires.txt
[8.685s] writing top-level names to ../../../../build/mouse_teleop/mouse_teleop.egg-info/top_level.txt
[8.818s] reading manifest file '../../../../build/mouse_teleop/mouse_teleop.egg-info/SOURCES.txt'
[8.822s] writing manifest file '../../../../build/mouse_teleop/mouse_teleop.egg-info/SOURCES.txt'
[8.822s] running build
[8.823s] running build_py
[8.823s] running install
[8.827s] running install_lib
[8.833s] running install_data
[8.835s] running install_egg_info
[8.841s] removing '/home/f1tenth/f1tenth-ws/install/mouse_teleop/lib/python3.8/site-packages/mouse_teleop-0.3.0-py3.8.egg-info' (and everything under it)
[8.842s] Copying ../../../../build/mouse_teleop/mouse_teleop.egg-info to /home/f1tenth/f1tenth-ws/install/mouse_teleop/lib/python3.8/site-packages/mouse_teleop-0.3.0-py3.8.egg-info
[8.847s] running install_scripts
[8.911s] Installing mouse_teleop script to /home/f1tenth/f1tenth-ws/install/mouse_teleop/lib/mouse_teleop
[8.912s] writing list of installed files to '/home/f1tenth/f1tenth-ws/build/mouse_teleop/install.log'
[9.932s] Invoked command in '/home/f1tenth/f1tenth-ws/src/f1tenth_system/teleop_tools/mouse_teleop' returned '0': PYTHONPATH=/home/f1tenth/f1tenth-ws/build/mouse_teleop/prefix_override:/home/f1tenth/f1tenth-ws/install/mouse_teleop/lib/python3.8/site-packages:${PYTHONPATH} /usr/bin/python3 setup.py egg_info --egg-base ../../../../build/mouse_teleop build --build-base /home/f1tenth/f1tenth-ws/build/mouse_teleop/build install --record /home/f1tenth/f1tenth-ws/build/mouse_teleop/install.log --install-scripts $base/lib/mouse_teleop --single-version-externally-managed
