[8.064s] Invoking command in '/home/f1tenth/f1tenth-ws/src/test_driving_2/example_py': PYTHONPATH=/home/f1tenth/f1tenth-ws/build/example_py/prefix_override:/home/f1tenth/f1tenth-ws/install/example_py/lib/python3.8/site-packages:${PYTHONPATH} /usr/bin/python3 setup.py egg_info --egg-base ../../../build/example_py build --build-base /home/f1tenth/f1tenth-ws/build/example_py/build install --record /home/f1tenth/f1tenth-ws/build/example_py/install.log --install-scripts $base/lib/example_py --single-version-externally-managed
[9.115s] running egg_info
[9.119s] writing ../../../build/example_py/example_py.egg-info/PKG-INFO
[9.120s] writing dependency_links to ../../../build/example_py/example_py.egg-info/dependency_links.txt
[9.122s] writing entry points to ../../../build/example_py/example_py.egg-info/entry_points.txt
[9.124s] writing requirements to ../../../build/example_py/example_py.egg-info/requires.txt
[9.126s] writing top-level names to ../../../build/example_py/example_py.egg-info/top_level.txt
[9.268s] reading manifest file '../../../build/example_py/example_py.egg-info/SOURCES.txt'
[9.270s] writing manifest file '../../../build/example_py/example_py.egg-info/SOURCES.txt'
[9.272s] running build
[9.273s] running build_py
[9.273s] running install
[9.278s] running install_lib
[9.285s] running install_data
[9.287s] running install_egg_info
[9.294s] removing '/home/f1tenth/f1tenth-ws/install/example_py/lib/python3.8/site-packages/example_py-0.0.0-py3.8.egg-info' (and everything under it)
[9.297s] Copying ../../../build/example_py/example_py.egg-info to /home/f1tenth/f1tenth-ws/install/example_py/lib/python3.8/site-packages/example_py-0.0.0-py3.8.egg-info
[9.300s] running install_scripts
[9.377s] Installing li4_node script to /home/f1tenth/f1tenth-ws/install/example_py/lib/example_py
[9.377s] writing list of installed files to '/home/f1tenth/f1tenth-ws/build/example_py/install.log'
[10.920s] Invoked command in '/home/f1tenth/f1tenth-ws/src/test_driving_2/example_py' returned '0': PYTHONPATH=/home/f1tenth/f1tenth-ws/build/example_py/prefix_override:/home/f1tenth/f1tenth-ws/install/example_py/lib/python3.8/site-packages:${PYTHONPATH} /usr/bin/python3 setup.py egg_info --egg-base ../../../build/example_py build --build-base /home/f1tenth/f1tenth-ws/build/example_py/build install --record /home/f1tenth/f1tenth-ws/build/example_py/install.log --install-scripts $base/lib/example_py --single-version-externally-managed
