[7.482s] Invoking command in '/home/f1tenth/f1tenth-ws/src/test_driving_2/example_py': PYTHONPATH=/home/f1tenth/f1tenth-ws/build/example_py/prefix_override:/home/f1tenth/f1tenth-ws/install/example_py/lib/python3.8/site-packages:${PYTHONPATH} /usr/bin/python3 setup.py egg_info --egg-base ../../../build/example_py build --build-base /home/f1tenth/f1tenth-ws/build/example_py/build install --record /home/f1tenth/f1tenth-ws/build/example_py/install.log --install-scripts $base/lib/example_py --single-version-externally-managed
[8.547s] running egg_info
[8.554s] writing ../../../build/example_py/example_py.egg-info/PKG-INFO
[8.556s] writing dependency_links to ../../../build/example_py/example_py.egg-info/dependency_links.txt
[8.557s] writing entry points to ../../../build/example_py/example_py.egg-info/entry_points.txt
[8.558s] writing requirements to ../../../build/example_py/example_py.egg-info/requires.txt
[8.559s] writing top-level names to ../../../build/example_py/example_py.egg-info/top_level.txt
[8.720s] reading manifest file '../../../build/example_py/example_py.egg-info/SOURCES.txt'
[8.725s] writing manifest file '../../../build/example_py/example_py.egg-info/SOURCES.txt'
[8.726s] running build
[8.727s] running build_py
[8.730s] running install
[8.734s] running install_lib
[8.743s] running install_data
[8.747s] running install_egg_info
[8.755s] removing '/home/f1tenth/f1tenth-ws/install/example_py/lib/python3.8/site-packages/example_py-0.0.0-py3.8.egg-info' (and everything under it)
[8.757s] Copying ../../../build/example_py/example_py.egg-info to /home/f1tenth/f1tenth-ws/install/example_py/lib/python3.8/site-packages/example_py-0.0.0-py3.8.egg-info
[8.763s] running install_scripts
[8.845s] Installing li4_node script to /home/f1tenth/f1tenth-ws/install/example_py/lib/example_py
[8.846s] writing list of installed files to '/home/f1tenth/f1tenth-ws/build/example_py/install.log'
[10.166s] Invoked command in '/home/f1tenth/f1tenth-ws/src/test_driving_2/example_py' returned '0': PYTHONPATH=/home/f1tenth/f1tenth-ws/build/example_py/prefix_override:/home/f1tenth/f1tenth-ws/install/example_py/lib/python3.8/site-packages:${PYTHONPATH} /usr/bin/python3 setup.py egg_info --egg-base ../../../build/example_py build --build-base /home/f1tenth/f1tenth-ws/build/example_py/build install --record /home/f1tenth/f1tenth-ws/build/example_py/install.log --install-scripts $base/lib/example_py --single-version-externally-managed
