[11.214s] Invoking command in '/home/f1tenth/f1tenth-ws/src/autonomous_drive/autonomous_drive': PYTHONPATH=/home/f1tenth/f1tenth-ws/build/autonomous_drive/prefix_override:/home/f1tenth/f1tenth-ws/install/autonomous_drive/lib/python3.8/site-packages:${PYTHONPATH} /usr/bin/python3 setup.py egg_info --egg-base ../../../build/autonomous_drive build --build-base /home/f1tenth/f1tenth-ws/build/autonomous_drive/build install --record /home/f1tenth/f1tenth-ws/build/autonomous_drive/install.log --install-scripts $base/lib/autonomous_drive --single-version-externally-managed
[12.606s] running egg_info
[12.612s] writing ../../../build/autonomous_drive/autonomous_drive.egg-info/PKG-INFO
[12.616s] writing dependency_links to ../../../build/autonomous_drive/autonomous_drive.egg-info/dependency_links.txt
[12.617s] writing entry points to ../../../build/autonomous_drive/autonomous_drive.egg-info/entry_points.txt
[12.620s] writing requirements to ../../../build/autonomous_drive/autonomous_drive.egg-info/requires.txt
[12.626s] writing top-level names to ../../../build/autonomous_drive/autonomous_drive.egg-info/top_level.txt
[12.805s] reading manifest file '../../../build/autonomous_drive/autonomous_drive.egg-info/SOURCES.txt'
[12.817s] writing manifest file '../../../build/autonomous_drive/autonomous_drive.egg-info/SOURCES.txt'
[12.820s] running build
[12.821s] running build_py
[12.823s] running install
[12.831s] running install_lib
[12.837s] running install_data
[12.839s] running install_egg_info
[12.854s] removing '/home/f1tenth/f1tenth-ws/install/autonomous_drive/lib/python3.8/site-packages/autonomous_drive-0.0.0-py3.8.egg-info' (and everything under it)
[12.856s] Copying ../../../build/autonomous_drive/autonomous_drive.egg-info to /home/f1tenth/f1tenth-ws/install/autonomous_drive/lib/python3.8/site-packages/autonomous_drive-0.0.0-py3.8.egg-info
[12.862s] running install_scripts
[12.982s] Installing autonomous_drive script to /home/f1tenth/f1tenth-ws/install/autonomous_drive/lib/autonomous_drive
[12.983s] writing list of installed files to '/home/f1tenth/f1tenth-ws/build/autonomous_drive/install.log'
[13.199s] Invoked command in '/home/f1tenth/f1tenth-ws/src/autonomous_drive/autonomous_drive' returned '0': PYTHONPATH=/home/f1tenth/f1tenth-ws/build/autonomous_drive/prefix_override:/home/f1tenth/f1tenth-ws/install/autonomous_drive/lib/python3.8/site-packages:${PYTHONPATH} /usr/bin/python3 setup.py egg_info --egg-base ../../../build/autonomous_drive build --build-base /home/f1tenth/f1tenth-ws/build/autonomous_drive/build install --record /home/f1tenth/f1tenth-ws/build/autonomous_drive/install.log --install-scripts $base/lib/autonomous_drive --single-version-externally-managed
