[0.710s] Invoking command in '/home/jim/sim_ws/src/mpc': PYTHONPATH=/home/jim/sim_ws/build/mpc/prefix_override:/home/jim/sim_ws/install/mpc/lib/python3.8/site-packages:${PYTHONPATH} /usr/bin/python3 -W ignore:setup.py install is deprecated setup.py egg_info --egg-base ../../build/mpc build --build-base /home/jim/sim_ws/build/mpc/build install --record /home/jim/sim_ws/build/mpc/install.log --install-scripts $base/lib/mpc --single-version-externally-managed install_data
[0.857s] running egg_info
[0.857s] writing ../../build/mpc/mpc.egg-info/PKG-INFO
[0.857s] writing dependency_links to ../../build/mpc/mpc.egg-info/dependency_links.txt
[0.857s] writing entry points to ../../build/mpc/mpc.egg-info/entry_points.txt
[0.858s] writing requirements to ../../build/mpc/mpc.egg-info/requires.txt
[0.858s] writing top-level names to ../../build/mpc/mpc.egg-info/top_level.txt
[0.881s] reading manifest file '../../build/mpc/mpc.egg-info/SOURCES.txt'
[0.882s] writing manifest file '../../build/mpc/mpc.egg-info/SOURCES.txt'
[0.882s] running build
[0.882s] running build_py
[0.882s] copying mpc/utils.py -> /home/jim/sim_ws/build/mpc/build/lib/mpc
[0.882s] copying mpc/mpc_node.py -> /home/jim/sim_ws/build/mpc/build/lib/mpc
[0.882s] running install
[0.883s] running install_lib
[0.884s] copying /home/jim/sim_ws/build/mpc/build/lib/mpc/utils.py -> /home/jim/sim_ws/install/mpc/lib/python3.8/site-packages/mpc
[0.884s] copying /home/jim/sim_ws/build/mpc/build/lib/mpc/mpc_node.py -> /home/jim/sim_ws/install/mpc/lib/python3.8/site-packages/mpc
[0.884s] byte-compiling /home/jim/sim_ws/install/mpc/lib/python3.8/site-packages/mpc/utils.py to utils.cpython-38.pyc
[0.885s] byte-compiling /home/jim/sim_ws/install/mpc/lib/python3.8/site-packages/mpc/mpc_node.py to mpc_node.cpython-38.pyc
[0.889s] running install_data
[0.889s] running install_egg_info
[0.890s] removing '/home/jim/sim_ws/install/mpc/lib/python3.8/site-packages/mpc-0.0.0-py3.8.egg-info' (and everything under it)
[0.890s] Copying ../../build/mpc/mpc.egg-info to /home/jim/sim_ws/install/mpc/lib/python3.8/site-packages/mpc-0.0.0-py3.8.egg-info
[0.891s] running install_scripts
[0.903s] Installing mpc_node script to /home/jim/sim_ws/install/mpc/lib/mpc
[0.903s] writing list of installed files to '/home/jim/sim_ws/build/mpc/install.log'
[0.933s] Invoked command in '/home/jim/sim_ws/src/mpc' returned '0': PYTHONPATH=/home/jim/sim_ws/build/mpc/prefix_override:/home/jim/sim_ws/install/mpc/lib/python3.8/site-packages:${PYTHONPATH} /usr/bin/python3 -W ignore:setup.py install is deprecated setup.py egg_info --egg-base ../../build/mpc build --build-base /home/jim/sim_ws/build/mpc/build install --record /home/jim/sim_ws/build/mpc/install.log --install-scripts $base/lib/mpc --single-version-externally-managed install_data
