[1.633s] Invoking command in '/home/william/sim_ws/src/f1tenth_gym_ros': PYTHONPATH=/home/william/sim_ws/build/f1tenth_gym_ros/prefix_override:/home/william/sim_ws/install/f1tenth_gym_ros/lib/python3.8/site-packages:${PYTHONPATH} /usr/bin/python3 setup.py egg_info --egg-base ../../build/f1tenth_gym_ros build --build-base /home/william/sim_ws/build/f1tenth_gym_ros/build install --record /home/william/sim_ws/build/f1tenth_gym_ros/install.log --single-version-externally-managed
[2.015s] running egg_info
[2.035s] writing ../../build/f1tenth_gym_ros/f1tenth_gym_ros.egg-info/PKG-INFO
[2.036s] writing dependency_links to ../../build/f1tenth_gym_ros/f1tenth_gym_ros.egg-info/dependency_links.txt
[2.036s] writing entry points to ../../build/f1tenth_gym_ros/f1tenth_gym_ros.egg-info/entry_points.txt
[2.036s] writing requirements to ../../build/f1tenth_gym_ros/f1tenth_gym_ros.egg-info/requires.txt
[2.036s] writing top-level names to ../../build/f1tenth_gym_ros/f1tenth_gym_ros.egg-info/top_level.txt
[2.213s] reading manifest file '../../build/f1tenth_gym_ros/f1tenth_gym_ros.egg-info/SOURCES.txt'
[2.214s] adding license file 'LICENSE'
[2.215s] writing manifest file '../../build/f1tenth_gym_ros/f1tenth_gym_ros.egg-info/SOURCES.txt'
[2.215s] running build
[2.215s] running build_py
[2.215s] copying f1tenth_gym_ros/gym_bridge.py -> /home/william/sim_ws/build/f1tenth_gym_ros/build/lib/f1tenth_gym_ros
[2.216s] copying f1tenth_gym_ros/__init__.py -> /home/william/sim_ws/build/f1tenth_gym_ros/build/lib/f1tenth_gym_ros
[2.216s] running install
[2.222s] /home/william/.local/lib/python3.8/site-packages/setuptools/_distutils/cmd.py:66: SetuptoolsDeprecationWarning: setup.py install is deprecated.
[2.222s] !!
[2.222s] 
[2.222s]         ********************************************************************************
[2.223s]         Please avoid running ``setup.py`` directly.
[2.223s]         Instead, use pypa/build, pypa/installer or other
[2.223s]         standards-based tools.
[2.223s] 
[2.223s]         See https://blog.ganssle.io/articles/2021/10/setup-py-deprecated.html for details.
[2.223s]         ********************************************************************************
[2.223s] 
[2.223s] !!
[2.223s]   self.initialize_options()
[2.226s] running install_lib
[2.256s] running install_data
[2.283s] copying resource/f1tenth_gym_ros -> /home/william/sim_ws/install/f1tenth_gym_ros/share/ament_index/resource_index/packages
[2.283s] copying package.xml -> /home/william/sim_ws/install/f1tenth_gym_ros/share/f1tenth_gym_ros
[2.283s] copying launch/gym_bridge_launch.py -> /home/william/sim_ws/install/f1tenth_gym_ros/share/f1tenth_gym_ros/launch
[2.284s] copying launch/opp_racecar.xacro -> /home/william/sim_ws/install/f1tenth_gym_ros/share/f1tenth_gym_ros/launch
[2.284s] copying launch/ego_racecar.xacro -> /home/william/sim_ws/install/f1tenth_gym_ros/share/f1tenth_gym_ros/launch
[2.284s] copying config/sim.yaml -> /home/william/sim_ws/install/f1tenth_gym_ros/share/f1tenth_gym_ros/config
[2.285s] running install_egg_info
[2.313s] removing '/home/william/sim_ws/install/f1tenth_gym_ros/lib/python3.8/site-packages/f1tenth_gym_ros-0.0.0-py3.8.egg-info' (and everything under it)
[2.313s] Copying ../../build/f1tenth_gym_ros/f1tenth_gym_ros.egg-info to /home/william/sim_ws/install/f1tenth_gym_ros/lib/python3.8/site-packages/f1tenth_gym_ros-0.0.0-py3.8.egg-info
[2.314s] running install_scripts
[2.375s] Installing gym_bridge script to /home/william/sim_ws/install/f1tenth_gym_ros/lib/f1tenth_gym_ros
[2.376s] writing list of installed files to '/home/william/sim_ws/build/f1tenth_gym_ros/install.log'
[2.421s] Invoked command in '/home/william/sim_ws/src/f1tenth_gym_ros' returned '0': PYTHONPATH=/home/william/sim_ws/build/f1tenth_gym_ros/prefix_override:/home/william/sim_ws/install/f1tenth_gym_ros/lib/python3.8/site-packages:${PYTHONPATH} /usr/bin/python3 setup.py egg_info --egg-base ../../build/f1tenth_gym_ros build --build-base /home/william/sim_ws/build/f1tenth_gym_ros/build install --record /home/william/sim_ws/build/f1tenth_gym_ros/install.log --single-version-externally-managed
