[1.083s] Invoking command in '/home/f1tenth/f1tenth-ws/build/waypoint_generator': CMAKE_PREFIX_PATH=${CMAKE_PREFIX_PATH}:/home/f1tenth/f1tenth-ws/install/waypoint_python:/home/f1tenth/f1tenth-ws/install/f1tenth_stack:/home/f1tenth/f1tenth-ws/install/joy_teleop:/home/f1tenth/f1tenth-ws/install/particle_filter:/home/f1tenth/f1tenth-ws/install/mpc:/home/f1tenth/f1tenth-ws/install/mouse_teleop:/home/f1tenth/f1tenth-ws/install/key_teleop:/home/f1tenth/f1tenth-ws/install/example_py:/home/f1tenth/f1tenth-ws/install/autonomous_drive:/opt/ros/foxy /usr/bin/cmake --build /home/f1tenth/f1tenth-ws/build/waypoint_generator -- -j4 -l4
[1.595s] [100%] Built target waypoint_generator
[1.677s] Invoked command in '/home/f1tenth/f1tenth-ws/build/waypoint_generator' returned '0': CMAKE_PREFIX_PATH=${CMAKE_PREFIX_PATH}:/home/f1tenth/f1tenth-ws/install/waypoint_python:/home/f1tenth/f1tenth-ws/install/f1tenth_stack:/home/f1tenth/f1tenth-ws/install/joy_teleop:/home/f1tenth/f1tenth-ws/install/particle_filter:/home/f1tenth/f1tenth-ws/install/mpc:/home/f1tenth/f1tenth-ws/install/mouse_teleop:/home/f1tenth/f1tenth-ws/install/key_teleop:/home/f1tenth/f1tenth-ws/install/example_py:/home/f1tenth/f1tenth-ws/install/autonomous_drive:/opt/ros/foxy /usr/bin/cmake --build /home/f1tenth/f1tenth-ws/build/waypoint_generator -- -j4 -l4
[3.442s] Invoking command in '/home/f1tenth/f1tenth-ws/build/waypoint_generator': CMAKE_PREFIX_PATH=${CMAKE_PREFIX_PATH}:/home/f1tenth/f1tenth-ws/install/waypoint_python:/home/f1tenth/f1tenth-ws/install/f1tenth_stack:/home/f1tenth/f1tenth-ws/install/joy_teleop:/home/f1tenth/f1tenth-ws/install/particle_filter:/home/f1tenth/f1tenth-ws/install/mpc:/home/f1tenth/f1tenth-ws/install/mouse_teleop:/home/f1tenth/f1tenth-ws/install/key_teleop:/home/f1tenth/f1tenth-ws/install/example_py:/home/f1tenth/f1tenth-ws/install/autonomous_drive:/opt/ros/foxy /usr/bin/cmake --install /home/f1tenth/f1tenth-ws/build/waypoint_generator
[4.266s] -- Install configuration: ""
[4.267s] -- Up-to-date: /home/f1tenth/f1tenth-ws/install/waypoint_generator/lib/waypoint_generator/waypoint_generator
[4.268s] -- Up-to-date: /home/f1tenth/f1tenth-ws/install/waypoint_generator/share/ament_index/resource_index/package_run_dependencies/waypoint_generator
[4.268s] -- Up-to-date: /home/f1tenth/f1tenth-ws/install/waypoint_generator/share/ament_index/resource_index/parent_prefix_path/waypoint_generator
[4.269s] -- Up-to-date: /home/f1tenth/f1tenth-ws/install/waypoint_generator/share/waypoint_generator/environment/ament_prefix_path.sh
[4.269s] -- Up-to-date: /home/f1tenth/f1tenth-ws/install/waypoint_generator/share/waypoint_generator/environment/ament_prefix_path.dsv
[4.270s] -- Up-to-date: /home/f1tenth/f1tenth-ws/install/waypoint_generator/share/waypoint_generator/environment/path.sh
[4.271s] -- Up-to-date: /home/f1tenth/f1tenth-ws/install/waypoint_generator/share/waypoint_generator/environment/path.dsv
[4.271s] -- Up-to-date: /home/f1tenth/f1tenth-ws/install/waypoint_generator/share/waypoint_generator/local_setup.bash
[4.271s] -- Up-to-date: /home/f1tenth/f1tenth-ws/install/waypoint_generator/share/waypoint_generator/local_setup.sh
[4.272s] -- Up-to-date: /home/f1tenth/f1tenth-ws/install/waypoint_generator/share/waypoint_generator/local_setup.zsh
[4.272s] -- Up-to-date: /home/f1tenth/f1tenth-ws/install/waypoint_generator/share/waypoint_generator/local_setup.dsv
[4.273s] -- Installing: /home/f1tenth/f1tenth-ws/install/waypoint_generator/share/waypoint_generator/package.dsv
[4.273s] -- Up-to-date: /home/f1tenth/f1tenth-ws/install/waypoint_generator/share/ament_index/resource_index/packages/waypoint_generator
[4.274s] -- Up-to-date: /home/f1tenth/f1tenth-ws/install/waypoint_generator/share/waypoint_generator/cmake/waypoint_generatorConfig.cmake
[4.274s] -- Up-to-date: /home/f1tenth/f1tenth-ws/install/waypoint_generator/share/waypoint_generator/cmake/waypoint_generatorConfig-version.cmake
[4.275s] -- Up-to-date: /home/f1tenth/f1tenth-ws/install/waypoint_generator/share/waypoint_generator/package.xml
[6.244s] Invoked command in '/home/f1tenth/f1tenth-ws/build/waypoint_generator' returned '0': CMAKE_PREFIX_PATH=${CMAKE_PREFIX_PATH}:/home/f1tenth/f1tenth-ws/install/waypoint_python:/home/f1tenth/f1tenth-ws/install/f1tenth_stack:/home/f1tenth/f1tenth-ws/install/joy_teleop:/home/f1tenth/f1tenth-ws/install/particle_filter:/home/f1tenth/f1tenth-ws/install/mpc:/home/f1tenth/f1tenth-ws/install/mouse_teleop:/home/f1tenth/f1tenth-ws/install/key_teleop:/home/f1tenth/f1tenth-ws/install/example_py:/home/f1tenth/f1tenth-ws/install/autonomous_drive:/opt/ros/foxy /usr/bin/cmake --install /home/f1tenth/f1tenth-ws/build/waypoint_generator
