[8.937s] Invoking command in '/mnt/nvme0n1/f1tenth_ws/src/test_driving_2/example_py': PYTHONPATH=/mnt/nvme0n1/f1tenth_ws/build/example_py/prefix_override:/mnt/nvme0n1/f1tenth_ws/install/example_py/lib/python3.8/site-packages:${PYTHONPATH} /usr/bin/python3 setup.py egg_info --egg-base ../../../build/example_py build --build-base /mnt/nvme0n1/f1tenth_ws/build/example_py/build install --record /mnt/nvme0n1/f1tenth_ws/build/example_py/install.log --install-scripts $base/lib/example_py --single-version-externally-managed
[10.167s] running egg_info
[10.168s] writing ../../../build/example_py/example_py.egg-info/PKG-INFO
[10.170s] writing dependency_links to ../../../build/example_py/example_py.egg-info/dependency_links.txt
[10.171s] writing entry points to ../../../build/example_py/example_py.egg-info/entry_points.txt
[10.172s] writing requirements to ../../../build/example_py/example_py.egg-info/requires.txt
[10.173s] writing top-level names to ../../../build/example_py/example_py.egg-info/top_level.txt
[10.337s] reading manifest file '../../../build/example_py/example_py.egg-info/SOURCES.txt'
[10.338s] writing manifest file '../../../build/example_py/example_py.egg-info/SOURCES.txt'
[10.339s] running build
[10.341s] running build_py
[10.342s] running install
[10.342s] running install_lib
[10.349s] running install_data
[10.351s] running install_egg_info
[10.358s] removing '/mnt/nvme0n1/f1tenth_ws/install/example_py/lib/python3.8/site-packages/example_py-0.0.0-py3.8.egg-info' (and everything under it)
[10.359s] Copying ../../../build/example_py/example_py.egg-info to /mnt/nvme0n1/f1tenth_ws/install/example_py/lib/python3.8/site-packages/example_py-0.0.0-py3.8.egg-info
[10.371s] running install_scripts
[10.451s] Installing li4_node script to /mnt/nvme0n1/f1tenth_ws/install/example_py/lib/example_py
[10.452s] writing list of installed files to '/mnt/nvme0n1/f1tenth_ws/build/example_py/install.log'
[10.554s] Invoked command in '/mnt/nvme0n1/f1tenth_ws/src/test_driving_2/example_py' returned '0': PYTHONPATH=/mnt/nvme0n1/f1tenth_ws/build/example_py/prefix_override:/mnt/nvme0n1/f1tenth_ws/install/example_py/lib/python3.8/site-packages:${PYTHONPATH} /usr/bin/python3 setup.py egg_info --egg-base ../../../build/example_py build --build-base /mnt/nvme0n1/f1tenth_ws/build/example_py/build install --record /mnt/nvme0n1/f1tenth_ws/build/example_py/install.log --install-scripts $base/lib/example_py --single-version-externally-managed
