[2.626s] DEBUG:colcon:Command line arguments: ['/usr/bin/colcon', 'build']
[2.626s] DEBUG:colcon:Parsed command line arguments: Namespace(allow_overriding=[], ament_cmake_args=None, base_paths=['.'], build_base='build', catkin_cmake_args=None, catkin_skip_building_tests=False, cmake_args=None, cmake_clean_cache=False, cmake_clean_first=False, cmake_force_configure=False, cmake_target=None, cmake_target_skip_unavailable=False, continue_on_error=False, event_handlers=None, executor='parallel', ignore_user_meta=False, install_base='install', log_base=None, log_level=None, main=<bound method BuildVerb.main of <colcon_core.verb.build.BuildVerb object at 0x7fcd092a20a0>>, merge_install=False, metas=['./colcon.meta'], packages_above=None, packages_above_and_dependencies=None, packages_above_depth=None, packages_end=None, packages_ignore=None, packages_ignore_regex=None, packages_select=None, packages_select_build_failed=False, packages_select_by_dep=None, packages_select_regex=None, packages_select_test_failures=False, packages_skip=None, packages_skip_build_finished=False, packages_skip_by_dep=None, packages_skip_regex=None, packages_skip_test_passed=False, packages_skip_up_to=None, packages_start=None, packages_up_to=None, packages_up_to_regex=None, parallel_workers=8, paths=None, symlink_install=False, test_result_base=None, verb_extension=<colcon_core.verb.build.BuildVerb object at 0x7fcd092a20a0>, verb_name='build', verb_parser=<colcon_defaults.argument_parser.defaults.DefaultArgumentsDecorator object at 0x7fcd092c3400>)
[2.751s] Level 1:colcon.colcon_core.package_discovery:discover_packages(colcon_meta) check parameters
[2.751s] Level 1:colcon.colcon_core.package_discovery:discover_packages(recursive) check parameters
[2.752s] Level 1:colcon.colcon_core.package_discovery:discover_packages(ignore) check parameters
[2.752s] Level 1:colcon.colcon_core.package_discovery:discover_packages(path) check parameters
[2.752s] Level 1:colcon.colcon_core.package_discovery:discover_packages(colcon_meta) discover
[2.752s] Level 1:colcon.colcon_core.package_discovery:discover_packages(recursive) discover
[2.752s] INFO:colcon.colcon_core.package_discovery:Crawling recursively for packages in '/home/william/sim_ws'
[2.752s] Level 1:colcon.colcon_core.package_identification:_identify(.) by extensions ['ignore', 'ignore_ament_install']
[2.752s] Level 1:colcon.colcon_core.package_identification:_identify(.) by extension 'ignore'
[2.752s] Level 1:colcon.colcon_core.package_identification:_identify(.) by extension 'ignore_ament_install'
[2.752s] Level 1:colcon.colcon_core.package_identification:_identify(.) by extensions ['colcon_pkg']
[2.752s] Level 1:colcon.colcon_core.package_identification:_identify(.) by extension 'colcon_pkg'
[2.752s] Level 1:colcon.colcon_core.package_identification:_identify(.) by extensions ['colcon_meta']
[2.752s] Level 1:colcon.colcon_core.package_identification:_identify(.) by extension 'colcon_meta'
[2.752s] Level 1:colcon.colcon_core.package_identification:_identify(.) by extensions ['ros']
[2.752s] Level 1:colcon.colcon_core.package_identification:_identify(.) by extension 'ros'
[2.761s] Level 1:colcon.colcon_core.package_identification:_identify(.) by extensions ['cmake', 'python']
[2.761s] Level 1:colcon.colcon_core.package_identification:_identify(.) by extension 'cmake'
[2.761s] Level 1:colcon.colcon_core.package_identification:_identify(.) by extension 'python'
[2.761s] Level 1:colcon.colcon_core.package_identification:_identify(.) by extensions ['python_setup_py']
[2.761s] Level 1:colcon.colcon_core.package_identification:_identify(.) by extension 'python_setup_py'
[2.761s] Level 1:colcon.colcon_core.package_identification:_identify(build) by extensions ['ignore', 'ignore_ament_install']
[2.762s] Level 1:colcon.colcon_core.package_identification:_identify(build) by extension 'ignore'
[2.762s] Level 1:colcon.colcon_core.package_identification:_identify(build) ignored
[2.762s] Level 1:colcon.colcon_core.package_identification:_identify(install) by extensions ['ignore', 'ignore_ament_install']
[2.762s] Level 1:colcon.colcon_core.package_identification:_identify(install) by extension 'ignore'
[2.762s] Level 1:colcon.colcon_core.package_identification:_identify(install) ignored
[2.762s] Level 1:colcon.colcon_core.package_identification:_identify(log) by extensions ['ignore', 'ignore_ament_install']
[2.762s] Level 1:colcon.colcon_core.package_identification:_identify(log) by extension 'ignore'
[2.762s] Level 1:colcon.colcon_core.package_identification:_identify(log) ignored
[2.762s] Level 1:colcon.colcon_core.package_identification:_identify(src) by extensions ['ignore', 'ignore_ament_install']
[2.762s] Level 1:colcon.colcon_core.package_identification:_identify(src) by extension 'ignore'
[2.762s] Level 1:colcon.colcon_core.package_identification:_identify(src) by extension 'ignore_ament_install'
[2.762s] Level 1:colcon.colcon_core.package_identification:_identify(src) by extensions ['colcon_pkg']
[2.762s] Level 1:colcon.colcon_core.package_identification:_identify(src) by extension 'colcon_pkg'
[2.762s] Level 1:colcon.colcon_core.package_identification:_identify(src) by extensions ['colcon_meta']
[2.762s] Level 1:colcon.colcon_core.package_identification:_identify(src) by extension 'colcon_meta'
[2.762s] Level 1:colcon.colcon_core.package_identification:_identify(src) by extensions ['ros']
[2.762s] Level 1:colcon.colcon_core.package_identification:_identify(src) by extension 'ros'
[2.763s] Level 1:colcon.colcon_core.package_identification:_identify(src) by extensions ['cmake', 'python']
[2.763s] Level 1:colcon.colcon_core.package_identification:_identify(src) by extension 'cmake'
[2.763s] Level 1:colcon.colcon_core.package_identification:_identify(src) by extension 'python'
[2.763s] Level 1:colcon.colcon_core.package_identification:_identify(src) by extensions ['python_setup_py']
[2.763s] Level 1:colcon.colcon_core.package_identification:_identify(src) by extension 'python_setup_py'
[2.763s] Level 1:colcon.colcon_core.package_identification:_identify(src/f1tenth_gym_ros) by extensions ['ignore', 'ignore_ament_install']
[2.763s] Level 1:colcon.colcon_core.package_identification:_identify(src/f1tenth_gym_ros) by extension 'ignore'
[2.763s] Level 1:colcon.colcon_core.package_identification:_identify(src/f1tenth_gym_ros) by extension 'ignore_ament_install'
[2.763s] Level 1:colcon.colcon_core.package_identification:_identify(src/f1tenth_gym_ros) by extensions ['colcon_pkg']
[2.763s] Level 1:colcon.colcon_core.package_identification:_identify(src/f1tenth_gym_ros) by extension 'colcon_pkg'
[2.763s] Level 1:colcon.colcon_core.package_identification:_identify(src/f1tenth_gym_ros) by extensions ['colcon_meta']
[2.763s] Level 1:colcon.colcon_core.package_identification:_identify(src/f1tenth_gym_ros) by extension 'colcon_meta'
[2.763s] Level 1:colcon.colcon_core.package_identification:_identify(src/f1tenth_gym_ros) by extensions ['ros']
[2.763s] Level 1:colcon.colcon_core.package_identification:_identify(src/f1tenth_gym_ros) by extension 'ros'
[2.765s] DEBUG:colcon.colcon_core.package_identification:Package 'src/f1tenth_gym_ros' with type 'ros.ament_python' and name 'f1tenth_gym_ros'
[2.765s] Level 1:colcon.colcon_core.package_identification:_identify(src/f1tenth_mpc-main) by extensions ['ignore', 'ignore_ament_install']
[2.765s] Level 1:colcon.colcon_core.package_identification:_identify(src/f1tenth_mpc-main) by extension 'ignore'
[2.765s] Level 1:colcon.colcon_core.package_identification:_identify(src/f1tenth_mpc-main) by extension 'ignore_ament_install'
[2.766s] Level 1:colcon.colcon_core.package_identification:_identify(src/f1tenth_mpc-main) by extensions ['colcon_pkg']
[2.766s] Level 1:colcon.colcon_core.package_identification:_identify(src/f1tenth_mpc-main) by extension 'colcon_pkg'
[2.766s] Level 1:colcon.colcon_core.package_identification:_identify(src/f1tenth_mpc-main) by extensions ['colcon_meta']
[2.766s] Level 1:colcon.colcon_core.package_identification:_identify(src/f1tenth_mpc-main) by extension 'colcon_meta'
[2.766s] Level 1:colcon.colcon_core.package_identification:_identify(src/f1tenth_mpc-main) by extensions ['ros']
[2.766s] Level 1:colcon.colcon_core.package_identification:_identify(src/f1tenth_mpc-main) by extension 'ros'
[2.766s] Level 1:colcon.colcon_core.package_identification:_identify(src/f1tenth_mpc-main) by extensions ['cmake', 'python']
[2.766s] Level 1:colcon.colcon_core.package_identification:_identify(src/f1tenth_mpc-main) by extension 'cmake'
[2.766s] Level 1:colcon.colcon_core.package_identification:_identify(src/f1tenth_mpc-main) by extension 'python'
[2.766s] Level 1:colcon.colcon_core.package_identification:_identify(src/f1tenth_mpc-main) by extensions ['python_setup_py']
[2.766s] Level 1:colcon.colcon_core.package_identification:_identify(src/f1tenth_mpc-main) by extension 'python_setup_py'
[2.766s] Level 1:colcon.colcon_core.package_identification:_identify(src/f1tenth_mpc-main/mpc) by extensions ['ignore', 'ignore_ament_install']
[2.766s] Level 1:colcon.colcon_core.package_identification:_identify(src/f1tenth_mpc-main/mpc) by extension 'ignore'
[2.766s] Level 1:colcon.colcon_core.package_identification:_identify(src/f1tenth_mpc-main/mpc) by extension 'ignore_ament_install'
[2.766s] Level 1:colcon.colcon_core.package_identification:_identify(src/f1tenth_mpc-main/mpc) by extensions ['colcon_pkg']
[2.766s] Level 1:colcon.colcon_core.package_identification:_identify(src/f1tenth_mpc-main/mpc) by extension 'colcon_pkg'
[2.766s] Level 1:colcon.colcon_core.package_identification:_identify(src/f1tenth_mpc-main/mpc) by extensions ['colcon_meta']
[2.766s] Level 1:colcon.colcon_core.package_identification:_identify(src/f1tenth_mpc-main/mpc) by extension 'colcon_meta'
[2.766s] Level 1:colcon.colcon_core.package_identification:_identify(src/f1tenth_mpc-main/mpc) by extensions ['ros']
[2.766s] Level 1:colcon.colcon_core.package_identification:_identify(src/f1tenth_mpc-main/mpc) by extension 'ros'
[2.767s] DEBUG:colcon.colcon_core.package_identification:Package 'src/f1tenth_mpc-main/mpc' with type 'ros.ament_cmake' and name 'mpc'
[2.768s] Level 1:colcon.colcon_core.package_identification:_identify(src/particle_filter) by extensions ['ignore', 'ignore_ament_install']
[2.768s] Level 1:colcon.colcon_core.package_identification:_identify(src/particle_filter) by extension 'ignore'
[2.768s] Level 1:colcon.colcon_core.package_identification:_identify(src/particle_filter) by extension 'ignore_ament_install'
[2.768s] Level 1:colcon.colcon_core.package_identification:_identify(src/particle_filter) by extensions ['colcon_pkg']
[2.768s] Level 1:colcon.colcon_core.package_identification:_identify(src/particle_filter) by extension 'colcon_pkg'
[2.768s] Level 1:colcon.colcon_core.package_identification:_identify(src/particle_filter) by extensions ['colcon_meta']
[2.768s] Level 1:colcon.colcon_core.package_identification:_identify(src/particle_filter) by extension 'colcon_meta'
[2.768s] Level 1:colcon.colcon_core.package_identification:_identify(src/particle_filter) by extensions ['ros']
[2.768s] Level 1:colcon.colcon_core.package_identification:_identify(src/particle_filter) by extension 'ros'
[2.769s] DEBUG:colcon.colcon_core.package_identification:Package 'src/particle_filter' with type 'ros.ament_python' and name 'particle_filter'
[2.769s] Level 1:colcon.colcon_core.package_identification:_identify(src/pure_pursuit) by extensions ['ignore', 'ignore_ament_install']
[2.769s] Level 1:colcon.colcon_core.package_identification:_identify(src/pure_pursuit) by extension 'ignore'
[2.769s] Level 1:colcon.colcon_core.package_identification:_identify(src/pure_pursuit) by extension 'ignore_ament_install'
[2.769s] Level 1:colcon.colcon_core.package_identification:_identify(src/pure_pursuit) by extensions ['colcon_pkg']
[2.769s] Level 1:colcon.colcon_core.package_identification:_identify(src/pure_pursuit) by extension 'colcon_pkg'
[2.769s] Level 1:colcon.colcon_core.package_identification:_identify(src/pure_pursuit) by extensions ['colcon_meta']
[2.769s] Level 1:colcon.colcon_core.package_identification:_identify(src/pure_pursuit) by extension 'colcon_meta'
[2.769s] Level 1:colcon.colcon_core.package_identification:_identify(src/pure_pursuit) by extensions ['ros']
[2.769s] Level 1:colcon.colcon_core.package_identification:_identify(src/pure_pursuit) by extension 'ros'
[2.770s] DEBUG:colcon.colcon_core.package_identification:Package 'src/pure_pursuit' with type 'ros.ament_cmake' and name 'pure_pursuit'
[2.770s] Level 1:colcon.colcon_core.package_identification:_identify(src/range_libc) by extensions ['ignore', 'ignore_ament_install']
[2.770s] Level 1:colcon.colcon_core.package_identification:_identify(src/range_libc) by extension 'ignore'
[2.770s] Level 1:colcon.colcon_core.package_identification:_identify(src/range_libc) by extension 'ignore_ament_install'
[2.770s] Level 1:colcon.colcon_core.package_identification:_identify(src/range_libc) by extensions ['colcon_pkg']
[2.770s] Level 1:colcon.colcon_core.package_identification:_identify(src/range_libc) by extension 'colcon_pkg'
[2.770s] Level 1:colcon.colcon_core.package_identification:_identify(src/range_libc) by extensions ['colcon_meta']
[2.770s] Level 1:colcon.colcon_core.package_identification:_identify(src/range_libc) by extension 'colcon_meta'
[2.770s] Level 1:colcon.colcon_core.package_identification:_identify(src/range_libc) by extensions ['ros']
[2.770s] Level 1:colcon.colcon_core.package_identification:_identify(src/range_libc) by extension 'ros'
[2.771s] Level 1:colcon.colcon_core.package_identification:_identify(src/range_libc) by extensions ['cmake', 'python']
[2.771s] Level 1:colcon.colcon_core.package_identification:_identify(src/range_libc) by extension 'cmake'
[2.775s] Level 1:colcon.colcon_core.package_identification:_identify(src/range_libc) by extension 'python'
[2.775s] DEBUG:colcon.colcon_core.package_identification:Package 'src/range_libc' with type 'cmake' and name 'range_lib'
[2.775s] Level 1:colcon.colcon_core.package_discovery:discover_packages(recursive) using defaults
[2.775s] Level 1:colcon.colcon_core.package_discovery:discover_packages(ignore) discover
[2.776s] Level 1:colcon.colcon_core.package_discovery:discover_packages(ignore) using defaults
[2.776s] Level 1:colcon.colcon_core.package_discovery:discover_packages(path) discover
[2.776s] Level 1:colcon.colcon_core.package_discovery:discover_packages(path) using defaults
[3.015s] Level 1:colcon.colcon_core.package_discovery:discover_packages(prefix_path) check parameters
[3.015s] Level 1:colcon.colcon_core.package_discovery:discover_packages(prefix_path) discover
[3.106s] DEBUG:colcon.colcon_installed_package_information.package_discovery:Found 5 installed packages in /home/william/sim_ws/install
[3.160s] DEBUG:colcon.colcon_installed_package_information.package_discovery:Found 306 installed packages in /opt/ros/foxy
[3.162s] Level 1:colcon.colcon_core.package_discovery:discover_packages(prefix_path) using defaults
[3.326s] Level 5:colcon.colcon_core.verb:set package 'f1tenth_gym_ros' build argument 'cmake_args' from command line to 'None'
[3.326s] Level 5:colcon.colcon_core.verb:set package 'f1tenth_gym_ros' build argument 'cmake_target' from command line to 'None'
[3.326s] Level 5:colcon.colcon_core.verb:set package 'f1tenth_gym_ros' build argument 'cmake_target_skip_unavailable' from command line to 'False'
[3.326s] Level 5:colcon.colcon_core.verb:set package 'f1tenth_gym_ros' build argument 'cmake_clean_cache' from command line to 'False'
[3.326s] Level 5:colcon.colcon_core.verb:set package 'f1tenth_gym_ros' build argument 'cmake_clean_first' from command line to 'False'
[3.326s] Level 5:colcon.colcon_core.verb:set package 'f1tenth_gym_ros' build argument 'cmake_force_configure' from command line to 'False'
[3.326s] Level 5:colcon.colcon_core.verb:set package 'f1tenth_gym_ros' build argument 'ament_cmake_args' from command line to 'None'
[3.326s] Level 5:colcon.colcon_core.verb:set package 'f1tenth_gym_ros' build argument 'catkin_cmake_args' from command line to 'None'
[3.326s] Level 5:colcon.colcon_core.verb:set package 'f1tenth_gym_ros' build argument 'catkin_skip_building_tests' from command line to 'False'
[3.326s] DEBUG:colcon.colcon_core.verb:Building package 'f1tenth_gym_ros' with the following arguments: {'ament_cmake_args': None, 'build_base': '/home/william/sim_ws/build/f1tenth_gym_ros', 'catkin_cmake_args': None, 'catkin_skip_building_tests': False, 'cmake_args': None, 'cmake_clean_cache': False, 'cmake_clean_first': False, 'cmake_force_configure': False, 'cmake_target': None, 'cmake_target_skip_unavailable': False, 'install_base': '/home/william/sim_ws/install/f1tenth_gym_ros', 'merge_install': False, 'path': '/home/william/sim_ws/src/f1tenth_gym_ros', 'symlink_install': False, 'test_result_base': None}
[3.371s] Level 5:colcon.colcon_core.verb:set package 'mpc' build argument 'cmake_args' from command line to 'None'
[3.371s] Level 5:colcon.colcon_core.verb:set package 'mpc' build argument 'cmake_target' from command line to 'None'
[3.371s] Level 5:colcon.colcon_core.verb:set package 'mpc' build argument 'cmake_target_skip_unavailable' from command line to 'False'
[3.371s] Level 5:colcon.colcon_core.verb:set package 'mpc' build argument 'cmake_clean_cache' from command line to 'False'
[3.371s] Level 5:colcon.colcon_core.verb:set package 'mpc' build argument 'cmake_clean_first' from command line to 'False'
[3.371s] Level 5:colcon.colcon_core.verb:set package 'mpc' build argument 'cmake_force_configure' from command line to 'False'
[3.371s] Level 5:colcon.colcon_core.verb:set package 'mpc' build argument 'ament_cmake_args' from command line to 'None'
[3.371s] Level 5:colcon.colcon_core.verb:set package 'mpc' build argument 'catkin_cmake_args' from command line to 'None'
[3.371s] Level 5:colcon.colcon_core.verb:set package 'mpc' build argument 'catkin_skip_building_tests' from command line to 'False'
[3.372s] DEBUG:colcon.colcon_core.verb:Building package 'mpc' with the following arguments: {'ament_cmake_args': None, 'build_base': '/home/william/sim_ws/build/mpc', 'catkin_cmake_args': None, 'catkin_skip_building_tests': False, 'cmake_args': None, 'cmake_clean_cache': False, 'cmake_clean_first': False, 'cmake_force_configure': False, 'cmake_target': None, 'cmake_target_skip_unavailable': False, 'install_base': '/home/william/sim_ws/install/mpc', 'merge_install': False, 'path': '/home/william/sim_ws/src/f1tenth_mpc-main/mpc', 'symlink_install': False, 'test_result_base': None}
[3.415s] Level 5:colcon.colcon_core.verb:set package 'particle_filter' build argument 'cmake_args' from command line to 'None'
[3.415s] Level 5:colcon.colcon_core.verb:set package 'particle_filter' build argument 'cmake_target' from command line to 'None'
[3.415s] Level 5:colcon.colcon_core.verb:set package 'particle_filter' build argument 'cmake_target_skip_unavailable' from command line to 'False'
[3.415s] Level 5:colcon.colcon_core.verb:set package 'particle_filter' build argument 'cmake_clean_cache' from command line to 'False'
[3.415s] Level 5:colcon.colcon_core.verb:set package 'particle_filter' build argument 'cmake_clean_first' from command line to 'False'
[3.415s] Level 5:colcon.colcon_core.verb:set package 'particle_filter' build argument 'cmake_force_configure' from command line to 'False'
[3.415s] Level 5:colcon.colcon_core.verb:set package 'particle_filter' build argument 'ament_cmake_args' from command line to 'None'
[3.415s] Level 5:colcon.colcon_core.verb:set package 'particle_filter' build argument 'catkin_cmake_args' from command line to 'None'
[3.415s] Level 5:colcon.colcon_core.verb:set package 'particle_filter' build argument 'catkin_skip_building_tests' from command line to 'False'
[3.415s] DEBUG:colcon.colcon_core.verb:Building package 'particle_filter' with the following arguments: {'ament_cmake_args': None, 'build_base': '/home/william/sim_ws/build/particle_filter', 'catkin_cmake_args': None, 'catkin_skip_building_tests': False, 'cmake_args': None, 'cmake_clean_cache': False, 'cmake_clean_first': False, 'cmake_force_configure': False, 'cmake_target': None, 'cmake_target_skip_unavailable': False, 'install_base': '/home/william/sim_ws/install/particle_filter', 'merge_install': False, 'path': '/home/william/sim_ws/src/particle_filter', 'symlink_install': False, 'test_result_base': None}
[3.459s] Level 5:colcon.colcon_core.verb:set package 'pure_pursuit' build argument 'cmake_args' from command line to 'None'
[3.459s] Level 5:colcon.colcon_core.verb:set package 'pure_pursuit' build argument 'cmake_target' from command line to 'None'
[3.459s] Level 5:colcon.colcon_core.verb:set package 'pure_pursuit' build argument 'cmake_target_skip_unavailable' from command line to 'False'
[3.459s] Level 5:colcon.colcon_core.verb:set package 'pure_pursuit' build argument 'cmake_clean_cache' from command line to 'False'
[3.459s] Level 5:colcon.colcon_core.verb:set package 'pure_pursuit' build argument 'cmake_clean_first' from command line to 'False'
[3.459s] Level 5:colcon.colcon_core.verb:set package 'pure_pursuit' build argument 'cmake_force_configure' from command line to 'False'
[3.459s] Level 5:colcon.colcon_core.verb:set package 'pure_pursuit' build argument 'ament_cmake_args' from command line to 'None'
[3.459s] Level 5:colcon.colcon_core.verb:set package 'pure_pursuit' build argument 'catkin_cmake_args' from command line to 'None'
[3.459s] Level 5:colcon.colcon_core.verb:set package 'pure_pursuit' build argument 'catkin_skip_building_tests' from command line to 'False'
[3.460s] DEBUG:colcon.colcon_core.verb:Building package 'pure_pursuit' with the following arguments: {'ament_cmake_args': None, 'build_base': '/home/william/sim_ws/build/pure_pursuit', 'catkin_cmake_args': None, 'catkin_skip_building_tests': False, 'cmake_args': None, 'cmake_clean_cache': False, 'cmake_clean_first': False, 'cmake_force_configure': False, 'cmake_target': None, 'cmake_target_skip_unavailable': False, 'install_base': '/home/william/sim_ws/install/pure_pursuit', 'merge_install': False, 'path': '/home/william/sim_ws/src/pure_pursuit', 'symlink_install': False, 'test_result_base': None}
[3.503s] Level 5:colcon.colcon_core.verb:set package 'range_lib' build argument 'cmake_args' from command line to 'None'
[3.503s] Level 5:colcon.colcon_core.verb:set package 'range_lib' build argument 'cmake_target' from command line to 'None'
[3.503s] Level 5:colcon.colcon_core.verb:set package 'range_lib' build argument 'cmake_target_skip_unavailable' from command line to 'False'
[3.503s] Level 5:colcon.colcon_core.verb:set package 'range_lib' build argument 'cmake_clean_cache' from command line to 'False'
[3.503s] Level 5:colcon.colcon_core.verb:set package 'range_lib' build argument 'cmake_clean_first' from command line to 'False'
[3.503s] Level 5:colcon.colcon_core.verb:set package 'range_lib' build argument 'cmake_force_configure' from command line to 'False'
[3.503s] Level 5:colcon.colcon_core.verb:set package 'range_lib' build argument 'ament_cmake_args' from command line to 'None'
[3.503s] Level 5:colcon.colcon_core.verb:set package 'range_lib' build argument 'catkin_cmake_args' from command line to 'None'
[3.503s] Level 5:colcon.colcon_core.verb:set package 'range_lib' build argument 'catkin_skip_building_tests' from command line to 'False'
[3.503s] DEBUG:colcon.colcon_core.verb:Building package 'range_lib' with the following arguments: {'ament_cmake_args': None, 'build_base': '/home/william/sim_ws/build/range_lib', 'catkin_cmake_args': None, 'catkin_skip_building_tests': False, 'cmake_args': None, 'cmake_clean_cache': False, 'cmake_clean_first': False, 'cmake_force_configure': False, 'cmake_target': None, 'cmake_target_skip_unavailable': False, 'install_base': '/home/william/sim_ws/install/range_lib', 'merge_install': False, 'path': '/home/william/sim_ws/src/range_libc', 'symlink_install': False, 'test_result_base': None}
[3.548s] INFO:colcon.colcon_core.executor:Executing jobs using 'parallel' executor
[3.594s] DEBUG:colcon.colcon_parallel_executor.executor.parallel:run_until_complete
[3.594s] INFO:colcon.colcon_ros.task.ament_python.build:Building ROS package in '/home/william/sim_ws/src/f1tenth_gym_ros' with build type 'ament_python'
[3.594s] Level 1:colcon.colcon_core.shell:create_environment_hook('f1tenth_gym_ros', 'ament_prefix_path')
[3.643s] INFO:colcon.colcon_core.plugin_system:Skipping extension 'colcon_core.shell.bat': Not used on non-Windows systems
[3.643s] INFO:colcon.colcon_core.shell:Creating environment hook '/home/william/sim_ws/install/f1tenth_gym_ros/share/f1tenth_gym_ros/hook/ament_prefix_path.ps1'
[3.644s] INFO:colcon.colcon_core.shell:Creating environment descriptor '/home/william/sim_ws/install/f1tenth_gym_ros/share/f1tenth_gym_ros/hook/ament_prefix_path.dsv'
[3.644s] INFO:colcon.colcon_core.shell:Creating environment hook '/home/william/sim_ws/install/f1tenth_gym_ros/share/f1tenth_gym_ros/hook/ament_prefix_path.sh'
[3.699s] INFO:colcon.colcon_core.shell:Skip shell extension 'powershell' for command environment: Not usable outside of PowerShell
[3.699s] DEBUG:colcon.colcon_core.shell:Skip shell extension 'dsv' for command environment
[3.844s] INFO:colcon.colcon_ros.task.ament_cmake.build:Building ROS package in '/home/william/sim_ws/src/f1tenth_mpc-main/mpc' with build type 'ament_cmake'
[3.844s] INFO:colcon.colcon_cmake.task.cmake.build:Building CMake package in '/home/william/sim_ws/src/f1tenth_mpc-main/mpc'
[3.894s] INFO:colcon.colcon_core.shell:Skip shell extension 'powershell' for command environment: Not usable outside of PowerShell
[3.894s] DEBUG:colcon.colcon_core.shell:Skip shell extension 'dsv' for command environment
[4.040s] INFO:colcon.colcon_ros.task.ament_python.build:Building ROS package in '/home/william/sim_ws/src/particle_filter' with build type 'ament_python'
[4.040s] Level 1:colcon.colcon_core.shell:create_environment_hook('particle_filter', 'ament_prefix_path')
[4.089s] INFO:colcon.colcon_core.shell:Creating environment hook '/home/william/sim_ws/install/particle_filter/share/particle_filter/hook/ament_prefix_path.ps1'
[4.089s] INFO:colcon.colcon_core.shell:Creating environment descriptor '/home/william/sim_ws/install/particle_filter/share/particle_filter/hook/ament_prefix_path.dsv'
[4.090s] INFO:colcon.colcon_core.shell:Creating environment hook '/home/william/sim_ws/install/particle_filter/share/particle_filter/hook/ament_prefix_path.sh'
[4.139s] INFO:colcon.colcon_core.shell:Skip shell extension 'powershell' for command environment: Not usable outside of PowerShell
[4.139s] DEBUG:colcon.colcon_core.shell:Skip shell extension 'dsv' for command environment
[4.282s] INFO:colcon.colcon_ros.task.ament_cmake.build:Building ROS package in '/home/william/sim_ws/src/pure_pursuit' with build type 'ament_cmake'
[4.283s] INFO:colcon.colcon_cmake.task.cmake.build:Building CMake package in '/home/william/sim_ws/src/pure_pursuit'
[4.345s] INFO:colcon.colcon_core.shell:Skip shell extension 'powershell' for command environment: Not usable outside of PowerShell
[4.346s] DEBUG:colcon.colcon_core.shell:Skip shell extension 'dsv' for command environment
[4.488s] INFO:colcon.colcon_cmake.task.cmake.build:Building CMake package in '/home/william/sim_ws/src/range_libc'
[4.540s] INFO:colcon.colcon_core.shell:Skip shell extension 'powershell' for command environment: Not usable outside of PowerShell
[4.541s] DEBUG:colcon.colcon_core.shell:Skip shell extension 'dsv' for command environment
[4.934s] INFO:colcon.colcon_core.task.python.build:Building Python package in '/home/william/sim_ws/src/f1tenth_gym_ros'
[4.985s] INFO:colcon.colcon_core.shell:Skip shell extension 'powershell' for command environment: Not usable outside of PowerShell
[4.985s] DEBUG:colcon.colcon_core.shell:Skip shell extension 'dsv' for command environment
[5.135s] DEBUG:colcon.colcon_core.event_handler.log_command:Invoking command in '/home/william/sim_ws/build/mpc': CMAKE_PREFIX_PATH=${CMAKE_PREFIX_PATH}:/home/william/sim_ws/install/particle_filter:/home/william/sim_ws/install/f1tenth_gym_ros:/opt/ros/foxy /usr/bin/cmake --build /home/william/sim_ws/build/mpc -- -j8 -l8
[5.389s] INFO:colcon.colcon_core.task.python.build:Building Python package in '/home/william/sim_ws/src/particle_filter'
[5.438s] INFO:colcon.colcon_core.shell:Skip shell extension 'powershell' for command environment: Not usable outside of PowerShell
[5.438s] DEBUG:colcon.colcon_core.shell:Skip shell extension 'dsv' for command environment
[5.586s] DEBUG:colcon.colcon_core.event_handler.log_command:Invoking command in '/home/william/sim_ws/build/pure_pursuit': CMAKE_PREFIX_PATH=${CMAKE_PREFIX_PATH}:/home/william/sim_ws/install/particle_filter:/home/william/sim_ws/install/f1tenth_gym_ros:/opt/ros/foxy /usr/bin/cmake --build /home/william/sim_ws/build/pure_pursuit -- -j8 -l8
[5.593s] DEBUG:colcon.colcon_core.event_handler.log_command:Invoking command in '/home/william/sim_ws/build/range_lib': /usr/bin/cmake --build /home/william/sim_ws/build/range_lib -- -j8 -l8
[5.594s] DEBUG:colcon.colcon_core.event_handler.log_command:Invoked command in '/home/william/sim_ws/build/mpc' returned '0': CMAKE_PREFIX_PATH=${CMAKE_PREFIX_PATH}:/home/william/sim_ws/install/particle_filter:/home/william/sim_ws/install/f1tenth_gym_ros:/opt/ros/foxy /usr/bin/cmake --build /home/william/sim_ws/build/mpc -- -j8 -l8
[5.632s] DEBUG:colcon.colcon_core.event_handler.log_command:Invoking command in '/home/william/sim_ws/build/mpc': CMAKE_PREFIX_PATH=${CMAKE_PREFIX_PATH}:/home/william/sim_ws/install/particle_filter:/home/william/sim_ws/install/f1tenth_gym_ros:/opt/ros/foxy /usr/bin/cmake --install /home/william/sim_ws/build/mpc
[5.686s] DEBUG:colcon.colcon_core.event_handler.log_command:Invoked command in '/home/william/sim_ws/build/pure_pursuit' returned '0': CMAKE_PREFIX_PATH=${CMAKE_PREFIX_PATH}:/home/william/sim_ws/install/particle_filter:/home/william/sim_ws/install/f1tenth_gym_ros:/opt/ros/foxy /usr/bin/cmake --build /home/william/sim_ws/build/pure_pursuit -- -j8 -l8
[5.704s] DEBUG:colcon.colcon_core.event_handler.log_command:Invoked command in '/home/william/sim_ws/build/range_lib' returned '0': /usr/bin/cmake --build /home/william/sim_ws/build/range_lib -- -j8 -l8
[5.706s] Level 1:colcon.colcon_core.environment:create_environment_scripts_only(mpc)
[5.710s] DEBUG:colcon.colcon_core.event_handler.log_command:Invoked command in '/home/william/sim_ws/build/mpc' returned '0': CMAKE_PREFIX_PATH=${CMAKE_PREFIX_PATH}:/home/william/sim_ws/install/particle_filter:/home/william/sim_ws/install/f1tenth_gym_ros:/opt/ros/foxy /usr/bin/cmake --install /home/william/sim_ws/build/mpc
[5.778s] Level 1:colcon.colcon_core.environment:checking '/home/william/sim_ws/install/mpc' for CMake module files
[5.779s] Level 1:colcon.colcon_core.environment:checking '/home/william/sim_ws/install/mpc' for CMake config files
[5.779s] Level 1:colcon.colcon_core.shell:create_environment_hook('mpc', 'cmake_prefix_path')
[5.826s] INFO:colcon.colcon_core.shell:Creating environment hook '/home/william/sim_ws/install/mpc/share/mpc/hook/cmake_prefix_path.ps1'
[5.827s] INFO:colcon.colcon_core.shell:Creating environment descriptor '/home/william/sim_ws/install/mpc/share/mpc/hook/cmake_prefix_path.dsv'
[5.827s] INFO:colcon.colcon_core.shell:Creating environment hook '/home/william/sim_ws/install/mpc/share/mpc/hook/cmake_prefix_path.sh'
[5.827s] Level 1:colcon.colcon_core.environment:checking '/home/william/sim_ws/install/mpc/lib'
[5.828s] Level 1:colcon.colcon_core.environment:checking '/home/william/sim_ws/install/mpc/bin'
[5.828s] Level 1:colcon.colcon_core.environment:checking '/home/william/sim_ws/install/mpc/lib/pkgconfig/mpc.pc'
[5.828s] Level 1:colcon.colcon_core.environment:checking '/home/william/sim_ws/install/mpc/lib/python3.8/site-packages'
[5.828s] Level 1:colcon.colcon_core.shell:create_environment_hook('mpc', 'pythonpath')
[5.887s] INFO:colcon.colcon_core.shell:Creating environment hook '/home/william/sim_ws/install/mpc/share/mpc/hook/pythonpath.ps1'
[5.888s] INFO:colcon.colcon_core.shell:Creating environment descriptor '/home/william/sim_ws/install/mpc/share/mpc/hook/pythonpath.dsv'
[5.888s] INFO:colcon.colcon_core.shell:Creating environment hook '/home/william/sim_ws/install/mpc/share/mpc/hook/pythonpath.sh'
[5.888s] Level 1:colcon.colcon_core.environment:checking '/home/william/sim_ws/install/mpc/bin'
[5.936s] INFO:colcon.colcon_core.shell:Creating package script '/home/william/sim_ws/install/mpc/share/mpc/package.ps1'
[5.936s] INFO:colcon.colcon_core.shell:Creating package descriptor '/home/william/sim_ws/install/mpc/share/mpc/package.dsv'
[5.937s] INFO:colcon.colcon_core.shell:Creating package script '/home/william/sim_ws/install/mpc/share/mpc/package.sh'
[5.938s] INFO:colcon.colcon_core.shell:Creating package script '/home/william/sim_ws/install/mpc/share/mpc/package.bash'
[5.938s] INFO:colcon.colcon_core.shell:Creating package script '/home/william/sim_ws/install/mpc/share/mpc/package.zsh'
[5.939s] Level 1:colcon.colcon_core.environment:create_file_with_runtime_dependencies(/home/william/sim_ws/install/mpc/share/colcon-core/packages/mpc)
[5.945s] DEBUG:colcon.colcon_core.event_handler.log_command:Invoking command in '/home/william/sim_ws/build/pure_pursuit': CMAKE_PREFIX_PATH=${CMAKE_PREFIX_PATH}:/home/william/sim_ws/install/particle_filter:/home/william/sim_ws/install/f1tenth_gym_ros:/opt/ros/foxy /usr/bin/cmake --install /home/william/sim_ws/build/pure_pursuit
[5.950s] DEBUG:colcon.colcon_core.event_handler.log_command:Invoking command in '/home/william/sim_ws/build/range_lib': /usr/bin/cmake --install /home/william/sim_ws/build/range_lib
[5.962s] Level 1:colcon.colcon_core.environment:create_environment_scripts_only(pure_pursuit)
[5.965s] DEBUG:colcon.colcon_core.event_handler.log_command:Invoked command in '/home/william/sim_ws/build/pure_pursuit' returned '0': CMAKE_PREFIX_PATH=${CMAKE_PREFIX_PATH}:/home/william/sim_ws/install/particle_filter:/home/william/sim_ws/install/f1tenth_gym_ros:/opt/ros/foxy /usr/bin/cmake --install /home/william/sim_ws/build/pure_pursuit
[6.019s] Level 1:colcon.colcon_core.environment:checking '/home/william/sim_ws/install/pure_pursuit' for CMake module files
[6.020s] Level 1:colcon.colcon_core.environment:checking '/home/william/sim_ws/install/pure_pursuit' for CMake config files
[6.020s] Level 1:colcon.colcon_core.shell:create_environment_hook('pure_pursuit', 'cmake_prefix_path')
[6.073s] INFO:colcon.colcon_core.shell:Creating environment hook '/home/william/sim_ws/install/pure_pursuit/share/pure_pursuit/hook/cmake_prefix_path.ps1'
[6.073s] INFO:colcon.colcon_core.shell:Creating environment descriptor '/home/william/sim_ws/install/pure_pursuit/share/pure_pursuit/hook/cmake_prefix_path.dsv'
[6.074s] INFO:colcon.colcon_core.shell:Creating environment hook '/home/william/sim_ws/install/pure_pursuit/share/pure_pursuit/hook/cmake_prefix_path.sh'
[6.074s] Level 1:colcon.colcon_core.environment:checking '/home/william/sim_ws/install/pure_pursuit/lib'
[6.074s] Level 1:colcon.colcon_core.environment:checking '/home/william/sim_ws/install/pure_pursuit/bin'
[6.074s] Level 1:colcon.colcon_core.environment:checking '/home/william/sim_ws/install/pure_pursuit/lib/pkgconfig/pure_pursuit.pc'
[6.075s] Level 1:colcon.colcon_core.environment:checking '/home/william/sim_ws/install/pure_pursuit/lib/python3.8/site-packages'
[6.075s] Level 1:colcon.colcon_core.environment:checking '/home/william/sim_ws/install/pure_pursuit/bin'
[6.122s] INFO:colcon.colcon_core.shell:Creating package script '/home/william/sim_ws/install/pure_pursuit/share/pure_pursuit/package.ps1'
[6.122s] INFO:colcon.colcon_core.shell:Creating package descriptor '/home/william/sim_ws/install/pure_pursuit/share/pure_pursuit/package.dsv'
[6.122s] INFO:colcon.colcon_core.shell:Creating package script '/home/william/sim_ws/install/pure_pursuit/share/pure_pursuit/package.sh'
[6.123s] INFO:colcon.colcon_core.shell:Creating package script '/home/william/sim_ws/install/pure_pursuit/share/pure_pursuit/package.bash'
[6.123s] INFO:colcon.colcon_core.shell:Creating package script '/home/william/sim_ws/install/pure_pursuit/share/pure_pursuit/package.zsh'
[6.123s] Level 1:colcon.colcon_core.environment:create_file_with_runtime_dependencies(/home/william/sim_ws/install/pure_pursuit/share/colcon-core/packages/pure_pursuit)
[6.178s] Level 1:colcon.colcon_core.environment:create_environment_scripts_only(mpc)
[6.227s] Level 1:colcon.colcon_core.environment:checking '/home/william/sim_ws/install/mpc' for CMake module files
[6.227s] Level 1:colcon.colcon_core.environment:checking '/home/william/sim_ws/install/mpc' for CMake config files
[6.227s] Level 1:colcon.colcon_core.shell:create_environment_hook('mpc', 'cmake_prefix_path')
[6.275s] INFO:colcon.colcon_core.shell:Creating environment hook '/home/william/sim_ws/install/mpc/share/mpc/hook/cmake_prefix_path.ps1'
[6.276s] INFO:colcon.colcon_core.shell:Creating environment descriptor '/home/william/sim_ws/install/mpc/share/mpc/hook/cmake_prefix_path.dsv'
[6.276s] INFO:colcon.colcon_core.shell:Creating environment hook '/home/william/sim_ws/install/mpc/share/mpc/hook/cmake_prefix_path.sh'
[6.276s] Level 1:colcon.colcon_core.environment:checking '/home/william/sim_ws/install/mpc/lib'
[6.277s] Level 1:colcon.colcon_core.environment:checking '/home/william/sim_ws/install/mpc/bin'
[6.277s] Level 1:colcon.colcon_core.environment:checking '/home/william/sim_ws/install/mpc/lib/pkgconfig/mpc.pc'
[6.277s] Level 1:colcon.colcon_core.environment:checking '/home/william/sim_ws/install/mpc/lib/python3.8/site-packages'
[6.277s] Level 1:colcon.colcon_core.shell:create_environment_hook('mpc', 'pythonpath')
[6.324s] INFO:colcon.colcon_core.shell:Creating environment hook '/home/william/sim_ws/install/mpc/share/mpc/hook/pythonpath.ps1'
[6.324s] INFO:colcon.colcon_core.shell:Creating environment descriptor '/home/william/sim_ws/install/mpc/share/mpc/hook/pythonpath.dsv'
[6.324s] INFO:colcon.colcon_core.shell:Creating environment hook '/home/william/sim_ws/install/mpc/share/mpc/hook/pythonpath.sh'
[6.325s] Level 1:colcon.colcon_core.environment:checking '/home/william/sim_ws/install/mpc/bin'
[6.373s] INFO:colcon.colcon_core.shell:Creating package script '/home/william/sim_ws/install/mpc/share/mpc/package.ps1'
[6.373s] INFO:colcon.colcon_core.shell:Creating package descriptor '/home/william/sim_ws/install/mpc/share/mpc/package.dsv'
[6.374s] INFO:colcon.colcon_core.shell:Creating package script '/home/william/sim_ws/install/mpc/share/mpc/package.sh'
[6.374s] INFO:colcon.colcon_core.shell:Creating package script '/home/william/sim_ws/install/mpc/share/mpc/package.bash'
[6.375s] INFO:colcon.colcon_core.shell:Creating package script '/home/william/sim_ws/install/mpc/share/mpc/package.zsh'
[6.375s] Level 1:colcon.colcon_core.environment:create_file_with_runtime_dependencies(/home/william/sim_ws/install/mpc/share/colcon-core/packages/mpc)
[6.382s] DEBUG:colcon.colcon_core.event_handler.log_command:Invoking command in '/home/william/sim_ws/src/f1tenth_gym_ros': PYTHONPATH=/home/william/sim_ws/build/f1tenth_gym_ros/prefix_override:/home/william/sim_ws/install/f1tenth_gym_ros/lib/python3.8/site-packages:${PYTHONPATH} /usr/bin/python3 setup.py egg_info --egg-base ../../build/f1tenth_gym_ros build --build-base /home/william/sim_ws/build/f1tenth_gym_ros/build install --record /home/william/sim_ws/build/f1tenth_gym_ros/install.log --single-version-externally-managed
[6.383s] Level 1:colcon.colcon_core.environment:create_environment_scripts_only(range_lib)
[6.384s] DEBUG:colcon.colcon_core.event_handler.log_command:Invoking command in '/home/william/sim_ws/src/particle_filter': PYTHONPATH=/home/william/sim_ws/build/particle_filter/prefix_override:/home/william/sim_ws/install/particle_filter/lib/python3.8/site-packages:${PYTHONPATH} /usr/bin/python3 setup.py egg_info --egg-base ../../build/particle_filter build --build-base /home/william/sim_ws/build/particle_filter/build install --record /home/william/sim_ws/build/particle_filter/install.log --single-version-externally-managed
[6.385s] DEBUG:colcon.colcon_core.event_handler.log_command:Invoked command in '/home/william/sim_ws/build/range_lib' returned '0': /usr/bin/cmake --install /home/william/sim_ws/build/range_lib
[6.436s] Level 1:colcon.colcon_core.environment:checking '/home/william/sim_ws/install/range_lib' for CMake module files
[6.436s] Level 1:colcon.colcon_core.environment:checking '/home/william/sim_ws/install/range_lib' for CMake config files
[6.437s] Level 1:colcon.colcon_core.shell:create_environment_hook('range_lib', 'cmake_prefix_path')
[6.486s] INFO:colcon.colcon_core.shell:Creating environment hook '/home/william/sim_ws/install/range_lib/share/range_lib/hook/cmake_prefix_path.ps1'
[6.487s] INFO:colcon.colcon_core.shell:Creating environment descriptor '/home/william/sim_ws/install/range_lib/share/range_lib/hook/cmake_prefix_path.dsv'
[6.487s] INFO:colcon.colcon_core.shell:Creating environment hook '/home/william/sim_ws/install/range_lib/share/range_lib/hook/cmake_prefix_path.sh'
[6.487s] Level 1:colcon.colcon_core.environment:checking '/home/william/sim_ws/install/range_lib/lib'
[6.487s] Level 1:colcon.colcon_core.environment:checking '/home/william/sim_ws/install/range_lib/bin'
[6.488s] Level 1:colcon.colcon_core.shell:create_environment_hook('range_lib', 'path')
[6.539s] INFO:colcon.colcon_core.shell:Creating environment hook '/home/william/sim_ws/install/range_lib/share/range_lib/hook/path.ps1'
[6.539s] INFO:colcon.colcon_core.shell:Creating environment descriptor '/home/william/sim_ws/install/range_lib/share/range_lib/hook/path.dsv'
[6.540s] INFO:colcon.colcon_core.shell:Creating environment hook '/home/william/sim_ws/install/range_lib/share/range_lib/hook/path.sh'
[6.540s] Level 1:colcon.colcon_core.environment:checking '/home/william/sim_ws/install/range_lib/lib/pkgconfig/range_lib.pc'
[6.540s] Level 1:colcon.colcon_core.environment:checking '/home/william/sim_ws/install/range_lib/lib/python3.8/site-packages'
[6.540s] Level 1:colcon.colcon_core.environment:checking '/home/william/sim_ws/install/range_lib/bin'
[6.540s] Level 1:colcon.colcon_core.shell:create_environment_hook('range_lib', 'pythonscriptspath')
[6.591s] INFO:colcon.colcon_core.shell:Creating environment hook '/home/william/sim_ws/install/range_lib/share/range_lib/hook/pythonscriptspath.ps1'
[6.592s] INFO:colcon.colcon_core.shell:Creating environment descriptor '/home/william/sim_ws/install/range_lib/share/range_lib/hook/pythonscriptspath.dsv'
[6.592s] INFO:colcon.colcon_core.shell:Creating environment hook '/home/william/sim_ws/install/range_lib/share/range_lib/hook/pythonscriptspath.sh'
[6.686s] INFO:colcon.colcon_core.shell:Creating package script '/home/william/sim_ws/install/range_lib/share/range_lib/package.ps1'
[6.687s] INFO:colcon.colcon_core.shell:Creating package descriptor '/home/william/sim_ws/install/range_lib/share/range_lib/package.dsv'
[6.688s] INFO:colcon.colcon_core.shell:Creating package script '/home/william/sim_ws/install/range_lib/share/range_lib/package.sh'
[6.688s] INFO:colcon.colcon_core.shell:Creating package script '/home/william/sim_ws/install/range_lib/share/range_lib/package.bash'
[6.689s] INFO:colcon.colcon_core.shell:Creating package script '/home/william/sim_ws/install/range_lib/share/range_lib/package.zsh'
[6.689s] Level 1:colcon.colcon_core.environment:create_file_with_runtime_dependencies(/home/william/sim_ws/install/range_lib/share/colcon-core/packages/range_lib)
[6.781s] Level 1:colcon.colcon_core.environment:create_environment_scripts_only(pure_pursuit)
[6.852s] Level 1:colcon.colcon_core.environment:checking '/home/william/sim_ws/install/pure_pursuit' for CMake module files
[6.852s] Level 1:colcon.colcon_core.environment:checking '/home/william/sim_ws/install/pure_pursuit' for CMake config files
[6.852s] Level 1:colcon.colcon_core.shell:create_environment_hook('pure_pursuit', 'cmake_prefix_path')
[6.906s] INFO:colcon.colcon_core.shell:Creating environment hook '/home/william/sim_ws/install/pure_pursuit/share/pure_pursuit/hook/cmake_prefix_path.ps1'
[6.906s] INFO:colcon.colcon_core.shell:Creating environment descriptor '/home/william/sim_ws/install/pure_pursuit/share/pure_pursuit/hook/cmake_prefix_path.dsv'
[6.906s] INFO:colcon.colcon_core.shell:Creating environment hook '/home/william/sim_ws/install/pure_pursuit/share/pure_pursuit/hook/cmake_prefix_path.sh'
[6.907s] Level 1:colcon.colcon_core.environment:checking '/home/william/sim_ws/install/pure_pursuit/lib'
[6.907s] Level 1:colcon.colcon_core.environment:checking '/home/william/sim_ws/install/pure_pursuit/bin'
[6.907s] Level 1:colcon.colcon_core.environment:checking '/home/william/sim_ws/install/pure_pursuit/lib/pkgconfig/pure_pursuit.pc'
[6.907s] Level 1:colcon.colcon_core.environment:checking '/home/william/sim_ws/install/pure_pursuit/lib/python3.8/site-packages'
[6.907s] Level 1:colcon.colcon_core.environment:checking '/home/william/sim_ws/install/pure_pursuit/bin'
[6.968s] INFO:colcon.colcon_core.shell:Creating package script '/home/william/sim_ws/install/pure_pursuit/share/pure_pursuit/package.ps1'
[6.969s] INFO:colcon.colcon_core.shell:Creating package descriptor '/home/william/sim_ws/install/pure_pursuit/share/pure_pursuit/package.dsv'
[6.970s] INFO:colcon.colcon_core.shell:Creating package script '/home/william/sim_ws/install/pure_pursuit/share/pure_pursuit/package.sh'
[6.970s] INFO:colcon.colcon_core.shell:Creating package script '/home/william/sim_ws/install/pure_pursuit/share/pure_pursuit/package.bash'
[6.970s] INFO:colcon.colcon_core.shell:Creating package script '/home/william/sim_ws/install/pure_pursuit/share/pure_pursuit/package.zsh'
[6.971s] Level 1:colcon.colcon_core.environment:create_file_with_runtime_dependencies(/home/william/sim_ws/install/pure_pursuit/share/colcon-core/packages/pure_pursuit)
[6.972s] DEBUG:colcon.colcon_core.event_handler.log_command:Invoked command in '/home/william/sim_ws/src/f1tenth_gym_ros' returned '0': PYTHONPATH=/home/william/sim_ws/build/f1tenth_gym_ros/prefix_override:/home/william/sim_ws/install/f1tenth_gym_ros/lib/python3.8/site-packages:${PYTHONPATH} /usr/bin/python3 setup.py egg_info --egg-base ../../build/f1tenth_gym_ros build --build-base /home/william/sim_ws/build/f1tenth_gym_ros/build install --record /home/william/sim_ws/build/f1tenth_gym_ros/install.log --single-version-externally-managed
[7.034s] Level 1:colcon.colcon_core.environment:checking '/home/william/sim_ws/install/f1tenth_gym_ros' for CMake module files
[7.034s] Level 1:colcon.colcon_core.environment:checking '/home/william/sim_ws/install/f1tenth_gym_ros' for CMake config files
[7.035s] Level 1:colcon.colcon_core.environment:checking '/home/william/sim_ws/install/f1tenth_gym_ros/lib'
[7.035s] Level 1:colcon.colcon_core.environment:checking '/home/william/sim_ws/install/f1tenth_gym_ros/bin'
[7.035s] Level 1:colcon.colcon_core.shell:create_environment_hook('f1tenth_gym_ros', 'path')
[7.092s] INFO:colcon.colcon_core.shell:Creating environment hook '/home/william/sim_ws/install/f1tenth_gym_ros/share/f1tenth_gym_ros/hook/path.ps1'
[7.093s] INFO:colcon.colcon_core.shell:Creating environment descriptor '/home/william/sim_ws/install/f1tenth_gym_ros/share/f1tenth_gym_ros/hook/path.dsv'
[7.093s] INFO:colcon.colcon_core.shell:Creating environment hook '/home/william/sim_ws/install/f1tenth_gym_ros/share/f1tenth_gym_ros/hook/path.sh'
[7.093s] Level 1:colcon.colcon_core.environment:checking '/home/william/sim_ws/install/f1tenth_gym_ros/lib/pkgconfig/f1tenth_gym_ros.pc'
[7.093s] Level 1:colcon.colcon_core.environment:checking '/home/william/sim_ws/install/f1tenth_gym_ros/lib/python3.8/site-packages'
[7.093s] Level 1:colcon.colcon_core.shell:create_environment_hook('f1tenth_gym_ros', 'pythonpath')
[7.150s] INFO:colcon.colcon_core.shell:Creating environment hook '/home/william/sim_ws/install/f1tenth_gym_ros/share/f1tenth_gym_ros/hook/pythonpath.ps1'
[7.150s] INFO:colcon.colcon_core.shell:Creating environment descriptor '/home/william/sim_ws/install/f1tenth_gym_ros/share/f1tenth_gym_ros/hook/pythonpath.dsv'
[7.151s] INFO:colcon.colcon_core.shell:Creating environment hook '/home/william/sim_ws/install/f1tenth_gym_ros/share/f1tenth_gym_ros/hook/pythonpath.sh'
[7.151s] Level 1:colcon.colcon_core.environment:checking '/home/william/sim_ws/install/f1tenth_gym_ros/bin'
[7.151s] Level 1:colcon.colcon_core.shell:create_environment_hook('f1tenth_gym_ros', 'pythonscriptspath')
[7.210s] INFO:colcon.colcon_core.shell:Creating environment hook '/home/william/sim_ws/install/f1tenth_gym_ros/share/f1tenth_gym_ros/hook/pythonscriptspath.ps1'
[7.211s] INFO:colcon.colcon_core.shell:Creating environment descriptor '/home/william/sim_ws/install/f1tenth_gym_ros/share/f1tenth_gym_ros/hook/pythonscriptspath.dsv'
[7.211s] INFO:colcon.colcon_core.shell:Creating environment hook '/home/william/sim_ws/install/f1tenth_gym_ros/share/f1tenth_gym_ros/hook/pythonscriptspath.sh'
[7.211s] Level 1:colcon.colcon_core.environment:create_environment_scripts_only(f1tenth_gym_ros)
[7.294s] INFO:colcon.colcon_core.shell:Creating package script '/home/william/sim_ws/install/f1tenth_gym_ros/share/f1tenth_gym_ros/package.ps1'
[7.295s] INFO:colcon.colcon_core.shell:Creating package descriptor '/home/william/sim_ws/install/f1tenth_gym_ros/share/f1tenth_gym_ros/package.dsv'
[7.295s] INFO:colcon.colcon_core.shell:Creating package script '/home/william/sim_ws/install/f1tenth_gym_ros/share/f1tenth_gym_ros/package.sh'
[7.296s] INFO:colcon.colcon_core.shell:Creating package script '/home/william/sim_ws/install/f1tenth_gym_ros/share/f1tenth_gym_ros/package.bash'
[7.296s] INFO:colcon.colcon_core.shell:Creating package script '/home/william/sim_ws/install/f1tenth_gym_ros/share/f1tenth_gym_ros/package.zsh'
[7.296s] Level 1:colcon.colcon_core.environment:create_file_with_runtime_dependencies(/home/william/sim_ws/install/f1tenth_gym_ros/share/colcon-core/packages/f1tenth_gym_ros)
[7.298s] DEBUG:colcon.colcon_core.event_handler.log_command:Invoked command in '/home/william/sim_ws/src/particle_filter' returned '0': PYTHONPATH=/home/william/sim_ws/build/particle_filter/prefix_override:/home/william/sim_ws/install/particle_filter/lib/python3.8/site-packages:${PYTHONPATH} /usr/bin/python3 setup.py egg_info --egg-base ../../build/particle_filter build --build-base /home/william/sim_ws/build/particle_filter/build install --record /home/william/sim_ws/build/particle_filter/install.log --single-version-externally-managed
[7.356s] Level 1:colcon.colcon_core.environment:checking '/home/william/sim_ws/install/particle_filter' for CMake module files
[7.357s] Level 1:colcon.colcon_core.environment:checking '/home/william/sim_ws/install/particle_filter' for CMake config files
[7.358s] Level 1:colcon.colcon_core.environment:checking '/home/william/sim_ws/install/particle_filter/lib'
[7.358s] Level 1:colcon.colcon_core.environment:checking '/home/william/sim_ws/install/particle_filter/bin'
[7.358s] Level 1:colcon.colcon_core.shell:create_environment_hook('particle_filter', 'path')
[7.448s] INFO:colcon.colcon_core.shell:Creating environment hook '/home/william/sim_ws/install/particle_filter/share/particle_filter/hook/path.ps1'
[7.449s] INFO:colcon.colcon_core.shell:Creating environment descriptor '/home/william/sim_ws/install/particle_filter/share/particle_filter/hook/path.dsv'
[7.449s] INFO:colcon.colcon_core.shell:Creating environment hook '/home/william/sim_ws/install/particle_filter/share/particle_filter/hook/path.sh'
[7.449s] Level 1:colcon.colcon_core.environment:checking '/home/william/sim_ws/install/particle_filter/lib/pkgconfig/particle_filter.pc'
[7.450s] Level 1:colcon.colcon_core.environment:checking '/home/william/sim_ws/install/particle_filter/lib/python3.8/site-packages'
[7.450s] Level 1:colcon.colcon_core.shell:create_environment_hook('particle_filter', 'pythonpath')
[7.537s] INFO:colcon.colcon_core.shell:Creating environment hook '/home/william/sim_ws/install/particle_filter/share/particle_filter/hook/pythonpath.ps1'
[7.538s] INFO:colcon.colcon_core.shell:Creating environment descriptor '/home/william/sim_ws/install/particle_filter/share/particle_filter/hook/pythonpath.dsv'
[7.538s] INFO:colcon.colcon_core.shell:Creating environment hook '/home/william/sim_ws/install/particle_filter/share/particle_filter/hook/pythonpath.sh'
[7.539s] Level 1:colcon.colcon_core.environment:checking '/home/william/sim_ws/install/particle_filter/bin'
[7.539s] Level 1:colcon.colcon_core.shell:create_environment_hook('particle_filter', 'pythonscriptspath')
[7.626s] INFO:colcon.colcon_core.shell:Creating environment hook '/home/william/sim_ws/install/particle_filter/share/particle_filter/hook/pythonscriptspath.ps1'
[7.626s] INFO:colcon.colcon_core.shell:Creating environment descriptor '/home/william/sim_ws/install/particle_filter/share/particle_filter/hook/pythonscriptspath.dsv'
[7.627s] INFO:colcon.colcon_core.shell:Creating environment hook '/home/william/sim_ws/install/particle_filter/share/particle_filter/hook/pythonscriptspath.sh'
[7.627s] Level 1:colcon.colcon_core.environment:create_environment_scripts_only(particle_filter)
[7.696s] INFO:colcon.colcon_core.shell:Creating package script '/home/william/sim_ws/install/particle_filter/share/particle_filter/package.ps1'
[7.697s] INFO:colcon.colcon_core.shell:Creating package descriptor '/home/william/sim_ws/install/particle_filter/share/particle_filter/package.dsv'
[7.697s] INFO:colcon.colcon_core.shell:Creating package script '/home/william/sim_ws/install/particle_filter/share/particle_filter/package.sh'
[7.698s] INFO:colcon.colcon_core.shell:Creating package script '/home/william/sim_ws/install/particle_filter/share/particle_filter/package.bash'
[7.698s] INFO:colcon.colcon_core.shell:Creating package script '/home/william/sim_ws/install/particle_filter/share/particle_filter/package.zsh'
[7.698s] Level 1:colcon.colcon_core.environment:create_file_with_runtime_dependencies(/home/william/sim_ws/install/particle_filter/share/colcon-core/packages/particle_filter)
[7.699s] DEBUG:colcon.colcon_parallel_executor.executor.parallel:closing loop
[7.699s] DEBUG:colcon.colcon_parallel_executor.executor.parallel:loop closed
[7.699s] DEBUG:colcon.colcon_parallel_executor.executor.parallel:run_until_complete finished with '0'
[7.699s] DEBUG:colcon.colcon_core.event_reactor:joining thread
[7.759s] INFO:colcon.colcon_core.plugin_system:Skipping extension 'colcon_notification.desktop_notification.terminal_notifier': Not used on non-Darwin systems
[7.759s] INFO:colcon.colcon_core.plugin_system:Skipping extension 'colcon_notification.desktop_notification.win32': Not used on non-Windows systems
[7.759s] INFO:colcon.colcon_notification.desktop_notification:Sending desktop notification using 'notify2'
[7.773s] DEBUG:colcon.colcon_core.event_reactor:joined thread
[7.830s] INFO:colcon.colcon_core.shell:Creating prefix script '/home/william/sim_ws/install/local_setup.ps1'
[7.832s] INFO:colcon.colcon_core.shell:Creating prefix util module '/home/william/sim_ws/install/_local_setup_util_ps1.py'
[7.833s] INFO:colcon.colcon_core.shell:Creating prefix chain script '/home/william/sim_ws/install/setup.ps1'
[7.891s] INFO:colcon.colcon_core.shell:Creating prefix script '/home/william/sim_ws/install/local_setup.sh'
[7.892s] INFO:colcon.colcon_core.shell:Creating prefix util module '/home/william/sim_ws/install/_local_setup_util_sh.py'
[7.892s] INFO:colcon.colcon_core.shell:Creating prefix chain script '/home/william/sim_ws/install/setup.sh'
[7.953s] INFO:colcon.colcon_core.shell:Creating prefix script '/home/william/sim_ws/install/local_setup.bash'
[7.954s] INFO:colcon.colcon_core.shell:Creating prefix chain script '/home/william/sim_ws/install/setup.bash'
[8.034s] INFO:colcon.colcon_core.shell:Creating prefix script '/home/william/sim_ws/install/local_setup.zsh'
[8.036s] INFO:colcon.colcon_core.shell:Creating prefix chain script '/home/william/sim_ws/install/setup.zsh'
