[3.262s] Invoking command in '/home/f1tenth/f1tenth-ws/build/safety_node': CMAKE_PREFIX_PATH=${CMAKE_PREFIX_PATH}:/home/f1tenth/f1tenth-ws/install/f1tenth_stack:/home/f1tenth/f1tenth-ws/install/joy_teleop:/home/f1tenth/f1tenth-ws/install/particle_filter:/home/f1tenth/f1tenth-ws/install/mouse_teleop:/home/f1tenth/f1tenth-ws/install/key_teleop:/home/f1tenth/f1tenth-ws/install/example_py:/home/f1tenth/f1tenth-ws/install/autonomous_drive:/opt/ros/foxy /usr/bin/cmake --build /home/f1tenth/f1tenth-ws/build/safety_node -- -j4 -l4
[4.099s] [100%] Built target safety_node
[4.138s] Invoked command in '/home/f1tenth/f1tenth-ws/build/safety_node' returned '0': CMAKE_PREFIX_PATH=${CMAKE_PREFIX_PATH}:/home/f1tenth/f1tenth-ws/install/f1tenth_stack:/home/f1tenth/f1tenth-ws/install/joy_teleop:/home/f1tenth/f1tenth-ws/install/particle_filter:/home/f1tenth/f1tenth-ws/install/mouse_teleop:/home/f1tenth/f1tenth-ws/install/key_teleop:/home/f1tenth/f1tenth-ws/install/example_py:/home/f1tenth/f1tenth-ws/install/autonomous_drive:/opt/ros/foxy /usr/bin/cmake --build /home/f1tenth/f1tenth-ws/build/safety_node -- -j4 -l4
[4.449s] Invoking command in '/home/f1tenth/f1tenth-ws/build/safety_node': CMAKE_PREFIX_PATH=${CMAKE_PREFIX_PATH}:/home/f1tenth/f1tenth-ws/install/f1tenth_stack:/home/f1tenth/f1tenth-ws/install/joy_teleop:/home/f1tenth/f1tenth-ws/install/particle_filter:/home/f1tenth/f1tenth-ws/install/mouse_teleop:/home/f1tenth/f1tenth-ws/install/key_teleop:/home/f1tenth/f1tenth-ws/install/example_py:/home/f1tenth/f1tenth-ws/install/autonomous_drive:/opt/ros/foxy /usr/bin/cmake --install /home/f1tenth/f1tenth-ws/build/safety_node
[4.541s] -- Install configuration: ""
[4.552s] -- Up-to-date: /home/f1tenth/f1tenth-ws/install/safety_node/lib/safety_node/safety_node
[4.552s] -- Up-to-date: /home/f1tenth/f1tenth-ws/install/safety_node/share/safety_node/environment/pythonpath.sh
[4.553s] -- Up-to-date: /home/f1tenth/f1tenth-ws/install/safety_node/share/safety_node/environment/pythonpath.dsv
[4.554s] -- Up-to-date: /home/f1tenth/f1tenth-ws/install/safety_node/lib/python3.8/site-packages/safety_node
[4.555s] -- Up-to-date: /home/f1tenth/f1tenth-ws/install/safety_node/lib/python3.8/site-packages/safety_node/__init__.py
[4.788s] Listing '/home/f1tenth/f1tenth-ws/install/safety_node/lib/python3.8/site-packages/safety_node'...
[4.820s] -- Up-to-date: /home/f1tenth/f1tenth-ws/install/safety_node/lib/safety_node/safety_node.py
[4.821s] -- Up-to-date: /home/f1tenth/f1tenth-ws/install/safety_node/share/ament_index/resource_index/package_run_dependencies/safety_node
[4.821s] -- Up-to-date: /home/f1tenth/f1tenth-ws/install/safety_node/share/ament_index/resource_index/parent_prefix_path/safety_node
[4.822s] -- Up-to-date: /home/f1tenth/f1tenth-ws/install/safety_node/share/safety_node/environment/ament_prefix_path.sh
[4.822s] -- Up-to-date: /home/f1tenth/f1tenth-ws/install/safety_node/share/safety_node/environment/ament_prefix_path.dsv
[4.824s] -- Up-to-date: /home/f1tenth/f1tenth-ws/install/safety_node/share/safety_node/environment/path.sh
[4.825s] -- Up-to-date: /home/f1tenth/f1tenth-ws/install/safety_node/share/safety_node/environment/path.dsv
[4.827s] -- Up-to-date: /home/f1tenth/f1tenth-ws/install/safety_node/share/safety_node/local_setup.bash
[4.832s] -- Up-to-date: /home/f1tenth/f1tenth-ws/install/safety_node/share/safety_node/local_setup.sh
[4.833s] -- Up-to-date: /home/f1tenth/f1tenth-ws/install/safety_node/share/safety_node/local_setup.zsh
[4.833s] -- Up-to-date: /home/f1tenth/f1tenth-ws/install/safety_node/share/safety_node/local_setup.dsv
[4.834s] -- Installing: /home/f1tenth/f1tenth-ws/install/safety_node/share/safety_node/package.dsv
[4.841s] -- Up-to-date: /home/f1tenth/f1tenth-ws/install/safety_node/share/ament_index/resource_index/packages/safety_node
[4.843s] -- Up-to-date: /home/f1tenth/f1tenth-ws/install/safety_node/share/safety_node/cmake/safety_nodeConfig.cmake
[4.844s] -- Up-to-date: /home/f1tenth/f1tenth-ws/install/safety_node/share/safety_node/cmake/safety_nodeConfig-version.cmake
[4.846s] -- Up-to-date: /home/f1tenth/f1tenth-ws/install/safety_node/share/safety_node/package.xml
[7.157s] Invoked command in '/home/f1tenth/f1tenth-ws/build/safety_node' returned '0': CMAKE_PREFIX_PATH=${CMAKE_PREFIX_PATH}:/home/f1tenth/f1tenth-ws/install/f1tenth_stack:/home/f1tenth/f1tenth-ws/install/joy_teleop:/home/f1tenth/f1tenth-ws/install/particle_filter:/home/f1tenth/f1tenth-ws/install/mouse_teleop:/home/f1tenth/f1tenth-ws/install/key_teleop:/home/f1tenth/f1tenth-ws/install/example_py:/home/f1tenth/f1tenth-ws/install/autonomous_drive:/opt/ros/foxy /usr/bin/cmake --install /home/f1tenth/f1tenth-ws/build/safety_node
