[1.709s] Invoking command in '/mnt/nvme0n1/f1tenth_ws/build/vesc_msgs': CMAKE_PREFIX_PATH=/opt/ros/foxy /usr/bin/cmake --build /mnt/nvme0n1/f1tenth_ws/build/vesc_msgs -- -j4 -l4
[3.827s] [  1%] Built target vesc_msgs__cpp
[3.831s] [ 12%] Built target vesc_msgs__rosidl_generator_c
[3.832s] [ 23%] Built target vesc_msgs__rosidl_typesupport_introspection_cpp
[3.832s] [ 34%] Built target vesc_msgs__rosidl_typesupport_c
[3.833s] [ 45%] Built target vesc_msgs__rosidl_typesupport_cpp
[3.833s] [ 56%] Built target vesc_msgs__rosidl_typesupport_fastrtps_cpp
[3.833s] [ 67%] Built target vesc_msgs__rosidl_typesupport_introspection_c
[3.834s] [ 78%] Built target vesc_msgs__rosidl_typesupport_fastrtps_c
[3.834s] [ 78%] Built target vesc_msgs
[3.836s] [ 80%] Built target vesc_msgs__py
[3.837s] [ 89%] Built target vesc_msgs__python
[3.839s] [ 92%] Built target vesc_msgs__rosidl_typesupport_fastrtps_c__pyext
[3.840s] [ 96%] Built target vesc_msgs__rosidl_typesupport_c__pyext
[3.842s] [100%] Built target vesc_msgs__rosidl_typesupport_introspection_c__pyext
[3.864s] Invoked command in '/mnt/nvme0n1/f1tenth_ws/build/vesc_msgs' returned '0': CMAKE_PREFIX_PATH=/opt/ros/foxy /usr/bin/cmake --build /mnt/nvme0n1/f1tenth_ws/build/vesc_msgs -- -j4 -l4
[4.928s] Invoking command in '/mnt/nvme0n1/f1tenth_ws/build/vesc_msgs': CMAKE_PREFIX_PATH=/opt/ros/foxy /usr/bin/cmake --install /mnt/nvme0n1/f1tenth_ws/build/vesc_msgs
[5.007s] -- Install configuration: ""
[5.008s] -- Up-to-date: /mnt/nvme0n1/f1tenth_ws/install/vesc_msgs/share/ament_index/resource_index/rosidl_interfaces/vesc_msgs
[5.009s] -- Up-to-date: /mnt/nvme0n1/f1tenth_ws/install/vesc_msgs/include/vesc_msgs
[5.015s] -- Up-to-date: /mnt/nvme0n1/f1tenth_ws/install/vesc_msgs/include/vesc_msgs/msg
[5.020s] -- Up-to-date: /mnt/nvme0n1/f1tenth_ws/install/vesc_msgs/include/vesc_msgs/msg/vesc_imu_stamped.h
[5.020s] -- Up-to-date: /mnt/nvme0n1/f1tenth_ws/install/vesc_msgs/include/vesc_msgs/msg/vesc_imu.h
[5.021s] -- Up-to-date: /mnt/nvme0n1/f1tenth_ws/install/vesc_msgs/include/vesc_msgs/msg/detail
[5.021s] -- Up-to-date: /mnt/nvme0n1/f1tenth_ws/install/vesc_msgs/include/vesc_msgs/msg/detail/vesc_state__type_support.h
[5.022s] -- Up-to-date: /mnt/nvme0n1/f1tenth_ws/install/vesc_msgs/include/vesc_msgs/msg/detail/vesc_imu_stamped__struct.h
[5.022s] -- Up-to-date: /mnt/nvme0n1/f1tenth_ws/install/vesc_msgs/include/vesc_msgs/msg/detail/vesc_imu_stamped__type_support.h
[5.024s] -- Up-to-date: /mnt/nvme0n1/f1tenth_ws/install/vesc_msgs/include/vesc_msgs/msg/detail/vesc_state_stamped__functions.c
[5.025s] -- Up-to-date: /mnt/nvme0n1/f1tenth_ws/install/vesc_msgs/include/vesc_msgs/msg/detail/vesc_state__functions.c
[5.025s] -- Up-to-date: /mnt/nvme0n1/f1tenth_ws/install/vesc_msgs/include/vesc_msgs/msg/detail/vesc_state_stamped__type_support.h
[5.025s] -- Up-to-date: /mnt/nvme0n1/f1tenth_ws/install/vesc_msgs/include/vesc_msgs/msg/detail/vesc_state__functions.h
[5.026s] -- Up-to-date: /mnt/nvme0n1/f1tenth_ws/install/vesc_msgs/include/vesc_msgs/msg/detail/vesc_state_stamped__functions.h
[5.028s] -- Up-to-date: /mnt/nvme0n1/f1tenth_ws/install/vesc_msgs/include/vesc_msgs/msg/detail/vesc_imu__type_support.h
[5.029s] -- Up-to-date: /mnt/nvme0n1/f1tenth_ws/install/vesc_msgs/include/vesc_msgs/msg/detail/vesc_imu__functions.h
[5.032s] -- Up-to-date: /mnt/nvme0n1/f1tenth_ws/install/vesc_msgs/include/vesc_msgs/msg/detail/vesc_imu_stamped__functions.c
[5.032s] -- Up-to-date: /mnt/nvme0n1/f1tenth_ws/install/vesc_msgs/include/vesc_msgs/msg/detail/vesc_state__struct.h
[5.033s] -- Up-to-date: /mnt/nvme0n1/f1tenth_ws/install/vesc_msgs/include/vesc_msgs/msg/detail/vesc_state_stamped__struct.h
[5.033s] -- Up-to-date: /mnt/nvme0n1/f1tenth_ws/install/vesc_msgs/include/vesc_msgs/msg/detail/vesc_imu_stamped__functions.h
[5.034s] -- Up-to-date: /mnt/nvme0n1/f1tenth_ws/install/vesc_msgs/include/vesc_msgs/msg/detail/vesc_imu__struct.h
[5.034s] -- Up-to-date: /mnt/nvme0n1/f1tenth_ws/install/vesc_msgs/include/vesc_msgs/msg/detail/vesc_imu__functions.c
[5.035s] -- Up-to-date: /mnt/nvme0n1/f1tenth_ws/install/vesc_msgs/include/vesc_msgs/msg/rosidl_generator_c__visibility_control.h
[5.040s] -- Up-to-date: /mnt/nvme0n1/f1tenth_ws/install/vesc_msgs/include/vesc_msgs/msg/vesc_state.h
[5.040s] -- Up-to-date: /mnt/nvme0n1/f1tenth_ws/install/vesc_msgs/include/vesc_msgs/msg/vesc_state_stamped.h
[5.043s] -- Up-to-date: /mnt/nvme0n1/f1tenth_ws/install/vesc_msgs/share/vesc_msgs/environment/library_path.sh
[5.044s] -- Up-to-date: /mnt/nvme0n1/f1tenth_ws/install/vesc_msgs/share/vesc_msgs/environment/library_path.dsv
[5.044s] -- Up-to-date: /mnt/nvme0n1/f1tenth_ws/install/vesc_msgs/lib/libvesc_msgs__rosidl_generator_c.so
[5.045s] -- Up-to-date: /mnt/nvme0n1/f1tenth_ws/install/vesc_msgs/include/vesc_msgs
[5.045s] -- Up-to-date: /mnt/nvme0n1/f1tenth_ws/install/vesc_msgs/include/vesc_msgs/msg
[5.046s] -- Up-to-date: /mnt/nvme0n1/f1tenth_ws/install/vesc_msgs/include/vesc_msgs/msg/rosidl_typesupport_fastrtps_c__visibility_control.h
[5.047s] -- Up-to-date: /mnt/nvme0n1/f1tenth_ws/install/vesc_msgs/include/vesc_msgs/msg/detail
[5.048s] -- Up-to-date: /mnt/nvme0n1/f1tenth_ws/install/vesc_msgs/include/vesc_msgs/msg/detail/vesc_state__rosidl_typesupport_fastrtps_c.h
[5.048s] -- Up-to-date: /mnt/nvme0n1/f1tenth_ws/install/vesc_msgs/include/vesc_msgs/msg/detail/vesc_imu__rosidl_typesupport_fastrtps_c.h
[5.049s] -- Up-to-date: /mnt/nvme0n1/f1tenth_ws/install/vesc_msgs/include/vesc_msgs/msg/detail/vesc_state_stamped__rosidl_typesupport_fastrtps_c.h
[5.049s] -- Up-to-date: /mnt/nvme0n1/f1tenth_ws/install/vesc_msgs/include/vesc_msgs/msg/detail/vesc_imu_stamped__rosidl_typesupport_fastrtps_c.h
[5.054s] -- Up-to-date: /mnt/nvme0n1/f1tenth_ws/install/vesc_msgs/lib/libvesc_msgs__rosidl_typesupport_fastrtps_c.so
[5.054s] -- Up-to-date: /mnt/nvme0n1/f1tenth_ws/install/vesc_msgs/include/vesc_msgs
[5.056s] -- Up-to-date: /mnt/nvme0n1/f1tenth_ws/install/vesc_msgs/include/vesc_msgs/msg
[5.057s] -- Up-to-date: /mnt/nvme0n1/f1tenth_ws/install/vesc_msgs/include/vesc_msgs/msg/rosidl_typesupport_fastrtps_cpp__visibility_control.h
[5.058s] -- Up-to-date: /mnt/nvme0n1/f1tenth_ws/install/vesc_msgs/include/vesc_msgs/msg/detail
[5.060s] -- Up-to-date: /mnt/nvme0n1/f1tenth_ws/install/vesc_msgs/include/vesc_msgs/msg/detail/vesc_state__rosidl_typesupport_fastrtps_cpp.hpp
[5.060s] -- Up-to-date: /mnt/nvme0n1/f1tenth_ws/install/vesc_msgs/include/vesc_msgs/msg/detail/dds_fastrtps
[5.064s] -- Up-to-date: /mnt/nvme0n1/f1tenth_ws/install/vesc_msgs/include/vesc_msgs/msg/detail/vesc_imu_stamped__rosidl_typesupport_fastrtps_cpp.hpp
[5.070s] -- Up-to-date: /mnt/nvme0n1/f1tenth_ws/install/vesc_msgs/include/vesc_msgs/msg/detail/vesc_imu__rosidl_typesupport_fastrtps_cpp.hpp
[5.071s] -- Up-to-date: /mnt/nvme0n1/f1tenth_ws/install/vesc_msgs/include/vesc_msgs/msg/detail/vesc_state_stamped__rosidl_typesupport_fastrtps_cpp.hpp
[5.073s] -- Up-to-date: /mnt/nvme0n1/f1tenth_ws/install/vesc_msgs/lib/libvesc_msgs__rosidl_typesupport_fastrtps_cpp.so
[5.073s] -- Up-to-date: /mnt/nvme0n1/f1tenth_ws/install/vesc_msgs/include/vesc_msgs
[5.074s] -- Up-to-date: /mnt/nvme0n1/f1tenth_ws/install/vesc_msgs/include/vesc_msgs/msg
[5.075s] -- Up-to-date: /mnt/nvme0n1/f1tenth_ws/install/vesc_msgs/include/vesc_msgs/msg/rosidl_typesupport_introspection_c__visibility_control.h
[5.076s] -- Up-to-date: /mnt/nvme0n1/f1tenth_ws/install/vesc_msgs/include/vesc_msgs/msg/detail
[5.077s] -- Up-to-date: /mnt/nvme0n1/f1tenth_ws/install/vesc_msgs/include/vesc_msgs/msg/detail/vesc_imu_stamped__type_support.c
[5.077s] -- Up-to-date: /mnt/nvme0n1/f1tenth_ws/install/vesc_msgs/include/vesc_msgs/msg/detail/vesc_state__rosidl_typesupport_introspection_c.h
[5.077s] -- Up-to-date: /mnt/nvme0n1/f1tenth_ws/install/vesc_msgs/include/vesc_msgs/msg/detail/vesc_state_stamped__rosidl_typesupport_introspection_c.h
[5.078s] -- Up-to-date: /mnt/nvme0n1/f1tenth_ws/install/vesc_msgs/include/vesc_msgs/msg/detail/vesc_imu__rosidl_typesupport_introspection_c.h
[5.078s] -- Up-to-date: /mnt/nvme0n1/f1tenth_ws/install/vesc_msgs/include/vesc_msgs/msg/detail/vesc_state__type_support.c
[5.081s] -- Up-to-date: /mnt/nvme0n1/f1tenth_ws/install/vesc_msgs/include/vesc_msgs/msg/detail/vesc_imu_stamped__rosidl_typesupport_introspection_c.h
[5.084s] -- Up-to-date: /mnt/nvme0n1/f1tenth_ws/install/vesc_msgs/include/vesc_msgs/msg/detail/vesc_state_stamped__type_support.c
[5.088s] -- Up-to-date: /mnt/nvme0n1/f1tenth_ws/install/vesc_msgs/include/vesc_msgs/msg/detail/vesc_imu__type_support.c
[5.092s] -- Up-to-date: /mnt/nvme0n1/f1tenth_ws/install/vesc_msgs/lib/libvesc_msgs__rosidl_typesupport_introspection_c.so
[5.096s] -- Up-to-date: /mnt/nvme0n1/f1tenth_ws/install/vesc_msgs/lib/libvesc_msgs__rosidl_typesupport_c.so
[5.097s] -- Up-to-date: /mnt/nvme0n1/f1tenth_ws/install/vesc_msgs/include/vesc_msgs
[5.098s] -- Up-to-date: /mnt/nvme0n1/f1tenth_ws/install/vesc_msgs/include/vesc_msgs/msg
[5.098s] -- Up-to-date: /mnt/nvme0n1/f1tenth_ws/install/vesc_msgs/include/vesc_msgs/msg/rosidl_generator_cpp__visibility_control.hpp
[5.099s] -- Up-to-date: /mnt/nvme0n1/f1tenth_ws/install/vesc_msgs/include/vesc_msgs/msg/vesc_state.hpp
[5.101s] -- Up-to-date: /mnt/nvme0n1/f1tenth_ws/install/vesc_msgs/include/vesc_msgs/msg/vesc_imu.hpp
[5.101s] -- Up-to-date: /mnt/nvme0n1/f1tenth_ws/install/vesc_msgs/include/vesc_msgs/msg/detail
[5.102s] -- Up-to-date: /mnt/nvme0n1/f1tenth_ws/install/vesc_msgs/include/vesc_msgs/msg/detail/vesc_state_stamped__struct.hpp
[5.103s] -- Up-to-date: /mnt/nvme0n1/f1tenth_ws/install/vesc_msgs/include/vesc_msgs/msg/detail/vesc_state__type_support.hpp
[5.104s] -- Up-to-date: /mnt/nvme0n1/f1tenth_ws/install/vesc_msgs/include/vesc_msgs/msg/detail/vesc_imu_stamped__type_support.hpp
[5.104s] -- Up-to-date: /mnt/nvme0n1/f1tenth_ws/install/vesc_msgs/include/vesc_msgs/msg/detail/vesc_imu_stamped__builder.hpp
[5.104s] -- Up-to-date: /mnt/nvme0n1/f1tenth_ws/install/vesc_msgs/include/vesc_msgs/msg/detail/vesc_state_stamped__type_support.hpp
[5.105s] -- Up-to-date: /mnt/nvme0n1/f1tenth_ws/install/vesc_msgs/include/vesc_msgs/msg/detail/vesc_imu_stamped__struct.hpp
[5.105s] -- Up-to-date: /mnt/nvme0n1/f1tenth_ws/install/vesc_msgs/include/vesc_msgs/msg/detail/vesc_imu__type_support.hpp
[5.106s] -- Up-to-date: /mnt/nvme0n1/f1tenth_ws/install/vesc_msgs/include/vesc_msgs/msg/detail/vesc_state__struct.hpp
[5.106s] -- Up-to-date: /mnt/nvme0n1/f1tenth_ws/install/vesc_msgs/include/vesc_msgs/msg/detail/vesc_imu__struct.hpp
[5.108s] -- Up-to-date: /mnt/nvme0n1/f1tenth_ws/install/vesc_msgs/include/vesc_msgs/msg/detail/vesc_state_stamped__traits.hpp
[5.109s] -- Up-to-date: /mnt/nvme0n1/f1tenth_ws/install/vesc_msgs/include/vesc_msgs/msg/detail/vesc_imu_stamped__traits.hpp
[5.113s] -- Up-to-date: /mnt/nvme0n1/f1tenth_ws/install/vesc_msgs/include/vesc_msgs/msg/detail/vesc_imu__traits.hpp
[5.113s] -- Up-to-date: /mnt/nvme0n1/f1tenth_ws/install/vesc_msgs/include/vesc_msgs/msg/detail/vesc_state__builder.hpp
[5.114s] -- Up-to-date: /mnt/nvme0n1/f1tenth_ws/install/vesc_msgs/include/vesc_msgs/msg/detail/vesc_imu__builder.hpp
[5.114s] -- Up-to-date: /mnt/nvme0n1/f1tenth_ws/install/vesc_msgs/include/vesc_msgs/msg/detail/vesc_state_stamped__builder.hpp
[5.115s] -- Up-to-date: /mnt/nvme0n1/f1tenth_ws/install/vesc_msgs/include/vesc_msgs/msg/detail/vesc_state__traits.hpp
[5.116s] -- Up-to-date: /mnt/nvme0n1/f1tenth_ws/install/vesc_msgs/include/vesc_msgs/msg/vesc_imu_stamped.hpp
[5.116s] -- Up-to-date: /mnt/nvme0n1/f1tenth_ws/install/vesc_msgs/include/vesc_msgs/msg/vesc_state_stamped.hpp
[5.118s] -- Up-to-date: /mnt/nvme0n1/f1tenth_ws/install/vesc_msgs/include/vesc_msgs
[5.118s] -- Up-to-date: /mnt/nvme0n1/f1tenth_ws/install/vesc_msgs/include/vesc_msgs/msg
[5.119s] -- Up-to-date: /mnt/nvme0n1/f1tenth_ws/install/vesc_msgs/include/vesc_msgs/msg/detail
[5.119s] -- Up-to-date: /mnt/nvme0n1/f1tenth_ws/install/vesc_msgs/include/vesc_msgs/msg/detail/vesc_state__type_support.cpp
[5.119s] -- Up-to-date: /mnt/nvme0n1/f1tenth_ws/install/vesc_msgs/include/vesc_msgs/msg/detail/vesc_imu_stamped__rosidl_typesupport_introspection_cpp.hpp
[5.120s] -- Up-to-date: /mnt/nvme0n1/f1tenth_ws/install/vesc_msgs/include/vesc_msgs/msg/detail/vesc_state_stamped__type_support.cpp
[5.123s] -- Up-to-date: /mnt/nvme0n1/f1tenth_ws/install/vesc_msgs/include/vesc_msgs/msg/detail/vesc_imu__type_support.cpp
[5.124s] -- Up-to-date: /mnt/nvme0n1/f1tenth_ws/install/vesc_msgs/include/vesc_msgs/msg/detail/vesc_state_stamped__rosidl_typesupport_introspection_cpp.hpp
[5.124s] -- Up-to-date: /mnt/nvme0n1/f1tenth_ws/install/vesc_msgs/include/vesc_msgs/msg/detail/vesc_imu_stamped__type_support.cpp
[5.124s] -- Up-to-date: /mnt/nvme0n1/f1tenth_ws/install/vesc_msgs/include/vesc_msgs/msg/detail/vesc_imu__rosidl_typesupport_introspection_cpp.hpp
[5.125s] -- Up-to-date: /mnt/nvme0n1/f1tenth_ws/install/vesc_msgs/include/vesc_msgs/msg/detail/vesc_state__rosidl_typesupport_introspection_cpp.hpp
[5.125s] -- Up-to-date: /mnt/nvme0n1/f1tenth_ws/install/vesc_msgs/lib/libvesc_msgs__rosidl_typesupport_introspection_cpp.so
[5.125s] -- Up-to-date: /mnt/nvme0n1/f1tenth_ws/install/vesc_msgs/lib/libvesc_msgs__rosidl_typesupport_cpp.so
[5.126s] -- Up-to-date: /mnt/nvme0n1/f1tenth_ws/install/vesc_msgs/share/vesc_msgs/environment/pythonpath.sh
[5.126s] -- Up-to-date: /mnt/nvme0n1/f1tenth_ws/install/vesc_msgs/share/vesc_msgs/environment/pythonpath.dsv
[5.126s] -- Up-to-date: /mnt/nvme0n1/f1tenth_ws/install/vesc_msgs/lib/python3.8/site-packages/vesc_msgs/__init__.py
[5.277s] -- Up-to-date: /mnt/nvme0n1/f1tenth_ws/install/vesc_msgs/lib/python3.8/site-packages/vesc_msgs/msg
[5.279s] -- Up-to-date: /mnt/nvme0n1/f1tenth_ws/install/vesc_msgs/lib/python3.8/site-packages/vesc_msgs/msg/__init__.py
[5.279s] -- Up-to-date: /mnt/nvme0n1/f1tenth_ws/install/vesc_msgs/lib/python3.8/site-packages/vesc_msgs/msg/_vesc_imu.py
[5.280s] -- Up-to-date: /mnt/nvme0n1/f1tenth_ws/install/vesc_msgs/lib/python3.8/site-packages/vesc_msgs/msg/_vesc_imu_s.c
[5.280s] -- Up-to-date: /mnt/nvme0n1/f1tenth_ws/install/vesc_msgs/lib/python3.8/site-packages/vesc_msgs/msg/_vesc_state.py
[5.280s] -- Up-to-date: /mnt/nvme0n1/f1tenth_ws/install/vesc_msgs/lib/python3.8/site-packages/vesc_msgs/msg/_vesc_state_stamped.py
[5.282s] -- Up-to-date: /mnt/nvme0n1/f1tenth_ws/install/vesc_msgs/lib/python3.8/site-packages/vesc_msgs/msg/_vesc_state_s.c
[5.283s] -- Up-to-date: /mnt/nvme0n1/f1tenth_ws/install/vesc_msgs/lib/python3.8/site-packages/vesc_msgs/msg/_vesc_imu_stamped.py
[5.284s] -- Up-to-date: /mnt/nvme0n1/f1tenth_ws/install/vesc_msgs/lib/python3.8/site-packages/vesc_msgs/msg/_vesc_imu_stamped_s.c
[5.284s] -- Up-to-date: /mnt/nvme0n1/f1tenth_ws/install/vesc_msgs/lib/python3.8/site-packages/vesc_msgs/msg/_vesc_state_stamped_s.c
[5.284s] -- Up-to-date: /mnt/nvme0n1/f1tenth_ws/install/vesc_msgs/lib/python3.8/site-packages/vesc_msgs/vesc_msgs_s__rosidl_typesupport_fastrtps_c.cpython-38-aarch64-linux-gnu.so
[5.285s] -- Up-to-date: /mnt/nvme0n1/f1tenth_ws/install/vesc_msgs/lib/python3.8/site-packages/vesc_msgs/vesc_msgs_s__rosidl_typesupport_introspection_c.cpython-38-aarch64-linux-gnu.so
[5.296s] -- Up-to-date: /mnt/nvme0n1/f1tenth_ws/install/vesc_msgs/lib/python3.8/site-packages/vesc_msgs/vesc_msgs_s__rosidl_typesupport_c.cpython-38-aarch64-linux-gnu.so
[5.297s] -- Up-to-date: /mnt/nvme0n1/f1tenth_ws/install/vesc_msgs/lib/libvesc_msgs__python.so
[5.301s] -- Up-to-date: /mnt/nvme0n1/f1tenth_ws/install/vesc_msgs/share/vesc_msgs/msg/VescState.idl
[5.302s] -- Up-to-date: /mnt/nvme0n1/f1tenth_ws/install/vesc_msgs/share/vesc_msgs/msg/VescStateStamped.idl
[5.304s] -- Up-to-date: /mnt/nvme0n1/f1tenth_ws/install/vesc_msgs/share/vesc_msgs/msg/VescImu.idl
[5.305s] -- Up-to-date: /mnt/nvme0n1/f1tenth_ws/install/vesc_msgs/share/vesc_msgs/msg/VescImuStamped.idl
[5.307s] -- Up-to-date: /mnt/nvme0n1/f1tenth_ws/install/vesc_msgs/share/vesc_msgs/msg/VescState.msg
[5.308s] -- Up-to-date: /mnt/nvme0n1/f1tenth_ws/install/vesc_msgs/share/vesc_msgs/msg/VescStateStamped.msg
[5.317s] -- Up-to-date: /mnt/nvme0n1/f1tenth_ws/install/vesc_msgs/share/vesc_msgs/msg/VescImu.msg
[5.318s] -- Up-to-date: /mnt/nvme0n1/f1tenth_ws/install/vesc_msgs/share/vesc_msgs/msg/VescImuStamped.msg
[5.320s] -- Up-to-date: /mnt/nvme0n1/f1tenth_ws/install/vesc_msgs/share/ament_index/resource_index/package_run_dependencies/vesc_msgs
[5.321s] -- Up-to-date: /mnt/nvme0n1/f1tenth_ws/install/vesc_msgs/share/ament_index/resource_index/parent_prefix_path/vesc_msgs
[5.322s] -- Up-to-date: /mnt/nvme0n1/f1tenth_ws/install/vesc_msgs/share/vesc_msgs/environment/ament_prefix_path.sh
[5.324s] -- Up-to-date: /mnt/nvme0n1/f1tenth_ws/install/vesc_msgs/share/vesc_msgs/environment/ament_prefix_path.dsv
[5.325s] -- Up-to-date: /mnt/nvme0n1/f1tenth_ws/install/vesc_msgs/share/vesc_msgs/environment/path.sh
[5.327s] -- Up-to-date: /mnt/nvme0n1/f1tenth_ws/install/vesc_msgs/share/vesc_msgs/environment/path.dsv
[5.328s] -- Up-to-date: /mnt/nvme0n1/f1tenth_ws/install/vesc_msgs/share/vesc_msgs/local_setup.bash
[5.331s] -- Up-to-date: /mnt/nvme0n1/f1tenth_ws/install/vesc_msgs/share/vesc_msgs/local_setup.sh
[5.333s] -- Up-to-date: /mnt/nvme0n1/f1tenth_ws/install/vesc_msgs/share/vesc_msgs/local_setup.zsh
[5.334s] -- Up-to-date: /mnt/nvme0n1/f1tenth_ws/install/vesc_msgs/share/vesc_msgs/local_setup.dsv
[5.337s] -- Installing: /mnt/nvme0n1/f1tenth_ws/install/vesc_msgs/share/vesc_msgs/package.dsv
[5.338s] -- Up-to-date: /mnt/nvme0n1/f1tenth_ws/install/vesc_msgs/share/ament_index/resource_index/packages/vesc_msgs
[5.340s] -- Up-to-date: /mnt/nvme0n1/f1tenth_ws/install/vesc_msgs/share/vesc_msgs/cmake/vesc_msgs__rosidl_generator_cExport.cmake
[5.342s] -- Up-to-date: /mnt/nvme0n1/f1tenth_ws/install/vesc_msgs/share/vesc_msgs/cmake/vesc_msgs__rosidl_generator_cExport-noconfig.cmake
[5.343s] -- Up-to-date: /mnt/nvme0n1/f1tenth_ws/install/vesc_msgs/share/vesc_msgs/cmake/vesc_msgs__rosidl_typesupport_introspection_cExport.cmake
[5.343s] -- Up-to-date: /mnt/nvme0n1/f1tenth_ws/install/vesc_msgs/share/vesc_msgs/cmake/vesc_msgs__rosidl_typesupport_introspection_cExport-noconfig.cmake
[5.345s] -- Up-to-date: /mnt/nvme0n1/f1tenth_ws/install/vesc_msgs/share/vesc_msgs/cmake/vesc_msgs__rosidl_typesupport_cExport.cmake
[5.345s] -- Up-to-date: /mnt/nvme0n1/f1tenth_ws/install/vesc_msgs/share/vesc_msgs/cmake/vesc_msgs__rosidl_typesupport_cExport-noconfig.cmake
[5.346s] -- Up-to-date: /mnt/nvme0n1/f1tenth_ws/install/vesc_msgs/share/vesc_msgs/cmake/vesc_msgs__rosidl_generator_cppExport.cmake
[5.346s] -- Up-to-date: /mnt/nvme0n1/f1tenth_ws/install/vesc_msgs/share/vesc_msgs/cmake/vesc_msgs__rosidl_typesupport_introspection_cppExport.cmake
[5.352s] -- Up-to-date: /mnt/nvme0n1/f1tenth_ws/install/vesc_msgs/share/vesc_msgs/cmake/vesc_msgs__rosidl_typesupport_introspection_cppExport-noconfig.cmake
[5.356s] -- Up-to-date: /mnt/nvme0n1/f1tenth_ws/install/vesc_msgs/share/vesc_msgs/cmake/vesc_msgs__rosidl_typesupport_cppExport.cmake
[5.357s] -- Up-to-date: /mnt/nvme0n1/f1tenth_ws/install/vesc_msgs/share/vesc_msgs/cmake/vesc_msgs__rosidl_typesupport_cppExport-noconfig.cmake
[5.358s] -- Up-to-date: /mnt/nvme0n1/f1tenth_ws/install/vesc_msgs/share/vesc_msgs/cmake/rosidl_cmake-extras.cmake
[5.358s] -- Up-to-date: /mnt/nvme0n1/f1tenth_ws/install/vesc_msgs/share/vesc_msgs/cmake/ament_cmake_export_dependencies-extras.cmake
[5.359s] -- Up-to-date: /mnt/nvme0n1/f1tenth_ws/install/vesc_msgs/share/vesc_msgs/cmake/ament_cmake_export_libraries-extras.cmake
[5.360s] -- Up-to-date: /mnt/nvme0n1/f1tenth_ws/install/vesc_msgs/share/vesc_msgs/cmake/ament_cmake_export_targets-extras.cmake
[5.361s] -- Up-to-date: /mnt/nvme0n1/f1tenth_ws/install/vesc_msgs/share/vesc_msgs/cmake/ament_cmake_export_include_directories-extras.cmake
[5.362s] -- Up-to-date: /mnt/nvme0n1/f1tenth_ws/install/vesc_msgs/share/vesc_msgs/cmake/rosidl_cmake_export_typesupport_libraries-extras.cmake
[5.363s] -- Up-to-date: /mnt/nvme0n1/f1tenth_ws/install/vesc_msgs/share/vesc_msgs/cmake/rosidl_cmake_export_typesupport_targets-extras.cmake
[5.363s] -- Up-to-date: /mnt/nvme0n1/f1tenth_ws/install/vesc_msgs/share/vesc_msgs/cmake/vesc_msgsConfig.cmake
[5.364s] -- Up-to-date: /mnt/nvme0n1/f1tenth_ws/install/vesc_msgs/share/vesc_msgs/cmake/vesc_msgsConfig-version.cmake
[5.364s] -- Up-to-date: /mnt/nvme0n1/f1tenth_ws/install/vesc_msgs/share/vesc_msgs/package.xml
[5.977s] Invoked command in '/mnt/nvme0n1/f1tenth_ws/build/vesc_msgs' returned '0': CMAKE_PREFIX_PATH=/opt/ros/foxy /usr/bin/cmake --install /mnt/nvme0n1/f1tenth_ws/build/vesc_msgs
