[0.476s] Invoking command in '/mnt/nvme0n1/f1tenth_ws/build/vesc_driver': AMENT_PREFIX_PATH=/mnt/nvme0n1/f1tenth_ws/install/vesc_msgs:${AMENT_PREFIX_PATH} CMAKE_PREFIX_PATH=/mnt/nvme0n1/f1tenth_ws/install/vesc_msgs:/opt/ros/foxy LD_LIBRARY_PATH=/mnt/nvme0n1/f1tenth_ws/install/vesc_msgs/lib:${LD_LIBRARY_PATH} PYTHONPATH=/mnt/nvme0n1/f1tenth_ws/install/vesc_msgs/lib/python3.8/site-packages:${PYTHONPATH} /usr/bin/cmake --build /mnt/nvme0n1/f1tenth_ws/build/vesc_driver -- -j4 -l4
[0.996s] [ 50%] Built target vesc_driver
[1.011s] [ 70%] Built target vesc_driver_node
[1.129s] [100%] Built target vesc_device_namer
[1.190s] Invoked command in '/mnt/nvme0n1/f1tenth_ws/build/vesc_driver' returned '0': AMENT_PREFIX_PATH=/mnt/nvme0n1/f1tenth_ws/install/vesc_msgs:${AMENT_PREFIX_PATH} CMAKE_PREFIX_PATH=/mnt/nvme0n1/f1tenth_ws/install/vesc_msgs:/opt/ros/foxy LD_LIBRARY_PATH=/mnt/nvme0n1/f1tenth_ws/install/vesc_msgs/lib:${LD_LIBRARY_PATH} PYTHONPATH=/mnt/nvme0n1/f1tenth_ws/install/vesc_msgs/lib/python3.8/site-packages:${PYTHONPATH} /usr/bin/cmake --build /mnt/nvme0n1/f1tenth_ws/build/vesc_driver -- -j4 -l4
[2.004s] Invoking command in '/mnt/nvme0n1/f1tenth_ws/build/vesc_driver': AMENT_PREFIX_PATH=/mnt/nvme0n1/f1tenth_ws/install/vesc_msgs:${AMENT_PREFIX_PATH} CMAKE_PREFIX_PATH=/mnt/nvme0n1/f1tenth_ws/install/vesc_msgs:/opt/ros/foxy LD_LIBRARY_PATH=/mnt/nvme0n1/f1tenth_ws/install/vesc_msgs/lib:${LD_LIBRARY_PATH} PYTHONPATH=/mnt/nvme0n1/f1tenth_ws/install/vesc_msgs/lib/python3.8/site-packages:${PYTHONPATH} /usr/bin/cmake --install /mnt/nvme0n1/f1tenth_ws/build/vesc_driver
[2.060s] -- Install configuration: ""
[2.063s] -- Up-to-date: /mnt/nvme0n1/f1tenth_ws/install/vesc_driver/lib/vesc_driver/vesc_driver_node
[2.065s] -- Up-to-date: /mnt/nvme0n1/f1tenth_ws/install/vesc_driver/include
[2.066s] -- Up-to-date: /mnt/nvme0n1/f1tenth_ws/install/vesc_driver/include/vesc_driver
[2.067s] -- Up-to-date: /mnt/nvme0n1/f1tenth_ws/install/vesc_driver/include/vesc_driver/crc.hpp
[2.068s] -- Up-to-date: /mnt/nvme0n1/f1tenth_ws/install/vesc_driver/include/vesc_driver/vesc_device_uuid_lookup.hpp
[2.068s] -- Up-to-date: /mnt/nvme0n1/f1tenth_ws/install/vesc_driver/include/vesc_driver/vesc_packet.hpp
[2.069s] -- Up-to-date: /mnt/nvme0n1/f1tenth_ws/install/vesc_driver/include/vesc_driver/vesc_driver.hpp
[2.069s] -- Up-to-date: /mnt/nvme0n1/f1tenth_ws/install/vesc_driver/include/vesc_driver/vesc_packet_factory.hpp
[2.070s] -- Up-to-date: /mnt/nvme0n1/f1tenth_ws/install/vesc_driver/include/vesc_driver/datatypes.hpp
[2.072s] -- Up-to-date: /mnt/nvme0n1/f1tenth_ws/install/vesc_driver/include/vesc_driver/vesc_interface.hpp
[2.072s] -- Up-to-date: /mnt/nvme0n1/f1tenth_ws/install/vesc_driver/share/vesc_driver/environment/library_path.sh
[2.074s] -- Up-to-date: /mnt/nvme0n1/f1tenth_ws/install/vesc_driver/share/vesc_driver/environment/library_path.dsv
[2.078s] -- Up-to-date: /mnt/nvme0n1/f1tenth_ws/install/vesc_driver/lib/libvesc_driver.so
[2.083s] -- Up-to-date: /mnt/nvme0n1/f1tenth_ws/install/vesc_driver/lib/vesc_driver/vesc_device_namer
[2.087s] -- Up-to-date: /mnt/nvme0n1/f1tenth_ws/install/vesc_driver/share/vesc_driver/launch
[2.089s] -- Up-to-date: /mnt/nvme0n1/f1tenth_ws/install/vesc_driver/share/vesc_driver/launch/vesc_driver_node.launch.py
[2.090s] -- Up-to-date: /mnt/nvme0n1/f1tenth_ws/install/vesc_driver/share/vesc_driver/params
[2.093s] -- Up-to-date: /mnt/nvme0n1/f1tenth_ws/install/vesc_driver/share/vesc_driver/params/vesc_config.yaml
[2.098s] -- Up-to-date: /mnt/nvme0n1/f1tenth_ws/install/vesc_driver/share/ament_index/resource_index/package_run_dependencies/vesc_driver
[2.100s] -- Up-to-date: /mnt/nvme0n1/f1tenth_ws/install/vesc_driver/share/ament_index/resource_index/parent_prefix_path/vesc_driver
[2.101s] -- Up-to-date: /mnt/nvme0n1/f1tenth_ws/install/vesc_driver/share/vesc_driver/environment/ament_prefix_path.sh
[2.103s] -- Up-to-date: /mnt/nvme0n1/f1tenth_ws/install/vesc_driver/share/vesc_driver/environment/ament_prefix_path.dsv
[2.105s] -- Up-to-date: /mnt/nvme0n1/f1tenth_ws/install/vesc_driver/share/vesc_driver/environment/path.sh
[2.106s] -- Up-to-date: /mnt/nvme0n1/f1tenth_ws/install/vesc_driver/share/vesc_driver/environment/path.dsv
[2.108s] -- Up-to-date: /mnt/nvme0n1/f1tenth_ws/install/vesc_driver/share/vesc_driver/local_setup.bash
[2.110s] -- Up-to-date: /mnt/nvme0n1/f1tenth_ws/install/vesc_driver/share/vesc_driver/local_setup.sh
[2.111s] -- Up-to-date: /mnt/nvme0n1/f1tenth_ws/install/vesc_driver/share/vesc_driver/local_setup.zsh
[2.112s] -- Up-to-date: /mnt/nvme0n1/f1tenth_ws/install/vesc_driver/share/vesc_driver/local_setup.dsv
[2.113s] -- Installing: /mnt/nvme0n1/f1tenth_ws/install/vesc_driver/share/vesc_driver/package.dsv
[2.116s] -- Up-to-date: /mnt/nvme0n1/f1tenth_ws/install/vesc_driver/share/ament_index/resource_index/packages/vesc_driver
[2.118s] -- Up-to-date: /mnt/nvme0n1/f1tenth_ws/install/vesc_driver/share/ament_index/resource_index/rclcpp_components/vesc_driver
[2.119s] -- Up-to-date: /mnt/nvme0n1/f1tenth_ws/install/vesc_driver/share/vesc_driver/cmake/ament_cmake_export_dependencies-extras.cmake
[2.122s] -- Up-to-date: /mnt/nvme0n1/f1tenth_ws/install/vesc_driver/share/vesc_driver/cmake/ament_cmake_export_include_directories-extras.cmake
[2.124s] -- Up-to-date: /mnt/nvme0n1/f1tenth_ws/install/vesc_driver/share/vesc_driver/cmake/ament_cmake_export_libraries-extras.cmake
[2.125s] -- Up-to-date: /mnt/nvme0n1/f1tenth_ws/install/vesc_driver/share/vesc_driver/cmake/vesc_driverConfig.cmake
[2.125s] -- Up-to-date: /mnt/nvme0n1/f1tenth_ws/install/vesc_driver/share/vesc_driver/cmake/vesc_driverConfig-version.cmake
[2.126s] -- Up-to-date: /mnt/nvme0n1/f1tenth_ws/install/vesc_driver/share/vesc_driver/package.xml
[2.137s] Invoked command in '/mnt/nvme0n1/f1tenth_ws/build/vesc_driver' returned '0': AMENT_PREFIX_PATH=/mnt/nvme0n1/f1tenth_ws/install/vesc_msgs:${AMENT_PREFIX_PATH} CMAKE_PREFIX_PATH=/mnt/nvme0n1/f1tenth_ws/install/vesc_msgs:/opt/ros/foxy LD_LIBRARY_PATH=/mnt/nvme0n1/f1tenth_ws/install/vesc_msgs/lib:${LD_LIBRARY_PATH} PYTHONPATH=/mnt/nvme0n1/f1tenth_ws/install/vesc_msgs/lib/python3.8/site-packages:${PYTHONPATH} /usr/bin/cmake --install /mnt/nvme0n1/f1tenth_ws/build/vesc_driver
