[2.752s] Invoking command in '/home/f1tenth/f1tenth-ws/build/gap_follow': CMAKE_PREFIX_PATH=${CMAKE_PREFIX_PATH}:/home/f1tenth/f1tenth-ws/install/f1tenth_stack:/home/f1tenth/f1tenth-ws/install/joy_teleop:/home/f1tenth/f1tenth-ws/install/mouse_teleop:/home/f1tenth/f1tenth-ws/install/key_teleop:/home/f1tenth/f1tenth-ws/install/example_py:/opt/ros/foxy /usr/bin/cmake --build /home/f1tenth/f1tenth-ws/build/gap_follow -- -j4 -l4
[3.136s] [100%] Built target reactive_node
[3.242s] Invoked command in '/home/f1tenth/f1tenth-ws/build/gap_follow' returned '0': CMAKE_PREFIX_PATH=${CMAKE_PREFIX_PATH}:/home/f1tenth/f1tenth-ws/install/f1tenth_stack:/home/f1tenth/f1tenth-ws/install/joy_teleop:/home/f1tenth/f1tenth-ws/install/mouse_teleop:/home/f1tenth/f1tenth-ws/install/key_teleop:/home/f1tenth/f1tenth-ws/install/example_py:/opt/ros/foxy /usr/bin/cmake --build /home/f1tenth/f1tenth-ws/build/gap_follow -- -j4 -l4
[3.405s] Invoking command in '/home/f1tenth/f1tenth-ws/build/gap_follow': CMAKE_PREFIX_PATH=${CMAKE_PREFIX_PATH}:/home/f1tenth/f1tenth-ws/install/f1tenth_stack:/home/f1tenth/f1tenth-ws/install/joy_teleop:/home/f1tenth/f1tenth-ws/install/mouse_teleop:/home/f1tenth/f1tenth-ws/install/key_teleop:/home/f1tenth/f1tenth-ws/install/example_py:/opt/ros/foxy /usr/bin/cmake --install /home/f1tenth/f1tenth-ws/build/gap_follow
[3.467s] -- Install configuration: ""
[3.470s] -- Up-to-date: /home/f1tenth/f1tenth-ws/install/gap_follow/lib/gap_follow/reactive_node
[3.472s] -- Up-to-date: /home/f1tenth/f1tenth-ws/install/gap_follow/share/gap_follow/environment/pythonpath.sh
[3.473s] -- Up-to-date: /home/f1tenth/f1tenth-ws/install/gap_follow/share/gap_follow/environment/pythonpath.dsv
[3.476s] -- Up-to-date: /home/f1tenth/f1tenth-ws/install/gap_follow/lib/python3.8/site-packages/gap_follow
[3.477s] -- Up-to-date: /home/f1tenth/f1tenth-ws/install/gap_follow/lib/python3.8/site-packages/gap_follow/__init__.py
[3.660s] Listing '/home/f1tenth/f1tenth-ws/install/gap_follow/lib/python3.8/site-packages/gap_follow'...
[3.680s] -- Up-to-date: /home/f1tenth/f1tenth-ws/install/gap_follow/lib/gap_follow/reactive_node.py
[3.680s] -- Up-to-date: /home/f1tenth/f1tenth-ws/install/gap_follow/share/ament_index/resource_index/package_run_dependencies/gap_follow
[3.681s] -- Up-to-date: /home/f1tenth/f1tenth-ws/install/gap_follow/share/ament_index/resource_index/parent_prefix_path/gap_follow
[3.682s] -- Up-to-date: /home/f1tenth/f1tenth-ws/install/gap_follow/share/gap_follow/environment/ament_prefix_path.sh
[3.683s] -- Up-to-date: /home/f1tenth/f1tenth-ws/install/gap_follow/share/gap_follow/environment/ament_prefix_path.dsv
[3.683s] -- Up-to-date: /home/f1tenth/f1tenth-ws/install/gap_follow/share/gap_follow/environment/path.sh
[3.683s] -- Up-to-date: /home/f1tenth/f1tenth-ws/install/gap_follow/share/gap_follow/environment/path.dsv
[3.684s] -- Up-to-date: /home/f1tenth/f1tenth-ws/install/gap_follow/share/gap_follow/local_setup.bash
[3.685s] -- Up-to-date: /home/f1tenth/f1tenth-ws/install/gap_follow/share/gap_follow/local_setup.sh
[3.685s] -- Up-to-date: /home/f1tenth/f1tenth-ws/install/gap_follow/share/gap_follow/local_setup.zsh
[3.686s] -- Up-to-date: /home/f1tenth/f1tenth-ws/install/gap_follow/share/gap_follow/local_setup.dsv
[3.687s] -- Installing: /home/f1tenth/f1tenth-ws/install/gap_follow/share/gap_follow/package.dsv
[3.688s] -- Up-to-date: /home/f1tenth/f1tenth-ws/install/gap_follow/share/ament_index/resource_index/packages/gap_follow
[3.688s] -- Up-to-date: /home/f1tenth/f1tenth-ws/install/gap_follow/share/gap_follow/cmake/gap_followConfig.cmake
[3.688s] -- Up-to-date: /home/f1tenth/f1tenth-ws/install/gap_follow/share/gap_follow/cmake/gap_followConfig-version.cmake
[3.689s] -- Up-to-date: /home/f1tenth/f1tenth-ws/install/gap_follow/share/gap_follow/package.xml
[4.353s] Invoked command in '/home/f1tenth/f1tenth-ws/build/gap_follow' returned '0': CMAKE_PREFIX_PATH=${CMAKE_PREFIX_PATH}:/home/f1tenth/f1tenth-ws/install/f1tenth_stack:/home/f1tenth/f1tenth-ws/install/joy_teleop:/home/f1tenth/f1tenth-ws/install/mouse_teleop:/home/f1tenth/f1tenth-ws/install/key_teleop:/home/f1tenth/f1tenth-ws/install/example_py:/opt/ros/foxy /usr/bin/cmake --install /home/f1tenth/f1tenth-ws/build/gap_follow
