[9.701s] Invoking command in '/home/f1tenth/f1tenth-ws/src/test_driving_2/example_py': PYTHONPATH=/home/f1tenth/f1tenth-ws/build/example_py/prefix_override:/home/f1tenth/f1tenth-ws/install/example_py/lib/python3.8/site-packages:${PYTHONPATH} /usr/bin/python3 setup.py egg_info --egg-base ../../../build/example_py build --build-base /home/f1tenth/f1tenth-ws/build/example_py/build install --record /home/f1tenth/f1tenth-ws/build/example_py/install.log --install-scripts $base/lib/example_py --single-version-externally-managed
[10.945s] running egg_info
[10.949s] writing ../../../build/example_py/example_py.egg-info/PKG-INFO
[10.950s] writing dependency_links to ../../../build/example_py/example_py.egg-info/dependency_links.txt
[10.952s] writing entry points to ../../../build/example_py/example_py.egg-info/entry_points.txt
[10.953s] writing requirements to ../../../build/example_py/example_py.egg-info/requires.txt
[10.954s] writing top-level names to ../../../build/example_py/example_py.egg-info/top_level.txt
[11.140s] reading manifest file '../../../build/example_py/example_py.egg-info/SOURCES.txt'
[11.153s] writing manifest file '../../../build/example_py/example_py.egg-info/SOURCES.txt'
[11.153s] running build
[11.154s] running build_py
[11.155s] running install
[11.158s] running install_lib
[11.165s] running install_data
[11.170s] running install_egg_info
[11.180s] removing '/home/f1tenth/f1tenth-ws/install/example_py/lib/python3.8/site-packages/example_py-0.0.0-py3.8.egg-info' (and everything under it)
[11.182s] Copying ../../../build/example_py/example_py.egg-info to /home/f1tenth/f1tenth-ws/install/example_py/lib/python3.8/site-packages/example_py-0.0.0-py3.8.egg-info
[11.190s] running install_scripts
[11.286s] Installing li4_node script to /home/f1tenth/f1tenth-ws/install/example_py/lib/example_py
[11.287s] writing list of installed files to '/home/f1tenth/f1tenth-ws/build/example_py/install.log'
[11.906s] Invoked command in '/home/f1tenth/f1tenth-ws/src/test_driving_2/example_py' returned '0': PYTHONPATH=/home/f1tenth/f1tenth-ws/build/example_py/prefix_override:/home/f1tenth/f1tenth-ws/install/example_py/lib/python3.8/site-packages:${PYTHONPATH} /usr/bin/python3 setup.py egg_info --egg-base ../../../build/example_py build --build-base /home/f1tenth/f1tenth-ws/build/example_py/build install --record /home/f1tenth/f1tenth-ws/build/example_py/install.log --install-scripts $base/lib/example_py --single-version-externally-managed
