[10.808s] Invoking command in '/home/f1tenth/f1tenth-ws/src/f1tenth_mpc-main/mpc': PYTHONPATH=/home/f1tenth/f1tenth-ws/build/mpc/prefix_override:/home/f1tenth/f1tenth-ws/install/mpc/lib/python3.8/site-packages:${PYTHONPATH} /usr/bin/python3 setup.py egg_info --egg-base ../../../build/mpc build --build-base /home/f1tenth/f1tenth-ws/build/mpc/build install --record /home/f1tenth/f1tenth-ws/build/mpc/install.log --install-scripts $base/lib/mpc --single-version-externally-managed
[12.264s] running egg_info
[12.267s] writing ../../../build/mpc/mpc.egg-info/PKG-INFO
[12.276s] writing dependency_links to ../../../build/mpc/mpc.egg-info/dependency_links.txt
[12.280s] writing entry points to ../../../build/mpc/mpc.egg-info/entry_points.txt
[12.291s] writing requirements to ../../../build/mpc/mpc.egg-info/requires.txt
[12.297s] writing top-level names to ../../../build/mpc/mpc.egg-info/top_level.txt
[12.458s] reading manifest file '../../../build/mpc/mpc.egg-info/SOURCES.txt'
[12.465s] writing manifest file '../../../build/mpc/mpc.egg-info/SOURCES.txt'
[12.468s] running build
[12.469s] running build_py
[12.471s] running install
[12.475s] running install_lib
[12.483s] running install_data
[12.485s] running install_egg_info
[12.493s] removing '/home/f1tenth/f1tenth-ws/install/mpc/lib/python3.8/site-packages/mpc-0.0.0-py3.8.egg-info' (and everything under it)
[12.497s] Copying ../../../build/mpc/mpc.egg-info to /home/f1tenth/f1tenth-ws/install/mpc/lib/python3.8/site-packages/mpc-0.0.0-py3.8.egg-info
[12.515s] running install_scripts
[12.627s] Installing mpc_node script to /home/f1tenth/f1tenth-ws/install/mpc/lib/mpc
[12.633s] writing list of installed files to '/home/f1tenth/f1tenth-ws/build/mpc/install.log'
[14.033s] Invoked command in '/home/f1tenth/f1tenth-ws/src/f1tenth_mpc-main/mpc' returned '0': PYTHONPATH=/home/f1tenth/f1tenth-ws/build/mpc/prefix_override:/home/f1tenth/f1tenth-ws/install/mpc/lib/python3.8/site-packages:${PYTHONPATH} /usr/bin/python3 setup.py egg_info --egg-base ../../../build/mpc build --build-base /home/f1tenth/f1tenth-ws/build/mpc/build install --record /home/f1tenth/f1tenth-ws/build/mpc/install.log --install-scripts $base/lib/mpc --single-version-externally-managed
