[2.401s] Invoking command in '/home/f1tenth/f1tenth-ws/build/vesc_msgs': CMAKE_PREFIX_PATH=${CMAKE_PREFIX_PATH}:/home/f1tenth/f1tenth-ws/install/waypoint_python:/home/f1tenth/f1tenth-ws/install/f1tenth_stack:/home/f1tenth/f1tenth-ws/install/joy_teleop:/home/f1tenth/f1tenth-ws/install/particle_filter:/home/f1tenth/f1tenth-ws/install/mpc:/home/f1tenth/f1tenth-ws/install/mouse_teleop:/home/f1tenth/f1tenth-ws/install/key_teleop:/home/f1tenth/f1tenth-ws/install/example_py:/home/f1tenth/f1tenth-ws/install/autonomous_drive:/opt/ros/foxy /usr/bin/cmake --build /home/f1tenth/f1tenth-ws/build/vesc_msgs -- -j4 -l4
[4.576s] [  1%] Built target vesc_msgs__cpp
[4.576s] [ 12%] Built target vesc_msgs__rosidl_generator_c
[4.579s] [ 23%] Built target vesc_msgs__rosidl_typesupport_fastrtps_cpp
[4.579s] [ 34%] Built target vesc_msgs__rosidl_typesupport_cpp
[4.580s] [ 45%] Built target vesc_msgs__rosidl_typesupport_introspection_cpp
[4.580s] [ 56%] Built target vesc_msgs__rosidl_typesupport_c
[4.582s] [ 78%] Built target vesc_msgs__rosidl_typesupport_introspection_c
[4.583s] [ 78%] Built target vesc_msgs__rosidl_typesupport_fastrtps_c
[4.583s] [ 78%] Built target vesc_msgs
[4.584s] [ 80%] Built target vesc_msgs__py
[4.584s] [ 89%] Built target vesc_msgs__python
[4.584s] [ 92%] Built target vesc_msgs__rosidl_typesupport_introspection_c__pyext
[4.585s] [ 96%] Built target vesc_msgs__rosidl_typesupport_c__pyext
[4.585s] [100%] Built target vesc_msgs__rosidl_typesupport_fastrtps_c__pyext
[4.589s] Invoked command in '/home/f1tenth/f1tenth-ws/build/vesc_msgs' returned '0': CMAKE_PREFIX_PATH=${CMAKE_PREFIX_PATH}:/home/f1tenth/f1tenth-ws/install/waypoint_python:/home/f1tenth/f1tenth-ws/install/f1tenth_stack:/home/f1tenth/f1tenth-ws/install/joy_teleop:/home/f1tenth/f1tenth-ws/install/particle_filter:/home/f1tenth/f1tenth-ws/install/mpc:/home/f1tenth/f1tenth-ws/install/mouse_teleop:/home/f1tenth/f1tenth-ws/install/key_teleop:/home/f1tenth/f1tenth-ws/install/example_py:/home/f1tenth/f1tenth-ws/install/autonomous_drive:/opt/ros/foxy /usr/bin/cmake --build /home/f1tenth/f1tenth-ws/build/vesc_msgs -- -j4 -l4
[5.383s] Invoking command in '/home/f1tenth/f1tenth-ws/build/vesc_msgs': CMAKE_PREFIX_PATH=${CMAKE_PREFIX_PATH}:/home/f1tenth/f1tenth-ws/install/waypoint_python:/home/f1tenth/f1tenth-ws/install/f1tenth_stack:/home/f1tenth/f1tenth-ws/install/joy_teleop:/home/f1tenth/f1tenth-ws/install/particle_filter:/home/f1tenth/f1tenth-ws/install/mpc:/home/f1tenth/f1tenth-ws/install/mouse_teleop:/home/f1tenth/f1tenth-ws/install/key_teleop:/home/f1tenth/f1tenth-ws/install/example_py:/home/f1tenth/f1tenth-ws/install/autonomous_drive:/opt/ros/foxy /usr/bin/cmake --install /home/f1tenth/f1tenth-ws/build/vesc_msgs
[5.451s] -- Install configuration: ""
[5.453s] -- Up-to-date: /home/f1tenth/f1tenth-ws/install/vesc_msgs/share/ament_index/resource_index/rosidl_interfaces/vesc_msgs
[5.453s] -- Up-to-date: /home/f1tenth/f1tenth-ws/install/vesc_msgs/include/vesc_msgs
[5.454s] -- Up-to-date: /home/f1tenth/f1tenth-ws/install/vesc_msgs/include/vesc_msgs/msg
[5.455s] -- Up-to-date: /home/f1tenth/f1tenth-ws/install/vesc_msgs/include/vesc_msgs/msg/detail
[5.455s] -- Up-to-date: /home/f1tenth/f1tenth-ws/install/vesc_msgs/include/vesc_msgs/msg/detail/vesc_imu_stamped__struct.h
[5.456s] -- Up-to-date: /home/f1tenth/f1tenth-ws/install/vesc_msgs/include/vesc_msgs/msg/detail/vesc_state__functions.c
[5.456s] -- Up-to-date: /home/f1tenth/f1tenth-ws/install/vesc_msgs/include/vesc_msgs/msg/detail/vesc_state__type_support.h
[5.466s] -- Up-to-date: /home/f1tenth/f1tenth-ws/install/vesc_msgs/include/vesc_msgs/msg/detail/vesc_imu__struct.h
[5.467s] -- Up-to-date: /home/f1tenth/f1tenth-ws/install/vesc_msgs/include/vesc_msgs/msg/detail/vesc_state_stamped__functions.h
[5.468s] -- Up-to-date: /home/f1tenth/f1tenth-ws/install/vesc_msgs/include/vesc_msgs/msg/detail/vesc_state__struct.h
[5.468s] -- Up-to-date: /home/f1tenth/f1tenth-ws/install/vesc_msgs/include/vesc_msgs/msg/detail/vesc_state_stamped__struct.h
[5.469s] -- Up-to-date: /home/f1tenth/f1tenth-ws/install/vesc_msgs/include/vesc_msgs/msg/detail/vesc_imu__type_support.h
[5.469s] -- Up-to-date: /home/f1tenth/f1tenth-ws/install/vesc_msgs/include/vesc_msgs/msg/detail/vesc_imu_stamped__type_support.h
[5.470s] -- Up-to-date: /home/f1tenth/f1tenth-ws/install/vesc_msgs/include/vesc_msgs/msg/detail/vesc_state_stamped__type_support.h
[5.471s] -- Up-to-date: /home/f1tenth/f1tenth-ws/install/vesc_msgs/include/vesc_msgs/msg/detail/vesc_imu__functions.c
[5.471s] -- Up-to-date: /home/f1tenth/f1tenth-ws/install/vesc_msgs/include/vesc_msgs/msg/detail/vesc_imu__functions.h
[5.472s] -- Up-to-date: /home/f1tenth/f1tenth-ws/install/vesc_msgs/include/vesc_msgs/msg/detail/vesc_state_stamped__functions.c
[5.473s] -- Up-to-date: /home/f1tenth/f1tenth-ws/install/vesc_msgs/include/vesc_msgs/msg/detail/vesc_imu_stamped__functions.c
[5.473s] -- Up-to-date: /home/f1tenth/f1tenth-ws/install/vesc_msgs/include/vesc_msgs/msg/detail/vesc_imu_stamped__functions.h
[5.473s] -- Up-to-date: /home/f1tenth/f1tenth-ws/install/vesc_msgs/include/vesc_msgs/msg/detail/vesc_state__functions.h
[5.474s] -- Up-to-date: /home/f1tenth/f1tenth-ws/install/vesc_msgs/include/vesc_msgs/msg/vesc_state.h
[5.476s] -- Up-to-date: /home/f1tenth/f1tenth-ws/install/vesc_msgs/include/vesc_msgs/msg/rosidl_generator_c__visibility_control.h
[5.476s] -- Up-to-date: /home/f1tenth/f1tenth-ws/install/vesc_msgs/include/vesc_msgs/msg/vesc_imu.h
[5.480s] -- Up-to-date: /home/f1tenth/f1tenth-ws/install/vesc_msgs/include/vesc_msgs/msg/vesc_imu_stamped.h
[5.482s] -- Up-to-date: /home/f1tenth/f1tenth-ws/install/vesc_msgs/include/vesc_msgs/msg/vesc_state_stamped.h
[5.482s] -- Up-to-date: /home/f1tenth/f1tenth-ws/install/vesc_msgs/share/vesc_msgs/environment/library_path.sh
[5.483s] -- Up-to-date: /home/f1tenth/f1tenth-ws/install/vesc_msgs/share/vesc_msgs/environment/library_path.dsv
[5.484s] -- Up-to-date: /home/f1tenth/f1tenth-ws/install/vesc_msgs/lib/libvesc_msgs__rosidl_generator_c.so
[5.485s] -- Up-to-date: /home/f1tenth/f1tenth-ws/install/vesc_msgs/include/vesc_msgs
[5.485s] -- Up-to-date: /home/f1tenth/f1tenth-ws/install/vesc_msgs/include/vesc_msgs/msg
[5.486s] -- Up-to-date: /home/f1tenth/f1tenth-ws/install/vesc_msgs/include/vesc_msgs/msg/detail
[5.486s] -- Up-to-date: /home/f1tenth/f1tenth-ws/install/vesc_msgs/include/vesc_msgs/msg/detail/vesc_state_stamped__rosidl_typesupport_fastrtps_c.h
[5.487s] -- Up-to-date: /home/f1tenth/f1tenth-ws/install/vesc_msgs/include/vesc_msgs/msg/detail/vesc_state__rosidl_typesupport_fastrtps_c.h
[5.488s] -- Up-to-date: /home/f1tenth/f1tenth-ws/install/vesc_msgs/include/vesc_msgs/msg/detail/vesc_imu__rosidl_typesupport_fastrtps_c.h
[5.489s] -- Up-to-date: /home/f1tenth/f1tenth-ws/install/vesc_msgs/include/vesc_msgs/msg/detail/vesc_imu_stamped__rosidl_typesupport_fastrtps_c.h
[5.490s] -- Up-to-date: /home/f1tenth/f1tenth-ws/install/vesc_msgs/include/vesc_msgs/msg/rosidl_typesupport_fastrtps_c__visibility_control.h
[5.491s] -- Up-to-date: /home/f1tenth/f1tenth-ws/install/vesc_msgs/lib/libvesc_msgs__rosidl_typesupport_fastrtps_c.so
[5.503s] -- Up-to-date: /home/f1tenth/f1tenth-ws/install/vesc_msgs/include/vesc_msgs
[5.505s] -- Up-to-date: /home/f1tenth/f1tenth-ws/install/vesc_msgs/include/vesc_msgs/msg
[5.506s] -- Up-to-date: /home/f1tenth/f1tenth-ws/install/vesc_msgs/include/vesc_msgs/msg/detail
[5.506s] -- Up-to-date: /home/f1tenth/f1tenth-ws/install/vesc_msgs/include/vesc_msgs/msg/detail/dds_fastrtps
[5.508s] -- Up-to-date: /home/f1tenth/f1tenth-ws/install/vesc_msgs/include/vesc_msgs/msg/detail/vesc_state__rosidl_typesupport_fastrtps_cpp.hpp
[5.510s] -- Up-to-date: /home/f1tenth/f1tenth-ws/install/vesc_msgs/include/vesc_msgs/msg/detail/vesc_imu__rosidl_typesupport_fastrtps_cpp.hpp
[5.510s] -- Up-to-date: /home/f1tenth/f1tenth-ws/install/vesc_msgs/include/vesc_msgs/msg/detail/vesc_state_stamped__rosidl_typesupport_fastrtps_cpp.hpp
[5.511s] -- Up-to-date: /home/f1tenth/f1tenth-ws/install/vesc_msgs/include/vesc_msgs/msg/detail/vesc_imu_stamped__rosidl_typesupport_fastrtps_cpp.hpp
[5.511s] -- Up-to-date: /home/f1tenth/f1tenth-ws/install/vesc_msgs/include/vesc_msgs/msg/rosidl_typesupport_fastrtps_cpp__visibility_control.h
[5.517s] -- Up-to-date: /home/f1tenth/f1tenth-ws/install/vesc_msgs/lib/libvesc_msgs__rosidl_typesupport_fastrtps_cpp.so
[5.522s] -- Up-to-date: /home/f1tenth/f1tenth-ws/install/vesc_msgs/include/vesc_msgs
[5.522s] -- Up-to-date: /home/f1tenth/f1tenth-ws/install/vesc_msgs/include/vesc_msgs/msg
[5.523s] -- Up-to-date: /home/f1tenth/f1tenth-ws/install/vesc_msgs/include/vesc_msgs/msg/rosidl_typesupport_introspection_c__visibility_control.h
[5.523s] -- Up-to-date: /home/f1tenth/f1tenth-ws/install/vesc_msgs/include/vesc_msgs/msg/detail
[5.523s] -- Up-to-date: /home/f1tenth/f1tenth-ws/install/vesc_msgs/include/vesc_msgs/msg/detail/vesc_imu__rosidl_typesupport_introspection_c.h
[5.524s] -- Up-to-date: /home/f1tenth/f1tenth-ws/install/vesc_msgs/include/vesc_msgs/msg/detail/vesc_state__rosidl_typesupport_introspection_c.h
[5.524s] -- Up-to-date: /home/f1tenth/f1tenth-ws/install/vesc_msgs/include/vesc_msgs/msg/detail/vesc_imu__type_support.c
[5.525s] -- Up-to-date: /home/f1tenth/f1tenth-ws/install/vesc_msgs/include/vesc_msgs/msg/detail/vesc_state_stamped__type_support.c
[5.525s] -- Up-to-date: /home/f1tenth/f1tenth-ws/install/vesc_msgs/include/vesc_msgs/msg/detail/vesc_state_stamped__rosidl_typesupport_introspection_c.h
[5.526s] -- Up-to-date: /home/f1tenth/f1tenth-ws/install/vesc_msgs/include/vesc_msgs/msg/detail/vesc_imu_stamped__type_support.c
[5.526s] -- Up-to-date: /home/f1tenth/f1tenth-ws/install/vesc_msgs/include/vesc_msgs/msg/detail/vesc_imu_stamped__rosidl_typesupport_introspection_c.h
[5.526s] -- Up-to-date: /home/f1tenth/f1tenth-ws/install/vesc_msgs/include/vesc_msgs/msg/detail/vesc_state__type_support.c
[5.527s] -- Up-to-date: /home/f1tenth/f1tenth-ws/install/vesc_msgs/lib/libvesc_msgs__rosidl_typesupport_introspection_c.so
[5.529s] -- Up-to-date: /home/f1tenth/f1tenth-ws/install/vesc_msgs/lib/libvesc_msgs__rosidl_typesupport_c.so
[5.532s] -- Up-to-date: /home/f1tenth/f1tenth-ws/install/vesc_msgs/include/vesc_msgs
[5.532s] -- Up-to-date: /home/f1tenth/f1tenth-ws/install/vesc_msgs/include/vesc_msgs/msg
[5.533s] -- Up-to-date: /home/f1tenth/f1tenth-ws/install/vesc_msgs/include/vesc_msgs/msg/vesc_imu_stamped.hpp
[5.533s] -- Up-to-date: /home/f1tenth/f1tenth-ws/install/vesc_msgs/include/vesc_msgs/msg/vesc_state.hpp
[5.534s] -- Up-to-date: /home/f1tenth/f1tenth-ws/install/vesc_msgs/include/vesc_msgs/msg/vesc_state_stamped.hpp
[5.534s] -- Up-to-date: /home/f1tenth/f1tenth-ws/install/vesc_msgs/include/vesc_msgs/msg/rosidl_generator_cpp__visibility_control.hpp
[5.534s] -- Up-to-date: /home/f1tenth/f1tenth-ws/install/vesc_msgs/include/vesc_msgs/msg/detail
[5.535s] -- Up-to-date: /home/f1tenth/f1tenth-ws/install/vesc_msgs/include/vesc_msgs/msg/detail/vesc_state__traits.hpp
[5.536s] -- Up-to-date: /home/f1tenth/f1tenth-ws/install/vesc_msgs/include/vesc_msgs/msg/detail/vesc_state__struct.hpp
[5.537s] -- Up-to-date: /home/f1tenth/f1tenth-ws/install/vesc_msgs/include/vesc_msgs/msg/detail/vesc_state_stamped__builder.hpp
[5.537s] -- Up-to-date: /home/f1tenth/f1tenth-ws/install/vesc_msgs/include/vesc_msgs/msg/detail/vesc_imu_stamped__traits.hpp
[5.538s] -- Up-to-date: /home/f1tenth/f1tenth-ws/install/vesc_msgs/include/vesc_msgs/msg/detail/vesc_state_stamped__struct.hpp
[5.538s] -- Up-to-date: /home/f1tenth/f1tenth-ws/install/vesc_msgs/include/vesc_msgs/msg/detail/vesc_state__builder.hpp
[5.538s] -- Up-to-date: /home/f1tenth/f1tenth-ws/install/vesc_msgs/include/vesc_msgs/msg/detail/vesc_imu__builder.hpp
[5.538s] -- Up-to-date: /home/f1tenth/f1tenth-ws/install/vesc_msgs/include/vesc_msgs/msg/detail/vesc_imu__traits.hpp
[5.539s] -- Up-to-date: /home/f1tenth/f1tenth-ws/install/vesc_msgs/include/vesc_msgs/msg/detail/vesc_state__type_support.hpp
[5.539s] -- Up-to-date: /home/f1tenth/f1tenth-ws/install/vesc_msgs/include/vesc_msgs/msg/detail/vesc_imu_stamped__struct.hpp
[5.539s] -- Up-to-date: /home/f1tenth/f1tenth-ws/install/vesc_msgs/include/vesc_msgs/msg/detail/vesc_imu__type_support.hpp
[5.540s] -- Up-to-date: /home/f1tenth/f1tenth-ws/install/vesc_msgs/include/vesc_msgs/msg/detail/vesc_imu__struct.hpp
[5.540s] -- Up-to-date: /home/f1tenth/f1tenth-ws/install/vesc_msgs/include/vesc_msgs/msg/detail/vesc_state_stamped__traits.hpp
[5.543s] -- Up-to-date: /home/f1tenth/f1tenth-ws/install/vesc_msgs/include/vesc_msgs/msg/detail/vesc_state_stamped__type_support.hpp
[5.543s] -- Up-to-date: /home/f1tenth/f1tenth-ws/install/vesc_msgs/include/vesc_msgs/msg/detail/vesc_imu_stamped__builder.hpp
[5.544s] -- Up-to-date: /home/f1tenth/f1tenth-ws/install/vesc_msgs/include/vesc_msgs/msg/detail/vesc_imu_stamped__type_support.hpp
[5.544s] -- Up-to-date: /home/f1tenth/f1tenth-ws/install/vesc_msgs/include/vesc_msgs/msg/vesc_imu.hpp
[5.544s] -- Up-to-date: /home/f1tenth/f1tenth-ws/install/vesc_msgs/include/vesc_msgs
[5.554s] -- Up-to-date: /home/f1tenth/f1tenth-ws/install/vesc_msgs/include/vesc_msgs/msg
[5.554s] -- Up-to-date: /home/f1tenth/f1tenth-ws/install/vesc_msgs/include/vesc_msgs/msg/detail
[5.554s] -- Up-to-date: /home/f1tenth/f1tenth-ws/install/vesc_msgs/include/vesc_msgs/msg/detail/vesc_state_stamped__rosidl_typesupport_introspection_cpp.hpp
[5.555s] -- Up-to-date: /home/f1tenth/f1tenth-ws/install/vesc_msgs/include/vesc_msgs/msg/detail/vesc_imu_stamped__type_support.cpp
[5.555s] -- Up-to-date: /home/f1tenth/f1tenth-ws/install/vesc_msgs/include/vesc_msgs/msg/detail/vesc_imu_stamped__rosidl_typesupport_introspection_cpp.hpp
[5.556s] -- Up-to-date: /home/f1tenth/f1tenth-ws/install/vesc_msgs/include/vesc_msgs/msg/detail/vesc_imu__type_support.cpp
[5.557s] -- Up-to-date: /home/f1tenth/f1tenth-ws/install/vesc_msgs/include/vesc_msgs/msg/detail/vesc_imu__rosidl_typesupport_introspection_cpp.hpp
[5.557s] -- Up-to-date: /home/f1tenth/f1tenth-ws/install/vesc_msgs/include/vesc_msgs/msg/detail/vesc_state_stamped__type_support.cpp
[5.557s] -- Up-to-date: /home/f1tenth/f1tenth-ws/install/vesc_msgs/include/vesc_msgs/msg/detail/vesc_state__rosidl_typesupport_introspection_cpp.hpp
[5.558s] -- Up-to-date: /home/f1tenth/f1tenth-ws/install/vesc_msgs/include/vesc_msgs/msg/detail/vesc_state__type_support.cpp
[5.558s] -- Up-to-date: /home/f1tenth/f1tenth-ws/install/vesc_msgs/lib/libvesc_msgs__rosidl_typesupport_introspection_cpp.so
[5.558s] -- Up-to-date: /home/f1tenth/f1tenth-ws/install/vesc_msgs/lib/libvesc_msgs__rosidl_typesupport_cpp.so
[5.559s] -- Up-to-date: /home/f1tenth/f1tenth-ws/install/vesc_msgs/share/vesc_msgs/environment/pythonpath.sh
[5.559s] -- Up-to-date: /home/f1tenth/f1tenth-ws/install/vesc_msgs/share/vesc_msgs/environment/pythonpath.dsv
[5.559s] -- Up-to-date: /home/f1tenth/f1tenth-ws/install/vesc_msgs/lib/python3.8/site-packages/vesc_msgs/__init__.py
[5.720s] -- Up-to-date: /home/f1tenth/f1tenth-ws/install/vesc_msgs/lib/python3.8/site-packages/vesc_msgs/msg
[5.724s] -- Up-to-date: /home/f1tenth/f1tenth-ws/install/vesc_msgs/lib/python3.8/site-packages/vesc_msgs/msg/_vesc_imu_stamped.py
[5.733s] -- Up-to-date: /home/f1tenth/f1tenth-ws/install/vesc_msgs/lib/python3.8/site-packages/vesc_msgs/msg/_vesc_state.py
[5.740s] -- Up-to-date: /home/f1tenth/f1tenth-ws/install/vesc_msgs/lib/python3.8/site-packages/vesc_msgs/msg/_vesc_state_s.c
[5.744s] -- Up-to-date: /home/f1tenth/f1tenth-ws/install/vesc_msgs/lib/python3.8/site-packages/vesc_msgs/msg/_vesc_state_stamped.py
[5.749s] -- Up-to-date: /home/f1tenth/f1tenth-ws/install/vesc_msgs/lib/python3.8/site-packages/vesc_msgs/msg/_vesc_imu.py
[5.750s] -- Up-to-date: /home/f1tenth/f1tenth-ws/install/vesc_msgs/lib/python3.8/site-packages/vesc_msgs/msg/__init__.py
[5.752s] -- Up-to-date: /home/f1tenth/f1tenth-ws/install/vesc_msgs/lib/python3.8/site-packages/vesc_msgs/msg/_vesc_state_stamped_s.c
[5.755s] -- Up-to-date: /home/f1tenth/f1tenth-ws/install/vesc_msgs/lib/python3.8/site-packages/vesc_msgs/msg/_vesc_imu_s.c
[5.756s] -- Up-to-date: /home/f1tenth/f1tenth-ws/install/vesc_msgs/lib/python3.8/site-packages/vesc_msgs/msg/_vesc_imu_stamped_s.c
[5.764s] -- Up-to-date: /home/f1tenth/f1tenth-ws/install/vesc_msgs/lib/python3.8/site-packages/vesc_msgs/vesc_msgs_s__rosidl_typesupport_fastrtps_c.cpython-38-aarch64-linux-gnu.so
[5.766s] -- Up-to-date: /home/f1tenth/f1tenth-ws/install/vesc_msgs/lib/python3.8/site-packages/vesc_msgs/vesc_msgs_s__rosidl_typesupport_introspection_c.cpython-38-aarch64-linux-gnu.so
[5.771s] -- Up-to-date: /home/f1tenth/f1tenth-ws/install/vesc_msgs/lib/python3.8/site-packages/vesc_msgs/vesc_msgs_s__rosidl_typesupport_c.cpython-38-aarch64-linux-gnu.so
[5.773s] -- Up-to-date: /home/f1tenth/f1tenth-ws/install/vesc_msgs/lib/libvesc_msgs__python.so
[5.774s] -- Up-to-date: /home/f1tenth/f1tenth-ws/install/vesc_msgs/share/vesc_msgs/msg/VescState.idl
[5.775s] -- Up-to-date: /home/f1tenth/f1tenth-ws/install/vesc_msgs/share/vesc_msgs/msg/VescStateStamped.idl
[5.776s] -- Up-to-date: /home/f1tenth/f1tenth-ws/install/vesc_msgs/share/vesc_msgs/msg/VescImu.idl
[5.777s] -- Up-to-date: /home/f1tenth/f1tenth-ws/install/vesc_msgs/share/vesc_msgs/msg/VescImuStamped.idl
[5.778s] -- Up-to-date: /home/f1tenth/f1tenth-ws/install/vesc_msgs/share/vesc_msgs/msg/VescState.msg
[5.779s] -- Up-to-date: /home/f1tenth/f1tenth-ws/install/vesc_msgs/share/vesc_msgs/msg/VescStateStamped.msg
[5.779s] -- Up-to-date: /home/f1tenth/f1tenth-ws/install/vesc_msgs/share/vesc_msgs/msg/VescImu.msg
[5.781s] -- Up-to-date: /home/f1tenth/f1tenth-ws/install/vesc_msgs/share/vesc_msgs/msg/VescImuStamped.msg
[5.783s] -- Up-to-date: /home/f1tenth/f1tenth-ws/install/vesc_msgs/share/ament_index/resource_index/package_run_dependencies/vesc_msgs
[5.784s] -- Up-to-date: /home/f1tenth/f1tenth-ws/install/vesc_msgs/share/ament_index/resource_index/parent_prefix_path/vesc_msgs
[5.785s] -- Up-to-date: /home/f1tenth/f1tenth-ws/install/vesc_msgs/share/vesc_msgs/environment/ament_prefix_path.sh
[5.785s] -- Up-to-date: /home/f1tenth/f1tenth-ws/install/vesc_msgs/share/vesc_msgs/environment/ament_prefix_path.dsv
[5.786s] -- Up-to-date: /home/f1tenth/f1tenth-ws/install/vesc_msgs/share/vesc_msgs/environment/path.sh
[5.787s] -- Up-to-date: /home/f1tenth/f1tenth-ws/install/vesc_msgs/share/vesc_msgs/environment/path.dsv
[5.787s] -- Up-to-date: /home/f1tenth/f1tenth-ws/install/vesc_msgs/share/vesc_msgs/local_setup.bash
[5.790s] -- Up-to-date: /home/f1tenth/f1tenth-ws/install/vesc_msgs/share/vesc_msgs/local_setup.sh
[5.791s] -- Up-to-date: /home/f1tenth/f1tenth-ws/install/vesc_msgs/share/vesc_msgs/local_setup.zsh
[5.792s] -- Up-to-date: /home/f1tenth/f1tenth-ws/install/vesc_msgs/share/vesc_msgs/local_setup.dsv
[5.794s] -- Installing: /home/f1tenth/f1tenth-ws/install/vesc_msgs/share/vesc_msgs/package.dsv
[5.795s] -- Up-to-date: /home/f1tenth/f1tenth-ws/install/vesc_msgs/share/ament_index/resource_index/packages/vesc_msgs
[5.796s] -- Up-to-date: /home/f1tenth/f1tenth-ws/install/vesc_msgs/share/vesc_msgs/cmake/vesc_msgs__rosidl_generator_cExport.cmake
[5.798s] -- Up-to-date: /home/f1tenth/f1tenth-ws/install/vesc_msgs/share/vesc_msgs/cmake/vesc_msgs__rosidl_generator_cExport-noconfig.cmake
[5.799s] -- Up-to-date: /home/f1tenth/f1tenth-ws/install/vesc_msgs/share/vesc_msgs/cmake/vesc_msgs__rosidl_typesupport_introspection_cExport.cmake
[5.800s] -- Up-to-date: /home/f1tenth/f1tenth-ws/install/vesc_msgs/share/vesc_msgs/cmake/vesc_msgs__rosidl_typesupport_introspection_cExport-noconfig.cmake
[5.801s] -- Up-to-date: /home/f1tenth/f1tenth-ws/install/vesc_msgs/share/vesc_msgs/cmake/vesc_msgs__rosidl_typesupport_cExport.cmake
[5.807s] -- Up-to-date: /home/f1tenth/f1tenth-ws/install/vesc_msgs/share/vesc_msgs/cmake/vesc_msgs__rosidl_typesupport_cExport-noconfig.cmake
[5.812s] -- Up-to-date: /home/f1tenth/f1tenth-ws/install/vesc_msgs/share/vesc_msgs/cmake/vesc_msgs__rosidl_generator_cppExport.cmake
[5.812s] -- Up-to-date: /home/f1tenth/f1tenth-ws/install/vesc_msgs/share/vesc_msgs/cmake/vesc_msgs__rosidl_typesupport_introspection_cppExport.cmake
[5.822s] -- Up-to-date: /home/f1tenth/f1tenth-ws/install/vesc_msgs/share/vesc_msgs/cmake/vesc_msgs__rosidl_typesupport_introspection_cppExport-noconfig.cmake
[5.824s] -- Up-to-date: /home/f1tenth/f1tenth-ws/install/vesc_msgs/share/vesc_msgs/cmake/vesc_msgs__rosidl_typesupport_cppExport.cmake
[5.825s] -- Up-to-date: /home/f1tenth/f1tenth-ws/install/vesc_msgs/share/vesc_msgs/cmake/vesc_msgs__rosidl_typesupport_cppExport-noconfig.cmake
[5.826s] -- Up-to-date: /home/f1tenth/f1tenth-ws/install/vesc_msgs/share/vesc_msgs/cmake/rosidl_cmake-extras.cmake
[5.829s] -- Up-to-date: /home/f1tenth/f1tenth-ws/install/vesc_msgs/share/vesc_msgs/cmake/ament_cmake_export_dependencies-extras.cmake
[5.829s] -- Up-to-date: /home/f1tenth/f1tenth-ws/install/vesc_msgs/share/vesc_msgs/cmake/ament_cmake_export_libraries-extras.cmake
[5.831s] -- Up-to-date: /home/f1tenth/f1tenth-ws/install/vesc_msgs/share/vesc_msgs/cmake/ament_cmake_export_targets-extras.cmake
[5.831s] -- Up-to-date: /home/f1tenth/f1tenth-ws/install/vesc_msgs/share/vesc_msgs/cmake/ament_cmake_export_include_directories-extras.cmake
[5.834s] -- Up-to-date: /home/f1tenth/f1tenth-ws/install/vesc_msgs/share/vesc_msgs/cmake/rosidl_cmake_export_typesupport_libraries-extras.cmake
[5.835s] -- Up-to-date: /home/f1tenth/f1tenth-ws/install/vesc_msgs/share/vesc_msgs/cmake/rosidl_cmake_export_typesupport_targets-extras.cmake
[5.836s] -- Up-to-date: /home/f1tenth/f1tenth-ws/install/vesc_msgs/share/vesc_msgs/cmake/vesc_msgsConfig.cmake
[5.840s] -- Up-to-date: /home/f1tenth/f1tenth-ws/install/vesc_msgs/share/vesc_msgs/cmake/vesc_msgsConfig-version.cmake
[5.841s] -- Up-to-date: /home/f1tenth/f1tenth-ws/install/vesc_msgs/share/vesc_msgs/package.xml
[7.029s] Invoked command in '/home/f1tenth/f1tenth-ws/build/vesc_msgs' returned '0': CMAKE_PREFIX_PATH=${CMAKE_PREFIX_PATH}:/home/f1tenth/f1tenth-ws/install/waypoint_python:/home/f1tenth/f1tenth-ws/install/f1tenth_stack:/home/f1tenth/f1tenth-ws/install/joy_teleop:/home/f1tenth/f1tenth-ws/install/particle_filter:/home/f1tenth/f1tenth-ws/install/mpc:/home/f1tenth/f1tenth-ws/install/mouse_teleop:/home/f1tenth/f1tenth-ws/install/key_teleop:/home/f1tenth/f1tenth-ws/install/example_py:/home/f1tenth/f1tenth-ws/install/autonomous_drive:/opt/ros/foxy /usr/bin/cmake --install /home/f1tenth/f1tenth-ws/build/vesc_msgs
