[1.873s] Invoking command in '/home/f1tenth/f1tenth-ws/build/ackermann_mux': CMAKE_PREFIX_PATH=${CMAKE_PREFIX_PATH}:/home/f1tenth/f1tenth-ws/install/f1tenth_stack:/home/f1tenth/f1tenth-ws/install/joy_teleop:/home/f1tenth/f1tenth-ws/install/particle_filter:/home/f1tenth/f1tenth-ws/install/mouse_teleop:/home/f1tenth/f1tenth-ws/install/key_teleop:/home/f1tenth/f1tenth-ws/install/example_py:/home/f1tenth/f1tenth-ws/install/autonomous_drive:/opt/ros/foxy /usr/bin/cmake --build /home/f1tenth/f1tenth-ws/build/ackermann_mux -- -j4 -l4
[4.889s] [100%] Built target ackermann_mux
[4.964s] Invoked command in '/home/f1tenth/f1tenth-ws/build/ackermann_mux' returned '0': CMAKE_PREFIX_PATH=${CMAKE_PREFIX_PATH}:/home/f1tenth/f1tenth-ws/install/f1tenth_stack:/home/f1tenth/f1tenth-ws/install/joy_teleop:/home/f1tenth/f1tenth-ws/install/particle_filter:/home/f1tenth/f1tenth-ws/install/mouse_teleop:/home/f1tenth/f1tenth-ws/install/key_teleop:/home/f1tenth/f1tenth-ws/install/example_py:/home/f1tenth/f1tenth-ws/install/autonomous_drive:/opt/ros/foxy /usr/bin/cmake --build /home/f1tenth/f1tenth-ws/build/ackermann_mux -- -j4 -l4
[5.330s] Invoking command in '/home/f1tenth/f1tenth-ws/build/ackermann_mux': CMAKE_PREFIX_PATH=${CMAKE_PREFIX_PATH}:/home/f1tenth/f1tenth-ws/install/f1tenth_stack:/home/f1tenth/f1tenth-ws/install/joy_teleop:/home/f1tenth/f1tenth-ws/install/particle_filter:/home/f1tenth/f1tenth-ws/install/mouse_teleop:/home/f1tenth/f1tenth-ws/install/key_teleop:/home/f1tenth/f1tenth-ws/install/example_py:/home/f1tenth/f1tenth-ws/install/autonomous_drive:/opt/ros/foxy /usr/bin/cmake --install /home/f1tenth/f1tenth-ws/build/ackermann_mux
[5.391s] -- Install configuration: ""
[5.394s] -- Up-to-date: /home/f1tenth/f1tenth-ws/install/ackermann_mux/lib/ackermann_mux/ackermann_mux
[5.398s] -- Up-to-date: /home/f1tenth/f1tenth-ws/install/ackermann_mux/share/ackermann_mux/launch
[5.399s] -- Up-to-date: /home/f1tenth/f1tenth-ws/install/ackermann_mux/share/ackermann_mux/launch/ackermann_mux_launch.py
[5.401s] -- Up-to-date: /home/f1tenth/f1tenth-ws/install/ackermann_mux/share/ackermann_mux/config
[5.401s] -- Up-to-date: /home/f1tenth/f1tenth-ws/install/ackermann_mux/share/ackermann_mux/config/ackermann_mux_topics.yaml
[5.402s] -- Up-to-date: /home/f1tenth/f1tenth-ws/install/ackermann_mux/share/ackermann_mux/config/ackermann_mux_locks.yaml
[5.403s] -- Up-to-date: /home/f1tenth/f1tenth-ws/install/ackermann_mux/share/ackermann_mux/config/joystick.yaml
[5.404s] -- Up-to-date: /home/f1tenth/f1tenth-ws/install/ackermann_mux/include
[5.404s] -- Up-to-date: /home/f1tenth/f1tenth-ws/install/ackermann_mux/include/ackermann_mux
[5.405s] -- Up-to-date: /home/f1tenth/f1tenth-ws/install/ackermann_mux/include/ackermann_mux/ackermann_mux_diagnostics_status.hpp
[5.405s] -- Up-to-date: /home/f1tenth/f1tenth-ws/install/ackermann_mux/include/ackermann_mux/ackermann_mux.hpp
[5.406s] -- Up-to-date: /home/f1tenth/f1tenth-ws/install/ackermann_mux/include/ackermann_mux/utils.hpp
[5.406s] -- Up-to-date: /home/f1tenth/f1tenth-ws/install/ackermann_mux/include/ackermann_mux/topic_handle.hpp
[5.407s] -- Up-to-date: /home/f1tenth/f1tenth-ws/install/ackermann_mux/include/ackermann_mux/params_helpers.hpp
[5.407s] -- Up-to-date: /home/f1tenth/f1tenth-ws/install/ackermann_mux/include/ackermann_mux/ackermann_mux_diagnostics.hpp
[5.408s] -- Up-to-date: /home/f1tenth/f1tenth-ws/install/ackermann_mux/share/ament_index/resource_index/package_run_dependencies/ackermann_mux
[5.408s] -- Up-to-date: /home/f1tenth/f1tenth-ws/install/ackermann_mux/share/ament_index/resource_index/parent_prefix_path/ackermann_mux
[5.410s] -- Up-to-date: /home/f1tenth/f1tenth-ws/install/ackermann_mux/share/ackermann_mux/environment/ament_prefix_path.sh
[5.412s] -- Up-to-date: /home/f1tenth/f1tenth-ws/install/ackermann_mux/share/ackermann_mux/environment/ament_prefix_path.dsv
[5.414s] -- Up-to-date: /home/f1tenth/f1tenth-ws/install/ackermann_mux/share/ackermann_mux/environment/path.sh
[5.416s] -- Up-to-date: /home/f1tenth/f1tenth-ws/install/ackermann_mux/share/ackermann_mux/environment/path.dsv
[5.417s] -- Up-to-date: /home/f1tenth/f1tenth-ws/install/ackermann_mux/share/ackermann_mux/local_setup.bash
[5.418s] -- Up-to-date: /home/f1tenth/f1tenth-ws/install/ackermann_mux/share/ackermann_mux/local_setup.sh
[5.418s] -- Up-to-date: /home/f1tenth/f1tenth-ws/install/ackermann_mux/share/ackermann_mux/local_setup.zsh
[5.418s] -- Up-to-date: /home/f1tenth/f1tenth-ws/install/ackermann_mux/share/ackermann_mux/local_setup.dsv
[5.419s] -- Installing: /home/f1tenth/f1tenth-ws/install/ackermann_mux/share/ackermann_mux/package.dsv
[5.419s] -- Up-to-date: /home/f1tenth/f1tenth-ws/install/ackermann_mux/share/ament_index/resource_index/packages/ackermann_mux
[5.419s] -- Up-to-date: /home/f1tenth/f1tenth-ws/install/ackermann_mux/share/ackermann_mux/cmake/ament_cmake_export_include_directories-extras.cmake
[5.419s] -- Up-to-date: /home/f1tenth/f1tenth-ws/install/ackermann_mux/share/ackermann_mux/cmake/ament_cmake_export_dependencies-extras.cmake
[5.420s] -- Up-to-date: /home/f1tenth/f1tenth-ws/install/ackermann_mux/share/ackermann_mux/cmake/ackermann_muxConfig.cmake
[5.420s] -- Up-to-date: /home/f1tenth/f1tenth-ws/install/ackermann_mux/share/ackermann_mux/cmake/ackermann_muxConfig-version.cmake
[5.437s] -- Up-to-date: /home/f1tenth/f1tenth-ws/install/ackermann_mux/share/ackermann_mux/package.xml
[5.439s] Invoked command in '/home/f1tenth/f1tenth-ws/build/ackermann_mux' returned '0': CMAKE_PREFIX_PATH=${CMAKE_PREFIX_PATH}:/home/f1tenth/f1tenth-ws/install/f1tenth_stack:/home/f1tenth/f1tenth-ws/install/joy_teleop:/home/f1tenth/f1tenth-ws/install/particle_filter:/home/f1tenth/f1tenth-ws/install/mouse_teleop:/home/f1tenth/f1tenth-ws/install/key_teleop:/home/f1tenth/f1tenth-ws/install/example_py:/home/f1tenth/f1tenth-ws/install/autonomous_drive:/opt/ros/foxy /usr/bin/cmake --install /home/f1tenth/f1tenth-ws/build/ackermann_mux
