[1.280s] Invoking command in '/mnt/nvme0n1/f1tenth_ws/build/ackermann_mux': CMAKE_PREFIX_PATH=${CMAKE_PREFIX_PATH}:/home/f1tenth/f1tenth-ws/install/f1tenth_stack:/home/f1tenth/f1tenth-ws/install/joy_teleop:/home/f1tenth/f1tenth-ws/install/mouse_teleop:/home/f1tenth/f1tenth-ws/install/key_teleop:/home/f1tenth/f1tenth-ws/install/example_py:/opt/ros/foxy /usr/bin/cmake --build /mnt/nvme0n1/f1tenth_ws/build/ackermann_mux -- -j4 -l4
[3.337s] [100%] Built target ackermann_mux
[3.347s] Invoked command in '/mnt/nvme0n1/f1tenth_ws/build/ackermann_mux' returned '0': CMAKE_PREFIX_PATH=${CMAKE_PREFIX_PATH}:/home/f1tenth/f1tenth-ws/install/f1tenth_stack:/home/f1tenth/f1tenth-ws/install/joy_teleop:/home/f1tenth/f1tenth-ws/install/mouse_teleop:/home/f1tenth/f1tenth-ws/install/key_teleop:/home/f1tenth/f1tenth-ws/install/example_py:/opt/ros/foxy /usr/bin/cmake --build /mnt/nvme0n1/f1tenth_ws/build/ackermann_mux -- -j4 -l4
[3.539s] Invoking command in '/mnt/nvme0n1/f1tenth_ws/build/ackermann_mux': CMAKE_PREFIX_PATH=${CMAKE_PREFIX_PATH}:/home/f1tenth/f1tenth-ws/install/f1tenth_stack:/home/f1tenth/f1tenth-ws/install/joy_teleop:/home/f1tenth/f1tenth-ws/install/mouse_teleop:/home/f1tenth/f1tenth-ws/install/key_teleop:/home/f1tenth/f1tenth-ws/install/example_py:/opt/ros/foxy /usr/bin/cmake --install /mnt/nvme0n1/f1tenth_ws/build/ackermann_mux
[3.596s] -- Install configuration: ""
[3.599s] -- Up-to-date: /mnt/nvme0n1/f1tenth_ws/install/ackermann_mux/lib/ackermann_mux/ackermann_mux
[3.599s] -- Up-to-date: /mnt/nvme0n1/f1tenth_ws/install/ackermann_mux/share/ackermann_mux/launch
[3.600s] -- Up-to-date: /mnt/nvme0n1/f1tenth_ws/install/ackermann_mux/share/ackermann_mux/launch/ackermann_mux_launch.py
[3.601s] -- Up-to-date: /mnt/nvme0n1/f1tenth_ws/install/ackermann_mux/share/ackermann_mux/config
[3.601s] -- Up-to-date: /mnt/nvme0n1/f1tenth_ws/install/ackermann_mux/share/ackermann_mux/config/joystick.yaml
[3.602s] -- Up-to-date: /mnt/nvme0n1/f1tenth_ws/install/ackermann_mux/share/ackermann_mux/config/ackermann_mux_locks.yaml
[3.602s] -- Up-to-date: /mnt/nvme0n1/f1tenth_ws/install/ackermann_mux/share/ackermann_mux/config/ackermann_mux_topics.yaml
[3.602s] -- Up-to-date: /mnt/nvme0n1/f1tenth_ws/install/ackermann_mux/include
[3.603s] -- Up-to-date: /mnt/nvme0n1/f1tenth_ws/install/ackermann_mux/include/ackermann_mux
[3.603s] -- Up-to-date: /mnt/nvme0n1/f1tenth_ws/install/ackermann_mux/include/ackermann_mux/utils.hpp
[3.603s] -- Up-to-date: /mnt/nvme0n1/f1tenth_ws/install/ackermann_mux/include/ackermann_mux/ackermann_mux_diagnostics_status.hpp
[3.604s] -- Up-to-date: /mnt/nvme0n1/f1tenth_ws/install/ackermann_mux/include/ackermann_mux/params_helpers.hpp
[3.605s] -- Up-to-date: /mnt/nvme0n1/f1tenth_ws/install/ackermann_mux/include/ackermann_mux/topic_handle.hpp
[3.606s] -- Up-to-date: /mnt/nvme0n1/f1tenth_ws/install/ackermann_mux/include/ackermann_mux/ackermann_mux.hpp
[3.607s] -- Up-to-date: /mnt/nvme0n1/f1tenth_ws/install/ackermann_mux/include/ackermann_mux/ackermann_mux_diagnostics.hpp
[3.608s] -- Up-to-date: /mnt/nvme0n1/f1tenth_ws/install/ackermann_mux/share/ament_index/resource_index/package_run_dependencies/ackermann_mux
[3.608s] -- Up-to-date: /mnt/nvme0n1/f1tenth_ws/install/ackermann_mux/share/ament_index/resource_index/parent_prefix_path/ackermann_mux
[3.609s] -- Up-to-date: /mnt/nvme0n1/f1tenth_ws/install/ackermann_mux/share/ackermann_mux/environment/ament_prefix_path.sh
[3.609s] -- Up-to-date: /mnt/nvme0n1/f1tenth_ws/install/ackermann_mux/share/ackermann_mux/environment/ament_prefix_path.dsv
[3.609s] -- Up-to-date: /mnt/nvme0n1/f1tenth_ws/install/ackermann_mux/share/ackermann_mux/environment/path.sh
[3.610s] -- Up-to-date: /mnt/nvme0n1/f1tenth_ws/install/ackermann_mux/share/ackermann_mux/environment/path.dsv
[3.610s] -- Up-to-date: /mnt/nvme0n1/f1tenth_ws/install/ackermann_mux/share/ackermann_mux/local_setup.bash
[3.610s] -- Up-to-date: /mnt/nvme0n1/f1tenth_ws/install/ackermann_mux/share/ackermann_mux/local_setup.sh
[3.611s] -- Up-to-date: /mnt/nvme0n1/f1tenth_ws/install/ackermann_mux/share/ackermann_mux/local_setup.zsh
[3.611s] -- Up-to-date: /mnt/nvme0n1/f1tenth_ws/install/ackermann_mux/share/ackermann_mux/local_setup.dsv
[3.612s] -- Installing: /mnt/nvme0n1/f1tenth_ws/install/ackermann_mux/share/ackermann_mux/package.dsv
[3.612s] -- Up-to-date: /mnt/nvme0n1/f1tenth_ws/install/ackermann_mux/share/ament_index/resource_index/packages/ackermann_mux
[3.627s] -- Up-to-date: /mnt/nvme0n1/f1tenth_ws/install/ackermann_mux/share/ackermann_mux/cmake/ament_cmake_export_include_directories-extras.cmake
[3.629s] -- Up-to-date: /mnt/nvme0n1/f1tenth_ws/install/ackermann_mux/share/ackermann_mux/cmake/ament_cmake_export_dependencies-extras.cmake
[3.629s] -- Up-to-date: /mnt/nvme0n1/f1tenth_ws/install/ackermann_mux/share/ackermann_mux/cmake/ackermann_muxConfig.cmake
[3.630s] -- Up-to-date: /mnt/nvme0n1/f1tenth_ws/install/ackermann_mux/share/ackermann_mux/cmake/ackermann_muxConfig-version.cmake
[3.630s] -- Up-to-date: /mnt/nvme0n1/f1tenth_ws/install/ackermann_mux/share/ackermann_mux/package.xml
[3.632s] Invoked command in '/mnt/nvme0n1/f1tenth_ws/build/ackermann_mux' returned '0': CMAKE_PREFIX_PATH=${CMAKE_PREFIX_PATH}:/home/f1tenth/f1tenth-ws/install/f1tenth_stack:/home/f1tenth/f1tenth-ws/install/joy_teleop:/home/f1tenth/f1tenth-ws/install/mouse_teleop:/home/f1tenth/f1tenth-ws/install/key_teleop:/home/f1tenth/f1tenth-ws/install/example_py:/opt/ros/foxy /usr/bin/cmake --install /mnt/nvme0n1/f1tenth_ws/build/ackermann_mux
