[7.674s] Invoking command in '/home/f1tenth/f1tenth-ws/src/test_driving_2/example_py': PYTHONPATH=/home/f1tenth/f1tenth-ws/build/example_py/prefix_override:/home/f1tenth/f1tenth-ws/install/example_py/lib/python3.8/site-packages:${PYTHONPATH} /usr/bin/python3 setup.py egg_info --egg-base ../../../build/example_py build --build-base /home/f1tenth/f1tenth-ws/build/example_py/build install --record /home/f1tenth/f1tenth-ws/build/example_py/install.log --install-scripts $base/lib/example_py --single-version-externally-managed
[8.719s] running egg_info
[8.722s] writing ../../../build/example_py/example_py.egg-info/PKG-INFO
[8.723s] writing dependency_links to ../../../build/example_py/example_py.egg-info/dependency_links.txt
[8.725s] writing entry points to ../../../build/example_py/example_py.egg-info/entry_points.txt
[8.725s] writing requirements to ../../../build/example_py/example_py.egg-info/requires.txt
[8.726s] writing top-level names to ../../../build/example_py/example_py.egg-info/top_level.txt
[8.866s] reading manifest file '../../../build/example_py/example_py.egg-info/SOURCES.txt'
[8.870s] writing manifest file '../../../build/example_py/example_py.egg-info/SOURCES.txt'
[8.871s] running build
[8.873s] running build_py
[8.873s] running install
[8.874s] running install_lib
[8.881s] running install_data
[8.883s] running install_egg_info
[8.889s] removing '/home/f1tenth/f1tenth-ws/install/example_py/lib/python3.8/site-packages/example_py-0.0.0-py3.8.egg-info' (and everything under it)
[8.891s] Copying ../../../build/example_py/example_py.egg-info to /home/f1tenth/f1tenth-ws/install/example_py/lib/python3.8/site-packages/example_py-0.0.0-py3.8.egg-info
[8.899s] running install_scripts
[8.967s] Installing li4_node script to /home/f1tenth/f1tenth-ws/install/example_py/lib/example_py
[8.969s] writing list of installed files to '/home/f1tenth/f1tenth-ws/build/example_py/install.log'
[9.141s] Invoked command in '/home/f1tenth/f1tenth-ws/src/test_driving_2/example_py' returned '0': PYTHONPATH=/home/f1tenth/f1tenth-ws/build/example_py/prefix_override:/home/f1tenth/f1tenth-ws/install/example_py/lib/python3.8/site-packages:${PYTHONPATH} /usr/bin/python3 setup.py egg_info --egg-base ../../../build/example_py build --build-base /home/f1tenth/f1tenth-ws/build/example_py/build install --record /home/f1tenth/f1tenth-ws/build/example_py/install.log --install-scripts $base/lib/example_py --single-version-externally-managed
