[2.723s] Invoking command in '/home/f1tenth/f1tenth-ws/build/vesc_driver': CMAKE_PREFIX_PATH=/home/f1tenth/f1tenth-ws/install/vesc_msgs:/home/f1tenth/f1tenth-ws/install/vesc:/home/f1tenth/f1tenth-ws/install/vesc_driver:/home/f1tenth/f1tenth-ws/install/vesc_ackermann:/home/f1tenth/f1tenth-ws/install/teleop_tools:/home/f1tenth/f1tenth-ws/install/teleop_tools_msgs:/home/f1tenth/f1tenth-ws/install/safety_node:/home/f1tenth/f1tenth-ws/install/range_lib:/home/f1tenth/f1tenth-ws/install/gap_follow:/home/f1tenth/f1tenth-ws/install/ackermann_mux:/home/f1tenth/f1tenth-ws/install/f1tenth_stack:/home/f1tenth/f1tenth-ws/install/joy_teleop:/home/f1tenth/f1tenth-ws/install/particle_filter:/home/f1tenth/f1tenth-ws/install/mouse_teleop:/home/f1tenth/f1tenth-ws/install/key_teleop:/home/f1tenth/f1tenth-ws/install/example_py:/home/f1tenth/f1tenth-ws/install/autonomous_drive:/opt/ros/foxy LD_LIBRARY_PATH=/home/f1tenth/f1tenth-ws/install/vesc_msgs/lib:/usr/local/cuda-11.4/lib64:/home/f1tenth/f1tenth-ws/install/vesc_driver/lib:/home/f1tenth/f1tenth-ws/install/vesc_ackermann/lib:/home/f1tenth/f1tenth-ws/install/teleop_tools_msgs/lib:/opt/ros/foxy/opt/yaml_cpp_vendor/lib:/opt/ros/foxy/opt/rviz_ogre_vendor/lib:/opt/ros/foxy/lib/aarch64-linux-gnu:/opt/ros/foxy/lib PYTHONPATH=/home/f1tenth/f1tenth-ws/install/vesc_msgs/lib/python3.8/site-packages:/home/f1tenth/f1tenth-ws/install/f1tenth_stack/lib/python3.8/site-packages:/home/f1tenth/f1tenth-ws/install/joy_teleop/lib/python3.8/site-packages:/home/f1tenth/f1tenth-ws/install/teleop_tools_msgs/lib/python3.8/site-packages:/home/f1tenth/f1tenth-ws/install/safety_node/lib/python3.8/site-packages:/home/f1tenth/f1tenth-ws/install/particle_filter/lib/python3.8/site-packages:/home/f1tenth/f1tenth-ws/install/mouse_teleop/lib/python3.8/site-packages:/home/f1tenth/f1tenth-ws/install/key_teleop/lib/python3.8/site-packages:/home/f1tenth/f1tenth-ws/install/gap_follow/lib/python3.8/site-packages:/home/f1tenth/f1tenth-ws/install/example_py/lib/python3.8/site-packages:/home/f1tenth/f1tenth-ws/install/autonomous_drive/lib/python3.8/site-packages:/opt/ros/foxy/lib/python3.8/site-packages /usr/bin/cmake --build /home/f1tenth/f1tenth-ws/build/vesc_driver -- -j4 -l4
[3.145s] [ 50%] Built target vesc_driver
[3.230s] [ 70%] Built target vesc_driver_node
[3.341s] [100%] Built target vesc_device_namer
[4.058s] Invoked command in '/home/f1tenth/f1tenth-ws/build/vesc_driver' returned '0': CMAKE_PREFIX_PATH=/home/f1tenth/f1tenth-ws/install/vesc_msgs:/home/f1tenth/f1tenth-ws/install/vesc:/home/f1tenth/f1tenth-ws/install/vesc_driver:/home/f1tenth/f1tenth-ws/install/vesc_ackermann:/home/f1tenth/f1tenth-ws/install/teleop_tools:/home/f1tenth/f1tenth-ws/install/teleop_tools_msgs:/home/f1tenth/f1tenth-ws/install/safety_node:/home/f1tenth/f1tenth-ws/install/range_lib:/home/f1tenth/f1tenth-ws/install/gap_follow:/home/f1tenth/f1tenth-ws/install/ackermann_mux:/home/f1tenth/f1tenth-ws/install/f1tenth_stack:/home/f1tenth/f1tenth-ws/install/joy_teleop:/home/f1tenth/f1tenth-ws/install/particle_filter:/home/f1tenth/f1tenth-ws/install/mouse_teleop:/home/f1tenth/f1tenth-ws/install/key_teleop:/home/f1tenth/f1tenth-ws/install/example_py:/home/f1tenth/f1tenth-ws/install/autonomous_drive:/opt/ros/foxy LD_LIBRARY_PATH=/home/f1tenth/f1tenth-ws/install/vesc_msgs/lib:/usr/local/cuda-11.4/lib64:/home/f1tenth/f1tenth-ws/install/vesc_driver/lib:/home/f1tenth/f1tenth-ws/install/vesc_ackermann/lib:/home/f1tenth/f1tenth-ws/install/teleop_tools_msgs/lib:/opt/ros/foxy/opt/yaml_cpp_vendor/lib:/opt/ros/foxy/opt/rviz_ogre_vendor/lib:/opt/ros/foxy/lib/aarch64-linux-gnu:/opt/ros/foxy/lib PYTHONPATH=/home/f1tenth/f1tenth-ws/install/vesc_msgs/lib/python3.8/site-packages:/home/f1tenth/f1tenth-ws/install/f1tenth_stack/lib/python3.8/site-packages:/home/f1tenth/f1tenth-ws/install/joy_teleop/lib/python3.8/site-packages:/home/f1tenth/f1tenth-ws/install/teleop_tools_msgs/lib/python3.8/site-packages:/home/f1tenth/f1tenth-ws/install/safety_node/lib/python3.8/site-packages:/home/f1tenth/f1tenth-ws/install/particle_filter/lib/python3.8/site-packages:/home/f1tenth/f1tenth-ws/install/mouse_teleop/lib/python3.8/site-packages:/home/f1tenth/f1tenth-ws/install/key_teleop/lib/python3.8/site-packages:/home/f1tenth/f1tenth-ws/install/gap_follow/lib/python3.8/site-packages:/home/f1tenth/f1tenth-ws/install/example_py/lib/python3.8/site-packages:/home/f1tenth/f1tenth-ws/install/autonomous_drive/lib/python3.8/site-packages:/opt/ros/foxy/lib/python3.8/site-packages /usr/bin/cmake --build /home/f1tenth/f1tenth-ws/build/vesc_driver -- -j4 -l4
[6.460s] Invoking command in '/home/f1tenth/f1tenth-ws/build/vesc_driver': CMAKE_PREFIX_PATH=/home/f1tenth/f1tenth-ws/install/vesc_msgs:/home/f1tenth/f1tenth-ws/install/vesc:/home/f1tenth/f1tenth-ws/install/vesc_driver:/home/f1tenth/f1tenth-ws/install/vesc_ackermann:/home/f1tenth/f1tenth-ws/install/teleop_tools:/home/f1tenth/f1tenth-ws/install/teleop_tools_msgs:/home/f1tenth/f1tenth-ws/install/safety_node:/home/f1tenth/f1tenth-ws/install/range_lib:/home/f1tenth/f1tenth-ws/install/gap_follow:/home/f1tenth/f1tenth-ws/install/ackermann_mux:/home/f1tenth/f1tenth-ws/install/f1tenth_stack:/home/f1tenth/f1tenth-ws/install/joy_teleop:/home/f1tenth/f1tenth-ws/install/particle_filter:/home/f1tenth/f1tenth-ws/install/mouse_teleop:/home/f1tenth/f1tenth-ws/install/key_teleop:/home/f1tenth/f1tenth-ws/install/example_py:/home/f1tenth/f1tenth-ws/install/autonomous_drive:/opt/ros/foxy LD_LIBRARY_PATH=/home/f1tenth/f1tenth-ws/install/vesc_msgs/lib:/usr/local/cuda-11.4/lib64:/home/f1tenth/f1tenth-ws/install/vesc_driver/lib:/home/f1tenth/f1tenth-ws/install/vesc_ackermann/lib:/home/f1tenth/f1tenth-ws/install/teleop_tools_msgs/lib:/opt/ros/foxy/opt/yaml_cpp_vendor/lib:/opt/ros/foxy/opt/rviz_ogre_vendor/lib:/opt/ros/foxy/lib/aarch64-linux-gnu:/opt/ros/foxy/lib PYTHONPATH=/home/f1tenth/f1tenth-ws/install/vesc_msgs/lib/python3.8/site-packages:/home/f1tenth/f1tenth-ws/install/f1tenth_stack/lib/python3.8/site-packages:/home/f1tenth/f1tenth-ws/install/joy_teleop/lib/python3.8/site-packages:/home/f1tenth/f1tenth-ws/install/teleop_tools_msgs/lib/python3.8/site-packages:/home/f1tenth/f1tenth-ws/install/safety_node/lib/python3.8/site-packages:/home/f1tenth/f1tenth-ws/install/particle_filter/lib/python3.8/site-packages:/home/f1tenth/f1tenth-ws/install/mouse_teleop/lib/python3.8/site-packages:/home/f1tenth/f1tenth-ws/install/key_teleop/lib/python3.8/site-packages:/home/f1tenth/f1tenth-ws/install/gap_follow/lib/python3.8/site-packages:/home/f1tenth/f1tenth-ws/install/example_py/lib/python3.8/site-packages:/home/f1tenth/f1tenth-ws/install/autonomous_drive/lib/python3.8/site-packages:/opt/ros/foxy/lib/python3.8/site-packages /usr/bin/cmake --install /home/f1tenth/f1tenth-ws/build/vesc_driver
[7.257s] -- Install configuration: ""
[7.259s] -- Up-to-date: /home/f1tenth/f1tenth-ws/install/vesc_driver/lib/vesc_driver/vesc_driver_node
[7.265s] -- Up-to-date: /home/f1tenth/f1tenth-ws/install/vesc_driver/include
[7.267s] -- Up-to-date: /home/f1tenth/f1tenth-ws/install/vesc_driver/include/vesc_driver
[7.277s] -- Up-to-date: /home/f1tenth/f1tenth-ws/install/vesc_driver/include/vesc_driver/vesc_packet.hpp
[7.278s] -- Up-to-date: /home/f1tenth/f1tenth-ws/install/vesc_driver/include/vesc_driver/vesc_device_uuid_lookup.hpp
[7.278s] -- Up-to-date: /home/f1tenth/f1tenth-ws/install/vesc_driver/include/vesc_driver/vesc_interface.hpp
[7.278s] -- Up-to-date: /home/f1tenth/f1tenth-ws/install/vesc_driver/include/vesc_driver/vesc_packet_factory.hpp
[7.280s] -- Up-to-date: /home/f1tenth/f1tenth-ws/install/vesc_driver/include/vesc_driver/crc.hpp
[7.281s] -- Up-to-date: /home/f1tenth/f1tenth-ws/install/vesc_driver/include/vesc_driver/vesc_driver.hpp
[7.281s] -- Up-to-date: /home/f1tenth/f1tenth-ws/install/vesc_driver/include/vesc_driver/datatypes.hpp
[7.282s] -- Up-to-date: /home/f1tenth/f1tenth-ws/install/vesc_driver/share/vesc_driver/environment/library_path.sh
[7.282s] -- Up-to-date: /home/f1tenth/f1tenth-ws/install/vesc_driver/share/vesc_driver/environment/library_path.dsv
[7.283s] -- Up-to-date: /home/f1tenth/f1tenth-ws/install/vesc_driver/lib/libvesc_driver.so
[7.284s] -- Up-to-date: /home/f1tenth/f1tenth-ws/install/vesc_driver/lib/vesc_driver/vesc_device_namer
[7.284s] -- Up-to-date: /home/f1tenth/f1tenth-ws/install/vesc_driver/share/vesc_driver/launch
[7.285s] -- Up-to-date: /home/f1tenth/f1tenth-ws/install/vesc_driver/share/vesc_driver/launch/vesc_driver_node.launch.py
[7.285s] -- Up-to-date: /home/f1tenth/f1tenth-ws/install/vesc_driver/share/vesc_driver/params
[7.286s] -- Up-to-date: /home/f1tenth/f1tenth-ws/install/vesc_driver/share/vesc_driver/params/vesc_config.yaml
[7.286s] -- Up-to-date: /home/f1tenth/f1tenth-ws/install/vesc_driver/share/ament_index/resource_index/package_run_dependencies/vesc_driver
[7.288s] -- Up-to-date: /home/f1tenth/f1tenth-ws/install/vesc_driver/share/ament_index/resource_index/parent_prefix_path/vesc_driver
[7.288s] -- Up-to-date: /home/f1tenth/f1tenth-ws/install/vesc_driver/share/vesc_driver/environment/ament_prefix_path.sh
[7.289s] -- Up-to-date: /home/f1tenth/f1tenth-ws/install/vesc_driver/share/vesc_driver/environment/ament_prefix_path.dsv
[7.289s] -- Up-to-date: /home/f1tenth/f1tenth-ws/install/vesc_driver/share/vesc_driver/environment/path.sh
[7.289s] -- Up-to-date: /home/f1tenth/f1tenth-ws/install/vesc_driver/share/vesc_driver/environment/path.dsv
[7.290s] -- Up-to-date: /home/f1tenth/f1tenth-ws/install/vesc_driver/share/vesc_driver/local_setup.bash
[7.290s] -- Up-to-date: /home/f1tenth/f1tenth-ws/install/vesc_driver/share/vesc_driver/local_setup.sh
[7.290s] -- Up-to-date: /home/f1tenth/f1tenth-ws/install/vesc_driver/share/vesc_driver/local_setup.zsh
[7.291s] -- Up-to-date: /home/f1tenth/f1tenth-ws/install/vesc_driver/share/vesc_driver/local_setup.dsv
[7.291s] -- Installing: /home/f1tenth/f1tenth-ws/install/vesc_driver/share/vesc_driver/package.dsv
[7.292s] -- Up-to-date: /home/f1tenth/f1tenth-ws/install/vesc_driver/share/ament_index/resource_index/packages/vesc_driver
[7.292s] -- Up-to-date: /home/f1tenth/f1tenth-ws/install/vesc_driver/share/ament_index/resource_index/rclcpp_components/vesc_driver
[7.292s] -- Up-to-date: /home/f1tenth/f1tenth-ws/install/vesc_driver/share/vesc_driver/cmake/ament_cmake_export_dependencies-extras.cmake
[7.293s] -- Up-to-date: /home/f1tenth/f1tenth-ws/install/vesc_driver/share/vesc_driver/cmake/ament_cmake_export_include_directories-extras.cmake
[7.293s] -- Up-to-date: /home/f1tenth/f1tenth-ws/install/vesc_driver/share/vesc_driver/cmake/ament_cmake_export_libraries-extras.cmake
[7.293s] -- Up-to-date: /home/f1tenth/f1tenth-ws/install/vesc_driver/share/vesc_driver/cmake/vesc_driverConfig.cmake
[7.294s] -- Up-to-date: /home/f1tenth/f1tenth-ws/install/vesc_driver/share/vesc_driver/cmake/vesc_driverConfig-version.cmake
[7.294s] -- Up-to-date: /home/f1tenth/f1tenth-ws/install/vesc_driver/share/vesc_driver/package.xml
[8.976s] Invoked command in '/home/f1tenth/f1tenth-ws/build/vesc_driver' returned '0': CMAKE_PREFIX_PATH=/home/f1tenth/f1tenth-ws/install/vesc_msgs:/home/f1tenth/f1tenth-ws/install/vesc:/home/f1tenth/f1tenth-ws/install/vesc_driver:/home/f1tenth/f1tenth-ws/install/vesc_ackermann:/home/f1tenth/f1tenth-ws/install/teleop_tools:/home/f1tenth/f1tenth-ws/install/teleop_tools_msgs:/home/f1tenth/f1tenth-ws/install/safety_node:/home/f1tenth/f1tenth-ws/install/range_lib:/home/f1tenth/f1tenth-ws/install/gap_follow:/home/f1tenth/f1tenth-ws/install/ackermann_mux:/home/f1tenth/f1tenth-ws/install/f1tenth_stack:/home/f1tenth/f1tenth-ws/install/joy_teleop:/home/f1tenth/f1tenth-ws/install/particle_filter:/home/f1tenth/f1tenth-ws/install/mouse_teleop:/home/f1tenth/f1tenth-ws/install/key_teleop:/home/f1tenth/f1tenth-ws/install/example_py:/home/f1tenth/f1tenth-ws/install/autonomous_drive:/opt/ros/foxy LD_LIBRARY_PATH=/home/f1tenth/f1tenth-ws/install/vesc_msgs/lib:/usr/local/cuda-11.4/lib64:/home/f1tenth/f1tenth-ws/install/vesc_driver/lib:/home/f1tenth/f1tenth-ws/install/vesc_ackermann/lib:/home/f1tenth/f1tenth-ws/install/teleop_tools_msgs/lib:/opt/ros/foxy/opt/yaml_cpp_vendor/lib:/opt/ros/foxy/opt/rviz_ogre_vendor/lib:/opt/ros/foxy/lib/aarch64-linux-gnu:/opt/ros/foxy/lib PYTHONPATH=/home/f1tenth/f1tenth-ws/install/vesc_msgs/lib/python3.8/site-packages:/home/f1tenth/f1tenth-ws/install/f1tenth_stack/lib/python3.8/site-packages:/home/f1tenth/f1tenth-ws/install/joy_teleop/lib/python3.8/site-packages:/home/f1tenth/f1tenth-ws/install/teleop_tools_msgs/lib/python3.8/site-packages:/home/f1tenth/f1tenth-ws/install/safety_node/lib/python3.8/site-packages:/home/f1tenth/f1tenth-ws/install/particle_filter/lib/python3.8/site-packages:/home/f1tenth/f1tenth-ws/install/mouse_teleop/lib/python3.8/site-packages:/home/f1tenth/f1tenth-ws/install/key_teleop/lib/python3.8/site-packages:/home/f1tenth/f1tenth-ws/install/gap_follow/lib/python3.8/site-packages:/home/f1tenth/f1tenth-ws/install/example_py/lib/python3.8/site-packages:/home/f1tenth/f1tenth-ws/install/autonomous_drive/lib/python3.8/site-packages:/opt/ros/foxy/lib/python3.8/site-packages /usr/bin/cmake --install /home/f1tenth/f1tenth-ws/build/vesc_driver
