[2.872s] Invoking command in '/mnt/nvme0n1/f1tenth_ws/build/vesc_ackermann': AMENT_PREFIX_PATH=/mnt/nvme0n1/f1tenth_ws/install/vesc_msgs:${AMENT_PREFIX_PATH} CMAKE_PREFIX_PATH=/mnt/nvme0n1/f1tenth_ws/install/vesc_msgs:/home/f1tenth/f1tenth-ws/install/test_driving:/home/f1tenth/f1tenth-ws/install/vesc:/home/f1tenth/f1tenth-ws/install/vesc_driver:/home/f1tenth/f1tenth-ws/install/vesc_ackermann:/home/f1tenth/f1tenth-ws/install/vesc_msgs:/home/f1tenth/f1tenth-ws/install/teleop_tools:/home/f1tenth/f1tenth-ws/install/teleop_tools_msgs:/home/f1tenth/f1tenth-ws/install/gap_follow:/home/f1tenth/f1tenth-ws/install/ackermann_mux:/home/f1tenth/f1tenth-ws/install/f1tenth_stack:/home/f1tenth/f1tenth-ws/install/joy_teleop:/home/f1tenth/f1tenth-ws/install/mouse_teleop:/home/f1tenth/f1tenth-ws/install/key_teleop:/home/f1tenth/f1tenth-ws/install/example_py:/opt/ros/foxy LD_LIBRARY_PATH=/mnt/nvme0n1/f1tenth_ws/install/vesc_msgs/lib:${LD_LIBRARY_PATH} PYTHONPATH=/mnt/nvme0n1/f1tenth_ws/install/vesc_msgs/lib/python3.8/site-packages:${PYTHONPATH} /usr/bin/cmake --build /mnt/nvme0n1/f1tenth_ws/build/vesc_ackermann -- -j4 -l4
[3.331s] [ 28%] Built target ackermann_to_vesc_node
[3.341s] [ 57%] Built target vesc_to_odom_node
[3.368s] [100%] Built target vesc_ackermann
[4.625s] Invoked command in '/mnt/nvme0n1/f1tenth_ws/build/vesc_ackermann' returned '0': AMENT_PREFIX_PATH=/mnt/nvme0n1/f1tenth_ws/install/vesc_msgs:${AMENT_PREFIX_PATH} CMAKE_PREFIX_PATH=/mnt/nvme0n1/f1tenth_ws/install/vesc_msgs:/home/f1tenth/f1tenth-ws/install/test_driving:/home/f1tenth/f1tenth-ws/install/vesc:/home/f1tenth/f1tenth-ws/install/vesc_driver:/home/f1tenth/f1tenth-ws/install/vesc_ackermann:/home/f1tenth/f1tenth-ws/install/vesc_msgs:/home/f1tenth/f1tenth-ws/install/teleop_tools:/home/f1tenth/f1tenth-ws/install/teleop_tools_msgs:/home/f1tenth/f1tenth-ws/install/gap_follow:/home/f1tenth/f1tenth-ws/install/ackermann_mux:/home/f1tenth/f1tenth-ws/install/f1tenth_stack:/home/f1tenth/f1tenth-ws/install/joy_teleop:/home/f1tenth/f1tenth-ws/install/mouse_teleop:/home/f1tenth/f1tenth-ws/install/key_teleop:/home/f1tenth/f1tenth-ws/install/example_py:/opt/ros/foxy LD_LIBRARY_PATH=/mnt/nvme0n1/f1tenth_ws/install/vesc_msgs/lib:${LD_LIBRARY_PATH} PYTHONPATH=/mnt/nvme0n1/f1tenth_ws/install/vesc_msgs/lib/python3.8/site-packages:${PYTHONPATH} /usr/bin/cmake --build /mnt/nvme0n1/f1tenth_ws/build/vesc_ackermann -- -j4 -l4
[4.857s] Invoking command in '/mnt/nvme0n1/f1tenth_ws/build/vesc_ackermann': AMENT_PREFIX_PATH=/mnt/nvme0n1/f1tenth_ws/install/vesc_msgs:${AMENT_PREFIX_PATH} CMAKE_PREFIX_PATH=/mnt/nvme0n1/f1tenth_ws/install/vesc_msgs:/home/f1tenth/f1tenth-ws/install/test_driving:/home/f1tenth/f1tenth-ws/install/vesc:/home/f1tenth/f1tenth-ws/install/vesc_driver:/home/f1tenth/f1tenth-ws/install/vesc_ackermann:/home/f1tenth/f1tenth-ws/install/vesc_msgs:/home/f1tenth/f1tenth-ws/install/teleop_tools:/home/f1tenth/f1tenth-ws/install/teleop_tools_msgs:/home/f1tenth/f1tenth-ws/install/gap_follow:/home/f1tenth/f1tenth-ws/install/ackermann_mux:/home/f1tenth/f1tenth-ws/install/f1tenth_stack:/home/f1tenth/f1tenth-ws/install/joy_teleop:/home/f1tenth/f1tenth-ws/install/mouse_teleop:/home/f1tenth/f1tenth-ws/install/key_teleop:/home/f1tenth/f1tenth-ws/install/example_py:/opt/ros/foxy LD_LIBRARY_PATH=/mnt/nvme0n1/f1tenth_ws/install/vesc_msgs/lib:${LD_LIBRARY_PATH} PYTHONPATH=/mnt/nvme0n1/f1tenth_ws/install/vesc_msgs/lib/python3.8/site-packages:${PYTHONPATH} /usr/bin/cmake --install /mnt/nvme0n1/f1tenth_ws/build/vesc_ackermann
[4.902s] -- Install configuration: ""
[4.905s] -- Up-to-date: /mnt/nvme0n1/f1tenth_ws/install/vesc_ackermann/lib/vesc_ackermann/ackermann_to_vesc_node
[4.909s] -- Up-to-date: /mnt/nvme0n1/f1tenth_ws/install/vesc_ackermann/lib/vesc_ackermann/vesc_to_odom_node
[4.912s] -- Up-to-date: /mnt/nvme0n1/f1tenth_ws/install/vesc_ackermann/include
[4.914s] -- Up-to-date: /mnt/nvme0n1/f1tenth_ws/install/vesc_ackermann/include/vesc_ackermann
[4.915s] -- Up-to-date: /mnt/nvme0n1/f1tenth_ws/install/vesc_ackermann/include/vesc_ackermann/vesc_to_odom.hpp
[4.916s] -- Up-to-date: /mnt/nvme0n1/f1tenth_ws/install/vesc_ackermann/include/vesc_ackermann/ackermann_to_vesc.hpp
[4.917s] -- Up-to-date: /mnt/nvme0n1/f1tenth_ws/install/vesc_ackermann/share/vesc_ackermann/environment/library_path.sh
[4.918s] -- Up-to-date: /mnt/nvme0n1/f1tenth_ws/install/vesc_ackermann/share/vesc_ackermann/environment/library_path.dsv
[4.922s] -- Up-to-date: /mnt/nvme0n1/f1tenth_ws/install/vesc_ackermann/lib/libvesc_ackermann.so
[4.925s] -- Up-to-date: /mnt/nvme0n1/f1tenth_ws/install/vesc_ackermann/share/vesc_ackermann/launch
[4.927s] -- Up-to-date: /mnt/nvme0n1/f1tenth_ws/install/vesc_ackermann/share/vesc_ackermann/launch/ackermann_to_vesc_node.launch.xml
[4.929s] -- Up-to-date: /mnt/nvme0n1/f1tenth_ws/install/vesc_ackermann/share/vesc_ackermann/launch/vesc_to_odom_node.launch.xml
[4.930s] -- Up-to-date: /mnt/nvme0n1/f1tenth_ws/install/vesc_ackermann/share/ament_index/resource_index/package_run_dependencies/vesc_ackermann
[4.932s] -- Up-to-date: /mnt/nvme0n1/f1tenth_ws/install/vesc_ackermann/share/ament_index/resource_index/parent_prefix_path/vesc_ackermann
[4.933s] -- Up-to-date: /mnt/nvme0n1/f1tenth_ws/install/vesc_ackermann/share/vesc_ackermann/environment/ament_prefix_path.sh
[4.934s] -- Up-to-date: /mnt/nvme0n1/f1tenth_ws/install/vesc_ackermann/share/vesc_ackermann/environment/ament_prefix_path.dsv
[4.937s] -- Up-to-date: /mnt/nvme0n1/f1tenth_ws/install/vesc_ackermann/share/vesc_ackermann/environment/path.sh
[4.940s] -- Up-to-date: /mnt/nvme0n1/f1tenth_ws/install/vesc_ackermann/share/vesc_ackermann/environment/path.dsv
[4.941s] -- Up-to-date: /mnt/nvme0n1/f1tenth_ws/install/vesc_ackermann/share/vesc_ackermann/local_setup.bash
[4.942s] -- Up-to-date: /mnt/nvme0n1/f1tenth_ws/install/vesc_ackermann/share/vesc_ackermann/local_setup.sh
[4.945s] -- Up-to-date: /mnt/nvme0n1/f1tenth_ws/install/vesc_ackermann/share/vesc_ackermann/local_setup.zsh
[4.946s] -- Up-to-date: /mnt/nvme0n1/f1tenth_ws/install/vesc_ackermann/share/vesc_ackermann/local_setup.dsv
[4.950s] -- Installing: /mnt/nvme0n1/f1tenth_ws/install/vesc_ackermann/share/vesc_ackermann/package.dsv
[4.957s] -- Up-to-date: /mnt/nvme0n1/f1tenth_ws/install/vesc_ackermann/share/ament_index/resource_index/packages/vesc_ackermann
[4.958s] -- Up-to-date: /mnt/nvme0n1/f1tenth_ws/install/vesc_ackermann/share/ament_index/resource_index/rclcpp_components/vesc_ackermann
[4.962s] -- Up-to-date: /mnt/nvme0n1/f1tenth_ws/install/vesc_ackermann/share/vesc_ackermann/cmake/ament_cmake_export_dependencies-extras.cmake
[4.972s] -- Up-to-date: /mnt/nvme0n1/f1tenth_ws/install/vesc_ackermann/share/vesc_ackermann/cmake/ament_cmake_export_include_directories-extras.cmake
[4.973s] -- Up-to-date: /mnt/nvme0n1/f1tenth_ws/install/vesc_ackermann/share/vesc_ackermann/cmake/ament_cmake_export_libraries-extras.cmake
[4.973s] -- Up-to-date: /mnt/nvme0n1/f1tenth_ws/install/vesc_ackermann/share/vesc_ackermann/cmake/vesc_ackermannConfig.cmake
[4.974s] -- Up-to-date: /mnt/nvme0n1/f1tenth_ws/install/vesc_ackermann/share/vesc_ackermann/cmake/vesc_ackermannConfig-version.cmake
[4.974s] -- Up-to-date: /mnt/nvme0n1/f1tenth_ws/install/vesc_ackermann/share/vesc_ackermann/package.xml
[4.985s] Invoked command in '/mnt/nvme0n1/f1tenth_ws/build/vesc_ackermann' returned '0': AMENT_PREFIX_PATH=/mnt/nvme0n1/f1tenth_ws/install/vesc_msgs:${AMENT_PREFIX_PATH} CMAKE_PREFIX_PATH=/mnt/nvme0n1/f1tenth_ws/install/vesc_msgs:/home/f1tenth/f1tenth-ws/install/test_driving:/home/f1tenth/f1tenth-ws/install/vesc:/home/f1tenth/f1tenth-ws/install/vesc_driver:/home/f1tenth/f1tenth-ws/install/vesc_ackermann:/home/f1tenth/f1tenth-ws/install/vesc_msgs:/home/f1tenth/f1tenth-ws/install/teleop_tools:/home/f1tenth/f1tenth-ws/install/teleop_tools_msgs:/home/f1tenth/f1tenth-ws/install/gap_follow:/home/f1tenth/f1tenth-ws/install/ackermann_mux:/home/f1tenth/f1tenth-ws/install/f1tenth_stack:/home/f1tenth/f1tenth-ws/install/joy_teleop:/home/f1tenth/f1tenth-ws/install/mouse_teleop:/home/f1tenth/f1tenth-ws/install/key_teleop:/home/f1tenth/f1tenth-ws/install/example_py:/opt/ros/foxy LD_LIBRARY_PATH=/mnt/nvme0n1/f1tenth_ws/install/vesc_msgs/lib:${LD_LIBRARY_PATH} PYTHONPATH=/mnt/nvme0n1/f1tenth_ws/install/vesc_msgs/lib/python3.8/site-packages:${PYTHONPATH} /usr/bin/cmake --install /mnt/nvme0n1/f1tenth_ws/build/vesc_ackermann
