[3.618s] Invoking command in '/home/f1tenth/f1tenth-ws/build/range_lib': /usr/bin/cmake --build /home/f1tenth/f1tenth-ws/build/range_lib -- -j4 -l4
[3.932s] [ 33%] Built target gflags_static
[3.947s] [ 66%] Built target gflags_nothreads_static
[4.118s] [100%] Built target range_lib
[4.895s] Invoked command in '/home/f1tenth/f1tenth-ws/build/range_lib' returned '0': /usr/bin/cmake --build /home/f1tenth/f1tenth-ws/build/range_lib -- -j4 -l4
[5.072s] Invoking command in '/home/f1tenth/f1tenth-ws/build/range_lib': /usr/bin/cmake --install /home/f1tenth/f1tenth-ws/build/range_lib
[5.121s] -- Install configuration: "Release"
[5.123s] -- Up-to-date: /home/f1tenth/f1tenth-ws/install/range_lib/lib/libgflags.a
[5.124s] -- Up-to-date: /home/f1tenth/f1tenth-ws/install/range_lib/lib/libgflags_nothreads.a
[5.124s] -- Up-to-date: /home/f1tenth/f1tenth-ws/install/range_lib/include/gflags/gflags.h
[5.125s] -- Up-to-date: /home/f1tenth/f1tenth-ws/install/range_lib/include/gflags/gflags_declare.h
[5.125s] -- Up-to-date: /home/f1tenth/f1tenth-ws/install/range_lib/include/gflags/gflags_completions.h
[5.126s] -- Up-to-date: /home/f1tenth/f1tenth-ws/install/range_lib/include/gflags/gflags_gflags.h
[5.126s] -- Up-to-date: /home/f1tenth/f1tenth-ws/install/range_lib/lib/cmake/gflags/gflags-config.cmake
[5.127s] -- Up-to-date: /home/f1tenth/f1tenth-ws/install/range_lib/lib/cmake/gflags/gflags-config-version.cmake
[5.127s] -- Up-to-date: /home/f1tenth/f1tenth-ws/install/range_lib/lib/cmake/gflags/gflags-targets.cmake
[5.128s] -- Up-to-date: /home/f1tenth/f1tenth-ws/install/range_lib/bin/gflags_completions.sh
[5.128s] -- Up-to-date: /home/f1tenth/f1tenth-ws/install/range_lib/lib/pkgconfig/gflags.pc
[5.128s] -- Up-to-date: /home/f1tenth/.cmake/packages/gflags/82640e4dd78e15be868e31fea3737ff6
[5.138s] Invoked command in '/home/f1tenth/f1tenth-ws/build/range_lib' returned '0': /usr/bin/cmake --install /home/f1tenth/f1tenth-ws/build/range_lib
