[7.516s] DEBUG:colcon:Command line arguments: ['/usr/bin/colcon', 'build', '--packages-select', 'autonomous_drive', 'safety_node']
[7.516s] DEBUG:colcon:Parsed command line arguments: Namespace(allow_overriding=[], ament_cmake_args=None, base_paths=['.'], build_base='build', catkin_cmake_args=None, catkin_skip_building_tests=False, cmake_args=None, cmake_clean_cache=False, cmake_clean_first=False, cmake_force_configure=False, cmake_target=None, cmake_target_skip_unavailable=False, continue_on_error=False, event_handlers=None, executor='parallel', ignore_user_meta=False, install_base='install', log_base=None, log_level=None, main=<bound method BuildVerb.main of <colcon_core.verb.build.BuildVerb object at 0xffff7f718850>>, merge_install=False, metas=['./colcon.meta'], packages_above=None, packages_above_and_dependencies=None, packages_above_depth=None, packages_end=None, packages_ignore=None, packages_ignore_regex=None, packages_select=['autonomous_drive', 'safety_node'], packages_select_build_failed=False, packages_select_by_dep=None, packages_select_regex=None, packages_select_test_failures=False, packages_skip=None, packages_skip_build_finished=False, packages_skip_by_dep=None, packages_skip_regex=None, packages_skip_test_passed=False, packages_skip_up_to=None, packages_start=None, packages_up_to=None, packages_up_to_regex=None, parallel_workers=4, paths=None, symlink_install=False, test_result_base=None, verb_extension=<colcon_core.verb.build.BuildVerb object at 0xffff7f718850>, verb_name='build', verb_parser=<colcon_defaults.argument_parser.defaults.DefaultArgumentsDecorator object at 0xffff7f718730>)
[7.840s] Level 1:colcon.colcon_core.package_discovery:discover_packages(colcon_meta) check parameters
[7.840s] Level 1:colcon.colcon_core.package_discovery:discover_packages(recursive) check parameters
[7.840s] Level 1:colcon.colcon_core.package_discovery:discover_packages(ignore) check parameters
[7.840s] Level 1:colcon.colcon_core.package_discovery:discover_packages(path) check parameters
[7.840s] Level 1:colcon.colcon_core.package_discovery:discover_packages(colcon_meta) discover
[7.841s] Level 1:colcon.colcon_core.package_discovery:discover_packages(recursive) discover
[7.841s] INFO:colcon.colcon_core.package_discovery:Crawling recursively for packages in '/home/f1tenth/f1tenth-ws'
[7.841s] Level 1:colcon.colcon_core.package_identification:_identify(.) by extensions ['ignore', 'ignore_ament_install']
[7.842s] Level 1:colcon.colcon_core.package_identification:_identify(.) by extension 'ignore'
[7.842s] Level 1:colcon.colcon_core.package_identification:_identify(.) by extension 'ignore_ament_install'
[7.842s] Level 1:colcon.colcon_core.package_identification:_identify(.) by extensions ['colcon_pkg']
[7.842s] Level 1:colcon.colcon_core.package_identification:_identify(.) by extension 'colcon_pkg'
[7.843s] Level 1:colcon.colcon_core.package_identification:_identify(.) by extensions ['colcon_meta']
[7.843s] Level 1:colcon.colcon_core.package_identification:_identify(.) by extension 'colcon_meta'
[7.843s] Level 1:colcon.colcon_core.package_identification:_identify(.) by extensions ['ros']
[7.843s] Level 1:colcon.colcon_core.package_identification:_identify(.) by extension 'ros'
[7.913s] Level 1:colcon.colcon_core.package_identification:_identify(.) by extensions ['cmake', 'python']
[7.913s] Level 1:colcon.colcon_core.package_identification:_identify(.) by extension 'cmake'
[7.914s] Level 1:colcon.colcon_core.package_identification:_identify(.) by extension 'python'
[7.914s] Level 1:colcon.colcon_core.package_identification:_identify(.) by extensions ['python_setup_py']
[7.914s] Level 1:colcon.colcon_core.package_identification:_identify(.) by extension 'python_setup_py'
[7.915s] Level 1:colcon.colcon_core.package_identification:_identify(build) by extensions ['ignore', 'ignore_ament_install']
[7.916s] Level 1:colcon.colcon_core.package_identification:_identify(build) by extension 'ignore'
[7.916s] Level 1:colcon.colcon_core.package_identification:_identify(build) ignored
[7.917s] Level 1:colcon.colcon_core.package_identification:_identify(install) by extensions ['ignore', 'ignore_ament_install']
[7.917s] Level 1:colcon.colcon_core.package_identification:_identify(install) by extension 'ignore'
[7.918s] Level 1:colcon.colcon_core.package_identification:_identify(install) ignored
[7.918s] Level 1:colcon.colcon_core.package_identification:_identify(log) by extensions ['ignore', 'ignore_ament_install']
[7.919s] Level 1:colcon.colcon_core.package_identification:_identify(log) by extension 'ignore'
[7.919s] Level 1:colcon.colcon_core.package_identification:_identify(log) ignored
[7.919s] Level 1:colcon.colcon_core.package_identification:_identify(src) by extensions ['ignore', 'ignore_ament_install']
[7.920s] Level 1:colcon.colcon_core.package_identification:_identify(src) by extension 'ignore'
[7.920s] Level 1:colcon.colcon_core.package_identification:_identify(src) by extension 'ignore_ament_install'
[7.920s] Level 1:colcon.colcon_core.package_identification:_identify(src) by extensions ['colcon_pkg']
[7.920s] Level 1:colcon.colcon_core.package_identification:_identify(src) by extension 'colcon_pkg'
[7.920s] Level 1:colcon.colcon_core.package_identification:_identify(src) by extensions ['colcon_meta']
[7.921s] Level 1:colcon.colcon_core.package_identification:_identify(src) by extension 'colcon_meta'
[7.921s] Level 1:colcon.colcon_core.package_identification:_identify(src) by extensions ['ros']
[7.921s] Level 1:colcon.colcon_core.package_identification:_identify(src) by extension 'ros'
[7.921s] Level 1:colcon.colcon_core.package_identification:_identify(src) by extensions ['cmake', 'python']
[7.921s] Level 1:colcon.colcon_core.package_identification:_identify(src) by extension 'cmake'
[7.922s] Level 1:colcon.colcon_core.package_identification:_identify(src) by extension 'python'
[7.922s] Level 1:colcon.colcon_core.package_identification:_identify(src) by extensions ['python_setup_py']
[7.922s] Level 1:colcon.colcon_core.package_identification:_identify(src) by extension 'python_setup_py'
[7.922s] Level 1:colcon.colcon_core.package_identification:_identify(src/autonomous_drive) by extensions ['ignore', 'ignore_ament_install']
[7.923s] Level 1:colcon.colcon_core.package_identification:_identify(src/autonomous_drive) by extension 'ignore'
[7.923s] Level 1:colcon.colcon_core.package_identification:_identify(src/autonomous_drive) by extension 'ignore_ament_install'
[7.923s] Level 1:colcon.colcon_core.package_identification:_identify(src/autonomous_drive) by extensions ['colcon_pkg']
[7.923s] Level 1:colcon.colcon_core.package_identification:_identify(src/autonomous_drive) by extension 'colcon_pkg'
[7.923s] Level 1:colcon.colcon_core.package_identification:_identify(src/autonomous_drive) by extensions ['colcon_meta']
[7.923s] Level 1:colcon.colcon_core.package_identification:_identify(src/autonomous_drive) by extension 'colcon_meta'
[7.924s] Level 1:colcon.colcon_core.package_identification:_identify(src/autonomous_drive) by extensions ['ros']
[7.924s] Level 1:colcon.colcon_core.package_identification:_identify(src/autonomous_drive) by extension 'ros'
[7.932s] DEBUG:colcon.colcon_core.package_identification:Package 'src/autonomous_drive' with type 'ros.ament_python' and name 'autonomous_drive'
[7.933s] Level 1:colcon.colcon_core.package_identification:_identify(src/f1tenth_mpc-main) by extensions ['ignore', 'ignore_ament_install']
[7.933s] Level 1:colcon.colcon_core.package_identification:_identify(src/f1tenth_mpc-main) by extension 'ignore'
[7.933s] Level 1:colcon.colcon_core.package_identification:_identify(src/f1tenth_mpc-main) by extension 'ignore_ament_install'
[7.934s] Level 1:colcon.colcon_core.package_identification:_identify(src/f1tenth_mpc-main) by extensions ['colcon_pkg']
[7.934s] Level 1:colcon.colcon_core.package_identification:_identify(src/f1tenth_mpc-main) by extension 'colcon_pkg'
[7.934s] Level 1:colcon.colcon_core.package_identification:_identify(src/f1tenth_mpc-main) by extensions ['colcon_meta']
[7.934s] Level 1:colcon.colcon_core.package_identification:_identify(src/f1tenth_mpc-main) by extension 'colcon_meta'
[7.934s] Level 1:colcon.colcon_core.package_identification:_identify(src/f1tenth_mpc-main) by extensions ['ros']
[7.934s] Level 1:colcon.colcon_core.package_identification:_identify(src/f1tenth_mpc-main) by extension 'ros'
[7.935s] Level 1:colcon.colcon_core.package_identification:_identify(src/f1tenth_mpc-main) by extensions ['cmake', 'python']
[7.935s] Level 1:colcon.colcon_core.package_identification:_identify(src/f1tenth_mpc-main) by extension 'cmake'
[7.935s] Level 1:colcon.colcon_core.package_identification:_identify(src/f1tenth_mpc-main) by extension 'python'
[7.935s] Level 1:colcon.colcon_core.package_identification:_identify(src/f1tenth_mpc-main) by extensions ['python_setup_py']
[7.935s] Level 1:colcon.colcon_core.package_identification:_identify(src/f1tenth_mpc-main) by extension 'python_setup_py'
[7.936s] Level 1:colcon.colcon_core.package_identification:_identify(src/f1tenth_mpc-main/data) by extensions ['ignore', 'ignore_ament_install']
[7.936s] Level 1:colcon.colcon_core.package_identification:_identify(src/f1tenth_mpc-main/data) by extension 'ignore'
[7.936s] Level 1:colcon.colcon_core.package_identification:_identify(src/f1tenth_mpc-main/data) by extension 'ignore_ament_install'
[7.936s] Level 1:colcon.colcon_core.package_identification:_identify(src/f1tenth_mpc-main/data) by extensions ['colcon_pkg']
[7.937s] Level 1:colcon.colcon_core.package_identification:_identify(src/f1tenth_mpc-main/data) by extension 'colcon_pkg'
[7.937s] Level 1:colcon.colcon_core.package_identification:_identify(src/f1tenth_mpc-main/data) by extensions ['colcon_meta']
[7.937s] Level 1:colcon.colcon_core.package_identification:_identify(src/f1tenth_mpc-main/data) by extension 'colcon_meta'
[7.937s] Level 1:colcon.colcon_core.package_identification:_identify(src/f1tenth_mpc-main/data) by extensions ['ros']
[7.937s] Level 1:colcon.colcon_core.package_identification:_identify(src/f1tenth_mpc-main/data) by extension 'ros'
[7.938s] Level 1:colcon.colcon_core.package_identification:_identify(src/f1tenth_mpc-main/data) by extensions ['cmake', 'python']
[7.938s] Level 1:colcon.colcon_core.package_identification:_identify(src/f1tenth_mpc-main/data) by extension 'cmake'
[7.938s] Level 1:colcon.colcon_core.package_identification:_identify(src/f1tenth_mpc-main/data) by extension 'python'
[7.938s] Level 1:colcon.colcon_core.package_identification:_identify(src/f1tenth_mpc-main/data) by extensions ['python_setup_py']
[7.938s] Level 1:colcon.colcon_core.package_identification:_identify(src/f1tenth_mpc-main/data) by extension 'python_setup_py'
[7.939s] Level 1:colcon.colcon_core.package_identification:_identify(src/f1tenth_mpc-main/mpc) by extensions ['ignore', 'ignore_ament_install']
[7.939s] Level 1:colcon.colcon_core.package_identification:_identify(src/f1tenth_mpc-main/mpc) by extension 'ignore'
[7.939s] Level 1:colcon.colcon_core.package_identification:_identify(src/f1tenth_mpc-main/mpc) by extension 'ignore_ament_install'
[7.939s] Level 1:colcon.colcon_core.package_identification:_identify(src/f1tenth_mpc-main/mpc) by extensions ['colcon_pkg']
[7.939s] Level 1:colcon.colcon_core.package_identification:_identify(src/f1tenth_mpc-main/mpc) by extension 'colcon_pkg'
[7.940s] Level 1:colcon.colcon_core.package_identification:_identify(src/f1tenth_mpc-main/mpc) by extensions ['colcon_meta']
[7.940s] Level 1:colcon.colcon_core.package_identification:_identify(src/f1tenth_mpc-main/mpc) by extension 'colcon_meta'
[7.940s] Level 1:colcon.colcon_core.package_identification:_identify(src/f1tenth_mpc-main/mpc) by extensions ['ros']
[7.940s] Level 1:colcon.colcon_core.package_identification:_identify(src/f1tenth_mpc-main/mpc) by extension 'ros'
[7.942s] DEBUG:colcon.colcon_core.package_identification:Package 'src/f1tenth_mpc-main/mpc' with type 'ros.ament_python' and name 'mpc'
[7.942s] Level 1:colcon.colcon_core.package_identification:_identify(src/f1tenth_system) by extensions ['ignore', 'ignore_ament_install']
[7.943s] Level 1:colcon.colcon_core.package_identification:_identify(src/f1tenth_system) by extension 'ignore'
[7.943s] Level 1:colcon.colcon_core.package_identification:_identify(src/f1tenth_system) by extension 'ignore_ament_install'
[7.943s] Level 1:colcon.colcon_core.package_identification:_identify(src/f1tenth_system) by extensions ['colcon_pkg']
[7.943s] Level 1:colcon.colcon_core.package_identification:_identify(src/f1tenth_system) by extension 'colcon_pkg'
[7.943s] Level 1:colcon.colcon_core.package_identification:_identify(src/f1tenth_system) by extensions ['colcon_meta']
[7.943s] Level 1:colcon.colcon_core.package_identification:_identify(src/f1tenth_system) by extension 'colcon_meta'
[7.944s] Level 1:colcon.colcon_core.package_identification:_identify(src/f1tenth_system) by extensions ['ros']
[7.944s] Level 1:colcon.colcon_core.package_identification:_identify(src/f1tenth_system) by extension 'ros'
[7.944s] Level 1:colcon.colcon_core.package_identification:_identify(src/f1tenth_system) by extensions ['cmake', 'python']
[7.944s] Level 1:colcon.colcon_core.package_identification:_identify(src/f1tenth_system) by extension 'cmake'
[7.944s] Level 1:colcon.colcon_core.package_identification:_identify(src/f1tenth_system) by extension 'python'
[7.945s] Level 1:colcon.colcon_core.package_identification:_identify(src/f1tenth_system) by extensions ['python_setup_py']
[7.945s] Level 1:colcon.colcon_core.package_identification:_identify(src/f1tenth_system) by extension 'python_setup_py'
[7.945s] Level 1:colcon.colcon_core.package_identification:_identify(src/f1tenth_system/ackermann_mux) by extensions ['ignore', 'ignore_ament_install']
[7.945s] Level 1:colcon.colcon_core.package_identification:_identify(src/f1tenth_system/ackermann_mux) by extension 'ignore'
[7.946s] Level 1:colcon.colcon_core.package_identification:_identify(src/f1tenth_system/ackermann_mux) by extension 'ignore_ament_install'
[7.946s] Level 1:colcon.colcon_core.package_identification:_identify(src/f1tenth_system/ackermann_mux) by extensions ['colcon_pkg']
[7.946s] Level 1:colcon.colcon_core.package_identification:_identify(src/f1tenth_system/ackermann_mux) by extension 'colcon_pkg'
[7.946s] Level 1:colcon.colcon_core.package_identification:_identify(src/f1tenth_system/ackermann_mux) by extensions ['colcon_meta']
[7.946s] Level 1:colcon.colcon_core.package_identification:_identify(src/f1tenth_system/ackermann_mux) by extension 'colcon_meta'
[7.946s] Level 1:colcon.colcon_core.package_identification:_identify(src/f1tenth_system/ackermann_mux) by extensions ['ros']
[7.947s] Level 1:colcon.colcon_core.package_identification:_identify(src/f1tenth_system/ackermann_mux) by extension 'ros'
[7.951s] DEBUG:colcon.colcon_core.package_identification:Package 'src/f1tenth_system/ackermann_mux' with type 'ros.ament_cmake' and name 'ackermann_mux'
[7.951s] Level 1:colcon.colcon_core.package_identification:_identify(src/f1tenth_system/f1tenth_stack) by extensions ['ignore', 'ignore_ament_install']
[7.952s] Level 1:colcon.colcon_core.package_identification:_identify(src/f1tenth_system/f1tenth_stack) by extension 'ignore'
[7.952s] Level 1:colcon.colcon_core.package_identification:_identify(src/f1tenth_system/f1tenth_stack) by extension 'ignore_ament_install'
[7.952s] Level 1:colcon.colcon_core.package_identification:_identify(src/f1tenth_system/f1tenth_stack) by extensions ['colcon_pkg']
[7.952s] Level 1:colcon.colcon_core.package_identification:_identify(src/f1tenth_system/f1tenth_stack) by extension 'colcon_pkg'
[7.952s] Level 1:colcon.colcon_core.package_identification:_identify(src/f1tenth_system/f1tenth_stack) by extensions ['colcon_meta']
[7.952s] Level 1:colcon.colcon_core.package_identification:_identify(src/f1tenth_system/f1tenth_stack) by extension 'colcon_meta'
[7.953s] Level 1:colcon.colcon_core.package_identification:_identify(src/f1tenth_system/f1tenth_stack) by extensions ['ros']
[7.953s] Level 1:colcon.colcon_core.package_identification:_identify(src/f1tenth_system/f1tenth_stack) by extension 'ros'
[7.956s] DEBUG:colcon.colcon_core.package_identification:Package 'src/f1tenth_system/f1tenth_stack' with type 'ros.ament_python' and name 'f1tenth_stack'
[7.957s] Level 1:colcon.colcon_core.package_identification:_identify(src/f1tenth_system/scripts) by extensions ['ignore', 'ignore_ament_install']
[7.957s] Level 1:colcon.colcon_core.package_identification:_identify(src/f1tenth_system/scripts) by extension 'ignore'
[7.958s] Level 1:colcon.colcon_core.package_identification:_identify(src/f1tenth_system/scripts) by extension 'ignore_ament_install'
[7.958s] Level 1:colcon.colcon_core.package_identification:_identify(src/f1tenth_system/scripts) by extensions ['colcon_pkg']
[7.958s] Level 1:colcon.colcon_core.package_identification:_identify(src/f1tenth_system/scripts) by extension 'colcon_pkg'
[7.958s] Level 1:colcon.colcon_core.package_identification:_identify(src/f1tenth_system/scripts) by extensions ['colcon_meta']
[7.958s] Level 1:colcon.colcon_core.package_identification:_identify(src/f1tenth_system/scripts) by extension 'colcon_meta'
[7.958s] Level 1:colcon.colcon_core.package_identification:_identify(src/f1tenth_system/scripts) by extensions ['ros']
[7.959s] Level 1:colcon.colcon_core.package_identification:_identify(src/f1tenth_system/scripts) by extension 'ros'
[7.959s] Level 1:colcon.colcon_core.package_identification:_identify(src/f1tenth_system/scripts) by extensions ['cmake', 'python']
[7.959s] Level 1:colcon.colcon_core.package_identification:_identify(src/f1tenth_system/scripts) by extension 'cmake'
[7.959s] Level 1:colcon.colcon_core.package_identification:_identify(src/f1tenth_system/scripts) by extension 'python'
[7.959s] Level 1:colcon.colcon_core.package_identification:_identify(src/f1tenth_system/scripts) by extensions ['python_setup_py']
[7.959s] Level 1:colcon.colcon_core.package_identification:_identify(src/f1tenth_system/scripts) by extension 'python_setup_py'
[7.960s] Level 1:colcon.colcon_core.package_identification:_identify(src/f1tenth_system/teleop_tools) by extensions ['ignore', 'ignore_ament_install']
[7.960s] Level 1:colcon.colcon_core.package_identification:_identify(src/f1tenth_system/teleop_tools) by extension 'ignore'
[7.960s] Level 1:colcon.colcon_core.package_identification:_identify(src/f1tenth_system/teleop_tools) by extension 'ignore_ament_install'
[7.961s] Level 1:colcon.colcon_core.package_identification:_identify(src/f1tenth_system/teleop_tools) by extensions ['colcon_pkg']
[7.961s] Level 1:colcon.colcon_core.package_identification:_identify(src/f1tenth_system/teleop_tools) by extension 'colcon_pkg'
[7.961s] Level 1:colcon.colcon_core.package_identification:_identify(src/f1tenth_system/teleop_tools) by extensions ['colcon_meta']
[7.961s] Level 1:colcon.colcon_core.package_identification:_identify(src/f1tenth_system/teleop_tools) by extension 'colcon_meta'
[7.961s] Level 1:colcon.colcon_core.package_identification:_identify(src/f1tenth_system/teleop_tools) by extensions ['ros']
[7.961s] Level 1:colcon.colcon_core.package_identification:_identify(src/f1tenth_system/teleop_tools) by extension 'ros'
[7.962s] Level 1:colcon.colcon_core.package_identification:_identify(src/f1tenth_system/teleop_tools) by extensions ['cmake', 'python']
[7.962s] Level 1:colcon.colcon_core.package_identification:_identify(src/f1tenth_system/teleop_tools) by extension 'cmake'
[7.962s] Level 1:colcon.colcon_core.package_identification:_identify(src/f1tenth_system/teleop_tools) by extension 'python'
[7.962s] Level 1:colcon.colcon_core.package_identification:_identify(src/f1tenth_system/teleop_tools) by extensions ['python_setup_py']
[7.962s] Level 1:colcon.colcon_core.package_identification:_identify(src/f1tenth_system/teleop_tools) by extension 'python_setup_py'
[7.963s] Level 1:colcon.colcon_core.package_identification:_identify(src/f1tenth_system/teleop_tools/joy_teleop) by extensions ['ignore', 'ignore_ament_install']
[7.963s] Level 1:colcon.colcon_core.package_identification:_identify(src/f1tenth_system/teleop_tools/joy_teleop) by extension 'ignore'
[7.964s] Level 1:colcon.colcon_core.package_identification:_identify(src/f1tenth_system/teleop_tools/joy_teleop) by extension 'ignore_ament_install'
[7.964s] Level 1:colcon.colcon_core.package_identification:_identify(src/f1tenth_system/teleop_tools/joy_teleop) by extensions ['colcon_pkg']
[7.964s] Level 1:colcon.colcon_core.package_identification:_identify(src/f1tenth_system/teleop_tools/joy_teleop) by extension 'colcon_pkg'
[7.964s] Level 1:colcon.colcon_core.package_identification:_identify(src/f1tenth_system/teleop_tools/joy_teleop) by extensions ['colcon_meta']
[7.964s] Level 1:colcon.colcon_core.package_identification:_identify(src/f1tenth_system/teleop_tools/joy_teleop) by extension 'colcon_meta'
[7.965s] Level 1:colcon.colcon_core.package_identification:_identify(src/f1tenth_system/teleop_tools/joy_teleop) by extensions ['ros']
[7.965s] Level 1:colcon.colcon_core.package_identification:_identify(src/f1tenth_system/teleop_tools/joy_teleop) by extension 'ros'
[7.967s] DEBUG:colcon.colcon_core.package_identification:Package 'src/f1tenth_system/teleop_tools/joy_teleop' with type 'ros.ament_python' and name 'joy_teleop'
[7.967s] Level 1:colcon.colcon_core.package_identification:_identify(src/f1tenth_system/teleop_tools/key_teleop) by extensions ['ignore', 'ignore_ament_install']
[7.967s] Level 1:colcon.colcon_core.package_identification:_identify(src/f1tenth_system/teleop_tools/key_teleop) by extension 'ignore'
[7.968s] Level 1:colcon.colcon_core.package_identification:_identify(src/f1tenth_system/teleop_tools/key_teleop) by extension 'ignore_ament_install'
[7.968s] Level 1:colcon.colcon_core.package_identification:_identify(src/f1tenth_system/teleop_tools/key_teleop) by extensions ['colcon_pkg']
[7.968s] Level 1:colcon.colcon_core.package_identification:_identify(src/f1tenth_system/teleop_tools/key_teleop) by extension 'colcon_pkg'
[7.968s] Level 1:colcon.colcon_core.package_identification:_identify(src/f1tenth_system/teleop_tools/key_teleop) by extensions ['colcon_meta']
[7.968s] Level 1:colcon.colcon_core.package_identification:_identify(src/f1tenth_system/teleop_tools/key_teleop) by extension 'colcon_meta'
[7.969s] Level 1:colcon.colcon_core.package_identification:_identify(src/f1tenth_system/teleop_tools/key_teleop) by extensions ['ros']
[7.969s] Level 1:colcon.colcon_core.package_identification:_identify(src/f1tenth_system/teleop_tools/key_teleop) by extension 'ros'
[7.971s] DEBUG:colcon.colcon_core.package_identification:Package 'src/f1tenth_system/teleop_tools/key_teleop' with type 'ros.ament_python' and name 'key_teleop'
[7.971s] Level 1:colcon.colcon_core.package_identification:_identify(src/f1tenth_system/teleop_tools/mouse_teleop) by extensions ['ignore', 'ignore_ament_install']
[7.972s] Level 1:colcon.colcon_core.package_identification:_identify(src/f1tenth_system/teleop_tools/mouse_teleop) by extension 'ignore'
[7.972s] Level 1:colcon.colcon_core.package_identification:_identify(src/f1tenth_system/teleop_tools/mouse_teleop) by extension 'ignore_ament_install'
[7.972s] Level 1:colcon.colcon_core.package_identification:_identify(src/f1tenth_system/teleop_tools/mouse_teleop) by extensions ['colcon_pkg']
[7.972s] Level 1:colcon.colcon_core.package_identification:_identify(src/f1tenth_system/teleop_tools/mouse_teleop) by extension 'colcon_pkg'
[7.972s] Level 1:colcon.colcon_core.package_identification:_identify(src/f1tenth_system/teleop_tools/mouse_teleop) by extensions ['colcon_meta']
[7.972s] Level 1:colcon.colcon_core.package_identification:_identify(src/f1tenth_system/teleop_tools/mouse_teleop) by extension 'colcon_meta'
[7.973s] Level 1:colcon.colcon_core.package_identification:_identify(src/f1tenth_system/teleop_tools/mouse_teleop) by extensions ['ros']
[7.973s] Level 1:colcon.colcon_core.package_identification:_identify(src/f1tenth_system/teleop_tools/mouse_teleop) by extension 'ros'
[7.975s] DEBUG:colcon.colcon_core.package_identification:Package 'src/f1tenth_system/teleop_tools/mouse_teleop' with type 'ros.ament_python' and name 'mouse_teleop'
[7.975s] Level 1:colcon.colcon_core.package_identification:_identify(src/f1tenth_system/teleop_tools/teleop_tools) by extensions ['ignore', 'ignore_ament_install']
[7.975s] Level 1:colcon.colcon_core.package_identification:_identify(src/f1tenth_system/teleop_tools/teleop_tools) by extension 'ignore'
[7.975s] Level 1:colcon.colcon_core.package_identification:_identify(src/f1tenth_system/teleop_tools/teleop_tools) by extension 'ignore_ament_install'
[7.976s] Level 1:colcon.colcon_core.package_identification:_identify(src/f1tenth_system/teleop_tools/teleop_tools) by extensions ['colcon_pkg']
[7.976s] Level 1:colcon.colcon_core.package_identification:_identify(src/f1tenth_system/teleop_tools/teleop_tools) by extension 'colcon_pkg'
[7.976s] Level 1:colcon.colcon_core.package_identification:_identify(src/f1tenth_system/teleop_tools/teleop_tools) by extensions ['colcon_meta']
[7.976s] Level 1:colcon.colcon_core.package_identification:_identify(src/f1tenth_system/teleop_tools/teleop_tools) by extension 'colcon_meta'
[7.976s] Level 1:colcon.colcon_core.package_identification:_identify(src/f1tenth_system/teleop_tools/teleop_tools) by extensions ['ros']
[7.977s] Level 1:colcon.colcon_core.package_identification:_identify(src/f1tenth_system/teleop_tools/teleop_tools) by extension 'ros'
[7.978s] DEBUG:colcon.colcon_core.package_identification:Package 'src/f1tenth_system/teleop_tools/teleop_tools' with type 'ros.ament_cmake' and name 'teleop_tools'
[7.979s] Level 1:colcon.colcon_core.package_identification:_identify(src/f1tenth_system/teleop_tools/teleop_tools_msgs) by extensions ['ignore', 'ignore_ament_install']
[7.979s] Level 1:colcon.colcon_core.package_identification:_identify(src/f1tenth_system/teleop_tools/teleop_tools_msgs) by extension 'ignore'
[7.979s] Level 1:colcon.colcon_core.package_identification:_identify(src/f1tenth_system/teleop_tools/teleop_tools_msgs) by extension 'ignore_ament_install'
[7.979s] Level 1:colcon.colcon_core.package_identification:_identify(src/f1tenth_system/teleop_tools/teleop_tools_msgs) by extensions ['colcon_pkg']
[7.979s] Level 1:colcon.colcon_core.package_identification:_identify(src/f1tenth_system/teleop_tools/teleop_tools_msgs) by extension 'colcon_pkg'
[7.980s] Level 1:colcon.colcon_core.package_identification:_identify(src/f1tenth_system/teleop_tools/teleop_tools_msgs) by extensions ['colcon_meta']
[7.980s] Level 1:colcon.colcon_core.package_identification:_identify(src/f1tenth_system/teleop_tools/teleop_tools_msgs) by extension 'colcon_meta'
[7.980s] Level 1:colcon.colcon_core.package_identification:_identify(src/f1tenth_system/teleop_tools/teleop_tools_msgs) by extensions ['ros']
[7.980s] Level 1:colcon.colcon_core.package_identification:_identify(src/f1tenth_system/teleop_tools/teleop_tools_msgs) by extension 'ros'
[7.982s] DEBUG:colcon.colcon_core.package_identification:Package 'src/f1tenth_system/teleop_tools/teleop_tools_msgs' with type 'ros.ament_cmake' and name 'teleop_tools_msgs'
[7.982s] Level 1:colcon.colcon_core.package_identification:_identify(src/f1tenth_system/vesc) by extensions ['ignore', 'ignore_ament_install']
[7.983s] Level 1:colcon.colcon_core.package_identification:_identify(src/f1tenth_system/vesc) by extension 'ignore'
[7.983s] Level 1:colcon.colcon_core.package_identification:_identify(src/f1tenth_system/vesc) by extension 'ignore_ament_install'
[7.983s] Level 1:colcon.colcon_core.package_identification:_identify(src/f1tenth_system/vesc) by extensions ['colcon_pkg']
[7.983s] Level 1:colcon.colcon_core.package_identification:_identify(src/f1tenth_system/vesc) by extension 'colcon_pkg'
[7.983s] Level 1:colcon.colcon_core.package_identification:_identify(src/f1tenth_system/vesc) by extensions ['colcon_meta']
[7.984s] Level 1:colcon.colcon_core.package_identification:_identify(src/f1tenth_system/vesc) by extension 'colcon_meta'
[7.984s] Level 1:colcon.colcon_core.package_identification:_identify(src/f1tenth_system/vesc) by extensions ['ros']
[7.984s] Level 1:colcon.colcon_core.package_identification:_identify(src/f1tenth_system/vesc) by extension 'ros'
[7.984s] Level 1:colcon.colcon_core.package_identification:_identify(src/f1tenth_system/vesc) by extensions ['cmake', 'python']
[7.984s] Level 1:colcon.colcon_core.package_identification:_identify(src/f1tenth_system/vesc) by extension 'cmake'
[7.985s] Level 1:colcon.colcon_core.package_identification:_identify(src/f1tenth_system/vesc) by extension 'python'
[7.985s] Level 1:colcon.colcon_core.package_identification:_identify(src/f1tenth_system/vesc) by extensions ['python_setup_py']
[7.985s] Level 1:colcon.colcon_core.package_identification:_identify(src/f1tenth_system/vesc) by extension 'python_setup_py'
[7.985s] Level 1:colcon.colcon_core.package_identification:_identify(src/f1tenth_system/vesc/vesc) by extensions ['ignore', 'ignore_ament_install']
[7.986s] Level 1:colcon.colcon_core.package_identification:_identify(src/f1tenth_system/vesc/vesc) by extension 'ignore'
[7.986s] Level 1:colcon.colcon_core.package_identification:_identify(src/f1tenth_system/vesc/vesc) by extension 'ignore_ament_install'
[7.986s] Level 1:colcon.colcon_core.package_identification:_identify(src/f1tenth_system/vesc/vesc) by extensions ['colcon_pkg']
[7.986s] Level 1:colcon.colcon_core.package_identification:_identify(src/f1tenth_system/vesc/vesc) by extension 'colcon_pkg'
[7.986s] Level 1:colcon.colcon_core.package_identification:_identify(src/f1tenth_system/vesc/vesc) by extensions ['colcon_meta']
[7.987s] Level 1:colcon.colcon_core.package_identification:_identify(src/f1tenth_system/vesc/vesc) by extension 'colcon_meta'
[7.987s] Level 1:colcon.colcon_core.package_identification:_identify(src/f1tenth_system/vesc/vesc) by extensions ['ros']
[7.987s] Level 1:colcon.colcon_core.package_identification:_identify(src/f1tenth_system/vesc/vesc) by extension 'ros'
[7.989s] DEBUG:colcon.colcon_core.package_identification:Package 'src/f1tenth_system/vesc/vesc' with type 'ros.ament_cmake' and name 'vesc'
[7.990s] Level 1:colcon.colcon_core.package_identification:_identify(src/f1tenth_system/vesc/vesc_ackermann) by extensions ['ignore', 'ignore_ament_install']
[7.990s] Level 1:colcon.colcon_core.package_identification:_identify(src/f1tenth_system/vesc/vesc_ackermann) by extension 'ignore'
[7.990s] Level 1:colcon.colcon_core.package_identification:_identify(src/f1tenth_system/vesc/vesc_ackermann) by extension 'ignore_ament_install'
[7.990s] Level 1:colcon.colcon_core.package_identification:_identify(src/f1tenth_system/vesc/vesc_ackermann) by extensions ['colcon_pkg']
[7.990s] Level 1:colcon.colcon_core.package_identification:_identify(src/f1tenth_system/vesc/vesc_ackermann) by extension 'colcon_pkg'
[7.991s] Level 1:colcon.colcon_core.package_identification:_identify(src/f1tenth_system/vesc/vesc_ackermann) by extensions ['colcon_meta']
[7.991s] Level 1:colcon.colcon_core.package_identification:_identify(src/f1tenth_system/vesc/vesc_ackermann) by extension 'colcon_meta'
[7.991s] Level 1:colcon.colcon_core.package_identification:_identify(src/f1tenth_system/vesc/vesc_ackermann) by extensions ['ros']
[7.991s] Level 1:colcon.colcon_core.package_identification:_identify(src/f1tenth_system/vesc/vesc_ackermann) by extension 'ros'
[7.995s] DEBUG:colcon.colcon_core.package_identification:Package 'src/f1tenth_system/vesc/vesc_ackermann' with type 'ros.ament_cmake' and name 'vesc_ackermann'
[7.995s] Level 1:colcon.colcon_core.package_identification:_identify(src/f1tenth_system/vesc/vesc_driver) by extensions ['ignore', 'ignore_ament_install']
[7.995s] Level 1:colcon.colcon_core.package_identification:_identify(src/f1tenth_system/vesc/vesc_driver) by extension 'ignore'
[7.996s] Level 1:colcon.colcon_core.package_identification:_identify(src/f1tenth_system/vesc/vesc_driver) by extension 'ignore_ament_install'
[7.996s] Level 1:colcon.colcon_core.package_identification:_identify(src/f1tenth_system/vesc/vesc_driver) by extensions ['colcon_pkg']
[7.996s] Level 1:colcon.colcon_core.package_identification:_identify(src/f1tenth_system/vesc/vesc_driver) by extension 'colcon_pkg'
[7.996s] Level 1:colcon.colcon_core.package_identification:_identify(src/f1tenth_system/vesc/vesc_driver) by extensions ['colcon_meta']
[7.996s] Level 1:colcon.colcon_core.package_identification:_identify(src/f1tenth_system/vesc/vesc_driver) by extension 'colcon_meta'
[7.997s] Level 1:colcon.colcon_core.package_identification:_identify(src/f1tenth_system/vesc/vesc_driver) by extensions ['ros']
[7.997s] Level 1:colcon.colcon_core.package_identification:_identify(src/f1tenth_system/vesc/vesc_driver) by extension 'ros'
[8.000s] DEBUG:colcon.colcon_core.package_identification:Package 'src/f1tenth_system/vesc/vesc_driver' with type 'ros.ament_cmake' and name 'vesc_driver'
[8.001s] Level 1:colcon.colcon_core.package_identification:_identify(src/f1tenth_system/vesc/vesc_msgs) by extensions ['ignore', 'ignore_ament_install']
[8.001s] Level 1:colcon.colcon_core.package_identification:_identify(src/f1tenth_system/vesc/vesc_msgs) by extension 'ignore'
[8.001s] Level 1:colcon.colcon_core.package_identification:_identify(src/f1tenth_system/vesc/vesc_msgs) by extension 'ignore_ament_install'
[8.001s] Level 1:colcon.colcon_core.package_identification:_identify(src/f1tenth_system/vesc/vesc_msgs) by extensions ['colcon_pkg']
[8.001s] Level 1:colcon.colcon_core.package_identification:_identify(src/f1tenth_system/vesc/vesc_msgs) by extension 'colcon_pkg'
[8.002s] Level 1:colcon.colcon_core.package_identification:_identify(src/f1tenth_system/vesc/vesc_msgs) by extensions ['colcon_meta']
[8.002s] Level 1:colcon.colcon_core.package_identification:_identify(src/f1tenth_system/vesc/vesc_msgs) by extension 'colcon_meta'
[8.002s] Level 1:colcon.colcon_core.package_identification:_identify(src/f1tenth_system/vesc/vesc_msgs) by extensions ['ros']
[8.002s] Level 1:colcon.colcon_core.package_identification:_identify(src/f1tenth_system/vesc/vesc_msgs) by extension 'ros'
[8.005s] DEBUG:colcon.colcon_core.package_identification:Package 'src/f1tenth_system/vesc/vesc_msgs' with type 'ros.ament_cmake' and name 'vesc_msgs'
[8.005s] Level 1:colcon.colcon_core.package_identification:_identify(src/gap_follow) by extensions ['ignore', 'ignore_ament_install']
[8.006s] Level 1:colcon.colcon_core.package_identification:_identify(src/gap_follow) by extension 'ignore'
[8.006s] Level 1:colcon.colcon_core.package_identification:_identify(src/gap_follow) by extension 'ignore_ament_install'
[8.006s] Level 1:colcon.colcon_core.package_identification:_identify(src/gap_follow) by extensions ['colcon_pkg']
[8.006s] Level 1:colcon.colcon_core.package_identification:_identify(src/gap_follow) by extension 'colcon_pkg'
[8.006s] Level 1:colcon.colcon_core.package_identification:_identify(src/gap_follow) by extensions ['colcon_meta']
[8.006s] Level 1:colcon.colcon_core.package_identification:_identify(src/gap_follow) by extension 'colcon_meta'
[8.007s] Level 1:colcon.colcon_core.package_identification:_identify(src/gap_follow) by extensions ['ros']
[8.007s] Level 1:colcon.colcon_core.package_identification:_identify(src/gap_follow) by extension 'ros'
[8.010s] DEBUG:colcon.colcon_core.package_identification:Package 'src/gap_follow' with type 'ros.ament_cmake' and name 'gap_follow'
[8.010s] Level 1:colcon.colcon_core.package_identification:_identify(src/particle_filter) by extensions ['ignore', 'ignore_ament_install']
[8.011s] Level 1:colcon.colcon_core.package_identification:_identify(src/particle_filter) by extension 'ignore'
[8.011s] Level 1:colcon.colcon_core.package_identification:_identify(src/particle_filter) by extension 'ignore_ament_install'
[8.011s] Level 1:colcon.colcon_core.package_identification:_identify(src/particle_filter) by extensions ['colcon_pkg']
[8.011s] Level 1:colcon.colcon_core.package_identification:_identify(src/particle_filter) by extension 'colcon_pkg'
[8.011s] Level 1:colcon.colcon_core.package_identification:_identify(src/particle_filter) by extensions ['colcon_meta']
[8.012s] Level 1:colcon.colcon_core.package_identification:_identify(src/particle_filter) by extension 'colcon_meta'
[8.012s] Level 1:colcon.colcon_core.package_identification:_identify(src/particle_filter) by extensions ['ros']
[8.012s] Level 1:colcon.colcon_core.package_identification:_identify(src/particle_filter) by extension 'ros'
[8.015s] DEBUG:colcon.colcon_core.package_identification:Package 'src/particle_filter' with type 'ros.ament_python' and name 'particle_filter'
[8.016s] Level 1:colcon.colcon_core.package_identification:_identify(src/range_libc) by extensions ['ignore', 'ignore_ament_install']
[8.016s] Level 1:colcon.colcon_core.package_identification:_identify(src/range_libc) by extension 'ignore'
[8.016s] Level 1:colcon.colcon_core.package_identification:_identify(src/range_libc) by extension 'ignore_ament_install'
[8.016s] Level 1:colcon.colcon_core.package_identification:_identify(src/range_libc) by extensions ['colcon_pkg']
[8.017s] Level 1:colcon.colcon_core.package_identification:_identify(src/range_libc) by extension 'colcon_pkg'
[8.017s] Level 1:colcon.colcon_core.package_identification:_identify(src/range_libc) by extensions ['colcon_meta']
[8.017s] Level 1:colcon.colcon_core.package_identification:_identify(src/range_libc) by extension 'colcon_meta'
[8.017s] Level 1:colcon.colcon_core.package_identification:_identify(src/range_libc) by extensions ['ros']
[8.017s] Level 1:colcon.colcon_core.package_identification:_identify(src/range_libc) by extension 'ros'
[8.018s] Level 1:colcon.colcon_core.package_identification:_identify(src/range_libc) by extensions ['cmake', 'python']
[8.018s] Level 1:colcon.colcon_core.package_identification:_identify(src/range_libc) by extension 'cmake'
[8.040s] Level 1:colcon.colcon_core.package_identification:_identify(src/range_libc) by extension 'python'
[8.040s] DEBUG:colcon.colcon_core.package_identification:Package 'src/range_libc' with type 'cmake' and name 'range_lib'
[8.041s] Level 1:colcon.colcon_core.package_identification:_identify(src/safety_node) by extensions ['ignore', 'ignore_ament_install']
[8.041s] Level 1:colcon.colcon_core.package_identification:_identify(src/safety_node) by extension 'ignore'
[8.041s] Level 1:colcon.colcon_core.package_identification:_identify(src/safety_node) by extension 'ignore_ament_install'
[8.041s] Level 1:colcon.colcon_core.package_identification:_identify(src/safety_node) by extensions ['colcon_pkg']
[8.041s] Level 1:colcon.colcon_core.package_identification:_identify(src/safety_node) by extension 'colcon_pkg'
[8.042s] Level 1:colcon.colcon_core.package_identification:_identify(src/safety_node) by extensions ['colcon_meta']
[8.042s] Level 1:colcon.colcon_core.package_identification:_identify(src/safety_node) by extension 'colcon_meta'
[8.042s] Level 1:colcon.colcon_core.package_identification:_identify(src/safety_node) by extensions ['ros']
[8.042s] Level 1:colcon.colcon_core.package_identification:_identify(src/safety_node) by extension 'ros'
[8.045s] DEBUG:colcon.colcon_core.package_identification:Package 'src/safety_node' with type 'ros.ament_cmake' and name 'safety_node'
[8.046s] Level 1:colcon.colcon_core.package_identification:_identify(src/test_driving_2) by extensions ['ignore', 'ignore_ament_install']
[8.046s] Level 1:colcon.colcon_core.package_identification:_identify(src/test_driving_2) by extension 'ignore'
[8.046s] Level 1:colcon.colcon_core.package_identification:_identify(src/test_driving_2) by extension 'ignore_ament_install'
[8.046s] Level 1:colcon.colcon_core.package_identification:_identify(src/test_driving_2) by extensions ['colcon_pkg']
[8.046s] Level 1:colcon.colcon_core.package_identification:_identify(src/test_driving_2) by extension 'colcon_pkg'
[8.047s] Level 1:colcon.colcon_core.package_identification:_identify(src/test_driving_2) by extensions ['colcon_meta']
[8.047s] Level 1:colcon.colcon_core.package_identification:_identify(src/test_driving_2) by extension 'colcon_meta'
[8.047s] Level 1:colcon.colcon_core.package_identification:_identify(src/test_driving_2) by extensions ['ros']
[8.047s] Level 1:colcon.colcon_core.package_identification:_identify(src/test_driving_2) by extension 'ros'
[8.047s] Level 1:colcon.colcon_core.package_identification:_identify(src/test_driving_2) by extensions ['cmake', 'python']
[8.048s] Level 1:colcon.colcon_core.package_identification:_identify(src/test_driving_2) by extension 'cmake'
[8.048s] Level 1:colcon.colcon_core.package_identification:_identify(src/test_driving_2) by extension 'python'
[8.048s] Level 1:colcon.colcon_core.package_identification:_identify(src/test_driving_2) by extensions ['python_setup_py']
[8.048s] Level 1:colcon.colcon_core.package_identification:_identify(src/test_driving_2) by extension 'python_setup_py'
[8.049s] Level 1:colcon.colcon_core.package_identification:_identify(src/test_driving_2/example_py) by extensions ['ignore', 'ignore_ament_install']
[8.049s] Level 1:colcon.colcon_core.package_identification:_identify(src/test_driving_2/example_py) by extension 'ignore'
[8.049s] Level 1:colcon.colcon_core.package_identification:_identify(src/test_driving_2/example_py) by extension 'ignore_ament_install'
[8.050s] Level 1:colcon.colcon_core.package_identification:_identify(src/test_driving_2/example_py) by extensions ['colcon_pkg']
[8.050s] Level 1:colcon.colcon_core.package_identification:_identify(src/test_driving_2/example_py) by extension 'colcon_pkg'
[8.050s] Level 1:colcon.colcon_core.package_identification:_identify(src/test_driving_2/example_py) by extensions ['colcon_meta']
[8.050s] Level 1:colcon.colcon_core.package_identification:_identify(src/test_driving_2/example_py) by extension 'colcon_meta'
[8.050s] Level 1:colcon.colcon_core.package_identification:_identify(src/test_driving_2/example_py) by extensions ['ros']
[8.050s] Level 1:colcon.colcon_core.package_identification:_identify(src/test_driving_2/example_py) by extension 'ros'
[8.052s] DEBUG:colcon.colcon_core.package_identification:Package 'src/test_driving_2/example_py' with type 'ros.ament_python' and name 'example_py'
[8.053s] Level 1:colcon.colcon_core.package_identification:_identify(src/waypoint_generator) by extensions ['ignore', 'ignore_ament_install']
[8.053s] Level 1:colcon.colcon_core.package_identification:_identify(src/waypoint_generator) by extension 'ignore'
[8.053s] Level 1:colcon.colcon_core.package_identification:_identify(src/waypoint_generator) by extension 'ignore_ament_install'
[8.053s] Level 1:colcon.colcon_core.package_identification:_identify(src/waypoint_generator) by extensions ['colcon_pkg']
[8.054s] Level 1:colcon.colcon_core.package_identification:_identify(src/waypoint_generator) by extension 'colcon_pkg'
[8.054s] Level 1:colcon.colcon_core.package_identification:_identify(src/waypoint_generator) by extensions ['colcon_meta']
[8.054s] Level 1:colcon.colcon_core.package_identification:_identify(src/waypoint_generator) by extension 'colcon_meta'
[8.054s] Level 1:colcon.colcon_core.package_identification:_identify(src/waypoint_generator) by extensions ['ros']
[8.054s] Level 1:colcon.colcon_core.package_identification:_identify(src/waypoint_generator) by extension 'ros'
[8.058s] DEBUG:colcon.colcon_core.package_identification:Package 'src/waypoint_generator' with type 'ros.ament_cmake' and name 'waypoint_generator'
[8.058s] Level 1:colcon.colcon_core.package_identification:_identify(src/waypoint_python) by extensions ['ignore', 'ignore_ament_install']
[8.059s] Level 1:colcon.colcon_core.package_identification:_identify(src/waypoint_python) by extension 'ignore'
[8.059s] Level 1:colcon.colcon_core.package_identification:_identify(src/waypoint_python) by extension 'ignore_ament_install'
[8.059s] Level 1:colcon.colcon_core.package_identification:_identify(src/waypoint_python) by extensions ['colcon_pkg']
[8.059s] Level 1:colcon.colcon_core.package_identification:_identify(src/waypoint_python) by extension 'colcon_pkg'
[8.059s] Level 1:colcon.colcon_core.package_identification:_identify(src/waypoint_python) by extensions ['colcon_meta']
[8.059s] Level 1:colcon.colcon_core.package_identification:_identify(src/waypoint_python) by extension 'colcon_meta'
[8.060s] Level 1:colcon.colcon_core.package_identification:_identify(src/waypoint_python) by extensions ['ros']
[8.060s] Level 1:colcon.colcon_core.package_identification:_identify(src/waypoint_python) by extension 'ros'
[8.061s] DEBUG:colcon.colcon_core.package_identification:Package 'src/waypoint_python' with type 'ros.ament_python' and name 'waypoint_python'
[8.062s] Level 1:colcon.colcon_core.package_discovery:discover_packages(recursive) using defaults
[8.062s] Level 1:colcon.colcon_core.package_discovery:discover_packages(ignore) discover
[8.062s] Level 1:colcon.colcon_core.package_discovery:discover_packages(ignore) using defaults
[8.062s] Level 1:colcon.colcon_core.package_discovery:discover_packages(path) discover
[8.062s] Level 1:colcon.colcon_core.package_discovery:discover_packages(path) using defaults
[8.506s] INFO:colcon.colcon_core.package_selection:Skipping not selected package 'ackermann_mux' in 'src/f1tenth_system/ackermann_mux'
[8.506s] INFO:colcon.colcon_core.package_selection:Skipping not selected package 'example_py' in 'src/test_driving_2/example_py'
[8.506s] INFO:colcon.colcon_core.package_selection:Skipping not selected package 'gap_follow' in 'src/gap_follow'
[8.507s] INFO:colcon.colcon_core.package_selection:Skipping not selected package 'key_teleop' in 'src/f1tenth_system/teleop_tools/key_teleop'
[8.507s] INFO:colcon.colcon_core.package_selection:Skipping not selected package 'mouse_teleop' in 'src/f1tenth_system/teleop_tools/mouse_teleop'
[8.507s] INFO:colcon.colcon_core.package_selection:Skipping not selected package 'mpc' in 'src/f1tenth_mpc-main/mpc'
[8.507s] INFO:colcon.colcon_core.package_selection:Skipping not selected package 'particle_filter' in 'src/particle_filter'
[8.507s] INFO:colcon.colcon_core.package_selection:Skipping not selected package 'range_lib' in 'src/range_libc'
[8.507s] INFO:colcon.colcon_core.package_selection:Skipping not selected package 'teleop_tools_msgs' in 'src/f1tenth_system/teleop_tools/teleop_tools_msgs'
[8.507s] INFO:colcon.colcon_core.package_selection:Skipping not selected package 'vesc_msgs' in 'src/f1tenth_system/vesc/vesc_msgs'
[8.507s] INFO:colcon.colcon_core.package_selection:Skipping not selected package 'waypoint_generator' in 'src/waypoint_generator'
[8.507s] INFO:colcon.colcon_core.package_selection:Skipping not selected package 'waypoint_python' in 'src/waypoint_python'
[8.508s] INFO:colcon.colcon_core.package_selection:Skipping not selected package 'joy_teleop' in 'src/f1tenth_system/teleop_tools/joy_teleop'
[8.508s] INFO:colcon.colcon_core.package_selection:Skipping not selected package 'vesc_ackermann' in 'src/f1tenth_system/vesc/vesc_ackermann'
[8.508s] INFO:colcon.colcon_core.package_selection:Skipping not selected package 'vesc_driver' in 'src/f1tenth_system/vesc/vesc_driver'
[8.508s] INFO:colcon.colcon_core.package_selection:Skipping not selected package 'teleop_tools' in 'src/f1tenth_system/teleop_tools/teleop_tools'
[8.508s] INFO:colcon.colcon_core.package_selection:Skipping not selected package 'vesc' in 'src/f1tenth_system/vesc/vesc'
[8.508s] INFO:colcon.colcon_core.package_selection:Skipping not selected package 'f1tenth_stack' in 'src/f1tenth_system/f1tenth_stack'
[8.751s] Level 1:colcon.colcon_core.package_discovery:discover_packages(prefix_path) check parameters
[8.752s] Level 1:colcon.colcon_core.package_discovery:discover_packages(prefix_path) discover
[9.011s] DEBUG:colcon.colcon_installed_package_information.package_discovery:Found 20 installed packages in /home/f1tenth/f1tenth-ws/install
[9.141s] DEBUG:colcon.colcon_installed_package_information.package_discovery:Found 305 installed packages in /opt/ros/foxy
[9.148s] Level 1:colcon.colcon_core.package_discovery:discover_packages(prefix_path) using defaults
[9.715s] Level 5:colcon.colcon_core.verb:set package 'autonomous_drive' build argument 'cmake_args' from command line to 'None'
[9.715s] Level 5:colcon.colcon_core.verb:set package 'autonomous_drive' build argument 'cmake_target' from command line to 'None'
[9.716s] Level 5:colcon.colcon_core.verb:set package 'autonomous_drive' build argument 'cmake_target_skip_unavailable' from command line to 'False'
[9.716s] Level 5:colcon.colcon_core.verb:set package 'autonomous_drive' build argument 'cmake_clean_cache' from command line to 'False'
[9.716s] Level 5:colcon.colcon_core.verb:set package 'autonomous_drive' build argument 'cmake_clean_first' from command line to 'False'
[9.716s] Level 5:colcon.colcon_core.verb:set package 'autonomous_drive' build argument 'cmake_force_configure' from command line to 'False'
[9.716s] Level 5:colcon.colcon_core.verb:set package 'autonomous_drive' build argument 'ament_cmake_args' from command line to 'None'
[9.716s] Level 5:colcon.colcon_core.verb:set package 'autonomous_drive' build argument 'catkin_cmake_args' from command line to 'None'
[9.717s] Level 5:colcon.colcon_core.verb:set package 'autonomous_drive' build argument 'catkin_skip_building_tests' from command line to 'False'
[9.717s] DEBUG:colcon.colcon_core.verb:Building package 'autonomous_drive' with the following arguments: {'ament_cmake_args': None, 'build_base': '/home/f1tenth/f1tenth-ws/build/autonomous_drive', 'catkin_cmake_args': None, 'catkin_skip_building_tests': False, 'cmake_args': None, 'cmake_clean_cache': False, 'cmake_clean_first': False, 'cmake_force_configure': False, 'cmake_target': None, 'cmake_target_skip_unavailable': False, 'install_base': '/home/f1tenth/f1tenth-ws/install/autonomous_drive', 'merge_install': False, 'path': '/home/f1tenth/f1tenth-ws/src/autonomous_drive', 'symlink_install': False, 'test_result_base': None}
[9.840s] Level 5:colcon.colcon_core.verb:set package 'safety_node' build argument 'cmake_args' from command line to 'None'
[9.840s] Level 5:colcon.colcon_core.verb:set package 'safety_node' build argument 'cmake_target' from command line to 'None'
[9.840s] Level 5:colcon.colcon_core.verb:set package 'safety_node' build argument 'cmake_target_skip_unavailable' from command line to 'False'
[9.840s] Level 5:colcon.colcon_core.verb:set package 'safety_node' build argument 'cmake_clean_cache' from command line to 'False'
[9.840s] Level 5:colcon.colcon_core.verb:set package 'safety_node' build argument 'cmake_clean_first' from command line to 'False'
[9.841s] Level 5:colcon.colcon_core.verb:set package 'safety_node' build argument 'cmake_force_configure' from command line to 'False'
[9.841s] Level 5:colcon.colcon_core.verb:set package 'safety_node' build argument 'ament_cmake_args' from command line to 'None'
[9.841s] Level 5:colcon.colcon_core.verb:set package 'safety_node' build argument 'catkin_cmake_args' from command line to 'None'
[9.841s] Level 5:colcon.colcon_core.verb:set package 'safety_node' build argument 'catkin_skip_building_tests' from command line to 'False'
[9.841s] DEBUG:colcon.colcon_core.verb:Building package 'safety_node' with the following arguments: {'ament_cmake_args': None, 'build_base': '/home/f1tenth/f1tenth-ws/build/safety_node', 'catkin_cmake_args': None, 'catkin_skip_building_tests': False, 'cmake_args': None, 'cmake_clean_cache': False, 'cmake_clean_first': False, 'cmake_force_configure': False, 'cmake_target': None, 'cmake_target_skip_unavailable': False, 'install_base': '/home/f1tenth/f1tenth-ws/install/safety_node', 'merge_install': False, 'path': '/home/f1tenth/f1tenth-ws/src/safety_node', 'symlink_install': False, 'test_result_base': None}
[9.963s] INFO:colcon.colcon_core.executor:Executing jobs using 'parallel' executor
[10.090s] DEBUG:colcon.colcon_parallel_executor.executor.parallel:run_until_complete
[10.091s] INFO:colcon.colcon_ros.task.ament_python.build:Building ROS package in '/home/f1tenth/f1tenth-ws/src/autonomous_drive' with build type 'ament_python'
[10.092s] Level 1:colcon.colcon_core.shell:create_environment_hook('autonomous_drive', 'ament_prefix_path')
[10.229s] INFO:colcon.colcon_core.plugin_system:Skipping extension 'colcon_core.shell.bat': Not used on non-Windows systems
[10.230s] INFO:colcon.colcon_core.shell:Creating environment hook '/home/f1tenth/f1tenth-ws/install/autonomous_drive/share/autonomous_drive/hook/ament_prefix_path.ps1'
[10.232s] INFO:colcon.colcon_core.shell:Creating environment descriptor '/home/f1tenth/f1tenth-ws/install/autonomous_drive/share/autonomous_drive/hook/ament_prefix_path.dsv'
[10.234s] INFO:colcon.colcon_core.shell:Creating environment hook '/home/f1tenth/f1tenth-ws/install/autonomous_drive/share/autonomous_drive/hook/ament_prefix_path.sh'
[10.362s] INFO:colcon.colcon_core.shell:Skip shell extension 'powershell' for command environment: Not usable outside of PowerShell
[10.363s] DEBUG:colcon.colcon_core.shell:Skip shell extension 'dsv' for command environment
[10.765s] INFO:colcon.colcon_ros.task.ament_cmake.build:Building ROS package in '/home/f1tenth/f1tenth-ws/src/safety_node' with build type 'ament_cmake'
[10.768s] INFO:colcon.colcon_cmake.task.cmake.build:Building CMake package in '/home/f1tenth/f1tenth-ws/src/safety_node'
[10.909s] INFO:colcon.colcon_core.shell:Skip shell extension 'powershell' for command environment: Not usable outside of PowerShell
[10.910s] DEBUG:colcon.colcon_core.shell:Skip shell extension 'dsv' for command environment
[12.274s] INFO:colcon.colcon_core.task.python.build:Building Python package in '/home/f1tenth/f1tenth-ws/src/autonomous_drive'
[12.418s] INFO:colcon.colcon_core.shell:Skip shell extension 'powershell' for command environment: Not usable outside of PowerShell
[12.418s] DEBUG:colcon.colcon_core.shell:Skip shell extension 'dsv' for command environment
[12.852s] DEBUG:colcon.colcon_core.event_handler.log_command:Invoking command in '/home/f1tenth/f1tenth-ws/build/safety_node': CMAKE_PREFIX_PATH=${CMAKE_PREFIX_PATH}:/home/f1tenth/f1tenth-ws/install/waypoint_python:/home/f1tenth/f1tenth-ws/install/f1tenth_stack:/home/f1tenth/f1tenth-ws/install/joy_teleop:/home/f1tenth/f1tenth-ws/install/particle_filter:/home/f1tenth/f1tenth-ws/install/mpc:/home/f1tenth/f1tenth-ws/install/mouse_teleop:/home/f1tenth/f1tenth-ws/install/key_teleop:/home/f1tenth/f1tenth-ws/install/example_py:/home/f1tenth/f1tenth-ws/install/autonomous_drive:/opt/ros/foxy /usr/bin/cmake --build /home/f1tenth/f1tenth-ws/build/safety_node -- -j4 -l4
[13.212s] DEBUG:colcon.colcon_core.event_handler.log_command:Invoked command in '/home/f1tenth/f1tenth-ws/build/safety_node' returned '0': CMAKE_PREFIX_PATH=${CMAKE_PREFIX_PATH}:/home/f1tenth/f1tenth-ws/install/waypoint_python:/home/f1tenth/f1tenth-ws/install/f1tenth_stack:/home/f1tenth/f1tenth-ws/install/joy_teleop:/home/f1tenth/f1tenth-ws/install/particle_filter:/home/f1tenth/f1tenth-ws/install/mpc:/home/f1tenth/f1tenth-ws/install/mouse_teleop:/home/f1tenth/f1tenth-ws/install/key_teleop:/home/f1tenth/f1tenth-ws/install/example_py:/home/f1tenth/f1tenth-ws/install/autonomous_drive:/opt/ros/foxy /usr/bin/cmake --build /home/f1tenth/f1tenth-ws/build/safety_node -- -j4 -l4
[13.396s] DEBUG:colcon.colcon_core.event_handler.log_command:Invoking command in '/home/f1tenth/f1tenth-ws/build/safety_node': CMAKE_PREFIX_PATH=${CMAKE_PREFIX_PATH}:/home/f1tenth/f1tenth-ws/install/waypoint_python:/home/f1tenth/f1tenth-ws/install/f1tenth_stack:/home/f1tenth/f1tenth-ws/install/joy_teleop:/home/f1tenth/f1tenth-ws/install/particle_filter:/home/f1tenth/f1tenth-ws/install/mpc:/home/f1tenth/f1tenth-ws/install/mouse_teleop:/home/f1tenth/f1tenth-ws/install/key_teleop:/home/f1tenth/f1tenth-ws/install/example_py:/home/f1tenth/f1tenth-ws/install/autonomous_drive:/opt/ros/foxy /usr/bin/cmake --install /home/f1tenth/f1tenth-ws/build/safety_node
[13.611s] Level 1:colcon.colcon_core.environment:create_environment_scripts_only(safety_node)
[13.613s] DEBUG:colcon.colcon_core.event_handler.log_command:Invoked command in '/home/f1tenth/f1tenth-ws/build/safety_node' returned '0': CMAKE_PREFIX_PATH=${CMAKE_PREFIX_PATH}:/home/f1tenth/f1tenth-ws/install/waypoint_python:/home/f1tenth/f1tenth-ws/install/f1tenth_stack:/home/f1tenth/f1tenth-ws/install/joy_teleop:/home/f1tenth/f1tenth-ws/install/particle_filter:/home/f1tenth/f1tenth-ws/install/mpc:/home/f1tenth/f1tenth-ws/install/mouse_teleop:/home/f1tenth/f1tenth-ws/install/key_teleop:/home/f1tenth/f1tenth-ws/install/example_py:/home/f1tenth/f1tenth-ws/install/autonomous_drive:/opt/ros/foxy /usr/bin/cmake --install /home/f1tenth/f1tenth-ws/build/safety_node
[13.781s] Level 1:colcon.colcon_core.environment:checking '/home/f1tenth/f1tenth-ws/install/safety_node' for CMake module files
[13.783s] Level 1:colcon.colcon_core.environment:checking '/home/f1tenth/f1tenth-ws/install/safety_node' for CMake config files
[13.785s] Level 1:colcon.colcon_core.shell:create_environment_hook('safety_node', 'cmake_prefix_path')
[13.928s] INFO:colcon.colcon_core.shell:Creating environment hook '/home/f1tenth/f1tenth-ws/install/safety_node/share/safety_node/hook/cmake_prefix_path.ps1'
[13.931s] INFO:colcon.colcon_core.shell:Creating environment descriptor '/home/f1tenth/f1tenth-ws/install/safety_node/share/safety_node/hook/cmake_prefix_path.dsv'
[13.932s] INFO:colcon.colcon_core.shell:Creating environment hook '/home/f1tenth/f1tenth-ws/install/safety_node/share/safety_node/hook/cmake_prefix_path.sh'
[13.936s] Level 1:colcon.colcon_core.environment:checking '/home/f1tenth/f1tenth-ws/install/safety_node/lib'
[13.936s] Level 1:colcon.colcon_core.environment:checking '/home/f1tenth/f1tenth-ws/install/safety_node/bin'
[13.937s] Level 1:colcon.colcon_core.environment:checking '/home/f1tenth/f1tenth-ws/install/safety_node/lib/pkgconfig/safety_node.pc'
[13.938s] Level 1:colcon.colcon_core.environment:checking '/home/f1tenth/f1tenth-ws/install/safety_node/lib/python3.8/site-packages'
[13.938s] Level 1:colcon.colcon_core.shell:create_environment_hook('safety_node', 'pythonpath')
[14.075s] INFO:colcon.colcon_core.shell:Creating environment hook '/home/f1tenth/f1tenth-ws/install/safety_node/share/safety_node/hook/pythonpath.ps1'
[14.077s] INFO:colcon.colcon_core.shell:Creating environment descriptor '/home/f1tenth/f1tenth-ws/install/safety_node/share/safety_node/hook/pythonpath.dsv'
[14.078s] INFO:colcon.colcon_core.shell:Creating environment hook '/home/f1tenth/f1tenth-ws/install/safety_node/share/safety_node/hook/pythonpath.sh'
[14.080s] Level 1:colcon.colcon_core.environment:checking '/home/f1tenth/f1tenth-ws/install/safety_node/bin'
[14.224s] INFO:colcon.colcon_core.shell:Creating package script '/home/f1tenth/f1tenth-ws/install/safety_node/share/safety_node/package.ps1'
[14.227s] INFO:colcon.colcon_core.shell:Creating package descriptor '/home/f1tenth/f1tenth-ws/install/safety_node/share/safety_node/package.dsv'
[14.230s] INFO:colcon.colcon_core.shell:Creating package script '/home/f1tenth/f1tenth-ws/install/safety_node/share/safety_node/package.sh'
[14.233s] INFO:colcon.colcon_core.shell:Creating package script '/home/f1tenth/f1tenth-ws/install/safety_node/share/safety_node/package.bash'
[14.235s] INFO:colcon.colcon_core.shell:Creating package script '/home/f1tenth/f1tenth-ws/install/safety_node/share/safety_node/package.zsh'
[14.238s] Level 1:colcon.colcon_core.environment:create_file_with_runtime_dependencies(/home/f1tenth/f1tenth-ws/install/safety_node/share/colcon-core/packages/safety_node)
[14.512s] Level 1:colcon.colcon_core.environment:create_environment_scripts_only(safety_node)
[14.642s] Level 1:colcon.colcon_core.environment:checking '/home/f1tenth/f1tenth-ws/install/safety_node' for CMake module files
[14.644s] Level 1:colcon.colcon_core.environment:checking '/home/f1tenth/f1tenth-ws/install/safety_node' for CMake config files
[14.646s] Level 1:colcon.colcon_core.shell:create_environment_hook('safety_node', 'cmake_prefix_path')
[14.776s] INFO:colcon.colcon_core.shell:Creating environment hook '/home/f1tenth/f1tenth-ws/install/safety_node/share/safety_node/hook/cmake_prefix_path.ps1'
[14.778s] INFO:colcon.colcon_core.shell:Creating environment descriptor '/home/f1tenth/f1tenth-ws/install/safety_node/share/safety_node/hook/cmake_prefix_path.dsv'
[14.779s] INFO:colcon.colcon_core.shell:Creating environment hook '/home/f1tenth/f1tenth-ws/install/safety_node/share/safety_node/hook/cmake_prefix_path.sh'
[14.783s] Level 1:colcon.colcon_core.environment:checking '/home/f1tenth/f1tenth-ws/install/safety_node/lib'
[14.784s] Level 1:colcon.colcon_core.environment:checking '/home/f1tenth/f1tenth-ws/install/safety_node/bin'
[14.784s] Level 1:colcon.colcon_core.environment:checking '/home/f1tenth/f1tenth-ws/install/safety_node/lib/pkgconfig/safety_node.pc'
[14.785s] Level 1:colcon.colcon_core.environment:checking '/home/f1tenth/f1tenth-ws/install/safety_node/lib/python3.8/site-packages'
[14.785s] Level 1:colcon.colcon_core.shell:create_environment_hook('safety_node', 'pythonpath')
[14.915s] INFO:colcon.colcon_core.shell:Creating environment hook '/home/f1tenth/f1tenth-ws/install/safety_node/share/safety_node/hook/pythonpath.ps1'
[14.917s] INFO:colcon.colcon_core.shell:Creating environment descriptor '/home/f1tenth/f1tenth-ws/install/safety_node/share/safety_node/hook/pythonpath.dsv'
[14.919s] INFO:colcon.colcon_core.shell:Creating environment hook '/home/f1tenth/f1tenth-ws/install/safety_node/share/safety_node/hook/pythonpath.sh'
[14.922s] Level 1:colcon.colcon_core.environment:checking '/home/f1tenth/f1tenth-ws/install/safety_node/bin'
[15.050s] INFO:colcon.colcon_core.shell:Creating package script '/home/f1tenth/f1tenth-ws/install/safety_node/share/safety_node/package.ps1'
[15.053s] INFO:colcon.colcon_core.shell:Creating package descriptor '/home/f1tenth/f1tenth-ws/install/safety_node/share/safety_node/package.dsv'
[15.055s] INFO:colcon.colcon_core.shell:Creating package script '/home/f1tenth/f1tenth-ws/install/safety_node/share/safety_node/package.sh'
[15.057s] INFO:colcon.colcon_core.shell:Creating package script '/home/f1tenth/f1tenth-ws/install/safety_node/share/safety_node/package.bash'
[15.059s] INFO:colcon.colcon_core.shell:Creating package script '/home/f1tenth/f1tenth-ws/install/safety_node/share/safety_node/package.zsh'
[15.060s] Level 1:colcon.colcon_core.environment:create_file_with_runtime_dependencies(/home/f1tenth/f1tenth-ws/install/safety_node/share/colcon-core/packages/safety_node)
[15.084s] DEBUG:colcon.colcon_core.event_handler.log_command:Invoking command in '/home/f1tenth/f1tenth-ws/src/autonomous_drive': PYTHONPATH=/home/f1tenth/f1tenth-ws/build/autonomous_drive/prefix_override:/home/f1tenth/f1tenth-ws/install/autonomous_drive/lib/python3.8/site-packages:${PYTHONPATH} /usr/bin/python3 setup.py egg_info --egg-base ../../build/autonomous_drive build --build-base /home/f1tenth/f1tenth-ws/build/autonomous_drive/build install --record /home/f1tenth/f1tenth-ws/build/autonomous_drive/install.log --install-scripts $base/lib/autonomous_drive --single-version-externally-managed
[16.258s] DEBUG:colcon.colcon_core.event_handler.log_command:Invoked command in '/home/f1tenth/f1tenth-ws/src/autonomous_drive' returned '0': PYTHONPATH=/home/f1tenth/f1tenth-ws/build/autonomous_drive/prefix_override:/home/f1tenth/f1tenth-ws/install/autonomous_drive/lib/python3.8/site-packages:${PYTHONPATH} /usr/bin/python3 setup.py egg_info --egg-base ../../build/autonomous_drive build --build-base /home/f1tenth/f1tenth-ws/build/autonomous_drive/build install --record /home/f1tenth/f1tenth-ws/build/autonomous_drive/install.log --install-scripts $base/lib/autonomous_drive --single-version-externally-managed
[16.414s] Level 1:colcon.colcon_core.environment:checking '/home/f1tenth/f1tenth-ws/install/autonomous_drive' for CMake module files
[16.416s] Level 1:colcon.colcon_core.environment:checking '/home/f1tenth/f1tenth-ws/install/autonomous_drive' for CMake config files
[16.418s] Level 1:colcon.colcon_core.environment:checking '/home/f1tenth/f1tenth-ws/install/autonomous_drive/lib'
[16.419s] Level 1:colcon.colcon_core.environment:checking '/home/f1tenth/f1tenth-ws/install/autonomous_drive/bin'
[16.419s] Level 1:colcon.colcon_core.environment:checking '/home/f1tenth/f1tenth-ws/install/autonomous_drive/lib/pkgconfig/autonomous_drive.pc'
[16.420s] Level 1:colcon.colcon_core.environment:checking '/home/f1tenth/f1tenth-ws/install/autonomous_drive/lib/python3.8/site-packages'
[16.420s] Level 1:colcon.colcon_core.shell:create_environment_hook('autonomous_drive', 'pythonpath')
[16.557s] INFO:colcon.colcon_core.shell:Creating environment hook '/home/f1tenth/f1tenth-ws/install/autonomous_drive/share/autonomous_drive/hook/pythonpath.ps1'
[16.560s] INFO:colcon.colcon_core.shell:Creating environment descriptor '/home/f1tenth/f1tenth-ws/install/autonomous_drive/share/autonomous_drive/hook/pythonpath.dsv'
[16.562s] INFO:colcon.colcon_core.shell:Creating environment hook '/home/f1tenth/f1tenth-ws/install/autonomous_drive/share/autonomous_drive/hook/pythonpath.sh'
[16.564s] Level 1:colcon.colcon_core.environment:checking '/home/f1tenth/f1tenth-ws/install/autonomous_drive/bin'
[16.564s] Level 1:colcon.colcon_core.environment:create_environment_scripts_only(autonomous_drive)
[16.694s] INFO:colcon.colcon_core.shell:Creating package script '/home/f1tenth/f1tenth-ws/install/autonomous_drive/share/autonomous_drive/package.ps1'
[16.696s] INFO:colcon.colcon_core.shell:Creating package descriptor '/home/f1tenth/f1tenth-ws/install/autonomous_drive/share/autonomous_drive/package.dsv'
[16.698s] INFO:colcon.colcon_core.shell:Creating package script '/home/f1tenth/f1tenth-ws/install/autonomous_drive/share/autonomous_drive/package.sh'
[16.700s] INFO:colcon.colcon_core.shell:Creating package script '/home/f1tenth/f1tenth-ws/install/autonomous_drive/share/autonomous_drive/package.bash'
[16.701s] INFO:colcon.colcon_core.shell:Creating package script '/home/f1tenth/f1tenth-ws/install/autonomous_drive/share/autonomous_drive/package.zsh'
[16.702s] Level 1:colcon.colcon_core.environment:create_file_with_runtime_dependencies(/home/f1tenth/f1tenth-ws/install/autonomous_drive/share/colcon-core/packages/autonomous_drive)
[16.705s] DEBUG:colcon.colcon_parallel_executor.executor.parallel:closing loop
[16.707s] DEBUG:colcon.colcon_parallel_executor.executor.parallel:loop closed
[16.708s] DEBUG:colcon.colcon_parallel_executor.executor.parallel:run_until_complete finished with '0'
[16.708s] DEBUG:colcon.colcon_core.event_reactor:joining thread
[16.858s] INFO:colcon.colcon_core.plugin_system:Skipping extension 'colcon_notification.desktop_notification.terminal_notifier': Not used on non-Darwin systems
[16.858s] INFO:colcon.colcon_core.plugin_system:Skipping extension 'colcon_notification.desktop_notification.win32': Not used on non-Windows systems
[16.858s] INFO:colcon.colcon_notification.desktop_notification:Sending desktop notification using 'notify2'
[16.943s] DEBUG:colcon.colcon_core.event_reactor:joined thread
[17.087s] INFO:colcon.colcon_core.shell:Creating prefix script '/home/f1tenth/f1tenth-ws/install/local_setup.ps1'
[17.091s] INFO:colcon.colcon_core.shell:Creating prefix util module '/home/f1tenth/f1tenth-ws/install/_local_setup_util_ps1.py'
[17.097s] INFO:colcon.colcon_core.shell:Creating prefix chain script '/home/f1tenth/f1tenth-ws/install/setup.ps1'
[17.269s] INFO:colcon.colcon_core.shell:Creating prefix script '/home/f1tenth/f1tenth-ws/install/local_setup.sh'
[17.271s] INFO:colcon.colcon_core.shell:Creating prefix util module '/home/f1tenth/f1tenth-ws/install/_local_setup_util_sh.py'
[17.274s] INFO:colcon.colcon_core.shell:Creating prefix chain script '/home/f1tenth/f1tenth-ws/install/setup.sh'
[17.455s] INFO:colcon.colcon_core.shell:Creating prefix script '/home/f1tenth/f1tenth-ws/install/local_setup.bash'
[17.458s] INFO:colcon.colcon_core.shell:Creating prefix chain script '/home/f1tenth/f1tenth-ws/install/setup.bash'
[17.595s] INFO:colcon.colcon_core.shell:Creating prefix script '/home/f1tenth/f1tenth-ws/install/local_setup.zsh'
[17.597s] INFO:colcon.colcon_core.shell:Creating prefix chain script '/home/f1tenth/f1tenth-ws/install/setup.zsh'
