[1.905s] Invoking command in '/home/f1tenth/f1tenth-ws/build/teleop_tools_msgs': CMAKE_PREFIX_PATH=${CMAKE_PREFIX_PATH}:/home/f1tenth/f1tenth-ws/install/waypoint_python:/home/f1tenth/f1tenth-ws/install/f1tenth_stack:/home/f1tenth/f1tenth-ws/install/joy_teleop:/home/f1tenth/f1tenth-ws/install/particle_filter:/home/f1tenth/f1tenth-ws/install/mpc:/home/f1tenth/f1tenth-ws/install/mouse_teleop:/home/f1tenth/f1tenth-ws/install/key_teleop:/home/f1tenth/f1tenth-ws/install/example_py:/home/f1tenth/f1tenth-ws/install/autonomous_drive:/opt/ros/foxy /usr/bin/cmake --build /home/f1tenth/f1tenth-ws/build/teleop_tools_msgs -- -j4 -l4
[3.994s] [  9%] Built target teleop_tools_msgs__rosidl_generator_c
[3.998s] [ 12%] Built target teleop_tools_msgs__cpp
[4.000s] [ 22%] Built target teleop_tools_msgs__rosidl_typesupport_c
[4.001s] [ 32%] Built target teleop_tools_msgs__rosidl_typesupport_introspection_c
[4.003s] [ 41%] Built target teleop_tools_msgs__rosidl_typesupport_cpp
[4.006s] [ 51%] Built target teleop_tools_msgs__rosidl_typesupport_introspection_cpp
[4.008s] [ 61%] Built target teleop_tools_msgs__rosidl_typesupport_fastrtps_cpp
[4.009s] [ 70%] Built target teleop_tools_msgs__rosidl_typesupport_fastrtps_c
[4.010s] [ 70%] Built target teleop_tools_msgs
[4.019s] [ 74%] Built target teleop_tools_msgs__py
[4.023s] [ 80%] Built target teleop_tools_msgs__python
[4.025s] [ 87%] Built target teleop_tools_msgs__rosidl_typesupport_introspection_c__pyext
[4.032s] [ 93%] Built target teleop_tools_msgs__rosidl_typesupport_c__pyext
[4.033s] [100%] Built target teleop_tools_msgs__rosidl_typesupport_fastrtps_c__pyext
[4.049s] Invoked command in '/home/f1tenth/f1tenth-ws/build/teleop_tools_msgs' returned '0': CMAKE_PREFIX_PATH=${CMAKE_PREFIX_PATH}:/home/f1tenth/f1tenth-ws/install/waypoint_python:/home/f1tenth/f1tenth-ws/install/f1tenth_stack:/home/f1tenth/f1tenth-ws/install/joy_teleop:/home/f1tenth/f1tenth-ws/install/particle_filter:/home/f1tenth/f1tenth-ws/install/mpc:/home/f1tenth/f1tenth-ws/install/mouse_teleop:/home/f1tenth/f1tenth-ws/install/key_teleop:/home/f1tenth/f1tenth-ws/install/example_py:/home/f1tenth/f1tenth-ws/install/autonomous_drive:/opt/ros/foxy /usr/bin/cmake --build /home/f1tenth/f1tenth-ws/build/teleop_tools_msgs -- -j4 -l4
[4.868s] Invoking command in '/home/f1tenth/f1tenth-ws/build/teleop_tools_msgs': CMAKE_PREFIX_PATH=${CMAKE_PREFIX_PATH}:/home/f1tenth/f1tenth-ws/install/waypoint_python:/home/f1tenth/f1tenth-ws/install/f1tenth_stack:/home/f1tenth/f1tenth-ws/install/joy_teleop:/home/f1tenth/f1tenth-ws/install/particle_filter:/home/f1tenth/f1tenth-ws/install/mpc:/home/f1tenth/f1tenth-ws/install/mouse_teleop:/home/f1tenth/f1tenth-ws/install/key_teleop:/home/f1tenth/f1tenth-ws/install/example_py:/home/f1tenth/f1tenth-ws/install/autonomous_drive:/opt/ros/foxy /usr/bin/cmake --install /home/f1tenth/f1tenth-ws/build/teleop_tools_msgs
[4.949s] -- Install configuration: ""
[4.949s] -- Up-to-date: /home/f1tenth/f1tenth-ws/install/teleop_tools_msgs/share/ament_index/resource_index/rosidl_interfaces/teleop_tools_msgs
[4.951s] -- Up-to-date: /home/f1tenth/f1tenth-ws/install/teleop_tools_msgs/include/teleop_tools_msgs
[4.951s] -- Up-to-date: /home/f1tenth/f1tenth-ws/install/teleop_tools_msgs/include/teleop_tools_msgs/msg
[4.954s] -- Up-to-date: /home/f1tenth/f1tenth-ws/install/teleop_tools_msgs/include/teleop_tools_msgs/msg/rosidl_generator_c__visibility_control.h
[4.954s] -- Up-to-date: /home/f1tenth/f1tenth-ws/install/teleop_tools_msgs/include/teleop_tools_msgs/action
[4.955s] -- Up-to-date: /home/f1tenth/f1tenth-ws/install/teleop_tools_msgs/include/teleop_tools_msgs/action/detail
[4.956s] -- Up-to-date: /home/f1tenth/f1tenth-ws/install/teleop_tools_msgs/include/teleop_tools_msgs/action/detail/increment__functions.c
[4.957s] -- Up-to-date: /home/f1tenth/f1tenth-ws/install/teleop_tools_msgs/include/teleop_tools_msgs/action/detail/increment__functions.h
[4.958s] -- Up-to-date: /home/f1tenth/f1tenth-ws/install/teleop_tools_msgs/include/teleop_tools_msgs/action/detail/increment__struct.h
[4.959s] -- Up-to-date: /home/f1tenth/f1tenth-ws/install/teleop_tools_msgs/include/teleop_tools_msgs/action/detail/increment__type_support.h
[4.960s] -- Up-to-date: /home/f1tenth/f1tenth-ws/install/teleop_tools_msgs/include/teleop_tools_msgs/action/increment.h
[4.960s] -- Up-to-date: /home/f1tenth/f1tenth-ws/install/teleop_tools_msgs/share/teleop_tools_msgs/environment/library_path.sh
[4.961s] -- Up-to-date: /home/f1tenth/f1tenth-ws/install/teleop_tools_msgs/share/teleop_tools_msgs/environment/library_path.dsv
[4.961s] -- Up-to-date: /home/f1tenth/f1tenth-ws/install/teleop_tools_msgs/lib/libteleop_tools_msgs__rosidl_generator_c.so
[4.965s] -- Up-to-date: /home/f1tenth/f1tenth-ws/install/teleop_tools_msgs/include/teleop_tools_msgs
[4.965s] -- Up-to-date: /home/f1tenth/f1tenth-ws/install/teleop_tools_msgs/include/teleop_tools_msgs/msg
[4.965s] -- Up-to-date: /home/f1tenth/f1tenth-ws/install/teleop_tools_msgs/include/teleop_tools_msgs/msg/rosidl_typesupport_fastrtps_c__visibility_control.h
[4.966s] -- Up-to-date: /home/f1tenth/f1tenth-ws/install/teleop_tools_msgs/include/teleop_tools_msgs/action
[4.967s] -- Up-to-date: /home/f1tenth/f1tenth-ws/install/teleop_tools_msgs/include/teleop_tools_msgs/action/detail
[4.968s] -- Up-to-date: /home/f1tenth/f1tenth-ws/install/teleop_tools_msgs/include/teleop_tools_msgs/action/detail/increment__rosidl_typesupport_fastrtps_c.h
[4.970s] -- Up-to-date: /home/f1tenth/f1tenth-ws/install/teleop_tools_msgs/lib/libteleop_tools_msgs__rosidl_typesupport_fastrtps_c.so
[4.972s] -- Up-to-date: /home/f1tenth/f1tenth-ws/install/teleop_tools_msgs/include/teleop_tools_msgs
[4.973s] -- Up-to-date: /home/f1tenth/f1tenth-ws/install/teleop_tools_msgs/include/teleop_tools_msgs/msg
[4.973s] -- Up-to-date: /home/f1tenth/f1tenth-ws/install/teleop_tools_msgs/include/teleop_tools_msgs/msg/rosidl_typesupport_fastrtps_cpp__visibility_control.h
[4.973s] -- Up-to-date: /home/f1tenth/f1tenth-ws/install/teleop_tools_msgs/include/teleop_tools_msgs/action
[4.974s] -- Up-to-date: /home/f1tenth/f1tenth-ws/install/teleop_tools_msgs/include/teleop_tools_msgs/action/detail
[4.974s] -- Up-to-date: /home/f1tenth/f1tenth-ws/install/teleop_tools_msgs/include/teleop_tools_msgs/action/detail/dds_fastrtps
[4.975s] -- Up-to-date: /home/f1tenth/f1tenth-ws/install/teleop_tools_msgs/include/teleop_tools_msgs/action/detail/increment__rosidl_typesupport_fastrtps_cpp.hpp
[4.976s] -- Up-to-date: /home/f1tenth/f1tenth-ws/install/teleop_tools_msgs/lib/libteleop_tools_msgs__rosidl_typesupport_fastrtps_cpp.so
[4.976s] -- Up-to-date: /home/f1tenth/f1tenth-ws/install/teleop_tools_msgs/include/teleop_tools_msgs
[4.978s] -- Up-to-date: /home/f1tenth/f1tenth-ws/install/teleop_tools_msgs/include/teleop_tools_msgs/msg
[4.978s] -- Up-to-date: /home/f1tenth/f1tenth-ws/install/teleop_tools_msgs/include/teleop_tools_msgs/msg/rosidl_typesupport_introspection_c__visibility_control.h
[4.979s] -- Up-to-date: /home/f1tenth/f1tenth-ws/install/teleop_tools_msgs/include/teleop_tools_msgs/action
[4.979s] -- Up-to-date: /home/f1tenth/f1tenth-ws/install/teleop_tools_msgs/include/teleop_tools_msgs/action/detail
[4.979s] -- Up-to-date: /home/f1tenth/f1tenth-ws/install/teleop_tools_msgs/include/teleop_tools_msgs/action/detail/increment__type_support.c
[4.980s] -- Up-to-date: /home/f1tenth/f1tenth-ws/install/teleop_tools_msgs/include/teleop_tools_msgs/action/detail/increment__rosidl_typesupport_introspection_c.h
[4.980s] -- Up-to-date: /home/f1tenth/f1tenth-ws/install/teleop_tools_msgs/lib/libteleop_tools_msgs__rosidl_typesupport_introspection_c.so
[4.984s] -- Up-to-date: /home/f1tenth/f1tenth-ws/install/teleop_tools_msgs/lib/libteleop_tools_msgs__rosidl_typesupport_c.so
[4.985s] -- Up-to-date: /home/f1tenth/f1tenth-ws/install/teleop_tools_msgs/include/teleop_tools_msgs
[4.986s] -- Up-to-date: /home/f1tenth/f1tenth-ws/install/teleop_tools_msgs/include/teleop_tools_msgs/msg
[4.986s] -- Up-to-date: /home/f1tenth/f1tenth-ws/install/teleop_tools_msgs/include/teleop_tools_msgs/msg/rosidl_generator_cpp__visibility_control.hpp
[4.986s] -- Up-to-date: /home/f1tenth/f1tenth-ws/install/teleop_tools_msgs/include/teleop_tools_msgs/action
[4.987s] -- Up-to-date: /home/f1tenth/f1tenth-ws/install/teleop_tools_msgs/include/teleop_tools_msgs/action/detail
[4.987s] -- Up-to-date: /home/f1tenth/f1tenth-ws/install/teleop_tools_msgs/include/teleop_tools_msgs/action/detail/increment__builder.hpp
[4.987s] -- Up-to-date: /home/f1tenth/f1tenth-ws/install/teleop_tools_msgs/include/teleop_tools_msgs/action/detail/increment__type_support.hpp
[4.988s] -- Up-to-date: /home/f1tenth/f1tenth-ws/install/teleop_tools_msgs/include/teleop_tools_msgs/action/detail/increment__traits.hpp
[4.988s] -- Up-to-date: /home/f1tenth/f1tenth-ws/install/teleop_tools_msgs/include/teleop_tools_msgs/action/detail/increment__struct.hpp
[4.989s] -- Up-to-date: /home/f1tenth/f1tenth-ws/install/teleop_tools_msgs/include/teleop_tools_msgs/action/increment.hpp
[4.989s] -- Up-to-date: /home/f1tenth/f1tenth-ws/install/teleop_tools_msgs/include/teleop_tools_msgs
[4.989s] -- Up-to-date: /home/f1tenth/f1tenth-ws/install/teleop_tools_msgs/include/teleop_tools_msgs/action
[4.990s] -- Up-to-date: /home/f1tenth/f1tenth-ws/install/teleop_tools_msgs/include/teleop_tools_msgs/action/detail
[4.990s] -- Up-to-date: /home/f1tenth/f1tenth-ws/install/teleop_tools_msgs/include/teleop_tools_msgs/action/detail/increment__type_support.cpp
[4.992s] -- Up-to-date: /home/f1tenth/f1tenth-ws/install/teleop_tools_msgs/include/teleop_tools_msgs/action/detail/increment__rosidl_typesupport_introspection_cpp.hpp
[4.993s] -- Up-to-date: /home/f1tenth/f1tenth-ws/install/teleop_tools_msgs/lib/libteleop_tools_msgs__rosidl_typesupport_introspection_cpp.so
[5.003s] -- Up-to-date: /home/f1tenth/f1tenth-ws/install/teleop_tools_msgs/lib/libteleop_tools_msgs__rosidl_typesupport_cpp.so
[5.011s] -- Up-to-date: /home/f1tenth/f1tenth-ws/install/teleop_tools_msgs/share/teleop_tools_msgs/environment/pythonpath.sh
[5.011s] -- Up-to-date: /home/f1tenth/f1tenth-ws/install/teleop_tools_msgs/share/teleop_tools_msgs/environment/pythonpath.dsv
[5.012s] -- Up-to-date: /home/f1tenth/f1tenth-ws/install/teleop_tools_msgs/lib/python3.8/site-packages/teleop_tools_msgs/__init__.py
[5.168s] -- Up-to-date: /home/f1tenth/f1tenth-ws/install/teleop_tools_msgs/lib/python3.8/site-packages/teleop_tools_msgs/action
[5.216s] -- Up-to-date: /home/f1tenth/f1tenth-ws/install/teleop_tools_msgs/lib/python3.8/site-packages/teleop_tools_msgs/action/__init__.py
[5.216s] -- Up-to-date: /home/f1tenth/f1tenth-ws/install/teleop_tools_msgs/lib/python3.8/site-packages/teleop_tools_msgs/action/_increment_s.c
[5.218s] -- Up-to-date: /home/f1tenth/f1tenth-ws/install/teleop_tools_msgs/lib/python3.8/site-packages/teleop_tools_msgs/action/_increment.py
[5.219s] -- Up-to-date: /home/f1tenth/f1tenth-ws/install/teleop_tools_msgs/lib/python3.8/site-packages/teleop_tools_msgs/teleop_tools_msgs_s__rosidl_typesupport_fastrtps_c.cpython-38-aarch64-linux-gnu.so
[5.227s] -- Up-to-date: /home/f1tenth/f1tenth-ws/install/teleop_tools_msgs/lib/python3.8/site-packages/teleop_tools_msgs/teleop_tools_msgs_s__rosidl_typesupport_introspection_c.cpython-38-aarch64-linux-gnu.so
[5.228s] -- Up-to-date: /home/f1tenth/f1tenth-ws/install/teleop_tools_msgs/lib/python3.8/site-packages/teleop_tools_msgs/teleop_tools_msgs_s__rosidl_typesupport_c.cpython-38-aarch64-linux-gnu.so
[5.247s] -- Up-to-date: /home/f1tenth/f1tenth-ws/install/teleop_tools_msgs/lib/libteleop_tools_msgs__python.so
[5.260s] -- Up-to-date: /home/f1tenth/f1tenth-ws/install/teleop_tools_msgs/share/teleop_tools_msgs/action/Increment.idl
[5.262s] -- Up-to-date: /home/f1tenth/f1tenth-ws/install/teleop_tools_msgs/share/teleop_tools_msgs/action/Increment.action
[5.263s] -- Up-to-date: /home/f1tenth/f1tenth-ws/install/teleop_tools_msgs/share/ament_index/resource_index/package_run_dependencies/teleop_tools_msgs
[5.264s] -- Up-to-date: /home/f1tenth/f1tenth-ws/install/teleop_tools_msgs/share/ament_index/resource_index/parent_prefix_path/teleop_tools_msgs
[5.265s] -- Up-to-date: /home/f1tenth/f1tenth-ws/install/teleop_tools_msgs/share/teleop_tools_msgs/environment/ament_prefix_path.sh
[5.267s] -- Up-to-date: /home/f1tenth/f1tenth-ws/install/teleop_tools_msgs/share/teleop_tools_msgs/environment/ament_prefix_path.dsv
[5.269s] -- Up-to-date: /home/f1tenth/f1tenth-ws/install/teleop_tools_msgs/share/teleop_tools_msgs/environment/path.sh
[5.272s] -- Up-to-date: /home/f1tenth/f1tenth-ws/install/teleop_tools_msgs/share/teleop_tools_msgs/environment/path.dsv
[5.275s] -- Up-to-date: /home/f1tenth/f1tenth-ws/install/teleop_tools_msgs/share/teleop_tools_msgs/local_setup.bash
[5.276s] -- Up-to-date: /home/f1tenth/f1tenth-ws/install/teleop_tools_msgs/share/teleop_tools_msgs/local_setup.sh
[5.276s] -- Up-to-date: /home/f1tenth/f1tenth-ws/install/teleop_tools_msgs/share/teleop_tools_msgs/local_setup.zsh
[5.276s] -- Up-to-date: /home/f1tenth/f1tenth-ws/install/teleop_tools_msgs/share/teleop_tools_msgs/local_setup.dsv
[5.277s] -- Installing: /home/f1tenth/f1tenth-ws/install/teleop_tools_msgs/share/teleop_tools_msgs/package.dsv
[5.300s] -- Up-to-date: /home/f1tenth/f1tenth-ws/install/teleop_tools_msgs/share/ament_index/resource_index/packages/teleop_tools_msgs
[5.300s] -- Up-to-date: /home/f1tenth/f1tenth-ws/install/teleop_tools_msgs/share/teleop_tools_msgs/cmake/teleop_tools_msgs__rosidl_generator_cExport.cmake
[5.300s] -- Up-to-date: /home/f1tenth/f1tenth-ws/install/teleop_tools_msgs/share/teleop_tools_msgs/cmake/teleop_tools_msgs__rosidl_generator_cExport-noconfig.cmake
[5.301s] -- Up-to-date: /home/f1tenth/f1tenth-ws/install/teleop_tools_msgs/share/teleop_tools_msgs/cmake/teleop_tools_msgs__rosidl_typesupport_introspection_cExport.cmake
[5.302s] -- Up-to-date: /home/f1tenth/f1tenth-ws/install/teleop_tools_msgs/share/teleop_tools_msgs/cmake/teleop_tools_msgs__rosidl_typesupport_introspection_cExport-noconfig.cmake
[5.302s] -- Up-to-date: /home/f1tenth/f1tenth-ws/install/teleop_tools_msgs/share/teleop_tools_msgs/cmake/teleop_tools_msgs__rosidl_typesupport_cExport.cmake
[5.303s] -- Up-to-date: /home/f1tenth/f1tenth-ws/install/teleop_tools_msgs/share/teleop_tools_msgs/cmake/teleop_tools_msgs__rosidl_typesupport_cExport-noconfig.cmake
[5.303s] -- Up-to-date: /home/f1tenth/f1tenth-ws/install/teleop_tools_msgs/share/teleop_tools_msgs/cmake/teleop_tools_msgs__rosidl_generator_cppExport.cmake
[5.304s] -- Up-to-date: /home/f1tenth/f1tenth-ws/install/teleop_tools_msgs/share/teleop_tools_msgs/cmake/teleop_tools_msgs__rosidl_typesupport_introspection_cppExport.cmake
[5.304s] -- Up-to-date: /home/f1tenth/f1tenth-ws/install/teleop_tools_msgs/share/teleop_tools_msgs/cmake/teleop_tools_msgs__rosidl_typesupport_introspection_cppExport-noconfig.cmake
[5.305s] -- Up-to-date: /home/f1tenth/f1tenth-ws/install/teleop_tools_msgs/share/teleop_tools_msgs/cmake/teleop_tools_msgs__rosidl_typesupport_cppExport.cmake
[5.305s] -- Up-to-date: /home/f1tenth/f1tenth-ws/install/teleop_tools_msgs/share/teleop_tools_msgs/cmake/teleop_tools_msgs__rosidl_typesupport_cppExport-noconfig.cmake
[5.305s] -- Up-to-date: /home/f1tenth/f1tenth-ws/install/teleop_tools_msgs/share/teleop_tools_msgs/cmake/rosidl_cmake-extras.cmake
[5.306s] -- Up-to-date: /home/f1tenth/f1tenth-ws/install/teleop_tools_msgs/share/teleop_tools_msgs/cmake/ament_cmake_export_dependencies-extras.cmake
[5.306s] -- Up-to-date: /home/f1tenth/f1tenth-ws/install/teleop_tools_msgs/share/teleop_tools_msgs/cmake/ament_cmake_export_libraries-extras.cmake
[5.306s] -- Up-to-date: /home/f1tenth/f1tenth-ws/install/teleop_tools_msgs/share/teleop_tools_msgs/cmake/ament_cmake_export_targets-extras.cmake
[5.307s] -- Up-to-date: /home/f1tenth/f1tenth-ws/install/teleop_tools_msgs/share/teleop_tools_msgs/cmake/ament_cmake_export_include_directories-extras.cmake
[5.307s] -- Up-to-date: /home/f1tenth/f1tenth-ws/install/teleop_tools_msgs/share/teleop_tools_msgs/cmake/rosidl_cmake_export_typesupport_libraries-extras.cmake
[5.308s] -- Up-to-date: /home/f1tenth/f1tenth-ws/install/teleop_tools_msgs/share/teleop_tools_msgs/cmake/rosidl_cmake_export_typesupport_targets-extras.cmake
[5.308s] -- Up-to-date: /home/f1tenth/f1tenth-ws/install/teleop_tools_msgs/share/teleop_tools_msgs/cmake/teleop_tools_msgsConfig.cmake
[5.309s] -- Up-to-date: /home/f1tenth/f1tenth-ws/install/teleop_tools_msgs/share/teleop_tools_msgs/cmake/teleop_tools_msgsConfig-version.cmake
[5.311s] -- Up-to-date: /home/f1tenth/f1tenth-ws/install/teleop_tools_msgs/share/teleop_tools_msgs/package.xml
[7.184s] Invoked command in '/home/f1tenth/f1tenth-ws/build/teleop_tools_msgs' returned '0': CMAKE_PREFIX_PATH=${CMAKE_PREFIX_PATH}:/home/f1tenth/f1tenth-ws/install/waypoint_python:/home/f1tenth/f1tenth-ws/install/f1tenth_stack:/home/f1tenth/f1tenth-ws/install/joy_teleop:/home/f1tenth/f1tenth-ws/install/particle_filter:/home/f1tenth/f1tenth-ws/install/mpc:/home/f1tenth/f1tenth-ws/install/mouse_teleop:/home/f1tenth/f1tenth-ws/install/key_teleop:/home/f1tenth/f1tenth-ws/install/example_py:/home/f1tenth/f1tenth-ws/install/autonomous_drive:/opt/ros/foxy /usr/bin/cmake --install /home/f1tenth/f1tenth-ws/build/teleop_tools_msgs
