[3.494s] Invoking command in '/home/f1tenth/f1tenth-ws/build/range_lib': /usr/bin/cmake --build /home/f1tenth/f1tenth-ws/build/range_lib -- -j4 -l4
[3.723s] [ 33%] Built target gflags_static
[3.732s] [ 66%] Built target gflags_nothreads_static
[3.874s] [100%] Built target range_lib
[4.655s] Invoked command in '/home/f1tenth/f1tenth-ws/build/range_lib' returned '0': /usr/bin/cmake --build /home/f1tenth/f1tenth-ws/build/range_lib -- -j4 -l4
[4.837s] Invoking command in '/home/f1tenth/f1tenth-ws/build/range_lib': /usr/bin/cmake --install /home/f1tenth/f1tenth-ws/build/range_lib
[4.906s] -- Install configuration: "Release"
[4.908s] -- Up-to-date: /home/f1tenth/f1tenth-ws/install/range_lib/lib/libgflags.a
[4.909s] -- Up-to-date: /home/f1tenth/f1tenth-ws/install/range_lib/lib/libgflags_nothreads.a
[4.909s] -- Up-to-date: /home/f1tenth/f1tenth-ws/install/range_lib/include/gflags/gflags.h
[4.909s] -- Up-to-date: /home/f1tenth/f1tenth-ws/install/range_lib/include/gflags/gflags_declare.h
[4.910s] -- Up-to-date: /home/f1tenth/f1tenth-ws/install/range_lib/include/gflags/gflags_completions.h
[4.911s] -- Up-to-date: /home/f1tenth/f1tenth-ws/install/range_lib/include/gflags/gflags_gflags.h
[4.914s] -- Up-to-date: /home/f1tenth/f1tenth-ws/install/range_lib/lib/cmake/gflags/gflags-config.cmake
[4.925s] -- Up-to-date: /home/f1tenth/f1tenth-ws/install/range_lib/lib/cmake/gflags/gflags-config-version.cmake
[4.926s] -- Up-to-date: /home/f1tenth/f1tenth-ws/install/range_lib/lib/cmake/gflags/gflags-targets.cmake
[4.926s] -- Up-to-date: /home/f1tenth/f1tenth-ws/install/range_lib/bin/gflags_completions.sh
[4.926s] -- Up-to-date: /home/f1tenth/f1tenth-ws/install/range_lib/lib/pkgconfig/gflags.pc
[4.927s] -- Up-to-date: /home/f1tenth/.cmake/packages/gflags/82640e4dd78e15be868e31fea3737ff6
[4.929s] Invoked command in '/home/f1tenth/f1tenth-ws/build/range_lib' returned '0': /usr/bin/cmake --install /home/f1tenth/f1tenth-ws/build/range_lib
