[1.390s] Invoking command in '/mnt/nvme0n1/f1tenth_ws/build/ackermann_mux': CMAKE_PREFIX_PATH=${CMAKE_PREFIX_PATH}:/home/f1tenth/f1tenth-ws/install/f1tenth_stack:/home/f1tenth/f1tenth-ws/install/joy_teleop:/home/f1tenth/f1tenth-ws/install/mouse_teleop:/home/f1tenth/f1tenth-ws/install/key_teleop:/home/f1tenth/f1tenth-ws/install/example_py:/opt/ros/foxy /usr/bin/cmake --build /mnt/nvme0n1/f1tenth_ws/build/ackermann_mux -- -j4 -l4
[1.881s] [100%] Built target ackermann_mux
[3.795s] Invoked command in '/mnt/nvme0n1/f1tenth_ws/build/ackermann_mux' returned '0': CMAKE_PREFIX_PATH=${CMAKE_PREFIX_PATH}:/home/f1tenth/f1tenth-ws/install/f1tenth_stack:/home/f1tenth/f1tenth-ws/install/joy_teleop:/home/f1tenth/f1tenth-ws/install/mouse_teleop:/home/f1tenth/f1tenth-ws/install/key_teleop:/home/f1tenth/f1tenth-ws/install/example_py:/opt/ros/foxy /usr/bin/cmake --build /mnt/nvme0n1/f1tenth_ws/build/ackermann_mux -- -j4 -l4
[4.082s] Invoking command in '/mnt/nvme0n1/f1tenth_ws/build/ackermann_mux': CMAKE_PREFIX_PATH=${CMAKE_PREFIX_PATH}:/home/f1tenth/f1tenth-ws/install/f1tenth_stack:/home/f1tenth/f1tenth-ws/install/joy_teleop:/home/f1tenth/f1tenth-ws/install/mouse_teleop:/home/f1tenth/f1tenth-ws/install/key_teleop:/home/f1tenth/f1tenth-ws/install/example_py:/opt/ros/foxy /usr/bin/cmake --install /mnt/nvme0n1/f1tenth_ws/build/ackermann_mux
[4.138s] -- Install configuration: ""
[4.139s] -- Up-to-date: /mnt/nvme0n1/f1tenth_ws/install/ackermann_mux/lib/ackermann_mux/ackermann_mux
[4.145s] -- Up-to-date: /mnt/nvme0n1/f1tenth_ws/install/ackermann_mux/share/ackermann_mux/launch
[4.146s] -- Up-to-date: /mnt/nvme0n1/f1tenth_ws/install/ackermann_mux/share/ackermann_mux/launch/ackermann_mux_launch.py
[4.147s] -- Up-to-date: /mnt/nvme0n1/f1tenth_ws/install/ackermann_mux/share/ackermann_mux/config
[4.147s] -- Up-to-date: /mnt/nvme0n1/f1tenth_ws/install/ackermann_mux/share/ackermann_mux/config/joystick.yaml
[4.148s] -- Up-to-date: /mnt/nvme0n1/f1tenth_ws/install/ackermann_mux/share/ackermann_mux/config/ackermann_mux_locks.yaml
[4.148s] -- Up-to-date: /mnt/nvme0n1/f1tenth_ws/install/ackermann_mux/share/ackermann_mux/config/ackermann_mux_topics.yaml
[4.150s] -- Up-to-date: /mnt/nvme0n1/f1tenth_ws/install/ackermann_mux/include
[4.151s] -- Up-to-date: /mnt/nvme0n1/f1tenth_ws/install/ackermann_mux/include/ackermann_mux
[4.151s] -- Up-to-date: /mnt/nvme0n1/f1tenth_ws/install/ackermann_mux/include/ackermann_mux/utils.hpp
[4.152s] -- Up-to-date: /mnt/nvme0n1/f1tenth_ws/install/ackermann_mux/include/ackermann_mux/ackermann_mux_diagnostics_status.hpp
[4.152s] -- Up-to-date: /mnt/nvme0n1/f1tenth_ws/install/ackermann_mux/include/ackermann_mux/params_helpers.hpp
[4.153s] -- Up-to-date: /mnt/nvme0n1/f1tenth_ws/install/ackermann_mux/include/ackermann_mux/topic_handle.hpp
[4.154s] -- Up-to-date: /mnt/nvme0n1/f1tenth_ws/install/ackermann_mux/include/ackermann_mux/ackermann_mux.hpp
[4.154s] -- Up-to-date: /mnt/nvme0n1/f1tenth_ws/install/ackermann_mux/include/ackermann_mux/ackermann_mux_diagnostics.hpp
[4.155s] -- Up-to-date: /mnt/nvme0n1/f1tenth_ws/install/ackermann_mux/share/ament_index/resource_index/package_run_dependencies/ackermann_mux
[4.156s] -- Up-to-date: /mnt/nvme0n1/f1tenth_ws/install/ackermann_mux/share/ament_index/resource_index/parent_prefix_path/ackermann_mux
[4.156s] -- Up-to-date: /mnt/nvme0n1/f1tenth_ws/install/ackermann_mux/share/ackermann_mux/environment/ament_prefix_path.sh
[4.165s] -- Up-to-date: /mnt/nvme0n1/f1tenth_ws/install/ackermann_mux/share/ackermann_mux/environment/ament_prefix_path.dsv
[4.167s] -- Up-to-date: /mnt/nvme0n1/f1tenth_ws/install/ackermann_mux/share/ackermann_mux/environment/path.sh
[4.167s] -- Up-to-date: /mnt/nvme0n1/f1tenth_ws/install/ackermann_mux/share/ackermann_mux/environment/path.dsv
[4.167s] -- Up-to-date: /mnt/nvme0n1/f1tenth_ws/install/ackermann_mux/share/ackermann_mux/local_setup.bash
[4.168s] -- Up-to-date: /mnt/nvme0n1/f1tenth_ws/install/ackermann_mux/share/ackermann_mux/local_setup.sh
[4.168s] -- Up-to-date: /mnt/nvme0n1/f1tenth_ws/install/ackermann_mux/share/ackermann_mux/local_setup.zsh
[4.169s] -- Up-to-date: /mnt/nvme0n1/f1tenth_ws/install/ackermann_mux/share/ackermann_mux/local_setup.dsv
[4.169s] -- Installing: /mnt/nvme0n1/f1tenth_ws/install/ackermann_mux/share/ackermann_mux/package.dsv
[4.169s] -- Up-to-date: /mnt/nvme0n1/f1tenth_ws/install/ackermann_mux/share/ament_index/resource_index/packages/ackermann_mux
[4.170s] -- Up-to-date: /mnt/nvme0n1/f1tenth_ws/install/ackermann_mux/share/ackermann_mux/cmake/ament_cmake_export_include_directories-extras.cmake
[4.170s] -- Up-to-date: /mnt/nvme0n1/f1tenth_ws/install/ackermann_mux/share/ackermann_mux/cmake/ament_cmake_export_dependencies-extras.cmake
[4.170s] -- Up-to-date: /mnt/nvme0n1/f1tenth_ws/install/ackermann_mux/share/ackermann_mux/cmake/ackermann_muxConfig.cmake
[4.179s] -- Up-to-date: /mnt/nvme0n1/f1tenth_ws/install/ackermann_mux/share/ackermann_mux/cmake/ackermann_muxConfig-version.cmake
[4.198s] -- Up-to-date: /mnt/nvme0n1/f1tenth_ws/install/ackermann_mux/share/ackermann_mux/package.xml
[4.199s] Invoked command in '/mnt/nvme0n1/f1tenth_ws/build/ackermann_mux' returned '0': CMAKE_PREFIX_PATH=${CMAKE_PREFIX_PATH}:/home/f1tenth/f1tenth-ws/install/f1tenth_stack:/home/f1tenth/f1tenth-ws/install/joy_teleop:/home/f1tenth/f1tenth-ws/install/mouse_teleop:/home/f1tenth/f1tenth-ws/install/key_teleop:/home/f1tenth/f1tenth-ws/install/example_py:/opt/ros/foxy /usr/bin/cmake --install /mnt/nvme0n1/f1tenth_ws/build/ackermann_mux
