[0.624s] Invoking command in '/home/william/sim_ws/build/range_lib': /usr/bin/cmake --build /home/william/sim_ws/build/range_lib -- -j8 -l8
[0.685s] [ 33%] Built target gflags_static
[0.687s] [ 66%] Built target gflags_nothreads_static
[0.743s] [100%] Built target range_lib
[0.874s] Invoked command in '/home/william/sim_ws/build/range_lib' returned '0': /usr/bin/cmake --build /home/william/sim_ws/build/range_lib -- -j8 -l8
[1.072s] Invoking command in '/home/william/sim_ws/build/range_lib': /usr/bin/cmake --install /home/william/sim_ws/build/range_lib
[1.082s] -- Install configuration: "Release"
[1.082s] -- Up-to-date: /home/william/sim_ws/install/range_lib/lib/libgflags.a
[1.082s] -- Up-to-date: /home/william/sim_ws/install/range_lib/lib/libgflags_nothreads.a
[1.082s] -- Up-to-date: /home/william/sim_ws/install/range_lib/include/gflags/gflags.h
[1.083s] -- Up-to-date: /home/william/sim_ws/install/range_lib/include/gflags/gflags_declare.h
[1.083s] -- Up-to-date: /home/william/sim_ws/install/range_lib/include/gflags/gflags_completions.h
[1.083s] -- Up-to-date: /home/william/sim_ws/install/range_lib/include/gflags/gflags_gflags.h
[1.083s] -- Up-to-date: /home/william/sim_ws/install/range_lib/lib/cmake/gflags/gflags-config.cmake
[1.083s] -- Up-to-date: /home/william/sim_ws/install/range_lib/lib/cmake/gflags/gflags-config-version.cmake
[1.087s] -- Up-to-date: /home/william/sim_ws/install/range_lib/lib/cmake/gflags/gflags-targets.cmake
[1.087s] -- Up-to-date: /home/william/sim_ws/install/range_lib/bin/gflags_completions.sh
[1.087s] -- Up-to-date: /home/william/sim_ws/install/range_lib/lib/pkgconfig/gflags.pc
[1.087s] -- Up-to-date: /home/william/.cmake/packages/gflags/6f3b71e1441b90aa05967b6e00f3a05f
[1.348s] Invoked command in '/home/william/sim_ws/build/range_lib' returned '0': /usr/bin/cmake --install /home/william/sim_ws/build/range_lib
