[2.968s] Invoking command in '/home/f1tenth/f1tenth-ws/build/range_lib': /usr/bin/cmake --build /home/f1tenth/f1tenth-ws/build/range_lib -- -j4 -l4
[3.497s] [ 33%] Built target gflags_nothreads_static
[3.497s] [ 66%] Built target gflags_static
[3.497s] [100%] Built target range_lib
[4.192s] Invoked command in '/home/f1tenth/f1tenth-ws/build/range_lib' returned '0': /usr/bin/cmake --build /home/f1tenth/f1tenth-ws/build/range_lib -- -j4 -l4
[4.432s] Invoking command in '/home/f1tenth/f1tenth-ws/build/range_lib': /usr/bin/cmake --install /home/f1tenth/f1tenth-ws/build/range_lib
[4.524s] -- Install configuration: "Release"
[4.525s] -- Up-to-date: /home/f1tenth/f1tenth-ws/install/range_lib/lib/libgflags.a
[4.526s] -- Up-to-date: /home/f1tenth/f1tenth-ws/install/range_lib/lib/libgflags_nothreads.a
[4.527s] -- Up-to-date: /home/f1tenth/f1tenth-ws/install/range_lib/include/gflags/gflags.h
[4.527s] -- Up-to-date: /home/f1tenth/f1tenth-ws/install/range_lib/include/gflags/gflags_declare.h
[4.527s] -- Up-to-date: /home/f1tenth/f1tenth-ws/install/range_lib/include/gflags/gflags_completions.h
[4.529s] -- Up-to-date: /home/f1tenth/f1tenth-ws/install/range_lib/include/gflags/gflags_gflags.h
[4.533s] -- Up-to-date: /home/f1tenth/f1tenth-ws/install/range_lib/lib/cmake/gflags/gflags-config.cmake
[4.548s] -- Up-to-date: /home/f1tenth/f1tenth-ws/install/range_lib/lib/cmake/gflags/gflags-config-version.cmake
[4.549s] -- Up-to-date: /home/f1tenth/f1tenth-ws/install/range_lib/lib/cmake/gflags/gflags-targets.cmake
[4.549s] -- Up-to-date: /home/f1tenth/f1tenth-ws/install/range_lib/bin/gflags_completions.sh
[4.550s] -- Up-to-date: /home/f1tenth/f1tenth-ws/install/range_lib/lib/pkgconfig/gflags.pc
[4.550s] -- Up-to-date: /home/f1tenth/.cmake/packages/gflags/82640e4dd78e15be868e31fea3737ff6
[4.573s] Invoked command in '/home/f1tenth/f1tenth-ws/build/range_lib' returned '0': /usr/bin/cmake --install /home/f1tenth/f1tenth-ws/build/range_lib
