[1.088s] Invoking command in '/home/william/sim_ws/build/interfaces_hot_wheels': CMAKE_PREFIX_PATH=${CMAKE_PREFIX_PATH}:/home/william/sim_ws/install/particle_filter:/home/william/sim_ws/install/f1tenth_gym_ros:/opt/ros/foxy /usr/bin/cmake --build /home/william/sim_ws/build/interfaces_hot_wheels -- -j8 -l8
[2.020s] [  9%] Built target interfaces_hot_wheels__cpp
[2.021s] [ 12%] Built target interfaces_hot_wheels__rosidl_generator_c
[2.022s] [ 41%] Built target interfaces_hot_wheels__rosidl_typesupport_introspection_c
[2.022s] [ 41%] Built target interfaces_hot_wheels__rosidl_typesupport_introspection_cpp
[2.022s] [ 41%] Built target interfaces_hot_wheels__rosidl_typesupport_c
[2.022s] [ 51%] Built target interfaces_hot_wheels__rosidl_typesupport_cpp
[2.023s] [ 61%] Built target interfaces_hot_wheels__rosidl_typesupport_fastrtps_cpp
[2.023s] [ 70%] Built target interfaces_hot_wheels__rosidl_typesupport_fastrtps_c
[2.023s] [ 70%] Built target interfaces_hot_wheels
[2.023s] [ 74%] Built target interfaces_hot_wheels__py
[2.025s] [ 80%] Built target interfaces_hot_wheels__python
[2.025s] [100%] Built target interfaces_hot_wheels__rosidl_typesupport_introspection_c__pyext
[2.025s] [100%] Built target interfaces_hot_wheels__rosidl_typesupport_c__pyext
[2.026s] [100%] Built target interfaces_hot_wheels__rosidl_typesupport_fastrtps_c__pyext
[2.032s] Invoked command in '/home/william/sim_ws/build/interfaces_hot_wheels' returned '0': CMAKE_PREFIX_PATH=${CMAKE_PREFIX_PATH}:/home/william/sim_ws/install/particle_filter:/home/william/sim_ws/install/f1tenth_gym_ros:/opt/ros/foxy /usr/bin/cmake --build /home/william/sim_ws/build/interfaces_hot_wheels -- -j8 -l8
[2.082s] Invoking command in '/home/william/sim_ws/build/interfaces_hot_wheels': CMAKE_PREFIX_PATH=${CMAKE_PREFIX_PATH}:/home/william/sim_ws/install/particle_filter:/home/william/sim_ws/install/f1tenth_gym_ros:/opt/ros/foxy /usr/bin/cmake --install /home/william/sim_ws/build/interfaces_hot_wheels
[2.092s] -- Install configuration: ""
[2.092s] -- Up-to-date: /home/william/sim_ws/install/interfaces_hot_wheels/share/ament_index/resource_index/rosidl_interfaces/interfaces_hot_wheels
[2.093s] -- Up-to-date: /home/william/sim_ws/install/interfaces_hot_wheels/include/interfaces_hot_wheels
[2.093s] -- Up-to-date: /home/william/sim_ws/install/interfaces_hot_wheels/include/interfaces_hot_wheels/msg
[2.093s] -- Up-to-date: /home/william/sim_ws/install/interfaces_hot_wheels/include/interfaces_hot_wheels/msg/waypoint.h
[2.093s] -- Up-to-date: /home/william/sim_ws/install/interfaces_hot_wheels/include/interfaces_hot_wheels/msg/rosidl_generator_c__visibility_control.h
[2.093s] -- Up-to-date: /home/william/sim_ws/install/interfaces_hot_wheels/include/interfaces_hot_wheels/msg/detail
[2.093s] -- Up-to-date: /home/william/sim_ws/install/interfaces_hot_wheels/include/interfaces_hot_wheels/msg/detail/waypoint__functions.h
[2.093s] -- Up-to-date: /home/william/sim_ws/install/interfaces_hot_wheels/include/interfaces_hot_wheels/msg/detail/waypoint__functions.c
[2.093s] -- Up-to-date: /home/william/sim_ws/install/interfaces_hot_wheels/include/interfaces_hot_wheels/msg/detail/waypoint__type_support.h
[2.094s] -- Up-to-date: /home/william/sim_ws/install/interfaces_hot_wheels/include/interfaces_hot_wheels/msg/detail/waypoint__struct.h
[2.094s] -- Up-to-date: /home/william/sim_ws/install/interfaces_hot_wheels/share/interfaces_hot_wheels/environment/library_path.sh
[2.094s] -- Up-to-date: /home/william/sim_ws/install/interfaces_hot_wheels/share/interfaces_hot_wheels/environment/library_path.dsv
[2.094s] -- Up-to-date: /home/william/sim_ws/install/interfaces_hot_wheels/lib/libinterfaces_hot_wheels__rosidl_generator_c.so
[2.094s] -- Up-to-date: /home/william/sim_ws/install/interfaces_hot_wheels/include/interfaces_hot_wheels
[2.094s] -- Up-to-date: /home/william/sim_ws/install/interfaces_hot_wheels/include/interfaces_hot_wheels/msg
[2.094s] -- Up-to-date: /home/william/sim_ws/install/interfaces_hot_wheels/include/interfaces_hot_wheels/msg/detail
[2.095s] -- Up-to-date: /home/william/sim_ws/install/interfaces_hot_wheels/include/interfaces_hot_wheels/msg/detail/waypoint__rosidl_typesupport_fastrtps_c.h
[2.095s] -- Up-to-date: /home/william/sim_ws/install/interfaces_hot_wheels/include/interfaces_hot_wheels/msg/rosidl_typesupport_fastrtps_c__visibility_control.h
[2.095s] -- Up-to-date: /home/william/sim_ws/install/interfaces_hot_wheels/lib/libinterfaces_hot_wheels__rosidl_typesupport_fastrtps_c.so
[2.095s] -- Up-to-date: /home/william/sim_ws/install/interfaces_hot_wheels/include/interfaces_hot_wheels
[2.095s] -- Up-to-date: /home/william/sim_ws/install/interfaces_hot_wheels/include/interfaces_hot_wheels/msg
[2.095s] -- Up-to-date: /home/william/sim_ws/install/interfaces_hot_wheels/include/interfaces_hot_wheels/msg/rosidl_typesupport_fastrtps_cpp__visibility_control.h
[2.095s] -- Up-to-date: /home/william/sim_ws/install/interfaces_hot_wheels/include/interfaces_hot_wheels/msg/detail
[2.095s] -- Up-to-date: /home/william/sim_ws/install/interfaces_hot_wheels/include/interfaces_hot_wheels/msg/detail/dds_fastrtps
[2.096s] -- Up-to-date: /home/william/sim_ws/install/interfaces_hot_wheels/include/interfaces_hot_wheels/msg/detail/waypoint__rosidl_typesupport_fastrtps_cpp.hpp
[2.096s] -- Up-to-date: /home/william/sim_ws/install/interfaces_hot_wheels/lib/libinterfaces_hot_wheels__rosidl_typesupport_fastrtps_cpp.so
[2.096s] -- Up-to-date: /home/william/sim_ws/install/interfaces_hot_wheels/include/interfaces_hot_wheels
[2.096s] -- Up-to-date: /home/william/sim_ws/install/interfaces_hot_wheels/include/interfaces_hot_wheels/msg
[2.096s] -- Up-to-date: /home/william/sim_ws/install/interfaces_hot_wheels/include/interfaces_hot_wheels/msg/rosidl_typesupport_introspection_c__visibility_control.h
[2.096s] -- Up-to-date: /home/william/sim_ws/install/interfaces_hot_wheels/include/interfaces_hot_wheels/msg/detail
[2.096s] -- Up-to-date: /home/william/sim_ws/install/interfaces_hot_wheels/include/interfaces_hot_wheels/msg/detail/waypoint__rosidl_typesupport_introspection_c.h
[2.096s] -- Up-to-date: /home/william/sim_ws/install/interfaces_hot_wheels/include/interfaces_hot_wheels/msg/detail/waypoint__type_support.c
[2.096s] -- Up-to-date: /home/william/sim_ws/install/interfaces_hot_wheels/lib/libinterfaces_hot_wheels__rosidl_typesupport_introspection_c.so
[2.097s] -- Up-to-date: /home/william/sim_ws/install/interfaces_hot_wheels/lib/libinterfaces_hot_wheels__rosidl_typesupport_c.so
[2.097s] -- Up-to-date: /home/william/sim_ws/install/interfaces_hot_wheels/include/interfaces_hot_wheels
[2.097s] -- Up-to-date: /home/william/sim_ws/install/interfaces_hot_wheels/include/interfaces_hot_wheels/msg
[2.097s] -- Up-to-date: /home/william/sim_ws/install/interfaces_hot_wheels/include/interfaces_hot_wheels/msg/waypoint.hpp
[2.098s] -- Up-to-date: /home/william/sim_ws/install/interfaces_hot_wheels/include/interfaces_hot_wheels/msg/detail
[2.098s] -- Up-to-date: /home/william/sim_ws/install/interfaces_hot_wheels/include/interfaces_hot_wheels/msg/detail/waypoint__type_support.hpp
[2.098s] -- Up-to-date: /home/william/sim_ws/install/interfaces_hot_wheels/include/interfaces_hot_wheels/msg/detail/waypoint__builder.hpp
[2.098s] -- Up-to-date: /home/william/sim_ws/install/interfaces_hot_wheels/include/interfaces_hot_wheels/msg/detail/waypoint__struct.hpp
[2.098s] -- Up-to-date: /home/william/sim_ws/install/interfaces_hot_wheels/include/interfaces_hot_wheels/msg/detail/waypoint__traits.hpp
[2.098s] -- Up-to-date: /home/william/sim_ws/install/interfaces_hot_wheels/include/interfaces_hot_wheels/msg/rosidl_generator_cpp__visibility_control.hpp
[2.098s] -- Up-to-date: /home/william/sim_ws/install/interfaces_hot_wheels/include/interfaces_hot_wheels
[2.098s] -- Up-to-date: /home/william/sim_ws/install/interfaces_hot_wheels/include/interfaces_hot_wheels/msg
[2.098s] -- Up-to-date: /home/william/sim_ws/install/interfaces_hot_wheels/include/interfaces_hot_wheels/msg/detail
[2.098s] -- Up-to-date: /home/william/sim_ws/install/interfaces_hot_wheels/include/interfaces_hot_wheels/msg/detail/waypoint__type_support.cpp
[2.099s] -- Up-to-date: /home/william/sim_ws/install/interfaces_hot_wheels/include/interfaces_hot_wheels/msg/detail/waypoint__rosidl_typesupport_introspection_cpp.hpp
[2.099s] -- Up-to-date: /home/william/sim_ws/install/interfaces_hot_wheels/lib/libinterfaces_hot_wheels__rosidl_typesupport_introspection_cpp.so
[2.099s] -- Up-to-date: /home/william/sim_ws/install/interfaces_hot_wheels/lib/libinterfaces_hot_wheels__rosidl_typesupport_cpp.so
[2.099s] -- Up-to-date: /home/william/sim_ws/install/interfaces_hot_wheels/share/interfaces_hot_wheels/environment/pythonpath.sh
[2.099s] -- Up-to-date: /home/william/sim_ws/install/interfaces_hot_wheels/share/interfaces_hot_wheels/environment/pythonpath.dsv
[2.099s] -- Up-to-date: /home/william/sim_ws/install/interfaces_hot_wheels/lib/python3.8/site-packages/interfaces_hot_wheels/__init__.py
[2.145s] -- Up-to-date: /home/william/sim_ws/install/interfaces_hot_wheels/lib/python3.8/site-packages/interfaces_hot_wheels/msg
[2.146s] -- Up-to-date: /home/william/sim_ws/install/interfaces_hot_wheels/lib/python3.8/site-packages/interfaces_hot_wheels/msg/_waypoint_s.c
[2.146s] -- Up-to-date: /home/william/sim_ws/install/interfaces_hot_wheels/lib/python3.8/site-packages/interfaces_hot_wheels/msg/_waypoint.py
[2.146s] -- Up-to-date: /home/william/sim_ws/install/interfaces_hot_wheels/lib/python3.8/site-packages/interfaces_hot_wheels/msg/__init__.py
[2.146s] -- Up-to-date: /home/william/sim_ws/install/interfaces_hot_wheels/lib/python3.8/site-packages/interfaces_hot_wheels/interfaces_hot_wheels_s__rosidl_typesupport_fastrtps_c.cpython-38-x86_64-linux-gnu.so
[2.147s] -- Up-to-date: /home/william/sim_ws/install/interfaces_hot_wheels/lib/python3.8/site-packages/interfaces_hot_wheels/interfaces_hot_wheels_s__rosidl_typesupport_introspection_c.cpython-38-x86_64-linux-gnu.so
[2.149s] -- Up-to-date: /home/william/sim_ws/install/interfaces_hot_wheels/lib/python3.8/site-packages/interfaces_hot_wheels/interfaces_hot_wheels_s__rosidl_typesupport_c.cpython-38-x86_64-linux-gnu.so
[2.150s] -- Up-to-date: /home/william/sim_ws/install/interfaces_hot_wheels/lib/libinterfaces_hot_wheels__python.so
[2.150s] -- Up-to-date: /home/william/sim_ws/install/interfaces_hot_wheels/share/interfaces_hot_wheels/msg/Waypoint.idl
[2.150s] -- Up-to-date: /home/william/sim_ws/install/interfaces_hot_wheels/share/interfaces_hot_wheels/msg/Waypoint.msg
[2.151s] -- Up-to-date: /home/william/sim_ws/install/interfaces_hot_wheels/share/ament_index/resource_index/package_run_dependencies/interfaces_hot_wheels
[2.151s] -- Up-to-date: /home/william/sim_ws/install/interfaces_hot_wheels/share/ament_index/resource_index/parent_prefix_path/interfaces_hot_wheels
[2.152s] -- Up-to-date: /home/william/sim_ws/install/interfaces_hot_wheels/share/interfaces_hot_wheels/environment/ament_prefix_path.sh
[2.153s] -- Up-to-date: /home/william/sim_ws/install/interfaces_hot_wheels/share/interfaces_hot_wheels/environment/ament_prefix_path.dsv
[2.153s] -- Up-to-date: /home/william/sim_ws/install/interfaces_hot_wheels/share/interfaces_hot_wheels/environment/path.sh
[2.153s] -- Up-to-date: /home/william/sim_ws/install/interfaces_hot_wheels/share/interfaces_hot_wheels/environment/path.dsv
[2.154s] -- Up-to-date: /home/william/sim_ws/install/interfaces_hot_wheels/share/interfaces_hot_wheels/local_setup.bash
[2.154s] -- Up-to-date: /home/william/sim_ws/install/interfaces_hot_wheels/share/interfaces_hot_wheels/local_setup.sh
[2.155s] -- Up-to-date: /home/william/sim_ws/install/interfaces_hot_wheels/share/interfaces_hot_wheels/local_setup.zsh
[2.155s] -- Up-to-date: /home/william/sim_ws/install/interfaces_hot_wheels/share/interfaces_hot_wheels/local_setup.dsv
[2.156s] -- Installing: /home/william/sim_ws/install/interfaces_hot_wheels/share/interfaces_hot_wheels/package.dsv
[2.157s] -- Up-to-date: /home/william/sim_ws/install/interfaces_hot_wheels/share/ament_index/resource_index/packages/interfaces_hot_wheels
[2.157s] -- Up-to-date: /home/william/sim_ws/install/interfaces_hot_wheels/share/interfaces_hot_wheels/cmake/interfaces_hot_wheels__rosidl_generator_cExport.cmake
[2.158s] -- Up-to-date: /home/william/sim_ws/install/interfaces_hot_wheels/share/interfaces_hot_wheels/cmake/interfaces_hot_wheels__rosidl_generator_cExport-noconfig.cmake
[2.158s] -- Up-to-date: /home/william/sim_ws/install/interfaces_hot_wheels/share/interfaces_hot_wheels/cmake/interfaces_hot_wheels__rosidl_typesupport_introspection_cExport.cmake
[2.159s] -- Up-to-date: /home/william/sim_ws/install/interfaces_hot_wheels/share/interfaces_hot_wheels/cmake/interfaces_hot_wheels__rosidl_typesupport_introspection_cExport-noconfig.cmake
[2.159s] -- Up-to-date: /home/william/sim_ws/install/interfaces_hot_wheels/share/interfaces_hot_wheels/cmake/interfaces_hot_wheels__rosidl_typesupport_cExport.cmake
[2.159s] -- Up-to-date: /home/william/sim_ws/install/interfaces_hot_wheels/share/interfaces_hot_wheels/cmake/interfaces_hot_wheels__rosidl_typesupport_cExport-noconfig.cmake
[2.160s] -- Up-to-date: /home/william/sim_ws/install/interfaces_hot_wheels/share/interfaces_hot_wheels/cmake/interfaces_hot_wheels__rosidl_generator_cppExport.cmake
[2.160s] -- Up-to-date: /home/william/sim_ws/install/interfaces_hot_wheels/share/interfaces_hot_wheels/cmake/interfaces_hot_wheels__rosidl_typesupport_introspection_cppExport.cmake
[2.160s] -- Up-to-date: /home/william/sim_ws/install/interfaces_hot_wheels/share/interfaces_hot_wheels/cmake/interfaces_hot_wheels__rosidl_typesupport_introspection_cppExport-noconfig.cmake
[2.161s] -- Up-to-date: /home/william/sim_ws/install/interfaces_hot_wheels/share/interfaces_hot_wheels/cmake/interfaces_hot_wheels__rosidl_typesupport_cppExport.cmake
[2.161s] -- Up-to-date: /home/william/sim_ws/install/interfaces_hot_wheels/share/interfaces_hot_wheels/cmake/interfaces_hot_wheels__rosidl_typesupport_cppExport-noconfig.cmake
[2.162s] -- Up-to-date: /home/william/sim_ws/install/interfaces_hot_wheels/share/interfaces_hot_wheels/cmake/rosidl_cmake-extras.cmake
[2.162s] -- Up-to-date: /home/william/sim_ws/install/interfaces_hot_wheels/share/interfaces_hot_wheels/cmake/ament_cmake_export_dependencies-extras.cmake
[2.162s] -- Up-to-date: /home/william/sim_ws/install/interfaces_hot_wheels/share/interfaces_hot_wheels/cmake/ament_cmake_export_libraries-extras.cmake
[2.163s] -- Up-to-date: /home/william/sim_ws/install/interfaces_hot_wheels/share/interfaces_hot_wheels/cmake/ament_cmake_export_targets-extras.cmake
[2.163s] -- Up-to-date: /home/william/sim_ws/install/interfaces_hot_wheels/share/interfaces_hot_wheels/cmake/ament_cmake_export_include_directories-extras.cmake
[2.163s] -- Up-to-date: /home/william/sim_ws/install/interfaces_hot_wheels/share/interfaces_hot_wheels/cmake/rosidl_cmake_export_typesupport_libraries-extras.cmake
[2.164s] -- Up-to-date: /home/william/sim_ws/install/interfaces_hot_wheels/share/interfaces_hot_wheels/cmake/rosidl_cmake_export_typesupport_targets-extras.cmake
[2.164s] -- Up-to-date: /home/william/sim_ws/install/interfaces_hot_wheels/share/interfaces_hot_wheels/cmake/interfaces_hot_wheelsConfig.cmake
[2.164s] -- Up-to-date: /home/william/sim_ws/install/interfaces_hot_wheels/share/interfaces_hot_wheels/cmake/interfaces_hot_wheelsConfig-version.cmake
[2.164s] -- Up-to-date: /home/william/sim_ws/install/interfaces_hot_wheels/share/interfaces_hot_wheels/package.xml
[2.366s] Invoked command in '/home/william/sim_ws/build/interfaces_hot_wheels' returned '0': CMAKE_PREFIX_PATH=${CMAKE_PREFIX_PATH}:/home/william/sim_ws/install/particle_filter:/home/william/sim_ws/install/f1tenth_gym_ros:/opt/ros/foxy /usr/bin/cmake --install /home/william/sim_ws/build/interfaces_hot_wheels
