[6.939s] Invoking command in '/mnt/nvme0n1/f1tenth_ws/src/f1tenth_system/teleop_tools/joy_teleop': AMENT_PREFIX_PATH=/mnt/nvme0n1/f1tenth_ws/install/teleop_tools_msgs:${AMENT_PREFIX_PATH} CMAKE_PREFIX_PATH=/mnt/nvme0n1/f1tenth_ws/install/teleop_tools_msgs:${CMAKE_PREFIX_PATH} LD_LIBRARY_PATH=/mnt/nvme0n1/f1tenth_ws/install/teleop_tools_msgs/lib:${LD_LIBRARY_PATH} PYTHONPATH=/mnt/nvme0n1/f1tenth_ws/build/joy_teleop/prefix_override:/mnt/nvme0n1/f1tenth_ws/install/joy_teleop/lib/python3.8/site-packages:/mnt/nvme0n1/f1tenth_ws/install/teleop_tools_msgs/lib/python3.8/site-packages:${PYTHONPATH} /usr/bin/python3 setup.py egg_info --egg-base ../../../../build/joy_teleop build --build-base /mnt/nvme0n1/f1tenth_ws/build/joy_teleop/build install --record /mnt/nvme0n1/f1tenth_ws/build/joy_teleop/install.log --install-scripts $base/lib/joy_teleop --single-version-externally-managed
[7.797s] running egg_info
[7.798s] writing ../../../../build/joy_teleop/joy_teleop.egg-info/PKG-INFO
[7.798s] writing dependency_links to ../../../../build/joy_teleop/joy_teleop.egg-info/dependency_links.txt
[7.799s] writing entry points to ../../../../build/joy_teleop/joy_teleop.egg-info/entry_points.txt
[7.800s] writing requirements to ../../../../build/joy_teleop/joy_teleop.egg-info/requires.txt
[7.801s] writing top-level names to ../../../../build/joy_teleop/joy_teleop.egg-info/top_level.txt
[7.928s] reading manifest file '../../../../build/joy_teleop/joy_teleop.egg-info/SOURCES.txt'
[7.934s] writing manifest file '../../../../build/joy_teleop/joy_teleop.egg-info/SOURCES.txt'
[7.935s] running build
[7.936s] running build_py
[7.936s] running install
[7.937s] running install_lib
[7.944s] running install_data
[7.945s] running install_egg_info
[7.951s] removing '/mnt/nvme0n1/f1tenth_ws/install/joy_teleop/lib/python3.8/site-packages/joy_teleop-0.3.0-py3.8.egg-info' (and everything under it)
[7.953s] Copying ../../../../build/joy_teleop/joy_teleop.egg-info to /mnt/nvme0n1/f1tenth_ws/install/joy_teleop/lib/python3.8/site-packages/joy_teleop-0.3.0-py3.8.egg-info
[7.958s] running install_scripts
[8.020s] Installing incrementer_server script to /mnt/nvme0n1/f1tenth_ws/install/joy_teleop/lib/joy_teleop
[8.021s] Installing joy_teleop script to /mnt/nvme0n1/f1tenth_ws/install/joy_teleop/lib/joy_teleop
[8.023s] writing list of installed files to '/mnt/nvme0n1/f1tenth_ws/build/joy_teleop/install.log'
[8.821s] Invoked command in '/mnt/nvme0n1/f1tenth_ws/src/f1tenth_system/teleop_tools/joy_teleop' returned '0': AMENT_PREFIX_PATH=/mnt/nvme0n1/f1tenth_ws/install/teleop_tools_msgs:${AMENT_PREFIX_PATH} CMAKE_PREFIX_PATH=/mnt/nvme0n1/f1tenth_ws/install/teleop_tools_msgs:${CMAKE_PREFIX_PATH} LD_LIBRARY_PATH=/mnt/nvme0n1/f1tenth_ws/install/teleop_tools_msgs/lib:${LD_LIBRARY_PATH} PYTHONPATH=/mnt/nvme0n1/f1tenth_ws/build/joy_teleop/prefix_override:/mnt/nvme0n1/f1tenth_ws/install/joy_teleop/lib/python3.8/site-packages:/mnt/nvme0n1/f1tenth_ws/install/teleop_tools_msgs/lib/python3.8/site-packages:${PYTHONPATH} /usr/bin/python3 setup.py egg_info --egg-base ../../../../build/joy_teleop build --build-base /mnt/nvme0n1/f1tenth_ws/build/joy_teleop/build install --record /mnt/nvme0n1/f1tenth_ws/build/joy_teleop/install.log --install-scripts $base/lib/joy_teleop --single-version-externally-managed
