[2.399s] Invoking command in '/home/f1tenth/f1tenth-ws/build/vesc_driver': CMAKE_PREFIX_PATH=/home/f1tenth/f1tenth-ws/install/vesc_msgs:/home/f1tenth/f1tenth-ws/install/vesc:/home/f1tenth/f1tenth-ws/install/vesc_driver:/home/f1tenth/f1tenth-ws/install/vesc_ackermann:/home/f1tenth/f1tenth-ws/install/teleop_tools:/home/f1tenth/f1tenth-ws/install/teleop_tools_msgs:/home/f1tenth/f1tenth-ws/install/safety_node:/home/f1tenth/f1tenth-ws/install/range_lib:/home/f1tenth/f1tenth-ws/install/gap_follow:/home/f1tenth/f1tenth-ws/install/ackermann_mux:/home/f1tenth/f1tenth-ws/install/f1tenth_stack:/home/f1tenth/f1tenth-ws/install/joy_teleop:/home/f1tenth/f1tenth-ws/install/particle_filter:/home/f1tenth/f1tenth-ws/install/mouse_teleop:/home/f1tenth/f1tenth-ws/install/key_teleop:/home/f1tenth/f1tenth-ws/install/example_py:/home/f1tenth/f1tenth-ws/install/autonomous_drive:/opt/ros/foxy LD_LIBRARY_PATH=/home/f1tenth/f1tenth-ws/install/vesc_msgs/lib:/usr/local/cuda-11.4/lib64:/home/f1tenth/f1tenth-ws/install/vesc_driver/lib:/home/f1tenth/f1tenth-ws/install/vesc_ackermann/lib:/home/f1tenth/f1tenth-ws/install/teleop_tools_msgs/lib:/opt/ros/foxy/opt/yaml_cpp_vendor/lib:/opt/ros/foxy/opt/rviz_ogre_vendor/lib:/opt/ros/foxy/lib/aarch64-linux-gnu:/opt/ros/foxy/lib PYTHONPATH=/home/f1tenth/f1tenth-ws/install/vesc_msgs/lib/python3.8/site-packages:/home/f1tenth/f1tenth-ws/install/f1tenth_stack/lib/python3.8/site-packages:/home/f1tenth/f1tenth-ws/install/joy_teleop/lib/python3.8/site-packages:/home/f1tenth/f1tenth-ws/install/teleop_tools_msgs/lib/python3.8/site-packages:/home/f1tenth/f1tenth-ws/install/safety_node/lib/python3.8/site-packages:/home/f1tenth/f1tenth-ws/install/particle_filter/lib/python3.8/site-packages:/home/f1tenth/f1tenth-ws/install/mouse_teleop/lib/python3.8/site-packages:/home/f1tenth/f1tenth-ws/install/key_teleop/lib/python3.8/site-packages:/home/f1tenth/f1tenth-ws/install/gap_follow/lib/python3.8/site-packages:/home/f1tenth/f1tenth-ws/install/example_py/lib/python3.8/site-packages:/home/f1tenth/f1tenth-ws/install/autonomous_drive/lib/python3.8/site-packages:/opt/ros/foxy/lib/python3.8/site-packages /usr/bin/cmake --build /home/f1tenth/f1tenth-ws/build/vesc_driver -- -j4 -l4
[2.802s] [ 20%] Built target vesc_driver_node
[2.840s] [ 70%] Built target vesc_driver
[2.983s] [100%] Built target vesc_device_namer
[4.415s] Invoked command in '/home/f1tenth/f1tenth-ws/build/vesc_driver' returned '0': CMAKE_PREFIX_PATH=/home/f1tenth/f1tenth-ws/install/vesc_msgs:/home/f1tenth/f1tenth-ws/install/vesc:/home/f1tenth/f1tenth-ws/install/vesc_driver:/home/f1tenth/f1tenth-ws/install/vesc_ackermann:/home/f1tenth/f1tenth-ws/install/teleop_tools:/home/f1tenth/f1tenth-ws/install/teleop_tools_msgs:/home/f1tenth/f1tenth-ws/install/safety_node:/home/f1tenth/f1tenth-ws/install/range_lib:/home/f1tenth/f1tenth-ws/install/gap_follow:/home/f1tenth/f1tenth-ws/install/ackermann_mux:/home/f1tenth/f1tenth-ws/install/f1tenth_stack:/home/f1tenth/f1tenth-ws/install/joy_teleop:/home/f1tenth/f1tenth-ws/install/particle_filter:/home/f1tenth/f1tenth-ws/install/mouse_teleop:/home/f1tenth/f1tenth-ws/install/key_teleop:/home/f1tenth/f1tenth-ws/install/example_py:/home/f1tenth/f1tenth-ws/install/autonomous_drive:/opt/ros/foxy LD_LIBRARY_PATH=/home/f1tenth/f1tenth-ws/install/vesc_msgs/lib:/usr/local/cuda-11.4/lib64:/home/f1tenth/f1tenth-ws/install/vesc_driver/lib:/home/f1tenth/f1tenth-ws/install/vesc_ackermann/lib:/home/f1tenth/f1tenth-ws/install/teleop_tools_msgs/lib:/opt/ros/foxy/opt/yaml_cpp_vendor/lib:/opt/ros/foxy/opt/rviz_ogre_vendor/lib:/opt/ros/foxy/lib/aarch64-linux-gnu:/opt/ros/foxy/lib PYTHONPATH=/home/f1tenth/f1tenth-ws/install/vesc_msgs/lib/python3.8/site-packages:/home/f1tenth/f1tenth-ws/install/f1tenth_stack/lib/python3.8/site-packages:/home/f1tenth/f1tenth-ws/install/joy_teleop/lib/python3.8/site-packages:/home/f1tenth/f1tenth-ws/install/teleop_tools_msgs/lib/python3.8/site-packages:/home/f1tenth/f1tenth-ws/install/safety_node/lib/python3.8/site-packages:/home/f1tenth/f1tenth-ws/install/particle_filter/lib/python3.8/site-packages:/home/f1tenth/f1tenth-ws/install/mouse_teleop/lib/python3.8/site-packages:/home/f1tenth/f1tenth-ws/install/key_teleop/lib/python3.8/site-packages:/home/f1tenth/f1tenth-ws/install/gap_follow/lib/python3.8/site-packages:/home/f1tenth/f1tenth-ws/install/example_py/lib/python3.8/site-packages:/home/f1tenth/f1tenth-ws/install/autonomous_drive/lib/python3.8/site-packages:/opt/ros/foxy/lib/python3.8/site-packages /usr/bin/cmake --build /home/f1tenth/f1tenth-ws/build/vesc_driver -- -j4 -l4
[7.039s] Invoking command in '/home/f1tenth/f1tenth-ws/build/vesc_driver': CMAKE_PREFIX_PATH=/home/f1tenth/f1tenth-ws/install/vesc_msgs:/home/f1tenth/f1tenth-ws/install/vesc:/home/f1tenth/f1tenth-ws/install/vesc_driver:/home/f1tenth/f1tenth-ws/install/vesc_ackermann:/home/f1tenth/f1tenth-ws/install/teleop_tools:/home/f1tenth/f1tenth-ws/install/teleop_tools_msgs:/home/f1tenth/f1tenth-ws/install/safety_node:/home/f1tenth/f1tenth-ws/install/range_lib:/home/f1tenth/f1tenth-ws/install/gap_follow:/home/f1tenth/f1tenth-ws/install/ackermann_mux:/home/f1tenth/f1tenth-ws/install/f1tenth_stack:/home/f1tenth/f1tenth-ws/install/joy_teleop:/home/f1tenth/f1tenth-ws/install/particle_filter:/home/f1tenth/f1tenth-ws/install/mouse_teleop:/home/f1tenth/f1tenth-ws/install/key_teleop:/home/f1tenth/f1tenth-ws/install/example_py:/home/f1tenth/f1tenth-ws/install/autonomous_drive:/opt/ros/foxy LD_LIBRARY_PATH=/home/f1tenth/f1tenth-ws/install/vesc_msgs/lib:/usr/local/cuda-11.4/lib64:/home/f1tenth/f1tenth-ws/install/vesc_driver/lib:/home/f1tenth/f1tenth-ws/install/vesc_ackermann/lib:/home/f1tenth/f1tenth-ws/install/teleop_tools_msgs/lib:/opt/ros/foxy/opt/yaml_cpp_vendor/lib:/opt/ros/foxy/opt/rviz_ogre_vendor/lib:/opt/ros/foxy/lib/aarch64-linux-gnu:/opt/ros/foxy/lib PYTHONPATH=/home/f1tenth/f1tenth-ws/install/vesc_msgs/lib/python3.8/site-packages:/home/f1tenth/f1tenth-ws/install/f1tenth_stack/lib/python3.8/site-packages:/home/f1tenth/f1tenth-ws/install/joy_teleop/lib/python3.8/site-packages:/home/f1tenth/f1tenth-ws/install/teleop_tools_msgs/lib/python3.8/site-packages:/home/f1tenth/f1tenth-ws/install/safety_node/lib/python3.8/site-packages:/home/f1tenth/f1tenth-ws/install/particle_filter/lib/python3.8/site-packages:/home/f1tenth/f1tenth-ws/install/mouse_teleop/lib/python3.8/site-packages:/home/f1tenth/f1tenth-ws/install/key_teleop/lib/python3.8/site-packages:/home/f1tenth/f1tenth-ws/install/gap_follow/lib/python3.8/site-packages:/home/f1tenth/f1tenth-ws/install/example_py/lib/python3.8/site-packages:/home/f1tenth/f1tenth-ws/install/autonomous_drive/lib/python3.8/site-packages:/opt/ros/foxy/lib/python3.8/site-packages /usr/bin/cmake --install /home/f1tenth/f1tenth-ws/build/vesc_driver
[8.646s] -- Install configuration: ""
[8.648s] -- Up-to-date: /home/f1tenth/f1tenth-ws/install/vesc_driver/lib/vesc_driver/vesc_driver_node
[8.652s] -- Up-to-date: /home/f1tenth/f1tenth-ws/install/vesc_driver/include
[8.652s] -- Up-to-date: /home/f1tenth/f1tenth-ws/install/vesc_driver/include/vesc_driver
[8.661s] -- Up-to-date: /home/f1tenth/f1tenth-ws/install/vesc_driver/include/vesc_driver/vesc_packet.hpp
[8.667s] -- Up-to-date: /home/f1tenth/f1tenth-ws/install/vesc_driver/include/vesc_driver/vesc_device_uuid_lookup.hpp
[8.673s] -- Up-to-date: /home/f1tenth/f1tenth-ws/install/vesc_driver/include/vesc_driver/vesc_interface.hpp
[8.673s] -- Up-to-date: /home/f1tenth/f1tenth-ws/install/vesc_driver/include/vesc_driver/vesc_packet_factory.hpp
[8.674s] -- Up-to-date: /home/f1tenth/f1tenth-ws/install/vesc_driver/include/vesc_driver/crc.hpp
[8.674s] -- Up-to-date: /home/f1tenth/f1tenth-ws/install/vesc_driver/include/vesc_driver/vesc_driver.hpp
[8.674s] -- Up-to-date: /home/f1tenth/f1tenth-ws/install/vesc_driver/include/vesc_driver/datatypes.hpp
[8.675s] -- Up-to-date: /home/f1tenth/f1tenth-ws/install/vesc_driver/share/vesc_driver/environment/library_path.sh
[8.676s] -- Up-to-date: /home/f1tenth/f1tenth-ws/install/vesc_driver/share/vesc_driver/environment/library_path.dsv
[8.678s] -- Up-to-date: /home/f1tenth/f1tenth-ws/install/vesc_driver/lib/libvesc_driver.so
[8.682s] -- Up-to-date: /home/f1tenth/f1tenth-ws/install/vesc_driver/lib/vesc_driver/vesc_device_namer
[8.685s] -- Up-to-date: /home/f1tenth/f1tenth-ws/install/vesc_driver/share/vesc_driver/launch
[8.685s] -- Up-to-date: /home/f1tenth/f1tenth-ws/install/vesc_driver/share/vesc_driver/launch/vesc_driver_node.launch.py
[8.687s] -- Up-to-date: /home/f1tenth/f1tenth-ws/install/vesc_driver/share/vesc_driver/params
[8.696s] -- Up-to-date: /home/f1tenth/f1tenth-ws/install/vesc_driver/share/vesc_driver/params/vesc_config.yaml
[8.702s] -- Up-to-date: /home/f1tenth/f1tenth-ws/install/vesc_driver/share/ament_index/resource_index/package_run_dependencies/vesc_driver
[8.703s] -- Up-to-date: /home/f1tenth/f1tenth-ws/install/vesc_driver/share/ament_index/resource_index/parent_prefix_path/vesc_driver
[8.703s] -- Up-to-date: /home/f1tenth/f1tenth-ws/install/vesc_driver/share/vesc_driver/environment/ament_prefix_path.sh
[8.704s] -- Up-to-date: /home/f1tenth/f1tenth-ws/install/vesc_driver/share/vesc_driver/environment/ament_prefix_path.dsv
[8.709s] -- Up-to-date: /home/f1tenth/f1tenth-ws/install/vesc_driver/share/vesc_driver/environment/path.sh
[8.717s] -- Up-to-date: /home/f1tenth/f1tenth-ws/install/vesc_driver/share/vesc_driver/environment/path.dsv
[8.718s] -- Up-to-date: /home/f1tenth/f1tenth-ws/install/vesc_driver/share/vesc_driver/local_setup.bash
[8.720s] -- Up-to-date: /home/f1tenth/f1tenth-ws/install/vesc_driver/share/vesc_driver/local_setup.sh
[8.728s] -- Up-to-date: /home/f1tenth/f1tenth-ws/install/vesc_driver/share/vesc_driver/local_setup.zsh
[8.729s] -- Up-to-date: /home/f1tenth/f1tenth-ws/install/vesc_driver/share/vesc_driver/local_setup.dsv
[8.732s] -- Installing: /home/f1tenth/f1tenth-ws/install/vesc_driver/share/vesc_driver/package.dsv
[8.734s] -- Up-to-date: /home/f1tenth/f1tenth-ws/install/vesc_driver/share/ament_index/resource_index/packages/vesc_driver
[8.735s] -- Up-to-date: /home/f1tenth/f1tenth-ws/install/vesc_driver/share/ament_index/resource_index/rclcpp_components/vesc_driver
[8.736s] -- Up-to-date: /home/f1tenth/f1tenth-ws/install/vesc_driver/share/vesc_driver/cmake/ament_cmake_export_dependencies-extras.cmake
[8.737s] -- Up-to-date: /home/f1tenth/f1tenth-ws/install/vesc_driver/share/vesc_driver/cmake/ament_cmake_export_include_directories-extras.cmake
[8.740s] -- Up-to-date: /home/f1tenth/f1tenth-ws/install/vesc_driver/share/vesc_driver/cmake/ament_cmake_export_libraries-extras.cmake
[8.741s] -- Up-to-date: /home/f1tenth/f1tenth-ws/install/vesc_driver/share/vesc_driver/cmake/vesc_driverConfig.cmake
[8.742s] -- Up-to-date: /home/f1tenth/f1tenth-ws/install/vesc_driver/share/vesc_driver/cmake/vesc_driverConfig-version.cmake
[8.747s] -- Up-to-date: /home/f1tenth/f1tenth-ws/install/vesc_driver/share/vesc_driver/package.xml
[8.752s] Invoked command in '/home/f1tenth/f1tenth-ws/build/vesc_driver' returned '0': CMAKE_PREFIX_PATH=/home/f1tenth/f1tenth-ws/install/vesc_msgs:/home/f1tenth/f1tenth-ws/install/vesc:/home/f1tenth/f1tenth-ws/install/vesc_driver:/home/f1tenth/f1tenth-ws/install/vesc_ackermann:/home/f1tenth/f1tenth-ws/install/teleop_tools:/home/f1tenth/f1tenth-ws/install/teleop_tools_msgs:/home/f1tenth/f1tenth-ws/install/safety_node:/home/f1tenth/f1tenth-ws/install/range_lib:/home/f1tenth/f1tenth-ws/install/gap_follow:/home/f1tenth/f1tenth-ws/install/ackermann_mux:/home/f1tenth/f1tenth-ws/install/f1tenth_stack:/home/f1tenth/f1tenth-ws/install/joy_teleop:/home/f1tenth/f1tenth-ws/install/particle_filter:/home/f1tenth/f1tenth-ws/install/mouse_teleop:/home/f1tenth/f1tenth-ws/install/key_teleop:/home/f1tenth/f1tenth-ws/install/example_py:/home/f1tenth/f1tenth-ws/install/autonomous_drive:/opt/ros/foxy LD_LIBRARY_PATH=/home/f1tenth/f1tenth-ws/install/vesc_msgs/lib:/usr/local/cuda-11.4/lib64:/home/f1tenth/f1tenth-ws/install/vesc_driver/lib:/home/f1tenth/f1tenth-ws/install/vesc_ackermann/lib:/home/f1tenth/f1tenth-ws/install/teleop_tools_msgs/lib:/opt/ros/foxy/opt/yaml_cpp_vendor/lib:/opt/ros/foxy/opt/rviz_ogre_vendor/lib:/opt/ros/foxy/lib/aarch64-linux-gnu:/opt/ros/foxy/lib PYTHONPATH=/home/f1tenth/f1tenth-ws/install/vesc_msgs/lib/python3.8/site-packages:/home/f1tenth/f1tenth-ws/install/f1tenth_stack/lib/python3.8/site-packages:/home/f1tenth/f1tenth-ws/install/joy_teleop/lib/python3.8/site-packages:/home/f1tenth/f1tenth-ws/install/teleop_tools_msgs/lib/python3.8/site-packages:/home/f1tenth/f1tenth-ws/install/safety_node/lib/python3.8/site-packages:/home/f1tenth/f1tenth-ws/install/particle_filter/lib/python3.8/site-packages:/home/f1tenth/f1tenth-ws/install/mouse_teleop/lib/python3.8/site-packages:/home/f1tenth/f1tenth-ws/install/key_teleop/lib/python3.8/site-packages:/home/f1tenth/f1tenth-ws/install/gap_follow/lib/python3.8/site-packages:/home/f1tenth/f1tenth-ws/install/example_py/lib/python3.8/site-packages:/home/f1tenth/f1tenth-ws/install/autonomous_drive/lib/python3.8/site-packages:/opt/ros/foxy/lib/python3.8/site-packages /usr/bin/cmake --install /home/f1tenth/f1tenth-ws/build/vesc_driver
