[1.295s] Invoking command in '/home/william/sim_ws/build/mpc': CMAKE_PREFIX_PATH=${CMAKE_PREFIX_PATH}:/home/william/sim_ws/install/particle_filter:/home/william/sim_ws/install/f1tenth_gym_ros:/opt/ros/foxy /usr/bin/cmake --build /home/william/sim_ws/build/mpc -- -j8 -l8
[1.756s] [100%] Built target mpc_node
[1.758s] Invoked command in '/home/william/sim_ws/build/mpc' returned '0': CMAKE_PREFIX_PATH=${CMAKE_PREFIX_PATH}:/home/william/sim_ws/install/particle_filter:/home/william/sim_ws/install/f1tenth_gym_ros:/opt/ros/foxy /usr/bin/cmake --build /home/william/sim_ws/build/mpc -- -j8 -l8
[1.800s] Invoking command in '/home/william/sim_ws/build/mpc': CMAKE_PREFIX_PATH=${CMAKE_PREFIX_PATH}:/home/william/sim_ws/install/particle_filter:/home/william/sim_ws/install/f1tenth_gym_ros:/opt/ros/foxy /usr/bin/cmake --install /home/william/sim_ws/build/mpc
[1.812s] -- Install configuration: ""
[1.815s] -- Up-to-date: /home/william/sim_ws/install/mpc/lib/mpc/mpc_node
[1.815s] -- Up-to-date: /home/william/sim_ws/install/mpc/share/mpc/environment/pythonpath.sh
[1.816s] -- Up-to-date: /home/william/sim_ws/install/mpc/share/mpc/environment/pythonpath.dsv
[1.817s] -- Up-to-date: /home/william/sim_ws/install/mpc/lib/python3.8/site-packages/mpc
[1.817s] -- Up-to-date: /home/william/sim_ws/install/mpc/lib/python3.8/site-packages/mpc/__init__.py
[1.844s] Listing '/home/william/sim_ws/install/mpc/lib/python3.8/site-packages/mpc'...
[1.848s] -- Up-to-date: /home/william/sim_ws/install/mpc/lib/mpc/mpc_node.py
[1.848s] -- Up-to-date: /home/william/sim_ws/install/mpc/lib/mpc/utils.py
[1.848s] -- Up-to-date: /home/william/sim_ws/install/mpc/lib/mpc/waypoint_spline.py
[1.848s] -- Up-to-date: /home/william/sim_ws/install/mpc/share/mpc//launch
[1.848s] -- Up-to-date: /home/william/sim_ws/install/mpc/share/mpc//launch/sim_mpc_launch.py
[1.849s] -- Up-to-date: /home/william/sim_ws/install/mpc/share/mpc//waypoints
[1.849s] -- Up-to-date: /home/william/sim_ws/install/mpc/share/mpc//waypoints/waypoints_sim_interpolated_100.csv
[1.849s] -- Up-to-date: /home/william/sim_ws/install/mpc/share/mpc//waypoints/Hudson.csv
[1.849s] -- Up-to-date: /home/william/sim_ws/install/mpc/share/mpc//waypoints/waypoints_drive.csv
[1.849s] -- Up-to-date: /home/william/sim_ws/install/mpc/share/mpc//waypoints/waypoints_sim.csv
[1.849s] -- Up-to-date: /home/william/sim_ws/install/mpc/share/mpc//waypoints/waypoints1.csv
[1.849s] -- Up-to-date: /home/william/sim_ws/install/mpc/share/mpc//waypoints/waypoints_sim_interpolated_200.csv
[1.849s] -- Up-to-date: /home/william/sim_ws/install/mpc/share/mpc//waypoints/waypoints_sim_interpolated.csv
[1.850s] -- Up-to-date: /home/william/sim_ws/install/mpc/share/mpc//waypoints/waypoints_mpc.csv
[1.850s] -- Up-to-date: /home/william/sim_ws/install/mpc/share/ament_index/resource_index/package_run_dependencies/mpc
[1.850s] -- Up-to-date: /home/william/sim_ws/install/mpc/share/ament_index/resource_index/parent_prefix_path/mpc
[1.850s] -- Up-to-date: /home/william/sim_ws/install/mpc/share/mpc/environment/ament_prefix_path.sh
[1.850s] -- Up-to-date: /home/william/sim_ws/install/mpc/share/mpc/environment/ament_prefix_path.dsv
[1.850s] -- Up-to-date: /home/william/sim_ws/install/mpc/share/mpc/environment/path.sh
[1.850s] -- Up-to-date: /home/william/sim_ws/install/mpc/share/mpc/environment/path.dsv
[1.851s] -- Up-to-date: /home/william/sim_ws/install/mpc/share/mpc/local_setup.bash
[1.851s] -- Up-to-date: /home/william/sim_ws/install/mpc/share/mpc/local_setup.sh
[1.851s] -- Up-to-date: /home/william/sim_ws/install/mpc/share/mpc/local_setup.zsh
[1.851s] -- Up-to-date: /home/william/sim_ws/install/mpc/share/mpc/local_setup.dsv
[1.851s] -- Installing: /home/william/sim_ws/install/mpc/share/mpc/package.dsv
[1.852s] -- Up-to-date: /home/william/sim_ws/install/mpc/share/ament_index/resource_index/packages/mpc
[1.852s] -- Up-to-date: /home/william/sim_ws/install/mpc/share/mpc/cmake/mpcConfig.cmake
[1.852s] -- Up-to-date: /home/william/sim_ws/install/mpc/share/mpc/cmake/mpcConfig-version.cmake
[1.853s] -- Up-to-date: /home/william/sim_ws/install/mpc/share/mpc/package.xml
[1.857s] Invoked command in '/home/william/sim_ws/build/mpc' returned '0': CMAKE_PREFIX_PATH=${CMAKE_PREFIX_PATH}:/home/william/sim_ws/install/particle_filter:/home/william/sim_ws/install/f1tenth_gym_ros:/opt/ros/foxy /usr/bin/cmake --install /home/william/sim_ws/build/mpc
