[1.061s] Invoking command in '/home/william/sim_ws/build/mpc': CMAKE_PREFIX_PATH=/opt/ros/foxy /usr/bin/cmake --build /home/william/sim_ws/build/mpc -- -j8 -l8
[1.468s] [100%] Built target mpc_node
[1.473s] Invoked command in '/home/william/sim_ws/build/mpc' returned '0': CMAKE_PREFIX_PATH=/opt/ros/foxy /usr/bin/cmake --build /home/william/sim_ws/build/mpc -- -j8 -l8
[1.514s] Invoking command in '/home/william/sim_ws/build/mpc': CMAKE_PREFIX_PATH=/opt/ros/foxy /usr/bin/cmake --install /home/william/sim_ws/build/mpc
[1.526s] -- Install configuration: ""
[1.527s] -- Up-to-date: /home/william/sim_ws/install/mpc/lib/mpc/mpc_node
[1.527s] -- Up-to-date: /home/william/sim_ws/install/mpc/share/mpc/environment/pythonpath.sh
[1.527s] -- Up-to-date: /home/william/sim_ws/install/mpc/share/mpc/environment/pythonpath.dsv
[1.527s] -- Up-to-date: /home/william/sim_ws/install/mpc/lib/python3.8/site-packages/mpc
[1.527s] -- Up-to-date: /home/william/sim_ws/install/mpc/lib/python3.8/site-packages/mpc/__init__.py
[1.562s] Listing '/home/william/sim_ws/install/mpc/lib/python3.8/site-packages/mpc'...
[1.566s] -- Up-to-date: /home/william/sim_ws/install/mpc/lib/mpc/mpc_node.py
[1.566s] -- Up-to-date: /home/william/sim_ws/install/mpc/lib/mpc/utils.py
[1.566s] -- Up-to-date: /home/william/sim_ws/install/mpc/lib/mpc/waypoint_spline.py
[1.566s] -- Up-to-date: /home/william/sim_ws/install/mpc/share/mpc//launch
[1.567s] -- Up-to-date: /home/william/sim_ws/install/mpc/share/mpc//launch/sim_mpc_launch.py
[1.567s] -- Up-to-date: /home/william/sim_ws/install/mpc/share/mpc//waypoints
[1.568s] -- Up-to-date: /home/william/sim_ws/install/mpc/share/mpc//waypoints/waypoints_sim_interpolated_100.csv
[1.569s] -- Up-to-date: /home/william/sim_ws/install/mpc/share/mpc//waypoints/Hudson.csv
[1.569s] -- Up-to-date: /home/william/sim_ws/install/mpc/share/mpc//waypoints/waypoints_drive.csv
[1.570s] -- Up-to-date: /home/william/sim_ws/install/mpc/share/mpc//waypoints/waypoints_sim.csv
[1.571s] -- Up-to-date: /home/william/sim_ws/install/mpc/share/mpc//waypoints/waypoints1.csv
[1.572s] -- Up-to-date: /home/william/sim_ws/install/mpc/share/mpc//waypoints/waypoints_sim_interpolated_200.csv
[1.572s] -- Up-to-date: /home/william/sim_ws/install/mpc/share/mpc//waypoints/waypoints_sim_interpolated.csv
[1.573s] -- Up-to-date: /home/william/sim_ws/install/mpc/share/mpc//waypoints/waypoints_mpc.csv
[1.573s] -- Up-to-date: /home/william/sim_ws/install/mpc/share/ament_index/resource_index/package_run_dependencies/mpc
[1.575s] -- Up-to-date: /home/william/sim_ws/install/mpc/share/ament_index/resource_index/parent_prefix_path/mpc
[1.575s] -- Up-to-date: /home/william/sim_ws/install/mpc/share/mpc/environment/ament_prefix_path.sh
[1.575s] -- Up-to-date: /home/william/sim_ws/install/mpc/share/mpc/environment/ament_prefix_path.dsv
[1.575s] -- Up-to-date: /home/william/sim_ws/install/mpc/share/mpc/environment/path.sh
[1.575s] -- Up-to-date: /home/william/sim_ws/install/mpc/share/mpc/environment/path.dsv
[1.575s] -- Up-to-date: /home/william/sim_ws/install/mpc/share/mpc/local_setup.bash
[1.575s] -- Up-to-date: /home/william/sim_ws/install/mpc/share/mpc/local_setup.sh
[1.575s] -- Up-to-date: /home/william/sim_ws/install/mpc/share/mpc/local_setup.zsh
[1.576s] -- Up-to-date: /home/william/sim_ws/install/mpc/share/mpc/local_setup.dsv
[1.576s] -- Installing: /home/william/sim_ws/install/mpc/share/mpc/package.dsv
[1.576s] -- Up-to-date: /home/william/sim_ws/install/mpc/share/ament_index/resource_index/packages/mpc
[1.576s] -- Up-to-date: /home/william/sim_ws/install/mpc/share/mpc/cmake/mpcConfig.cmake
[1.576s] -- Up-to-date: /home/william/sim_ws/install/mpc/share/mpc/cmake/mpcConfig-version.cmake
[1.576s] -- Up-to-date: /home/william/sim_ws/install/mpc/share/mpc/package.xml
[1.577s] Invoked command in '/home/william/sim_ws/build/mpc' returned '0': CMAKE_PREFIX_PATH=/opt/ros/foxy /usr/bin/cmake --install /home/william/sim_ws/build/mpc
