[2.335s] Invoking command in '/home/f1tenth/f1tenth-ws/build/vesc_msgs': CMAKE_PREFIX_PATH=${CMAKE_PREFIX_PATH}:/home/f1tenth/f1tenth-ws/install/f1tenth_stack:/home/f1tenth/f1tenth-ws/install/joy_teleop:/home/f1tenth/f1tenth-ws/install/particle_filter:/home/f1tenth/f1tenth-ws/install/mouse_teleop:/home/f1tenth/f1tenth-ws/install/key_teleop:/home/f1tenth/f1tenth-ws/install/example_py:/home/f1tenth/f1tenth-ws/install/autonomous_drive:/opt/ros/foxy /usr/bin/cmake --build /home/f1tenth/f1tenth-ws/build/vesc_msgs -- -j4 -l4
[4.433s] [ 10%] Built target vesc_msgs__rosidl_generator_c
[4.435s] [ 12%] Built target vesc_msgs__cpp
[4.437s] [ 23%] Built target vesc_msgs__rosidl_typesupport_introspection_c
[4.439s] [ 34%] Built target vesc_msgs__rosidl_typesupport_c
[4.442s] [ 45%] Built target vesc_msgs__rosidl_typesupport_cpp
[4.444s] [ 56%] Built target vesc_msgs__rosidl_typesupport_fastrtps_cpp
[4.449s] [ 67%] Built target vesc_msgs__rosidl_typesupport_introspection_cpp
[4.455s] [ 78%] Built target vesc_msgs__rosidl_typesupport_fastrtps_c
[4.458s] [ 78%] Built target vesc_msgs
[4.460s] [ 80%] Built target vesc_msgs__py
[4.466s] [ 89%] Built target vesc_msgs__python
[4.468s] [ 92%] Built target vesc_msgs__rosidl_typesupport_introspection_c__pyext
[4.469s] [ 96%] Built target vesc_msgs__rosidl_typesupport_fastrtps_c__pyext
[4.469s] [100%] Built target vesc_msgs__rosidl_typesupport_c__pyext
[4.484s] Invoked command in '/home/f1tenth/f1tenth-ws/build/vesc_msgs' returned '0': CMAKE_PREFIX_PATH=${CMAKE_PREFIX_PATH}:/home/f1tenth/f1tenth-ws/install/f1tenth_stack:/home/f1tenth/f1tenth-ws/install/joy_teleop:/home/f1tenth/f1tenth-ws/install/particle_filter:/home/f1tenth/f1tenth-ws/install/mouse_teleop:/home/f1tenth/f1tenth-ws/install/key_teleop:/home/f1tenth/f1tenth-ws/install/example_py:/home/f1tenth/f1tenth-ws/install/autonomous_drive:/opt/ros/foxy /usr/bin/cmake --build /home/f1tenth/f1tenth-ws/build/vesc_msgs -- -j4 -l4
[5.332s] Invoking command in '/home/f1tenth/f1tenth-ws/build/vesc_msgs': CMAKE_PREFIX_PATH=${CMAKE_PREFIX_PATH}:/home/f1tenth/f1tenth-ws/install/f1tenth_stack:/home/f1tenth/f1tenth-ws/install/joy_teleop:/home/f1tenth/f1tenth-ws/install/particle_filter:/home/f1tenth/f1tenth-ws/install/mouse_teleop:/home/f1tenth/f1tenth-ws/install/key_teleop:/home/f1tenth/f1tenth-ws/install/example_py:/home/f1tenth/f1tenth-ws/install/autonomous_drive:/opt/ros/foxy /usr/bin/cmake --install /home/f1tenth/f1tenth-ws/build/vesc_msgs
[5.436s] -- Install configuration: ""
[5.437s] -- Up-to-date: /home/f1tenth/f1tenth-ws/install/vesc_msgs/share/ament_index/resource_index/rosidl_interfaces/vesc_msgs
[5.439s] -- Up-to-date: /home/f1tenth/f1tenth-ws/install/vesc_msgs/include/vesc_msgs
[5.441s] -- Up-to-date: /home/f1tenth/f1tenth-ws/install/vesc_msgs/include/vesc_msgs/msg
[5.442s] -- Up-to-date: /home/f1tenth/f1tenth-ws/install/vesc_msgs/include/vesc_msgs/msg/detail
[5.442s] -- Up-to-date: /home/f1tenth/f1tenth-ws/install/vesc_msgs/include/vesc_msgs/msg/detail/vesc_imu_stamped__struct.h
[5.443s] -- Up-to-date: /home/f1tenth/f1tenth-ws/install/vesc_msgs/include/vesc_msgs/msg/detail/vesc_state__functions.c
[5.447s] -- Up-to-date: /home/f1tenth/f1tenth-ws/install/vesc_msgs/include/vesc_msgs/msg/detail/vesc_state__type_support.h
[5.448s] -- Up-to-date: /home/f1tenth/f1tenth-ws/install/vesc_msgs/include/vesc_msgs/msg/detail/vesc_imu__struct.h
[5.448s] -- Up-to-date: /home/f1tenth/f1tenth-ws/install/vesc_msgs/include/vesc_msgs/msg/detail/vesc_state_stamped__functions.h
[5.449s] -- Up-to-date: /home/f1tenth/f1tenth-ws/install/vesc_msgs/include/vesc_msgs/msg/detail/vesc_state__struct.h
[5.449s] -- Up-to-date: /home/f1tenth/f1tenth-ws/install/vesc_msgs/include/vesc_msgs/msg/detail/vesc_state_stamped__struct.h
[5.450s] -- Up-to-date: /home/f1tenth/f1tenth-ws/install/vesc_msgs/include/vesc_msgs/msg/detail/vesc_imu__type_support.h
[5.451s] -- Up-to-date: /home/f1tenth/f1tenth-ws/install/vesc_msgs/include/vesc_msgs/msg/detail/vesc_imu_stamped__type_support.h
[5.451s] -- Up-to-date: /home/f1tenth/f1tenth-ws/install/vesc_msgs/include/vesc_msgs/msg/detail/vesc_state_stamped__type_support.h
[5.452s] -- Up-to-date: /home/f1tenth/f1tenth-ws/install/vesc_msgs/include/vesc_msgs/msg/detail/vesc_imu__functions.c
[5.457s] -- Up-to-date: /home/f1tenth/f1tenth-ws/install/vesc_msgs/include/vesc_msgs/msg/detail/vesc_imu__functions.h
[5.457s] -- Up-to-date: /home/f1tenth/f1tenth-ws/install/vesc_msgs/include/vesc_msgs/msg/detail/vesc_state_stamped__functions.c
[5.457s] -- Up-to-date: /home/f1tenth/f1tenth-ws/install/vesc_msgs/include/vesc_msgs/msg/detail/vesc_imu_stamped__functions.c
[5.458s] -- Up-to-date: /home/f1tenth/f1tenth-ws/install/vesc_msgs/include/vesc_msgs/msg/detail/vesc_imu_stamped__functions.h
[5.459s] -- Up-to-date: /home/f1tenth/f1tenth-ws/install/vesc_msgs/include/vesc_msgs/msg/detail/vesc_state__functions.h
[5.459s] -- Up-to-date: /home/f1tenth/f1tenth-ws/install/vesc_msgs/include/vesc_msgs/msg/vesc_state.h
[5.460s] -- Up-to-date: /home/f1tenth/f1tenth-ws/install/vesc_msgs/include/vesc_msgs/msg/rosidl_generator_c__visibility_control.h
[5.461s] -- Up-to-date: /home/f1tenth/f1tenth-ws/install/vesc_msgs/include/vesc_msgs/msg/vesc_imu.h
[5.461s] -- Up-to-date: /home/f1tenth/f1tenth-ws/install/vesc_msgs/include/vesc_msgs/msg/vesc_imu_stamped.h
[5.461s] -- Up-to-date: /home/f1tenth/f1tenth-ws/install/vesc_msgs/include/vesc_msgs/msg/vesc_state_stamped.h
[5.462s] -- Up-to-date: /home/f1tenth/f1tenth-ws/install/vesc_msgs/share/vesc_msgs/environment/library_path.sh
[5.462s] -- Up-to-date: /home/f1tenth/f1tenth-ws/install/vesc_msgs/share/vesc_msgs/environment/library_path.dsv
[5.462s] -- Up-to-date: /home/f1tenth/f1tenth-ws/install/vesc_msgs/lib/libvesc_msgs__rosidl_generator_c.so
[5.462s] -- Up-to-date: /home/f1tenth/f1tenth-ws/install/vesc_msgs/include/vesc_msgs
[5.463s] -- Up-to-date: /home/f1tenth/f1tenth-ws/install/vesc_msgs/include/vesc_msgs/msg
[5.463s] -- Up-to-date: /home/f1tenth/f1tenth-ws/install/vesc_msgs/include/vesc_msgs/msg/detail
[5.464s] -- Up-to-date: /home/f1tenth/f1tenth-ws/install/vesc_msgs/include/vesc_msgs/msg/detail/vesc_state_stamped__rosidl_typesupport_fastrtps_c.h
[5.464s] -- Up-to-date: /home/f1tenth/f1tenth-ws/install/vesc_msgs/include/vesc_msgs/msg/detail/vesc_state__rosidl_typesupport_fastrtps_c.h
[5.464s] -- Up-to-date: /home/f1tenth/f1tenth-ws/install/vesc_msgs/include/vesc_msgs/msg/detail/vesc_imu__rosidl_typesupport_fastrtps_c.h
[5.465s] -- Up-to-date: /home/f1tenth/f1tenth-ws/install/vesc_msgs/include/vesc_msgs/msg/detail/vesc_imu_stamped__rosidl_typesupport_fastrtps_c.h
[5.465s] -- Up-to-date: /home/f1tenth/f1tenth-ws/install/vesc_msgs/include/vesc_msgs/msg/rosidl_typesupport_fastrtps_c__visibility_control.h
[5.465s] -- Up-to-date: /home/f1tenth/f1tenth-ws/install/vesc_msgs/lib/libvesc_msgs__rosidl_typesupport_fastrtps_c.so
[5.466s] -- Up-to-date: /home/f1tenth/f1tenth-ws/install/vesc_msgs/include/vesc_msgs
[5.466s] -- Up-to-date: /home/f1tenth/f1tenth-ws/install/vesc_msgs/include/vesc_msgs/msg
[5.466s] -- Up-to-date: /home/f1tenth/f1tenth-ws/install/vesc_msgs/include/vesc_msgs/msg/detail
[5.466s] -- Up-to-date: /home/f1tenth/f1tenth-ws/install/vesc_msgs/include/vesc_msgs/msg/detail/dds_fastrtps
[5.476s] -- Up-to-date: /home/f1tenth/f1tenth-ws/install/vesc_msgs/include/vesc_msgs/msg/detail/vesc_state__rosidl_typesupport_fastrtps_cpp.hpp
[5.483s] -- Up-to-date: /home/f1tenth/f1tenth-ws/install/vesc_msgs/include/vesc_msgs/msg/detail/vesc_imu__rosidl_typesupport_fastrtps_cpp.hpp
[5.484s] -- Up-to-date: /home/f1tenth/f1tenth-ws/install/vesc_msgs/include/vesc_msgs/msg/detail/vesc_state_stamped__rosidl_typesupport_fastrtps_cpp.hpp
[5.484s] -- Up-to-date: /home/f1tenth/f1tenth-ws/install/vesc_msgs/include/vesc_msgs/msg/detail/vesc_imu_stamped__rosidl_typesupport_fastrtps_cpp.hpp
[5.484s] -- Up-to-date: /home/f1tenth/f1tenth-ws/install/vesc_msgs/include/vesc_msgs/msg/rosidl_typesupport_fastrtps_cpp__visibility_control.h
[5.485s] -- Up-to-date: /home/f1tenth/f1tenth-ws/install/vesc_msgs/lib/libvesc_msgs__rosidl_typesupport_fastrtps_cpp.so
[5.485s] -- Up-to-date: /home/f1tenth/f1tenth-ws/install/vesc_msgs/include/vesc_msgs
[5.485s] -- Up-to-date: /home/f1tenth/f1tenth-ws/install/vesc_msgs/include/vesc_msgs/msg
[5.486s] -- Up-to-date: /home/f1tenth/f1tenth-ws/install/vesc_msgs/include/vesc_msgs/msg/rosidl_typesupport_introspection_c__visibility_control.h
[5.486s] -- Up-to-date: /home/f1tenth/f1tenth-ws/install/vesc_msgs/include/vesc_msgs/msg/detail
[5.486s] -- Up-to-date: /home/f1tenth/f1tenth-ws/install/vesc_msgs/include/vesc_msgs/msg/detail/vesc_imu__rosidl_typesupport_introspection_c.h
[5.487s] -- Up-to-date: /home/f1tenth/f1tenth-ws/install/vesc_msgs/include/vesc_msgs/msg/detail/vesc_state__rosidl_typesupport_introspection_c.h
[5.487s] -- Up-to-date: /home/f1tenth/f1tenth-ws/install/vesc_msgs/include/vesc_msgs/msg/detail/vesc_imu__type_support.c
[5.488s] -- Up-to-date: /home/f1tenth/f1tenth-ws/install/vesc_msgs/include/vesc_msgs/msg/detail/vesc_state_stamped__type_support.c
[5.488s] -- Up-to-date: /home/f1tenth/f1tenth-ws/install/vesc_msgs/include/vesc_msgs/msg/detail/vesc_state_stamped__rosidl_typesupport_introspection_c.h
[5.488s] -- Up-to-date: /home/f1tenth/f1tenth-ws/install/vesc_msgs/include/vesc_msgs/msg/detail/vesc_imu_stamped__type_support.c
[5.488s] -- Up-to-date: /home/f1tenth/f1tenth-ws/install/vesc_msgs/include/vesc_msgs/msg/detail/vesc_imu_stamped__rosidl_typesupport_introspection_c.h
[5.489s] -- Up-to-date: /home/f1tenth/f1tenth-ws/install/vesc_msgs/include/vesc_msgs/msg/detail/vesc_state__type_support.c
[5.489s] -- Up-to-date: /home/f1tenth/f1tenth-ws/install/vesc_msgs/lib/libvesc_msgs__rosidl_typesupport_introspection_c.so
[5.489s] -- Up-to-date: /home/f1tenth/f1tenth-ws/install/vesc_msgs/lib/libvesc_msgs__rosidl_typesupport_c.so
[5.490s] -- Up-to-date: /home/f1tenth/f1tenth-ws/install/vesc_msgs/include/vesc_msgs
[5.490s] -- Up-to-date: /home/f1tenth/f1tenth-ws/install/vesc_msgs/include/vesc_msgs/msg
[5.490s] -- Up-to-date: /home/f1tenth/f1tenth-ws/install/vesc_msgs/include/vesc_msgs/msg/vesc_imu_stamped.hpp
[5.491s] -- Up-to-date: /home/f1tenth/f1tenth-ws/install/vesc_msgs/include/vesc_msgs/msg/vesc_state.hpp
[5.491s] -- Up-to-date: /home/f1tenth/f1tenth-ws/install/vesc_msgs/include/vesc_msgs/msg/vesc_state_stamped.hpp
[5.491s] -- Up-to-date: /home/f1tenth/f1tenth-ws/install/vesc_msgs/include/vesc_msgs/msg/rosidl_generator_cpp__visibility_control.hpp
[5.492s] -- Up-to-date: /home/f1tenth/f1tenth-ws/install/vesc_msgs/include/vesc_msgs/msg/detail
[5.492s] -- Up-to-date: /home/f1tenth/f1tenth-ws/install/vesc_msgs/include/vesc_msgs/msg/detail/vesc_state__traits.hpp
[5.492s] -- Up-to-date: /home/f1tenth/f1tenth-ws/install/vesc_msgs/include/vesc_msgs/msg/detail/vesc_state__struct.hpp
[5.493s] -- Up-to-date: /home/f1tenth/f1tenth-ws/install/vesc_msgs/include/vesc_msgs/msg/detail/vesc_state_stamped__builder.hpp
[5.493s] -- Up-to-date: /home/f1tenth/f1tenth-ws/install/vesc_msgs/include/vesc_msgs/msg/detail/vesc_imu_stamped__traits.hpp
[5.493s] -- Up-to-date: /home/f1tenth/f1tenth-ws/install/vesc_msgs/include/vesc_msgs/msg/detail/vesc_state_stamped__struct.hpp
[5.494s] -- Up-to-date: /home/f1tenth/f1tenth-ws/install/vesc_msgs/include/vesc_msgs/msg/detail/vesc_state__builder.hpp
[5.494s] -- Up-to-date: /home/f1tenth/f1tenth-ws/install/vesc_msgs/include/vesc_msgs/msg/detail/vesc_imu__builder.hpp
[5.494s] -- Up-to-date: /home/f1tenth/f1tenth-ws/install/vesc_msgs/include/vesc_msgs/msg/detail/vesc_imu__traits.hpp
[5.494s] -- Up-to-date: /home/f1tenth/f1tenth-ws/install/vesc_msgs/include/vesc_msgs/msg/detail/vesc_state__type_support.hpp
[5.511s] -- Up-to-date: /home/f1tenth/f1tenth-ws/install/vesc_msgs/include/vesc_msgs/msg/detail/vesc_imu_stamped__struct.hpp
[5.511s] -- Up-to-date: /home/f1tenth/f1tenth-ws/install/vesc_msgs/include/vesc_msgs/msg/detail/vesc_imu__type_support.hpp
[5.512s] -- Up-to-date: /home/f1tenth/f1tenth-ws/install/vesc_msgs/include/vesc_msgs/msg/detail/vesc_imu__struct.hpp
[5.512s] -- Up-to-date: /home/f1tenth/f1tenth-ws/install/vesc_msgs/include/vesc_msgs/msg/detail/vesc_state_stamped__traits.hpp
[5.513s] -- Up-to-date: /home/f1tenth/f1tenth-ws/install/vesc_msgs/include/vesc_msgs/msg/detail/vesc_state_stamped__type_support.hpp
[5.513s] -- Up-to-date: /home/f1tenth/f1tenth-ws/install/vesc_msgs/include/vesc_msgs/msg/detail/vesc_imu_stamped__builder.hpp
[5.513s] -- Up-to-date: /home/f1tenth/f1tenth-ws/install/vesc_msgs/include/vesc_msgs/msg/detail/vesc_imu_stamped__type_support.hpp
[5.514s] -- Up-to-date: /home/f1tenth/f1tenth-ws/install/vesc_msgs/include/vesc_msgs/msg/vesc_imu.hpp
[5.514s] -- Up-to-date: /home/f1tenth/f1tenth-ws/install/vesc_msgs/include/vesc_msgs
[5.514s] -- Up-to-date: /home/f1tenth/f1tenth-ws/install/vesc_msgs/include/vesc_msgs/msg
[5.514s] -- Up-to-date: /home/f1tenth/f1tenth-ws/install/vesc_msgs/include/vesc_msgs/msg/detail
[5.515s] -- Up-to-date: /home/f1tenth/f1tenth-ws/install/vesc_msgs/include/vesc_msgs/msg/detail/vesc_state_stamped__rosidl_typesupport_introspection_cpp.hpp
[5.515s] -- Up-to-date: /home/f1tenth/f1tenth-ws/install/vesc_msgs/include/vesc_msgs/msg/detail/vesc_imu_stamped__type_support.cpp
[5.515s] -- Up-to-date: /home/f1tenth/f1tenth-ws/install/vesc_msgs/include/vesc_msgs/msg/detail/vesc_imu_stamped__rosidl_typesupport_introspection_cpp.hpp
[5.516s] -- Up-to-date: /home/f1tenth/f1tenth-ws/install/vesc_msgs/include/vesc_msgs/msg/detail/vesc_imu__type_support.cpp
[5.516s] -- Up-to-date: /home/f1tenth/f1tenth-ws/install/vesc_msgs/include/vesc_msgs/msg/detail/vesc_imu__rosidl_typesupport_introspection_cpp.hpp
[5.516s] -- Up-to-date: /home/f1tenth/f1tenth-ws/install/vesc_msgs/include/vesc_msgs/msg/detail/vesc_state_stamped__type_support.cpp
[5.517s] -- Up-to-date: /home/f1tenth/f1tenth-ws/install/vesc_msgs/include/vesc_msgs/msg/detail/vesc_state__rosidl_typesupport_introspection_cpp.hpp
[5.517s] -- Up-to-date: /home/f1tenth/f1tenth-ws/install/vesc_msgs/include/vesc_msgs/msg/detail/vesc_state__type_support.cpp
[5.517s] -- Up-to-date: /home/f1tenth/f1tenth-ws/install/vesc_msgs/lib/libvesc_msgs__rosidl_typesupport_introspection_cpp.so
[5.518s] -- Up-to-date: /home/f1tenth/f1tenth-ws/install/vesc_msgs/lib/libvesc_msgs__rosidl_typesupport_cpp.so
[5.518s] -- Up-to-date: /home/f1tenth/f1tenth-ws/install/vesc_msgs/share/vesc_msgs/environment/pythonpath.sh
[5.518s] -- Up-to-date: /home/f1tenth/f1tenth-ws/install/vesc_msgs/share/vesc_msgs/environment/pythonpath.dsv
[5.518s] -- Up-to-date: /home/f1tenth/f1tenth-ws/install/vesc_msgs/lib/python3.8/site-packages/vesc_msgs/__init__.py
[5.654s] -- Up-to-date: /home/f1tenth/f1tenth-ws/install/vesc_msgs/lib/python3.8/site-packages/vesc_msgs/msg
[5.654s] -- Up-to-date: /home/f1tenth/f1tenth-ws/install/vesc_msgs/lib/python3.8/site-packages/vesc_msgs/msg/_vesc_imu_stamped.py
[5.655s] -- Up-to-date: /home/f1tenth/f1tenth-ws/install/vesc_msgs/lib/python3.8/site-packages/vesc_msgs/msg/_vesc_state.py
[5.655s] -- Up-to-date: /home/f1tenth/f1tenth-ws/install/vesc_msgs/lib/python3.8/site-packages/vesc_msgs/msg/_vesc_state_s.c
[5.656s] -- Up-to-date: /home/f1tenth/f1tenth-ws/install/vesc_msgs/lib/python3.8/site-packages/vesc_msgs/msg/_vesc_state_stamped.py
[5.656s] -- Up-to-date: /home/f1tenth/f1tenth-ws/install/vesc_msgs/lib/python3.8/site-packages/vesc_msgs/msg/_vesc_imu.py
[5.656s] -- Up-to-date: /home/f1tenth/f1tenth-ws/install/vesc_msgs/lib/python3.8/site-packages/vesc_msgs/msg/__init__.py
[5.657s] -- Up-to-date: /home/f1tenth/f1tenth-ws/install/vesc_msgs/lib/python3.8/site-packages/vesc_msgs/msg/_vesc_state_stamped_s.c
[5.657s] -- Up-to-date: /home/f1tenth/f1tenth-ws/install/vesc_msgs/lib/python3.8/site-packages/vesc_msgs/msg/_vesc_imu_s.c
[5.657s] -- Up-to-date: /home/f1tenth/f1tenth-ws/install/vesc_msgs/lib/python3.8/site-packages/vesc_msgs/msg/_vesc_imu_stamped_s.c
[5.658s] -- Up-to-date: /home/f1tenth/f1tenth-ws/install/vesc_msgs/lib/python3.8/site-packages/vesc_msgs/vesc_msgs_s__rosidl_typesupport_fastrtps_c.cpython-38-aarch64-linux-gnu.so
[5.658s] -- Up-to-date: /home/f1tenth/f1tenth-ws/install/vesc_msgs/lib/python3.8/site-packages/vesc_msgs/vesc_msgs_s__rosidl_typesupport_introspection_c.cpython-38-aarch64-linux-gnu.so
[5.660s] -- Up-to-date: /home/f1tenth/f1tenth-ws/install/vesc_msgs/lib/python3.8/site-packages/vesc_msgs/vesc_msgs_s__rosidl_typesupport_c.cpython-38-aarch64-linux-gnu.so
[5.665s] -- Up-to-date: /home/f1tenth/f1tenth-ws/install/vesc_msgs/lib/libvesc_msgs__python.so
[5.666s] -- Up-to-date: /home/f1tenth/f1tenth-ws/install/vesc_msgs/share/vesc_msgs/msg/VescState.idl
[5.668s] -- Up-to-date: /home/f1tenth/f1tenth-ws/install/vesc_msgs/share/vesc_msgs/msg/VescStateStamped.idl
[5.669s] -- Up-to-date: /home/f1tenth/f1tenth-ws/install/vesc_msgs/share/vesc_msgs/msg/VescImu.idl
[5.671s] -- Up-to-date: /home/f1tenth/f1tenth-ws/install/vesc_msgs/share/vesc_msgs/msg/VescImuStamped.idl
[5.672s] -- Up-to-date: /home/f1tenth/f1tenth-ws/install/vesc_msgs/share/vesc_msgs/msg/VescState.msg
[5.673s] -- Up-to-date: /home/f1tenth/f1tenth-ws/install/vesc_msgs/share/vesc_msgs/msg/VescStateStamped.msg
[5.675s] -- Up-to-date: /home/f1tenth/f1tenth-ws/install/vesc_msgs/share/vesc_msgs/msg/VescImu.msg
[5.676s] -- Up-to-date: /home/f1tenth/f1tenth-ws/install/vesc_msgs/share/vesc_msgs/msg/VescImuStamped.msg
[5.679s] -- Up-to-date: /home/f1tenth/f1tenth-ws/install/vesc_msgs/share/ament_index/resource_index/package_run_dependencies/vesc_msgs
[5.680s] -- Up-to-date: /home/f1tenth/f1tenth-ws/install/vesc_msgs/share/ament_index/resource_index/parent_prefix_path/vesc_msgs
[5.682s] -- Up-to-date: /home/f1tenth/f1tenth-ws/install/vesc_msgs/share/vesc_msgs/environment/ament_prefix_path.sh
[5.684s] -- Up-to-date: /home/f1tenth/f1tenth-ws/install/vesc_msgs/share/vesc_msgs/environment/ament_prefix_path.dsv
[5.685s] -- Up-to-date: /home/f1tenth/f1tenth-ws/install/vesc_msgs/share/vesc_msgs/environment/path.sh
[5.687s] -- Up-to-date: /home/f1tenth/f1tenth-ws/install/vesc_msgs/share/vesc_msgs/environment/path.dsv
[5.688s] -- Up-to-date: /home/f1tenth/f1tenth-ws/install/vesc_msgs/share/vesc_msgs/local_setup.bash
[5.690s] -- Up-to-date: /home/f1tenth/f1tenth-ws/install/vesc_msgs/share/vesc_msgs/local_setup.sh
[5.694s] -- Up-to-date: /home/f1tenth/f1tenth-ws/install/vesc_msgs/share/vesc_msgs/local_setup.zsh
[5.694s] -- Up-to-date: /home/f1tenth/f1tenth-ws/install/vesc_msgs/share/vesc_msgs/local_setup.dsv
[5.697s] -- Installing: /home/f1tenth/f1tenth-ws/install/vesc_msgs/share/vesc_msgs/package.dsv
[5.698s] -- Up-to-date: /home/f1tenth/f1tenth-ws/install/vesc_msgs/share/ament_index/resource_index/packages/vesc_msgs
[5.701s] -- Up-to-date: /home/f1tenth/f1tenth-ws/install/vesc_msgs/share/vesc_msgs/cmake/vesc_msgs__rosidl_generator_cExport.cmake
[5.702s] -- Up-to-date: /home/f1tenth/f1tenth-ws/install/vesc_msgs/share/vesc_msgs/cmake/vesc_msgs__rosidl_generator_cExport-noconfig.cmake
[5.704s] -- Up-to-date: /home/f1tenth/f1tenth-ws/install/vesc_msgs/share/vesc_msgs/cmake/vesc_msgs__rosidl_typesupport_introspection_cExport.cmake
[5.704s] -- Up-to-date: /home/f1tenth/f1tenth-ws/install/vesc_msgs/share/vesc_msgs/cmake/vesc_msgs__rosidl_typesupport_introspection_cExport-noconfig.cmake
[5.705s] -- Up-to-date: /home/f1tenth/f1tenth-ws/install/vesc_msgs/share/vesc_msgs/cmake/vesc_msgs__rosidl_typesupport_cExport.cmake
[5.707s] -- Up-to-date: /home/f1tenth/f1tenth-ws/install/vesc_msgs/share/vesc_msgs/cmake/vesc_msgs__rosidl_typesupport_cExport-noconfig.cmake
[5.708s] -- Up-to-date: /home/f1tenth/f1tenth-ws/install/vesc_msgs/share/vesc_msgs/cmake/vesc_msgs__rosidl_generator_cppExport.cmake
[5.709s] -- Up-to-date: /home/f1tenth/f1tenth-ws/install/vesc_msgs/share/vesc_msgs/cmake/vesc_msgs__rosidl_typesupport_introspection_cppExport.cmake
[5.710s] -- Up-to-date: /home/f1tenth/f1tenth-ws/install/vesc_msgs/share/vesc_msgs/cmake/vesc_msgs__rosidl_typesupport_introspection_cppExport-noconfig.cmake
[5.714s] -- Up-to-date: /home/f1tenth/f1tenth-ws/install/vesc_msgs/share/vesc_msgs/cmake/vesc_msgs__rosidl_typesupport_cppExport.cmake
[5.715s] -- Up-to-date: /home/f1tenth/f1tenth-ws/install/vesc_msgs/share/vesc_msgs/cmake/vesc_msgs__rosidl_typesupport_cppExport-noconfig.cmake
[5.715s] -- Up-to-date: /home/f1tenth/f1tenth-ws/install/vesc_msgs/share/vesc_msgs/cmake/rosidl_cmake-extras.cmake
[5.715s] -- Up-to-date: /home/f1tenth/f1tenth-ws/install/vesc_msgs/share/vesc_msgs/cmake/ament_cmake_export_dependencies-extras.cmake
[5.716s] -- Up-to-date: /home/f1tenth/f1tenth-ws/install/vesc_msgs/share/vesc_msgs/cmake/ament_cmake_export_libraries-extras.cmake
[5.716s] -- Up-to-date: /home/f1tenth/f1tenth-ws/install/vesc_msgs/share/vesc_msgs/cmake/ament_cmake_export_targets-extras.cmake
[5.717s] -- Up-to-date: /home/f1tenth/f1tenth-ws/install/vesc_msgs/share/vesc_msgs/cmake/ament_cmake_export_include_directories-extras.cmake
[5.717s] -- Up-to-date: /home/f1tenth/f1tenth-ws/install/vesc_msgs/share/vesc_msgs/cmake/rosidl_cmake_export_typesupport_libraries-extras.cmake
[5.718s] -- Up-to-date: /home/f1tenth/f1tenth-ws/install/vesc_msgs/share/vesc_msgs/cmake/rosidl_cmake_export_typesupport_targets-extras.cmake
[5.718s] -- Up-to-date: /home/f1tenth/f1tenth-ws/install/vesc_msgs/share/vesc_msgs/cmake/vesc_msgsConfig.cmake
[5.719s] -- Up-to-date: /home/f1tenth/f1tenth-ws/install/vesc_msgs/share/vesc_msgs/cmake/vesc_msgsConfig-version.cmake
[5.719s] -- Up-to-date: /home/f1tenth/f1tenth-ws/install/vesc_msgs/share/vesc_msgs/package.xml
[7.528s] Invoked command in '/home/f1tenth/f1tenth-ws/build/vesc_msgs' returned '0': CMAKE_PREFIX_PATH=${CMAKE_PREFIX_PATH}:/home/f1tenth/f1tenth-ws/install/f1tenth_stack:/home/f1tenth/f1tenth-ws/install/joy_teleop:/home/f1tenth/f1tenth-ws/install/particle_filter:/home/f1tenth/f1tenth-ws/install/mouse_teleop:/home/f1tenth/f1tenth-ws/install/key_teleop:/home/f1tenth/f1tenth-ws/install/example_py:/home/f1tenth/f1tenth-ws/install/autonomous_drive:/opt/ros/foxy /usr/bin/cmake --install /home/f1tenth/f1tenth-ws/build/vesc_msgs
