[8.514s] Invoking command in '/home/f1tenth/f1tenth-ws/src/f1tenth_mpc-main/mpc': PYTHONPATH=/home/f1tenth/f1tenth-ws/build/mpc/prefix_override:/home/f1tenth/f1tenth-ws/install/mpc/lib/python3.8/site-packages:${PYTHONPATH} /usr/bin/python3 setup.py egg_info --egg-base ../../../build/mpc build --build-base /home/f1tenth/f1tenth-ws/build/mpc/build install --record /home/f1tenth/f1tenth-ws/build/mpc/install.log --install-scripts $base/lib/mpc --single-version-externally-managed
[9.618s] running egg_info
[9.619s] writing ../../../build/mpc/mpc.egg-info/PKG-INFO
[9.620s] writing dependency_links to ../../../build/mpc/mpc.egg-info/dependency_links.txt
[9.621s] writing entry points to ../../../build/mpc/mpc.egg-info/entry_points.txt
[9.621s] writing requirements to ../../../build/mpc/mpc.egg-info/requires.txt
[9.622s] writing top-level names to ../../../build/mpc/mpc.egg-info/top_level.txt
[9.789s] reading manifest file '../../../build/mpc/mpc.egg-info/SOURCES.txt'
[9.793s] writing manifest file '../../../build/mpc/mpc.egg-info/SOURCES.txt'
[9.795s] running build
[9.797s] running build_py
[9.797s] running install
[9.799s] running install_lib
[9.807s] running install_data
[9.809s] running install_egg_info
[9.818s] removing '/home/f1tenth/f1tenth-ws/install/mpc/lib/python3.8/site-packages/mpc-0.0.0-py3.8.egg-info' (and everything under it)
[9.818s] Copying ../../../build/mpc/mpc.egg-info to /home/f1tenth/f1tenth-ws/install/mpc/lib/python3.8/site-packages/mpc-0.0.0-py3.8.egg-info
[9.823s] running install_scripts
[9.892s] Installing mpc_node script to /home/f1tenth/f1tenth-ws/install/mpc/lib/mpc
[9.896s] writing list of installed files to '/home/f1tenth/f1tenth-ws/build/mpc/install.log'
[11.672s] Invoked command in '/home/f1tenth/f1tenth-ws/src/f1tenth_mpc-main/mpc' returned '0': PYTHONPATH=/home/f1tenth/f1tenth-ws/build/mpc/prefix_override:/home/f1tenth/f1tenth-ws/install/mpc/lib/python3.8/site-packages:${PYTHONPATH} /usr/bin/python3 setup.py egg_info --egg-base ../../../build/mpc build --build-base /home/f1tenth/f1tenth-ws/build/mpc/build install --record /home/f1tenth/f1tenth-ws/build/mpc/install.log --install-scripts $base/lib/mpc --single-version-externally-managed
