[6.564s] Invoking command in '/home/f1tenth/f1tenth-ws/src/f1tenth_system/teleop_tools/key_teleop': PYTHONPATH=/home/f1tenth/f1tenth-ws/build/key_teleop/prefix_override:/home/f1tenth/f1tenth-ws/install/key_teleop/lib/python3.8/site-packages:${PYTHONPATH} /usr/bin/python3 setup.py egg_info --egg-base ../../../../build/key_teleop build --build-base /home/f1tenth/f1tenth-ws/build/key_teleop/build install --record /home/f1tenth/f1tenth-ws/build/key_teleop/install.log --install-scripts $base/lib/key_teleop --single-version-externally-managed
[7.510s] running egg_info
[7.512s] writing ../../../../build/key_teleop/key_teleop.egg-info/PKG-INFO
[7.513s] writing dependency_links to ../../../../build/key_teleop/key_teleop.egg-info/dependency_links.txt
[7.514s] writing entry points to ../../../../build/key_teleop/key_teleop.egg-info/entry_points.txt
[7.515s] writing requirements to ../../../../build/key_teleop/key_teleop.egg-info/requires.txt
[7.516s] writing top-level names to ../../../../build/key_teleop/key_teleop.egg-info/top_level.txt
[7.659s] reading manifest file '../../../../build/key_teleop/key_teleop.egg-info/SOURCES.txt'
[7.663s] writing manifest file '../../../../build/key_teleop/key_teleop.egg-info/SOURCES.txt'
[7.665s] running build
[7.666s] running build_py
[7.667s] running install
[7.668s] running install_lib
[7.675s] running install_data
[7.676s] running install_egg_info
[7.684s] removing '/home/f1tenth/f1tenth-ws/install/key_teleop/lib/python3.8/site-packages/key_teleop-0.3.0-py3.8.egg-info' (and everything under it)
[7.686s] Copying ../../../../build/key_teleop/key_teleop.egg-info to /home/f1tenth/f1tenth-ws/install/key_teleop/lib/python3.8/site-packages/key_teleop-0.3.0-py3.8.egg-info
[7.689s] running install_scripts
[7.757s] Installing key_teleop script to /home/f1tenth/f1tenth-ws/install/key_teleop/lib/key_teleop
[7.760s] writing list of installed files to '/home/f1tenth/f1tenth-ws/build/key_teleop/install.log'
[9.518s] Invoked command in '/home/f1tenth/f1tenth-ws/src/f1tenth_system/teleop_tools/key_teleop' returned '0': PYTHONPATH=/home/f1tenth/f1tenth-ws/build/key_teleop/prefix_override:/home/f1tenth/f1tenth-ws/install/key_teleop/lib/python3.8/site-packages:${PYTHONPATH} /usr/bin/python3 setup.py egg_info --egg-base ../../../../build/key_teleop build --build-base /home/f1tenth/f1tenth-ws/build/key_teleop/build install --record /home/f1tenth/f1tenth-ws/build/key_teleop/install.log --install-scripts $base/lib/key_teleop --single-version-externally-managed
