[6.323s] Invoking command in '/mnt/nvme0n1/f1tenth_ws/src/f1tenth_system/teleop_tools/key_teleop': PYTHONPATH=/mnt/nvme0n1/f1tenth_ws/build/key_teleop/prefix_override:/mnt/nvme0n1/f1tenth_ws/install/key_teleop/lib/python3.8/site-packages:${PYTHONPATH} /usr/bin/python3 setup.py egg_info --egg-base ../../../../build/key_teleop build --build-base /mnt/nvme0n1/f1tenth_ws/build/key_teleop/build install --record /mnt/nvme0n1/f1tenth_ws/build/key_teleop/install.log --install-scripts $base/lib/key_teleop --single-version-externally-managed
[7.282s] running egg_info
[7.283s] writing ../../../../build/key_teleop/key_teleop.egg-info/PKG-INFO
[7.284s] writing dependency_links to ../../../../build/key_teleop/key_teleop.egg-info/dependency_links.txt
[7.285s] writing entry points to ../../../../build/key_teleop/key_teleop.egg-info/entry_points.txt
[7.286s] writing requirements to ../../../../build/key_teleop/key_teleop.egg-info/requires.txt
[7.288s] writing top-level names to ../../../../build/key_teleop/key_teleop.egg-info/top_level.txt
[7.417s] reading manifest file '../../../../build/key_teleop/key_teleop.egg-info/SOURCES.txt'
[7.422s] writing manifest file '../../../../build/key_teleop/key_teleop.egg-info/SOURCES.txt'
[7.423s] running build
[7.423s] running build_py
[7.425s] running install
[7.427s] running install_lib
[7.433s] running install_data
[7.434s] running install_egg_info
[7.439s] removing '/mnt/nvme0n1/f1tenth_ws/install/key_teleop/lib/python3.8/site-packages/key_teleop-0.3.0-py3.8.egg-info' (and everything under it)
[7.441s] Copying ../../../../build/key_teleop/key_teleop.egg-info to /mnt/nvme0n1/f1tenth_ws/install/key_teleop/lib/python3.8/site-packages/key_teleop-0.3.0-py3.8.egg-info
[7.445s] running install_scripts
[7.510s] Installing key_teleop script to /mnt/nvme0n1/f1tenth_ws/install/key_teleop/lib/key_teleop
[7.510s] writing list of installed files to '/mnt/nvme0n1/f1tenth_ws/build/key_teleop/install.log'
[10.088s] Invoked command in '/mnt/nvme0n1/f1tenth_ws/src/f1tenth_system/teleop_tools/key_teleop' returned '0': PYTHONPATH=/mnt/nvme0n1/f1tenth_ws/build/key_teleop/prefix_override:/mnt/nvme0n1/f1tenth_ws/install/key_teleop/lib/python3.8/site-packages:${PYTHONPATH} /usr/bin/python3 setup.py egg_info --egg-base ../../../../build/key_teleop build --build-base /mnt/nvme0n1/f1tenth_ws/build/key_teleop/build install --record /mnt/nvme0n1/f1tenth_ws/build/key_teleop/install.log --install-scripts $base/lib/key_teleop --single-version-externally-managed
