[7.352s] Invoking command in '/home/f1tenth/f1tenth-ws/src/f1tenth_system/teleop_tools/key_teleop': PYTHONPATH=/home/f1tenth/f1tenth-ws/build/key_teleop/prefix_override:/home/f1tenth/f1tenth-ws/install/key_teleop/lib/python3.8/site-packages:${PYTHONPATH} /usr/bin/python3 setup.py egg_info --egg-base ../../../../build/key_teleop build --build-base /home/f1tenth/f1tenth-ws/build/key_teleop/build install --record /home/f1tenth/f1tenth-ws/build/key_teleop/install.log --install-scripts $base/lib/key_teleop --single-version-externally-managed
[9.364s] running egg_info
[9.366s] writing ../../../../build/key_teleop/key_teleop.egg-info/PKG-INFO
[9.369s] writing dependency_links to ../../../../build/key_teleop/key_teleop.egg-info/dependency_links.txt
[9.369s] writing entry points to ../../../../build/key_teleop/key_teleop.egg-info/entry_points.txt
[9.369s] writing requirements to ../../../../build/key_teleop/key_teleop.egg-info/requires.txt
[9.370s] writing top-level names to ../../../../build/key_teleop/key_teleop.egg-info/top_level.txt
[9.370s] reading manifest file '../../../../build/key_teleop/key_teleop.egg-info/SOURCES.txt'
[9.372s] writing manifest file '../../../../build/key_teleop/key_teleop.egg-info/SOURCES.txt'
[9.372s] running build
[9.373s] running build_py
[9.374s] running install
[9.374s] running install_lib
[9.375s] running install_data
[9.376s] running install_egg_info
[9.376s] removing '/home/f1tenth/f1tenth-ws/install/key_teleop/lib/python3.8/site-packages/key_teleop-0.3.0-py3.8.egg-info' (and everything under it)
[9.377s] Copying ../../../../build/key_teleop/key_teleop.egg-info to /home/f1tenth/f1tenth-ws/install/key_teleop/lib/python3.8/site-packages/key_teleop-0.3.0-py3.8.egg-info
[9.377s] running install_scripts
[9.378s] Installing key_teleop script to /home/f1tenth/f1tenth-ws/install/key_teleop/lib/key_teleop
[9.379s] writing list of installed files to '/home/f1tenth/f1tenth-ws/build/key_teleop/install.log'
[10.978s] Invoked command in '/home/f1tenth/f1tenth-ws/src/f1tenth_system/teleop_tools/key_teleop' returned '0': PYTHONPATH=/home/f1tenth/f1tenth-ws/build/key_teleop/prefix_override:/home/f1tenth/f1tenth-ws/install/key_teleop/lib/python3.8/site-packages:${PYTHONPATH} /usr/bin/python3 setup.py egg_info --egg-base ../../../../build/key_teleop build --build-base /home/f1tenth/f1tenth-ws/build/key_teleop/build install --record /home/f1tenth/f1tenth-ws/build/key_teleop/install.log --install-scripts $base/lib/key_teleop --single-version-externally-managed
