[3.364s] Invoking command in '/home/f1tenth/f1tenth-ws/build/safety_node': CMAKE_PREFIX_PATH=${CMAKE_PREFIX_PATH}:/home/f1tenth/f1tenth-ws/install/f1tenth_stack:/home/f1tenth/f1tenth-ws/install/joy_teleop:/home/f1tenth/f1tenth-ws/install/particle_filter:/home/f1tenth/f1tenth-ws/install/mouse_teleop:/home/f1tenth/f1tenth-ws/install/key_teleop:/home/f1tenth/f1tenth-ws/install/example_py:/home/f1tenth/f1tenth-ws/install/autonomous_drive:/opt/ros/foxy /usr/bin/cmake --build /home/f1tenth/f1tenth-ws/build/safety_node -- -j4 -l4
[3.816s] [100%] Built target safety_node
[5.278s] Invoked command in '/home/f1tenth/f1tenth-ws/build/safety_node' returned '0': CMAKE_PREFIX_PATH=${CMAKE_PREFIX_PATH}:/home/f1tenth/f1tenth-ws/install/f1tenth_stack:/home/f1tenth/f1tenth-ws/install/joy_teleop:/home/f1tenth/f1tenth-ws/install/particle_filter:/home/f1tenth/f1tenth-ws/install/mouse_teleop:/home/f1tenth/f1tenth-ws/install/key_teleop:/home/f1tenth/f1tenth-ws/install/example_py:/home/f1tenth/f1tenth-ws/install/autonomous_drive:/opt/ros/foxy /usr/bin/cmake --build /home/f1tenth/f1tenth-ws/build/safety_node -- -j4 -l4
[7.105s] Invoking command in '/home/f1tenth/f1tenth-ws/build/safety_node': CMAKE_PREFIX_PATH=${CMAKE_PREFIX_PATH}:/home/f1tenth/f1tenth-ws/install/f1tenth_stack:/home/f1tenth/f1tenth-ws/install/joy_teleop:/home/f1tenth/f1tenth-ws/install/particle_filter:/home/f1tenth/f1tenth-ws/install/mouse_teleop:/home/f1tenth/f1tenth-ws/install/key_teleop:/home/f1tenth/f1tenth-ws/install/example_py:/home/f1tenth/f1tenth-ws/install/autonomous_drive:/opt/ros/foxy /usr/bin/cmake --install /home/f1tenth/f1tenth-ws/build/safety_node
[7.149s] -- Install configuration: ""
[7.151s] -- Up-to-date: /home/f1tenth/f1tenth-ws/install/safety_node/lib/safety_node/safety_node
[7.156s] -- Up-to-date: /home/f1tenth/f1tenth-ws/install/safety_node/share/safety_node/environment/pythonpath.sh
[7.156s] -- Up-to-date: /home/f1tenth/f1tenth-ws/install/safety_node/share/safety_node/environment/pythonpath.dsv
[7.157s] -- Up-to-date: /home/f1tenth/f1tenth-ws/install/safety_node/lib/python3.8/site-packages/safety_node
[7.159s] -- Up-to-date: /home/f1tenth/f1tenth-ws/install/safety_node/lib/python3.8/site-packages/safety_node/__init__.py
[7.316s] Listing '/home/f1tenth/f1tenth-ws/install/safety_node/lib/python3.8/site-packages/safety_node'...
[7.337s] -- Up-to-date: /home/f1tenth/f1tenth-ws/install/safety_node/lib/safety_node/safety_node.py
[7.339s] -- Up-to-date: /home/f1tenth/f1tenth-ws/install/safety_node/share/ament_index/resource_index/package_run_dependencies/safety_node
[7.343s] -- Up-to-date: /home/f1tenth/f1tenth-ws/install/safety_node/share/ament_index/resource_index/parent_prefix_path/safety_node
[7.345s] -- Up-to-date: /home/f1tenth/f1tenth-ws/install/safety_node/share/safety_node/environment/ament_prefix_path.sh
[7.347s] -- Up-to-date: /home/f1tenth/f1tenth-ws/install/safety_node/share/safety_node/environment/ament_prefix_path.dsv
[7.348s] -- Up-to-date: /home/f1tenth/f1tenth-ws/install/safety_node/share/safety_node/environment/path.sh
[7.349s] -- Up-to-date: /home/f1tenth/f1tenth-ws/install/safety_node/share/safety_node/environment/path.dsv
[7.350s] -- Up-to-date: /home/f1tenth/f1tenth-ws/install/safety_node/share/safety_node/local_setup.bash
[7.352s] -- Up-to-date: /home/f1tenth/f1tenth-ws/install/safety_node/share/safety_node/local_setup.sh
[7.353s] -- Up-to-date: /home/f1tenth/f1tenth-ws/install/safety_node/share/safety_node/local_setup.zsh
[7.355s] -- Up-to-date: /home/f1tenth/f1tenth-ws/install/safety_node/share/safety_node/local_setup.dsv
[7.356s] -- Installing: /home/f1tenth/f1tenth-ws/install/safety_node/share/safety_node/package.dsv
[7.358s] -- Up-to-date: /home/f1tenth/f1tenth-ws/install/safety_node/share/ament_index/resource_index/packages/safety_node
[7.359s] -- Up-to-date: /home/f1tenth/f1tenth-ws/install/safety_node/share/safety_node/cmake/safety_nodeConfig.cmake
[7.360s] -- Up-to-date: /home/f1tenth/f1tenth-ws/install/safety_node/share/safety_node/cmake/safety_nodeConfig-version.cmake
[7.362s] -- Up-to-date: /home/f1tenth/f1tenth-ws/install/safety_node/share/safety_node/package.xml
[8.060s] Invoked command in '/home/f1tenth/f1tenth-ws/build/safety_node' returned '0': CMAKE_PREFIX_PATH=${CMAKE_PREFIX_PATH}:/home/f1tenth/f1tenth-ws/install/f1tenth_stack:/home/f1tenth/f1tenth-ws/install/joy_teleop:/home/f1tenth/f1tenth-ws/install/particle_filter:/home/f1tenth/f1tenth-ws/install/mouse_teleop:/home/f1tenth/f1tenth-ws/install/key_teleop:/home/f1tenth/f1tenth-ws/install/example_py:/home/f1tenth/f1tenth-ws/install/autonomous_drive:/opt/ros/foxy /usr/bin/cmake --install /home/f1tenth/f1tenth-ws/build/safety_node
