[0.307s] Invoking command in '/home/william/sim_ws/build/interfaces_hot_wheels': CMAKE_PREFIX_PATH=${CMAKE_PREFIX_PATH}:/home/william/sim_ws/install/particle_filter:/home/william/sim_ws/install/f1tenth_gym_ros:/opt/ros/foxy /usr/bin/cmake --build /home/william/sim_ws/build/interfaces_hot_wheels -- -j8 -l8
[0.831s] [  3%] Built target interfaces_hot_wheels__cpp
[0.832s] [ 12%] Built target interfaces_hot_wheels__rosidl_generator_c
[0.832s] [ 22%] Built target interfaces_hot_wheels__rosidl_typesupport_introspection_cpp
[0.833s] [ 32%] Built target interfaces_hot_wheels__rosidl_typesupport_introspection_c
[0.833s] [ 41%] Built target interfaces_hot_wheels__rosidl_typesupport_cpp
[0.833s] [ 51%] Built target interfaces_hot_wheels__rosidl_typesupport_fastrtps_cpp
[0.834s] [ 61%] Built target interfaces_hot_wheels__rosidl_typesupport_c
[0.834s] [ 70%] Built target interfaces_hot_wheels__rosidl_typesupport_fastrtps_c
[0.834s] [ 70%] Built target interfaces_hot_wheels
[0.834s] [ 74%] Built target interfaces_hot_wheels__py
[0.834s] [ 80%] Built target interfaces_hot_wheels__python
[0.835s] [ 93%] Built target interfaces_hot_wheels__rosidl_typesupport_fastrtps_c__pyext
[0.836s] [ 93%] Built target interfaces_hot_wheels__rosidl_typesupport_c__pyext
[0.836s] [100%] Built target interfaces_hot_wheels__rosidl_typesupport_introspection_c__pyext
[0.840s] Invoked command in '/home/william/sim_ws/build/interfaces_hot_wheels' returned '0': CMAKE_PREFIX_PATH=${CMAKE_PREFIX_PATH}:/home/william/sim_ws/install/particle_filter:/home/william/sim_ws/install/f1tenth_gym_ros:/opt/ros/foxy /usr/bin/cmake --build /home/william/sim_ws/build/interfaces_hot_wheels -- -j8 -l8
[0.896s] Invoking command in '/home/william/sim_ws/build/interfaces_hot_wheels': CMAKE_PREFIX_PATH=${CMAKE_PREFIX_PATH}:/home/william/sim_ws/install/particle_filter:/home/william/sim_ws/install/f1tenth_gym_ros:/opt/ros/foxy /usr/bin/cmake --install /home/william/sim_ws/build/interfaces_hot_wheels
[0.905s] -- Install configuration: ""
[0.906s] -- Up-to-date: /home/william/sim_ws/install/interfaces_hot_wheels/share/ament_index/resource_index/rosidl_interfaces/interfaces_hot_wheels
[0.906s] -- Up-to-date: /home/william/sim_ws/install/interfaces_hot_wheels/include/interfaces_hot_wheels
[0.906s] -- Up-to-date: /home/william/sim_ws/install/interfaces_hot_wheels/include/interfaces_hot_wheels/msg
[0.906s] -- Up-to-date: /home/william/sim_ws/install/interfaces_hot_wheels/include/interfaces_hot_wheels/msg/waypoint.h
[0.906s] -- Up-to-date: /home/william/sim_ws/install/interfaces_hot_wheels/include/interfaces_hot_wheels/msg/rosidl_generator_c__visibility_control.h
[0.906s] -- Up-to-date: /home/william/sim_ws/install/interfaces_hot_wheels/include/interfaces_hot_wheels/msg/detail
[0.907s] -- Up-to-date: /home/william/sim_ws/install/interfaces_hot_wheels/include/interfaces_hot_wheels/msg/detail/waypoint__functions.h
[0.907s] -- Up-to-date: /home/william/sim_ws/install/interfaces_hot_wheels/include/interfaces_hot_wheels/msg/detail/waypoint__functions.c
[0.907s] -- Up-to-date: /home/william/sim_ws/install/interfaces_hot_wheels/include/interfaces_hot_wheels/msg/detail/waypoint__type_support.h
[0.907s] -- Up-to-date: /home/william/sim_ws/install/interfaces_hot_wheels/include/interfaces_hot_wheels/msg/detail/waypoint__struct.h
[0.907s] -- Up-to-date: /home/william/sim_ws/install/interfaces_hot_wheels/share/interfaces_hot_wheels/environment/library_path.sh
[0.907s] -- Up-to-date: /home/william/sim_ws/install/interfaces_hot_wheels/share/interfaces_hot_wheels/environment/library_path.dsv
[0.907s] -- Up-to-date: /home/william/sim_ws/install/interfaces_hot_wheels/lib/libinterfaces_hot_wheels__rosidl_generator_c.so
[0.908s] -- Up-to-date: /home/william/sim_ws/install/interfaces_hot_wheels/include/interfaces_hot_wheels
[0.908s] -- Up-to-date: /home/william/sim_ws/install/interfaces_hot_wheels/include/interfaces_hot_wheels/msg
[0.908s] -- Up-to-date: /home/william/sim_ws/install/interfaces_hot_wheels/include/interfaces_hot_wheels/msg/detail
[0.908s] -- Up-to-date: /home/william/sim_ws/install/interfaces_hot_wheels/include/interfaces_hot_wheels/msg/detail/waypoint__rosidl_typesupport_fastrtps_c.h
[0.908s] -- Up-to-date: /home/william/sim_ws/install/interfaces_hot_wheels/include/interfaces_hot_wheels/msg/rosidl_typesupport_fastrtps_c__visibility_control.h
[0.908s] -- Up-to-date: /home/william/sim_ws/install/interfaces_hot_wheels/lib/libinterfaces_hot_wheels__rosidl_typesupport_fastrtps_c.so
[0.909s] -- Up-to-date: /home/william/sim_ws/install/interfaces_hot_wheels/include/interfaces_hot_wheels
[0.909s] -- Up-to-date: /home/william/sim_ws/install/interfaces_hot_wheels/include/interfaces_hot_wheels/msg
[0.909s] -- Up-to-date: /home/william/sim_ws/install/interfaces_hot_wheels/include/interfaces_hot_wheels/msg/rosidl_typesupport_fastrtps_cpp__visibility_control.h
[0.909s] -- Up-to-date: /home/william/sim_ws/install/interfaces_hot_wheels/include/interfaces_hot_wheels/msg/detail
[0.909s] -- Up-to-date: /home/william/sim_ws/install/interfaces_hot_wheels/include/interfaces_hot_wheels/msg/detail/dds_fastrtps
[0.909s] -- Up-to-date: /home/william/sim_ws/install/interfaces_hot_wheels/include/interfaces_hot_wheels/msg/detail/waypoint__rosidl_typesupport_fastrtps_cpp.hpp
[0.909s] -- Up-to-date: /home/william/sim_ws/install/interfaces_hot_wheels/lib/libinterfaces_hot_wheels__rosidl_typesupport_fastrtps_cpp.so
[0.909s] -- Up-to-date: /home/william/sim_ws/install/interfaces_hot_wheels/include/interfaces_hot_wheels
[0.910s] -- Up-to-date: /home/william/sim_ws/install/interfaces_hot_wheels/include/interfaces_hot_wheels/msg
[0.910s] -- Up-to-date: /home/william/sim_ws/install/interfaces_hot_wheels/include/interfaces_hot_wheels/msg/rosidl_typesupport_introspection_c__visibility_control.h
[0.910s] -- Up-to-date: /home/william/sim_ws/install/interfaces_hot_wheels/include/interfaces_hot_wheels/msg/detail
[0.910s] -- Up-to-date: /home/william/sim_ws/install/interfaces_hot_wheels/include/interfaces_hot_wheels/msg/detail/waypoint__rosidl_typesupport_introspection_c.h
[0.910s] -- Up-to-date: /home/william/sim_ws/install/interfaces_hot_wheels/include/interfaces_hot_wheels/msg/detail/waypoint__type_support.c
[0.910s] -- Up-to-date: /home/william/sim_ws/install/interfaces_hot_wheels/lib/libinterfaces_hot_wheels__rosidl_typesupport_introspection_c.so
[0.911s] -- Up-to-date: /home/william/sim_ws/install/interfaces_hot_wheels/lib/libinterfaces_hot_wheels__rosidl_typesupport_c.so
[0.911s] -- Up-to-date: /home/william/sim_ws/install/interfaces_hot_wheels/include/interfaces_hot_wheels
[0.911s] -- Up-to-date: /home/william/sim_ws/install/interfaces_hot_wheels/include/interfaces_hot_wheels/msg
[0.911s] -- Up-to-date: /home/william/sim_ws/install/interfaces_hot_wheels/include/interfaces_hot_wheels/msg/waypoint.hpp
[0.911s] -- Up-to-date: /home/william/sim_ws/install/interfaces_hot_wheels/include/interfaces_hot_wheels/msg/detail
[0.911s] -- Up-to-date: /home/william/sim_ws/install/interfaces_hot_wheels/include/interfaces_hot_wheels/msg/detail/waypoint__type_support.hpp
[0.912s] -- Up-to-date: /home/william/sim_ws/install/interfaces_hot_wheels/include/interfaces_hot_wheels/msg/detail/waypoint__builder.hpp
[0.912s] -- Up-to-date: /home/william/sim_ws/install/interfaces_hot_wheels/include/interfaces_hot_wheels/msg/detail/waypoint__struct.hpp
[0.912s] -- Up-to-date: /home/william/sim_ws/install/interfaces_hot_wheels/include/interfaces_hot_wheels/msg/detail/waypoint__traits.hpp
[0.912s] -- Up-to-date: /home/william/sim_ws/install/interfaces_hot_wheels/include/interfaces_hot_wheels/msg/rosidl_generator_cpp__visibility_control.hpp
[0.912s] -- Up-to-date: /home/william/sim_ws/install/interfaces_hot_wheels/include/interfaces_hot_wheels
[0.912s] -- Up-to-date: /home/william/sim_ws/install/interfaces_hot_wheels/include/interfaces_hot_wheels/msg
[0.912s] -- Up-to-date: /home/william/sim_ws/install/interfaces_hot_wheels/include/interfaces_hot_wheels/msg/detail
[0.912s] -- Up-to-date: /home/william/sim_ws/install/interfaces_hot_wheels/include/interfaces_hot_wheels/msg/detail/waypoint__type_support.cpp
[0.912s] -- Up-to-date: /home/william/sim_ws/install/interfaces_hot_wheels/include/interfaces_hot_wheels/msg/detail/waypoint__rosidl_typesupport_introspection_cpp.hpp
[0.913s] -- Up-to-date: /home/william/sim_ws/install/interfaces_hot_wheels/lib/libinterfaces_hot_wheels__rosidl_typesupport_introspection_cpp.so
[0.913s] -- Up-to-date: /home/william/sim_ws/install/interfaces_hot_wheels/lib/libinterfaces_hot_wheels__rosidl_typesupport_cpp.so
[0.913s] -- Up-to-date: /home/william/sim_ws/install/interfaces_hot_wheels/share/interfaces_hot_wheels/environment/pythonpath.sh
[0.913s] -- Up-to-date: /home/william/sim_ws/install/interfaces_hot_wheels/share/interfaces_hot_wheels/environment/pythonpath.dsv
[0.913s] -- Up-to-date: /home/william/sim_ws/install/interfaces_hot_wheels/lib/python3.8/site-packages/interfaces_hot_wheels/__init__.py
[0.969s] -- Up-to-date: /home/william/sim_ws/install/interfaces_hot_wheels/lib/python3.8/site-packages/interfaces_hot_wheels/msg
[0.969s] -- Up-to-date: /home/william/sim_ws/install/interfaces_hot_wheels/lib/python3.8/site-packages/interfaces_hot_wheels/msg/_waypoint_s.c
[0.971s] -- Up-to-date: /home/william/sim_ws/install/interfaces_hot_wheels/lib/python3.8/site-packages/interfaces_hot_wheels/msg/_waypoint.py
[0.971s] -- Up-to-date: /home/william/sim_ws/install/interfaces_hot_wheels/lib/python3.8/site-packages/interfaces_hot_wheels/msg/__init__.py
[0.971s] -- Up-to-date: /home/william/sim_ws/install/interfaces_hot_wheels/lib/python3.8/site-packages/interfaces_hot_wheels/interfaces_hot_wheels_s__rosidl_typesupport_fastrtps_c.cpython-38-x86_64-linux-gnu.so
[0.972s] -- Up-to-date: /home/william/sim_ws/install/interfaces_hot_wheels/lib/python3.8/site-packages/interfaces_hot_wheels/interfaces_hot_wheels_s__rosidl_typesupport_introspection_c.cpython-38-x86_64-linux-gnu.so
[0.972s] -- Up-to-date: /home/william/sim_ws/install/interfaces_hot_wheels/lib/python3.8/site-packages/interfaces_hot_wheels/interfaces_hot_wheels_s__rosidl_typesupport_c.cpython-38-x86_64-linux-gnu.so
[0.972s] -- Up-to-date: /home/william/sim_ws/install/interfaces_hot_wheels/lib/libinterfaces_hot_wheels__python.so
[0.973s] -- Up-to-date: /home/william/sim_ws/install/interfaces_hot_wheels/share/interfaces_hot_wheels/msg/Waypoint.idl
[0.973s] -- Up-to-date: /home/william/sim_ws/install/interfaces_hot_wheels/share/interfaces_hot_wheels/msg/Waypoint.msg
[0.974s] -- Up-to-date: /home/william/sim_ws/install/interfaces_hot_wheels/share/ament_index/resource_index/package_run_dependencies/interfaces_hot_wheels
[0.974s] -- Up-to-date: /home/william/sim_ws/install/interfaces_hot_wheels/share/ament_index/resource_index/parent_prefix_path/interfaces_hot_wheels
[0.974s] -- Up-to-date: /home/william/sim_ws/install/interfaces_hot_wheels/share/interfaces_hot_wheels/environment/ament_prefix_path.sh
[0.974s] -- Up-to-date: /home/william/sim_ws/install/interfaces_hot_wheels/share/interfaces_hot_wheels/environment/ament_prefix_path.dsv
[0.975s] -- Up-to-date: /home/william/sim_ws/install/interfaces_hot_wheels/share/interfaces_hot_wheels/environment/path.sh
[0.975s] -- Up-to-date: /home/william/sim_ws/install/interfaces_hot_wheels/share/interfaces_hot_wheels/environment/path.dsv
[0.975s] -- Up-to-date: /home/william/sim_ws/install/interfaces_hot_wheels/share/interfaces_hot_wheels/local_setup.bash
[0.975s] -- Up-to-date: /home/william/sim_ws/install/interfaces_hot_wheels/share/interfaces_hot_wheels/local_setup.sh
[0.976s] -- Up-to-date: /home/william/sim_ws/install/interfaces_hot_wheels/share/interfaces_hot_wheels/local_setup.zsh
[0.976s] -- Up-to-date: /home/william/sim_ws/install/interfaces_hot_wheels/share/interfaces_hot_wheels/local_setup.dsv
[0.976s] -- Installing: /home/william/sim_ws/install/interfaces_hot_wheels/share/interfaces_hot_wheels/package.dsv
[0.976s] -- Up-to-date: /home/william/sim_ws/install/interfaces_hot_wheels/share/ament_index/resource_index/packages/interfaces_hot_wheels
[0.977s] -- Up-to-date: /home/william/sim_ws/install/interfaces_hot_wheels/share/interfaces_hot_wheels/cmake/interfaces_hot_wheels__rosidl_generator_cExport.cmake
[0.977s] -- Up-to-date: /home/william/sim_ws/install/interfaces_hot_wheels/share/interfaces_hot_wheels/cmake/interfaces_hot_wheels__rosidl_generator_cExport-noconfig.cmake
[0.977s] -- Up-to-date: /home/william/sim_ws/install/interfaces_hot_wheels/share/interfaces_hot_wheels/cmake/interfaces_hot_wheels__rosidl_typesupport_introspection_cExport.cmake
[0.978s] -- Up-to-date: /home/william/sim_ws/install/interfaces_hot_wheels/share/interfaces_hot_wheels/cmake/interfaces_hot_wheels__rosidl_typesupport_introspection_cExport-noconfig.cmake
[0.978s] -- Up-to-date: /home/william/sim_ws/install/interfaces_hot_wheels/share/interfaces_hot_wheels/cmake/interfaces_hot_wheels__rosidl_typesupport_cExport.cmake
[0.978s] -- Up-to-date: /home/william/sim_ws/install/interfaces_hot_wheels/share/interfaces_hot_wheels/cmake/interfaces_hot_wheels__rosidl_typesupport_cExport-noconfig.cmake
[0.978s] -- Up-to-date: /home/william/sim_ws/install/interfaces_hot_wheels/share/interfaces_hot_wheels/cmake/interfaces_hot_wheels__rosidl_generator_cppExport.cmake
[0.979s] -- Up-to-date: /home/william/sim_ws/install/interfaces_hot_wheels/share/interfaces_hot_wheels/cmake/interfaces_hot_wheels__rosidl_typesupport_introspection_cppExport.cmake
[0.979s] -- Up-to-date: /home/william/sim_ws/install/interfaces_hot_wheels/share/interfaces_hot_wheels/cmake/interfaces_hot_wheels__rosidl_typesupport_introspection_cppExport-noconfig.cmake
[0.979s] -- Up-to-date: /home/william/sim_ws/install/interfaces_hot_wheels/share/interfaces_hot_wheels/cmake/interfaces_hot_wheels__rosidl_typesupport_cppExport.cmake
[0.980s] -- Up-to-date: /home/william/sim_ws/install/interfaces_hot_wheels/share/interfaces_hot_wheels/cmake/interfaces_hot_wheels__rosidl_typesupport_cppExport-noconfig.cmake
[0.980s] -- Up-to-date: /home/william/sim_ws/install/interfaces_hot_wheels/share/interfaces_hot_wheels/cmake/rosidl_cmake-extras.cmake
[0.980s] -- Up-to-date: /home/william/sim_ws/install/interfaces_hot_wheels/share/interfaces_hot_wheels/cmake/ament_cmake_export_dependencies-extras.cmake
[0.980s] -- Up-to-date: /home/william/sim_ws/install/interfaces_hot_wheels/share/interfaces_hot_wheels/cmake/ament_cmake_export_libraries-extras.cmake
[0.980s] -- Up-to-date: /home/william/sim_ws/install/interfaces_hot_wheels/share/interfaces_hot_wheels/cmake/ament_cmake_export_targets-extras.cmake
[0.980s] -- Up-to-date: /home/william/sim_ws/install/interfaces_hot_wheels/share/interfaces_hot_wheels/cmake/ament_cmake_export_include_directories-extras.cmake
[0.981s] -- Up-to-date: /home/william/sim_ws/install/interfaces_hot_wheels/share/interfaces_hot_wheels/cmake/rosidl_cmake_export_typesupport_libraries-extras.cmake
[0.981s] -- Up-to-date: /home/william/sim_ws/install/interfaces_hot_wheels/share/interfaces_hot_wheels/cmake/rosidl_cmake_export_typesupport_targets-extras.cmake
[0.981s] -- Up-to-date: /home/william/sim_ws/install/interfaces_hot_wheels/share/interfaces_hot_wheels/cmake/interfaces_hot_wheelsConfig.cmake
[0.981s] -- Up-to-date: /home/william/sim_ws/install/interfaces_hot_wheels/share/interfaces_hot_wheels/cmake/interfaces_hot_wheelsConfig-version.cmake
[0.982s] -- Up-to-date: /home/william/sim_ws/install/interfaces_hot_wheels/share/interfaces_hot_wheels/package.xml
[1.045s] Invoked command in '/home/william/sim_ws/build/interfaces_hot_wheels' returned '0': CMAKE_PREFIX_PATH=${CMAKE_PREFIX_PATH}:/home/william/sim_ws/install/particle_filter:/home/william/sim_ws/install/f1tenth_gym_ros:/opt/ros/foxy /usr/bin/cmake --install /home/william/sim_ws/build/interfaces_hot_wheels
