[10.882s] Invoking command in '/mnt/nvme0n1/f1tenth_ws/src/test_driving_2/example_py': PYTHONPATH=/mnt/nvme0n1/f1tenth_ws/build/example_py/prefix_override:/mnt/nvme0n1/f1tenth_ws/install/example_py/lib/python3.8/site-packages:${PYTHONPATH} /usr/bin/python3 setup.py egg_info --egg-base ../../../build/example_py build --build-base /mnt/nvme0n1/f1tenth_ws/build/example_py/build install --record /mnt/nvme0n1/f1tenth_ws/build/example_py/install.log --install-scripts $base/lib/example_py --single-version-externally-managed
[11.921s] running egg_info
[11.923s] writing ../../../build/example_py/example_py.egg-info/PKG-INFO
[11.925s] writing dependency_links to ../../../build/example_py/example_py.egg-info/dependency_links.txt
[11.926s] writing entry points to ../../../build/example_py/example_py.egg-info/entry_points.txt
[11.927s] writing requirements to ../../../build/example_py/example_py.egg-info/requires.txt
[11.928s] writing top-level names to ../../../build/example_py/example_py.egg-info/top_level.txt
[12.080s] reading manifest file '../../../build/example_py/example_py.egg-info/SOURCES.txt'
[12.084s] writing manifest file '../../../build/example_py/example_py.egg-info/SOURCES.txt'
[12.085s] running build
[12.086s] running build_py
[12.088s] running install
[12.090s] running install_lib
[12.098s] running install_data
[12.101s] running install_egg_info
[12.107s] removing '/mnt/nvme0n1/f1tenth_ws/install/example_py/lib/python3.8/site-packages/example_py-0.0.0-py3.8.egg-info' (and everything under it)
[12.110s] Copying ../../../build/example_py/example_py.egg-info to /mnt/nvme0n1/f1tenth_ws/install/example_py/lib/python3.8/site-packages/example_py-0.0.0-py3.8.egg-info
[12.115s] running install_scripts
[12.195s] Installing li4_node script to /mnt/nvme0n1/f1tenth_ws/install/example_py/lib/example_py
[12.197s] writing list of installed files to '/mnt/nvme0n1/f1tenth_ws/build/example_py/install.log'
[13.588s] Invoked command in '/mnt/nvme0n1/f1tenth_ws/src/test_driving_2/example_py' returned '0': PYTHONPATH=/mnt/nvme0n1/f1tenth_ws/build/example_py/prefix_override:/mnt/nvme0n1/f1tenth_ws/install/example_py/lib/python3.8/site-packages:${PYTHONPATH} /usr/bin/python3 setup.py egg_info --egg-base ../../../build/example_py build --build-base /mnt/nvme0n1/f1tenth_ws/build/example_py/build install --record /mnt/nvme0n1/f1tenth_ws/build/example_py/install.log --install-scripts $base/lib/example_py --single-version-externally-managed
