[2.340s] Invoking command in '/mnt/nvme0n1/f1tenth_ws/build/vesc_msgs': CMAKE_PREFIX_PATH=${CMAKE_PREFIX_PATH}:/home/f1tenth/f1tenth-ws/install/f1tenth_stack:/home/f1tenth/f1tenth-ws/install/joy_teleop:/home/f1tenth/f1tenth-ws/install/mouse_teleop:/home/f1tenth/f1tenth-ws/install/key_teleop:/home/f1tenth/f1tenth-ws/install/example_py:/opt/ros/foxy /usr/bin/cmake --build /mnt/nvme0n1/f1tenth_ws/build/vesc_msgs -- -j4 -l4
[4.617s] [  1%] Built target vesc_msgs__cpp
[4.618s] [ 12%] Built target vesc_msgs__rosidl_generator_c
[4.618s] [ 23%] Built target vesc_msgs__rosidl_typesupport_cpp
[4.619s] [ 34%] Built target vesc_msgs__rosidl_typesupport_introspection_cpp
[4.620s] [ 45%] Built target vesc_msgs__rosidl_typesupport_fastrtps_cpp
[4.625s] [ 56%] Built target vesc_msgs__rosidl_typesupport_c
[4.627s] [ 67%] Built target vesc_msgs__rosidl_typesupport_introspection_c
[4.629s] [ 78%] Built target vesc_msgs__rosidl_typesupport_fastrtps_c
[4.630s] [ 78%] Built target vesc_msgs
[4.630s] [ 80%] Built target vesc_msgs__py
[4.632s] [ 89%] Built target vesc_msgs__python
[4.642s] [ 92%] Built target vesc_msgs__rosidl_typesupport_c__pyext
[4.644s] [ 96%] Built target vesc_msgs__rosidl_typesupport_fastrtps_c__pyext
[4.646s] [100%] Built target vesc_msgs__rosidl_typesupport_introspection_c__pyext
[4.696s] Invoked command in '/mnt/nvme0n1/f1tenth_ws/build/vesc_msgs' returned '0': CMAKE_PREFIX_PATH=${CMAKE_PREFIX_PATH}:/home/f1tenth/f1tenth-ws/install/f1tenth_stack:/home/f1tenth/f1tenth-ws/install/joy_teleop:/home/f1tenth/f1tenth-ws/install/mouse_teleop:/home/f1tenth/f1tenth-ws/install/key_teleop:/home/f1tenth/f1tenth-ws/install/example_py:/opt/ros/foxy /usr/bin/cmake --build /mnt/nvme0n1/f1tenth_ws/build/vesc_msgs -- -j4 -l4
[5.562s] Invoking command in '/mnt/nvme0n1/f1tenth_ws/build/vesc_msgs': CMAKE_PREFIX_PATH=${CMAKE_PREFIX_PATH}:/home/f1tenth/f1tenth-ws/install/f1tenth_stack:/home/f1tenth/f1tenth-ws/install/joy_teleop:/home/f1tenth/f1tenth-ws/install/mouse_teleop:/home/f1tenth/f1tenth-ws/install/key_teleop:/home/f1tenth/f1tenth-ws/install/example_py:/opt/ros/foxy /usr/bin/cmake --install /mnt/nvme0n1/f1tenth_ws/build/vesc_msgs
[5.617s] -- Install configuration: ""
[5.618s] -- Up-to-date: /mnt/nvme0n1/f1tenth_ws/install/vesc_msgs/share/ament_index/resource_index/rosidl_interfaces/vesc_msgs
[5.627s] -- Up-to-date: /mnt/nvme0n1/f1tenth_ws/install/vesc_msgs/include/vesc_msgs
[5.628s] -- Up-to-date: /mnt/nvme0n1/f1tenth_ws/install/vesc_msgs/include/vesc_msgs/msg
[5.628s] -- Up-to-date: /mnt/nvme0n1/f1tenth_ws/install/vesc_msgs/include/vesc_msgs/msg/vesc_imu_stamped.h
[5.628s] -- Up-to-date: /mnt/nvme0n1/f1tenth_ws/install/vesc_msgs/include/vesc_msgs/msg/vesc_imu.h
[5.629s] -- Up-to-date: /mnt/nvme0n1/f1tenth_ws/install/vesc_msgs/include/vesc_msgs/msg/detail
[5.629s] -- Up-to-date: /mnt/nvme0n1/f1tenth_ws/install/vesc_msgs/include/vesc_msgs/msg/detail/vesc_state__type_support.h
[5.630s] -- Up-to-date: /mnt/nvme0n1/f1tenth_ws/install/vesc_msgs/include/vesc_msgs/msg/detail/vesc_imu_stamped__struct.h
[5.630s] -- Up-to-date: /mnt/nvme0n1/f1tenth_ws/install/vesc_msgs/include/vesc_msgs/msg/detail/vesc_imu_stamped__type_support.h
[5.630s] -- Up-to-date: /mnt/nvme0n1/f1tenth_ws/install/vesc_msgs/include/vesc_msgs/msg/detail/vesc_state_stamped__functions.c
[5.631s] -- Up-to-date: /mnt/nvme0n1/f1tenth_ws/install/vesc_msgs/include/vesc_msgs/msg/detail/vesc_state__functions.c
[5.631s] -- Up-to-date: /mnt/nvme0n1/f1tenth_ws/install/vesc_msgs/include/vesc_msgs/msg/detail/vesc_state_stamped__type_support.h
[5.631s] -- Up-to-date: /mnt/nvme0n1/f1tenth_ws/install/vesc_msgs/include/vesc_msgs/msg/detail/vesc_state__functions.h
[5.632s] -- Up-to-date: /mnt/nvme0n1/f1tenth_ws/install/vesc_msgs/include/vesc_msgs/msg/detail/vesc_state_stamped__functions.h
[5.632s] -- Up-to-date: /mnt/nvme0n1/f1tenth_ws/install/vesc_msgs/include/vesc_msgs/msg/detail/vesc_imu__type_support.h
[5.632s] -- Up-to-date: /mnt/nvme0n1/f1tenth_ws/install/vesc_msgs/include/vesc_msgs/msg/detail/vesc_imu__functions.h
[5.633s] -- Up-to-date: /mnt/nvme0n1/f1tenth_ws/install/vesc_msgs/include/vesc_msgs/msg/detail/vesc_imu_stamped__functions.c
[5.633s] -- Up-to-date: /mnt/nvme0n1/f1tenth_ws/install/vesc_msgs/include/vesc_msgs/msg/detail/vesc_state__struct.h
[5.634s] -- Up-to-date: /mnt/nvme0n1/f1tenth_ws/install/vesc_msgs/include/vesc_msgs/msg/detail/vesc_state_stamped__struct.h
[5.634s] -- Up-to-date: /mnt/nvme0n1/f1tenth_ws/install/vesc_msgs/include/vesc_msgs/msg/detail/vesc_imu_stamped__functions.h
[5.635s] -- Up-to-date: /mnt/nvme0n1/f1tenth_ws/install/vesc_msgs/include/vesc_msgs/msg/detail/vesc_imu__struct.h
[5.635s] -- Up-to-date: /mnt/nvme0n1/f1tenth_ws/install/vesc_msgs/include/vesc_msgs/msg/detail/vesc_imu__functions.c
[5.636s] -- Up-to-date: /mnt/nvme0n1/f1tenth_ws/install/vesc_msgs/include/vesc_msgs/msg/rosidl_generator_c__visibility_control.h
[5.636s] -- Up-to-date: /mnt/nvme0n1/f1tenth_ws/install/vesc_msgs/include/vesc_msgs/msg/vesc_state.h
[5.636s] -- Up-to-date: /mnt/nvme0n1/f1tenth_ws/install/vesc_msgs/include/vesc_msgs/msg/vesc_state_stamped.h
[5.637s] -- Up-to-date: /mnt/nvme0n1/f1tenth_ws/install/vesc_msgs/share/vesc_msgs/environment/library_path.sh
[5.637s] -- Up-to-date: /mnt/nvme0n1/f1tenth_ws/install/vesc_msgs/share/vesc_msgs/environment/library_path.dsv
[5.645s] -- Up-to-date: /mnt/nvme0n1/f1tenth_ws/install/vesc_msgs/lib/libvesc_msgs__rosidl_generator_c.so
[5.646s] -- Up-to-date: /mnt/nvme0n1/f1tenth_ws/install/vesc_msgs/include/vesc_msgs
[5.647s] -- Up-to-date: /mnt/nvme0n1/f1tenth_ws/install/vesc_msgs/include/vesc_msgs/msg
[5.647s] -- Up-to-date: /mnt/nvme0n1/f1tenth_ws/install/vesc_msgs/include/vesc_msgs/msg/rosidl_typesupport_fastrtps_c__visibility_control.h
[5.648s] -- Up-to-date: /mnt/nvme0n1/f1tenth_ws/install/vesc_msgs/include/vesc_msgs/msg/detail
[5.649s] -- Up-to-date: /mnt/nvme0n1/f1tenth_ws/install/vesc_msgs/include/vesc_msgs/msg/detail/vesc_state__rosidl_typesupport_fastrtps_c.h
[5.650s] -- Up-to-date: /mnt/nvme0n1/f1tenth_ws/install/vesc_msgs/include/vesc_msgs/msg/detail/vesc_imu__rosidl_typesupport_fastrtps_c.h
[5.651s] -- Up-to-date: /mnt/nvme0n1/f1tenth_ws/install/vesc_msgs/include/vesc_msgs/msg/detail/vesc_state_stamped__rosidl_typesupport_fastrtps_c.h
[5.652s] -- Up-to-date: /mnt/nvme0n1/f1tenth_ws/install/vesc_msgs/include/vesc_msgs/msg/detail/vesc_imu_stamped__rosidl_typesupport_fastrtps_c.h
[5.653s] -- Up-to-date: /mnt/nvme0n1/f1tenth_ws/install/vesc_msgs/lib/libvesc_msgs__rosidl_typesupport_fastrtps_c.so
[5.655s] -- Up-to-date: /mnt/nvme0n1/f1tenth_ws/install/vesc_msgs/include/vesc_msgs
[5.656s] -- Up-to-date: /mnt/nvme0n1/f1tenth_ws/install/vesc_msgs/include/vesc_msgs/msg
[5.656s] -- Up-to-date: /mnt/nvme0n1/f1tenth_ws/install/vesc_msgs/include/vesc_msgs/msg/rosidl_typesupport_fastrtps_cpp__visibility_control.h
[5.656s] -- Up-to-date: /mnt/nvme0n1/f1tenth_ws/install/vesc_msgs/include/vesc_msgs/msg/detail
[5.657s] -- Up-to-date: /mnt/nvme0n1/f1tenth_ws/install/vesc_msgs/include/vesc_msgs/msg/detail/vesc_state__rosidl_typesupport_fastrtps_cpp.hpp
[5.657s] -- Up-to-date: /mnt/nvme0n1/f1tenth_ws/install/vesc_msgs/include/vesc_msgs/msg/detail/dds_fastrtps
[5.658s] -- Up-to-date: /mnt/nvme0n1/f1tenth_ws/install/vesc_msgs/include/vesc_msgs/msg/detail/vesc_imu_stamped__rosidl_typesupport_fastrtps_cpp.hpp
[5.659s] -- Up-to-date: /mnt/nvme0n1/f1tenth_ws/install/vesc_msgs/include/vesc_msgs/msg/detail/vesc_imu__rosidl_typesupport_fastrtps_cpp.hpp
[5.659s] -- Up-to-date: /mnt/nvme0n1/f1tenth_ws/install/vesc_msgs/include/vesc_msgs/msg/detail/vesc_state_stamped__rosidl_typesupport_fastrtps_cpp.hpp
[5.659s] -- Up-to-date: /mnt/nvme0n1/f1tenth_ws/install/vesc_msgs/lib/libvesc_msgs__rosidl_typesupport_fastrtps_cpp.so
[5.660s] -- Up-to-date: /mnt/nvme0n1/f1tenth_ws/install/vesc_msgs/include/vesc_msgs
[5.661s] -- Up-to-date: /mnt/nvme0n1/f1tenth_ws/install/vesc_msgs/include/vesc_msgs/msg
[5.661s] -- Up-to-date: /mnt/nvme0n1/f1tenth_ws/install/vesc_msgs/include/vesc_msgs/msg/rosidl_typesupport_introspection_c__visibility_control.h
[5.662s] -- Up-to-date: /mnt/nvme0n1/f1tenth_ws/install/vesc_msgs/include/vesc_msgs/msg/detail
[5.662s] -- Up-to-date: /mnt/nvme0n1/f1tenth_ws/install/vesc_msgs/include/vesc_msgs/msg/detail/vesc_imu_stamped__type_support.c
[5.663s] -- Up-to-date: /mnt/nvme0n1/f1tenth_ws/install/vesc_msgs/include/vesc_msgs/msg/detail/vesc_state__rosidl_typesupport_introspection_c.h
[5.663s] -- Up-to-date: /mnt/nvme0n1/f1tenth_ws/install/vesc_msgs/include/vesc_msgs/msg/detail/vesc_state_stamped__rosidl_typesupport_introspection_c.h
[5.663s] -- Up-to-date: /mnt/nvme0n1/f1tenth_ws/install/vesc_msgs/include/vesc_msgs/msg/detail/vesc_imu__rosidl_typesupport_introspection_c.h
[5.664s] -- Up-to-date: /mnt/nvme0n1/f1tenth_ws/install/vesc_msgs/include/vesc_msgs/msg/detail/vesc_state__type_support.c
[5.665s] -- Up-to-date: /mnt/nvme0n1/f1tenth_ws/install/vesc_msgs/include/vesc_msgs/msg/detail/vesc_imu_stamped__rosidl_typesupport_introspection_c.h
[5.666s] -- Up-to-date: /mnt/nvme0n1/f1tenth_ws/install/vesc_msgs/include/vesc_msgs/msg/detail/vesc_state_stamped__type_support.c
[5.666s] -- Up-to-date: /mnt/nvme0n1/f1tenth_ws/install/vesc_msgs/include/vesc_msgs/msg/detail/vesc_imu__type_support.c
[5.667s] -- Up-to-date: /mnt/nvme0n1/f1tenth_ws/install/vesc_msgs/lib/libvesc_msgs__rosidl_typesupport_introspection_c.so
[5.671s] -- Up-to-date: /mnt/nvme0n1/f1tenth_ws/install/vesc_msgs/lib/libvesc_msgs__rosidl_typesupport_c.so
[5.673s] -- Up-to-date: /mnt/nvme0n1/f1tenth_ws/install/vesc_msgs/include/vesc_msgs
[5.678s] -- Up-to-date: /mnt/nvme0n1/f1tenth_ws/install/vesc_msgs/include/vesc_msgs/msg
[5.679s] -- Up-to-date: /mnt/nvme0n1/f1tenth_ws/install/vesc_msgs/include/vesc_msgs/msg/rosidl_generator_cpp__visibility_control.hpp
[5.680s] -- Up-to-date: /mnt/nvme0n1/f1tenth_ws/install/vesc_msgs/include/vesc_msgs/msg/vesc_state.hpp
[5.680s] -- Up-to-date: /mnt/nvme0n1/f1tenth_ws/install/vesc_msgs/include/vesc_msgs/msg/vesc_imu.hpp
[5.681s] -- Up-to-date: /mnt/nvme0n1/f1tenth_ws/install/vesc_msgs/include/vesc_msgs/msg/detail
[5.681s] -- Up-to-date: /mnt/nvme0n1/f1tenth_ws/install/vesc_msgs/include/vesc_msgs/msg/detail/vesc_state_stamped__struct.hpp
[5.682s] -- Up-to-date: /mnt/nvme0n1/f1tenth_ws/install/vesc_msgs/include/vesc_msgs/msg/detail/vesc_state__type_support.hpp
[5.683s] -- Up-to-date: /mnt/nvme0n1/f1tenth_ws/install/vesc_msgs/include/vesc_msgs/msg/detail/vesc_imu_stamped__type_support.hpp
[5.683s] -- Up-to-date: /mnt/nvme0n1/f1tenth_ws/install/vesc_msgs/include/vesc_msgs/msg/detail/vesc_imu_stamped__builder.hpp
[5.683s] -- Up-to-date: /mnt/nvme0n1/f1tenth_ws/install/vesc_msgs/include/vesc_msgs/msg/detail/vesc_state_stamped__type_support.hpp
[5.684s] -- Up-to-date: /mnt/nvme0n1/f1tenth_ws/install/vesc_msgs/include/vesc_msgs/msg/detail/vesc_imu_stamped__struct.hpp
[5.684s] -- Up-to-date: /mnt/nvme0n1/f1tenth_ws/install/vesc_msgs/include/vesc_msgs/msg/detail/vesc_imu__type_support.hpp
[5.684s] -- Up-to-date: /mnt/nvme0n1/f1tenth_ws/install/vesc_msgs/include/vesc_msgs/msg/detail/vesc_state__struct.hpp
[5.685s] -- Up-to-date: /mnt/nvme0n1/f1tenth_ws/install/vesc_msgs/include/vesc_msgs/msg/detail/vesc_imu__struct.hpp
[5.686s] -- Up-to-date: /mnt/nvme0n1/f1tenth_ws/install/vesc_msgs/include/vesc_msgs/msg/detail/vesc_state_stamped__traits.hpp
[5.686s] -- Up-to-date: /mnt/nvme0n1/f1tenth_ws/install/vesc_msgs/include/vesc_msgs/msg/detail/vesc_imu_stamped__traits.hpp
[5.686s] -- Up-to-date: /mnt/nvme0n1/f1tenth_ws/install/vesc_msgs/include/vesc_msgs/msg/detail/vesc_imu__traits.hpp
[5.687s] -- Up-to-date: /mnt/nvme0n1/f1tenth_ws/install/vesc_msgs/include/vesc_msgs/msg/detail/vesc_state__builder.hpp
[5.687s] -- Up-to-date: /mnt/nvme0n1/f1tenth_ws/install/vesc_msgs/include/vesc_msgs/msg/detail/vesc_imu__builder.hpp
[5.688s] -- Up-to-date: /mnt/nvme0n1/f1tenth_ws/install/vesc_msgs/include/vesc_msgs/msg/detail/vesc_state_stamped__builder.hpp
[5.688s] -- Up-to-date: /mnt/nvme0n1/f1tenth_ws/install/vesc_msgs/include/vesc_msgs/msg/detail/vesc_state__traits.hpp
[5.688s] -- Up-to-date: /mnt/nvme0n1/f1tenth_ws/install/vesc_msgs/include/vesc_msgs/msg/vesc_imu_stamped.hpp
[5.689s] -- Up-to-date: /mnt/nvme0n1/f1tenth_ws/install/vesc_msgs/include/vesc_msgs/msg/vesc_state_stamped.hpp
[5.693s] -- Up-to-date: /mnt/nvme0n1/f1tenth_ws/install/vesc_msgs/include/vesc_msgs
[5.693s] -- Up-to-date: /mnt/nvme0n1/f1tenth_ws/install/vesc_msgs/include/vesc_msgs/msg
[5.694s] -- Up-to-date: /mnt/nvme0n1/f1tenth_ws/install/vesc_msgs/include/vesc_msgs/msg/detail
[5.694s] -- Up-to-date: /mnt/nvme0n1/f1tenth_ws/install/vesc_msgs/include/vesc_msgs/msg/detail/vesc_state__type_support.cpp
[5.694s] -- Up-to-date: /mnt/nvme0n1/f1tenth_ws/install/vesc_msgs/include/vesc_msgs/msg/detail/vesc_imu_stamped__rosidl_typesupport_introspection_cpp.hpp
[5.696s] -- Up-to-date: /mnt/nvme0n1/f1tenth_ws/install/vesc_msgs/include/vesc_msgs/msg/detail/vesc_state_stamped__type_support.cpp
[5.697s] -- Up-to-date: /mnt/nvme0n1/f1tenth_ws/install/vesc_msgs/include/vesc_msgs/msg/detail/vesc_imu__type_support.cpp
[5.697s] -- Up-to-date: /mnt/nvme0n1/f1tenth_ws/install/vesc_msgs/include/vesc_msgs/msg/detail/vesc_state_stamped__rosidl_typesupport_introspection_cpp.hpp
[5.697s] -- Up-to-date: /mnt/nvme0n1/f1tenth_ws/install/vesc_msgs/include/vesc_msgs/msg/detail/vesc_imu_stamped__type_support.cpp
[5.698s] -- Up-to-date: /mnt/nvme0n1/f1tenth_ws/install/vesc_msgs/include/vesc_msgs/msg/detail/vesc_imu__rosidl_typesupport_introspection_cpp.hpp
[5.698s] -- Up-to-date: /mnt/nvme0n1/f1tenth_ws/install/vesc_msgs/include/vesc_msgs/msg/detail/vesc_state__rosidl_typesupport_introspection_cpp.hpp
[5.698s] -- Up-to-date: /mnt/nvme0n1/f1tenth_ws/install/vesc_msgs/lib/libvesc_msgs__rosidl_typesupport_introspection_cpp.so
[5.703s] -- Up-to-date: /mnt/nvme0n1/f1tenth_ws/install/vesc_msgs/lib/libvesc_msgs__rosidl_typesupport_cpp.so
[5.703s] -- Up-to-date: /mnt/nvme0n1/f1tenth_ws/install/vesc_msgs/share/vesc_msgs/environment/pythonpath.sh
[5.704s] -- Up-to-date: /mnt/nvme0n1/f1tenth_ws/install/vesc_msgs/share/vesc_msgs/environment/pythonpath.dsv
[5.704s] -- Up-to-date: /mnt/nvme0n1/f1tenth_ws/install/vesc_msgs/lib/python3.8/site-packages/vesc_msgs/__init__.py
[5.883s] -- Up-to-date: /mnt/nvme0n1/f1tenth_ws/install/vesc_msgs/lib/python3.8/site-packages/vesc_msgs/msg
[5.886s] -- Up-to-date: /mnt/nvme0n1/f1tenth_ws/install/vesc_msgs/lib/python3.8/site-packages/vesc_msgs/msg/__init__.py
[5.886s] -- Up-to-date: /mnt/nvme0n1/f1tenth_ws/install/vesc_msgs/lib/python3.8/site-packages/vesc_msgs/msg/_vesc_imu.py
[5.888s] -- Up-to-date: /mnt/nvme0n1/f1tenth_ws/install/vesc_msgs/lib/python3.8/site-packages/vesc_msgs/msg/_vesc_imu_s.c
[5.894s] -- Up-to-date: /mnt/nvme0n1/f1tenth_ws/install/vesc_msgs/lib/python3.8/site-packages/vesc_msgs/msg/_vesc_state.py
[5.895s] -- Up-to-date: /mnt/nvme0n1/f1tenth_ws/install/vesc_msgs/lib/python3.8/site-packages/vesc_msgs/msg/_vesc_state_stamped.py
[5.895s] -- Up-to-date: /mnt/nvme0n1/f1tenth_ws/install/vesc_msgs/lib/python3.8/site-packages/vesc_msgs/msg/_vesc_state_s.c
[5.895s] -- Up-to-date: /mnt/nvme0n1/f1tenth_ws/install/vesc_msgs/lib/python3.8/site-packages/vesc_msgs/msg/_vesc_imu_stamped.py
[5.899s] -- Up-to-date: /mnt/nvme0n1/f1tenth_ws/install/vesc_msgs/lib/python3.8/site-packages/vesc_msgs/msg/_vesc_imu_stamped_s.c
[5.902s] -- Up-to-date: /mnt/nvme0n1/f1tenth_ws/install/vesc_msgs/lib/python3.8/site-packages/vesc_msgs/msg/_vesc_state_stamped_s.c
[5.903s] -- Up-to-date: /mnt/nvme0n1/f1tenth_ws/install/vesc_msgs/lib/python3.8/site-packages/vesc_msgs/vesc_msgs_s__rosidl_typesupport_fastrtps_c.cpython-38-aarch64-linux-gnu.so
[5.937s] -- Up-to-date: /mnt/nvme0n1/f1tenth_ws/install/vesc_msgs/lib/python3.8/site-packages/vesc_msgs/vesc_msgs_s__rosidl_typesupport_introspection_c.cpython-38-aarch64-linux-gnu.so
[5.939s] -- Up-to-date: /mnt/nvme0n1/f1tenth_ws/install/vesc_msgs/lib/python3.8/site-packages/vesc_msgs/vesc_msgs_s__rosidl_typesupport_c.cpython-38-aarch64-linux-gnu.so
[5.949s] -- Up-to-date: /mnt/nvme0n1/f1tenth_ws/install/vesc_msgs/lib/libvesc_msgs__python.so
[5.949s] -- Up-to-date: /mnt/nvme0n1/f1tenth_ws/install/vesc_msgs/share/vesc_msgs/msg/VescState.idl
[5.950s] -- Up-to-date: /mnt/nvme0n1/f1tenth_ws/install/vesc_msgs/share/vesc_msgs/msg/VescStateStamped.idl
[5.950s] -- Up-to-date: /mnt/nvme0n1/f1tenth_ws/install/vesc_msgs/share/vesc_msgs/msg/VescImu.idl
[5.951s] -- Up-to-date: /mnt/nvme0n1/f1tenth_ws/install/vesc_msgs/share/vesc_msgs/msg/VescImuStamped.idl
[5.951s] -- Up-to-date: /mnt/nvme0n1/f1tenth_ws/install/vesc_msgs/share/vesc_msgs/msg/VescState.msg
[5.951s] -- Up-to-date: /mnt/nvme0n1/f1tenth_ws/install/vesc_msgs/share/vesc_msgs/msg/VescStateStamped.msg
[5.951s] -- Up-to-date: /mnt/nvme0n1/f1tenth_ws/install/vesc_msgs/share/vesc_msgs/msg/VescImu.msg
[5.952s] -- Up-to-date: /mnt/nvme0n1/f1tenth_ws/install/vesc_msgs/share/vesc_msgs/msg/VescImuStamped.msg
[5.952s] -- Up-to-date: /mnt/nvme0n1/f1tenth_ws/install/vesc_msgs/share/ament_index/resource_index/package_run_dependencies/vesc_msgs
[5.952s] -- Up-to-date: /mnt/nvme0n1/f1tenth_ws/install/vesc_msgs/share/ament_index/resource_index/parent_prefix_path/vesc_msgs
[5.953s] -- Up-to-date: /mnt/nvme0n1/f1tenth_ws/install/vesc_msgs/share/vesc_msgs/environment/ament_prefix_path.sh
[5.957s] -- Up-to-date: /mnt/nvme0n1/f1tenth_ws/install/vesc_msgs/share/vesc_msgs/environment/ament_prefix_path.dsv
[5.960s] -- Up-to-date: /mnt/nvme0n1/f1tenth_ws/install/vesc_msgs/share/vesc_msgs/environment/path.sh
[5.963s] -- Up-to-date: /mnt/nvme0n1/f1tenth_ws/install/vesc_msgs/share/vesc_msgs/environment/path.dsv
[5.965s] -- Up-to-date: /mnt/nvme0n1/f1tenth_ws/install/vesc_msgs/share/vesc_msgs/local_setup.bash
[5.968s] -- Up-to-date: /mnt/nvme0n1/f1tenth_ws/install/vesc_msgs/share/vesc_msgs/local_setup.sh
[5.970s] -- Up-to-date: /mnt/nvme0n1/f1tenth_ws/install/vesc_msgs/share/vesc_msgs/local_setup.zsh
[5.971s] -- Up-to-date: /mnt/nvme0n1/f1tenth_ws/install/vesc_msgs/share/vesc_msgs/local_setup.dsv
[5.972s] -- Installing: /mnt/nvme0n1/f1tenth_ws/install/vesc_msgs/share/vesc_msgs/package.dsv
[5.972s] -- Up-to-date: /mnt/nvme0n1/f1tenth_ws/install/vesc_msgs/share/ament_index/resource_index/packages/vesc_msgs
[5.974s] -- Up-to-date: /mnt/nvme0n1/f1tenth_ws/install/vesc_msgs/share/vesc_msgs/cmake/vesc_msgs__rosidl_generator_cExport.cmake
[5.976s] -- Up-to-date: /mnt/nvme0n1/f1tenth_ws/install/vesc_msgs/share/vesc_msgs/cmake/vesc_msgs__rosidl_generator_cExport-noconfig.cmake
[5.977s] -- Up-to-date: /mnt/nvme0n1/f1tenth_ws/install/vesc_msgs/share/vesc_msgs/cmake/vesc_msgs__rosidl_typesupport_introspection_cExport.cmake
[5.978s] -- Up-to-date: /mnt/nvme0n1/f1tenth_ws/install/vesc_msgs/share/vesc_msgs/cmake/vesc_msgs__rosidl_typesupport_introspection_cExport-noconfig.cmake
[5.980s] -- Up-to-date: /mnt/nvme0n1/f1tenth_ws/install/vesc_msgs/share/vesc_msgs/cmake/vesc_msgs__rosidl_typesupport_cExport.cmake
[5.981s] -- Up-to-date: /mnt/nvme0n1/f1tenth_ws/install/vesc_msgs/share/vesc_msgs/cmake/vesc_msgs__rosidl_typesupport_cExport-noconfig.cmake
[5.989s] -- Up-to-date: /mnt/nvme0n1/f1tenth_ws/install/vesc_msgs/share/vesc_msgs/cmake/vesc_msgs__rosidl_generator_cppExport.cmake
[6.001s] -- Up-to-date: /mnt/nvme0n1/f1tenth_ws/install/vesc_msgs/share/vesc_msgs/cmake/vesc_msgs__rosidl_typesupport_introspection_cppExport.cmake
[6.002s] -- Up-to-date: /mnt/nvme0n1/f1tenth_ws/install/vesc_msgs/share/vesc_msgs/cmake/vesc_msgs__rosidl_typesupport_introspection_cppExport-noconfig.cmake
[6.002s] -- Up-to-date: /mnt/nvme0n1/f1tenth_ws/install/vesc_msgs/share/vesc_msgs/cmake/vesc_msgs__rosidl_typesupport_cppExport.cmake
[6.003s] -- Up-to-date: /mnt/nvme0n1/f1tenth_ws/install/vesc_msgs/share/vesc_msgs/cmake/vesc_msgs__rosidl_typesupport_cppExport-noconfig.cmake
[6.003s] -- Up-to-date: /mnt/nvme0n1/f1tenth_ws/install/vesc_msgs/share/vesc_msgs/cmake/rosidl_cmake-extras.cmake
[6.004s] -- Up-to-date: /mnt/nvme0n1/f1tenth_ws/install/vesc_msgs/share/vesc_msgs/cmake/ament_cmake_export_dependencies-extras.cmake
[6.004s] -- Up-to-date: /mnt/nvme0n1/f1tenth_ws/install/vesc_msgs/share/vesc_msgs/cmake/ament_cmake_export_libraries-extras.cmake
[6.005s] -- Up-to-date: /mnt/nvme0n1/f1tenth_ws/install/vesc_msgs/share/vesc_msgs/cmake/ament_cmake_export_targets-extras.cmake
[6.005s] -- Up-to-date: /mnt/nvme0n1/f1tenth_ws/install/vesc_msgs/share/vesc_msgs/cmake/ament_cmake_export_include_directories-extras.cmake
[6.011s] -- Up-to-date: /mnt/nvme0n1/f1tenth_ws/install/vesc_msgs/share/vesc_msgs/cmake/rosidl_cmake_export_typesupport_libraries-extras.cmake
[6.013s] -- Up-to-date: /mnt/nvme0n1/f1tenth_ws/install/vesc_msgs/share/vesc_msgs/cmake/rosidl_cmake_export_typesupport_targets-extras.cmake
[6.024s] -- Up-to-date: /mnt/nvme0n1/f1tenth_ws/install/vesc_msgs/share/vesc_msgs/cmake/vesc_msgsConfig.cmake
[6.024s] -- Up-to-date: /mnt/nvme0n1/f1tenth_ws/install/vesc_msgs/share/vesc_msgs/cmake/vesc_msgsConfig-version.cmake
[6.025s] -- Up-to-date: /mnt/nvme0n1/f1tenth_ws/install/vesc_msgs/share/vesc_msgs/package.xml
[7.163s] Invoked command in '/mnt/nvme0n1/f1tenth_ws/build/vesc_msgs' returned '0': CMAKE_PREFIX_PATH=${CMAKE_PREFIX_PATH}:/home/f1tenth/f1tenth-ws/install/f1tenth_stack:/home/f1tenth/f1tenth-ws/install/joy_teleop:/home/f1tenth/f1tenth-ws/install/mouse_teleop:/home/f1tenth/f1tenth-ws/install/key_teleop:/home/f1tenth/f1tenth-ws/install/example_py:/opt/ros/foxy /usr/bin/cmake --install /mnt/nvme0n1/f1tenth_ws/build/vesc_msgs
