[2.018s] Invoking command in '/home/f1tenth/f1tenth-ws/build/teleop_tools_msgs': CMAKE_PREFIX_PATH=${CMAKE_PREFIX_PATH}:/home/f1tenth/f1tenth-ws/install/waypoint_python:/home/f1tenth/f1tenth-ws/install/f1tenth_stack:/home/f1tenth/f1tenth-ws/install/joy_teleop:/home/f1tenth/f1tenth-ws/install/particle_filter:/home/f1tenth/f1tenth-ws/install/mpc:/home/f1tenth/f1tenth-ws/install/mouse_teleop:/home/f1tenth/f1tenth-ws/install/key_teleop:/home/f1tenth/f1tenth-ws/install/example_py:/home/f1tenth/f1tenth-ws/install/autonomous_drive:/opt/ros/foxy /usr/bin/cmake --build /home/f1tenth/f1tenth-ws/build/teleop_tools_msgs -- -j4 -l4
[4.182s] [  3%] Built target teleop_tools_msgs__cpp
[4.182s] [ 12%] Built target teleop_tools_msgs__rosidl_generator_c
[4.182s] [ 22%] Built target teleop_tools_msgs__rosidl_typesupport_introspection_cpp
[4.183s] [ 32%] Built target teleop_tools_msgs__rosidl_typesupport_fastrtps_cpp
[4.183s] [ 41%] Built target teleop_tools_msgs__rosidl_typesupport_cpp
[4.184s] [ 51%] Built target teleop_tools_msgs__rosidl_typesupport_introspection_c
[4.184s] [ 61%] Built target teleop_tools_msgs__rosidl_typesupport_c
[4.184s] [ 70%] Built target teleop_tools_msgs__rosidl_typesupport_fastrtps_c
[4.185s] [ 70%] Built target teleop_tools_msgs
[4.185s] [ 74%] Built target teleop_tools_msgs__py
[4.185s] [ 80%] Built target teleop_tools_msgs__python
[4.186s] [ 87%] Built target teleop_tools_msgs__rosidl_typesupport_introspection_c__pyext
[4.186s] [ 93%] Built target teleop_tools_msgs__rosidl_typesupport_c__pyext
[4.186s] [100%] Built target teleop_tools_msgs__rosidl_typesupport_fastrtps_c__pyext
[4.208s] Invoked command in '/home/f1tenth/f1tenth-ws/build/teleop_tools_msgs' returned '0': CMAKE_PREFIX_PATH=${CMAKE_PREFIX_PATH}:/home/f1tenth/f1tenth-ws/install/waypoint_python:/home/f1tenth/f1tenth-ws/install/f1tenth_stack:/home/f1tenth/f1tenth-ws/install/joy_teleop:/home/f1tenth/f1tenth-ws/install/particle_filter:/home/f1tenth/f1tenth-ws/install/mpc:/home/f1tenth/f1tenth-ws/install/mouse_teleop:/home/f1tenth/f1tenth-ws/install/key_teleop:/home/f1tenth/f1tenth-ws/install/example_py:/home/f1tenth/f1tenth-ws/install/autonomous_drive:/opt/ros/foxy /usr/bin/cmake --build /home/f1tenth/f1tenth-ws/build/teleop_tools_msgs -- -j4 -l4
[4.530s] Invoking command in '/home/f1tenth/f1tenth-ws/build/teleop_tools_msgs': CMAKE_PREFIX_PATH=${CMAKE_PREFIX_PATH}:/home/f1tenth/f1tenth-ws/install/waypoint_python:/home/f1tenth/f1tenth-ws/install/f1tenth_stack:/home/f1tenth/f1tenth-ws/install/joy_teleop:/home/f1tenth/f1tenth-ws/install/particle_filter:/home/f1tenth/f1tenth-ws/install/mpc:/home/f1tenth/f1tenth-ws/install/mouse_teleop:/home/f1tenth/f1tenth-ws/install/key_teleop:/home/f1tenth/f1tenth-ws/install/example_py:/home/f1tenth/f1tenth-ws/install/autonomous_drive:/opt/ros/foxy /usr/bin/cmake --install /home/f1tenth/f1tenth-ws/build/teleop_tools_msgs
[4.582s] -- Install configuration: ""
[4.582s] -- Up-to-date: /home/f1tenth/f1tenth-ws/install/teleop_tools_msgs/share/ament_index/resource_index/rosidl_interfaces/teleop_tools_msgs
[4.583s] -- Up-to-date: /home/f1tenth/f1tenth-ws/install/teleop_tools_msgs/include/teleop_tools_msgs
[4.584s] -- Up-to-date: /home/f1tenth/f1tenth-ws/install/teleop_tools_msgs/include/teleop_tools_msgs/msg
[4.585s] -- Up-to-date: /home/f1tenth/f1tenth-ws/install/teleop_tools_msgs/include/teleop_tools_msgs/msg/rosidl_generator_c__visibility_control.h
[4.585s] -- Up-to-date: /home/f1tenth/f1tenth-ws/install/teleop_tools_msgs/include/teleop_tools_msgs/action
[4.585s] -- Up-to-date: /home/f1tenth/f1tenth-ws/install/teleop_tools_msgs/include/teleop_tools_msgs/action/detail
[4.586s] -- Up-to-date: /home/f1tenth/f1tenth-ws/install/teleop_tools_msgs/include/teleop_tools_msgs/action/detail/increment__functions.c
[4.586s] -- Up-to-date: /home/f1tenth/f1tenth-ws/install/teleop_tools_msgs/include/teleop_tools_msgs/action/detail/increment__functions.h
[4.586s] -- Up-to-date: /home/f1tenth/f1tenth-ws/install/teleop_tools_msgs/include/teleop_tools_msgs/action/detail/increment__struct.h
[4.587s] -- Up-to-date: /home/f1tenth/f1tenth-ws/install/teleop_tools_msgs/include/teleop_tools_msgs/action/detail/increment__type_support.h
[4.587s] -- Up-to-date: /home/f1tenth/f1tenth-ws/install/teleop_tools_msgs/include/teleop_tools_msgs/action/increment.h
[4.589s] -- Up-to-date: /home/f1tenth/f1tenth-ws/install/teleop_tools_msgs/share/teleop_tools_msgs/environment/library_path.sh
[4.590s] -- Up-to-date: /home/f1tenth/f1tenth-ws/install/teleop_tools_msgs/share/teleop_tools_msgs/environment/library_path.dsv
[4.591s] -- Up-to-date: /home/f1tenth/f1tenth-ws/install/teleop_tools_msgs/lib/libteleop_tools_msgs__rosidl_generator_c.so
[4.592s] -- Up-to-date: /home/f1tenth/f1tenth-ws/install/teleop_tools_msgs/include/teleop_tools_msgs
[4.592s] -- Up-to-date: /home/f1tenth/f1tenth-ws/install/teleop_tools_msgs/include/teleop_tools_msgs/msg
[4.593s] -- Up-to-date: /home/f1tenth/f1tenth-ws/install/teleop_tools_msgs/include/teleop_tools_msgs/msg/rosidl_typesupport_fastrtps_c__visibility_control.h
[4.593s] -- Up-to-date: /home/f1tenth/f1tenth-ws/install/teleop_tools_msgs/include/teleop_tools_msgs/action
[4.593s] -- Up-to-date: /home/f1tenth/f1tenth-ws/install/teleop_tools_msgs/include/teleop_tools_msgs/action/detail
[4.594s] -- Up-to-date: /home/f1tenth/f1tenth-ws/install/teleop_tools_msgs/include/teleop_tools_msgs/action/detail/increment__rosidl_typesupport_fastrtps_c.h
[4.594s] -- Up-to-date: /home/f1tenth/f1tenth-ws/install/teleop_tools_msgs/lib/libteleop_tools_msgs__rosidl_typesupport_fastrtps_c.so
[4.603s] -- Up-to-date: /home/f1tenth/f1tenth-ws/install/teleop_tools_msgs/include/teleop_tools_msgs
[4.605s] -- Up-to-date: /home/f1tenth/f1tenth-ws/install/teleop_tools_msgs/include/teleop_tools_msgs/msg
[4.605s] -- Up-to-date: /home/f1tenth/f1tenth-ws/install/teleop_tools_msgs/include/teleop_tools_msgs/msg/rosidl_typesupport_fastrtps_cpp__visibility_control.h
[4.609s] -- Up-to-date: /home/f1tenth/f1tenth-ws/install/teleop_tools_msgs/include/teleop_tools_msgs/action
[4.609s] -- Up-to-date: /home/f1tenth/f1tenth-ws/install/teleop_tools_msgs/include/teleop_tools_msgs/action/detail
[4.610s] -- Up-to-date: /home/f1tenth/f1tenth-ws/install/teleop_tools_msgs/include/teleop_tools_msgs/action/detail/dds_fastrtps
[4.612s] -- Up-to-date: /home/f1tenth/f1tenth-ws/install/teleop_tools_msgs/include/teleop_tools_msgs/action/detail/increment__rosidl_typesupport_fastrtps_cpp.hpp
[4.615s] -- Up-to-date: /home/f1tenth/f1tenth-ws/install/teleop_tools_msgs/lib/libteleop_tools_msgs__rosidl_typesupport_fastrtps_cpp.so
[4.616s] -- Up-to-date: /home/f1tenth/f1tenth-ws/install/teleop_tools_msgs/include/teleop_tools_msgs
[4.616s] -- Up-to-date: /home/f1tenth/f1tenth-ws/install/teleop_tools_msgs/include/teleop_tools_msgs/msg
[4.617s] -- Up-to-date: /home/f1tenth/f1tenth-ws/install/teleop_tools_msgs/include/teleop_tools_msgs/msg/rosidl_typesupport_introspection_c__visibility_control.h
[4.617s] -- Up-to-date: /home/f1tenth/f1tenth-ws/install/teleop_tools_msgs/include/teleop_tools_msgs/action
[4.617s] -- Up-to-date: /home/f1tenth/f1tenth-ws/install/teleop_tools_msgs/include/teleop_tools_msgs/action/detail
[4.617s] -- Up-to-date: /home/f1tenth/f1tenth-ws/install/teleop_tools_msgs/include/teleop_tools_msgs/action/detail/increment__type_support.c
[4.618s] -- Up-to-date: /home/f1tenth/f1tenth-ws/install/teleop_tools_msgs/include/teleop_tools_msgs/action/detail/increment__rosidl_typesupport_introspection_c.h
[4.618s] -- Up-to-date: /home/f1tenth/f1tenth-ws/install/teleop_tools_msgs/lib/libteleop_tools_msgs__rosidl_typesupport_introspection_c.so
[4.618s] -- Up-to-date: /home/f1tenth/f1tenth-ws/install/teleop_tools_msgs/lib/libteleop_tools_msgs__rosidl_typesupport_c.so
[4.619s] -- Up-to-date: /home/f1tenth/f1tenth-ws/install/teleop_tools_msgs/include/teleop_tools_msgs
[4.621s] -- Up-to-date: /home/f1tenth/f1tenth-ws/install/teleop_tools_msgs/include/teleop_tools_msgs/msg
[4.622s] -- Up-to-date: /home/f1tenth/f1tenth-ws/install/teleop_tools_msgs/include/teleop_tools_msgs/msg/rosidl_generator_cpp__visibility_control.hpp
[4.635s] -- Up-to-date: /home/f1tenth/f1tenth-ws/install/teleop_tools_msgs/include/teleop_tools_msgs/action
[4.637s] -- Up-to-date: /home/f1tenth/f1tenth-ws/install/teleop_tools_msgs/include/teleop_tools_msgs/action/detail
[4.637s] -- Up-to-date: /home/f1tenth/f1tenth-ws/install/teleop_tools_msgs/include/teleop_tools_msgs/action/detail/increment__builder.hpp
[4.637s] -- Up-to-date: /home/f1tenth/f1tenth-ws/install/teleop_tools_msgs/include/teleop_tools_msgs/action/detail/increment__type_support.hpp
[4.638s] -- Up-to-date: /home/f1tenth/f1tenth-ws/install/teleop_tools_msgs/include/teleop_tools_msgs/action/detail/increment__traits.hpp
[4.638s] -- Up-to-date: /home/f1tenth/f1tenth-ws/install/teleop_tools_msgs/include/teleop_tools_msgs/action/detail/increment__struct.hpp
[4.639s] -- Up-to-date: /home/f1tenth/f1tenth-ws/install/teleop_tools_msgs/include/teleop_tools_msgs/action/increment.hpp
[4.639s] -- Up-to-date: /home/f1tenth/f1tenth-ws/install/teleop_tools_msgs/include/teleop_tools_msgs
[4.639s] -- Up-to-date: /home/f1tenth/f1tenth-ws/install/teleop_tools_msgs/include/teleop_tools_msgs/action
[4.640s] -- Up-to-date: /home/f1tenth/f1tenth-ws/install/teleop_tools_msgs/include/teleop_tools_msgs/action/detail
[4.640s] -- Up-to-date: /home/f1tenth/f1tenth-ws/install/teleop_tools_msgs/include/teleop_tools_msgs/action/detail/increment__type_support.cpp
[4.640s] -- Up-to-date: /home/f1tenth/f1tenth-ws/install/teleop_tools_msgs/include/teleop_tools_msgs/action/detail/increment__rosidl_typesupport_introspection_cpp.hpp
[4.641s] -- Up-to-date: /home/f1tenth/f1tenth-ws/install/teleop_tools_msgs/lib/libteleop_tools_msgs__rosidl_typesupport_introspection_cpp.so
[4.641s] -- Up-to-date: /home/f1tenth/f1tenth-ws/install/teleop_tools_msgs/lib/libteleop_tools_msgs__rosidl_typesupport_cpp.so
[4.641s] -- Up-to-date: /home/f1tenth/f1tenth-ws/install/teleop_tools_msgs/share/teleop_tools_msgs/environment/pythonpath.sh
[4.642s] -- Up-to-date: /home/f1tenth/f1tenth-ws/install/teleop_tools_msgs/share/teleop_tools_msgs/environment/pythonpath.dsv
[4.642s] -- Up-to-date: /home/f1tenth/f1tenth-ws/install/teleop_tools_msgs/lib/python3.8/site-packages/teleop_tools_msgs/__init__.py
[4.820s] -- Up-to-date: /home/f1tenth/f1tenth-ws/install/teleop_tools_msgs/lib/python3.8/site-packages/teleop_tools_msgs/action
[4.822s] -- Up-to-date: /home/f1tenth/f1tenth-ws/install/teleop_tools_msgs/lib/python3.8/site-packages/teleop_tools_msgs/action/__init__.py
[4.823s] -- Up-to-date: /home/f1tenth/f1tenth-ws/install/teleop_tools_msgs/lib/python3.8/site-packages/teleop_tools_msgs/action/_increment_s.c
[4.824s] -- Up-to-date: /home/f1tenth/f1tenth-ws/install/teleop_tools_msgs/lib/python3.8/site-packages/teleop_tools_msgs/action/_increment.py
[4.826s] -- Up-to-date: /home/f1tenth/f1tenth-ws/install/teleop_tools_msgs/lib/python3.8/site-packages/teleop_tools_msgs/teleop_tools_msgs_s__rosidl_typesupport_fastrtps_c.cpython-38-aarch64-linux-gnu.so
[4.826s] -- Up-to-date: /home/f1tenth/f1tenth-ws/install/teleop_tools_msgs/lib/python3.8/site-packages/teleop_tools_msgs/teleop_tools_msgs_s__rosidl_typesupport_introspection_c.cpython-38-aarch64-linux-gnu.so
[4.828s] -- Up-to-date: /home/f1tenth/f1tenth-ws/install/teleop_tools_msgs/lib/python3.8/site-packages/teleop_tools_msgs/teleop_tools_msgs_s__rosidl_typesupport_c.cpython-38-aarch64-linux-gnu.so
[4.832s] -- Up-to-date: /home/f1tenth/f1tenth-ws/install/teleop_tools_msgs/lib/libteleop_tools_msgs__python.so
[4.836s] -- Up-to-date: /home/f1tenth/f1tenth-ws/install/teleop_tools_msgs/share/teleop_tools_msgs/action/Increment.idl
[4.836s] -- Up-to-date: /home/f1tenth/f1tenth-ws/install/teleop_tools_msgs/share/teleop_tools_msgs/action/Increment.action
[4.837s] -- Up-to-date: /home/f1tenth/f1tenth-ws/install/teleop_tools_msgs/share/ament_index/resource_index/package_run_dependencies/teleop_tools_msgs
[4.837s] -- Up-to-date: /home/f1tenth/f1tenth-ws/install/teleop_tools_msgs/share/ament_index/resource_index/parent_prefix_path/teleop_tools_msgs
[4.837s] -- Up-to-date: /home/f1tenth/f1tenth-ws/install/teleop_tools_msgs/share/teleop_tools_msgs/environment/ament_prefix_path.sh
[4.838s] -- Up-to-date: /home/f1tenth/f1tenth-ws/install/teleop_tools_msgs/share/teleop_tools_msgs/environment/ament_prefix_path.dsv
[4.838s] -- Up-to-date: /home/f1tenth/f1tenth-ws/install/teleop_tools_msgs/share/teleop_tools_msgs/environment/path.sh
[4.840s] -- Up-to-date: /home/f1tenth/f1tenth-ws/install/teleop_tools_msgs/share/teleop_tools_msgs/environment/path.dsv
[4.841s] -- Up-to-date: /home/f1tenth/f1tenth-ws/install/teleop_tools_msgs/share/teleop_tools_msgs/local_setup.bash
[4.841s] -- Up-to-date: /home/f1tenth/f1tenth-ws/install/teleop_tools_msgs/share/teleop_tools_msgs/local_setup.sh
[4.843s] -- Up-to-date: /home/f1tenth/f1tenth-ws/install/teleop_tools_msgs/share/teleop_tools_msgs/local_setup.zsh
[4.844s] -- Up-to-date: /home/f1tenth/f1tenth-ws/install/teleop_tools_msgs/share/teleop_tools_msgs/local_setup.dsv
[4.844s] -- Installing: /home/f1tenth/f1tenth-ws/install/teleop_tools_msgs/share/teleop_tools_msgs/package.dsv
[4.847s] -- Up-to-date: /home/f1tenth/f1tenth-ws/install/teleop_tools_msgs/share/ament_index/resource_index/packages/teleop_tools_msgs
[4.848s] -- Up-to-date: /home/f1tenth/f1tenth-ws/install/teleop_tools_msgs/share/teleop_tools_msgs/cmake/teleop_tools_msgs__rosidl_generator_cExport.cmake
[4.848s] -- Up-to-date: /home/f1tenth/f1tenth-ws/install/teleop_tools_msgs/share/teleop_tools_msgs/cmake/teleop_tools_msgs__rosidl_generator_cExport-noconfig.cmake
[4.849s] -- Up-to-date: /home/f1tenth/f1tenth-ws/install/teleop_tools_msgs/share/teleop_tools_msgs/cmake/teleop_tools_msgs__rosidl_typesupport_introspection_cExport.cmake
[4.850s] -- Up-to-date: /home/f1tenth/f1tenth-ws/install/teleop_tools_msgs/share/teleop_tools_msgs/cmake/teleop_tools_msgs__rosidl_typesupport_introspection_cExport-noconfig.cmake
[4.850s] -- Up-to-date: /home/f1tenth/f1tenth-ws/install/teleop_tools_msgs/share/teleop_tools_msgs/cmake/teleop_tools_msgs__rosidl_typesupport_cExport.cmake
[4.851s] -- Up-to-date: /home/f1tenth/f1tenth-ws/install/teleop_tools_msgs/share/teleop_tools_msgs/cmake/teleop_tools_msgs__rosidl_typesupport_cExport-noconfig.cmake
[4.851s] -- Up-to-date: /home/f1tenth/f1tenth-ws/install/teleop_tools_msgs/share/teleop_tools_msgs/cmake/teleop_tools_msgs__rosidl_generator_cppExport.cmake
[4.852s] -- Up-to-date: /home/f1tenth/f1tenth-ws/install/teleop_tools_msgs/share/teleop_tools_msgs/cmake/teleop_tools_msgs__rosidl_typesupport_introspection_cppExport.cmake
[4.853s] -- Up-to-date: /home/f1tenth/f1tenth-ws/install/teleop_tools_msgs/share/teleop_tools_msgs/cmake/teleop_tools_msgs__rosidl_typesupport_introspection_cppExport-noconfig.cmake
[4.853s] -- Up-to-date: /home/f1tenth/f1tenth-ws/install/teleop_tools_msgs/share/teleop_tools_msgs/cmake/teleop_tools_msgs__rosidl_typesupport_cppExport.cmake
[4.858s] -- Up-to-date: /home/f1tenth/f1tenth-ws/install/teleop_tools_msgs/share/teleop_tools_msgs/cmake/teleop_tools_msgs__rosidl_typesupport_cppExport-noconfig.cmake
[4.858s] -- Up-to-date: /home/f1tenth/f1tenth-ws/install/teleop_tools_msgs/share/teleop_tools_msgs/cmake/rosidl_cmake-extras.cmake
[4.859s] -- Up-to-date: /home/f1tenth/f1tenth-ws/install/teleop_tools_msgs/share/teleop_tools_msgs/cmake/ament_cmake_export_dependencies-extras.cmake
[4.859s] -- Up-to-date: /home/f1tenth/f1tenth-ws/install/teleop_tools_msgs/share/teleop_tools_msgs/cmake/ament_cmake_export_libraries-extras.cmake
[4.860s] -- Up-to-date: /home/f1tenth/f1tenth-ws/install/teleop_tools_msgs/share/teleop_tools_msgs/cmake/ament_cmake_export_targets-extras.cmake
[4.860s] -- Up-to-date: /home/f1tenth/f1tenth-ws/install/teleop_tools_msgs/share/teleop_tools_msgs/cmake/ament_cmake_export_include_directories-extras.cmake
[4.861s] -- Up-to-date: /home/f1tenth/f1tenth-ws/install/teleop_tools_msgs/share/teleop_tools_msgs/cmake/rosidl_cmake_export_typesupport_libraries-extras.cmake
[4.861s] -- Up-to-date: /home/f1tenth/f1tenth-ws/install/teleop_tools_msgs/share/teleop_tools_msgs/cmake/rosidl_cmake_export_typesupport_targets-extras.cmake
[4.861s] -- Up-to-date: /home/f1tenth/f1tenth-ws/install/teleop_tools_msgs/share/teleop_tools_msgs/cmake/teleop_tools_msgsConfig.cmake
[4.862s] -- Up-to-date: /home/f1tenth/f1tenth-ws/install/teleop_tools_msgs/share/teleop_tools_msgs/cmake/teleop_tools_msgsConfig-version.cmake
[4.862s] -- Up-to-date: /home/f1tenth/f1tenth-ws/install/teleop_tools_msgs/share/teleop_tools_msgs/package.xml
[5.168s] Invoked command in '/home/f1tenth/f1tenth-ws/build/teleop_tools_msgs' returned '0': CMAKE_PREFIX_PATH=${CMAKE_PREFIX_PATH}:/home/f1tenth/f1tenth-ws/install/waypoint_python:/home/f1tenth/f1tenth-ws/install/f1tenth_stack:/home/f1tenth/f1tenth-ws/install/joy_teleop:/home/f1tenth/f1tenth-ws/install/particle_filter:/home/f1tenth/f1tenth-ws/install/mpc:/home/f1tenth/f1tenth-ws/install/mouse_teleop:/home/f1tenth/f1tenth-ws/install/key_teleop:/home/f1tenth/f1tenth-ws/install/example_py:/home/f1tenth/f1tenth-ws/install/autonomous_drive:/opt/ros/foxy /usr/bin/cmake --install /home/f1tenth/f1tenth-ws/build/teleop_tools_msgs
