[0.785s] Invoking command in '/mnt/nvme0n1/f1tenth_ws/build/teleop_tools': AMENT_PREFIX_PATH=/mnt/nvme0n1/f1tenth_ws/install/joy_teleop:/mnt/nvme0n1/f1tenth_ws/install/teleop_tools_msgs:/mnt/nvme0n1/f1tenth_ws/install/key_teleop CMAKE_PREFIX_PATH=/mnt/nvme0n1/f1tenth_ws/install/teleop_tools_msgs LD_LIBRARY_PATH=/mnt/nvme0n1/f1tenth_ws/install/teleop_tools_msgs/lib PYTHONPATH=/mnt/nvme0n1/f1tenth_ws/install/joy_teleop/lib/python3.8/site-packages:/mnt/nvme0n1/f1tenth_ws/install/teleop_tools_msgs/lib/python3.8/site-packages:/mnt/nvme0n1/f1tenth_ws/install/key_teleop/lib/python3.8/site-packages /usr/bin/cmake --build /mnt/nvme0n1/f1tenth_ws/build/teleop_tools -- -j4 -l4
[1.492s] Invoked command in '/mnt/nvme0n1/f1tenth_ws/build/teleop_tools' returned '0': AMENT_PREFIX_PATH=/mnt/nvme0n1/f1tenth_ws/install/joy_teleop:/mnt/nvme0n1/f1tenth_ws/install/teleop_tools_msgs:/mnt/nvme0n1/f1tenth_ws/install/key_teleop CMAKE_PREFIX_PATH=/mnt/nvme0n1/f1tenth_ws/install/teleop_tools_msgs LD_LIBRARY_PATH=/mnt/nvme0n1/f1tenth_ws/install/teleop_tools_msgs/lib PYTHONPATH=/mnt/nvme0n1/f1tenth_ws/install/joy_teleop/lib/python3.8/site-packages:/mnt/nvme0n1/f1tenth_ws/install/teleop_tools_msgs/lib/python3.8/site-packages:/mnt/nvme0n1/f1tenth_ws/install/key_teleop/lib/python3.8/site-packages /usr/bin/cmake --build /mnt/nvme0n1/f1tenth_ws/build/teleop_tools -- -j4 -l4
[2.524s] Invoking command in '/mnt/nvme0n1/f1tenth_ws/build/teleop_tools': AMENT_PREFIX_PATH=/mnt/nvme0n1/f1tenth_ws/install/joy_teleop:/mnt/nvme0n1/f1tenth_ws/install/teleop_tools_msgs:/mnt/nvme0n1/f1tenth_ws/install/key_teleop CMAKE_PREFIX_PATH=/mnt/nvme0n1/f1tenth_ws/install/teleop_tools_msgs LD_LIBRARY_PATH=/mnt/nvme0n1/f1tenth_ws/install/teleop_tools_msgs/lib PYTHONPATH=/mnt/nvme0n1/f1tenth_ws/install/joy_teleop/lib/python3.8/site-packages:/mnt/nvme0n1/f1tenth_ws/install/teleop_tools_msgs/lib/python3.8/site-packages:/mnt/nvme0n1/f1tenth_ws/install/key_teleop/lib/python3.8/site-packages /usr/bin/cmake --install /mnt/nvme0n1/f1tenth_ws/build/teleop_tools
[2.559s] -- Install configuration: ""
[2.562s] -- Up-to-date: /mnt/nvme0n1/f1tenth_ws/install/teleop_tools/share/ament_index/resource_index/package_run_dependencies/teleop_tools
[2.569s] -- Up-to-date: /mnt/nvme0n1/f1tenth_ws/install/teleop_tools/share/ament_index/resource_index/parent_prefix_path/teleop_tools
[2.570s] -- Up-to-date: /mnt/nvme0n1/f1tenth_ws/install/teleop_tools/share/teleop_tools/environment/ament_prefix_path.sh
[2.571s] -- Up-to-date: /mnt/nvme0n1/f1tenth_ws/install/teleop_tools/share/teleop_tools/environment/ament_prefix_path.dsv
[2.572s] -- Up-to-date: /mnt/nvme0n1/f1tenth_ws/install/teleop_tools/share/teleop_tools/environment/path.sh
[2.573s] -- Up-to-date: /mnt/nvme0n1/f1tenth_ws/install/teleop_tools/share/teleop_tools/environment/path.dsv
[2.575s] -- Up-to-date: /mnt/nvme0n1/f1tenth_ws/install/teleop_tools/share/teleop_tools/local_setup.bash
[2.576s] -- Up-to-date: /mnt/nvme0n1/f1tenth_ws/install/teleop_tools/share/teleop_tools/local_setup.sh
[2.585s] -- Up-to-date: /mnt/nvme0n1/f1tenth_ws/install/teleop_tools/share/teleop_tools/local_setup.zsh
[2.586s] -- Up-to-date: /mnt/nvme0n1/f1tenth_ws/install/teleop_tools/share/teleop_tools/local_setup.dsv
[2.587s] -- Installing: /mnt/nvme0n1/f1tenth_ws/install/teleop_tools/share/teleop_tools/package.dsv
[2.587s] -- Up-to-date: /mnt/nvme0n1/f1tenth_ws/install/teleop_tools/share/ament_index/resource_index/packages/teleop_tools
[2.587s] -- Up-to-date: /mnt/nvme0n1/f1tenth_ws/install/teleop_tools/share/teleop_tools/cmake/teleop_toolsConfig.cmake
[2.588s] -- Up-to-date: /mnt/nvme0n1/f1tenth_ws/install/teleop_tools/share/teleop_tools/cmake/teleop_toolsConfig-version.cmake
[2.588s] -- Up-to-date: /mnt/nvme0n1/f1tenth_ws/install/teleop_tools/share/teleop_tools/package.xml
[2.597s] Invoked command in '/mnt/nvme0n1/f1tenth_ws/build/teleop_tools' returned '0': AMENT_PREFIX_PATH=/mnt/nvme0n1/f1tenth_ws/install/joy_teleop:/mnt/nvme0n1/f1tenth_ws/install/teleop_tools_msgs:/mnt/nvme0n1/f1tenth_ws/install/key_teleop CMAKE_PREFIX_PATH=/mnt/nvme0n1/f1tenth_ws/install/teleop_tools_msgs LD_LIBRARY_PATH=/mnt/nvme0n1/f1tenth_ws/install/teleop_tools_msgs/lib PYTHONPATH=/mnt/nvme0n1/f1tenth_ws/install/joy_teleop/lib/python3.8/site-packages:/mnt/nvme0n1/f1tenth_ws/install/teleop_tools_msgs/lib/python3.8/site-packages:/mnt/nvme0n1/f1tenth_ws/install/key_teleop/lib/python3.8/site-packages /usr/bin/cmake --install /mnt/nvme0n1/f1tenth_ws/build/teleop_tools
