[8.699s] Invoking command in '/home/f1tenth/f1tenth-ws/src/f1tenth_mpc-main/mpc': PYTHONPATH=/home/f1tenth/f1tenth-ws/build/mpc/prefix_override:/home/f1tenth/f1tenth-ws/install/mpc/lib/python3.8/site-packages:${PYTHONPATH} /usr/bin/python3 setup.py egg_info --egg-base ../../../build/mpc build --build-base /home/f1tenth/f1tenth-ws/build/mpc/build install --record /home/f1tenth/f1tenth-ws/build/mpc/install.log --install-scripts $base/lib/mpc --single-version-externally-managed
[9.747s] running egg_info
[9.753s] writing ../../../build/mpc/mpc.egg-info/PKG-INFO
[9.753s] writing dependency_links to ../../../build/mpc/mpc.egg-info/dependency_links.txt
[9.757s] writing entry points to ../../../build/mpc/mpc.egg-info/entry_points.txt
[9.758s] writing requirements to ../../../build/mpc/mpc.egg-info/requires.txt
[9.758s] writing top-level names to ../../../build/mpc/mpc.egg-info/top_level.txt
[9.909s] reading manifest file '../../../build/mpc/mpc.egg-info/SOURCES.txt'
[9.914s] writing manifest file '../../../build/mpc/mpc.egg-info/SOURCES.txt'
[9.915s] running build
[9.916s] running build_py
[9.917s] running install
[9.919s] running install_lib
[9.926s] running install_data
[9.928s] running install_egg_info
[9.936s] removing '/home/f1tenth/f1tenth-ws/install/mpc/lib/python3.8/site-packages/mpc-0.0.0-py3.8.egg-info' (and everything under it)
[9.938s] Copying ../../../build/mpc/mpc.egg-info to /home/f1tenth/f1tenth-ws/install/mpc/lib/python3.8/site-packages/mpc-0.0.0-py3.8.egg-info
[9.943s] running install_scripts
[10.027s] Installing mpc_node script to /home/f1tenth/f1tenth-ws/install/mpc/lib/mpc
[10.032s] writing list of installed files to '/home/f1tenth/f1tenth-ws/build/mpc/install.log'
[11.395s] Invoked command in '/home/f1tenth/f1tenth-ws/src/f1tenth_mpc-main/mpc' returned '0': PYTHONPATH=/home/f1tenth/f1tenth-ws/build/mpc/prefix_override:/home/f1tenth/f1tenth-ws/install/mpc/lib/python3.8/site-packages:${PYTHONPATH} /usr/bin/python3 setup.py egg_info --egg-base ../../../build/mpc build --build-base /home/f1tenth/f1tenth-ws/build/mpc/build install --record /home/f1tenth/f1tenth-ws/build/mpc/install.log --install-scripts $base/lib/mpc --single-version-externally-managed
