[0.594s] Invoking command in '/home/william/sim_ws/build/pure_pursuit': CMAKE_PREFIX_PATH=${CMAKE_PREFIX_PATH}:/home/william/sim_ws/install/particle_filter:/home/william/sim_ws/install/mpc_node:/home/william/sim_ws/install/learning_parameter:/home/william/sim_ws/install/learning_node:/home/william/sim_ws/install/learning_launch:/home/william/sim_ws/install/learning_gazebo:/home/william/sim_ws/install/learning_cv:/home/william/sim_ws/install/f1tenth_gym_ros:/opt/ros/foxy /usr/bin/cmake /home/william/sim_ws/src/pure_pursuit -DCMAKE_INSTALL_PREFIX=/home/william/sim_ws/install/pure_pursuit
[0.608s] -- Found ament_cmake: 0.9.12 (/opt/ros/foxy/share/ament_cmake/cmake)
[0.638s] -- Using PYTHON_EXECUTABLE: /usr/bin/python3
[0.886s] -- Found rclcpp: 2.4.3 (/opt/ros/foxy/share/rclcpp/cmake)
[0.928s] -- Using all available rosidl_typesupport_c: rosidl_typesupport_fastrtps_c;rosidl_typesupport_introspection_c
[0.931s] -- Found rosidl_adapter: 1.3.1 (/opt/ros/foxy/share/rosidl_adapter/cmake)
[1.045s] -- Using all available rosidl_typesupport_cpp: rosidl_typesupport_fastrtps_cpp;rosidl_typesupport_introspection_cpp
[1.089s] -- Found rmw_implementation_cmake: 1.0.4 (/opt/ros/foxy/share/rmw_implementation_cmake/cmake)
[1.091s] -- Using RMW implementation 'rmw_fastrtps_cpp' as default
[1.220s] -- Found rclpy: 1.0.13 (/opt/ros/foxy/share/rclpy/cmake)
[1.221s] -- Found geometry_msgs: 2.0.5 (/opt/ros/foxy/share/geometry_msgs/cmake)
[1.252s] -- Found nav_msgs: 2.0.5 (/opt/ros/foxy/share/nav_msgs/cmake)
[1.329s] CMake Error at CMakeLists.txt:29 (find_package):
[1.329s]   By not providing "Findackermann_msgs.cmake" in CMAKE_MODULE_PATH this
[1.329s]   project has asked CMake to find a package configuration file provided by
[1.329s]   "ackermann_msgs", but CMake did not find one.
[1.329s] 
[1.329s]   Could not find a package configuration file provided by "ackermann_msgs"
[1.329s]   with any of the following names:
[1.330s] 
[1.330s]     ackermann_msgsConfig.cmake
[1.330s]     ackermann_msgs-config.cmake
[1.330s] 
[1.330s]   Add the installation prefix of "ackermann_msgs" to CMAKE_PREFIX_PATH or set
[1.330s]   "ackermann_msgs_DIR" to a directory containing one of the above files.  If
[1.330s]   "ackermann_msgs" provides a separate development package or SDK, be sure it
[1.330s]   has been installed.
[1.330s] 
[1.330s] 
[1.331s] -- Configuring incomplete, errors occurred!
[1.331s] See also "/home/william/sim_ws/build/pure_pursuit/CMakeFiles/CMakeOutput.log".
[1.331s] See also "/home/william/sim_ws/build/pure_pursuit/CMakeFiles/CMakeError.log".
