[9.183s] Invoking command in '/home/f1tenth/f1tenth-ws/src/test_driving_2/example_py': PYTHONPATH=/home/f1tenth/f1tenth-ws/build/example_py/prefix_override:/home/f1tenth/f1tenth-ws/install/example_py/lib/python3.8/site-packages:${PYTHONPATH} /usr/bin/python3 setup.py egg_info --egg-base ../../../build/example_py build --build-base /home/f1tenth/f1tenth-ws/build/example_py/build install --record /home/f1tenth/f1tenth-ws/build/example_py/install.log --install-scripts $base/lib/example_py --single-version-externally-managed
[10.228s] running egg_info
[10.229s] writing ../../../build/example_py/example_py.egg-info/PKG-INFO
[10.229s] writing dependency_links to ../../../build/example_py/example_py.egg-info/dependency_links.txt
[10.230s] writing entry points to ../../../build/example_py/example_py.egg-info/entry_points.txt
[10.230s] writing requirements to ../../../build/example_py/example_py.egg-info/requires.txt
[10.231s] writing top-level names to ../../../build/example_py/example_py.egg-info/top_level.txt
[10.375s] reading manifest file '../../../build/example_py/example_py.egg-info/SOURCES.txt'
[10.377s] writing manifest file '../../../build/example_py/example_py.egg-info/SOURCES.txt'
[10.379s] running build
[10.379s] running build_py
[10.380s] running install
[10.385s] running install_lib
[10.390s] running install_data
[10.392s] running install_egg_info
[10.401s] removing '/home/f1tenth/f1tenth-ws/install/example_py/lib/python3.8/site-packages/example_py-0.0.0-py3.8.egg-info' (and everything under it)
[10.404s] Copying ../../../build/example_py/example_py.egg-info to /home/f1tenth/f1tenth-ws/install/example_py/lib/python3.8/site-packages/example_py-0.0.0-py3.8.egg-info
[10.407s] running install_scripts
[10.479s] Installing li4_node script to /home/f1tenth/f1tenth-ws/install/example_py/lib/example_py
[10.484s] writing list of installed files to '/home/f1tenth/f1tenth-ws/build/example_py/install.log'
[11.637s] Invoked command in '/home/f1tenth/f1tenth-ws/src/test_driving_2/example_py' returned '0': PYTHONPATH=/home/f1tenth/f1tenth-ws/build/example_py/prefix_override:/home/f1tenth/f1tenth-ws/install/example_py/lib/python3.8/site-packages:${PYTHONPATH} /usr/bin/python3 setup.py egg_info --egg-base ../../../build/example_py build --build-base /home/f1tenth/f1tenth-ws/build/example_py/build install --record /home/f1tenth/f1tenth-ws/build/example_py/install.log --install-scripts $base/lib/example_py --single-version-externally-managed
