[0.406s] Invoking command in '/home/william/sim_ws/build/learning_interface': CMAKE_PREFIX_PATH=/opt/ros/foxy /usr/bin/cmake /home/william/sim_ws/src/ros2_21_tutorials-master/learning_interface -DCMAKE_INSTALL_PREFIX=/home/william/sim_ws/install/learning_interface
[1.510s] -- Found ament_cmake: 0.9.12 (/opt/ros/foxy/share/ament_cmake/cmake)
[1.510s] -- Found PythonInterp: /usr/bin/python3 (found suitable version "3.8.10", minimum required is "3") 
[1.511s] -- Using PYTHON_EXECUTABLE: /usr/bin/python3
[1.511s] -- Found rosidl_default_generators: 1.0.1 (/opt/ros/foxy/share/rosidl_default_generators/cmake)
[1.512s] -- Using all available rosidl_typesupport_c: rosidl_typesupport_fastrtps_c;rosidl_typesupport_introspection_c
[1.512s] -- Found rosidl_adapter: 1.3.1 (/opt/ros/foxy/share/rosidl_adapter/cmake)
[1.513s] -- Using all available rosidl_typesupport_cpp: rosidl_typesupport_fastrtps_cpp;rosidl_typesupport_introspection_cpp
[1.515s] -- Found PythonInterp: /usr/bin/python3 (found version "3.8.10") 
[1.515s] -- Found ament_cmake_ros: 0.9.2 (/opt/ros/foxy/share/ament_cmake_ros/cmake)
[1.515s] -- Using all available rosidl_typesupport_c: rosidl_typesupport_fastrtps_c;rosidl_typesupport_introspection_c
[1.515s] -- Using all available rosidl_typesupport_cpp: rosidl_typesupport_fastrtps_cpp;rosidl_typesupport_introspection_cpp
[1.516s] -- Found PythonInterp: /usr/bin/python3 (found suitable version "3.8.10", minimum required is "3.5") 
[1.517s] -- Found python_cmake_module: 0.8.1 (/opt/ros/foxy/share/python_cmake_module/cmake)
[1.518s] -- Using PYTHON_EXECUTABLE: /usr/bin/python3
[1.518s] -- Using PYTHON_INCLUDE_DIRS: /usr/include/python3.8
[1.518s] -- Using PYTHON_LIBRARIES: /usr/lib/x86_64-linux-gnu/libpython3.8.so
[1.518s] -- Found ament_lint_auto: 0.9.8 (/opt/ros/foxy/share/ament_lint_auto/cmake)
[1.518s] -- Added test 'copyright' to check source files copyright and LICENSE
[1.518s] -- Added test 'lint_cmake' to check CMake code style
[1.519s] -- Added test 'xmllint' to check XML markup files
[1.521s] -- Configuring done
[1.521s] -- Generating done
[1.522s] -- Build files have been written to: /home/william/sim_ws/build/learning_interface
[1.522s] Invoked command in '/home/william/sim_ws/build/learning_interface' returned '0': CMAKE_PREFIX_PATH=/opt/ros/foxy /usr/bin/cmake /home/william/sim_ws/src/ros2_21_tutorials-master/learning_interface -DCMAKE_INSTALL_PREFIX=/home/william/sim_ws/install/learning_interface
[1.524s] Invoking command in '/home/william/sim_ws/build/learning_interface': CMAKE_PREFIX_PATH=/opt/ros/foxy /usr/bin/cmake --build /home/william/sim_ws/build/learning_interface -- -j8 -l8
[1.568s] [  1%] [34m[1mGenerating C code for ROS interfaces[0m
[1.605s] [35m[1mScanning dependencies of target learning_interface__cpp[0m
[1.629s] [  3%] [34m[1mGenerating C++ code for ROS interfaces[0m
[3.016s] [  3%] Built target learning_interface__cpp
[3.043s] [35m[1mScanning dependencies of target learning_interface__rosidl_generator_c[0m
[3.055s] [  5%] [34m[1mGenerating C++ type support dispatch for ROS interfaces[0m
[3.061s] [  9%] [34m[1mGenerating C++ introspection for ROS interfaces[0m
[3.061s] [  9%] [34m[1mGenerating C++ type support for eProsima Fast-RTPS[0m
[3.115s] [ 10%] [32mBuilding C object CMakeFiles/learning_interface__rosidl_generator_c.dir/rosidl_generator_c/learning_interface/msg/detail/object_position__functions.c.o[0m
[3.129s] [ 12%] [32mBuilding C object CMakeFiles/learning_interface__rosidl_generator_c.dir/rosidl_generator_c/learning_interface/srv/detail/add_two_ints__functions.c.o[0m
[3.145s] [ 14%] [32mBuilding C object CMakeFiles/learning_interface__rosidl_generator_c.dir/rosidl_generator_c/learning_interface/srv/detail/get_object_position__functions.c.o[0m
[3.157s] [ 16%] [32mBuilding C object CMakeFiles/learning_interface__rosidl_generator_c.dir/rosidl_generator_c/learning_interface/action/detail/move_circle__functions.c.o[0m
[3.596s] [ 18%] [32m[1mLinking C shared library liblearning_interface__rosidl_generator_c.so[0m
[3.799s] [ 18%] Built target learning_interface__rosidl_generator_c
[3.873s] [ 20%] [34m[1mGenerating C type support dispatch for ROS interfaces[0m
[3.885s] [ 21%] [34m[1mGenerating C introspection for ROS interfaces[0m
[4.068s] [35m[1mScanning dependencies of target learning_interface__rosidl_typesupport_introspection_cpp[0m
[4.093s] [35m[1mScanning dependencies of target learning_interface__rosidl_typesupport_cpp[0m
[4.100s] [ 23%] [32mBuilding CXX object CMakeFiles/learning_interface__rosidl_typesupport_introspection_cpp.dir/rosidl_typesupport_introspection_cpp/learning_interface/msg/detail/object_position__type_support.cpp.o[0m
[4.113s] [ 25%] [32mBuilding CXX object CMakeFiles/learning_interface__rosidl_typesupport_introspection_cpp.dir/rosidl_typesupport_introspection_cpp/learning_interface/srv/detail/add_two_ints__type_support.cpp.o[0m
[4.115s] [ 27%] [32mBuilding CXX object CMakeFiles/learning_interface__rosidl_typesupport_introspection_cpp.dir/rosidl_typesupport_introspection_cpp/learning_interface/srv/detail/get_object_position__type_support.cpp.o[0m
[4.117s] [ 29%] [32mBuilding CXX object CMakeFiles/learning_interface__rosidl_typesupport_cpp.dir/rosidl_typesupport_cpp/learning_interface/msg/object_position__type_support.cpp.o[0m
[4.134s] [ 30%] [32mBuilding CXX object CMakeFiles/learning_interface__rosidl_typesupport_introspection_cpp.dir/rosidl_typesupport_introspection_cpp/learning_interface/action/detail/move_circle__type_support.cpp.o[0m
[4.323s] [35m[1mScanning dependencies of target learning_interface__rosidl_typesupport_fastrtps_cpp[0m
[4.381s] [ 32%] [32mBuilding CXX object CMakeFiles/learning_interface__rosidl_typesupport_fastrtps_cpp.dir/rosidl_typesupport_fastrtps_cpp/learning_interface/msg/detail/dds_fastrtps/object_position__type_support.cpp.o[0m
[4.528s] [ 34%] [32mBuilding CXX object CMakeFiles/learning_interface__rosidl_typesupport_cpp.dir/rosidl_typesupport_cpp/learning_interface/srv/add_two_ints__type_support.cpp.o[0m
[4.586s] [ 36%] [32mBuilding CXX object CMakeFiles/learning_interface__rosidl_typesupport_fastrtps_cpp.dir/rosidl_typesupport_fastrtps_cpp/learning_interface/srv/detail/dds_fastrtps/get_object_position__type_support.cpp.o[0m
[4.595s] [ 38%] [32mBuilding CXX object CMakeFiles/learning_interface__rosidl_typesupport_fastrtps_cpp.dir/rosidl_typesupport_fastrtps_cpp/learning_interface/srv/detail/dds_fastrtps/add_two_ints__type_support.cpp.o[0m
[4.636s] [ 40%] [32mBuilding CXX object CMakeFiles/learning_interface__rosidl_typesupport_cpp.dir/rosidl_typesupport_cpp/learning_interface/srv/get_object_position__type_support.cpp.o[0m
[4.801s] [ 41%] [32m[1mLinking CXX shared library liblearning_interface__rosidl_typesupport_introspection_cpp.so[0m
[4.875s] [35m[1mScanning dependencies of target learning_interface__rosidl_typesupport_c[0m
[4.971s] [ 43%] [32mBuilding CXX object CMakeFiles/learning_interface__rosidl_typesupport_cpp.dir/rosidl_typesupport_cpp/learning_interface/action/move_circle__type_support.cpp.o[0m
[4.975s] [ 45%] [32mBuilding CXX object CMakeFiles/learning_interface__rosidl_typesupport_c.dir/rosidl_typesupport_c/learning_interface/msg/object_position__type_support.cpp.o[0m
[5.051s] [35m[1mScanning dependencies of target learning_interface__rosidl_typesupport_introspection_c[0m
[5.070s] [ 45%] Built target learning_interface__rosidl_typesupport_introspection_cpp
[5.094s] [ 47%] [32mBuilding CXX object CMakeFiles/learning_interface__rosidl_typesupport_c.dir/rosidl_typesupport_c/learning_interface/srv/add_two_ints__type_support.cpp.o[0m
[5.108s] [ 49%] [32mBuilding C object CMakeFiles/learning_interface__rosidl_typesupport_introspection_c.dir/rosidl_typesupport_introspection_c/learning_interface/msg/detail/object_position__type_support.c.o[0m
[5.109s] [ 50%] [32mBuilding CXX object CMakeFiles/learning_interface__rosidl_typesupport_c.dir/rosidl_typesupport_c/learning_interface/srv/get_object_position__type_support.cpp.o[0m
[5.165s] [ 52%] [32mBuilding C object CMakeFiles/learning_interface__rosidl_typesupport_introspection_c.dir/rosidl_typesupport_introspection_c/learning_interface/srv/detail/add_two_ints__type_support.c.o[0m
[5.178s] [ 54%] [32mBuilding C object CMakeFiles/learning_interface__rosidl_typesupport_introspection_c.dir/rosidl_typesupport_introspection_c/learning_interface/srv/detail/get_object_position__type_support.c.o[0m
[5.185s] [ 56%] [32mBuilding CXX object CMakeFiles/learning_interface__rosidl_typesupport_c.dir/rosidl_typesupport_c/learning_interface/action/move_circle__type_support.cpp.o[0m
[5.238s] [ 58%] [32mBuilding CXX object CMakeFiles/learning_interface__rosidl_typesupport_fastrtps_cpp.dir/rosidl_typesupport_fastrtps_cpp/learning_interface/action/detail/dds_fastrtps/move_circle__type_support.cpp.o[0m
[5.260s] [ 60%] [32mBuilding C object CMakeFiles/learning_interface__rosidl_typesupport_introspection_c.dir/rosidl_typesupport_introspection_c/learning_interface/action/detail/move_circle__type_support.c.o[0m
[5.401s] [ 63%] [32m[1mLinking CXX shared library liblearning_interface__rosidl_typesupport_c.so[0m
[5.401s] [ 63%] [32m[1mLinking C shared library liblearning_interface__rosidl_typesupport_introspection_c.so[0m
[5.475s] [ 63%] Built target learning_interface__rosidl_typesupport_introspection_c
[5.477s] [ 63%] Built target learning_interface__rosidl_typesupport_c
[5.530s] [ 65%] [32m[1mLinking CXX shared library liblearning_interface__rosidl_typesupport_cpp.so[0m
[5.600s] [ 65%] Built target learning_interface__rosidl_typesupport_cpp
[5.878s] [ 67%] [32m[1mLinking CXX shared library liblearning_interface__rosidl_typesupport_fastrtps_cpp.so[0m
[5.987s] [ 67%] Built target learning_interface__rosidl_typesupport_fastrtps_cpp
[5.997s] [ 69%] [34m[1mGenerating C type support for eProsima Fast-RTPS[0m
[6.701s] [35m[1mScanning dependencies of target learning_interface__rosidl_typesupport_fastrtps_c[0m
[6.732s] [ 70%] [32mBuilding CXX object CMakeFiles/learning_interface__rosidl_typesupport_fastrtps_c.dir/rosidl_typesupport_fastrtps_c/learning_interface/msg/detail/object_position__type_support_c.cpp.o[0m
[6.733s] [ 72%] [32mBuilding CXX object CMakeFiles/learning_interface__rosidl_typesupport_fastrtps_c.dir/rosidl_typesupport_fastrtps_c/learning_interface/srv/detail/add_two_ints__type_support_c.cpp.o[0m
[6.740s] [ 74%] [32mBuilding CXX object CMakeFiles/learning_interface__rosidl_typesupport_fastrtps_c.dir/rosidl_typesupport_fastrtps_c/learning_interface/action/detail/move_circle__type_support_c.cpp.o[0m
[6.741s] [ 76%] [32mBuilding CXX object CMakeFiles/learning_interface__rosidl_typesupport_fastrtps_c.dir/rosidl_typesupport_fastrtps_c/learning_interface/srv/detail/get_object_position__type_support_c.cpp.o[0m
[7.247s] [ 78%] [32m[1mLinking CXX shared library liblearning_interface__rosidl_typesupport_fastrtps_c.so[0m
[7.334s] [ 78%] Built target learning_interface__rosidl_typesupport_fastrtps_c
[7.343s] [35m[1mScanning dependencies of target learning_interface[0m
[7.353s] [ 78%] Built target learning_interface
[7.363s] [35m[1mScanning dependencies of target learning_interface__py[0m
[7.373s] [ 80%] [34m[1mGenerating Python code for ROS interfaces[0m
[8.494s] [ 80%] Built target learning_interface__py
[8.503s] [35m[1mScanning dependencies of target learning_interface__python[0m
[8.525s] [ 83%] [32mBuilding C object CMakeFiles/learning_interface__python.dir/rosidl_generator_py/learning_interface/srv/_get_object_position_s.c.o[0m
[8.525s] [ 83%] [32mBuilding C object CMakeFiles/learning_interface__python.dir/rosidl_generator_py/learning_interface/srv/_add_two_ints_s.c.o[0m
[8.528s] [ 85%] [32mBuilding C object CMakeFiles/learning_interface__python.dir/rosidl_generator_py/learning_interface/msg/_object_position_s.c.o[0m
[8.528s] [ 87%] [32mBuilding C object CMakeFiles/learning_interface__python.dir/rosidl_generator_py/learning_interface/action/_move_circle_s.c.o[0m
[8.638s] [ 89%] [32m[1mLinking C shared library rosidl_generator_py/learning_interface/liblearning_interface__python.so[0m
[8.677s] [ 89%] Built target learning_interface__python
[8.687s] [35m[1mScanning dependencies of target learning_interface__rosidl_typesupport_introspection_c__pyext[0m
[8.687s] [35m[1mScanning dependencies of target learning_interface__rosidl_typesupport_c__pyext[0m
[8.687s] [35m[1mScanning dependencies of target learning_interface__rosidl_typesupport_fastrtps_c__pyext[0m
[8.703s] [ 90%] [32mBuilding C object CMakeFiles/learning_interface__rosidl_typesupport_c__pyext.dir/rosidl_generator_py/learning_interface/_learning_interface_s.ep.rosidl_typesupport_c.c.o[0m
[8.705s] [ 92%] [32mBuilding C object CMakeFiles/learning_interface__rosidl_typesupport_introspection_c__pyext.dir/rosidl_generator_py/learning_interface/_learning_interface_s.ep.rosidl_typesupport_introspection_c.c.o[0m
[8.705s] [ 94%] [32mBuilding C object CMakeFiles/learning_interface__rosidl_typesupport_fastrtps_c__pyext.dir/rosidl_generator_py/learning_interface/_learning_interface_s.ep.rosidl_typesupport_fastrtps_c.c.o[0m
[8.805s] [ 98%] [32m[1mLinking C shared library rosidl_generator_py/learning_interface/learning_interface_s__rosidl_typesupport_c.cpython-38-x86_64-linux-gnu.so[0m
[8.806s] [ 98%] [32m[1mLinking C shared library rosidl_generator_py/learning_interface/learning_interface_s__rosidl_typesupport_introspection_c.cpython-38-x86_64-linux-gnu.so[0m
[8.808s] [100%] [32m[1mLinking CXX shared library rosidl_generator_py/learning_interface/learning_interface_s__rosidl_typesupport_fastrtps_c.cpython-38-x86_64-linux-gnu.so[0m
[8.842s] [100%] Built target learning_interface__rosidl_typesupport_introspection_c__pyext
[8.842s] [100%] Built target learning_interface__rosidl_typesupport_c__pyext
[8.874s] [100%] Built target learning_interface__rosidl_typesupport_fastrtps_c__pyext
