[9.198s] Invoking command in '/mnt/nvme0n1/f1tenth_ws/src/f1tenth_system/teleop_tools/joy_teleop': AMENT_PREFIX_PATH=/mnt/nvme0n1/f1tenth_ws/install/teleop_tools_msgs:${AMENT_PREFIX_PATH} CMAKE_PREFIX_PATH=/mnt/nvme0n1/f1tenth_ws/install/teleop_tools_msgs:${CMAKE_PREFIX_PATH} LD_LIBRARY_PATH=/mnt/nvme0n1/f1tenth_ws/install/teleop_tools_msgs/lib:${LD_LIBRARY_PATH} PYTHONPATH=/mnt/nvme0n1/f1tenth_ws/build/joy_teleop/prefix_override:/mnt/nvme0n1/f1tenth_ws/install/joy_teleop/lib/python3.8/site-packages:/mnt/nvme0n1/f1tenth_ws/install/teleop_tools_msgs/lib/python3.8/site-packages:${PYTHONPATH} /usr/bin/python3 setup.py egg_info --egg-base ../../../../build/joy_teleop build --build-base /mnt/nvme0n1/f1tenth_ws/build/joy_teleop/build install --record /mnt/nvme0n1/f1tenth_ws/build/joy_teleop/install.log --install-scripts $base/lib/joy_teleop --single-version-externally-managed
[10.196s] running egg_info
[10.200s] writing ../../../../build/joy_teleop/joy_teleop.egg-info/PKG-INFO
[10.202s] writing dependency_links to ../../../../build/joy_teleop/joy_teleop.egg-info/dependency_links.txt
[10.202s] writing entry points to ../../../../build/joy_teleop/joy_teleop.egg-info/entry_points.txt
[10.205s] writing requirements to ../../../../build/joy_teleop/joy_teleop.egg-info/requires.txt
[10.207s] writing top-level names to ../../../../build/joy_teleop/joy_teleop.egg-info/top_level.txt
[10.347s] reading manifest file '../../../../build/joy_teleop/joy_teleop.egg-info/SOURCES.txt'
[10.350s] writing manifest file '../../../../build/joy_teleop/joy_teleop.egg-info/SOURCES.txt'
[10.351s] running build
[10.353s] running build_py
[10.355s] running install
[10.356s] running install_lib
[10.364s] running install_data
[10.367s] running install_egg_info
[10.373s] removing '/mnt/nvme0n1/f1tenth_ws/install/joy_teleop/lib/python3.8/site-packages/joy_teleop-0.3.0-py3.8.egg-info' (and everything under it)
[10.375s] Copying ../../../../build/joy_teleop/joy_teleop.egg-info to /mnt/nvme0n1/f1tenth_ws/install/joy_teleop/lib/python3.8/site-packages/joy_teleop-0.3.0-py3.8.egg-info
[10.382s] running install_scripts
[10.449s] Installing incrementer_server script to /mnt/nvme0n1/f1tenth_ws/install/joy_teleop/lib/joy_teleop
[10.452s] Installing joy_teleop script to /mnt/nvme0n1/f1tenth_ws/install/joy_teleop/lib/joy_teleop
[10.454s] writing list of installed files to '/mnt/nvme0n1/f1tenth_ws/build/joy_teleop/install.log'
[12.478s] Invoked command in '/mnt/nvme0n1/f1tenth_ws/src/f1tenth_system/teleop_tools/joy_teleop' returned '0': AMENT_PREFIX_PATH=/mnt/nvme0n1/f1tenth_ws/install/teleop_tools_msgs:${AMENT_PREFIX_PATH} CMAKE_PREFIX_PATH=/mnt/nvme0n1/f1tenth_ws/install/teleop_tools_msgs:${CMAKE_PREFIX_PATH} LD_LIBRARY_PATH=/mnt/nvme0n1/f1tenth_ws/install/teleop_tools_msgs/lib:${LD_LIBRARY_PATH} PYTHONPATH=/mnt/nvme0n1/f1tenth_ws/build/joy_teleop/prefix_override:/mnt/nvme0n1/f1tenth_ws/install/joy_teleop/lib/python3.8/site-packages:/mnt/nvme0n1/f1tenth_ws/install/teleop_tools_msgs/lib/python3.8/site-packages:${PYTHONPATH} /usr/bin/python3 setup.py egg_info --egg-base ../../../../build/joy_teleop build --build-base /mnt/nvme0n1/f1tenth_ws/build/joy_teleop/build install --record /mnt/nvme0n1/f1tenth_ws/build/joy_teleop/install.log --install-scripts $base/lib/joy_teleop --single-version-externally-managed
