[10.416s] Invoking command in '/home/f1tenth/f1tenth-ws/src/f1tenth_mpc-main/mpc': PYTHONPATH=/home/f1tenth/f1tenth-ws/build/mpc/prefix_override:/home/f1tenth/f1tenth-ws/install/mpc/lib/python3.8/site-packages:${PYTHONPATH} /usr/bin/python3 setup.py egg_info --egg-base ../../../build/mpc build --build-base /home/f1tenth/f1tenth-ws/build/mpc/build install --record /home/f1tenth/f1tenth-ws/build/mpc/install.log --install-scripts $base/lib/mpc --single-version-externally-managed
[12.209s] running egg_info
[12.226s] writing ../../../build/mpc/mpc.egg-info/PKG-INFO
[12.226s] writing dependency_links to ../../../build/mpc/mpc.egg-info/dependency_links.txt
[12.226s] writing entry points to ../../../build/mpc/mpc.egg-info/entry_points.txt
[12.227s] writing requirements to ../../../build/mpc/mpc.egg-info/requires.txt
[12.227s] writing top-level names to ../../../build/mpc/mpc.egg-info/top_level.txt
[12.467s] reading manifest file '../../../build/mpc/mpc.egg-info/SOURCES.txt'
[12.473s] writing manifest file '../../../build/mpc/mpc.egg-info/SOURCES.txt'
[12.473s] running build
[12.474s] running build_py
[12.478s] running install
[12.481s] running install_lib
[12.499s] running install_data
[12.501s] running install_egg_info
[12.514s] removing '/home/f1tenth/f1tenth-ws/install/mpc/lib/python3.8/site-packages/mpc-0.0.0-py3.8.egg-info' (and everything under it)
[12.518s] Copying ../../../build/mpc/mpc.egg-info to /home/f1tenth/f1tenth-ws/install/mpc/lib/python3.8/site-packages/mpc-0.0.0-py3.8.egg-info
[12.522s] running install_scripts
[12.618s] Installing mpc_node script to /home/f1tenth/f1tenth-ws/install/mpc/lib/mpc
[12.631s] writing list of installed files to '/home/f1tenth/f1tenth-ws/build/mpc/install.log'
[14.662s] Invoked command in '/home/f1tenth/f1tenth-ws/src/f1tenth_mpc-main/mpc' returned '0': PYTHONPATH=/home/f1tenth/f1tenth-ws/build/mpc/prefix_override:/home/f1tenth/f1tenth-ws/install/mpc/lib/python3.8/site-packages:${PYTHONPATH} /usr/bin/python3 setup.py egg_info --egg-base ../../../build/mpc build --build-base /home/f1tenth/f1tenth-ws/build/mpc/build install --record /home/f1tenth/f1tenth-ws/build/mpc/install.log --install-scripts $base/lib/mpc --single-version-externally-managed
