[0.689s] Invoking command in '/home/f1tenth/f1tenth-ws/build/safety_node': CMAKE_PREFIX_PATH=${CMAKE_PREFIX_PATH}:/home/f1tenth/f1tenth-ws/install/f1tenth_stack:/home/f1tenth/f1tenth-ws/install/joy_teleop:/home/f1tenth/f1tenth-ws/install/mouse_teleop:/home/f1tenth/f1tenth-ws/install/key_teleop:/home/f1tenth/f1tenth-ws/install/example_py:/opt/ros/foxy /usr/bin/cmake --build /home/f1tenth/f1tenth-ws/build/safety_node -- -j4 -l4
[1.115s] [100%] Built target safety_node
[1.209s] Invoked command in '/home/f1tenth/f1tenth-ws/build/safety_node' returned '0': CMAKE_PREFIX_PATH=${CMAKE_PREFIX_PATH}:/home/f1tenth/f1tenth-ws/install/f1tenth_stack:/home/f1tenth/f1tenth-ws/install/joy_teleop:/home/f1tenth/f1tenth-ws/install/mouse_teleop:/home/f1tenth/f1tenth-ws/install/key_teleop:/home/f1tenth/f1tenth-ws/install/example_py:/opt/ros/foxy /usr/bin/cmake --build /home/f1tenth/f1tenth-ws/build/safety_node -- -j4 -l4
[2.498s] Invoking command in '/home/f1tenth/f1tenth-ws/build/safety_node': CMAKE_PREFIX_PATH=${CMAKE_PREFIX_PATH}:/home/f1tenth/f1tenth-ws/install/f1tenth_stack:/home/f1tenth/f1tenth-ws/install/joy_teleop:/home/f1tenth/f1tenth-ws/install/mouse_teleop:/home/f1tenth/f1tenth-ws/install/key_teleop:/home/f1tenth/f1tenth-ws/install/example_py:/opt/ros/foxy /usr/bin/cmake --install /home/f1tenth/f1tenth-ws/build/safety_node
[2.942s] -- Install configuration: ""
[2.942s] -- Up-to-date: /home/f1tenth/f1tenth-ws/install/safety_node/lib/safety_node/safety_node
[2.943s] -- Up-to-date: /home/f1tenth/f1tenth-ws/install/safety_node/share/safety_node/environment/pythonpath.sh
[2.943s] -- Up-to-date: /home/f1tenth/f1tenth-ws/install/safety_node/share/safety_node/environment/pythonpath.dsv
[2.944s] -- Up-to-date: /home/f1tenth/f1tenth-ws/install/safety_node/lib/python3.8/site-packages/safety_node
[2.944s] -- Up-to-date: /home/f1tenth/f1tenth-ws/install/safety_node/lib/python3.8/site-packages/safety_node/__init__.py
[2.946s] Listing '/home/f1tenth/f1tenth-ws/install/safety_node/lib/python3.8/site-packages/safety_node'...
[2.946s] -- Up-to-date: /home/f1tenth/f1tenth-ws/install/safety_node/lib/safety_node/safety_node.py
[2.947s] -- Up-to-date: /home/f1tenth/f1tenth-ws/install/safety_node/share/ament_index/resource_index/package_run_dependencies/safety_node
[2.947s] -- Up-to-date: /home/f1tenth/f1tenth-ws/install/safety_node/share/ament_index/resource_index/parent_prefix_path/safety_node
[2.947s] -- Up-to-date: /home/f1tenth/f1tenth-ws/install/safety_node/share/safety_node/environment/ament_prefix_path.sh
[2.948s] -- Up-to-date: /home/f1tenth/f1tenth-ws/install/safety_node/share/safety_node/environment/ament_prefix_path.dsv
[2.948s] -- Up-to-date: /home/f1tenth/f1tenth-ws/install/safety_node/share/safety_node/environment/path.sh
[2.949s] -- Up-to-date: /home/f1tenth/f1tenth-ws/install/safety_node/share/safety_node/environment/path.dsv
[2.949s] -- Up-to-date: /home/f1tenth/f1tenth-ws/install/safety_node/share/safety_node/local_setup.bash
[2.950s] -- Up-to-date: /home/f1tenth/f1tenth-ws/install/safety_node/share/safety_node/local_setup.sh
[2.950s] -- Up-to-date: /home/f1tenth/f1tenth-ws/install/safety_node/share/safety_node/local_setup.zsh
[2.951s] -- Up-to-date: /home/f1tenth/f1tenth-ws/install/safety_node/share/safety_node/local_setup.dsv
[2.956s] -- Installing: /home/f1tenth/f1tenth-ws/install/safety_node/share/safety_node/package.dsv
[2.958s] -- Up-to-date: /home/f1tenth/f1tenth-ws/install/safety_node/share/ament_index/resource_index/packages/safety_node
[2.959s] -- Up-to-date: /home/f1tenth/f1tenth-ws/install/safety_node/share/safety_node/cmake/safety_nodeConfig.cmake
[2.960s] -- Up-to-date: /home/f1tenth/f1tenth-ws/install/safety_node/share/safety_node/cmake/safety_nodeConfig-version.cmake
[2.961s] -- Up-to-date: /home/f1tenth/f1tenth-ws/install/safety_node/share/safety_node/package.xml
[3.709s] Invoked command in '/home/f1tenth/f1tenth-ws/build/safety_node' returned '0': CMAKE_PREFIX_PATH=${CMAKE_PREFIX_PATH}:/home/f1tenth/f1tenth-ws/install/f1tenth_stack:/home/f1tenth/f1tenth-ws/install/joy_teleop:/home/f1tenth/f1tenth-ws/install/mouse_teleop:/home/f1tenth/f1tenth-ws/install/key_teleop:/home/f1tenth/f1tenth-ws/install/example_py:/opt/ros/foxy /usr/bin/cmake --install /home/f1tenth/f1tenth-ws/build/safety_node
