[9.546s] Invoking command in '/home/f1tenth/f1tenth-ws/src/autonomous_drive/autonomous_drive': PYTHONPATH=/home/f1tenth/f1tenth-ws/build/autonomous_drive/prefix_override:/home/f1tenth/f1tenth-ws/install/autonomous_drive/lib/python3.8/site-packages:${PYTHONPATH} /usr/bin/python3 setup.py egg_info --egg-base ../../../build/autonomous_drive build --build-base /home/f1tenth/f1tenth-ws/build/autonomous_drive/build install --record /home/f1tenth/f1tenth-ws/build/autonomous_drive/install.log --install-scripts $base/lib/autonomous_drive --single-version-externally-managed
[10.743s] running egg_info
[10.746s] writing ../../../build/autonomous_drive/autonomous_drive.egg-info/PKG-INFO
[10.748s] writing dependency_links to ../../../build/autonomous_drive/autonomous_drive.egg-info/dependency_links.txt
[10.749s] writing entry points to ../../../build/autonomous_drive/autonomous_drive.egg-info/entry_points.txt
[10.750s] writing requirements to ../../../build/autonomous_drive/autonomous_drive.egg-info/requires.txt
[10.750s] writing top-level names to ../../../build/autonomous_drive/autonomous_drive.egg-info/top_level.txt
[10.891s] reading manifest file '../../../build/autonomous_drive/autonomous_drive.egg-info/SOURCES.txt'
[10.895s] writing manifest file '../../../build/autonomous_drive/autonomous_drive.egg-info/SOURCES.txt'
[10.895s] running build
[10.896s] running build_py
[10.896s] running install
[10.899s] running install_lib
[10.907s] running install_data
[10.908s] running install_egg_info
[10.913s] removing '/home/f1tenth/f1tenth-ws/install/autonomous_drive/lib/python3.8/site-packages/autonomous_drive-0.0.0-py3.8.egg-info' (and everything under it)
[10.916s] Copying ../../../build/autonomous_drive/autonomous_drive.egg-info to /home/f1tenth/f1tenth-ws/install/autonomous_drive/lib/python3.8/site-packages/autonomous_drive-0.0.0-py3.8.egg-info
[10.921s] running install_scripts
[10.991s] Installing autonomous_drive script to /home/f1tenth/f1tenth-ws/install/autonomous_drive/lib/autonomous_drive
[10.992s] writing list of installed files to '/home/f1tenth/f1tenth-ws/build/autonomous_drive/install.log'
[11.116s] Invoked command in '/home/f1tenth/f1tenth-ws/src/autonomous_drive/autonomous_drive' returned '0': PYTHONPATH=/home/f1tenth/f1tenth-ws/build/autonomous_drive/prefix_override:/home/f1tenth/f1tenth-ws/install/autonomous_drive/lib/python3.8/site-packages:${PYTHONPATH} /usr/bin/python3 setup.py egg_info --egg-base ../../../build/autonomous_drive build --build-base /home/f1tenth/f1tenth-ws/build/autonomous_drive/build install --record /home/f1tenth/f1tenth-ws/build/autonomous_drive/install.log --install-scripts $base/lib/autonomous_drive --single-version-externally-managed
