[12.206s] Invoking command in '/home/f1tenth/f1tenth-ws/src/autonomous_drive/autonomous_drive': PYTHONPATH=/home/f1tenth/f1tenth-ws/build/autonomous_drive/prefix_override:/home/f1tenth/f1tenth-ws/install/autonomous_drive/lib/python3.8/site-packages:${PYTHONPATH} /usr/bin/python3 setup.py egg_info --egg-base ../../../build/autonomous_drive build --build-base /home/f1tenth/f1tenth-ws/build/autonomous_drive/build install --record /home/f1tenth/f1tenth-ws/build/autonomous_drive/install.log --install-scripts $base/lib/autonomous_drive --single-version-externally-managed
[13.555s] running egg_info
[13.557s] writing ../../../build/autonomous_drive/autonomous_drive.egg-info/PKG-INFO
[13.559s] writing dependency_links to ../../../build/autonomous_drive/autonomous_drive.egg-info/dependency_links.txt
[13.559s] writing entry points to ../../../build/autonomous_drive/autonomous_drive.egg-info/entry_points.txt
[13.560s] writing requirements to ../../../build/autonomous_drive/autonomous_drive.egg-info/requires.txt
[13.561s] writing top-level names to ../../../build/autonomous_drive/autonomous_drive.egg-info/top_level.txt
[13.738s] reading manifest file '../../../build/autonomous_drive/autonomous_drive.egg-info/SOURCES.txt'
[13.746s] writing manifest file '../../../build/autonomous_drive/autonomous_drive.egg-info/SOURCES.txt'
[13.746s] running build
[13.747s] running build_py
[13.748s] copying autonomous_drive/autonomous_drive.py -> /home/f1tenth/f1tenth-ws/build/autonomous_drive/build/lib/autonomous_drive
[13.748s] running install
[13.752s] running install_lib
[13.758s] copying /home/f1tenth/f1tenth-ws/build/autonomous_drive/build/lib/autonomous_drive/autonomous_drive.py -> /home/f1tenth/f1tenth-ws/install/autonomous_drive/lib/python3.8/site-packages/autonomous_drive
[13.760s] byte-compiling /home/f1tenth/f1tenth-ws/install/autonomous_drive/lib/python3.8/site-packages/autonomous_drive/autonomous_drive.py to autonomous_drive.cpython-38.pyc
[13.770s] running install_data
[13.772s] running install_egg_info
[13.785s] removing '/home/f1tenth/f1tenth-ws/install/autonomous_drive/lib/python3.8/site-packages/autonomous_drive-0.0.0-py3.8.egg-info' (and everything under it)
[13.786s] Copying ../../../build/autonomous_drive/autonomous_drive.egg-info to /home/f1tenth/f1tenth-ws/install/autonomous_drive/lib/python3.8/site-packages/autonomous_drive-0.0.0-py3.8.egg-info
[13.789s] running install_scripts
[13.879s] Installing autonomous_drive script to /home/f1tenth/f1tenth-ws/install/autonomous_drive/lib/autonomous_drive
[13.886s] writing list of installed files to '/home/f1tenth/f1tenth-ws/build/autonomous_drive/install.log'
[14.223s] Invoked command in '/home/f1tenth/f1tenth-ws/src/autonomous_drive/autonomous_drive' returned '0': PYTHONPATH=/home/f1tenth/f1tenth-ws/build/autonomous_drive/prefix_override:/home/f1tenth/f1tenth-ws/install/autonomous_drive/lib/python3.8/site-packages:${PYTHONPATH} /usr/bin/python3 setup.py egg_info --egg-base ../../../build/autonomous_drive build --build-base /home/f1tenth/f1tenth-ws/build/autonomous_drive/build install --record /home/f1tenth/f1tenth-ws/build/autonomous_drive/install.log --install-scripts $base/lib/autonomous_drive --single-version-externally-managed
