[1.060s] Invoking command in '/home/f1tenth/f1tenth-ws/build/safety_node': CMAKE_PREFIX_PATH=${CMAKE_PREFIX_PATH}:/home/f1tenth/f1tenth-ws/install/waypoint_python:/home/f1tenth/f1tenth-ws/install/f1tenth_stack:/home/f1tenth/f1tenth-ws/install/joy_teleop:/home/f1tenth/f1tenth-ws/install/particle_filter:/home/f1tenth/f1tenth-ws/install/mpc:/home/f1tenth/f1tenth-ws/install/mouse_teleop:/home/f1tenth/f1tenth-ws/install/key_teleop:/home/f1tenth/f1tenth-ws/install/example_py:/home/f1tenth/f1tenth-ws/install/autonomous_drive:/opt/ros/foxy /usr/bin/cmake --build /home/f1tenth/f1tenth-ws/build/safety_node -- -j4 -l4
[1.604s] [100%] Built target safety_node
[1.702s] Invoked command in '/home/f1tenth/f1tenth-ws/build/safety_node' returned '0': CMAKE_PREFIX_PATH=${CMAKE_PREFIX_PATH}:/home/f1tenth/f1tenth-ws/install/waypoint_python:/home/f1tenth/f1tenth-ws/install/f1tenth_stack:/home/f1tenth/f1tenth-ws/install/joy_teleop:/home/f1tenth/f1tenth-ws/install/particle_filter:/home/f1tenth/f1tenth-ws/install/mpc:/home/f1tenth/f1tenth-ws/install/mouse_teleop:/home/f1tenth/f1tenth-ws/install/key_teleop:/home/f1tenth/f1tenth-ws/install/example_py:/home/f1tenth/f1tenth-ws/install/autonomous_drive:/opt/ros/foxy /usr/bin/cmake --build /home/f1tenth/f1tenth-ws/build/safety_node -- -j4 -l4
[2.015s] Invoking command in '/home/f1tenth/f1tenth-ws/build/safety_node': CMAKE_PREFIX_PATH=${CMAKE_PREFIX_PATH}:/home/f1tenth/f1tenth-ws/install/waypoint_python:/home/f1tenth/f1tenth-ws/install/f1tenth_stack:/home/f1tenth/f1tenth-ws/install/joy_teleop:/home/f1tenth/f1tenth-ws/install/particle_filter:/home/f1tenth/f1tenth-ws/install/mpc:/home/f1tenth/f1tenth-ws/install/mouse_teleop:/home/f1tenth/f1tenth-ws/install/key_teleop:/home/f1tenth/f1tenth-ws/install/example_py:/home/f1tenth/f1tenth-ws/install/autonomous_drive:/opt/ros/foxy /usr/bin/cmake --install /home/f1tenth/f1tenth-ws/build/safety_node
[2.115s] -- Install configuration: ""
[2.117s] -- Up-to-date: /home/f1tenth/f1tenth-ws/install/safety_node/lib/safety_node/safety_node
[2.118s] -- Up-to-date: /home/f1tenth/f1tenth-ws/install/safety_node/share/safety_node/environment/pythonpath.sh
[2.118s] -- Up-to-date: /home/f1tenth/f1tenth-ws/install/safety_node/share/safety_node/environment/pythonpath.dsv
[2.119s] -- Up-to-date: /home/f1tenth/f1tenth-ws/install/safety_node/lib/python3.8/site-packages/safety_node
[2.120s] -- Up-to-date: /home/f1tenth/f1tenth-ws/install/safety_node/lib/python3.8/site-packages/safety_node/__init__.py
[2.517s] Listing '/home/f1tenth/f1tenth-ws/install/safety_node/lib/python3.8/site-packages/safety_node'...
[2.540s] -- Up-to-date: /home/f1tenth/f1tenth-ws/install/safety_node/lib/safety_node/safety_node.py
[2.540s] -- Up-to-date: /home/f1tenth/f1tenth-ws/install/safety_node/share/ament_index/resource_index/package_run_dependencies/safety_node
[2.541s] -- Up-to-date: /home/f1tenth/f1tenth-ws/install/safety_node/share/ament_index/resource_index/parent_prefix_path/safety_node
[2.542s] -- Up-to-date: /home/f1tenth/f1tenth-ws/install/safety_node/share/safety_node/environment/ament_prefix_path.sh
[2.542s] -- Up-to-date: /home/f1tenth/f1tenth-ws/install/safety_node/share/safety_node/environment/ament_prefix_path.dsv
[2.543s] -- Up-to-date: /home/f1tenth/f1tenth-ws/install/safety_node/share/safety_node/environment/path.sh
[2.543s] -- Up-to-date: /home/f1tenth/f1tenth-ws/install/safety_node/share/safety_node/environment/path.dsv
[2.564s] -- Up-to-date: /home/f1tenth/f1tenth-ws/install/safety_node/share/safety_node/local_setup.bash
[2.564s] -- Up-to-date: /home/f1tenth/f1tenth-ws/install/safety_node/share/safety_node/local_setup.sh
[2.565s] -- Up-to-date: /home/f1tenth/f1tenth-ws/install/safety_node/share/safety_node/local_setup.zsh
[2.565s] -- Up-to-date: /home/f1tenth/f1tenth-ws/install/safety_node/share/safety_node/local_setup.dsv
[2.568s] -- Installing: /home/f1tenth/f1tenth-ws/install/safety_node/share/safety_node/package.dsv
[2.598s] -- Up-to-date: /home/f1tenth/f1tenth-ws/install/safety_node/share/ament_index/resource_index/packages/safety_node
[2.599s] -- Up-to-date: /home/f1tenth/f1tenth-ws/install/safety_node/share/safety_node/cmake/safety_nodeConfig.cmake
[2.599s] -- Up-to-date: /home/f1tenth/f1tenth-ws/install/safety_node/share/safety_node/cmake/safety_nodeConfig-version.cmake
[2.600s] -- Up-to-date: /home/f1tenth/f1tenth-ws/install/safety_node/share/safety_node/package.xml
[5.224s] Invoked command in '/home/f1tenth/f1tenth-ws/build/safety_node' returned '0': CMAKE_PREFIX_PATH=${CMAKE_PREFIX_PATH}:/home/f1tenth/f1tenth-ws/install/waypoint_python:/home/f1tenth/f1tenth-ws/install/f1tenth_stack:/home/f1tenth/f1tenth-ws/install/joy_teleop:/home/f1tenth/f1tenth-ws/install/particle_filter:/home/f1tenth/f1tenth-ws/install/mpc:/home/f1tenth/f1tenth-ws/install/mouse_teleop:/home/f1tenth/f1tenth-ws/install/key_teleop:/home/f1tenth/f1tenth-ws/install/example_py:/home/f1tenth/f1tenth-ws/install/autonomous_drive:/opt/ros/foxy /usr/bin/cmake --install /home/f1tenth/f1tenth-ws/build/safety_node
