[6.670s] Invoking command in '/home/f1tenth/f1tenth-ws/src/f1tenth_system/teleop_tools/key_teleop': PYTHONPATH=/home/f1tenth/f1tenth-ws/build/key_teleop/prefix_override:/home/f1tenth/f1tenth-ws/install/key_teleop/lib/python3.8/site-packages:${PYTHONPATH} /usr/bin/python3 setup.py egg_info --egg-base ../../../../build/key_teleop build --build-base /home/f1tenth/f1tenth-ws/build/key_teleop/build install --record /home/f1tenth/f1tenth-ws/build/key_teleop/install.log --install-scripts $base/lib/key_teleop --single-version-externally-managed
[7.622s] running egg_info
[7.624s] writing ../../../../build/key_teleop/key_teleop.egg-info/PKG-INFO
[7.625s] writing dependency_links to ../../../../build/key_teleop/key_teleop.egg-info/dependency_links.txt
[7.626s] writing entry points to ../../../../build/key_teleop/key_teleop.egg-info/entry_points.txt
[7.627s] writing requirements to ../../../../build/key_teleop/key_teleop.egg-info/requires.txt
[7.627s] writing top-level names to ../../../../build/key_teleop/key_teleop.egg-info/top_level.txt
[7.770s] reading manifest file '../../../../build/key_teleop/key_teleop.egg-info/SOURCES.txt'
[7.775s] writing manifest file '../../../../build/key_teleop/key_teleop.egg-info/SOURCES.txt'
[7.775s] running build
[7.777s] running build_py
[7.779s] running install
[7.779s] running install_lib
[7.785s] running install_data
[7.787s] running install_egg_info
[7.792s] removing '/home/f1tenth/f1tenth-ws/install/key_teleop/lib/python3.8/site-packages/key_teleop-0.3.0-py3.8.egg-info' (and everything under it)
[7.794s] Copying ../../../../build/key_teleop/key_teleop.egg-info to /home/f1tenth/f1tenth-ws/install/key_teleop/lib/python3.8/site-packages/key_teleop-0.3.0-py3.8.egg-info
[7.852s] running install_scripts
[7.873s] Installing key_teleop script to /home/f1tenth/f1tenth-ws/install/key_teleop/lib/key_teleop
[7.875s] writing list of installed files to '/home/f1tenth/f1tenth-ws/build/key_teleop/install.log'
[9.721s] Invoked command in '/home/f1tenth/f1tenth-ws/src/f1tenth_system/teleop_tools/key_teleop' returned '0': PYTHONPATH=/home/f1tenth/f1tenth-ws/build/key_teleop/prefix_override:/home/f1tenth/f1tenth-ws/install/key_teleop/lib/python3.8/site-packages:${PYTHONPATH} /usr/bin/python3 setup.py egg_info --egg-base ../../../../build/key_teleop build --build-base /home/f1tenth/f1tenth-ws/build/key_teleop/build install --record /home/f1tenth/f1tenth-ws/build/key_teleop/install.log --install-scripts $base/lib/key_teleop --single-version-externally-managed
