-- Found ament_cmake: 0.9.12 (/opt/ros/foxy/share/ament_cmake/cmake)
-- Using PYTHON_EXECUTABLE: /usr/bin/python3
-- Found rclcpp: 2.4.3 (/opt/ros/foxy/share/rclcpp/cmake)
-- Using all available rosidl_typesupport_c: rosidl_typesupport_fastrtps_c;rosidl_typesupport_introspection_c
-- Found rosidl_adapter: 1.3.1 (/opt/ros/foxy/share/rosidl_adapter/cmake)
-- Using all available rosidl_typesupport_cpp: rosidl_typesupport_fastrtps_cpp;rosidl_typesupport_introspection_cpp
-- Found rmw_implementation_cmake: 1.0.4 (/opt/ros/foxy/share/rmw_implementation_cmake/cmake)
-- Using RMW implementation 'rmw_fastrtps_cpp' as default
-- Found rclpy: 1.0.13 (/opt/ros/foxy/share/rclpy/cmake)
-- Found geometry_msgs: 2.0.5 (/opt/ros/foxy/share/geometry_msgs/cmake)
-- Found nav_msgs: 2.0.5 (/opt/ros/foxy/share/nav_msgs/cmake)
-- Found ackermann_msgs: 2.0.2 (/opt/ros/foxy/share/ackermann_msgs/cmake)
-- Found sensor_msgs: 2.0.5 (/opt/ros/foxy/share/sensor_msgs/cmake)
-- Found visualization_msgs: 2.0.5 (/opt/ros/foxy/share/visualization_msgs/cmake)
-- Found tf2_ros: 0.13.14 (/opt/ros/foxy/share/tf2_ros/cmake)
-- Found ament_lint_auto: 0.9.8 (/opt/ros/foxy/share/ament_lint_auto/cmake)
-- Added test 'copyright' to check source files copyright and LICENSE
-- Added test 'cppcheck' to perform static code analysis on C / C++ code
-- Configured cppcheck include dirs: /home/jim/sim_ws/src/f1tenth_mpc-main/mpc/include
-- Configured cppcheck exclude dirs and/or files: 
-- Added test 'cpplint' to check C / C++ code against the Google style
-- Configured cpplint exclude dirs and/or files: 
-- Added test 'flake8' to check Python code syntax and style conventions
-- Added test 'lint_cmake' to check CMake code style
-- Added test 'pep257' to check Python code against some of the style conventions in PEP 257
-- Added test 'uncrustify' to check C / C++ code style
-- Configured uncrustify additional arguments: 
-- Added test 'xmllint' to check XML markup files
-- Configuring done
-- Generating done
-- Build files have been written to: /home/jim/sim_ws/build/mpc
[100%] Built target mpc_node
-- Install configuration: ""
-- Up-to-date: /home/jim/sim_ws/install/mpc/lib/mpc/mpc_node
-- Up-to-date: /home/jim/sim_ws/install/mpc/share/mpc/environment/pythonpath.sh
-- Installing: /home/jim/sim_ws/install/mpc/share/mpc/environment/pythonpath.dsv
-- Up-to-date: /home/jim/sim_ws/install/mpc/lib/python3.8/site-packages/mpc
-- Up-to-date: /home/jim/sim_ws/install/mpc/lib/python3.8/site-packages/mpc/__init__.py
Listing '/home/jim/sim_ws/install/mpc/lib/python3.8/site-packages/mpc'...
-- Up-to-date: /home/jim/sim_ws/install/mpc/lib/mpc/mpc_node.py
-- Up-to-date: /home/jim/sim_ws/install/mpc/lib/mpc/utils.py
-- Up-to-date: /home/jim/sim_ws/install/mpc/lib/mpc/waypoint_spline.py
-- Up-to-date: /home/jim/sim_ws/install/mpc/share/mpc//launch
-- Up-to-date: /home/jim/sim_ws/install/mpc/share/mpc//launch/sim_mpc_launch.py
-- Up-to-date: /home/jim/sim_ws/install/mpc/share/mpc//waypoints
-- Up-to-date: /home/jim/sim_ws/install/mpc/share/mpc//waypoints/waypoints_sim_interpolated.csv
-- Up-to-date: /home/jim/sim_ws/install/mpc/share/mpc//waypoints/waypoints1.csv
-- Up-to-date: /home/jim/sim_ws/install/mpc/share/mpc//waypoints/waypoints_sim_interpolated_200.csv
-- Up-to-date: /home/jim/sim_ws/install/mpc/share/mpc//waypoints/waypoints_sim.csv
-- Up-to-date: /home/jim/sim_ws/install/mpc/share/mpc//waypoints/waypoints_mpc.csv
-- Up-to-date: /home/jim/sim_ws/install/mpc/share/mpc//waypoints/waypoints_sim_interpolated_100.csv
-- Up-to-date: /home/jim/sim_ws/install/mpc/share/mpc//waypoints/waypoints_drive.csv
-- Up-to-date: /home/jim/sim_ws/install/mpc/share/ament_index/resource_index/package_run_dependencies/mpc
-- Up-to-date: /home/jim/sim_ws/install/mpc/share/ament_index/resource_index/parent_prefix_path/mpc
-- Up-to-date: /home/jim/sim_ws/install/mpc/share/mpc/environment/ament_prefix_path.sh
-- Installing: /home/jim/sim_ws/install/mpc/share/mpc/environment/ament_prefix_path.dsv
-- Up-to-date: /home/jim/sim_ws/install/mpc/share/mpc/environment/path.sh
-- Installing: /home/jim/sim_ws/install/mpc/share/mpc/environment/path.dsv
-- Up-to-date: /home/jim/sim_ws/install/mpc/share/mpc/local_setup.bash
-- Up-to-date: /home/jim/sim_ws/install/mpc/share/mpc/local_setup.sh
-- Up-to-date: /home/jim/sim_ws/install/mpc/share/mpc/local_setup.zsh
-- Installing: /home/jim/sim_ws/install/mpc/share/mpc/local_setup.dsv
-- Installing: /home/jim/sim_ws/install/mpc/share/mpc/package.dsv
-- Up-to-date: /home/jim/sim_ws/install/mpc/share/ament_index/resource_index/packages/mpc
-- Up-to-date: /home/jim/sim_ws/install/mpc/share/mpc/cmake/mpcConfig.cmake
-- Up-to-date: /home/jim/sim_ws/install/mpc/share/mpc/cmake/mpcConfig-version.cmake
-- Up-to-date: /home/jim/sim_ws/install/mpc/share/mpc/package.xml
