[2.828s] DEBUG:colcon:Command line arguments: ['/usr/bin/colcon', 'build']
[2.828s] DEBUG:colcon:Parsed command line arguments: Namespace(allow_overriding=[], ament_cmake_args=None, base_paths=['.'], build_base='build', catkin_cmake_args=None, catkin_skip_building_tests=False, cmake_args=None, cmake_clean_cache=False, cmake_clean_first=False, cmake_force_configure=False, cmake_target=None, cmake_target_skip_unavailable=False, continue_on_error=False, event_handlers=None, executor='parallel', ignore_user_meta=False, install_base='install', log_base=None, log_level=None, main=<bound method BuildVerb.main of <colcon_core.verb.build.BuildVerb object at 0x7f2f0e46e940>>, merge_install=False, metas=['./colcon.meta'], packages_above=None, packages_above_and_dependencies=None, packages_above_depth=None, packages_end=None, packages_ignore=None, packages_ignore_regex=None, packages_select=None, packages_select_build_failed=False, packages_select_by_dep=None, packages_select_regex=None, packages_select_test_failures=False, packages_skip=None, packages_skip_build_finished=False, packages_skip_by_dep=None, packages_skip_regex=None, packages_skip_test_passed=False, packages_skip_up_to=None, packages_start=None, packages_up_to=None, packages_up_to_regex=None, parallel_workers=8, paths=None, symlink_install=False, test_result_base=None, verb_extension=<colcon_core.verb.build.BuildVerb object at 0x7f2f0e46e940>, verb_name='build', verb_parser=<colcon_defaults.argument_parser.defaults.DefaultArgumentsDecorator object at 0x7f2f0e3aa6d0>)
[2.946s] Level 1:colcon.colcon_core.package_discovery:discover_packages(colcon_meta) check parameters
[2.946s] Level 1:colcon.colcon_core.package_discovery:discover_packages(recursive) check parameters
[2.946s] Level 1:colcon.colcon_core.package_discovery:discover_packages(ignore) check parameters
[2.946s] Level 1:colcon.colcon_core.package_discovery:discover_packages(path) check parameters
[2.946s] Level 1:colcon.colcon_core.package_discovery:discover_packages(colcon_meta) discover
[2.946s] Level 1:colcon.colcon_core.package_discovery:discover_packages(recursive) discover
[2.946s] INFO:colcon.colcon_core.package_discovery:Crawling recursively for packages in '/home/william/sim_ws'
[2.946s] Level 1:colcon.colcon_core.package_identification:_identify(.) by extensions ['ignore', 'ignore_ament_install']
[2.946s] Level 1:colcon.colcon_core.package_identification:_identify(.) by extension 'ignore'
[2.946s] Level 1:colcon.colcon_core.package_identification:_identify(.) by extension 'ignore_ament_install'
[2.946s] Level 1:colcon.colcon_core.package_identification:_identify(.) by extensions ['colcon_pkg']
[2.946s] Level 1:colcon.colcon_core.package_identification:_identify(.) by extension 'colcon_pkg'
[2.946s] Level 1:colcon.colcon_core.package_identification:_identify(.) by extensions ['colcon_meta']
[2.946s] Level 1:colcon.colcon_core.package_identification:_identify(.) by extension 'colcon_meta'
[2.946s] Level 1:colcon.colcon_core.package_identification:_identify(.) by extensions ['ros']
[2.946s] Level 1:colcon.colcon_core.package_identification:_identify(.) by extension 'ros'
[2.956s] Level 1:colcon.colcon_core.package_identification:_identify(.) by extensions ['cmake', 'python']
[2.956s] Level 1:colcon.colcon_core.package_identification:_identify(.) by extension 'cmake'
[2.956s] Level 1:colcon.colcon_core.package_identification:_identify(.) by extension 'python'
[2.956s] Level 1:colcon.colcon_core.package_identification:_identify(.) by extensions ['python_setup_py']
[2.956s] Level 1:colcon.colcon_core.package_identification:_identify(.) by extension 'python_setup_py'
[2.956s] Level 1:colcon.colcon_core.package_identification:_identify(build) by extensions ['ignore', 'ignore_ament_install']
[2.956s] Level 1:colcon.colcon_core.package_identification:_identify(build) by extension 'ignore'
[2.956s] Level 1:colcon.colcon_core.package_identification:_identify(build) ignored
[2.957s] Level 1:colcon.colcon_core.package_identification:_identify(install) by extensions ['ignore', 'ignore_ament_install']
[2.957s] Level 1:colcon.colcon_core.package_identification:_identify(install) by extension 'ignore'
[2.957s] Level 1:colcon.colcon_core.package_identification:_identify(install) ignored
[2.957s] Level 1:colcon.colcon_core.package_identification:_identify(log) by extensions ['ignore', 'ignore_ament_install']
[2.957s] Level 1:colcon.colcon_core.package_identification:_identify(log) by extension 'ignore'
[2.957s] Level 1:colcon.colcon_core.package_identification:_identify(log) ignored
[2.957s] Level 1:colcon.colcon_core.package_identification:_identify(src) by extensions ['ignore', 'ignore_ament_install']
[2.957s] Level 1:colcon.colcon_core.package_identification:_identify(src) by extension 'ignore'
[2.957s] Level 1:colcon.colcon_core.package_identification:_identify(src) by extension 'ignore_ament_install'
[2.957s] Level 1:colcon.colcon_core.package_identification:_identify(src) by extensions ['colcon_pkg']
[2.957s] Level 1:colcon.colcon_core.package_identification:_identify(src) by extension 'colcon_pkg'
[2.957s] Level 1:colcon.colcon_core.package_identification:_identify(src) by extensions ['colcon_meta']
[2.957s] Level 1:colcon.colcon_core.package_identification:_identify(src) by extension 'colcon_meta'
[2.957s] Level 1:colcon.colcon_core.package_identification:_identify(src) by extensions ['ros']
[2.957s] Level 1:colcon.colcon_core.package_identification:_identify(src) by extension 'ros'
[2.957s] Level 1:colcon.colcon_core.package_identification:_identify(src) by extensions ['cmake', 'python']
[2.958s] Level 1:colcon.colcon_core.package_identification:_identify(src) by extension 'cmake'
[2.958s] Level 1:colcon.colcon_core.package_identification:_identify(src) by extension 'python'
[2.958s] Level 1:colcon.colcon_core.package_identification:_identify(src) by extensions ['python_setup_py']
[2.958s] Level 1:colcon.colcon_core.package_identification:_identify(src) by extension 'python_setup_py'
[2.958s] Level 1:colcon.colcon_core.package_identification:_identify(src/f1tenth_gym_ros) by extensions ['ignore', 'ignore_ament_install']
[2.958s] Level 1:colcon.colcon_core.package_identification:_identify(src/f1tenth_gym_ros) by extension 'ignore'
[2.958s] Level 1:colcon.colcon_core.package_identification:_identify(src/f1tenth_gym_ros) by extension 'ignore_ament_install'
[2.958s] Level 1:colcon.colcon_core.package_identification:_identify(src/f1tenth_gym_ros) by extensions ['colcon_pkg']
[2.958s] Level 1:colcon.colcon_core.package_identification:_identify(src/f1tenth_gym_ros) by extension 'colcon_pkg'
[2.958s] Level 1:colcon.colcon_core.package_identification:_identify(src/f1tenth_gym_ros) by extensions ['colcon_meta']
[2.958s] Level 1:colcon.colcon_core.package_identification:_identify(src/f1tenth_gym_ros) by extension 'colcon_meta'
[2.958s] Level 1:colcon.colcon_core.package_identification:_identify(src/f1tenth_gym_ros) by extensions ['ros']
[2.958s] Level 1:colcon.colcon_core.package_identification:_identify(src/f1tenth_gym_ros) by extension 'ros'
[2.960s] DEBUG:colcon.colcon_core.package_identification:Package 'src/f1tenth_gym_ros' with type 'ros.ament_python' and name 'f1tenth_gym_ros'
[2.961s] Level 1:colcon.colcon_core.package_identification:_identify(src/f1tenth_mpc-main) by extensions ['ignore', 'ignore_ament_install']
[2.961s] Level 1:colcon.colcon_core.package_identification:_identify(src/f1tenth_mpc-main) by extension 'ignore'
[2.961s] Level 1:colcon.colcon_core.package_identification:_identify(src/f1tenth_mpc-main) by extension 'ignore_ament_install'
[2.961s] Level 1:colcon.colcon_core.package_identification:_identify(src/f1tenth_mpc-main) by extensions ['colcon_pkg']
[2.961s] Level 1:colcon.colcon_core.package_identification:_identify(src/f1tenth_mpc-main) by extension 'colcon_pkg'
[2.961s] Level 1:colcon.colcon_core.package_identification:_identify(src/f1tenth_mpc-main) by extensions ['colcon_meta']
[2.961s] Level 1:colcon.colcon_core.package_identification:_identify(src/f1tenth_mpc-main) by extension 'colcon_meta'
[2.961s] Level 1:colcon.colcon_core.package_identification:_identify(src/f1tenth_mpc-main) by extensions ['ros']
[2.961s] Level 1:colcon.colcon_core.package_identification:_identify(src/f1tenth_mpc-main) by extension 'ros'
[2.961s] Level 1:colcon.colcon_core.package_identification:_identify(src/f1tenth_mpc-main) by extensions ['cmake', 'python']
[2.961s] Level 1:colcon.colcon_core.package_identification:_identify(src/f1tenth_mpc-main) by extension 'cmake'
[2.961s] Level 1:colcon.colcon_core.package_identification:_identify(src/f1tenth_mpc-main) by extension 'python'
[2.961s] Level 1:colcon.colcon_core.package_identification:_identify(src/f1tenth_mpc-main) by extensions ['python_setup_py']
[2.961s] Level 1:colcon.colcon_core.package_identification:_identify(src/f1tenth_mpc-main) by extension 'python_setup_py'
[2.961s] Level 1:colcon.colcon_core.package_identification:_identify(src/f1tenth_mpc-main/mpc) by extensions ['ignore', 'ignore_ament_install']
[2.962s] Level 1:colcon.colcon_core.package_identification:_identify(src/f1tenth_mpc-main/mpc) by extension 'ignore'
[2.962s] Level 1:colcon.colcon_core.package_identification:_identify(src/f1tenth_mpc-main/mpc) by extension 'ignore_ament_install'
[2.962s] Level 1:colcon.colcon_core.package_identification:_identify(src/f1tenth_mpc-main/mpc) by extensions ['colcon_pkg']
[2.962s] Level 1:colcon.colcon_core.package_identification:_identify(src/f1tenth_mpc-main/mpc) by extension 'colcon_pkg'
[2.962s] Level 1:colcon.colcon_core.package_identification:_identify(src/f1tenth_mpc-main/mpc) by extensions ['colcon_meta']
[2.962s] Level 1:colcon.colcon_core.package_identification:_identify(src/f1tenth_mpc-main/mpc) by extension 'colcon_meta'
[2.962s] Level 1:colcon.colcon_core.package_identification:_identify(src/f1tenth_mpc-main/mpc) by extensions ['ros']
[2.962s] Level 1:colcon.colcon_core.package_identification:_identify(src/f1tenth_mpc-main/mpc) by extension 'ros'
[2.963s] DEBUG:colcon.colcon_core.package_identification:Package 'src/f1tenth_mpc-main/mpc' with type 'ros.ament_cmake' and name 'mpc'
[2.963s] Level 1:colcon.colcon_core.package_identification:_identify(src/particle_filter) by extensions ['ignore', 'ignore_ament_install']
[2.963s] Level 1:colcon.colcon_core.package_identification:_identify(src/particle_filter) by extension 'ignore'
[2.963s] Level 1:colcon.colcon_core.package_identification:_identify(src/particle_filter) by extension 'ignore_ament_install'
[2.964s] Level 1:colcon.colcon_core.package_identification:_identify(src/particle_filter) by extensions ['colcon_pkg']
[2.964s] Level 1:colcon.colcon_core.package_identification:_identify(src/particle_filter) by extension 'colcon_pkg'
[2.964s] Level 1:colcon.colcon_core.package_identification:_identify(src/particle_filter) by extensions ['colcon_meta']
[2.964s] Level 1:colcon.colcon_core.package_identification:_identify(src/particle_filter) by extension 'colcon_meta'
[2.964s] Level 1:colcon.colcon_core.package_identification:_identify(src/particle_filter) by extensions ['ros']
[2.964s] Level 1:colcon.colcon_core.package_identification:_identify(src/particle_filter) by extension 'ros'
[2.965s] DEBUG:colcon.colcon_core.package_identification:Package 'src/particle_filter' with type 'ros.ament_python' and name 'particle_filter'
[2.965s] Level 1:colcon.colcon_core.package_identification:_identify(src/pure_pursuit) by extensions ['ignore', 'ignore_ament_install']
[2.965s] Level 1:colcon.colcon_core.package_identification:_identify(src/pure_pursuit) by extension 'ignore'
[2.965s] Level 1:colcon.colcon_core.package_identification:_identify(src/pure_pursuit) by extension 'ignore_ament_install'
[2.965s] Level 1:colcon.colcon_core.package_identification:_identify(src/pure_pursuit) by extensions ['colcon_pkg']
[2.965s] Level 1:colcon.colcon_core.package_identification:_identify(src/pure_pursuit) by extension 'colcon_pkg'
[2.965s] Level 1:colcon.colcon_core.package_identification:_identify(src/pure_pursuit) by extensions ['colcon_meta']
[2.966s] Level 1:colcon.colcon_core.package_identification:_identify(src/pure_pursuit) by extension 'colcon_meta'
[2.966s] Level 1:colcon.colcon_core.package_identification:_identify(src/pure_pursuit) by extensions ['ros']
[2.966s] Level 1:colcon.colcon_core.package_identification:_identify(src/pure_pursuit) by extension 'ros'
[2.967s] DEBUG:colcon.colcon_core.package_identification:Package 'src/pure_pursuit' with type 'ros.ament_cmake' and name 'pure_pursuit'
[2.967s] Level 1:colcon.colcon_core.package_identification:_identify(src/range_libc) by extensions ['ignore', 'ignore_ament_install']
[2.967s] Level 1:colcon.colcon_core.package_identification:_identify(src/range_libc) by extension 'ignore'
[2.967s] Level 1:colcon.colcon_core.package_identification:_identify(src/range_libc) by extension 'ignore_ament_install'
[2.967s] Level 1:colcon.colcon_core.package_identification:_identify(src/range_libc) by extensions ['colcon_pkg']
[2.967s] Level 1:colcon.colcon_core.package_identification:_identify(src/range_libc) by extension 'colcon_pkg'
[2.967s] Level 1:colcon.colcon_core.package_identification:_identify(src/range_libc) by extensions ['colcon_meta']
[2.967s] Level 1:colcon.colcon_core.package_identification:_identify(src/range_libc) by extension 'colcon_meta'
[2.967s] Level 1:colcon.colcon_core.package_identification:_identify(src/range_libc) by extensions ['ros']
[2.967s] Level 1:colcon.colcon_core.package_identification:_identify(src/range_libc) by extension 'ros'
[2.967s] Level 1:colcon.colcon_core.package_identification:_identify(src/range_libc) by extensions ['cmake', 'python']
[2.967s] Level 1:colcon.colcon_core.package_identification:_identify(src/range_libc) by extension 'cmake'
[2.973s] Level 1:colcon.colcon_core.package_identification:_identify(src/range_libc) by extension 'python'
[2.973s] DEBUG:colcon.colcon_core.package_identification:Package 'src/range_libc' with type 'cmake' and name 'range_lib'
[2.973s] Level 1:colcon.colcon_core.package_discovery:discover_packages(recursive) using defaults
[2.973s] Level 1:colcon.colcon_core.package_discovery:discover_packages(ignore) discover
[2.974s] Level 1:colcon.colcon_core.package_discovery:discover_packages(ignore) using defaults
[2.974s] Level 1:colcon.colcon_core.package_discovery:discover_packages(path) discover
[2.974s] Level 1:colcon.colcon_core.package_discovery:discover_packages(path) using defaults
[3.233s] Level 1:colcon.colcon_core.package_discovery:discover_packages(prefix_path) check parameters
[3.233s] Level 1:colcon.colcon_core.package_discovery:discover_packages(prefix_path) discover
[3.335s] DEBUG:colcon.colcon_installed_package_information.package_discovery:Found 5 installed packages in /home/william/sim_ws/install
[3.395s] DEBUG:colcon.colcon_installed_package_information.package_discovery:Found 306 installed packages in /opt/ros/foxy
[3.396s] Level 1:colcon.colcon_core.package_discovery:discover_packages(prefix_path) using defaults
[3.598s] Level 5:colcon.colcon_core.verb:set package 'f1tenth_gym_ros' build argument 'cmake_args' from command line to 'None'
[3.599s] Level 5:colcon.colcon_core.verb:set package 'f1tenth_gym_ros' build argument 'cmake_target' from command line to 'None'
[3.599s] Level 5:colcon.colcon_core.verb:set package 'f1tenth_gym_ros' build argument 'cmake_target_skip_unavailable' from command line to 'False'
[3.599s] Level 5:colcon.colcon_core.verb:set package 'f1tenth_gym_ros' build argument 'cmake_clean_cache' from command line to 'False'
[3.599s] Level 5:colcon.colcon_core.verb:set package 'f1tenth_gym_ros' build argument 'cmake_clean_first' from command line to 'False'
[3.599s] Level 5:colcon.colcon_core.verb:set package 'f1tenth_gym_ros' build argument 'cmake_force_configure' from command line to 'False'
[3.599s] Level 5:colcon.colcon_core.verb:set package 'f1tenth_gym_ros' build argument 'ament_cmake_args' from command line to 'None'
[3.599s] Level 5:colcon.colcon_core.verb:set package 'f1tenth_gym_ros' build argument 'catkin_cmake_args' from command line to 'None'
[3.599s] Level 5:colcon.colcon_core.verb:set package 'f1tenth_gym_ros' build argument 'catkin_skip_building_tests' from command line to 'False'
[3.599s] DEBUG:colcon.colcon_core.verb:Building package 'f1tenth_gym_ros' with the following arguments: {'ament_cmake_args': None, 'build_base': '/home/william/sim_ws/build/f1tenth_gym_ros', 'catkin_cmake_args': None, 'catkin_skip_building_tests': False, 'cmake_args': None, 'cmake_clean_cache': False, 'cmake_clean_first': False, 'cmake_force_configure': False, 'cmake_target': None, 'cmake_target_skip_unavailable': False, 'install_base': '/home/william/sim_ws/install/f1tenth_gym_ros', 'merge_install': False, 'path': '/home/william/sim_ws/src/f1tenth_gym_ros', 'symlink_install': False, 'test_result_base': None}
[3.649s] Level 5:colcon.colcon_core.verb:set package 'mpc' build argument 'cmake_args' from command line to 'None'
[3.649s] Level 5:colcon.colcon_core.verb:set package 'mpc' build argument 'cmake_target' from command line to 'None'
[3.649s] Level 5:colcon.colcon_core.verb:set package 'mpc' build argument 'cmake_target_skip_unavailable' from command line to 'False'
[3.649s] Level 5:colcon.colcon_core.verb:set package 'mpc' build argument 'cmake_clean_cache' from command line to 'False'
[3.649s] Level 5:colcon.colcon_core.verb:set package 'mpc' build argument 'cmake_clean_first' from command line to 'False'
[3.649s] Level 5:colcon.colcon_core.verb:set package 'mpc' build argument 'cmake_force_configure' from command line to 'False'
[3.649s] Level 5:colcon.colcon_core.verb:set package 'mpc' build argument 'ament_cmake_args' from command line to 'None'
[3.649s] Level 5:colcon.colcon_core.verb:set package 'mpc' build argument 'catkin_cmake_args' from command line to 'None'
[3.649s] Level 5:colcon.colcon_core.verb:set package 'mpc' build argument 'catkin_skip_building_tests' from command line to 'False'
[3.649s] DEBUG:colcon.colcon_core.verb:Building package 'mpc' with the following arguments: {'ament_cmake_args': None, 'build_base': '/home/william/sim_ws/build/mpc', 'catkin_cmake_args': None, 'catkin_skip_building_tests': False, 'cmake_args': None, 'cmake_clean_cache': False, 'cmake_clean_first': False, 'cmake_force_configure': False, 'cmake_target': None, 'cmake_target_skip_unavailable': False, 'install_base': '/home/william/sim_ws/install/mpc', 'merge_install': False, 'path': '/home/william/sim_ws/src/f1tenth_mpc-main/mpc', 'symlink_install': False, 'test_result_base': None}
[3.717s] Level 5:colcon.colcon_core.verb:set package 'particle_filter' build argument 'cmake_args' from command line to 'None'
[3.717s] Level 5:colcon.colcon_core.verb:set package 'particle_filter' build argument 'cmake_target' from command line to 'None'
[3.717s] Level 5:colcon.colcon_core.verb:set package 'particle_filter' build argument 'cmake_target_skip_unavailable' from command line to 'False'
[3.717s] Level 5:colcon.colcon_core.verb:set package 'particle_filter' build argument 'cmake_clean_cache' from command line to 'False'
[3.717s] Level 5:colcon.colcon_core.verb:set package 'particle_filter' build argument 'cmake_clean_first' from command line to 'False'
[3.717s] Level 5:colcon.colcon_core.verb:set package 'particle_filter' build argument 'cmake_force_configure' from command line to 'False'
[3.717s] Level 5:colcon.colcon_core.verb:set package 'particle_filter' build argument 'ament_cmake_args' from command line to 'None'
[3.717s] Level 5:colcon.colcon_core.verb:set package 'particle_filter' build argument 'catkin_cmake_args' from command line to 'None'
[3.717s] Level 5:colcon.colcon_core.verb:set package 'particle_filter' build argument 'catkin_skip_building_tests' from command line to 'False'
[3.717s] DEBUG:colcon.colcon_core.verb:Building package 'particle_filter' with the following arguments: {'ament_cmake_args': None, 'build_base': '/home/william/sim_ws/build/particle_filter', 'catkin_cmake_args': None, 'catkin_skip_building_tests': False, 'cmake_args': None, 'cmake_clean_cache': False, 'cmake_clean_first': False, 'cmake_force_configure': False, 'cmake_target': None, 'cmake_target_skip_unavailable': False, 'install_base': '/home/william/sim_ws/install/particle_filter', 'merge_install': False, 'path': '/home/william/sim_ws/src/particle_filter', 'symlink_install': False, 'test_result_base': None}
[3.766s] Level 5:colcon.colcon_core.verb:set package 'pure_pursuit' build argument 'cmake_args' from command line to 'None'
[3.766s] Level 5:colcon.colcon_core.verb:set package 'pure_pursuit' build argument 'cmake_target' from command line to 'None'
[3.766s] Level 5:colcon.colcon_core.verb:set package 'pure_pursuit' build argument 'cmake_target_skip_unavailable' from command line to 'False'
[3.766s] Level 5:colcon.colcon_core.verb:set package 'pure_pursuit' build argument 'cmake_clean_cache' from command line to 'False'
[3.766s] Level 5:colcon.colcon_core.verb:set package 'pure_pursuit' build argument 'cmake_clean_first' from command line to 'False'
[3.766s] Level 5:colcon.colcon_core.verb:set package 'pure_pursuit' build argument 'cmake_force_configure' from command line to 'False'
[3.766s] Level 5:colcon.colcon_core.verb:set package 'pure_pursuit' build argument 'ament_cmake_args' from command line to 'None'
[3.766s] Level 5:colcon.colcon_core.verb:set package 'pure_pursuit' build argument 'catkin_cmake_args' from command line to 'None'
[3.766s] Level 5:colcon.colcon_core.verb:set package 'pure_pursuit' build argument 'catkin_skip_building_tests' from command line to 'False'
[3.766s] DEBUG:colcon.colcon_core.verb:Building package 'pure_pursuit' with the following arguments: {'ament_cmake_args': None, 'build_base': '/home/william/sim_ws/build/pure_pursuit', 'catkin_cmake_args': None, 'catkin_skip_building_tests': False, 'cmake_args': None, 'cmake_clean_cache': False, 'cmake_clean_first': False, 'cmake_force_configure': False, 'cmake_target': None, 'cmake_target_skip_unavailable': False, 'install_base': '/home/william/sim_ws/install/pure_pursuit', 'merge_install': False, 'path': '/home/william/sim_ws/src/pure_pursuit', 'symlink_install': False, 'test_result_base': None}
[3.814s] Level 5:colcon.colcon_core.verb:set package 'range_lib' build argument 'cmake_args' from command line to 'None'
[3.814s] Level 5:colcon.colcon_core.verb:set package 'range_lib' build argument 'cmake_target' from command line to 'None'
[3.814s] Level 5:colcon.colcon_core.verb:set package 'range_lib' build argument 'cmake_target_skip_unavailable' from command line to 'False'
[3.814s] Level 5:colcon.colcon_core.verb:set package 'range_lib' build argument 'cmake_clean_cache' from command line to 'False'
[3.814s] Level 5:colcon.colcon_core.verb:set package 'range_lib' build argument 'cmake_clean_first' from command line to 'False'
[3.814s] Level 5:colcon.colcon_core.verb:set package 'range_lib' build argument 'cmake_force_configure' from command line to 'False'
[3.814s] Level 5:colcon.colcon_core.verb:set package 'range_lib' build argument 'ament_cmake_args' from command line to 'None'
[3.814s] Level 5:colcon.colcon_core.verb:set package 'range_lib' build argument 'catkin_cmake_args' from command line to 'None'
[3.814s] Level 5:colcon.colcon_core.verb:set package 'range_lib' build argument 'catkin_skip_building_tests' from command line to 'False'
[3.814s] DEBUG:colcon.colcon_core.verb:Building package 'range_lib' with the following arguments: {'ament_cmake_args': None, 'build_base': '/home/william/sim_ws/build/range_lib', 'catkin_cmake_args': None, 'catkin_skip_building_tests': False, 'cmake_args': None, 'cmake_clean_cache': False, 'cmake_clean_first': False, 'cmake_force_configure': False, 'cmake_target': None, 'cmake_target_skip_unavailable': False, 'install_base': '/home/william/sim_ws/install/range_lib', 'merge_install': False, 'path': '/home/william/sim_ws/src/range_libc', 'symlink_install': False, 'test_result_base': None}
[3.861s] INFO:colcon.colcon_core.executor:Executing jobs using 'parallel' executor
[3.910s] DEBUG:colcon.colcon_parallel_executor.executor.parallel:run_until_complete
[3.910s] INFO:colcon.colcon_ros.task.ament_python.build:Building ROS package in '/home/william/sim_ws/src/f1tenth_gym_ros' with build type 'ament_python'
[3.910s] Level 1:colcon.colcon_core.shell:create_environment_hook('f1tenth_gym_ros', 'ament_prefix_path')
[3.964s] INFO:colcon.colcon_core.plugin_system:Skipping extension 'colcon_core.shell.bat': Not used on non-Windows systems
[3.965s] INFO:colcon.colcon_core.shell:Creating environment hook '/home/william/sim_ws/install/f1tenth_gym_ros/share/f1tenth_gym_ros/hook/ament_prefix_path.ps1'
[3.965s] INFO:colcon.colcon_core.shell:Creating environment descriptor '/home/william/sim_ws/install/f1tenth_gym_ros/share/f1tenth_gym_ros/hook/ament_prefix_path.dsv'
[3.965s] INFO:colcon.colcon_core.shell:Creating environment hook '/home/william/sim_ws/install/f1tenth_gym_ros/share/f1tenth_gym_ros/hook/ament_prefix_path.sh'
[4.026s] INFO:colcon.colcon_core.shell:Skip shell extension 'powershell' for command environment: Not usable outside of PowerShell
[4.026s] DEBUG:colcon.colcon_core.shell:Skip shell extension 'dsv' for command environment
[4.185s] INFO:colcon.colcon_ros.task.ament_cmake.build:Building ROS package in '/home/william/sim_ws/src/f1tenth_mpc-main/mpc' with build type 'ament_cmake'
[4.185s] INFO:colcon.colcon_cmake.task.cmake.build:Building CMake package in '/home/william/sim_ws/src/f1tenth_mpc-main/mpc'
[4.240s] INFO:colcon.colcon_core.shell:Skip shell extension 'powershell' for command environment: Not usable outside of PowerShell
[4.240s] DEBUG:colcon.colcon_core.shell:Skip shell extension 'dsv' for command environment
[4.394s] INFO:colcon.colcon_ros.task.ament_python.build:Building ROS package in '/home/william/sim_ws/src/particle_filter' with build type 'ament_python'
[4.394s] Level 1:colcon.colcon_core.shell:create_environment_hook('particle_filter', 'ament_prefix_path')
[4.450s] INFO:colcon.colcon_core.shell:Creating environment hook '/home/william/sim_ws/install/particle_filter/share/particle_filter/hook/ament_prefix_path.ps1'
[4.451s] INFO:colcon.colcon_core.shell:Creating environment descriptor '/home/william/sim_ws/install/particle_filter/share/particle_filter/hook/ament_prefix_path.dsv'
[4.451s] INFO:colcon.colcon_core.shell:Creating environment hook '/home/william/sim_ws/install/particle_filter/share/particle_filter/hook/ament_prefix_path.sh'
[4.500s] INFO:colcon.colcon_core.shell:Skip shell extension 'powershell' for command environment: Not usable outside of PowerShell
[4.500s] DEBUG:colcon.colcon_core.shell:Skip shell extension 'dsv' for command environment
[4.654s] INFO:colcon.colcon_ros.task.ament_cmake.build:Building ROS package in '/home/william/sim_ws/src/pure_pursuit' with build type 'ament_cmake'
[4.655s] INFO:colcon.colcon_cmake.task.cmake.build:Building CMake package in '/home/william/sim_ws/src/pure_pursuit'
[4.719s] INFO:colcon.colcon_core.shell:Skip shell extension 'powershell' for command environment: Not usable outside of PowerShell
[4.719s] DEBUG:colcon.colcon_core.shell:Skip shell extension 'dsv' for command environment
[4.874s] INFO:colcon.colcon_cmake.task.cmake.build:Building CMake package in '/home/william/sim_ws/src/range_libc'
[4.925s] INFO:colcon.colcon_core.shell:Skip shell extension 'powershell' for command environment: Not usable outside of PowerShell
[4.925s] DEBUG:colcon.colcon_core.shell:Skip shell extension 'dsv' for command environment
[5.335s] INFO:colcon.colcon_core.task.python.build:Building Python package in '/home/william/sim_ws/src/f1tenth_gym_ros'
[5.387s] INFO:colcon.colcon_core.shell:Skip shell extension 'powershell' for command environment: Not usable outside of PowerShell
[5.387s] DEBUG:colcon.colcon_core.shell:Skip shell extension 'dsv' for command environment
[5.544s] DEBUG:colcon.colcon_core.event_handler.log_command:Invoking command in '/home/william/sim_ws/build/mpc': CMAKE_PREFIX_PATH=${CMAKE_PREFIX_PATH}:/home/william/sim_ws/install/particle_filter:/home/william/sim_ws/install/f1tenth_gym_ros:/opt/ros/foxy /usr/bin/cmake --build /home/william/sim_ws/build/mpc -- -j8 -l8
[5.804s] INFO:colcon.colcon_core.task.python.build:Building Python package in '/home/william/sim_ws/src/particle_filter'
[5.858s] INFO:colcon.colcon_core.shell:Skip shell extension 'powershell' for command environment: Not usable outside of PowerShell
[5.858s] DEBUG:colcon.colcon_core.shell:Skip shell extension 'dsv' for command environment
[6.020s] DEBUG:colcon.colcon_core.event_handler.log_command:Invoking command in '/home/william/sim_ws/build/pure_pursuit': CMAKE_PREFIX_PATH=${CMAKE_PREFIX_PATH}:/home/william/sim_ws/install/particle_filter:/home/william/sim_ws/install/f1tenth_gym_ros:/opt/ros/foxy /usr/bin/cmake --build /home/william/sim_ws/build/pure_pursuit -- -j8 -l8
[6.026s] DEBUG:colcon.colcon_core.event_handler.log_command:Invoking command in '/home/william/sim_ws/build/range_lib': /usr/bin/cmake --build /home/william/sim_ws/build/range_lib -- -j8 -l8
[6.029s] DEBUG:colcon.colcon_core.event_handler.log_command:Invoked command in '/home/william/sim_ws/build/mpc' returned '0': CMAKE_PREFIX_PATH=${CMAKE_PREFIX_PATH}:/home/william/sim_ws/install/particle_filter:/home/william/sim_ws/install/f1tenth_gym_ros:/opt/ros/foxy /usr/bin/cmake --build /home/william/sim_ws/build/mpc -- -j8 -l8
[6.081s] DEBUG:colcon.colcon_core.event_handler.log_command:Invoking command in '/home/william/sim_ws/build/mpc': CMAKE_PREFIX_PATH=${CMAKE_PREFIX_PATH}:/home/william/sim_ws/install/particle_filter:/home/william/sim_ws/install/f1tenth_gym_ros:/opt/ros/foxy /usr/bin/cmake --install /home/william/sim_ws/build/mpc
[6.134s] DEBUG:colcon.colcon_core.event_handler.log_command:Invoked command in '/home/william/sim_ws/build/pure_pursuit' returned '0': CMAKE_PREFIX_PATH=${CMAKE_PREFIX_PATH}:/home/william/sim_ws/install/particle_filter:/home/william/sim_ws/install/f1tenth_gym_ros:/opt/ros/foxy /usr/bin/cmake --build /home/william/sim_ws/build/pure_pursuit -- -j8 -l8
[6.143s] DEBUG:colcon.colcon_core.event_handler.log_command:Invoked command in '/home/william/sim_ws/build/range_lib' returned '0': /usr/bin/cmake --build /home/william/sim_ws/build/range_lib -- -j8 -l8
[6.153s] Level 1:colcon.colcon_core.environment:create_environment_scripts_only(mpc)
[6.156s] DEBUG:colcon.colcon_core.event_handler.log_command:Invoked command in '/home/william/sim_ws/build/mpc' returned '0': CMAKE_PREFIX_PATH=${CMAKE_PREFIX_PATH}:/home/william/sim_ws/install/particle_filter:/home/william/sim_ws/install/f1tenth_gym_ros:/opt/ros/foxy /usr/bin/cmake --install /home/william/sim_ws/build/mpc
[6.254s] Level 1:colcon.colcon_core.environment:checking '/home/william/sim_ws/install/mpc' for CMake module files
[6.254s] Level 1:colcon.colcon_core.environment:checking '/home/william/sim_ws/install/mpc' for CMake config files
[6.255s] Level 1:colcon.colcon_core.shell:create_environment_hook('mpc', 'cmake_prefix_path')
[6.311s] INFO:colcon.colcon_core.shell:Creating environment hook '/home/william/sim_ws/install/mpc/share/mpc/hook/cmake_prefix_path.ps1'
[6.312s] INFO:colcon.colcon_core.shell:Creating environment descriptor '/home/william/sim_ws/install/mpc/share/mpc/hook/cmake_prefix_path.dsv'
[6.313s] INFO:colcon.colcon_core.shell:Creating environment hook '/home/william/sim_ws/install/mpc/share/mpc/hook/cmake_prefix_path.sh'
[6.314s] Level 1:colcon.colcon_core.environment:checking '/home/william/sim_ws/install/mpc/lib'
[6.314s] Level 1:colcon.colcon_core.environment:checking '/home/william/sim_ws/install/mpc/bin'
[6.314s] Level 1:colcon.colcon_core.environment:checking '/home/william/sim_ws/install/mpc/lib/pkgconfig/mpc.pc'
[6.314s] Level 1:colcon.colcon_core.environment:checking '/home/william/sim_ws/install/mpc/lib/python3.8/site-packages'
[6.314s] Level 1:colcon.colcon_core.shell:create_environment_hook('mpc', 'pythonpath')
[6.369s] INFO:colcon.colcon_core.shell:Creating environment hook '/home/william/sim_ws/install/mpc/share/mpc/hook/pythonpath.ps1'
[6.370s] INFO:colcon.colcon_core.shell:Creating environment descriptor '/home/william/sim_ws/install/mpc/share/mpc/hook/pythonpath.dsv'
[6.370s] INFO:colcon.colcon_core.shell:Creating environment hook '/home/william/sim_ws/install/mpc/share/mpc/hook/pythonpath.sh'
[6.371s] Level 1:colcon.colcon_core.environment:checking '/home/william/sim_ws/install/mpc/bin'
[6.419s] INFO:colcon.colcon_core.shell:Creating package script '/home/william/sim_ws/install/mpc/share/mpc/package.ps1'
[6.419s] INFO:colcon.colcon_core.shell:Creating package descriptor '/home/william/sim_ws/install/mpc/share/mpc/package.dsv'
[6.420s] INFO:colcon.colcon_core.shell:Creating package script '/home/william/sim_ws/install/mpc/share/mpc/package.sh'
[6.421s] INFO:colcon.colcon_core.shell:Creating package script '/home/william/sim_ws/install/mpc/share/mpc/package.bash'
[6.421s] INFO:colcon.colcon_core.shell:Creating package script '/home/william/sim_ws/install/mpc/share/mpc/package.zsh'
[6.422s] Level 1:colcon.colcon_core.environment:create_file_with_runtime_dependencies(/home/william/sim_ws/install/mpc/share/colcon-core/packages/mpc)
[6.428s] DEBUG:colcon.colcon_core.event_handler.log_command:Invoking command in '/home/william/sim_ws/build/pure_pursuit': CMAKE_PREFIX_PATH=${CMAKE_PREFIX_PATH}:/home/william/sim_ws/install/particle_filter:/home/william/sim_ws/install/f1tenth_gym_ros:/opt/ros/foxy /usr/bin/cmake --install /home/william/sim_ws/build/pure_pursuit
[6.432s] DEBUG:colcon.colcon_core.event_handler.log_command:Invoking command in '/home/william/sim_ws/build/range_lib': /usr/bin/cmake --install /home/william/sim_ws/build/range_lib
[6.442s] Level 1:colcon.colcon_core.environment:create_environment_scripts_only(pure_pursuit)
[6.445s] DEBUG:colcon.colcon_core.event_handler.log_command:Invoked command in '/home/william/sim_ws/build/pure_pursuit' returned '0': CMAKE_PREFIX_PATH=${CMAKE_PREFIX_PATH}:/home/william/sim_ws/install/particle_filter:/home/william/sim_ws/install/f1tenth_gym_ros:/opt/ros/foxy /usr/bin/cmake --install /home/william/sim_ws/build/pure_pursuit
[6.530s] Level 1:colcon.colcon_core.environment:checking '/home/william/sim_ws/install/pure_pursuit' for CMake module files
[6.531s] Level 1:colcon.colcon_core.environment:checking '/home/william/sim_ws/install/pure_pursuit' for CMake config files
[6.531s] Level 1:colcon.colcon_core.shell:create_environment_hook('pure_pursuit', 'cmake_prefix_path')
[6.598s] INFO:colcon.colcon_core.shell:Creating environment hook '/home/william/sim_ws/install/pure_pursuit/share/pure_pursuit/hook/cmake_prefix_path.ps1'
[6.599s] INFO:colcon.colcon_core.shell:Creating environment descriptor '/home/william/sim_ws/install/pure_pursuit/share/pure_pursuit/hook/cmake_prefix_path.dsv'
[6.599s] INFO:colcon.colcon_core.shell:Creating environment hook '/home/william/sim_ws/install/pure_pursuit/share/pure_pursuit/hook/cmake_prefix_path.sh'
[6.600s] Level 1:colcon.colcon_core.environment:checking '/home/william/sim_ws/install/pure_pursuit/lib'
[6.600s] Level 1:colcon.colcon_core.environment:checking '/home/william/sim_ws/install/pure_pursuit/bin'
[6.600s] Level 1:colcon.colcon_core.environment:checking '/home/william/sim_ws/install/pure_pursuit/lib/pkgconfig/pure_pursuit.pc'
[6.600s] Level 1:colcon.colcon_core.environment:checking '/home/william/sim_ws/install/pure_pursuit/lib/python3.8/site-packages'
[6.600s] Level 1:colcon.colcon_core.environment:checking '/home/william/sim_ws/install/pure_pursuit/bin'
[6.650s] INFO:colcon.colcon_core.shell:Creating package script '/home/william/sim_ws/install/pure_pursuit/share/pure_pursuit/package.ps1'
[6.651s] INFO:colcon.colcon_core.shell:Creating package descriptor '/home/william/sim_ws/install/pure_pursuit/share/pure_pursuit/package.dsv'
[6.651s] INFO:colcon.colcon_core.shell:Creating package script '/home/william/sim_ws/install/pure_pursuit/share/pure_pursuit/package.sh'
[6.651s] INFO:colcon.colcon_core.shell:Creating package script '/home/william/sim_ws/install/pure_pursuit/share/pure_pursuit/package.bash'
[6.652s] INFO:colcon.colcon_core.shell:Creating package script '/home/william/sim_ws/install/pure_pursuit/share/pure_pursuit/package.zsh'
[6.652s] Level 1:colcon.colcon_core.environment:create_file_with_runtime_dependencies(/home/william/sim_ws/install/pure_pursuit/share/colcon-core/packages/pure_pursuit)
[6.706s] Level 1:colcon.colcon_core.environment:create_environment_scripts_only(mpc)
[6.755s] Level 1:colcon.colcon_core.environment:checking '/home/william/sim_ws/install/mpc' for CMake module files
[6.756s] Level 1:colcon.colcon_core.environment:checking '/home/william/sim_ws/install/mpc' for CMake config files
[6.756s] Level 1:colcon.colcon_core.shell:create_environment_hook('mpc', 'cmake_prefix_path')
[6.805s] INFO:colcon.colcon_core.shell:Creating environment hook '/home/william/sim_ws/install/mpc/share/mpc/hook/cmake_prefix_path.ps1'
[6.805s] INFO:colcon.colcon_core.shell:Creating environment descriptor '/home/william/sim_ws/install/mpc/share/mpc/hook/cmake_prefix_path.dsv'
[6.805s] INFO:colcon.colcon_core.shell:Creating environment hook '/home/william/sim_ws/install/mpc/share/mpc/hook/cmake_prefix_path.sh'
[6.806s] Level 1:colcon.colcon_core.environment:checking '/home/william/sim_ws/install/mpc/lib'
[6.806s] Level 1:colcon.colcon_core.environment:checking '/home/william/sim_ws/install/mpc/bin'
[6.806s] Level 1:colcon.colcon_core.environment:checking '/home/william/sim_ws/install/mpc/lib/pkgconfig/mpc.pc'
[6.806s] Level 1:colcon.colcon_core.environment:checking '/home/william/sim_ws/install/mpc/lib/python3.8/site-packages'
[6.806s] Level 1:colcon.colcon_core.shell:create_environment_hook('mpc', 'pythonpath')
[6.856s] INFO:colcon.colcon_core.shell:Creating environment hook '/home/william/sim_ws/install/mpc/share/mpc/hook/pythonpath.ps1'
[6.857s] INFO:colcon.colcon_core.shell:Creating environment descriptor '/home/william/sim_ws/install/mpc/share/mpc/hook/pythonpath.dsv'
[6.857s] INFO:colcon.colcon_core.shell:Creating environment hook '/home/william/sim_ws/install/mpc/share/mpc/hook/pythonpath.sh'
[6.857s] Level 1:colcon.colcon_core.environment:checking '/home/william/sim_ws/install/mpc/bin'
[6.906s] INFO:colcon.colcon_core.shell:Creating package script '/home/william/sim_ws/install/mpc/share/mpc/package.ps1'
[6.906s] INFO:colcon.colcon_core.shell:Creating package descriptor '/home/william/sim_ws/install/mpc/share/mpc/package.dsv'
[6.907s] INFO:colcon.colcon_core.shell:Creating package script '/home/william/sim_ws/install/mpc/share/mpc/package.sh'
[6.907s] INFO:colcon.colcon_core.shell:Creating package script '/home/william/sim_ws/install/mpc/share/mpc/package.bash'
[6.907s] INFO:colcon.colcon_core.shell:Creating package script '/home/william/sim_ws/install/mpc/share/mpc/package.zsh'
[6.908s] Level 1:colcon.colcon_core.environment:create_file_with_runtime_dependencies(/home/william/sim_ws/install/mpc/share/colcon-core/packages/mpc)
[6.915s] DEBUG:colcon.colcon_core.event_handler.log_command:Invoking command in '/home/william/sim_ws/src/particle_filter': PYTHONPATH=/home/william/sim_ws/build/particle_filter/prefix_override:/home/william/sim_ws/install/particle_filter/lib/python3.8/site-packages:${PYTHONPATH} /usr/bin/python3 setup.py egg_info --egg-base ../../build/particle_filter build --build-base /home/william/sim_ws/build/particle_filter/build install --record /home/william/sim_ws/build/particle_filter/install.log --single-version-externally-managed
[6.916s] Level 1:colcon.colcon_core.environment:create_environment_scripts_only(range_lib)
[6.918s] DEBUG:colcon.colcon_core.event_handler.log_command:Invoking command in '/home/william/sim_ws/src/f1tenth_gym_ros': PYTHONPATH=/home/william/sim_ws/build/f1tenth_gym_ros/prefix_override:/home/william/sim_ws/install/f1tenth_gym_ros/lib/python3.8/site-packages:${PYTHONPATH} /usr/bin/python3 setup.py egg_info --egg-base ../../build/f1tenth_gym_ros build --build-base /home/william/sim_ws/build/f1tenth_gym_ros/build install --record /home/william/sim_ws/build/f1tenth_gym_ros/install.log --single-version-externally-managed
[6.918s] DEBUG:colcon.colcon_core.event_handler.log_command:Invoked command in '/home/william/sim_ws/build/range_lib' returned '0': /usr/bin/cmake --install /home/william/sim_ws/build/range_lib
[6.973s] Level 1:colcon.colcon_core.environment:checking '/home/william/sim_ws/install/range_lib' for CMake module files
[6.974s] Level 1:colcon.colcon_core.environment:checking '/home/william/sim_ws/install/range_lib' for CMake config files
[6.974s] Level 1:colcon.colcon_core.shell:create_environment_hook('range_lib', 'cmake_prefix_path')
[7.025s] INFO:colcon.colcon_core.shell:Creating environment hook '/home/william/sim_ws/install/range_lib/share/range_lib/hook/cmake_prefix_path.ps1'
[7.026s] INFO:colcon.colcon_core.shell:Creating environment descriptor '/home/william/sim_ws/install/range_lib/share/range_lib/hook/cmake_prefix_path.dsv'
[7.026s] INFO:colcon.colcon_core.shell:Creating environment hook '/home/william/sim_ws/install/range_lib/share/range_lib/hook/cmake_prefix_path.sh'
[7.027s] Level 1:colcon.colcon_core.environment:checking '/home/william/sim_ws/install/range_lib/lib'
[7.027s] Level 1:colcon.colcon_core.environment:checking '/home/william/sim_ws/install/range_lib/bin'
[7.027s] Level 1:colcon.colcon_core.shell:create_environment_hook('range_lib', 'path')
[7.094s] INFO:colcon.colcon_core.shell:Creating environment hook '/home/william/sim_ws/install/range_lib/share/range_lib/hook/path.ps1'
[7.094s] INFO:colcon.colcon_core.shell:Creating environment descriptor '/home/william/sim_ws/install/range_lib/share/range_lib/hook/path.dsv'
[7.094s] INFO:colcon.colcon_core.shell:Creating environment hook '/home/william/sim_ws/install/range_lib/share/range_lib/hook/path.sh'
[7.095s] Level 1:colcon.colcon_core.environment:checking '/home/william/sim_ws/install/range_lib/lib/pkgconfig/range_lib.pc'
[7.095s] Level 1:colcon.colcon_core.environment:checking '/home/william/sim_ws/install/range_lib/lib/python3.8/site-packages'
[7.095s] Level 1:colcon.colcon_core.environment:checking '/home/william/sim_ws/install/range_lib/bin'
[7.095s] Level 1:colcon.colcon_core.shell:create_environment_hook('range_lib', 'pythonscriptspath')
[7.182s] INFO:colcon.colcon_core.shell:Creating environment hook '/home/william/sim_ws/install/range_lib/share/range_lib/hook/pythonscriptspath.ps1'
[7.183s] INFO:colcon.colcon_core.shell:Creating environment descriptor '/home/william/sim_ws/install/range_lib/share/range_lib/hook/pythonscriptspath.dsv'
[7.183s] INFO:colcon.colcon_core.shell:Creating environment hook '/home/william/sim_ws/install/range_lib/share/range_lib/hook/pythonscriptspath.sh'
[7.283s] INFO:colcon.colcon_core.shell:Creating package script '/home/william/sim_ws/install/range_lib/share/range_lib/package.ps1'
[7.284s] INFO:colcon.colcon_core.shell:Creating package descriptor '/home/william/sim_ws/install/range_lib/share/range_lib/package.dsv'
[7.284s] INFO:colcon.colcon_core.shell:Creating package script '/home/william/sim_ws/install/range_lib/share/range_lib/package.sh'
[7.285s] INFO:colcon.colcon_core.shell:Creating package script '/home/william/sim_ws/install/range_lib/share/range_lib/package.bash'
[7.286s] INFO:colcon.colcon_core.shell:Creating package script '/home/william/sim_ws/install/range_lib/share/range_lib/package.zsh'
[7.286s] Level 1:colcon.colcon_core.environment:create_file_with_runtime_dependencies(/home/william/sim_ws/install/range_lib/share/colcon-core/packages/range_lib)
[7.395s] Level 1:colcon.colcon_core.environment:create_environment_scripts_only(pure_pursuit)
[7.483s] Level 1:colcon.colcon_core.environment:checking '/home/william/sim_ws/install/pure_pursuit' for CMake module files
[7.484s] Level 1:colcon.colcon_core.environment:checking '/home/william/sim_ws/install/pure_pursuit' for CMake config files
[7.484s] Level 1:colcon.colcon_core.shell:create_environment_hook('pure_pursuit', 'cmake_prefix_path')
[7.570s] INFO:colcon.colcon_core.shell:Creating environment hook '/home/william/sim_ws/install/pure_pursuit/share/pure_pursuit/hook/cmake_prefix_path.ps1'
[7.570s] INFO:colcon.colcon_core.shell:Creating environment descriptor '/home/william/sim_ws/install/pure_pursuit/share/pure_pursuit/hook/cmake_prefix_path.dsv'
[7.571s] INFO:colcon.colcon_core.shell:Creating environment hook '/home/william/sim_ws/install/pure_pursuit/share/pure_pursuit/hook/cmake_prefix_path.sh'
[7.572s] Level 1:colcon.colcon_core.environment:checking '/home/william/sim_ws/install/pure_pursuit/lib'
[7.572s] Level 1:colcon.colcon_core.environment:checking '/home/william/sim_ws/install/pure_pursuit/bin'
[7.572s] Level 1:colcon.colcon_core.environment:checking '/home/william/sim_ws/install/pure_pursuit/lib/pkgconfig/pure_pursuit.pc'
[7.572s] Level 1:colcon.colcon_core.environment:checking '/home/william/sim_ws/install/pure_pursuit/lib/python3.8/site-packages'
[7.572s] Level 1:colcon.colcon_core.environment:checking '/home/william/sim_ws/install/pure_pursuit/bin'
[7.637s] INFO:colcon.colcon_core.shell:Creating package script '/home/william/sim_ws/install/pure_pursuit/share/pure_pursuit/package.ps1'
[7.638s] INFO:colcon.colcon_core.shell:Creating package descriptor '/home/william/sim_ws/install/pure_pursuit/share/pure_pursuit/package.dsv'
[7.639s] INFO:colcon.colcon_core.shell:Creating package script '/home/william/sim_ws/install/pure_pursuit/share/pure_pursuit/package.sh'
[7.639s] INFO:colcon.colcon_core.shell:Creating package script '/home/william/sim_ws/install/pure_pursuit/share/pure_pursuit/package.bash'
[7.640s] INFO:colcon.colcon_core.shell:Creating package script '/home/william/sim_ws/install/pure_pursuit/share/pure_pursuit/package.zsh'
[7.640s] Level 1:colcon.colcon_core.environment:create_file_with_runtime_dependencies(/home/william/sim_ws/install/pure_pursuit/share/colcon-core/packages/pure_pursuit)
[7.642s] DEBUG:colcon.colcon_core.event_handler.log_command:Invoked command in '/home/william/sim_ws/src/particle_filter' returned '0': PYTHONPATH=/home/william/sim_ws/build/particle_filter/prefix_override:/home/william/sim_ws/install/particle_filter/lib/python3.8/site-packages:${PYTHONPATH} /usr/bin/python3 setup.py egg_info --egg-base ../../build/particle_filter build --build-base /home/william/sim_ws/build/particle_filter/build install --record /home/william/sim_ws/build/particle_filter/install.log --single-version-externally-managed
[7.734s] Level 1:colcon.colcon_core.environment:checking '/home/william/sim_ws/install/particle_filter' for CMake module files
[7.734s] Level 1:colcon.colcon_core.environment:checking '/home/william/sim_ws/install/particle_filter' for CMake config files
[7.735s] Level 1:colcon.colcon_core.environment:checking '/home/william/sim_ws/install/particle_filter/lib'
[7.736s] Level 1:colcon.colcon_core.environment:checking '/home/william/sim_ws/install/particle_filter/bin'
[7.736s] Level 1:colcon.colcon_core.shell:create_environment_hook('particle_filter', 'path')
[7.814s] INFO:colcon.colcon_core.shell:Creating environment hook '/home/william/sim_ws/install/particle_filter/share/particle_filter/hook/path.ps1'
[7.815s] INFO:colcon.colcon_core.shell:Creating environment descriptor '/home/william/sim_ws/install/particle_filter/share/particle_filter/hook/path.dsv'
[7.815s] INFO:colcon.colcon_core.shell:Creating environment hook '/home/william/sim_ws/install/particle_filter/share/particle_filter/hook/path.sh'
[7.815s] Level 1:colcon.colcon_core.environment:checking '/home/william/sim_ws/install/particle_filter/lib/pkgconfig/particle_filter.pc'
[7.816s] Level 1:colcon.colcon_core.environment:checking '/home/william/sim_ws/install/particle_filter/lib/python3.8/site-packages'
[7.816s] Level 1:colcon.colcon_core.shell:create_environment_hook('particle_filter', 'pythonpath')
[7.864s] INFO:colcon.colcon_core.shell:Creating environment hook '/home/william/sim_ws/install/particle_filter/share/particle_filter/hook/pythonpath.ps1'
[7.864s] INFO:colcon.colcon_core.shell:Creating environment descriptor '/home/william/sim_ws/install/particle_filter/share/particle_filter/hook/pythonpath.dsv'
[7.864s] INFO:colcon.colcon_core.shell:Creating environment hook '/home/william/sim_ws/install/particle_filter/share/particle_filter/hook/pythonpath.sh'
[7.865s] Level 1:colcon.colcon_core.environment:checking '/home/william/sim_ws/install/particle_filter/bin'
[7.865s] Level 1:colcon.colcon_core.shell:create_environment_hook('particle_filter', 'pythonscriptspath')
[7.914s] INFO:colcon.colcon_core.shell:Creating environment hook '/home/william/sim_ws/install/particle_filter/share/particle_filter/hook/pythonscriptspath.ps1'
[7.915s] INFO:colcon.colcon_core.shell:Creating environment descriptor '/home/william/sim_ws/install/particle_filter/share/particle_filter/hook/pythonscriptspath.dsv'
[7.915s] INFO:colcon.colcon_core.shell:Creating environment hook '/home/william/sim_ws/install/particle_filter/share/particle_filter/hook/pythonscriptspath.sh'
[7.915s] Level 1:colcon.colcon_core.environment:create_environment_scripts_only(particle_filter)
[7.973s] INFO:colcon.colcon_core.shell:Creating package script '/home/william/sim_ws/install/particle_filter/share/particle_filter/package.ps1'
[7.974s] INFO:colcon.colcon_core.shell:Creating package descriptor '/home/william/sim_ws/install/particle_filter/share/particle_filter/package.dsv'
[7.974s] INFO:colcon.colcon_core.shell:Creating package script '/home/william/sim_ws/install/particle_filter/share/particle_filter/package.sh'
[7.975s] INFO:colcon.colcon_core.shell:Creating package script '/home/william/sim_ws/install/particle_filter/share/particle_filter/package.bash'
[7.975s] INFO:colcon.colcon_core.shell:Creating package script '/home/william/sim_ws/install/particle_filter/share/particle_filter/package.zsh'
[7.975s] Level 1:colcon.colcon_core.environment:create_file_with_runtime_dependencies(/home/william/sim_ws/install/particle_filter/share/colcon-core/packages/particle_filter)
[7.976s] DEBUG:colcon.colcon_core.event_handler.log_command:Invoked command in '/home/william/sim_ws/src/f1tenth_gym_ros' returned '0': PYTHONPATH=/home/william/sim_ws/build/f1tenth_gym_ros/prefix_override:/home/william/sim_ws/install/f1tenth_gym_ros/lib/python3.8/site-packages:${PYTHONPATH} /usr/bin/python3 setup.py egg_info --egg-base ../../build/f1tenth_gym_ros build --build-base /home/william/sim_ws/build/f1tenth_gym_ros/build install --record /home/william/sim_ws/build/f1tenth_gym_ros/install.log --single-version-externally-managed
[8.037s] Level 1:colcon.colcon_core.environment:checking '/home/william/sim_ws/install/f1tenth_gym_ros' for CMake module files
[8.037s] Level 1:colcon.colcon_core.environment:checking '/home/william/sim_ws/install/f1tenth_gym_ros' for CMake config files
[8.038s] Level 1:colcon.colcon_core.environment:checking '/home/william/sim_ws/install/f1tenth_gym_ros/lib'
[8.038s] Level 1:colcon.colcon_core.environment:checking '/home/william/sim_ws/install/f1tenth_gym_ros/bin'
[8.038s] Level 1:colcon.colcon_core.shell:create_environment_hook('f1tenth_gym_ros', 'path')
[8.089s] INFO:colcon.colcon_core.shell:Creating environment hook '/home/william/sim_ws/install/f1tenth_gym_ros/share/f1tenth_gym_ros/hook/path.ps1'
[8.089s] INFO:colcon.colcon_core.shell:Creating environment descriptor '/home/william/sim_ws/install/f1tenth_gym_ros/share/f1tenth_gym_ros/hook/path.dsv'
[8.089s] INFO:colcon.colcon_core.shell:Creating environment hook '/home/william/sim_ws/install/f1tenth_gym_ros/share/f1tenth_gym_ros/hook/path.sh'
[8.090s] Level 1:colcon.colcon_core.environment:checking '/home/william/sim_ws/install/f1tenth_gym_ros/lib/pkgconfig/f1tenth_gym_ros.pc'
[8.090s] Level 1:colcon.colcon_core.environment:checking '/home/william/sim_ws/install/f1tenth_gym_ros/lib/python3.8/site-packages'
[8.090s] Level 1:colcon.colcon_core.shell:create_environment_hook('f1tenth_gym_ros', 'pythonpath')
[8.137s] INFO:colcon.colcon_core.shell:Creating environment hook '/home/william/sim_ws/install/f1tenth_gym_ros/share/f1tenth_gym_ros/hook/pythonpath.ps1'
[8.138s] INFO:colcon.colcon_core.shell:Creating environment descriptor '/home/william/sim_ws/install/f1tenth_gym_ros/share/f1tenth_gym_ros/hook/pythonpath.dsv'
[8.138s] INFO:colcon.colcon_core.shell:Creating environment hook '/home/william/sim_ws/install/f1tenth_gym_ros/share/f1tenth_gym_ros/hook/pythonpath.sh'
[8.139s] Level 1:colcon.colcon_core.environment:checking '/home/william/sim_ws/install/f1tenth_gym_ros/bin'
[8.139s] Level 1:colcon.colcon_core.shell:create_environment_hook('f1tenth_gym_ros', 'pythonscriptspath')
[8.187s] INFO:colcon.colcon_core.shell:Creating environment hook '/home/william/sim_ws/install/f1tenth_gym_ros/share/f1tenth_gym_ros/hook/pythonscriptspath.ps1'
[8.188s] INFO:colcon.colcon_core.shell:Creating environment descriptor '/home/william/sim_ws/install/f1tenth_gym_ros/share/f1tenth_gym_ros/hook/pythonscriptspath.dsv'
[8.188s] INFO:colcon.colcon_core.shell:Creating environment hook '/home/william/sim_ws/install/f1tenth_gym_ros/share/f1tenth_gym_ros/hook/pythonscriptspath.sh'
[8.188s] Level 1:colcon.colcon_core.environment:create_environment_scripts_only(f1tenth_gym_ros)
[8.235s] INFO:colcon.colcon_core.shell:Creating package script '/home/william/sim_ws/install/f1tenth_gym_ros/share/f1tenth_gym_ros/package.ps1'
[8.236s] INFO:colcon.colcon_core.shell:Creating package descriptor '/home/william/sim_ws/install/f1tenth_gym_ros/share/f1tenth_gym_ros/package.dsv'
[8.236s] INFO:colcon.colcon_core.shell:Creating package script '/home/william/sim_ws/install/f1tenth_gym_ros/share/f1tenth_gym_ros/package.sh'
[8.237s] INFO:colcon.colcon_core.shell:Creating package script '/home/william/sim_ws/install/f1tenth_gym_ros/share/f1tenth_gym_ros/package.bash'
[8.237s] INFO:colcon.colcon_core.shell:Creating package script '/home/william/sim_ws/install/f1tenth_gym_ros/share/f1tenth_gym_ros/package.zsh'
[8.237s] Level 1:colcon.colcon_core.environment:create_file_with_runtime_dependencies(/home/william/sim_ws/install/f1tenth_gym_ros/share/colcon-core/packages/f1tenth_gym_ros)
[8.238s] DEBUG:colcon.colcon_parallel_executor.executor.parallel:closing loop
[8.238s] DEBUG:colcon.colcon_parallel_executor.executor.parallel:loop closed
[8.238s] DEBUG:colcon.colcon_parallel_executor.executor.parallel:run_until_complete finished with '0'
[8.238s] DEBUG:colcon.colcon_core.event_reactor:joining thread
[8.296s] INFO:colcon.colcon_core.plugin_system:Skipping extension 'colcon_notification.desktop_notification.terminal_notifier': Not used on non-Darwin systems
[8.296s] INFO:colcon.colcon_core.plugin_system:Skipping extension 'colcon_notification.desktop_notification.win32': Not used on non-Windows systems
[8.296s] INFO:colcon.colcon_notification.desktop_notification:Sending desktop notification using 'notify2'
[8.309s] DEBUG:colcon.colcon_core.event_reactor:joined thread
[8.366s] INFO:colcon.colcon_core.shell:Creating prefix script '/home/william/sim_ws/install/local_setup.ps1'
[8.367s] INFO:colcon.colcon_core.shell:Creating prefix util module '/home/william/sim_ws/install/_local_setup_util_ps1.py'
[8.368s] INFO:colcon.colcon_core.shell:Creating prefix chain script '/home/william/sim_ws/install/setup.ps1'
[8.419s] INFO:colcon.colcon_core.shell:Creating prefix script '/home/william/sim_ws/install/local_setup.sh'
[8.420s] INFO:colcon.colcon_core.shell:Creating prefix util module '/home/william/sim_ws/install/_local_setup_util_sh.py'
[8.420s] INFO:colcon.colcon_core.shell:Creating prefix chain script '/home/william/sim_ws/install/setup.sh'
[8.470s] INFO:colcon.colcon_core.shell:Creating prefix script '/home/william/sim_ws/install/local_setup.bash'
[8.471s] INFO:colcon.colcon_core.shell:Creating prefix chain script '/home/william/sim_ws/install/setup.bash'
[8.523s] INFO:colcon.colcon_core.shell:Creating prefix script '/home/william/sim_ws/install/local_setup.zsh'
[8.523s] INFO:colcon.colcon_core.shell:Creating prefix chain script '/home/william/sim_ws/install/setup.zsh'
