[1.198s] Invoking command in '/home/f1tenth/f1tenth-ws/build/waypoint_generator': CMAKE_PREFIX_PATH=${CMAKE_PREFIX_PATH}:/home/f1tenth/f1tenth-ws/install/waypoint_python:/home/f1tenth/f1tenth-ws/install/f1tenth_stack:/home/f1tenth/f1tenth-ws/install/joy_teleop:/home/f1tenth/f1tenth-ws/install/particle_filter:/home/f1tenth/f1tenth-ws/install/mpc:/home/f1tenth/f1tenth-ws/install/mouse_teleop:/home/f1tenth/f1tenth-ws/install/key_teleop:/home/f1tenth/f1tenth-ws/install/example_py:/home/f1tenth/f1tenth-ws/install/autonomous_drive:/opt/ros/foxy /usr/bin/cmake --build /home/f1tenth/f1tenth-ws/build/waypoint_generator -- -j4 -l4
[1.569s] [100%] Built target waypoint_generator
[2.881s] Invoked command in '/home/f1tenth/f1tenth-ws/build/waypoint_generator' returned '0': CMAKE_PREFIX_PATH=${CMAKE_PREFIX_PATH}:/home/f1tenth/f1tenth-ws/install/waypoint_python:/home/f1tenth/f1tenth-ws/install/f1tenth_stack:/home/f1tenth/f1tenth-ws/install/joy_teleop:/home/f1tenth/f1tenth-ws/install/particle_filter:/home/f1tenth/f1tenth-ws/install/mpc:/home/f1tenth/f1tenth-ws/install/mouse_teleop:/home/f1tenth/f1tenth-ws/install/key_teleop:/home/f1tenth/f1tenth-ws/install/example_py:/home/f1tenth/f1tenth-ws/install/autonomous_drive:/opt/ros/foxy /usr/bin/cmake --build /home/f1tenth/f1tenth-ws/build/waypoint_generator -- -j4 -l4
[6.475s] Invoking command in '/home/f1tenth/f1tenth-ws/build/waypoint_generator': CMAKE_PREFIX_PATH=${CMAKE_PREFIX_PATH}:/home/f1tenth/f1tenth-ws/install/waypoint_python:/home/f1tenth/f1tenth-ws/install/f1tenth_stack:/home/f1tenth/f1tenth-ws/install/joy_teleop:/home/f1tenth/f1tenth-ws/install/particle_filter:/home/f1tenth/f1tenth-ws/install/mpc:/home/f1tenth/f1tenth-ws/install/mouse_teleop:/home/f1tenth/f1tenth-ws/install/key_teleop:/home/f1tenth/f1tenth-ws/install/example_py:/home/f1tenth/f1tenth-ws/install/autonomous_drive:/opt/ros/foxy /usr/bin/cmake --install /home/f1tenth/f1tenth-ws/build/waypoint_generator
[6.520s] -- Install configuration: ""
[6.522s] -- Up-to-date: /home/f1tenth/f1tenth-ws/install/waypoint_generator/lib/waypoint_generator/waypoint_generator
[6.523s] -- Up-to-date: /home/f1tenth/f1tenth-ws/install/waypoint_generator/share/ament_index/resource_index/package_run_dependencies/waypoint_generator
[6.524s] -- Up-to-date: /home/f1tenth/f1tenth-ws/install/waypoint_generator/share/ament_index/resource_index/parent_prefix_path/waypoint_generator
[6.524s] -- Up-to-date: /home/f1tenth/f1tenth-ws/install/waypoint_generator/share/waypoint_generator/environment/ament_prefix_path.sh
[6.525s] -- Up-to-date: /home/f1tenth/f1tenth-ws/install/waypoint_generator/share/waypoint_generator/environment/ament_prefix_path.dsv
[6.526s] -- Up-to-date: /home/f1tenth/f1tenth-ws/install/waypoint_generator/share/waypoint_generator/environment/path.sh
[6.526s] -- Up-to-date: /home/f1tenth/f1tenth-ws/install/waypoint_generator/share/waypoint_generator/environment/path.dsv
[6.527s] -- Up-to-date: /home/f1tenth/f1tenth-ws/install/waypoint_generator/share/waypoint_generator/local_setup.bash
[6.528s] -- Up-to-date: /home/f1tenth/f1tenth-ws/install/waypoint_generator/share/waypoint_generator/local_setup.sh
[6.528s] -- Up-to-date: /home/f1tenth/f1tenth-ws/install/waypoint_generator/share/waypoint_generator/local_setup.zsh
[6.529s] -- Up-to-date: /home/f1tenth/f1tenth-ws/install/waypoint_generator/share/waypoint_generator/local_setup.dsv
[6.529s] -- Installing: /home/f1tenth/f1tenth-ws/install/waypoint_generator/share/waypoint_generator/package.dsv
[6.530s] -- Up-to-date: /home/f1tenth/f1tenth-ws/install/waypoint_generator/share/ament_index/resource_index/packages/waypoint_generator
[6.530s] -- Up-to-date: /home/f1tenth/f1tenth-ws/install/waypoint_generator/share/waypoint_generator/cmake/waypoint_generatorConfig.cmake
[6.531s] -- Up-to-date: /home/f1tenth/f1tenth-ws/install/waypoint_generator/share/waypoint_generator/cmake/waypoint_generatorConfig-version.cmake
[6.532s] -- Up-to-date: /home/f1tenth/f1tenth-ws/install/waypoint_generator/share/waypoint_generator/package.xml
[8.148s] Invoked command in '/home/f1tenth/f1tenth-ws/build/waypoint_generator' returned '0': CMAKE_PREFIX_PATH=${CMAKE_PREFIX_PATH}:/home/f1tenth/f1tenth-ws/install/waypoint_python:/home/f1tenth/f1tenth-ws/install/f1tenth_stack:/home/f1tenth/f1tenth-ws/install/joy_teleop:/home/f1tenth/f1tenth-ws/install/particle_filter:/home/f1tenth/f1tenth-ws/install/mpc:/home/f1tenth/f1tenth-ws/install/mouse_teleop:/home/f1tenth/f1tenth-ws/install/key_teleop:/home/f1tenth/f1tenth-ws/install/example_py:/home/f1tenth/f1tenth-ws/install/autonomous_drive:/opt/ros/foxy /usr/bin/cmake --install /home/f1tenth/f1tenth-ws/build/waypoint_generator
