[1.772s] Invoking command in '/mnt/nvme0n1/f1tenth_ws/build/teleop_tools_msgs': CMAKE_PREFIX_PATH=${CMAKE_PREFIX_PATH}:/home/f1tenth/f1tenth-ws/install/f1tenth_stack:/home/f1tenth/f1tenth-ws/install/joy_teleop:/home/f1tenth/f1tenth-ws/install/mouse_teleop:/home/f1tenth/f1tenth-ws/install/key_teleop:/opt/ros/foxy /usr/bin/cmake --build /mnt/nvme0n1/f1tenth_ws/build/teleop_tools_msgs -- -j4 -l4
[3.714s] [  3%] Built target teleop_tools_msgs__cpp
[3.714s] [ 12%] Built target teleop_tools_msgs__rosidl_generator_c
[3.715s] [ 22%] Built target teleop_tools_msgs__rosidl_typesupport_introspection_cpp
[3.715s] [ 32%] Built target teleop_tools_msgs__rosidl_typesupport_cpp
[3.716s] [ 41%] Built target teleop_tools_msgs__rosidl_typesupport_fastrtps_cpp
[3.716s] [ 51%] Built target teleop_tools_msgs__rosidl_typesupport_introspection_c
[3.716s] [ 61%] Built target teleop_tools_msgs__rosidl_typesupport_c
[3.717s] [ 70%] Built target teleop_tools_msgs__rosidl_typesupport_fastrtps_c
[3.717s] [ 70%] Built target teleop_tools_msgs
[3.717s] [ 74%] Built target teleop_tools_msgs__py
[3.718s] [ 80%] Built target teleop_tools_msgs__python
[3.718s] [ 87%] Built target teleop_tools_msgs__rosidl_typesupport_c__pyext
[3.719s] [ 93%] Built target teleop_tools_msgs__rosidl_typesupport_introspection_c__pyext
[3.719s] [100%] Built target teleop_tools_msgs__rosidl_typesupport_fastrtps_c__pyext
[3.721s] Invoked command in '/mnt/nvme0n1/f1tenth_ws/build/teleop_tools_msgs' returned '0': CMAKE_PREFIX_PATH=${CMAKE_PREFIX_PATH}:/home/f1tenth/f1tenth-ws/install/f1tenth_stack:/home/f1tenth/f1tenth-ws/install/joy_teleop:/home/f1tenth/f1tenth-ws/install/mouse_teleop:/home/f1tenth/f1tenth-ws/install/key_teleop:/opt/ros/foxy /usr/bin/cmake --build /mnt/nvme0n1/f1tenth_ws/build/teleop_tools_msgs -- -j4 -l4
[4.034s] Invoking command in '/mnt/nvme0n1/f1tenth_ws/build/teleop_tools_msgs': CMAKE_PREFIX_PATH=${CMAKE_PREFIX_PATH}:/home/f1tenth/f1tenth-ws/install/f1tenth_stack:/home/f1tenth/f1tenth-ws/install/joy_teleop:/home/f1tenth/f1tenth-ws/install/mouse_teleop:/home/f1tenth/f1tenth-ws/install/key_teleop:/opt/ros/foxy /usr/bin/cmake --install /mnt/nvme0n1/f1tenth_ws/build/teleop_tools_msgs
[4.076s] -- Install configuration: ""
[4.079s] -- Up-to-date: /mnt/nvme0n1/f1tenth_ws/install/teleop_tools_msgs/share/ament_index/resource_index/rosidl_interfaces/teleop_tools_msgs
[4.080s] -- Up-to-date: /mnt/nvme0n1/f1tenth_ws/install/teleop_tools_msgs/include/teleop_tools_msgs
[4.083s] -- Up-to-date: /mnt/nvme0n1/f1tenth_ws/install/teleop_tools_msgs/include/teleop_tools_msgs/msg
[4.084s] -- Up-to-date: /mnt/nvme0n1/f1tenth_ws/install/teleop_tools_msgs/include/teleop_tools_msgs/msg/rosidl_generator_c__visibility_control.h
[4.086s] -- Up-to-date: /mnt/nvme0n1/f1tenth_ws/install/teleop_tools_msgs/include/teleop_tools_msgs/action
[4.087s] -- Up-to-date: /mnt/nvme0n1/f1tenth_ws/install/teleop_tools_msgs/include/teleop_tools_msgs/action/detail
[4.090s] -- Up-to-date: /mnt/nvme0n1/f1tenth_ws/install/teleop_tools_msgs/include/teleop_tools_msgs/action/detail/increment__functions.h
[4.094s] -- Up-to-date: /mnt/nvme0n1/f1tenth_ws/install/teleop_tools_msgs/include/teleop_tools_msgs/action/detail/increment__type_support.h
[4.096s] -- Up-to-date: /mnt/nvme0n1/f1tenth_ws/install/teleop_tools_msgs/include/teleop_tools_msgs/action/detail/increment__struct.h
[4.097s] -- Up-to-date: /mnt/nvme0n1/f1tenth_ws/install/teleop_tools_msgs/include/teleop_tools_msgs/action/detail/increment__functions.c
[4.099s] -- Up-to-date: /mnt/nvme0n1/f1tenth_ws/install/teleop_tools_msgs/include/teleop_tools_msgs/action/increment.h
[4.099s] -- Up-to-date: /mnt/nvme0n1/f1tenth_ws/install/teleop_tools_msgs/share/teleop_tools_msgs/environment/library_path.sh
[4.100s] -- Up-to-date: /mnt/nvme0n1/f1tenth_ws/install/teleop_tools_msgs/share/teleop_tools_msgs/environment/library_path.dsv
[4.100s] -- Up-to-date: /mnt/nvme0n1/f1tenth_ws/install/teleop_tools_msgs/lib/libteleop_tools_msgs__rosidl_generator_c.so
[4.100s] -- Up-to-date: /mnt/nvme0n1/f1tenth_ws/install/teleop_tools_msgs/include/teleop_tools_msgs
[4.101s] -- Up-to-date: /mnt/nvme0n1/f1tenth_ws/install/teleop_tools_msgs/include/teleop_tools_msgs/msg
[4.103s] -- Up-to-date: /mnt/nvme0n1/f1tenth_ws/install/teleop_tools_msgs/include/teleop_tools_msgs/msg/rosidl_typesupport_fastrtps_c__visibility_control.h
[4.105s] -- Up-to-date: /mnt/nvme0n1/f1tenth_ws/install/teleop_tools_msgs/include/teleop_tools_msgs/action
[4.106s] -- Up-to-date: /mnt/nvme0n1/f1tenth_ws/install/teleop_tools_msgs/include/teleop_tools_msgs/action/detail
[4.108s] -- Up-to-date: /mnt/nvme0n1/f1tenth_ws/install/teleop_tools_msgs/include/teleop_tools_msgs/action/detail/increment__rosidl_typesupport_fastrtps_c.h
[4.110s] -- Up-to-date: /mnt/nvme0n1/f1tenth_ws/install/teleop_tools_msgs/lib/libteleop_tools_msgs__rosidl_typesupport_fastrtps_c.so
[4.110s] -- Up-to-date: /mnt/nvme0n1/f1tenth_ws/install/teleop_tools_msgs/include/teleop_tools_msgs
[4.111s] -- Up-to-date: /mnt/nvme0n1/f1tenth_ws/install/teleop_tools_msgs/include/teleop_tools_msgs/msg
[4.111s] -- Up-to-date: /mnt/nvme0n1/f1tenth_ws/install/teleop_tools_msgs/include/teleop_tools_msgs/msg/rosidl_typesupport_fastrtps_cpp__visibility_control.h
[4.111s] -- Up-to-date: /mnt/nvme0n1/f1tenth_ws/install/teleop_tools_msgs/include/teleop_tools_msgs/action
[4.112s] -- Up-to-date: /mnt/nvme0n1/f1tenth_ws/install/teleop_tools_msgs/include/teleop_tools_msgs/action/detail
[4.112s] -- Up-to-date: /mnt/nvme0n1/f1tenth_ws/install/teleop_tools_msgs/include/teleop_tools_msgs/action/detail/increment__rosidl_typesupport_fastrtps_cpp.hpp
[4.113s] -- Up-to-date: /mnt/nvme0n1/f1tenth_ws/install/teleop_tools_msgs/include/teleop_tools_msgs/action/detail/dds_fastrtps
[4.113s] -- Up-to-date: /mnt/nvme0n1/f1tenth_ws/install/teleop_tools_msgs/lib/libteleop_tools_msgs__rosidl_typesupport_fastrtps_cpp.so
[4.113s] -- Up-to-date: /mnt/nvme0n1/f1tenth_ws/install/teleop_tools_msgs/include/teleop_tools_msgs
[4.113s] -- Up-to-date: /mnt/nvme0n1/f1tenth_ws/install/teleop_tools_msgs/include/teleop_tools_msgs/msg
[4.114s] -- Up-to-date: /mnt/nvme0n1/f1tenth_ws/install/teleop_tools_msgs/include/teleop_tools_msgs/msg/rosidl_typesupport_introspection_c__visibility_control.h
[4.114s] -- Up-to-date: /mnt/nvme0n1/f1tenth_ws/install/teleop_tools_msgs/include/teleop_tools_msgs/action
[4.114s] -- Up-to-date: /mnt/nvme0n1/f1tenth_ws/install/teleop_tools_msgs/include/teleop_tools_msgs/action/detail
[4.115s] -- Up-to-date: /mnt/nvme0n1/f1tenth_ws/install/teleop_tools_msgs/include/teleop_tools_msgs/action/detail/increment__rosidl_typesupport_introspection_c.h
[4.115s] -- Up-to-date: /mnt/nvme0n1/f1tenth_ws/install/teleop_tools_msgs/include/teleop_tools_msgs/action/detail/increment__type_support.c
[4.115s] -- Up-to-date: /mnt/nvme0n1/f1tenth_ws/install/teleop_tools_msgs/lib/libteleop_tools_msgs__rosidl_typesupport_introspection_c.so
[4.116s] -- Up-to-date: /mnt/nvme0n1/f1tenth_ws/install/teleop_tools_msgs/lib/libteleop_tools_msgs__rosidl_typesupport_c.so
[4.116s] -- Up-to-date: /mnt/nvme0n1/f1tenth_ws/install/teleop_tools_msgs/include/teleop_tools_msgs
[4.116s] -- Up-to-date: /mnt/nvme0n1/f1tenth_ws/install/teleop_tools_msgs/include/teleop_tools_msgs/msg
[4.117s] -- Up-to-date: /mnt/nvme0n1/f1tenth_ws/install/teleop_tools_msgs/include/teleop_tools_msgs/msg/rosidl_generator_cpp__visibility_control.hpp
[4.117s] -- Up-to-date: /mnt/nvme0n1/f1tenth_ws/install/teleop_tools_msgs/include/teleop_tools_msgs/action
[4.117s] -- Up-to-date: /mnt/nvme0n1/f1tenth_ws/install/teleop_tools_msgs/include/teleop_tools_msgs/action/increment.hpp
[4.117s] -- Up-to-date: /mnt/nvme0n1/f1tenth_ws/install/teleop_tools_msgs/include/teleop_tools_msgs/action/detail
[4.118s] -- Up-to-date: /mnt/nvme0n1/f1tenth_ws/install/teleop_tools_msgs/include/teleop_tools_msgs/action/detail/increment__traits.hpp
[4.118s] -- Up-to-date: /mnt/nvme0n1/f1tenth_ws/install/teleop_tools_msgs/include/teleop_tools_msgs/action/detail/increment__struct.hpp
[4.118s] -- Up-to-date: /mnt/nvme0n1/f1tenth_ws/install/teleop_tools_msgs/include/teleop_tools_msgs/action/detail/increment__builder.hpp
[4.119s] -- Up-to-date: /mnt/nvme0n1/f1tenth_ws/install/teleop_tools_msgs/include/teleop_tools_msgs/action/detail/increment__type_support.hpp
[4.119s] -- Up-to-date: /mnt/nvme0n1/f1tenth_ws/install/teleop_tools_msgs/include/teleop_tools_msgs
[4.119s] -- Up-to-date: /mnt/nvme0n1/f1tenth_ws/install/teleop_tools_msgs/include/teleop_tools_msgs/action
[4.120s] -- Up-to-date: /mnt/nvme0n1/f1tenth_ws/install/teleop_tools_msgs/include/teleop_tools_msgs/action/detail
[4.120s] -- Up-to-date: /mnt/nvme0n1/f1tenth_ws/install/teleop_tools_msgs/include/teleop_tools_msgs/action/detail/increment__rosidl_typesupport_introspection_cpp.hpp
[4.120s] -- Up-to-date: /mnt/nvme0n1/f1tenth_ws/install/teleop_tools_msgs/include/teleop_tools_msgs/action/detail/increment__type_support.cpp
[4.121s] -- Up-to-date: /mnt/nvme0n1/f1tenth_ws/install/teleop_tools_msgs/lib/libteleop_tools_msgs__rosidl_typesupport_introspection_cpp.so
[4.121s] -- Up-to-date: /mnt/nvme0n1/f1tenth_ws/install/teleop_tools_msgs/lib/libteleop_tools_msgs__rosidl_typesupport_cpp.so
[4.121s] -- Up-to-date: /mnt/nvme0n1/f1tenth_ws/install/teleop_tools_msgs/share/teleop_tools_msgs/environment/pythonpath.sh
[4.122s] -- Up-to-date: /mnt/nvme0n1/f1tenth_ws/install/teleop_tools_msgs/share/teleop_tools_msgs/environment/pythonpath.dsv
[4.122s] -- Up-to-date: /mnt/nvme0n1/f1tenth_ws/install/teleop_tools_msgs/lib/python3.8/site-packages/teleop_tools_msgs/__init__.py
[4.277s] -- Up-to-date: /mnt/nvme0n1/f1tenth_ws/install/teleop_tools_msgs/lib/python3.8/site-packages/teleop_tools_msgs/action
[4.278s] -- Up-to-date: /mnt/nvme0n1/f1tenth_ws/install/teleop_tools_msgs/lib/python3.8/site-packages/teleop_tools_msgs/action/__init__.py
[4.278s] -- Up-to-date: /mnt/nvme0n1/f1tenth_ws/install/teleop_tools_msgs/lib/python3.8/site-packages/teleop_tools_msgs/action/_increment.py
[4.279s] -- Up-to-date: /mnt/nvme0n1/f1tenth_ws/install/teleop_tools_msgs/lib/python3.8/site-packages/teleop_tools_msgs/action/_increment_s.c
[4.279s] -- Up-to-date: /mnt/nvme0n1/f1tenth_ws/install/teleop_tools_msgs/lib/python3.8/site-packages/teleop_tools_msgs/teleop_tools_msgs_s__rosidl_typesupport_fastrtps_c.cpython-38-aarch64-linux-gnu.so
[4.282s] -- Up-to-date: /mnt/nvme0n1/f1tenth_ws/install/teleop_tools_msgs/lib/python3.8/site-packages/teleop_tools_msgs/teleop_tools_msgs_s__rosidl_typesupport_introspection_c.cpython-38-aarch64-linux-gnu.so
[4.286s] -- Up-to-date: /mnt/nvme0n1/f1tenth_ws/install/teleop_tools_msgs/lib/python3.8/site-packages/teleop_tools_msgs/teleop_tools_msgs_s__rosidl_typesupport_c.cpython-38-aarch64-linux-gnu.so
[4.290s] -- Up-to-date: /mnt/nvme0n1/f1tenth_ws/install/teleop_tools_msgs/lib/libteleop_tools_msgs__python.so
[4.291s] -- Up-to-date: /mnt/nvme0n1/f1tenth_ws/install/teleop_tools_msgs/share/teleop_tools_msgs/action/Increment.idl
[4.292s] -- Up-to-date: /mnt/nvme0n1/f1tenth_ws/install/teleop_tools_msgs/share/teleop_tools_msgs/action/Increment.action
[4.292s] -- Up-to-date: /mnt/nvme0n1/f1tenth_ws/install/teleop_tools_msgs/share/ament_index/resource_index/package_run_dependencies/teleop_tools_msgs
[4.292s] -- Up-to-date: /mnt/nvme0n1/f1tenth_ws/install/teleop_tools_msgs/share/ament_index/resource_index/parent_prefix_path/teleop_tools_msgs
[4.293s] -- Up-to-date: /mnt/nvme0n1/f1tenth_ws/install/teleop_tools_msgs/share/teleop_tools_msgs/environment/ament_prefix_path.sh
[4.293s] -- Up-to-date: /mnt/nvme0n1/f1tenth_ws/install/teleop_tools_msgs/share/teleop_tools_msgs/environment/ament_prefix_path.dsv
[4.294s] -- Up-to-date: /mnt/nvme0n1/f1tenth_ws/install/teleop_tools_msgs/share/teleop_tools_msgs/environment/path.sh
[4.295s] -- Up-to-date: /mnt/nvme0n1/f1tenth_ws/install/teleop_tools_msgs/share/teleop_tools_msgs/environment/path.dsv
[4.296s] -- Up-to-date: /mnt/nvme0n1/f1tenth_ws/install/teleop_tools_msgs/share/teleop_tools_msgs/local_setup.bash
[4.296s] -- Up-to-date: /mnt/nvme0n1/f1tenth_ws/install/teleop_tools_msgs/share/teleop_tools_msgs/local_setup.sh
[4.296s] -- Up-to-date: /mnt/nvme0n1/f1tenth_ws/install/teleop_tools_msgs/share/teleop_tools_msgs/local_setup.zsh
[4.297s] -- Up-to-date: /mnt/nvme0n1/f1tenth_ws/install/teleop_tools_msgs/share/teleop_tools_msgs/local_setup.dsv
[4.297s] -- Installing: /mnt/nvme0n1/f1tenth_ws/install/teleop_tools_msgs/share/teleop_tools_msgs/package.dsv
[4.298s] -- Up-to-date: /mnt/nvme0n1/f1tenth_ws/install/teleop_tools_msgs/share/ament_index/resource_index/packages/teleop_tools_msgs
[4.298s] -- Up-to-date: /mnt/nvme0n1/f1tenth_ws/install/teleop_tools_msgs/share/teleop_tools_msgs/cmake/teleop_tools_msgs__rosidl_generator_cExport.cmake
[4.299s] -- Up-to-date: /mnt/nvme0n1/f1tenth_ws/install/teleop_tools_msgs/share/teleop_tools_msgs/cmake/teleop_tools_msgs__rosidl_generator_cExport-noconfig.cmake
[4.300s] -- Up-to-date: /mnt/nvme0n1/f1tenth_ws/install/teleop_tools_msgs/share/teleop_tools_msgs/cmake/teleop_tools_msgs__rosidl_typesupport_introspection_cExport.cmake
[4.300s] -- Up-to-date: /mnt/nvme0n1/f1tenth_ws/install/teleop_tools_msgs/share/teleop_tools_msgs/cmake/teleop_tools_msgs__rosidl_typesupport_introspection_cExport-noconfig.cmake
[4.300s] -- Up-to-date: /mnt/nvme0n1/f1tenth_ws/install/teleop_tools_msgs/share/teleop_tools_msgs/cmake/teleop_tools_msgs__rosidl_typesupport_cExport.cmake
[4.301s] -- Up-to-date: /mnt/nvme0n1/f1tenth_ws/install/teleop_tools_msgs/share/teleop_tools_msgs/cmake/teleop_tools_msgs__rosidl_typesupport_cExport-noconfig.cmake
[4.302s] -- Up-to-date: /mnt/nvme0n1/f1tenth_ws/install/teleop_tools_msgs/share/teleop_tools_msgs/cmake/teleop_tools_msgs__rosidl_generator_cppExport.cmake
[4.303s] -- Up-to-date: /mnt/nvme0n1/f1tenth_ws/install/teleop_tools_msgs/share/teleop_tools_msgs/cmake/teleop_tools_msgs__rosidl_typesupport_introspection_cppExport.cmake
[4.303s] -- Up-to-date: /mnt/nvme0n1/f1tenth_ws/install/teleop_tools_msgs/share/teleop_tools_msgs/cmake/teleop_tools_msgs__rosidl_typesupport_introspection_cppExport-noconfig.cmake
[4.304s] -- Up-to-date: /mnt/nvme0n1/f1tenth_ws/install/teleop_tools_msgs/share/teleop_tools_msgs/cmake/teleop_tools_msgs__rosidl_typesupport_cppExport.cmake
[4.304s] -- Up-to-date: /mnt/nvme0n1/f1tenth_ws/install/teleop_tools_msgs/share/teleop_tools_msgs/cmake/teleop_tools_msgs__rosidl_typesupport_cppExport-noconfig.cmake
[4.305s] -- Up-to-date: /mnt/nvme0n1/f1tenth_ws/install/teleop_tools_msgs/share/teleop_tools_msgs/cmake/rosidl_cmake-extras.cmake
[4.306s] -- Up-to-date: /mnt/nvme0n1/f1tenth_ws/install/teleop_tools_msgs/share/teleop_tools_msgs/cmake/ament_cmake_export_dependencies-extras.cmake
[4.306s] -- Up-to-date: /mnt/nvme0n1/f1tenth_ws/install/teleop_tools_msgs/share/teleop_tools_msgs/cmake/ament_cmake_export_libraries-extras.cmake
[4.309s] -- Up-to-date: /mnt/nvme0n1/f1tenth_ws/install/teleop_tools_msgs/share/teleop_tools_msgs/cmake/ament_cmake_export_targets-extras.cmake
[4.309s] -- Up-to-date: /mnt/nvme0n1/f1tenth_ws/install/teleop_tools_msgs/share/teleop_tools_msgs/cmake/ament_cmake_export_include_directories-extras.cmake
[4.310s] -- Up-to-date: /mnt/nvme0n1/f1tenth_ws/install/teleop_tools_msgs/share/teleop_tools_msgs/cmake/rosidl_cmake_export_typesupport_libraries-extras.cmake
[4.310s] -- Up-to-date: /mnt/nvme0n1/f1tenth_ws/install/teleop_tools_msgs/share/teleop_tools_msgs/cmake/rosidl_cmake_export_typesupport_targets-extras.cmake
[4.311s] -- Up-to-date: /mnt/nvme0n1/f1tenth_ws/install/teleop_tools_msgs/share/teleop_tools_msgs/cmake/teleop_tools_msgsConfig.cmake
[4.311s] -- Up-to-date: /mnt/nvme0n1/f1tenth_ws/install/teleop_tools_msgs/share/teleop_tools_msgs/cmake/teleop_tools_msgsConfig-version.cmake
[4.311s] -- Up-to-date: /mnt/nvme0n1/f1tenth_ws/install/teleop_tools_msgs/share/teleop_tools_msgs/package.xml
[4.591s] Invoked command in '/mnt/nvme0n1/f1tenth_ws/build/teleop_tools_msgs' returned '0': CMAKE_PREFIX_PATH=${CMAKE_PREFIX_PATH}:/home/f1tenth/f1tenth-ws/install/f1tenth_stack:/home/f1tenth/f1tenth-ws/install/joy_teleop:/home/f1tenth/f1tenth-ws/install/mouse_teleop:/home/f1tenth/f1tenth-ws/install/key_teleop:/opt/ros/foxy /usr/bin/cmake --install /mnt/nvme0n1/f1tenth_ws/build/teleop_tools_msgs
