[11.266s] Invoking command in '/mnt/nvme0n1/f1tenth_ws/src/test_driving_2/example_py': PYTHONPATH=/mnt/nvme0n1/f1tenth_ws/build/example_py/prefix_override:/mnt/nvme0n1/f1tenth_ws/install/example_py/lib/python3.8/site-packages:${PYTHONPATH} /usr/bin/python3 setup.py egg_info --egg-base ../../../build/example_py build --build-base /mnt/nvme0n1/f1tenth_ws/build/example_py/build install --record /mnt/nvme0n1/f1tenth_ws/build/example_py/install.log --install-scripts $base/lib/example_py --single-version-externally-managed
[12.242s] running egg_info
[12.245s] writing ../../../build/example_py/example_py.egg-info/PKG-INFO
[12.252s] writing dependency_links to ../../../build/example_py/example_py.egg-info/dependency_links.txt
[12.253s] writing entry points to ../../../build/example_py/example_py.egg-info/entry_points.txt
[12.255s] writing requirements to ../../../build/example_py/example_py.egg-info/requires.txt
[12.256s] writing top-level names to ../../../build/example_py/example_py.egg-info/top_level.txt
[12.392s] reading manifest file '../../../build/example_py/example_py.egg-info/SOURCES.txt'
[12.395s] writing manifest file '../../../build/example_py/example_py.egg-info/SOURCES.txt'
[12.399s] running build
[12.400s] running build_py
[12.400s] running install
[12.402s] running install_lib
[12.409s] running install_data
[12.411s] running install_egg_info
[12.415s] removing '/mnt/nvme0n1/f1tenth_ws/install/example_py/lib/python3.8/site-packages/example_py-0.0.0-py3.8.egg-info' (and everything under it)
[12.418s] Copying ../../../build/example_py/example_py.egg-info to /mnt/nvme0n1/f1tenth_ws/install/example_py/lib/python3.8/site-packages/example_py-0.0.0-py3.8.egg-info
[12.435s] running install_scripts
[12.499s] Installing li4_node script to /mnt/nvme0n1/f1tenth_ws/install/example_py/lib/example_py
[12.503s] writing list of installed files to '/mnt/nvme0n1/f1tenth_ws/build/example_py/install.log'
[13.224s] Invoked command in '/mnt/nvme0n1/f1tenth_ws/src/test_driving_2/example_py' returned '0': PYTHONPATH=/mnt/nvme0n1/f1tenth_ws/build/example_py/prefix_override:/mnt/nvme0n1/f1tenth_ws/install/example_py/lib/python3.8/site-packages:${PYTHONPATH} /usr/bin/python3 setup.py egg_info --egg-base ../../../build/example_py build --build-base /mnt/nvme0n1/f1tenth_ws/build/example_py/build install --record /mnt/nvme0n1/f1tenth_ws/build/example_py/install.log --install-scripts $base/lib/example_py --single-version-externally-managed
