[0.488s] Invoking command in '/home/william/sim_ws/build/mpc': CMAKE_PREFIX_PATH=${CMAKE_PREFIX_PATH}:/home/william/sim_ws/install/particle_filter:/home/william/sim_ws/install/f1tenth_gym_ros:/opt/ros/foxy /usr/bin/cmake --build /home/william/sim_ws/build/mpc -- -j8 -l8
[0.730s] [100%] Built target mpc_node
[0.731s] Invoked command in '/home/william/sim_ws/build/mpc' returned '0': CMAKE_PREFIX_PATH=${CMAKE_PREFIX_PATH}:/home/william/sim_ws/install/particle_filter:/home/william/sim_ws/install/f1tenth_gym_ros:/opt/ros/foxy /usr/bin/cmake --build /home/william/sim_ws/build/mpc -- -j8 -l8
[0.770s] Invoking command in '/home/william/sim_ws/build/mpc': CMAKE_PREFIX_PATH=${CMAKE_PREFIX_PATH}:/home/william/sim_ws/install/particle_filter:/home/william/sim_ws/install/f1tenth_gym_ros:/opt/ros/foxy /usr/bin/cmake --install /home/william/sim_ws/build/mpc
[0.784s] -- Install configuration: ""
[0.784s] -- Up-to-date: /home/william/sim_ws/install/mpc/lib/mpc/mpc_node
[0.785s] -- Up-to-date: /home/william/sim_ws/install/mpc/share/mpc/environment/pythonpath.sh
[0.785s] -- Up-to-date: /home/william/sim_ws/install/mpc/share/mpc/environment/pythonpath.dsv
[0.785s] -- Up-to-date: /home/william/sim_ws/install/mpc/lib/python3.8/site-packages/mpc
[0.785s] -- Up-to-date: /home/william/sim_ws/install/mpc/lib/python3.8/site-packages/mpc/__init__.py
[0.828s] Listing '/home/william/sim_ws/install/mpc/lib/python3.8/site-packages/mpc'...
[0.834s] -- Up-to-date: /home/william/sim_ws/install/mpc/lib/mpc/mpc_node.py
[0.834s] -- Up-to-date: /home/william/sim_ws/install/mpc/lib/mpc/utils.py
[0.834s] -- Up-to-date: /home/william/sim_ws/install/mpc/lib/mpc/waypoint_spline.py
[0.835s] -- Up-to-date: /home/william/sim_ws/install/mpc/share/mpc//launch
[0.835s] -- Up-to-date: /home/william/sim_ws/install/mpc/share/mpc//launch/sim_mpc_launch.py
[0.835s] -- Up-to-date: /home/william/sim_ws/install/mpc/share/mpc//waypoints
[0.835s] -- Up-to-date: /home/william/sim_ws/install/mpc/share/mpc//waypoints/waypoints_sim_interpolated_100.csv
[0.835s] -- Up-to-date: /home/william/sim_ws/install/mpc/share/mpc//waypoints/Hudson.csv
[0.835s] -- Up-to-date: /home/william/sim_ws/install/mpc/share/mpc//waypoints/waypoints_drive.csv
[0.835s] -- Up-to-date: /home/william/sim_ws/install/mpc/share/mpc//waypoints/waypoints_sim.csv
[0.835s] -- Up-to-date: /home/william/sim_ws/install/mpc/share/mpc//waypoints/waypoints1.csv
[0.836s] -- Up-to-date: /home/william/sim_ws/install/mpc/share/mpc//waypoints/waypoints_sim_interpolated_200.csv
[0.836s] -- Up-to-date: /home/william/sim_ws/install/mpc/share/mpc//waypoints/waypoints_sim_interpolated.csv
[0.836s] -- Up-to-date: /home/william/sim_ws/install/mpc/share/mpc//waypoints/waypoints_mpc.csv
[0.836s] -- Up-to-date: /home/william/sim_ws/install/mpc/share/ament_index/resource_index/package_run_dependencies/mpc
[0.836s] -- Up-to-date: /home/william/sim_ws/install/mpc/share/ament_index/resource_index/parent_prefix_path/mpc
[0.836s] -- Up-to-date: /home/william/sim_ws/install/mpc/share/mpc/environment/ament_prefix_path.sh
[0.836s] -- Up-to-date: /home/william/sim_ws/install/mpc/share/mpc/environment/ament_prefix_path.dsv
[0.836s] -- Up-to-date: /home/william/sim_ws/install/mpc/share/mpc/environment/path.sh
[0.836s] -- Up-to-date: /home/william/sim_ws/install/mpc/share/mpc/environment/path.dsv
[0.837s] -- Up-to-date: /home/william/sim_ws/install/mpc/share/mpc/local_setup.bash
[0.837s] -- Up-to-date: /home/william/sim_ws/install/mpc/share/mpc/local_setup.sh
[0.837s] -- Up-to-date: /home/william/sim_ws/install/mpc/share/mpc/local_setup.zsh
[0.837s] -- Up-to-date: /home/william/sim_ws/install/mpc/share/mpc/local_setup.dsv
[0.837s] -- Installing: /home/william/sim_ws/install/mpc/share/mpc/package.dsv
[0.838s] -- Up-to-date: /home/william/sim_ws/install/mpc/share/ament_index/resource_index/packages/mpc
[0.838s] -- Up-to-date: /home/william/sim_ws/install/mpc/share/mpc/cmake/mpcConfig.cmake
[0.839s] -- Up-to-date: /home/william/sim_ws/install/mpc/share/mpc/cmake/mpcConfig-version.cmake
[0.839s] -- Up-to-date: /home/william/sim_ws/install/mpc/share/mpc/package.xml
[0.839s] Invoked command in '/home/william/sim_ws/build/mpc' returned '0': CMAKE_PREFIX_PATH=${CMAKE_PREFIX_PATH}:/home/william/sim_ws/install/particle_filter:/home/william/sim_ws/install/f1tenth_gym_ros:/opt/ros/foxy /usr/bin/cmake --install /home/william/sim_ws/build/mpc
