[6.890s] Invoking command in '/home/f1tenth/f1tenth-ws/src/f1tenth_system/teleop_tools/key_teleop': PYTHONPATH=/home/f1tenth/f1tenth-ws/build/key_teleop/prefix_override:/home/f1tenth/f1tenth-ws/install/key_teleop/lib/python3.8/site-packages:${PYTHONPATH} /usr/bin/python3 setup.py egg_info --egg-base ../../../../build/key_teleop build --build-base /home/f1tenth/f1tenth-ws/build/key_teleop/build install --record /home/f1tenth/f1tenth-ws/build/key_teleop/install.log --install-scripts $base/lib/key_teleop --single-version-externally-managed
[7.871s] running egg_info
[7.874s] writing ../../../../build/key_teleop/key_teleop.egg-info/PKG-INFO
[7.875s] writing dependency_links to ../../../../build/key_teleop/key_teleop.egg-info/dependency_links.txt
[7.876s] writing entry points to ../../../../build/key_teleop/key_teleop.egg-info/entry_points.txt
[7.880s] writing requirements to ../../../../build/key_teleop/key_teleop.egg-info/requires.txt
[7.880s] writing top-level names to ../../../../build/key_teleop/key_teleop.egg-info/top_level.txt
[8.022s] reading manifest file '../../../../build/key_teleop/key_teleop.egg-info/SOURCES.txt'
[8.027s] writing manifest file '../../../../build/key_teleop/key_teleop.egg-info/SOURCES.txt'
[8.029s] running build
[8.029s] running build_py
[8.030s] running install
[8.030s] running install_lib
[8.035s] running install_data
[8.037s] running install_egg_info
[8.046s] removing '/home/f1tenth/f1tenth-ws/install/key_teleop/lib/python3.8/site-packages/key_teleop-0.3.0-py3.8.egg-info' (and everything under it)
[8.047s] Copying ../../../../build/key_teleop/key_teleop.egg-info to /home/f1tenth/f1tenth-ws/install/key_teleop/lib/python3.8/site-packages/key_teleop-0.3.0-py3.8.egg-info
[8.050s] running install_scripts
[8.119s] Installing key_teleop script to /home/f1tenth/f1tenth-ws/install/key_teleop/lib/key_teleop
[8.120s] writing list of installed files to '/home/f1tenth/f1tenth-ws/build/key_teleop/install.log'
[9.895s] Invoked command in '/home/f1tenth/f1tenth-ws/src/f1tenth_system/teleop_tools/key_teleop' returned '0': PYTHONPATH=/home/f1tenth/f1tenth-ws/build/key_teleop/prefix_override:/home/f1tenth/f1tenth-ws/install/key_teleop/lib/python3.8/site-packages:${PYTHONPATH} /usr/bin/python3 setup.py egg_info --egg-base ../../../../build/key_teleop build --build-base /home/f1tenth/f1tenth-ws/build/key_teleop/build install --record /home/f1tenth/f1tenth-ws/build/key_teleop/install.log --install-scripts $base/lib/key_teleop --single-version-externally-managed
