[2.543s] Invoking command in '/home/f1tenth/f1tenth-ws/build/vesc_msgs': CMAKE_PREFIX_PATH=${CMAKE_PREFIX_PATH}:/home/f1tenth/f1tenth-ws/install/f1tenth_stack:/home/f1tenth/f1tenth-ws/install/joy_teleop:/home/f1tenth/f1tenth-ws/install/mouse_teleop:/home/f1tenth/f1tenth-ws/install/key_teleop:/home/f1tenth/f1tenth-ws/install/example_py:/opt/ros/foxy /usr/bin/cmake --build /home/f1tenth/f1tenth-ws/build/vesc_msgs -- -j4 -l4
[3.185s] [ 10%] Built target vesc_msgs__rosidl_generator_c
[3.187s] [ 12%] Built target vesc_msgs__cpp
[3.443s] [ 23%] Built target vesc_msgs__rosidl_typesupport_c
[3.464s] [ 34%] Built target vesc_msgs__rosidl_typesupport_introspection_c
[3.660s] [ 45%] Built target vesc_msgs__rosidl_typesupport_fastrtps_cpp
[3.696s] [ 56%] Built target vesc_msgs__rosidl_typesupport_cpp
[3.731s] [ 67%] Built target vesc_msgs__rosidl_typesupport_introspection_cpp
[3.848s] [ 78%] Built target vesc_msgs__rosidl_typesupport_fastrtps_c
[3.971s] [ 78%] Built target vesc_msgs
[4.110s] [ 80%] Built target vesc_msgs__py
[4.339s] [ 89%] Built target vesc_msgs__python
[4.496s] [ 92%] Built target vesc_msgs__rosidl_typesupport_c__pyext
[4.529s] [ 96%] Built target vesc_msgs__rosidl_typesupport_fastrtps_c__pyext
[4.534s] [100%] Built target vesc_msgs__rosidl_typesupport_introspection_c__pyext
[4.917s] Invoked command in '/home/f1tenth/f1tenth-ws/build/vesc_msgs' returned '0': CMAKE_PREFIX_PATH=${CMAKE_PREFIX_PATH}:/home/f1tenth/f1tenth-ws/install/f1tenth_stack:/home/f1tenth/f1tenth-ws/install/joy_teleop:/home/f1tenth/f1tenth-ws/install/mouse_teleop:/home/f1tenth/f1tenth-ws/install/key_teleop:/home/f1tenth/f1tenth-ws/install/example_py:/opt/ros/foxy /usr/bin/cmake --build /home/f1tenth/f1tenth-ws/build/vesc_msgs -- -j4 -l4
[5.885s] Invoking command in '/home/f1tenth/f1tenth-ws/build/vesc_msgs': CMAKE_PREFIX_PATH=${CMAKE_PREFIX_PATH}:/home/f1tenth/f1tenth-ws/install/f1tenth_stack:/home/f1tenth/f1tenth-ws/install/joy_teleop:/home/f1tenth/f1tenth-ws/install/mouse_teleop:/home/f1tenth/f1tenth-ws/install/key_teleop:/home/f1tenth/f1tenth-ws/install/example_py:/opt/ros/foxy /usr/bin/cmake --install /home/f1tenth/f1tenth-ws/build/vesc_msgs
[5.948s] -- Install configuration: ""
[5.952s] -- Up-to-date: /home/f1tenth/f1tenth-ws/install/vesc_msgs/share/ament_index/resource_index/rosidl_interfaces/vesc_msgs
[5.953s] -- Up-to-date: /home/f1tenth/f1tenth-ws/install/vesc_msgs/include/vesc_msgs
[5.955s] -- Up-to-date: /home/f1tenth/f1tenth-ws/install/vesc_msgs/include/vesc_msgs/msg
[5.956s] -- Up-to-date: /home/f1tenth/f1tenth-ws/install/vesc_msgs/include/vesc_msgs/msg/detail
[5.957s] -- Up-to-date: /home/f1tenth/f1tenth-ws/install/vesc_msgs/include/vesc_msgs/msg/detail/vesc_imu_stamped__struct.h
[5.957s] -- Up-to-date: /home/f1tenth/f1tenth-ws/install/vesc_msgs/include/vesc_msgs/msg/detail/vesc_state__functions.c
[5.964s] -- Up-to-date: /home/f1tenth/f1tenth-ws/install/vesc_msgs/include/vesc_msgs/msg/detail/vesc_state__type_support.h
[5.964s] -- Up-to-date: /home/f1tenth/f1tenth-ws/install/vesc_msgs/include/vesc_msgs/msg/detail/vesc_imu__struct.h
[5.965s] -- Up-to-date: /home/f1tenth/f1tenth-ws/install/vesc_msgs/include/vesc_msgs/msg/detail/vesc_state_stamped__functions.h
[5.965s] -- Up-to-date: /home/f1tenth/f1tenth-ws/install/vesc_msgs/include/vesc_msgs/msg/detail/vesc_state__struct.h
[5.966s] -- Up-to-date: /home/f1tenth/f1tenth-ws/install/vesc_msgs/include/vesc_msgs/msg/detail/vesc_state_stamped__struct.h
[5.966s] -- Up-to-date: /home/f1tenth/f1tenth-ws/install/vesc_msgs/include/vesc_msgs/msg/detail/vesc_imu__type_support.h
[5.966s] -- Up-to-date: /home/f1tenth/f1tenth-ws/install/vesc_msgs/include/vesc_msgs/msg/detail/vesc_imu_stamped__type_support.h
[5.968s] -- Up-to-date: /home/f1tenth/f1tenth-ws/install/vesc_msgs/include/vesc_msgs/msg/detail/vesc_state_stamped__type_support.h
[5.969s] -- Up-to-date: /home/f1tenth/f1tenth-ws/install/vesc_msgs/include/vesc_msgs/msg/detail/vesc_imu__functions.c
[5.969s] -- Up-to-date: /home/f1tenth/f1tenth-ws/install/vesc_msgs/include/vesc_msgs/msg/detail/vesc_imu__functions.h
[5.972s] -- Up-to-date: /home/f1tenth/f1tenth-ws/install/vesc_msgs/include/vesc_msgs/msg/detail/vesc_state_stamped__functions.c
[5.973s] -- Up-to-date: /home/f1tenth/f1tenth-ws/install/vesc_msgs/include/vesc_msgs/msg/detail/vesc_imu_stamped__functions.c
[5.975s] -- Up-to-date: /home/f1tenth/f1tenth-ws/install/vesc_msgs/include/vesc_msgs/msg/detail/vesc_imu_stamped__functions.h
[5.975s] -- Up-to-date: /home/f1tenth/f1tenth-ws/install/vesc_msgs/include/vesc_msgs/msg/detail/vesc_state__functions.h
[5.976s] -- Up-to-date: /home/f1tenth/f1tenth-ws/install/vesc_msgs/include/vesc_msgs/msg/vesc_state.h
[5.976s] -- Up-to-date: /home/f1tenth/f1tenth-ws/install/vesc_msgs/include/vesc_msgs/msg/rosidl_generator_c__visibility_control.h
[5.976s] -- Up-to-date: /home/f1tenth/f1tenth-ws/install/vesc_msgs/include/vesc_msgs/msg/vesc_imu.h
[5.977s] -- Up-to-date: /home/f1tenth/f1tenth-ws/install/vesc_msgs/include/vesc_msgs/msg/vesc_imu_stamped.h
[5.977s] -- Up-to-date: /home/f1tenth/f1tenth-ws/install/vesc_msgs/include/vesc_msgs/msg/vesc_state_stamped.h
[5.978s] -- Up-to-date: /home/f1tenth/f1tenth-ws/install/vesc_msgs/share/vesc_msgs/environment/library_path.sh
[5.978s] -- Up-to-date: /home/f1tenth/f1tenth-ws/install/vesc_msgs/share/vesc_msgs/environment/library_path.dsv
[5.989s] -- Up-to-date: /home/f1tenth/f1tenth-ws/install/vesc_msgs/lib/libvesc_msgs__rosidl_generator_c.so
[5.997s] -- Up-to-date: /home/f1tenth/f1tenth-ws/install/vesc_msgs/include/vesc_msgs
[6.014s] -- Up-to-date: /home/f1tenth/f1tenth-ws/install/vesc_msgs/include/vesc_msgs/msg
[6.015s] -- Up-to-date: /home/f1tenth/f1tenth-ws/install/vesc_msgs/include/vesc_msgs/msg/detail
[6.016s] -- Up-to-date: /home/f1tenth/f1tenth-ws/install/vesc_msgs/include/vesc_msgs/msg/detail/vesc_state_stamped__rosidl_typesupport_fastrtps_c.h
[6.016s] -- Up-to-date: /home/f1tenth/f1tenth-ws/install/vesc_msgs/include/vesc_msgs/msg/detail/vesc_state__rosidl_typesupport_fastrtps_c.h
[6.017s] -- Up-to-date: /home/f1tenth/f1tenth-ws/install/vesc_msgs/include/vesc_msgs/msg/detail/vesc_imu__rosidl_typesupport_fastrtps_c.h
[6.017s] -- Up-to-date: /home/f1tenth/f1tenth-ws/install/vesc_msgs/include/vesc_msgs/msg/detail/vesc_imu_stamped__rosidl_typesupport_fastrtps_c.h
[6.019s] -- Up-to-date: /home/f1tenth/f1tenth-ws/install/vesc_msgs/include/vesc_msgs/msg/rosidl_typesupport_fastrtps_c__visibility_control.h
[6.019s] -- Up-to-date: /home/f1tenth/f1tenth-ws/install/vesc_msgs/lib/libvesc_msgs__rosidl_typesupport_fastrtps_c.so
[6.020s] -- Up-to-date: /home/f1tenth/f1tenth-ws/install/vesc_msgs/include/vesc_msgs
[6.020s] -- Up-to-date: /home/f1tenth/f1tenth-ws/install/vesc_msgs/include/vesc_msgs/msg
[6.020s] -- Up-to-date: /home/f1tenth/f1tenth-ws/install/vesc_msgs/include/vesc_msgs/msg/detail
[6.021s] -- Up-to-date: /home/f1tenth/f1tenth-ws/install/vesc_msgs/include/vesc_msgs/msg/detail/dds_fastrtps
[6.022s] -- Up-to-date: /home/f1tenth/f1tenth-ws/install/vesc_msgs/include/vesc_msgs/msg/detail/vesc_state__rosidl_typesupport_fastrtps_cpp.hpp
[6.024s] -- Up-to-date: /home/f1tenth/f1tenth-ws/install/vesc_msgs/include/vesc_msgs/msg/detail/vesc_imu__rosidl_typesupport_fastrtps_cpp.hpp
[6.025s] -- Up-to-date: /home/f1tenth/f1tenth-ws/install/vesc_msgs/include/vesc_msgs/msg/detail/vesc_state_stamped__rosidl_typesupport_fastrtps_cpp.hpp
[6.026s] -- Up-to-date: /home/f1tenth/f1tenth-ws/install/vesc_msgs/include/vesc_msgs/msg/detail/vesc_imu_stamped__rosidl_typesupport_fastrtps_cpp.hpp
[6.032s] -- Up-to-date: /home/f1tenth/f1tenth-ws/install/vesc_msgs/include/vesc_msgs/msg/rosidl_typesupport_fastrtps_cpp__visibility_control.h
[6.032s] -- Up-to-date: /home/f1tenth/f1tenth-ws/install/vesc_msgs/lib/libvesc_msgs__rosidl_typesupport_fastrtps_cpp.so
[6.033s] -- Up-to-date: /home/f1tenth/f1tenth-ws/install/vesc_msgs/include/vesc_msgs
[6.035s] -- Up-to-date: /home/f1tenth/f1tenth-ws/install/vesc_msgs/include/vesc_msgs/msg
[6.036s] -- Up-to-date: /home/f1tenth/f1tenth-ws/install/vesc_msgs/include/vesc_msgs/msg/rosidl_typesupport_introspection_c__visibility_control.h
[6.037s] -- Up-to-date: /home/f1tenth/f1tenth-ws/install/vesc_msgs/include/vesc_msgs/msg/detail
[6.038s] -- Up-to-date: /home/f1tenth/f1tenth-ws/install/vesc_msgs/include/vesc_msgs/msg/detail/vesc_imu__rosidl_typesupport_introspection_c.h
[6.041s] -- Up-to-date: /home/f1tenth/f1tenth-ws/install/vesc_msgs/include/vesc_msgs/msg/detail/vesc_state__rosidl_typesupport_introspection_c.h
[6.045s] -- Up-to-date: /home/f1tenth/f1tenth-ws/install/vesc_msgs/include/vesc_msgs/msg/detail/vesc_imu__type_support.c
[6.047s] -- Up-to-date: /home/f1tenth/f1tenth-ws/install/vesc_msgs/include/vesc_msgs/msg/detail/vesc_state_stamped__type_support.c
[6.047s] -- Up-to-date: /home/f1tenth/f1tenth-ws/install/vesc_msgs/include/vesc_msgs/msg/detail/vesc_state_stamped__rosidl_typesupport_introspection_c.h
[6.048s] -- Up-to-date: /home/f1tenth/f1tenth-ws/install/vesc_msgs/include/vesc_msgs/msg/detail/vesc_imu_stamped__type_support.c
[6.048s] -- Up-to-date: /home/f1tenth/f1tenth-ws/install/vesc_msgs/include/vesc_msgs/msg/detail/vesc_imu_stamped__rosidl_typesupport_introspection_c.h
[6.049s] -- Up-to-date: /home/f1tenth/f1tenth-ws/install/vesc_msgs/include/vesc_msgs/msg/detail/vesc_state__type_support.c
[6.068s] -- Up-to-date: /home/f1tenth/f1tenth-ws/install/vesc_msgs/lib/libvesc_msgs__rosidl_typesupport_introspection_c.so
[6.080s] -- Up-to-date: /home/f1tenth/f1tenth-ws/install/vesc_msgs/lib/libvesc_msgs__rosidl_typesupport_c.so
[6.081s] -- Up-to-date: /home/f1tenth/f1tenth-ws/install/vesc_msgs/include/vesc_msgs
[6.081s] -- Up-to-date: /home/f1tenth/f1tenth-ws/install/vesc_msgs/include/vesc_msgs/msg
[6.083s] -- Up-to-date: /home/f1tenth/f1tenth-ws/install/vesc_msgs/include/vesc_msgs/msg/vesc_imu_stamped.hpp
[6.087s] -- Up-to-date: /home/f1tenth/f1tenth-ws/install/vesc_msgs/include/vesc_msgs/msg/vesc_state.hpp
[6.087s] -- Up-to-date: /home/f1tenth/f1tenth-ws/install/vesc_msgs/include/vesc_msgs/msg/vesc_state_stamped.hpp
[6.088s] -- Up-to-date: /home/f1tenth/f1tenth-ws/install/vesc_msgs/include/vesc_msgs/msg/rosidl_generator_cpp__visibility_control.hpp
[6.088s] -- Up-to-date: /home/f1tenth/f1tenth-ws/install/vesc_msgs/include/vesc_msgs/msg/detail
[6.088s] -- Up-to-date: /home/f1tenth/f1tenth-ws/install/vesc_msgs/include/vesc_msgs/msg/detail/vesc_state__traits.hpp
[6.089s] -- Up-to-date: /home/f1tenth/f1tenth-ws/install/vesc_msgs/include/vesc_msgs/msg/detail/vesc_state__struct.hpp
[6.089s] -- Up-to-date: /home/f1tenth/f1tenth-ws/install/vesc_msgs/include/vesc_msgs/msg/detail/vesc_state_stamped__builder.hpp
[6.089s] -- Up-to-date: /home/f1tenth/f1tenth-ws/install/vesc_msgs/include/vesc_msgs/msg/detail/vesc_imu_stamped__traits.hpp
[6.090s] -- Up-to-date: /home/f1tenth/f1tenth-ws/install/vesc_msgs/include/vesc_msgs/msg/detail/vesc_state_stamped__struct.hpp
[6.091s] -- Up-to-date: /home/f1tenth/f1tenth-ws/install/vesc_msgs/include/vesc_msgs/msg/detail/vesc_state__builder.hpp
[6.092s] -- Up-to-date: /home/f1tenth/f1tenth-ws/install/vesc_msgs/include/vesc_msgs/msg/detail/vesc_imu__builder.hpp
[6.092s] -- Up-to-date: /home/f1tenth/f1tenth-ws/install/vesc_msgs/include/vesc_msgs/msg/detail/vesc_imu__traits.hpp
[6.093s] -- Up-to-date: /home/f1tenth/f1tenth-ws/install/vesc_msgs/include/vesc_msgs/msg/detail/vesc_state__type_support.hpp
[6.093s] -- Up-to-date: /home/f1tenth/f1tenth-ws/install/vesc_msgs/include/vesc_msgs/msg/detail/vesc_imu_stamped__struct.hpp
[6.094s] -- Up-to-date: /home/f1tenth/f1tenth-ws/install/vesc_msgs/include/vesc_msgs/msg/detail/vesc_imu__type_support.hpp
[6.095s] -- Up-to-date: /home/f1tenth/f1tenth-ws/install/vesc_msgs/include/vesc_msgs/msg/detail/vesc_imu__struct.hpp
[6.096s] -- Up-to-date: /home/f1tenth/f1tenth-ws/install/vesc_msgs/include/vesc_msgs/msg/detail/vesc_state_stamped__traits.hpp
[6.097s] -- Up-to-date: /home/f1tenth/f1tenth-ws/install/vesc_msgs/include/vesc_msgs/msg/detail/vesc_state_stamped__type_support.hpp
[6.099s] -- Up-to-date: /home/f1tenth/f1tenth-ws/install/vesc_msgs/include/vesc_msgs/msg/detail/vesc_imu_stamped__builder.hpp
[6.101s] -- Up-to-date: /home/f1tenth/f1tenth-ws/install/vesc_msgs/include/vesc_msgs/msg/detail/vesc_imu_stamped__type_support.hpp
[6.102s] -- Up-to-date: /home/f1tenth/f1tenth-ws/install/vesc_msgs/include/vesc_msgs/msg/vesc_imu.hpp
[6.119s] -- Up-to-date: /home/f1tenth/f1tenth-ws/install/vesc_msgs/include/vesc_msgs
[6.121s] -- Up-to-date: /home/f1tenth/f1tenth-ws/install/vesc_msgs/include/vesc_msgs/msg
[6.123s] -- Up-to-date: /home/f1tenth/f1tenth-ws/install/vesc_msgs/include/vesc_msgs/msg/detail
[6.124s] -- Up-to-date: /home/f1tenth/f1tenth-ws/install/vesc_msgs/include/vesc_msgs/msg/detail/vesc_state_stamped__rosidl_typesupport_introspection_cpp.hpp
[6.127s] -- Up-to-date: /home/f1tenth/f1tenth-ws/install/vesc_msgs/include/vesc_msgs/msg/detail/vesc_imu_stamped__type_support.cpp
[6.129s] -- Up-to-date: /home/f1tenth/f1tenth-ws/install/vesc_msgs/include/vesc_msgs/msg/detail/vesc_imu_stamped__rosidl_typesupport_introspection_cpp.hpp
[6.137s] -- Up-to-date: /home/f1tenth/f1tenth-ws/install/vesc_msgs/include/vesc_msgs/msg/detail/vesc_imu__type_support.cpp
[6.138s] -- Up-to-date: /home/f1tenth/f1tenth-ws/install/vesc_msgs/include/vesc_msgs/msg/detail/vesc_imu__rosidl_typesupport_introspection_cpp.hpp
[6.138s] -- Up-to-date: /home/f1tenth/f1tenth-ws/install/vesc_msgs/include/vesc_msgs/msg/detail/vesc_state_stamped__type_support.cpp
[6.139s] -- Up-to-date: /home/f1tenth/f1tenth-ws/install/vesc_msgs/include/vesc_msgs/msg/detail/vesc_state__rosidl_typesupport_introspection_cpp.hpp
[6.139s] -- Up-to-date: /home/f1tenth/f1tenth-ws/install/vesc_msgs/include/vesc_msgs/msg/detail/vesc_state__type_support.cpp
[6.155s] -- Up-to-date: /home/f1tenth/f1tenth-ws/install/vesc_msgs/lib/libvesc_msgs__rosidl_typesupport_introspection_cpp.so
[6.161s] -- Up-to-date: /home/f1tenth/f1tenth-ws/install/vesc_msgs/lib/libvesc_msgs__rosidl_typesupport_cpp.so
[6.165s] -- Up-to-date: /home/f1tenth/f1tenth-ws/install/vesc_msgs/share/vesc_msgs/environment/pythonpath.sh
[6.178s] -- Up-to-date: /home/f1tenth/f1tenth-ws/install/vesc_msgs/share/vesc_msgs/environment/pythonpath.dsv
[6.178s] -- Up-to-date: /home/f1tenth/f1tenth-ws/install/vesc_msgs/lib/python3.8/site-packages/vesc_msgs/__init__.py
[6.263s] -- Up-to-date: /home/f1tenth/f1tenth-ws/install/vesc_msgs/lib/python3.8/site-packages/vesc_msgs/msg
[6.264s] -- Up-to-date: /home/f1tenth/f1tenth-ws/install/vesc_msgs/lib/python3.8/site-packages/vesc_msgs/msg/_vesc_imu_stamped.py
[6.264s] -- Up-to-date: /home/f1tenth/f1tenth-ws/install/vesc_msgs/lib/python3.8/site-packages/vesc_msgs/msg/_vesc_state.py
[6.265s] -- Up-to-date: /home/f1tenth/f1tenth-ws/install/vesc_msgs/lib/python3.8/site-packages/vesc_msgs/msg/_vesc_state_s.c
[6.265s] -- Up-to-date: /home/f1tenth/f1tenth-ws/install/vesc_msgs/lib/python3.8/site-packages/vesc_msgs/msg/_vesc_state_stamped.py
[6.266s] -- Up-to-date: /home/f1tenth/f1tenth-ws/install/vesc_msgs/lib/python3.8/site-packages/vesc_msgs/msg/_vesc_imu.py
[6.266s] -- Up-to-date: /home/f1tenth/f1tenth-ws/install/vesc_msgs/lib/python3.8/site-packages/vesc_msgs/msg/__init__.py
[6.271s] -- Up-to-date: /home/f1tenth/f1tenth-ws/install/vesc_msgs/lib/python3.8/site-packages/vesc_msgs/msg/_vesc_state_stamped_s.c
[6.272s] -- Up-to-date: /home/f1tenth/f1tenth-ws/install/vesc_msgs/lib/python3.8/site-packages/vesc_msgs/msg/_vesc_imu_s.c
[6.281s] -- Up-to-date: /home/f1tenth/f1tenth-ws/install/vesc_msgs/lib/python3.8/site-packages/vesc_msgs/msg/_vesc_imu_stamped_s.c
[6.284s] -- Up-to-date: /home/f1tenth/f1tenth-ws/install/vesc_msgs/lib/python3.8/site-packages/vesc_msgs/vesc_msgs_s__rosidl_typesupport_fastrtps_c.cpython-38-aarch64-linux-gnu.so
[6.284s] -- Up-to-date: /home/f1tenth/f1tenth-ws/install/vesc_msgs/lib/python3.8/site-packages/vesc_msgs/vesc_msgs_s__rosidl_typesupport_introspection_c.cpython-38-aarch64-linux-gnu.so
[6.285s] -- Up-to-date: /home/f1tenth/f1tenth-ws/install/vesc_msgs/lib/python3.8/site-packages/vesc_msgs/vesc_msgs_s__rosidl_typesupport_c.cpython-38-aarch64-linux-gnu.so
[6.285s] -- Up-to-date: /home/f1tenth/f1tenth-ws/install/vesc_msgs/lib/libvesc_msgs__python.so
[6.286s] -- Up-to-date: /home/f1tenth/f1tenth-ws/install/vesc_msgs/share/vesc_msgs/msg/VescState.idl
[6.286s] -- Up-to-date: /home/f1tenth/f1tenth-ws/install/vesc_msgs/share/vesc_msgs/msg/VescStateStamped.idl
[6.287s] -- Up-to-date: /home/f1tenth/f1tenth-ws/install/vesc_msgs/share/vesc_msgs/msg/VescImu.idl
[6.288s] -- Up-to-date: /home/f1tenth/f1tenth-ws/install/vesc_msgs/share/vesc_msgs/msg/VescImuStamped.idl
[6.288s] -- Up-to-date: /home/f1tenth/f1tenth-ws/install/vesc_msgs/share/vesc_msgs/msg/VescState.msg
[6.288s] -- Up-to-date: /home/f1tenth/f1tenth-ws/install/vesc_msgs/share/vesc_msgs/msg/VescStateStamped.msg
[6.289s] -- Up-to-date: /home/f1tenth/f1tenth-ws/install/vesc_msgs/share/vesc_msgs/msg/VescImu.msg
[6.289s] -- Up-to-date: /home/f1tenth/f1tenth-ws/install/vesc_msgs/share/vesc_msgs/msg/VescImuStamped.msg
[6.290s] -- Up-to-date: /home/f1tenth/f1tenth-ws/install/vesc_msgs/share/ament_index/resource_index/package_run_dependencies/vesc_msgs
[6.292s] -- Up-to-date: /home/f1tenth/f1tenth-ws/install/vesc_msgs/share/ament_index/resource_index/parent_prefix_path/vesc_msgs
[6.293s] -- Up-to-date: /home/f1tenth/f1tenth-ws/install/vesc_msgs/share/vesc_msgs/environment/ament_prefix_path.sh
[6.293s] -- Up-to-date: /home/f1tenth/f1tenth-ws/install/vesc_msgs/share/vesc_msgs/environment/ament_prefix_path.dsv
[6.293s] -- Up-to-date: /home/f1tenth/f1tenth-ws/install/vesc_msgs/share/vesc_msgs/environment/path.sh
[6.294s] -- Up-to-date: /home/f1tenth/f1tenth-ws/install/vesc_msgs/share/vesc_msgs/environment/path.dsv
[6.299s] -- Up-to-date: /home/f1tenth/f1tenth-ws/install/vesc_msgs/share/vesc_msgs/local_setup.bash
[6.301s] -- Up-to-date: /home/f1tenth/f1tenth-ws/install/vesc_msgs/share/vesc_msgs/local_setup.sh
[6.301s] -- Up-to-date: /home/f1tenth/f1tenth-ws/install/vesc_msgs/share/vesc_msgs/local_setup.zsh
[6.302s] -- Up-to-date: /home/f1tenth/f1tenth-ws/install/vesc_msgs/share/vesc_msgs/local_setup.dsv
[6.302s] -- Installing: /home/f1tenth/f1tenth-ws/install/vesc_msgs/share/vesc_msgs/package.dsv
[6.303s] -- Up-to-date: /home/f1tenth/f1tenth-ws/install/vesc_msgs/share/ament_index/resource_index/packages/vesc_msgs
[6.303s] -- Up-to-date: /home/f1tenth/f1tenth-ws/install/vesc_msgs/share/vesc_msgs/cmake/vesc_msgs__rosidl_generator_cExport.cmake
[6.303s] -- Up-to-date: /home/f1tenth/f1tenth-ws/install/vesc_msgs/share/vesc_msgs/cmake/vesc_msgs__rosidl_generator_cExport-noconfig.cmake
[6.304s] -- Up-to-date: /home/f1tenth/f1tenth-ws/install/vesc_msgs/share/vesc_msgs/cmake/vesc_msgs__rosidl_typesupport_introspection_cExport.cmake
[6.304s] -- Up-to-date: /home/f1tenth/f1tenth-ws/install/vesc_msgs/share/vesc_msgs/cmake/vesc_msgs__rosidl_typesupport_introspection_cExport-noconfig.cmake
[6.306s] -- Up-to-date: /home/f1tenth/f1tenth-ws/install/vesc_msgs/share/vesc_msgs/cmake/vesc_msgs__rosidl_typesupport_cExport.cmake
[6.307s] -- Up-to-date: /home/f1tenth/f1tenth-ws/install/vesc_msgs/share/vesc_msgs/cmake/vesc_msgs__rosidl_typesupport_cExport-noconfig.cmake
[6.308s] -- Up-to-date: /home/f1tenth/f1tenth-ws/install/vesc_msgs/share/vesc_msgs/cmake/vesc_msgs__rosidl_generator_cppExport.cmake
[6.319s] -- Up-to-date: /home/f1tenth/f1tenth-ws/install/vesc_msgs/share/vesc_msgs/cmake/vesc_msgs__rosidl_typesupport_introspection_cppExport.cmake
[6.319s] -- Up-to-date: /home/f1tenth/f1tenth-ws/install/vesc_msgs/share/vesc_msgs/cmake/vesc_msgs__rosidl_typesupport_introspection_cppExport-noconfig.cmake
[6.322s] -- Up-to-date: /home/f1tenth/f1tenth-ws/install/vesc_msgs/share/vesc_msgs/cmake/vesc_msgs__rosidl_typesupport_cppExport.cmake
[6.323s] -- Up-to-date: /home/f1tenth/f1tenth-ws/install/vesc_msgs/share/vesc_msgs/cmake/vesc_msgs__rosidl_typesupport_cppExport-noconfig.cmake
[6.323s] -- Up-to-date: /home/f1tenth/f1tenth-ws/install/vesc_msgs/share/vesc_msgs/cmake/rosidl_cmake-extras.cmake
[6.324s] -- Up-to-date: /home/f1tenth/f1tenth-ws/install/vesc_msgs/share/vesc_msgs/cmake/ament_cmake_export_dependencies-extras.cmake
[6.327s] -- Up-to-date: /home/f1tenth/f1tenth-ws/install/vesc_msgs/share/vesc_msgs/cmake/ament_cmake_export_libraries-extras.cmake
[6.327s] -- Up-to-date: /home/f1tenth/f1tenth-ws/install/vesc_msgs/share/vesc_msgs/cmake/ament_cmake_export_targets-extras.cmake
[6.328s] -- Up-to-date: /home/f1tenth/f1tenth-ws/install/vesc_msgs/share/vesc_msgs/cmake/ament_cmake_export_include_directories-extras.cmake
[6.328s] -- Up-to-date: /home/f1tenth/f1tenth-ws/install/vesc_msgs/share/vesc_msgs/cmake/rosidl_cmake_export_typesupport_libraries-extras.cmake
[6.332s] -- Up-to-date: /home/f1tenth/f1tenth-ws/install/vesc_msgs/share/vesc_msgs/cmake/rosidl_cmake_export_typesupport_targets-extras.cmake
[6.333s] -- Up-to-date: /home/f1tenth/f1tenth-ws/install/vesc_msgs/share/vesc_msgs/cmake/vesc_msgsConfig.cmake
[6.334s] -- Up-to-date: /home/f1tenth/f1tenth-ws/install/vesc_msgs/share/vesc_msgs/cmake/vesc_msgsConfig-version.cmake
[6.336s] -- Up-to-date: /home/f1tenth/f1tenth-ws/install/vesc_msgs/share/vesc_msgs/package.xml
[7.626s] Invoked command in '/home/f1tenth/f1tenth-ws/build/vesc_msgs' returned '0': CMAKE_PREFIX_PATH=${CMAKE_PREFIX_PATH}:/home/f1tenth/f1tenth-ws/install/f1tenth_stack:/home/f1tenth/f1tenth-ws/install/joy_teleop:/home/f1tenth/f1tenth-ws/install/mouse_teleop:/home/f1tenth/f1tenth-ws/install/key_teleop:/home/f1tenth/f1tenth-ws/install/example_py:/opt/ros/foxy /usr/bin/cmake --install /home/f1tenth/f1tenth-ws/build/vesc_msgs
