[7.809s] Invoking command in '/home/f1tenth/f1tenth-ws/src/test_driving_2/example_py': PYTHONPATH=/home/f1tenth/f1tenth-ws/build/example_py/prefix_override:/home/f1tenth/f1tenth-ws/install/example_py/lib/python3.8/site-packages:${PYTHONPATH} /usr/bin/python3 setup.py egg_info --egg-base ../../../build/example_py build --build-base /home/f1tenth/f1tenth-ws/build/example_py/build install --record /home/f1tenth/f1tenth-ws/build/example_py/install.log --install-scripts $base/lib/example_py --single-version-externally-managed
[9.133s] running egg_info
[9.138s] writing ../../../build/example_py/example_py.egg-info/PKG-INFO
[9.138s] writing dependency_links to ../../../build/example_py/example_py.egg-info/dependency_links.txt
[9.139s] writing entry points to ../../../build/example_py/example_py.egg-info/entry_points.txt
[9.140s] writing requirements to ../../../build/example_py/example_py.egg-info/requires.txt
[9.141s] writing top-level names to ../../../build/example_py/example_py.egg-info/top_level.txt
[9.292s] reading manifest file '../../../build/example_py/example_py.egg-info/SOURCES.txt'
[9.300s] writing manifest file '../../../build/example_py/example_py.egg-info/SOURCES.txt'
[9.301s] running build
[9.303s] running build_py
[9.306s] running install
[9.308s] running install_lib
[9.317s] running install_data
[9.320s] running install_egg_info
[9.329s] removing '/home/f1tenth/f1tenth-ws/install/example_py/lib/python3.8/site-packages/example_py-0.0.0-py3.8.egg-info' (and everything under it)
[9.331s] Copying ../../../build/example_py/example_py.egg-info to /home/f1tenth/f1tenth-ws/install/example_py/lib/python3.8/site-packages/example_py-0.0.0-py3.8.egg-info
[9.336s] running install_scripts
[9.416s] Installing li4_node script to /home/f1tenth/f1tenth-ws/install/example_py/lib/example_py
[9.421s] writing list of installed files to '/home/f1tenth/f1tenth-ws/build/example_py/install.log'
[10.534s] Invoked command in '/home/f1tenth/f1tenth-ws/src/test_driving_2/example_py' returned '0': PYTHONPATH=/home/f1tenth/f1tenth-ws/build/example_py/prefix_override:/home/f1tenth/f1tenth-ws/install/example_py/lib/python3.8/site-packages:${PYTHONPATH} /usr/bin/python3 setup.py egg_info --egg-base ../../../build/example_py build --build-base /home/f1tenth/f1tenth-ws/build/example_py/build install --record /home/f1tenth/f1tenth-ws/build/example_py/install.log --install-scripts $base/lib/example_py --single-version-externally-managed
