[1.353s] Invoking command in '/mnt/nvme0n1/f1tenth_ws/build/teleop_tools_msgs': CMAKE_PREFIX_PATH=/opt/ros/foxy /usr/bin/cmake --build /mnt/nvme0n1/f1tenth_ws/build/teleop_tools_msgs -- -j4 -l4
[3.235s] [  9%] Built target teleop_tools_msgs__rosidl_generator_c
[3.237s] [ 12%] Built target teleop_tools_msgs__cpp
[3.238s] [ 22%] Built target teleop_tools_msgs__rosidl_typesupport_introspection_c
[3.238s] [ 32%] Built target teleop_tools_msgs__rosidl_typesupport_introspection_cpp
[3.239s] [ 41%] Built target teleop_tools_msgs__rosidl_typesupport_c
[3.239s] [ 51%] Built target teleop_tools_msgs__rosidl_typesupport_cpp
[3.240s] [ 61%] Built target teleop_tools_msgs__rosidl_typesupport_fastrtps_cpp
[3.249s] [ 70%] Built target teleop_tools_msgs__rosidl_typesupport_fastrtps_c
[3.253s] [ 70%] Built target teleop_tools_msgs
[3.253s] [ 74%] Built target teleop_tools_msgs__py
[3.253s] [ 80%] Built target teleop_tools_msgs__python
[3.254s] [ 87%] Built target teleop_tools_msgs__rosidl_typesupport_c__pyext
[3.254s] [ 93%] Built target teleop_tools_msgs__rosidl_typesupport_fastrtps_c__pyext
[3.255s] [100%] Built target teleop_tools_msgs__rosidl_typesupport_introspection_c__pyext
[3.262s] Invoked command in '/mnt/nvme0n1/f1tenth_ws/build/teleop_tools_msgs' returned '0': CMAKE_PREFIX_PATH=/opt/ros/foxy /usr/bin/cmake --build /mnt/nvme0n1/f1tenth_ws/build/teleop_tools_msgs -- -j4 -l4
[3.522s] Invoking command in '/mnt/nvme0n1/f1tenth_ws/build/teleop_tools_msgs': CMAKE_PREFIX_PATH=/opt/ros/foxy /usr/bin/cmake --install /mnt/nvme0n1/f1tenth_ws/build/teleop_tools_msgs
[3.589s] -- Install configuration: ""
[3.594s] -- Up-to-date: /mnt/nvme0n1/f1tenth_ws/install/teleop_tools_msgs/share/ament_index/resource_index/rosidl_interfaces/teleop_tools_msgs
[3.596s] -- Up-to-date: /mnt/nvme0n1/f1tenth_ws/install/teleop_tools_msgs/include/teleop_tools_msgs
[3.601s] -- Up-to-date: /mnt/nvme0n1/f1tenth_ws/install/teleop_tools_msgs/include/teleop_tools_msgs/msg
[3.605s] -- Up-to-date: /mnt/nvme0n1/f1tenth_ws/install/teleop_tools_msgs/include/teleop_tools_msgs/msg/rosidl_generator_c__visibility_control.h
[3.608s] -- Up-to-date: /mnt/nvme0n1/f1tenth_ws/install/teleop_tools_msgs/include/teleop_tools_msgs/action
[3.610s] -- Up-to-date: /mnt/nvme0n1/f1tenth_ws/install/teleop_tools_msgs/include/teleop_tools_msgs/action/detail
[3.613s] -- Up-to-date: /mnt/nvme0n1/f1tenth_ws/install/teleop_tools_msgs/include/teleop_tools_msgs/action/detail/increment__functions.h
[3.615s] -- Up-to-date: /mnt/nvme0n1/f1tenth_ws/install/teleop_tools_msgs/include/teleop_tools_msgs/action/detail/increment__type_support.h
[3.619s] -- Up-to-date: /mnt/nvme0n1/f1tenth_ws/install/teleop_tools_msgs/include/teleop_tools_msgs/action/detail/increment__struct.h
[3.621s] -- Up-to-date: /mnt/nvme0n1/f1tenth_ws/install/teleop_tools_msgs/include/teleop_tools_msgs/action/detail/increment__functions.c
[3.625s] -- Up-to-date: /mnt/nvme0n1/f1tenth_ws/install/teleop_tools_msgs/include/teleop_tools_msgs/action/increment.h
[3.627s] -- Up-to-date: /mnt/nvme0n1/f1tenth_ws/install/teleop_tools_msgs/share/teleop_tools_msgs/environment/library_path.sh
[3.629s] -- Up-to-date: /mnt/nvme0n1/f1tenth_ws/install/teleop_tools_msgs/share/teleop_tools_msgs/environment/library_path.dsv
[3.630s] -- Up-to-date: /mnt/nvme0n1/f1tenth_ws/install/teleop_tools_msgs/lib/libteleop_tools_msgs__rosidl_generator_c.so
[3.631s] -- Up-to-date: /mnt/nvme0n1/f1tenth_ws/install/teleop_tools_msgs/include/teleop_tools_msgs
[3.633s] -- Up-to-date: /mnt/nvme0n1/f1tenth_ws/install/teleop_tools_msgs/include/teleop_tools_msgs/msg
[3.637s] -- Up-to-date: /mnt/nvme0n1/f1tenth_ws/install/teleop_tools_msgs/include/teleop_tools_msgs/msg/rosidl_typesupport_fastrtps_c__visibility_control.h
[3.639s] -- Up-to-date: /mnt/nvme0n1/f1tenth_ws/install/teleop_tools_msgs/include/teleop_tools_msgs/action
[3.642s] -- Up-to-date: /mnt/nvme0n1/f1tenth_ws/install/teleop_tools_msgs/include/teleop_tools_msgs/action/detail
[3.644s] -- Up-to-date: /mnt/nvme0n1/f1tenth_ws/install/teleop_tools_msgs/include/teleop_tools_msgs/action/detail/increment__rosidl_typesupport_fastrtps_c.h
[3.645s] -- Up-to-date: /mnt/nvme0n1/f1tenth_ws/install/teleop_tools_msgs/lib/libteleop_tools_msgs__rosidl_typesupport_fastrtps_c.so
[3.648s] -- Up-to-date: /mnt/nvme0n1/f1tenth_ws/install/teleop_tools_msgs/include/teleop_tools_msgs
[3.650s] -- Up-to-date: /mnt/nvme0n1/f1tenth_ws/install/teleop_tools_msgs/include/teleop_tools_msgs/msg
[3.651s] -- Up-to-date: /mnt/nvme0n1/f1tenth_ws/install/teleop_tools_msgs/include/teleop_tools_msgs/msg/rosidl_typesupport_fastrtps_cpp__visibility_control.h
[3.651s] -- Up-to-date: /mnt/nvme0n1/f1tenth_ws/install/teleop_tools_msgs/include/teleop_tools_msgs/action
[3.652s] -- Up-to-date: /mnt/nvme0n1/f1tenth_ws/install/teleop_tools_msgs/include/teleop_tools_msgs/action/detail
[3.653s] -- Up-to-date: /mnt/nvme0n1/f1tenth_ws/install/teleop_tools_msgs/include/teleop_tools_msgs/action/detail/increment__rosidl_typesupport_fastrtps_cpp.hpp
[3.654s] -- Up-to-date: /mnt/nvme0n1/f1tenth_ws/install/teleop_tools_msgs/include/teleop_tools_msgs/action/detail/dds_fastrtps
[3.655s] -- Up-to-date: /mnt/nvme0n1/f1tenth_ws/install/teleop_tools_msgs/lib/libteleop_tools_msgs__rosidl_typesupport_fastrtps_cpp.so
[3.656s] -- Up-to-date: /mnt/nvme0n1/f1tenth_ws/install/teleop_tools_msgs/include/teleop_tools_msgs
[3.658s] -- Up-to-date: /mnt/nvme0n1/f1tenth_ws/install/teleop_tools_msgs/include/teleop_tools_msgs/msg
[3.660s] -- Up-to-date: /mnt/nvme0n1/f1tenth_ws/install/teleop_tools_msgs/include/teleop_tools_msgs/msg/rosidl_typesupport_introspection_c__visibility_control.h
[3.668s] -- Up-to-date: /mnt/nvme0n1/f1tenth_ws/install/teleop_tools_msgs/include/teleop_tools_msgs/action
[3.669s] -- Up-to-date: /mnt/nvme0n1/f1tenth_ws/install/teleop_tools_msgs/include/teleop_tools_msgs/action/detail
[3.669s] -- Up-to-date: /mnt/nvme0n1/f1tenth_ws/install/teleop_tools_msgs/include/teleop_tools_msgs/action/detail/increment__rosidl_typesupport_introspection_c.h
[3.670s] -- Up-to-date: /mnt/nvme0n1/f1tenth_ws/install/teleop_tools_msgs/include/teleop_tools_msgs/action/detail/increment__type_support.c
[3.670s] -- Up-to-date: /mnt/nvme0n1/f1tenth_ws/install/teleop_tools_msgs/lib/libteleop_tools_msgs__rosidl_typesupport_introspection_c.so
[3.670s] -- Up-to-date: /mnt/nvme0n1/f1tenth_ws/install/teleop_tools_msgs/lib/libteleop_tools_msgs__rosidl_typesupport_c.so
[3.671s] -- Up-to-date: /mnt/nvme0n1/f1tenth_ws/install/teleop_tools_msgs/include/teleop_tools_msgs
[3.672s] -- Up-to-date: /mnt/nvme0n1/f1tenth_ws/install/teleop_tools_msgs/include/teleop_tools_msgs/msg
[3.682s] -- Up-to-date: /mnt/nvme0n1/f1tenth_ws/install/teleop_tools_msgs/include/teleop_tools_msgs/msg/rosidl_generator_cpp__visibility_control.hpp
[3.683s] -- Up-to-date: /mnt/nvme0n1/f1tenth_ws/install/teleop_tools_msgs/include/teleop_tools_msgs/action
[3.685s] -- Up-to-date: /mnt/nvme0n1/f1tenth_ws/install/teleop_tools_msgs/include/teleop_tools_msgs/action/increment.hpp
[3.685s] -- Up-to-date: /mnt/nvme0n1/f1tenth_ws/install/teleop_tools_msgs/include/teleop_tools_msgs/action/detail
[3.687s] -- Up-to-date: /mnt/nvme0n1/f1tenth_ws/install/teleop_tools_msgs/include/teleop_tools_msgs/action/detail/increment__traits.hpp
[3.688s] -- Up-to-date: /mnt/nvme0n1/f1tenth_ws/install/teleop_tools_msgs/include/teleop_tools_msgs/action/detail/increment__struct.hpp
[3.690s] -- Up-to-date: /mnt/nvme0n1/f1tenth_ws/install/teleop_tools_msgs/include/teleop_tools_msgs/action/detail/increment__builder.hpp
[3.693s] -- Up-to-date: /mnt/nvme0n1/f1tenth_ws/install/teleop_tools_msgs/include/teleop_tools_msgs/action/detail/increment__type_support.hpp
[3.693s] -- Up-to-date: /mnt/nvme0n1/f1tenth_ws/install/teleop_tools_msgs/include/teleop_tools_msgs
[3.693s] -- Up-to-date: /mnt/nvme0n1/f1tenth_ws/install/teleop_tools_msgs/include/teleop_tools_msgs/action
[3.694s] -- Up-to-date: /mnt/nvme0n1/f1tenth_ws/install/teleop_tools_msgs/include/teleop_tools_msgs/action/detail
[3.694s] -- Up-to-date: /mnt/nvme0n1/f1tenth_ws/install/teleop_tools_msgs/include/teleop_tools_msgs/action/detail/increment__rosidl_typesupport_introspection_cpp.hpp
[3.694s] -- Up-to-date: /mnt/nvme0n1/f1tenth_ws/install/teleop_tools_msgs/include/teleop_tools_msgs/action/detail/increment__type_support.cpp
[3.695s] -- Up-to-date: /mnt/nvme0n1/f1tenth_ws/install/teleop_tools_msgs/lib/libteleop_tools_msgs__rosidl_typesupport_introspection_cpp.so
[3.696s] -- Up-to-date: /mnt/nvme0n1/f1tenth_ws/install/teleop_tools_msgs/lib/libteleop_tools_msgs__rosidl_typesupport_cpp.so
[3.696s] -- Up-to-date: /mnt/nvme0n1/f1tenth_ws/install/teleop_tools_msgs/share/teleop_tools_msgs/environment/pythonpath.sh
[3.697s] -- Up-to-date: /mnt/nvme0n1/f1tenth_ws/install/teleop_tools_msgs/share/teleop_tools_msgs/environment/pythonpath.dsv
[3.704s] -- Up-to-date: /mnt/nvme0n1/f1tenth_ws/install/teleop_tools_msgs/lib/python3.8/site-packages/teleop_tools_msgs/__init__.py
[3.840s] -- Up-to-date: /mnt/nvme0n1/f1tenth_ws/install/teleop_tools_msgs/lib/python3.8/site-packages/teleop_tools_msgs/action
[3.841s] -- Up-to-date: /mnt/nvme0n1/f1tenth_ws/install/teleop_tools_msgs/lib/python3.8/site-packages/teleop_tools_msgs/action/__init__.py
[3.842s] -- Up-to-date: /mnt/nvme0n1/f1tenth_ws/install/teleop_tools_msgs/lib/python3.8/site-packages/teleop_tools_msgs/action/_increment.py
[3.842s] -- Up-to-date: /mnt/nvme0n1/f1tenth_ws/install/teleop_tools_msgs/lib/python3.8/site-packages/teleop_tools_msgs/action/_increment_s.c
[3.842s] -- Up-to-date: /mnt/nvme0n1/f1tenth_ws/install/teleop_tools_msgs/lib/python3.8/site-packages/teleop_tools_msgs/teleop_tools_msgs_s__rosidl_typesupport_fastrtps_c.cpython-38-aarch64-linux-gnu.so
[3.847s] -- Up-to-date: /mnt/nvme0n1/f1tenth_ws/install/teleop_tools_msgs/lib/python3.8/site-packages/teleop_tools_msgs/teleop_tools_msgs_s__rosidl_typesupport_introspection_c.cpython-38-aarch64-linux-gnu.so
[3.847s] -- Up-to-date: /mnt/nvme0n1/f1tenth_ws/install/teleop_tools_msgs/lib/python3.8/site-packages/teleop_tools_msgs/teleop_tools_msgs_s__rosidl_typesupport_c.cpython-38-aarch64-linux-gnu.so
[3.850s] -- Up-to-date: /mnt/nvme0n1/f1tenth_ws/install/teleop_tools_msgs/lib/libteleop_tools_msgs__python.so
[3.853s] -- Up-to-date: /mnt/nvme0n1/f1tenth_ws/install/teleop_tools_msgs/share/teleop_tools_msgs/action/Increment.idl
[3.853s] -- Up-to-date: /mnt/nvme0n1/f1tenth_ws/install/teleop_tools_msgs/share/teleop_tools_msgs/action/Increment.action
[3.854s] -- Up-to-date: /mnt/nvme0n1/f1tenth_ws/install/teleop_tools_msgs/share/ament_index/resource_index/package_run_dependencies/teleop_tools_msgs
[3.855s] -- Up-to-date: /mnt/nvme0n1/f1tenth_ws/install/teleop_tools_msgs/share/ament_index/resource_index/parent_prefix_path/teleop_tools_msgs
[3.855s] -- Up-to-date: /mnt/nvme0n1/f1tenth_ws/install/teleop_tools_msgs/share/teleop_tools_msgs/environment/ament_prefix_path.sh
[3.856s] -- Up-to-date: /mnt/nvme0n1/f1tenth_ws/install/teleop_tools_msgs/share/teleop_tools_msgs/environment/ament_prefix_path.dsv
[3.857s] -- Up-to-date: /mnt/nvme0n1/f1tenth_ws/install/teleop_tools_msgs/share/teleop_tools_msgs/environment/path.sh
[3.857s] -- Up-to-date: /mnt/nvme0n1/f1tenth_ws/install/teleop_tools_msgs/share/teleop_tools_msgs/environment/path.dsv
[3.857s] -- Up-to-date: /mnt/nvme0n1/f1tenth_ws/install/teleop_tools_msgs/share/teleop_tools_msgs/local_setup.bash
[3.858s] -- Up-to-date: /mnt/nvme0n1/f1tenth_ws/install/teleop_tools_msgs/share/teleop_tools_msgs/local_setup.sh
[3.858s] -- Up-to-date: /mnt/nvme0n1/f1tenth_ws/install/teleop_tools_msgs/share/teleop_tools_msgs/local_setup.zsh
[3.862s] -- Up-to-date: /mnt/nvme0n1/f1tenth_ws/install/teleop_tools_msgs/share/teleop_tools_msgs/local_setup.dsv
[3.863s] -- Installing: /mnt/nvme0n1/f1tenth_ws/install/teleop_tools_msgs/share/teleop_tools_msgs/package.dsv
[3.866s] -- Up-to-date: /mnt/nvme0n1/f1tenth_ws/install/teleop_tools_msgs/share/ament_index/resource_index/packages/teleop_tools_msgs
[3.871s] -- Up-to-date: /mnt/nvme0n1/f1tenth_ws/install/teleop_tools_msgs/share/teleop_tools_msgs/cmake/teleop_tools_msgs__rosidl_generator_cExport.cmake
[3.873s] -- Up-to-date: /mnt/nvme0n1/f1tenth_ws/install/teleop_tools_msgs/share/teleop_tools_msgs/cmake/teleop_tools_msgs__rosidl_generator_cExport-noconfig.cmake
[3.875s] -- Up-to-date: /mnt/nvme0n1/f1tenth_ws/install/teleop_tools_msgs/share/teleop_tools_msgs/cmake/teleop_tools_msgs__rosidl_typesupport_introspection_cExport.cmake
[3.879s] -- Up-to-date: /mnt/nvme0n1/f1tenth_ws/install/teleop_tools_msgs/share/teleop_tools_msgs/cmake/teleop_tools_msgs__rosidl_typesupport_introspection_cExport-noconfig.cmake
[3.880s] -- Up-to-date: /mnt/nvme0n1/f1tenth_ws/install/teleop_tools_msgs/share/teleop_tools_msgs/cmake/teleop_tools_msgs__rosidl_typesupport_cExport.cmake
[3.883s] -- Up-to-date: /mnt/nvme0n1/f1tenth_ws/install/teleop_tools_msgs/share/teleop_tools_msgs/cmake/teleop_tools_msgs__rosidl_typesupport_cExport-noconfig.cmake
[3.884s] -- Up-to-date: /mnt/nvme0n1/f1tenth_ws/install/teleop_tools_msgs/share/teleop_tools_msgs/cmake/teleop_tools_msgs__rosidl_generator_cppExport.cmake
[3.886s] -- Up-to-date: /mnt/nvme0n1/f1tenth_ws/install/teleop_tools_msgs/share/teleop_tools_msgs/cmake/teleop_tools_msgs__rosidl_typesupport_introspection_cppExport.cmake
[3.886s] -- Up-to-date: /mnt/nvme0n1/f1tenth_ws/install/teleop_tools_msgs/share/teleop_tools_msgs/cmake/teleop_tools_msgs__rosidl_typesupport_introspection_cppExport-noconfig.cmake
[3.888s] -- Up-to-date: /mnt/nvme0n1/f1tenth_ws/install/teleop_tools_msgs/share/teleop_tools_msgs/cmake/teleop_tools_msgs__rosidl_typesupport_cppExport.cmake
[3.889s] -- Up-to-date: /mnt/nvme0n1/f1tenth_ws/install/teleop_tools_msgs/share/teleop_tools_msgs/cmake/teleop_tools_msgs__rosidl_typesupport_cppExport-noconfig.cmake
[3.890s] -- Up-to-date: /mnt/nvme0n1/f1tenth_ws/install/teleop_tools_msgs/share/teleop_tools_msgs/cmake/rosidl_cmake-extras.cmake
[3.891s] -- Up-to-date: /mnt/nvme0n1/f1tenth_ws/install/teleop_tools_msgs/share/teleop_tools_msgs/cmake/ament_cmake_export_dependencies-extras.cmake
[3.891s] -- Up-to-date: /mnt/nvme0n1/f1tenth_ws/install/teleop_tools_msgs/share/teleop_tools_msgs/cmake/ament_cmake_export_libraries-extras.cmake
[3.892s] -- Up-to-date: /mnt/nvme0n1/f1tenth_ws/install/teleop_tools_msgs/share/teleop_tools_msgs/cmake/ament_cmake_export_targets-extras.cmake
[3.894s] -- Up-to-date: /mnt/nvme0n1/f1tenth_ws/install/teleop_tools_msgs/share/teleop_tools_msgs/cmake/ament_cmake_export_include_directories-extras.cmake
[3.896s] -- Up-to-date: /mnt/nvme0n1/f1tenth_ws/install/teleop_tools_msgs/share/teleop_tools_msgs/cmake/rosidl_cmake_export_typesupport_libraries-extras.cmake
[3.897s] -- Up-to-date: /mnt/nvme0n1/f1tenth_ws/install/teleop_tools_msgs/share/teleop_tools_msgs/cmake/rosidl_cmake_export_typesupport_targets-extras.cmake
[3.899s] -- Up-to-date: /mnt/nvme0n1/f1tenth_ws/install/teleop_tools_msgs/share/teleop_tools_msgs/cmake/teleop_tools_msgsConfig.cmake
[3.901s] -- Up-to-date: /mnt/nvme0n1/f1tenth_ws/install/teleop_tools_msgs/share/teleop_tools_msgs/cmake/teleop_tools_msgsConfig-version.cmake
[3.902s] -- Up-to-date: /mnt/nvme0n1/f1tenth_ws/install/teleop_tools_msgs/share/teleop_tools_msgs/package.xml
[4.173s] Invoked command in '/mnt/nvme0n1/f1tenth_ws/build/teleop_tools_msgs' returned '0': CMAKE_PREFIX_PATH=/opt/ros/foxy /usr/bin/cmake --install /mnt/nvme0n1/f1tenth_ws/build/teleop_tools_msgs
