[2.838s] Invoking command in '/home/f1tenth/f1tenth-ws/build/vesc_msgs': CMAKE_PREFIX_PATH=${CMAKE_PREFIX_PATH}:/home/f1tenth/f1tenth-ws/install/f1tenth_stack:/home/f1tenth/f1tenth-ws/install/joy_teleop:/home/f1tenth/f1tenth-ws/install/particle_filter:/home/f1tenth/f1tenth-ws/install/mouse_teleop:/home/f1tenth/f1tenth-ws/install/key_teleop:/home/f1tenth/f1tenth-ws/install/example_py:/home/f1tenth/f1tenth-ws/install/autonomous_drive:/opt/ros/foxy /usr/bin/cmake --build /home/f1tenth/f1tenth-ws/build/vesc_msgs -- -j4 -l4
[5.621s] [  1%] Built target vesc_msgs__cpp
[5.623s] [ 12%] Built target vesc_msgs__rosidl_generator_c
[5.625s] [ 23%] Built target vesc_msgs__rosidl_typesupport_introspection_cpp
[5.628s] [ 34%] Built target vesc_msgs__rosidl_typesupport_fastrtps_cpp
[5.631s] [ 45%] Built target vesc_msgs__rosidl_typesupport_cpp
[5.637s] [ 56%] Built target vesc_msgs__rosidl_typesupport_c
[5.638s] [ 67%] Built target vesc_msgs__rosidl_typesupport_introspection_c
[5.638s] [ 78%] Built target vesc_msgs__rosidl_typesupport_fastrtps_c
[5.638s] [ 78%] Built target vesc_msgs
[5.641s] [ 80%] Built target vesc_msgs__py
[5.643s] [ 89%] Built target vesc_msgs__python
[5.644s] [ 92%] Built target vesc_msgs__rosidl_typesupport_introspection_c__pyext
[5.644s] [ 96%] Built target vesc_msgs__rosidl_typesupport_c__pyext
[5.645s] [100%] Built target vesc_msgs__rosidl_typesupport_fastrtps_c__pyext
[5.699s] Invoked command in '/home/f1tenth/f1tenth-ws/build/vesc_msgs' returned '0': CMAKE_PREFIX_PATH=${CMAKE_PREFIX_PATH}:/home/f1tenth/f1tenth-ws/install/f1tenth_stack:/home/f1tenth/f1tenth-ws/install/joy_teleop:/home/f1tenth/f1tenth-ws/install/particle_filter:/home/f1tenth/f1tenth-ws/install/mouse_teleop:/home/f1tenth/f1tenth-ws/install/key_teleop:/home/f1tenth/f1tenth-ws/install/example_py:/home/f1tenth/f1tenth-ws/install/autonomous_drive:/opt/ros/foxy /usr/bin/cmake --build /home/f1tenth/f1tenth-ws/build/vesc_msgs -- -j4 -l4
[6.793s] Invoking command in '/home/f1tenth/f1tenth-ws/build/vesc_msgs': CMAKE_PREFIX_PATH=${CMAKE_PREFIX_PATH}:/home/f1tenth/f1tenth-ws/install/f1tenth_stack:/home/f1tenth/f1tenth-ws/install/joy_teleop:/home/f1tenth/f1tenth-ws/install/particle_filter:/home/f1tenth/f1tenth-ws/install/mouse_teleop:/home/f1tenth/f1tenth-ws/install/key_teleop:/home/f1tenth/f1tenth-ws/install/example_py:/home/f1tenth/f1tenth-ws/install/autonomous_drive:/opt/ros/foxy /usr/bin/cmake --install /home/f1tenth/f1tenth-ws/build/vesc_msgs
[6.889s] -- Install configuration: ""
[6.891s] -- Up-to-date: /home/f1tenth/f1tenth-ws/install/vesc_msgs/share/ament_index/resource_index/rosidl_interfaces/vesc_msgs
[6.892s] -- Up-to-date: /home/f1tenth/f1tenth-ws/install/vesc_msgs/include/vesc_msgs
[6.894s] -- Up-to-date: /home/f1tenth/f1tenth-ws/install/vesc_msgs/include/vesc_msgs/msg
[6.895s] -- Up-to-date: /home/f1tenth/f1tenth-ws/install/vesc_msgs/include/vesc_msgs/msg/detail
[6.896s] -- Up-to-date: /home/f1tenth/f1tenth-ws/install/vesc_msgs/include/vesc_msgs/msg/detail/vesc_imu_stamped__struct.h
[6.897s] -- Up-to-date: /home/f1tenth/f1tenth-ws/install/vesc_msgs/include/vesc_msgs/msg/detail/vesc_state__functions.c
[6.898s] -- Up-to-date: /home/f1tenth/f1tenth-ws/install/vesc_msgs/include/vesc_msgs/msg/detail/vesc_state__type_support.h
[6.899s] -- Up-to-date: /home/f1tenth/f1tenth-ws/install/vesc_msgs/include/vesc_msgs/msg/detail/vesc_imu__struct.h
[6.900s] -- Up-to-date: /home/f1tenth/f1tenth-ws/install/vesc_msgs/include/vesc_msgs/msg/detail/vesc_state_stamped__functions.h
[6.901s] -- Up-to-date: /home/f1tenth/f1tenth-ws/install/vesc_msgs/include/vesc_msgs/msg/detail/vesc_state__struct.h
[6.901s] -- Up-to-date: /home/f1tenth/f1tenth-ws/install/vesc_msgs/include/vesc_msgs/msg/detail/vesc_state_stamped__struct.h
[6.902s] -- Up-to-date: /home/f1tenth/f1tenth-ws/install/vesc_msgs/include/vesc_msgs/msg/detail/vesc_imu__type_support.h
[6.904s] -- Up-to-date: /home/f1tenth/f1tenth-ws/install/vesc_msgs/include/vesc_msgs/msg/detail/vesc_imu_stamped__type_support.h
[6.906s] -- Up-to-date: /home/f1tenth/f1tenth-ws/install/vesc_msgs/include/vesc_msgs/msg/detail/vesc_state_stamped__type_support.h
[6.906s] -- Up-to-date: /home/f1tenth/f1tenth-ws/install/vesc_msgs/include/vesc_msgs/msg/detail/vesc_imu__functions.c
[6.907s] -- Up-to-date: /home/f1tenth/f1tenth-ws/install/vesc_msgs/include/vesc_msgs/msg/detail/vesc_imu__functions.h
[6.907s] -- Up-to-date: /home/f1tenth/f1tenth-ws/install/vesc_msgs/include/vesc_msgs/msg/detail/vesc_state_stamped__functions.c
[6.907s] -- Up-to-date: /home/f1tenth/f1tenth-ws/install/vesc_msgs/include/vesc_msgs/msg/detail/vesc_imu_stamped__functions.c
[6.915s] -- Up-to-date: /home/f1tenth/f1tenth-ws/install/vesc_msgs/include/vesc_msgs/msg/detail/vesc_imu_stamped__functions.h
[6.915s] -- Up-to-date: /home/f1tenth/f1tenth-ws/install/vesc_msgs/include/vesc_msgs/msg/detail/vesc_state__functions.h
[6.916s] -- Up-to-date: /home/f1tenth/f1tenth-ws/install/vesc_msgs/include/vesc_msgs/msg/vesc_state.h
[6.917s] -- Up-to-date: /home/f1tenth/f1tenth-ws/install/vesc_msgs/include/vesc_msgs/msg/rosidl_generator_c__visibility_control.h
[6.917s] -- Up-to-date: /home/f1tenth/f1tenth-ws/install/vesc_msgs/include/vesc_msgs/msg/vesc_imu.h
[6.918s] -- Up-to-date: /home/f1tenth/f1tenth-ws/install/vesc_msgs/include/vesc_msgs/msg/vesc_imu_stamped.h
[6.922s] -- Up-to-date: /home/f1tenth/f1tenth-ws/install/vesc_msgs/include/vesc_msgs/msg/vesc_state_stamped.h
[6.925s] -- Up-to-date: /home/f1tenth/f1tenth-ws/install/vesc_msgs/share/vesc_msgs/environment/library_path.sh
[6.926s] -- Up-to-date: /home/f1tenth/f1tenth-ws/install/vesc_msgs/share/vesc_msgs/environment/library_path.dsv
[6.937s] -- Up-to-date: /home/f1tenth/f1tenth-ws/install/vesc_msgs/lib/libvesc_msgs__rosidl_generator_c.so
[6.942s] -- Up-to-date: /home/f1tenth/f1tenth-ws/install/vesc_msgs/include/vesc_msgs
[6.943s] -- Up-to-date: /home/f1tenth/f1tenth-ws/install/vesc_msgs/include/vesc_msgs/msg
[6.944s] -- Up-to-date: /home/f1tenth/f1tenth-ws/install/vesc_msgs/include/vesc_msgs/msg/detail
[6.944s] -- Up-to-date: /home/f1tenth/f1tenth-ws/install/vesc_msgs/include/vesc_msgs/msg/detail/vesc_state_stamped__rosidl_typesupport_fastrtps_c.h
[6.944s] -- Up-to-date: /home/f1tenth/f1tenth-ws/install/vesc_msgs/include/vesc_msgs/msg/detail/vesc_state__rosidl_typesupport_fastrtps_c.h
[6.945s] -- Up-to-date: /home/f1tenth/f1tenth-ws/install/vesc_msgs/include/vesc_msgs/msg/detail/vesc_imu__rosidl_typesupport_fastrtps_c.h
[6.952s] -- Up-to-date: /home/f1tenth/f1tenth-ws/install/vesc_msgs/include/vesc_msgs/msg/detail/vesc_imu_stamped__rosidl_typesupport_fastrtps_c.h
[6.955s] -- Up-to-date: /home/f1tenth/f1tenth-ws/install/vesc_msgs/include/vesc_msgs/msg/rosidl_typesupport_fastrtps_c__visibility_control.h
[6.957s] -- Up-to-date: /home/f1tenth/f1tenth-ws/install/vesc_msgs/lib/libvesc_msgs__rosidl_typesupport_fastrtps_c.so
[6.970s] -- Up-to-date: /home/f1tenth/f1tenth-ws/install/vesc_msgs/include/vesc_msgs
[6.971s] -- Up-to-date: /home/f1tenth/f1tenth-ws/install/vesc_msgs/include/vesc_msgs/msg
[6.975s] -- Up-to-date: /home/f1tenth/f1tenth-ws/install/vesc_msgs/include/vesc_msgs/msg/detail
[6.978s] -- Up-to-date: /home/f1tenth/f1tenth-ws/install/vesc_msgs/include/vesc_msgs/msg/detail/dds_fastrtps
[6.979s] -- Up-to-date: /home/f1tenth/f1tenth-ws/install/vesc_msgs/include/vesc_msgs/msg/detail/vesc_state__rosidl_typesupport_fastrtps_cpp.hpp
[6.984s] -- Up-to-date: /home/f1tenth/f1tenth-ws/install/vesc_msgs/include/vesc_msgs/msg/detail/vesc_imu__rosidl_typesupport_fastrtps_cpp.hpp
[6.985s] -- Up-to-date: /home/f1tenth/f1tenth-ws/install/vesc_msgs/include/vesc_msgs/msg/detail/vesc_state_stamped__rosidl_typesupport_fastrtps_cpp.hpp
[6.987s] -- Up-to-date: /home/f1tenth/f1tenth-ws/install/vesc_msgs/include/vesc_msgs/msg/detail/vesc_imu_stamped__rosidl_typesupport_fastrtps_cpp.hpp
[6.992s] -- Up-to-date: /home/f1tenth/f1tenth-ws/install/vesc_msgs/include/vesc_msgs/msg/rosidl_typesupport_fastrtps_cpp__visibility_control.h
[6.996s] -- Up-to-date: /home/f1tenth/f1tenth-ws/install/vesc_msgs/lib/libvesc_msgs__rosidl_typesupport_fastrtps_cpp.so
[6.999s] -- Up-to-date: /home/f1tenth/f1tenth-ws/install/vesc_msgs/include/vesc_msgs
[7.000s] -- Up-to-date: /home/f1tenth/f1tenth-ws/install/vesc_msgs/include/vesc_msgs/msg
[7.001s] -- Up-to-date: /home/f1tenth/f1tenth-ws/install/vesc_msgs/include/vesc_msgs/msg/rosidl_typesupport_introspection_c__visibility_control.h
[7.002s] -- Up-to-date: /home/f1tenth/f1tenth-ws/install/vesc_msgs/include/vesc_msgs/msg/detail
[7.003s] -- Up-to-date: /home/f1tenth/f1tenth-ws/install/vesc_msgs/include/vesc_msgs/msg/detail/vesc_imu__rosidl_typesupport_introspection_c.h
[7.004s] -- Up-to-date: /home/f1tenth/f1tenth-ws/install/vesc_msgs/include/vesc_msgs/msg/detail/vesc_state__rosidl_typesupport_introspection_c.h
[7.004s] -- Up-to-date: /home/f1tenth/f1tenth-ws/install/vesc_msgs/include/vesc_msgs/msg/detail/vesc_imu__type_support.c
[7.005s] -- Up-to-date: /home/f1tenth/f1tenth-ws/install/vesc_msgs/include/vesc_msgs/msg/detail/vesc_state_stamped__type_support.c
[7.005s] -- Up-to-date: /home/f1tenth/f1tenth-ws/install/vesc_msgs/include/vesc_msgs/msg/detail/vesc_state_stamped__rosidl_typesupport_introspection_c.h
[7.005s] -- Up-to-date: /home/f1tenth/f1tenth-ws/install/vesc_msgs/include/vesc_msgs/msg/detail/vesc_imu_stamped__type_support.c
[7.006s] -- Up-to-date: /home/f1tenth/f1tenth-ws/install/vesc_msgs/include/vesc_msgs/msg/detail/vesc_imu_stamped__rosidl_typesupport_introspection_c.h
[7.006s] -- Up-to-date: /home/f1tenth/f1tenth-ws/install/vesc_msgs/include/vesc_msgs/msg/detail/vesc_state__type_support.c
[7.006s] -- Up-to-date: /home/f1tenth/f1tenth-ws/install/vesc_msgs/lib/libvesc_msgs__rosidl_typesupport_introspection_c.so
[7.007s] -- Up-to-date: /home/f1tenth/f1tenth-ws/install/vesc_msgs/lib/libvesc_msgs__rosidl_typesupport_c.so
[7.007s] -- Up-to-date: /home/f1tenth/f1tenth-ws/install/vesc_msgs/include/vesc_msgs
[7.008s] -- Up-to-date: /home/f1tenth/f1tenth-ws/install/vesc_msgs/include/vesc_msgs/msg
[7.008s] -- Up-to-date: /home/f1tenth/f1tenth-ws/install/vesc_msgs/include/vesc_msgs/msg/vesc_imu_stamped.hpp
[7.009s] -- Up-to-date: /home/f1tenth/f1tenth-ws/install/vesc_msgs/include/vesc_msgs/msg/vesc_state.hpp
[7.009s] -- Up-to-date: /home/f1tenth/f1tenth-ws/install/vesc_msgs/include/vesc_msgs/msg/vesc_state_stamped.hpp
[7.009s] -- Up-to-date: /home/f1tenth/f1tenth-ws/install/vesc_msgs/include/vesc_msgs/msg/rosidl_generator_cpp__visibility_control.hpp
[7.010s] -- Up-to-date: /home/f1tenth/f1tenth-ws/install/vesc_msgs/include/vesc_msgs/msg/detail
[7.010s] -- Up-to-date: /home/f1tenth/f1tenth-ws/install/vesc_msgs/include/vesc_msgs/msg/detail/vesc_state__traits.hpp
[7.010s] -- Up-to-date: /home/f1tenth/f1tenth-ws/install/vesc_msgs/include/vesc_msgs/msg/detail/vesc_state__struct.hpp
[7.011s] -- Up-to-date: /home/f1tenth/f1tenth-ws/install/vesc_msgs/include/vesc_msgs/msg/detail/vesc_state_stamped__builder.hpp
[7.011s] -- Up-to-date: /home/f1tenth/f1tenth-ws/install/vesc_msgs/include/vesc_msgs/msg/detail/vesc_imu_stamped__traits.hpp
[7.012s] -- Up-to-date: /home/f1tenth/f1tenth-ws/install/vesc_msgs/include/vesc_msgs/msg/detail/vesc_state_stamped__struct.hpp
[7.012s] -- Up-to-date: /home/f1tenth/f1tenth-ws/install/vesc_msgs/include/vesc_msgs/msg/detail/vesc_state__builder.hpp
[7.012s] -- Up-to-date: /home/f1tenth/f1tenth-ws/install/vesc_msgs/include/vesc_msgs/msg/detail/vesc_imu__builder.hpp
[7.013s] -- Up-to-date: /home/f1tenth/f1tenth-ws/install/vesc_msgs/include/vesc_msgs/msg/detail/vesc_imu__traits.hpp
[7.013s] -- Up-to-date: /home/f1tenth/f1tenth-ws/install/vesc_msgs/include/vesc_msgs/msg/detail/vesc_state__type_support.hpp
[7.013s] -- Up-to-date: /home/f1tenth/f1tenth-ws/install/vesc_msgs/include/vesc_msgs/msg/detail/vesc_imu_stamped__struct.hpp
[7.013s] -- Up-to-date: /home/f1tenth/f1tenth-ws/install/vesc_msgs/include/vesc_msgs/msg/detail/vesc_imu__type_support.hpp
[7.014s] -- Up-to-date: /home/f1tenth/f1tenth-ws/install/vesc_msgs/include/vesc_msgs/msg/detail/vesc_imu__struct.hpp
[7.014s] -- Up-to-date: /home/f1tenth/f1tenth-ws/install/vesc_msgs/include/vesc_msgs/msg/detail/vesc_state_stamped__traits.hpp
[7.014s] -- Up-to-date: /home/f1tenth/f1tenth-ws/install/vesc_msgs/include/vesc_msgs/msg/detail/vesc_state_stamped__type_support.hpp
[7.015s] -- Up-to-date: /home/f1tenth/f1tenth-ws/install/vesc_msgs/include/vesc_msgs/msg/detail/vesc_imu_stamped__builder.hpp
[7.015s] -- Up-to-date: /home/f1tenth/f1tenth-ws/install/vesc_msgs/include/vesc_msgs/msg/detail/vesc_imu_stamped__type_support.hpp
[7.015s] -- Up-to-date: /home/f1tenth/f1tenth-ws/install/vesc_msgs/include/vesc_msgs/msg/vesc_imu.hpp
[7.016s] -- Up-to-date: /home/f1tenth/f1tenth-ws/install/vesc_msgs/include/vesc_msgs
[7.016s] -- Up-to-date: /home/f1tenth/f1tenth-ws/install/vesc_msgs/include/vesc_msgs/msg
[7.016s] -- Up-to-date: /home/f1tenth/f1tenth-ws/install/vesc_msgs/include/vesc_msgs/msg/detail
[7.020s] -- Up-to-date: /home/f1tenth/f1tenth-ws/install/vesc_msgs/include/vesc_msgs/msg/detail/vesc_state_stamped__rosidl_typesupport_introspection_cpp.hpp
[7.022s] -- Up-to-date: /home/f1tenth/f1tenth-ws/install/vesc_msgs/include/vesc_msgs/msg/detail/vesc_imu_stamped__type_support.cpp
[7.022s] -- Up-to-date: /home/f1tenth/f1tenth-ws/install/vesc_msgs/include/vesc_msgs/msg/detail/vesc_imu_stamped__rosidl_typesupport_introspection_cpp.hpp
[7.028s] -- Up-to-date: /home/f1tenth/f1tenth-ws/install/vesc_msgs/include/vesc_msgs/msg/detail/vesc_imu__type_support.cpp
[7.029s] -- Up-to-date: /home/f1tenth/f1tenth-ws/install/vesc_msgs/include/vesc_msgs/msg/detail/vesc_imu__rosidl_typesupport_introspection_cpp.hpp
[7.030s] -- Up-to-date: /home/f1tenth/f1tenth-ws/install/vesc_msgs/include/vesc_msgs/msg/detail/vesc_state_stamped__type_support.cpp
[7.030s] -- Up-to-date: /home/f1tenth/f1tenth-ws/install/vesc_msgs/include/vesc_msgs/msg/detail/vesc_state__rosidl_typesupport_introspection_cpp.hpp
[7.031s] -- Up-to-date: /home/f1tenth/f1tenth-ws/install/vesc_msgs/include/vesc_msgs/msg/detail/vesc_state__type_support.cpp
[7.031s] -- Up-to-date: /home/f1tenth/f1tenth-ws/install/vesc_msgs/lib/libvesc_msgs__rosidl_typesupport_introspection_cpp.so
[7.032s] -- Up-to-date: /home/f1tenth/f1tenth-ws/install/vesc_msgs/lib/libvesc_msgs__rosidl_typesupport_cpp.so
[7.032s] -- Up-to-date: /home/f1tenth/f1tenth-ws/install/vesc_msgs/share/vesc_msgs/environment/pythonpath.sh
[7.032s] -- Up-to-date: /home/f1tenth/f1tenth-ws/install/vesc_msgs/share/vesc_msgs/environment/pythonpath.dsv
[7.033s] -- Up-to-date: /home/f1tenth/f1tenth-ws/install/vesc_msgs/lib/python3.8/site-packages/vesc_msgs/__init__.py
[7.218s] -- Up-to-date: /home/f1tenth/f1tenth-ws/install/vesc_msgs/lib/python3.8/site-packages/vesc_msgs/msg
[7.221s] -- Up-to-date: /home/f1tenth/f1tenth-ws/install/vesc_msgs/lib/python3.8/site-packages/vesc_msgs/msg/_vesc_imu_stamped.py
[7.223s] -- Up-to-date: /home/f1tenth/f1tenth-ws/install/vesc_msgs/lib/python3.8/site-packages/vesc_msgs/msg/_vesc_state.py
[7.224s] -- Up-to-date: /home/f1tenth/f1tenth-ws/install/vesc_msgs/lib/python3.8/site-packages/vesc_msgs/msg/_vesc_state_s.c
[7.224s] -- Up-to-date: /home/f1tenth/f1tenth-ws/install/vesc_msgs/lib/python3.8/site-packages/vesc_msgs/msg/_vesc_state_stamped.py
[7.224s] -- Up-to-date: /home/f1tenth/f1tenth-ws/install/vesc_msgs/lib/python3.8/site-packages/vesc_msgs/msg/_vesc_imu.py
[7.225s] -- Up-to-date: /home/f1tenth/f1tenth-ws/install/vesc_msgs/lib/python3.8/site-packages/vesc_msgs/msg/__init__.py
[7.225s] -- Up-to-date: /home/f1tenth/f1tenth-ws/install/vesc_msgs/lib/python3.8/site-packages/vesc_msgs/msg/_vesc_state_stamped_s.c
[7.226s] -- Up-to-date: /home/f1tenth/f1tenth-ws/install/vesc_msgs/lib/python3.8/site-packages/vesc_msgs/msg/_vesc_imu_s.c
[7.226s] -- Up-to-date: /home/f1tenth/f1tenth-ws/install/vesc_msgs/lib/python3.8/site-packages/vesc_msgs/msg/_vesc_imu_stamped_s.c
[7.226s] -- Up-to-date: /home/f1tenth/f1tenth-ws/install/vesc_msgs/lib/python3.8/site-packages/vesc_msgs/vesc_msgs_s__rosidl_typesupport_fastrtps_c.cpython-38-aarch64-linux-gnu.so
[7.232s] -- Up-to-date: /home/f1tenth/f1tenth-ws/install/vesc_msgs/lib/python3.8/site-packages/vesc_msgs/vesc_msgs_s__rosidl_typesupport_introspection_c.cpython-38-aarch64-linux-gnu.so
[7.237s] -- Up-to-date: /home/f1tenth/f1tenth-ws/install/vesc_msgs/lib/python3.8/site-packages/vesc_msgs/vesc_msgs_s__rosidl_typesupport_c.cpython-38-aarch64-linux-gnu.so
[7.240s] -- Up-to-date: /home/f1tenth/f1tenth-ws/install/vesc_msgs/lib/libvesc_msgs__python.so
[7.241s] -- Up-to-date: /home/f1tenth/f1tenth-ws/install/vesc_msgs/share/vesc_msgs/msg/VescState.idl
[7.242s] -- Up-to-date: /home/f1tenth/f1tenth-ws/install/vesc_msgs/share/vesc_msgs/msg/VescStateStamped.idl
[7.242s] -- Up-to-date: /home/f1tenth/f1tenth-ws/install/vesc_msgs/share/vesc_msgs/msg/VescImu.idl
[7.243s] -- Up-to-date: /home/f1tenth/f1tenth-ws/install/vesc_msgs/share/vesc_msgs/msg/VescImuStamped.idl
[7.243s] -- Up-to-date: /home/f1tenth/f1tenth-ws/install/vesc_msgs/share/vesc_msgs/msg/VescState.msg
[7.244s] -- Up-to-date: /home/f1tenth/f1tenth-ws/install/vesc_msgs/share/vesc_msgs/msg/VescStateStamped.msg
[7.244s] -- Up-to-date: /home/f1tenth/f1tenth-ws/install/vesc_msgs/share/vesc_msgs/msg/VescImu.msg
[7.245s] -- Up-to-date: /home/f1tenth/f1tenth-ws/install/vesc_msgs/share/vesc_msgs/msg/VescImuStamped.msg
[7.245s] -- Up-to-date: /home/f1tenth/f1tenth-ws/install/vesc_msgs/share/ament_index/resource_index/package_run_dependencies/vesc_msgs
[7.245s] -- Up-to-date: /home/f1tenth/f1tenth-ws/install/vesc_msgs/share/ament_index/resource_index/parent_prefix_path/vesc_msgs
[7.246s] -- Up-to-date: /home/f1tenth/f1tenth-ws/install/vesc_msgs/share/vesc_msgs/environment/ament_prefix_path.sh
[7.246s] -- Up-to-date: /home/f1tenth/f1tenth-ws/install/vesc_msgs/share/vesc_msgs/environment/ament_prefix_path.dsv
[7.246s] -- Up-to-date: /home/f1tenth/f1tenth-ws/install/vesc_msgs/share/vesc_msgs/environment/path.sh
[7.247s] -- Up-to-date: /home/f1tenth/f1tenth-ws/install/vesc_msgs/share/vesc_msgs/environment/path.dsv
[7.248s] -- Up-to-date: /home/f1tenth/f1tenth-ws/install/vesc_msgs/share/vesc_msgs/local_setup.bash
[7.248s] -- Up-to-date: /home/f1tenth/f1tenth-ws/install/vesc_msgs/share/vesc_msgs/local_setup.sh
[7.248s] -- Up-to-date: /home/f1tenth/f1tenth-ws/install/vesc_msgs/share/vesc_msgs/local_setup.zsh
[7.249s] -- Up-to-date: /home/f1tenth/f1tenth-ws/install/vesc_msgs/share/vesc_msgs/local_setup.dsv
[7.249s] -- Installing: /home/f1tenth/f1tenth-ws/install/vesc_msgs/share/vesc_msgs/package.dsv
[7.249s] -- Up-to-date: /home/f1tenth/f1tenth-ws/install/vesc_msgs/share/ament_index/resource_index/packages/vesc_msgs
[7.250s] -- Up-to-date: /home/f1tenth/f1tenth-ws/install/vesc_msgs/share/vesc_msgs/cmake/vesc_msgs__rosidl_generator_cExport.cmake
[7.250s] -- Up-to-date: /home/f1tenth/f1tenth-ws/install/vesc_msgs/share/vesc_msgs/cmake/vesc_msgs__rosidl_generator_cExport-noconfig.cmake
[7.251s] -- Up-to-date: /home/f1tenth/f1tenth-ws/install/vesc_msgs/share/vesc_msgs/cmake/vesc_msgs__rosidl_typesupport_introspection_cExport.cmake
[7.251s] -- Up-to-date: /home/f1tenth/f1tenth-ws/install/vesc_msgs/share/vesc_msgs/cmake/vesc_msgs__rosidl_typesupport_introspection_cExport-noconfig.cmake
[7.252s] -- Up-to-date: /home/f1tenth/f1tenth-ws/install/vesc_msgs/share/vesc_msgs/cmake/vesc_msgs__rosidl_typesupport_cExport.cmake
[7.255s] -- Up-to-date: /home/f1tenth/f1tenth-ws/install/vesc_msgs/share/vesc_msgs/cmake/vesc_msgs__rosidl_typesupport_cExport-noconfig.cmake
[7.257s] -- Up-to-date: /home/f1tenth/f1tenth-ws/install/vesc_msgs/share/vesc_msgs/cmake/vesc_msgs__rosidl_generator_cppExport.cmake
[7.262s] -- Up-to-date: /home/f1tenth/f1tenth-ws/install/vesc_msgs/share/vesc_msgs/cmake/vesc_msgs__rosidl_typesupport_introspection_cppExport.cmake
[7.262s] -- Up-to-date: /home/f1tenth/f1tenth-ws/install/vesc_msgs/share/vesc_msgs/cmake/vesc_msgs__rosidl_typesupport_introspection_cppExport-noconfig.cmake
[7.266s] -- Up-to-date: /home/f1tenth/f1tenth-ws/install/vesc_msgs/share/vesc_msgs/cmake/vesc_msgs__rosidl_typesupport_cppExport.cmake
[7.267s] -- Up-to-date: /home/f1tenth/f1tenth-ws/install/vesc_msgs/share/vesc_msgs/cmake/vesc_msgs__rosidl_typesupport_cppExport-noconfig.cmake
[7.268s] -- Up-to-date: /home/f1tenth/f1tenth-ws/install/vesc_msgs/share/vesc_msgs/cmake/rosidl_cmake-extras.cmake
[7.269s] -- Up-to-date: /home/f1tenth/f1tenth-ws/install/vesc_msgs/share/vesc_msgs/cmake/ament_cmake_export_dependencies-extras.cmake
[7.269s] -- Up-to-date: /home/f1tenth/f1tenth-ws/install/vesc_msgs/share/vesc_msgs/cmake/ament_cmake_export_libraries-extras.cmake
[7.270s] -- Up-to-date: /home/f1tenth/f1tenth-ws/install/vesc_msgs/share/vesc_msgs/cmake/ament_cmake_export_targets-extras.cmake
[7.271s] -- Up-to-date: /home/f1tenth/f1tenth-ws/install/vesc_msgs/share/vesc_msgs/cmake/ament_cmake_export_include_directories-extras.cmake
[7.271s] -- Up-to-date: /home/f1tenth/f1tenth-ws/install/vesc_msgs/share/vesc_msgs/cmake/rosidl_cmake_export_typesupport_libraries-extras.cmake
[7.272s] -- Up-to-date: /home/f1tenth/f1tenth-ws/install/vesc_msgs/share/vesc_msgs/cmake/rosidl_cmake_export_typesupport_targets-extras.cmake
[7.272s] -- Up-to-date: /home/f1tenth/f1tenth-ws/install/vesc_msgs/share/vesc_msgs/cmake/vesc_msgsConfig.cmake
[7.272s] -- Up-to-date: /home/f1tenth/f1tenth-ws/install/vesc_msgs/share/vesc_msgs/cmake/vesc_msgsConfig-version.cmake
[7.273s] -- Up-to-date: /home/f1tenth/f1tenth-ws/install/vesc_msgs/share/vesc_msgs/package.xml
[8.776s] Invoked command in '/home/f1tenth/f1tenth-ws/build/vesc_msgs' returned '0': CMAKE_PREFIX_PATH=${CMAKE_PREFIX_PATH}:/home/f1tenth/f1tenth-ws/install/f1tenth_stack:/home/f1tenth/f1tenth-ws/install/joy_teleop:/home/f1tenth/f1tenth-ws/install/particle_filter:/home/f1tenth/f1tenth-ws/install/mouse_teleop:/home/f1tenth/f1tenth-ws/install/key_teleop:/home/f1tenth/f1tenth-ws/install/example_py:/home/f1tenth/f1tenth-ws/install/autonomous_drive:/opt/ros/foxy /usr/bin/cmake --install /home/f1tenth/f1tenth-ws/build/vesc_msgs
