[2.484s] Invoking command in '/home/william/sim_ws/src/ros2_21_tutorials-master/learning_gazebo': PYTHONPATH=/home/william/sim_ws/build/learning_gazebo/prefix_override:/home/william/sim_ws/install/learning_gazebo/lib/python3.8/site-packages:${PYTHONPATH} /usr/bin/python3 setup.py egg_info --egg-base ../../../build/learning_gazebo build --build-base /home/william/sim_ws/build/learning_gazebo/build install --record /home/william/sim_ws/build/learning_gazebo/install.log --single-version-externally-managed
[2.885s] running egg_info
[2.886s] creating ../../../build/learning_gazebo/learning_gazebo.egg-info
[2.915s] writing ../../../build/learning_gazebo/learning_gazebo.egg-info/PKG-INFO
[2.916s] writing dependency_links to ../../../build/learning_gazebo/learning_gazebo.egg-info/dependency_links.txt
[2.917s] writing requirements to ../../../build/learning_gazebo/learning_gazebo.egg-info/requires.txt
[2.917s] writing top-level names to ../../../build/learning_gazebo/learning_gazebo.egg-info/top_level.txt
[3.158s] writing manifest file '../../../build/learning_gazebo/learning_gazebo.egg-info/SOURCES.txt'
[3.241s] reading manifest file '../../../build/learning_gazebo/learning_gazebo.egg-info/SOURCES.txt'
[3.242s] writing manifest file '../../../build/learning_gazebo/learning_gazebo.egg-info/SOURCES.txt'
[3.242s] running build
[3.242s] running build_py
[3.243s] creating /home/william/sim_ws/build/learning_gazebo/build
[3.243s] creating /home/william/sim_ws/build/learning_gazebo/build/lib
[3.243s] creating /home/william/sim_ws/build/learning_gazebo/build/lib/learning_gazebo
[3.243s] copying learning_gazebo/__init__.py -> /home/william/sim_ws/build/learning_gazebo/build/lib/learning_gazebo
[3.243s] running install
[3.243s] /home/william/.local/lib/python3.8/site-packages/setuptools/_distutils/cmd.py:66: SetuptoolsDeprecationWarning: setup.py install is deprecated.
[3.243s] !!
[3.244s] 
[3.244s]         ********************************************************************************
[3.244s]         Please avoid running ``setup.py`` directly.
[3.244s]         Instead, use pypa/build, pypa/installer or other
[3.244s]         standards-based tools.
[3.244s] 
[3.261s]         See https://blog.ganssle.io/articles/2021/10/setup-py-deprecated.html for details.
[3.261s]         ********************************************************************************
[3.261s] 
[3.261s] !!
[3.261s]   self.initialize_options()
[3.283s] running install_lib
[3.319s] creating /home/william/sim_ws/install/learning_gazebo/lib/python3.8/site-packages/learning_gazebo
[3.319s] copying /home/william/sim_ws/build/learning_gazebo/build/lib/learning_gazebo/__init__.py -> /home/william/sim_ws/install/learning_gazebo/lib/python3.8/site-packages/learning_gazebo
[3.320s] byte-compiling /home/william/sim_ws/install/learning_gazebo/lib/python3.8/site-packages/learning_gazebo/__init__.py to __init__.cpython-38.pyc
[3.320s] running install_data
[3.349s] creating /home/william/sim_ws/install/learning_gazebo/share/ament_index
[3.349s] creating /home/william/sim_ws/install/learning_gazebo/share/ament_index/resource_index
[3.349s] creating /home/william/sim_ws/install/learning_gazebo/share/ament_index/resource_index/packages
[3.349s] copying resource/learning_gazebo -> /home/william/sim_ws/install/learning_gazebo/share/ament_index/resource_index/packages
[3.349s] copying package.xml -> /home/william/sim_ws/install/learning_gazebo/share/learning_gazebo
[3.350s] creating /home/william/sim_ws/install/learning_gazebo/share/learning_gazebo/launch
[3.350s] copying launch/load_urdf_into_gazebo.launch.py -> /home/william/sim_ws/install/learning_gazebo/share/learning_gazebo/launch
[3.354s] copying launch/load_mbot_laser_into_gazebo.launch.py -> /home/william/sim_ws/install/learning_gazebo/share/learning_gazebo/launch
[3.360s] copying launch/load_mbot_rgbd_into_gazebo.launch.py -> /home/william/sim_ws/install/learning_gazebo/share/learning_gazebo/launch
[3.360s] copying launch/mbot_camera.launch.py -> /home/william/sim_ws/install/learning_gazebo/share/learning_gazebo/launch
[3.360s] copying launch/mbot_rgbd.launch.py -> /home/william/sim_ws/install/learning_gazebo/share/learning_gazebo/launch
[3.360s] copying launch/load_mbot_camera_into_gazebo.launch.py -> /home/william/sim_ws/install/learning_gazebo/share/learning_gazebo/launch
[3.361s] copying launch/mbot.launch.py -> /home/william/sim_ws/install/learning_gazebo/share/learning_gazebo/launch
[3.361s] copying launch/mbot_laser.launch.py -> /home/william/sim_ws/install/learning_gazebo/share/learning_gazebo/launch
[3.361s] creating /home/william/sim_ws/install/learning_gazebo/share/learning_gazebo/urdf
[3.361s] copying urdf/mbot_with_kinect_gazebo.xacro -> /home/william/sim_ws/install/learning_gazebo/share/learning_gazebo/urdf
[3.362s] copying urdf/mbot_base_gazebo.xacro -> /home/william/sim_ws/install/learning_gazebo/share/learning_gazebo/urdf
[3.362s] copying urdf/mbot_with_rgbd_gazebo.xacro -> /home/william/sim_ws/install/learning_gazebo/share/learning_gazebo/urdf
[3.362s] copying urdf/mbot_with_laser_gazebo.xacro -> /home/william/sim_ws/install/learning_gazebo/share/learning_gazebo/urdf
[3.362s] copying urdf/two_wheeled_robot_nav2.urdf -> /home/william/sim_ws/install/learning_gazebo/share/learning_gazebo/urdf
[3.363s] copying urdf/mbot_gazebo.xacro -> /home/william/sim_ws/install/learning_gazebo/share/learning_gazebo/urdf
[3.363s] copying urdf/mbot_with_camera_gazebo.xacro -> /home/william/sim_ws/install/learning_gazebo/share/learning_gazebo/urdf
[3.363s] creating /home/william/sim_ws/install/learning_gazebo/share/learning_gazebo/meshes
[3.363s] copying meshes/kinect.jpg -> /home/william/sim_ws/install/learning_gazebo/share/learning_gazebo/meshes
[3.364s] copying meshes/kinect.tga -> /home/william/sim_ws/install/learning_gazebo/share/learning_gazebo/meshes
[3.364s] copying meshes/kinect.dae -> /home/william/sim_ws/install/learning_gazebo/share/learning_gazebo/meshes
[3.365s] creating /home/william/sim_ws/install/learning_gazebo/share/learning_gazebo/urdf/sensors
[3.366s] copying urdf/sensors/camera_gazebo.xacro -> /home/william/sim_ws/install/learning_gazebo/share/learning_gazebo/urdf/sensors
[3.366s] copying urdf/sensors/kinect_gazebo.xacro -> /home/william/sim_ws/install/learning_gazebo/share/learning_gazebo/urdf/sensors
[3.366s] copying urdf/sensors/lidar_gazebo.xacro -> /home/william/sim_ws/install/learning_gazebo/share/learning_gazebo/urdf/sensors
[3.366s] copying urdf/sensors/rgbd_gazebo.xacro -> /home/william/sim_ws/install/learning_gazebo/share/learning_gazebo/urdf/sensors
[3.367s] creating /home/william/sim_ws/install/learning_gazebo/share/learning_gazebo/worlds
[3.367s] copying worlds/neighborhood.world -> /home/william/sim_ws/install/learning_gazebo/share/learning_gazebo/worlds
[3.367s] copying worlds/empty_world.model -> /home/william/sim_ws/install/learning_gazebo/share/learning_gazebo/worlds
[3.368s] creating /home/william/sim_ws/install/learning_gazebo/share/learning_gazebo/rviz
[3.368s] copying rviz/urdf_gazebo_config.rviz -> /home/william/sim_ws/install/learning_gazebo/share/learning_gazebo/rviz
[3.368s] running install_egg_info
[3.412s] Copying ../../../build/learning_gazebo/learning_gazebo.egg-info to /home/william/sim_ws/install/learning_gazebo/lib/python3.8/site-packages/learning_gazebo-0.0.0-py3.8.egg-info
[3.413s] running install_scripts
[3.495s] writing list of installed files to '/home/william/sim_ws/build/learning_gazebo/install.log'
[3.708s] Invoked command in '/home/william/sim_ws/src/ros2_21_tutorials-master/learning_gazebo' returned '0': PYTHONPATH=/home/william/sim_ws/build/learning_gazebo/prefix_override:/home/william/sim_ws/install/learning_gazebo/lib/python3.8/site-packages:${PYTHONPATH} /usr/bin/python3 setup.py egg_info --egg-base ../../../build/learning_gazebo build --build-base /home/william/sim_ws/build/learning_gazebo/build install --record /home/william/sim_ws/build/learning_gazebo/install.log --single-version-externally-managed
