[1.907s] Invoking command in '/home/f1tenth/f1tenth-ws/build/teleop_tools_msgs': CMAKE_PREFIX_PATH=${CMAKE_PREFIX_PATH}:/home/f1tenth/f1tenth-ws/install/waypoint_python:/home/f1tenth/f1tenth-ws/install/f1tenth_stack:/home/f1tenth/f1tenth-ws/install/joy_teleop:/home/f1tenth/f1tenth-ws/install/particle_filter:/home/f1tenth/f1tenth-ws/install/mpc:/home/f1tenth/f1tenth-ws/install/mouse_teleop:/home/f1tenth/f1tenth-ws/install/key_teleop:/home/f1tenth/f1tenth-ws/install/example_py:/home/f1tenth/f1tenth-ws/install/autonomous_drive:/opt/ros/foxy /usr/bin/cmake --build /home/f1tenth/f1tenth-ws/build/teleop_tools_msgs -- -j4 -l4
[4.077s] [  3%] Built target teleop_tools_msgs__cpp
[4.084s] [ 12%] Built target teleop_tools_msgs__rosidl_generator_c
[4.087s] [ 22%] Built target teleop_tools_msgs__rosidl_typesupport_c
[4.087s] [ 32%] Built target teleop_tools_msgs__rosidl_typesupport_introspection_cpp
[4.087s] [ 41%] Built target teleop_tools_msgs__rosidl_typesupport_fastrtps_cpp
[4.088s] [ 51%] Built target teleop_tools_msgs__rosidl_typesupport_cpp
[4.088s] [ 61%] Built target teleop_tools_msgs__rosidl_typesupport_introspection_c
[4.089s] [ 70%] Built target teleop_tools_msgs__rosidl_typesupport_fastrtps_c
[4.089s] [ 70%] Built target teleop_tools_msgs
[4.090s] [ 74%] Built target teleop_tools_msgs__py
[4.090s] [ 80%] Built target teleop_tools_msgs__python
[4.090s] [ 87%] Built target teleop_tools_msgs__rosidl_typesupport_introspection_c__pyext
[4.091s] [ 93%] Built target teleop_tools_msgs__rosidl_typesupport_fastrtps_c__pyext
[4.093s] [100%] Built target teleop_tools_msgs__rosidl_typesupport_c__pyext
[4.102s] Invoked command in '/home/f1tenth/f1tenth-ws/build/teleop_tools_msgs' returned '0': CMAKE_PREFIX_PATH=${CMAKE_PREFIX_PATH}:/home/f1tenth/f1tenth-ws/install/waypoint_python:/home/f1tenth/f1tenth-ws/install/f1tenth_stack:/home/f1tenth/f1tenth-ws/install/joy_teleop:/home/f1tenth/f1tenth-ws/install/particle_filter:/home/f1tenth/f1tenth-ws/install/mpc:/home/f1tenth/f1tenth-ws/install/mouse_teleop:/home/f1tenth/f1tenth-ws/install/key_teleop:/home/f1tenth/f1tenth-ws/install/example_py:/home/f1tenth/f1tenth-ws/install/autonomous_drive:/opt/ros/foxy /usr/bin/cmake --build /home/f1tenth/f1tenth-ws/build/teleop_tools_msgs -- -j4 -l4
[4.939s] Invoking command in '/home/f1tenth/f1tenth-ws/build/teleop_tools_msgs': CMAKE_PREFIX_PATH=${CMAKE_PREFIX_PATH}:/home/f1tenth/f1tenth-ws/install/waypoint_python:/home/f1tenth/f1tenth-ws/install/f1tenth_stack:/home/f1tenth/f1tenth-ws/install/joy_teleop:/home/f1tenth/f1tenth-ws/install/particle_filter:/home/f1tenth/f1tenth-ws/install/mpc:/home/f1tenth/f1tenth-ws/install/mouse_teleop:/home/f1tenth/f1tenth-ws/install/key_teleop:/home/f1tenth/f1tenth-ws/install/example_py:/home/f1tenth/f1tenth-ws/install/autonomous_drive:/opt/ros/foxy /usr/bin/cmake --install /home/f1tenth/f1tenth-ws/build/teleop_tools_msgs
[5.006s] -- Install configuration: ""
[5.007s] -- Up-to-date: /home/f1tenth/f1tenth-ws/install/teleop_tools_msgs/share/ament_index/resource_index/rosidl_interfaces/teleop_tools_msgs
[5.007s] -- Up-to-date: /home/f1tenth/f1tenth-ws/install/teleop_tools_msgs/include/teleop_tools_msgs
[5.007s] -- Up-to-date: /home/f1tenth/f1tenth-ws/install/teleop_tools_msgs/include/teleop_tools_msgs/msg
[5.008s] -- Up-to-date: /home/f1tenth/f1tenth-ws/install/teleop_tools_msgs/include/teleop_tools_msgs/msg/rosidl_generator_c__visibility_control.h
[5.008s] -- Up-to-date: /home/f1tenth/f1tenth-ws/install/teleop_tools_msgs/include/teleop_tools_msgs/action
[5.008s] -- Up-to-date: /home/f1tenth/f1tenth-ws/install/teleop_tools_msgs/include/teleop_tools_msgs/action/detail
[5.012s] -- Up-to-date: /home/f1tenth/f1tenth-ws/install/teleop_tools_msgs/include/teleop_tools_msgs/action/detail/increment__functions.c
[5.013s] -- Up-to-date: /home/f1tenth/f1tenth-ws/install/teleop_tools_msgs/include/teleop_tools_msgs/action/detail/increment__functions.h
[5.014s] -- Up-to-date: /home/f1tenth/f1tenth-ws/install/teleop_tools_msgs/include/teleop_tools_msgs/action/detail/increment__struct.h
[5.014s] -- Up-to-date: /home/f1tenth/f1tenth-ws/install/teleop_tools_msgs/include/teleop_tools_msgs/action/detail/increment__type_support.h
[5.016s] -- Up-to-date: /home/f1tenth/f1tenth-ws/install/teleop_tools_msgs/include/teleop_tools_msgs/action/increment.h
[5.016s] -- Up-to-date: /home/f1tenth/f1tenth-ws/install/teleop_tools_msgs/share/teleop_tools_msgs/environment/library_path.sh
[5.017s] -- Up-to-date: /home/f1tenth/f1tenth-ws/install/teleop_tools_msgs/share/teleop_tools_msgs/environment/library_path.dsv
[5.019s] -- Up-to-date: /home/f1tenth/f1tenth-ws/install/teleop_tools_msgs/lib/libteleop_tools_msgs__rosidl_generator_c.so
[5.019s] -- Up-to-date: /home/f1tenth/f1tenth-ws/install/teleop_tools_msgs/include/teleop_tools_msgs
[5.020s] -- Up-to-date: /home/f1tenth/f1tenth-ws/install/teleop_tools_msgs/include/teleop_tools_msgs/msg
[5.020s] -- Up-to-date: /home/f1tenth/f1tenth-ws/install/teleop_tools_msgs/include/teleop_tools_msgs/msg/rosidl_typesupport_fastrtps_c__visibility_control.h
[5.020s] -- Up-to-date: /home/f1tenth/f1tenth-ws/install/teleop_tools_msgs/include/teleop_tools_msgs/action
[5.021s] -- Up-to-date: /home/f1tenth/f1tenth-ws/install/teleop_tools_msgs/include/teleop_tools_msgs/action/detail
[5.025s] -- Up-to-date: /home/f1tenth/f1tenth-ws/install/teleop_tools_msgs/include/teleop_tools_msgs/action/detail/increment__rosidl_typesupport_fastrtps_c.h
[5.026s] -- Up-to-date: /home/f1tenth/f1tenth-ws/install/teleop_tools_msgs/lib/libteleop_tools_msgs__rosidl_typesupport_fastrtps_c.so
[5.027s] -- Up-to-date: /home/f1tenth/f1tenth-ws/install/teleop_tools_msgs/include/teleop_tools_msgs
[5.027s] -- Up-to-date: /home/f1tenth/f1tenth-ws/install/teleop_tools_msgs/include/teleop_tools_msgs/msg
[5.028s] -- Up-to-date: /home/f1tenth/f1tenth-ws/install/teleop_tools_msgs/include/teleop_tools_msgs/msg/rosidl_typesupport_fastrtps_cpp__visibility_control.h
[5.028s] -- Up-to-date: /home/f1tenth/f1tenth-ws/install/teleop_tools_msgs/include/teleop_tools_msgs/action
[5.029s] -- Up-to-date: /home/f1tenth/f1tenth-ws/install/teleop_tools_msgs/include/teleop_tools_msgs/action/detail
[5.029s] -- Up-to-date: /home/f1tenth/f1tenth-ws/install/teleop_tools_msgs/include/teleop_tools_msgs/action/detail/dds_fastrtps
[5.031s] -- Up-to-date: /home/f1tenth/f1tenth-ws/install/teleop_tools_msgs/include/teleop_tools_msgs/action/detail/increment__rosidl_typesupport_fastrtps_cpp.hpp
[5.032s] -- Up-to-date: /home/f1tenth/f1tenth-ws/install/teleop_tools_msgs/lib/libteleop_tools_msgs__rosidl_typesupport_fastrtps_cpp.so
[5.034s] -- Up-to-date: /home/f1tenth/f1tenth-ws/install/teleop_tools_msgs/include/teleop_tools_msgs
[5.034s] -- Up-to-date: /home/f1tenth/f1tenth-ws/install/teleop_tools_msgs/include/teleop_tools_msgs/msg
[5.038s] -- Up-to-date: /home/f1tenth/f1tenth-ws/install/teleop_tools_msgs/include/teleop_tools_msgs/msg/rosidl_typesupport_introspection_c__visibility_control.h
[5.039s] -- Up-to-date: /home/f1tenth/f1tenth-ws/install/teleop_tools_msgs/include/teleop_tools_msgs/action
[5.039s] -- Up-to-date: /home/f1tenth/f1tenth-ws/install/teleop_tools_msgs/include/teleop_tools_msgs/action/detail
[5.039s] -- Up-to-date: /home/f1tenth/f1tenth-ws/install/teleop_tools_msgs/include/teleop_tools_msgs/action/detail/increment__type_support.c
[5.046s] -- Up-to-date: /home/f1tenth/f1tenth-ws/install/teleop_tools_msgs/include/teleop_tools_msgs/action/detail/increment__rosidl_typesupport_introspection_c.h
[5.046s] -- Up-to-date: /home/f1tenth/f1tenth-ws/install/teleop_tools_msgs/lib/libteleop_tools_msgs__rosidl_typesupport_introspection_c.so
[5.047s] -- Up-to-date: /home/f1tenth/f1tenth-ws/install/teleop_tools_msgs/lib/libteleop_tools_msgs__rosidl_typesupport_c.so
[5.047s] -- Up-to-date: /home/f1tenth/f1tenth-ws/install/teleop_tools_msgs/include/teleop_tools_msgs
[5.048s] -- Up-to-date: /home/f1tenth/f1tenth-ws/install/teleop_tools_msgs/include/teleop_tools_msgs/msg
[5.048s] -- Up-to-date: /home/f1tenth/f1tenth-ws/install/teleop_tools_msgs/include/teleop_tools_msgs/msg/rosidl_generator_cpp__visibility_control.hpp
[5.048s] -- Up-to-date: /home/f1tenth/f1tenth-ws/install/teleop_tools_msgs/include/teleop_tools_msgs/action
[5.049s] -- Up-to-date: /home/f1tenth/f1tenth-ws/install/teleop_tools_msgs/include/teleop_tools_msgs/action/detail
[5.049s] -- Up-to-date: /home/f1tenth/f1tenth-ws/install/teleop_tools_msgs/include/teleop_tools_msgs/action/detail/increment__builder.hpp
[5.055s] -- Up-to-date: /home/f1tenth/f1tenth-ws/install/teleop_tools_msgs/include/teleop_tools_msgs/action/detail/increment__type_support.hpp
[5.056s] -- Up-to-date: /home/f1tenth/f1tenth-ws/install/teleop_tools_msgs/include/teleop_tools_msgs/action/detail/increment__traits.hpp
[5.056s] -- Up-to-date: /home/f1tenth/f1tenth-ws/install/teleop_tools_msgs/include/teleop_tools_msgs/action/detail/increment__struct.hpp
[5.057s] -- Up-to-date: /home/f1tenth/f1tenth-ws/install/teleop_tools_msgs/include/teleop_tools_msgs/action/increment.hpp
[5.057s] -- Up-to-date: /home/f1tenth/f1tenth-ws/install/teleop_tools_msgs/include/teleop_tools_msgs
[5.058s] -- Up-to-date: /home/f1tenth/f1tenth-ws/install/teleop_tools_msgs/include/teleop_tools_msgs/action
[5.058s] -- Up-to-date: /home/f1tenth/f1tenth-ws/install/teleop_tools_msgs/include/teleop_tools_msgs/action/detail
[5.059s] -- Up-to-date: /home/f1tenth/f1tenth-ws/install/teleop_tools_msgs/include/teleop_tools_msgs/action/detail/increment__type_support.cpp
[5.059s] -- Up-to-date: /home/f1tenth/f1tenth-ws/install/teleop_tools_msgs/include/teleop_tools_msgs/action/detail/increment__rosidl_typesupport_introspection_cpp.hpp
[5.059s] -- Up-to-date: /home/f1tenth/f1tenth-ws/install/teleop_tools_msgs/lib/libteleop_tools_msgs__rosidl_typesupport_introspection_cpp.so
[5.064s] -- Up-to-date: /home/f1tenth/f1tenth-ws/install/teleop_tools_msgs/lib/libteleop_tools_msgs__rosidl_typesupport_cpp.so
[5.065s] -- Up-to-date: /home/f1tenth/f1tenth-ws/install/teleop_tools_msgs/share/teleop_tools_msgs/environment/pythonpath.sh
[5.067s] -- Up-to-date: /home/f1tenth/f1tenth-ws/install/teleop_tools_msgs/share/teleop_tools_msgs/environment/pythonpath.dsv
[5.067s] -- Up-to-date: /home/f1tenth/f1tenth-ws/install/teleop_tools_msgs/lib/python3.8/site-packages/teleop_tools_msgs/__init__.py
[5.230s] -- Up-to-date: /home/f1tenth/f1tenth-ws/install/teleop_tools_msgs/lib/python3.8/site-packages/teleop_tools_msgs/action
[5.230s] -- Up-to-date: /home/f1tenth/f1tenth-ws/install/teleop_tools_msgs/lib/python3.8/site-packages/teleop_tools_msgs/action/__init__.py
[5.231s] -- Up-to-date: /home/f1tenth/f1tenth-ws/install/teleop_tools_msgs/lib/python3.8/site-packages/teleop_tools_msgs/action/_increment_s.c
[5.231s] -- Up-to-date: /home/f1tenth/f1tenth-ws/install/teleop_tools_msgs/lib/python3.8/site-packages/teleop_tools_msgs/action/_increment.py
[5.231s] -- Up-to-date: /home/f1tenth/f1tenth-ws/install/teleop_tools_msgs/lib/python3.8/site-packages/teleop_tools_msgs/teleop_tools_msgs_s__rosidl_typesupport_fastrtps_c.cpython-38-aarch64-linux-gnu.so
[5.234s] -- Up-to-date: /home/f1tenth/f1tenth-ws/install/teleop_tools_msgs/lib/python3.8/site-packages/teleop_tools_msgs/teleop_tools_msgs_s__rosidl_typesupport_introspection_c.cpython-38-aarch64-linux-gnu.so
[5.240s] -- Up-to-date: /home/f1tenth/f1tenth-ws/install/teleop_tools_msgs/lib/python3.8/site-packages/teleop_tools_msgs/teleop_tools_msgs_s__rosidl_typesupport_c.cpython-38-aarch64-linux-gnu.so
[5.246s] -- Up-to-date: /home/f1tenth/f1tenth-ws/install/teleop_tools_msgs/lib/libteleop_tools_msgs__python.so
[5.246s] -- Up-to-date: /home/f1tenth/f1tenth-ws/install/teleop_tools_msgs/share/teleop_tools_msgs/action/Increment.idl
[5.247s] -- Up-to-date: /home/f1tenth/f1tenth-ws/install/teleop_tools_msgs/share/teleop_tools_msgs/action/Increment.action
[5.247s] -- Up-to-date: /home/f1tenth/f1tenth-ws/install/teleop_tools_msgs/share/ament_index/resource_index/package_run_dependencies/teleop_tools_msgs
[5.248s] -- Up-to-date: /home/f1tenth/f1tenth-ws/install/teleop_tools_msgs/share/ament_index/resource_index/parent_prefix_path/teleop_tools_msgs
[5.249s] -- Up-to-date: /home/f1tenth/f1tenth-ws/install/teleop_tools_msgs/share/teleop_tools_msgs/environment/ament_prefix_path.sh
[5.249s] -- Up-to-date: /home/f1tenth/f1tenth-ws/install/teleop_tools_msgs/share/teleop_tools_msgs/environment/ament_prefix_path.dsv
[5.250s] -- Up-to-date: /home/f1tenth/f1tenth-ws/install/teleop_tools_msgs/share/teleop_tools_msgs/environment/path.sh
[5.250s] -- Up-to-date: /home/f1tenth/f1tenth-ws/install/teleop_tools_msgs/share/teleop_tools_msgs/environment/path.dsv
[5.251s] -- Up-to-date: /home/f1tenth/f1tenth-ws/install/teleop_tools_msgs/share/teleop_tools_msgs/local_setup.bash
[5.253s] -- Up-to-date: /home/f1tenth/f1tenth-ws/install/teleop_tools_msgs/share/teleop_tools_msgs/local_setup.sh
[5.254s] -- Up-to-date: /home/f1tenth/f1tenth-ws/install/teleop_tools_msgs/share/teleop_tools_msgs/local_setup.zsh
[5.254s] -- Up-to-date: /home/f1tenth/f1tenth-ws/install/teleop_tools_msgs/share/teleop_tools_msgs/local_setup.dsv
[5.255s] -- Installing: /home/f1tenth/f1tenth-ws/install/teleop_tools_msgs/share/teleop_tools_msgs/package.dsv
[5.257s] -- Up-to-date: /home/f1tenth/f1tenth-ws/install/teleop_tools_msgs/share/ament_index/resource_index/packages/teleop_tools_msgs
[5.260s] -- Up-to-date: /home/f1tenth/f1tenth-ws/install/teleop_tools_msgs/share/teleop_tools_msgs/cmake/teleop_tools_msgs__rosidl_generator_cExport.cmake
[5.263s] -- Up-to-date: /home/f1tenth/f1tenth-ws/install/teleop_tools_msgs/share/teleop_tools_msgs/cmake/teleop_tools_msgs__rosidl_generator_cExport-noconfig.cmake
[5.263s] -- Up-to-date: /home/f1tenth/f1tenth-ws/install/teleop_tools_msgs/share/teleop_tools_msgs/cmake/teleop_tools_msgs__rosidl_typesupport_introspection_cExport.cmake
[5.263s] -- Up-to-date: /home/f1tenth/f1tenth-ws/install/teleop_tools_msgs/share/teleop_tools_msgs/cmake/teleop_tools_msgs__rosidl_typesupport_introspection_cExport-noconfig.cmake
[5.264s] -- Up-to-date: /home/f1tenth/f1tenth-ws/install/teleop_tools_msgs/share/teleop_tools_msgs/cmake/teleop_tools_msgs__rosidl_typesupport_cExport.cmake
[5.264s] -- Up-to-date: /home/f1tenth/f1tenth-ws/install/teleop_tools_msgs/share/teleop_tools_msgs/cmake/teleop_tools_msgs__rosidl_typesupport_cExport-noconfig.cmake
[5.265s] -- Up-to-date: /home/f1tenth/f1tenth-ws/install/teleop_tools_msgs/share/teleop_tools_msgs/cmake/teleop_tools_msgs__rosidl_generator_cppExport.cmake
[5.265s] -- Up-to-date: /home/f1tenth/f1tenth-ws/install/teleop_tools_msgs/share/teleop_tools_msgs/cmake/teleop_tools_msgs__rosidl_typesupport_introspection_cppExport.cmake
[5.270s] -- Up-to-date: /home/f1tenth/f1tenth-ws/install/teleop_tools_msgs/share/teleop_tools_msgs/cmake/teleop_tools_msgs__rosidl_typesupport_introspection_cppExport-noconfig.cmake
[5.271s] -- Up-to-date: /home/f1tenth/f1tenth-ws/install/teleop_tools_msgs/share/teleop_tools_msgs/cmake/teleop_tools_msgs__rosidl_typesupport_cppExport.cmake
[5.273s] -- Up-to-date: /home/f1tenth/f1tenth-ws/install/teleop_tools_msgs/share/teleop_tools_msgs/cmake/teleop_tools_msgs__rosidl_typesupport_cppExport-noconfig.cmake
[5.273s] -- Up-to-date: /home/f1tenth/f1tenth-ws/install/teleop_tools_msgs/share/teleop_tools_msgs/cmake/rosidl_cmake-extras.cmake
[5.274s] -- Up-to-date: /home/f1tenth/f1tenth-ws/install/teleop_tools_msgs/share/teleop_tools_msgs/cmake/ament_cmake_export_dependencies-extras.cmake
[5.274s] -- Up-to-date: /home/f1tenth/f1tenth-ws/install/teleop_tools_msgs/share/teleop_tools_msgs/cmake/ament_cmake_export_libraries-extras.cmake
[5.275s] -- Up-to-date: /home/f1tenth/f1tenth-ws/install/teleop_tools_msgs/share/teleop_tools_msgs/cmake/ament_cmake_export_targets-extras.cmake
[5.275s] -- Up-to-date: /home/f1tenth/f1tenth-ws/install/teleop_tools_msgs/share/teleop_tools_msgs/cmake/ament_cmake_export_include_directories-extras.cmake
[5.275s] -- Up-to-date: /home/f1tenth/f1tenth-ws/install/teleop_tools_msgs/share/teleop_tools_msgs/cmake/rosidl_cmake_export_typesupport_libraries-extras.cmake
[5.276s] -- Up-to-date: /home/f1tenth/f1tenth-ws/install/teleop_tools_msgs/share/teleop_tools_msgs/cmake/rosidl_cmake_export_typesupport_targets-extras.cmake
[5.276s] -- Up-to-date: /home/f1tenth/f1tenth-ws/install/teleop_tools_msgs/share/teleop_tools_msgs/cmake/teleop_tools_msgsConfig.cmake
[5.276s] -- Up-to-date: /home/f1tenth/f1tenth-ws/install/teleop_tools_msgs/share/teleop_tools_msgs/cmake/teleop_tools_msgsConfig-version.cmake
[5.281s] -- Up-to-date: /home/f1tenth/f1tenth-ws/install/teleop_tools_msgs/share/teleop_tools_msgs/package.xml
[7.937s] Invoked command in '/home/f1tenth/f1tenth-ws/build/teleop_tools_msgs' returned '0': CMAKE_PREFIX_PATH=${CMAKE_PREFIX_PATH}:/home/f1tenth/f1tenth-ws/install/waypoint_python:/home/f1tenth/f1tenth-ws/install/f1tenth_stack:/home/f1tenth/f1tenth-ws/install/joy_teleop:/home/f1tenth/f1tenth-ws/install/particle_filter:/home/f1tenth/f1tenth-ws/install/mpc:/home/f1tenth/f1tenth-ws/install/mouse_teleop:/home/f1tenth/f1tenth-ws/install/key_teleop:/home/f1tenth/f1tenth-ws/install/example_py:/home/f1tenth/f1tenth-ws/install/autonomous_drive:/opt/ros/foxy /usr/bin/cmake --install /home/f1tenth/f1tenth-ws/build/teleop_tools_msgs
