[1.333s] Invoking command in '/home/f1tenth/f1tenth-ws/build/ackermann_mux': CMAKE_PREFIX_PATH=${CMAKE_PREFIX_PATH}:/home/f1tenth/f1tenth-ws/install/f1tenth_stack:/home/f1tenth/f1tenth-ws/install/joy_teleop:/home/f1tenth/f1tenth-ws/install/particle_filter:/home/f1tenth/f1tenth-ws/install/mouse_teleop:/home/f1tenth/f1tenth-ws/install/key_teleop:/home/f1tenth/f1tenth-ws/install/example_py:/home/f1tenth/f1tenth-ws/install/autonomous_drive:/opt/ros/foxy /usr/bin/cmake --build /home/f1tenth/f1tenth-ws/build/ackermann_mux -- -j4 -l4
[3.334s] [100%] Built target ackermann_mux
[3.335s] Invoked command in '/home/f1tenth/f1tenth-ws/build/ackermann_mux' returned '0': CMAKE_PREFIX_PATH=${CMAKE_PREFIX_PATH}:/home/f1tenth/f1tenth-ws/install/f1tenth_stack:/home/f1tenth/f1tenth-ws/install/joy_teleop:/home/f1tenth/f1tenth-ws/install/particle_filter:/home/f1tenth/f1tenth-ws/install/mouse_teleop:/home/f1tenth/f1tenth-ws/install/key_teleop:/home/f1tenth/f1tenth-ws/install/example_py:/home/f1tenth/f1tenth-ws/install/autonomous_drive:/opt/ros/foxy /usr/bin/cmake --build /home/f1tenth/f1tenth-ws/build/ackermann_mux -- -j4 -l4
[3.528s] Invoking command in '/home/f1tenth/f1tenth-ws/build/ackermann_mux': CMAKE_PREFIX_PATH=${CMAKE_PREFIX_PATH}:/home/f1tenth/f1tenth-ws/install/f1tenth_stack:/home/f1tenth/f1tenth-ws/install/joy_teleop:/home/f1tenth/f1tenth-ws/install/particle_filter:/home/f1tenth/f1tenth-ws/install/mouse_teleop:/home/f1tenth/f1tenth-ws/install/key_teleop:/home/f1tenth/f1tenth-ws/install/example_py:/home/f1tenth/f1tenth-ws/install/autonomous_drive:/opt/ros/foxy /usr/bin/cmake --install /home/f1tenth/f1tenth-ws/build/ackermann_mux
[3.585s] -- Install configuration: ""
[3.587s] -- Up-to-date: /home/f1tenth/f1tenth-ws/install/ackermann_mux/lib/ackermann_mux/ackermann_mux
[3.588s] -- Up-to-date: /home/f1tenth/f1tenth-ws/install/ackermann_mux/share/ackermann_mux/launch
[3.589s] -- Up-to-date: /home/f1tenth/f1tenth-ws/install/ackermann_mux/share/ackermann_mux/launch/ackermann_mux_launch.py
[3.590s] -- Up-to-date: /home/f1tenth/f1tenth-ws/install/ackermann_mux/share/ackermann_mux/config
[3.590s] -- Up-to-date: /home/f1tenth/f1tenth-ws/install/ackermann_mux/share/ackermann_mux/config/ackermann_mux_topics.yaml
[3.592s] -- Up-to-date: /home/f1tenth/f1tenth-ws/install/ackermann_mux/share/ackermann_mux/config/ackermann_mux_locks.yaml
[3.593s] -- Up-to-date: /home/f1tenth/f1tenth-ws/install/ackermann_mux/share/ackermann_mux/config/joystick.yaml
[3.593s] -- Up-to-date: /home/f1tenth/f1tenth-ws/install/ackermann_mux/include
[3.594s] -- Up-to-date: /home/f1tenth/f1tenth-ws/install/ackermann_mux/include/ackermann_mux
[3.595s] -- Up-to-date: /home/f1tenth/f1tenth-ws/install/ackermann_mux/include/ackermann_mux/ackermann_mux_diagnostics_status.hpp
[3.596s] -- Up-to-date: /home/f1tenth/f1tenth-ws/install/ackermann_mux/include/ackermann_mux/ackermann_mux.hpp
[3.596s] -- Up-to-date: /home/f1tenth/f1tenth-ws/install/ackermann_mux/include/ackermann_mux/utils.hpp
[3.597s] -- Up-to-date: /home/f1tenth/f1tenth-ws/install/ackermann_mux/include/ackermann_mux/topic_handle.hpp
[3.597s] -- Up-to-date: /home/f1tenth/f1tenth-ws/install/ackermann_mux/include/ackermann_mux/params_helpers.hpp
[3.597s] -- Up-to-date: /home/f1tenth/f1tenth-ws/install/ackermann_mux/include/ackermann_mux/ackermann_mux_diagnostics.hpp
[3.598s] -- Up-to-date: /home/f1tenth/f1tenth-ws/install/ackermann_mux/share/ament_index/resource_index/package_run_dependencies/ackermann_mux
[3.598s] -- Up-to-date: /home/f1tenth/f1tenth-ws/install/ackermann_mux/share/ament_index/resource_index/parent_prefix_path/ackermann_mux
[3.598s] -- Up-to-date: /home/f1tenth/f1tenth-ws/install/ackermann_mux/share/ackermann_mux/environment/ament_prefix_path.sh
[3.599s] -- Up-to-date: /home/f1tenth/f1tenth-ws/install/ackermann_mux/share/ackermann_mux/environment/ament_prefix_path.dsv
[3.599s] -- Up-to-date: /home/f1tenth/f1tenth-ws/install/ackermann_mux/share/ackermann_mux/environment/path.sh
[3.603s] -- Up-to-date: /home/f1tenth/f1tenth-ws/install/ackermann_mux/share/ackermann_mux/environment/path.dsv
[3.608s] -- Up-to-date: /home/f1tenth/f1tenth-ws/install/ackermann_mux/share/ackermann_mux/local_setup.bash
[3.609s] -- Up-to-date: /home/f1tenth/f1tenth-ws/install/ackermann_mux/share/ackermann_mux/local_setup.sh
[3.609s] -- Up-to-date: /home/f1tenth/f1tenth-ws/install/ackermann_mux/share/ackermann_mux/local_setup.zsh
[3.610s] -- Up-to-date: /home/f1tenth/f1tenth-ws/install/ackermann_mux/share/ackermann_mux/local_setup.dsv
[3.611s] -- Installing: /home/f1tenth/f1tenth-ws/install/ackermann_mux/share/ackermann_mux/package.dsv
[3.612s] -- Up-to-date: /home/f1tenth/f1tenth-ws/install/ackermann_mux/share/ament_index/resource_index/packages/ackermann_mux
[3.612s] -- Up-to-date: /home/f1tenth/f1tenth-ws/install/ackermann_mux/share/ackermann_mux/cmake/ament_cmake_export_include_directories-extras.cmake
[3.613s] -- Up-to-date: /home/f1tenth/f1tenth-ws/install/ackermann_mux/share/ackermann_mux/cmake/ament_cmake_export_dependencies-extras.cmake
[3.613s] -- Up-to-date: /home/f1tenth/f1tenth-ws/install/ackermann_mux/share/ackermann_mux/cmake/ackermann_muxConfig.cmake
[3.614s] -- Up-to-date: /home/f1tenth/f1tenth-ws/install/ackermann_mux/share/ackermann_mux/cmake/ackermann_muxConfig-version.cmake
[3.614s] -- Up-to-date: /home/f1tenth/f1tenth-ws/install/ackermann_mux/share/ackermann_mux/package.xml
[3.615s] Invoked command in '/home/f1tenth/f1tenth-ws/build/ackermann_mux' returned '0': CMAKE_PREFIX_PATH=${CMAKE_PREFIX_PATH}:/home/f1tenth/f1tenth-ws/install/f1tenth_stack:/home/f1tenth/f1tenth-ws/install/joy_teleop:/home/f1tenth/f1tenth-ws/install/particle_filter:/home/f1tenth/f1tenth-ws/install/mouse_teleop:/home/f1tenth/f1tenth-ws/install/key_teleop:/home/f1tenth/f1tenth-ws/install/example_py:/home/f1tenth/f1tenth-ws/install/autonomous_drive:/opt/ros/foxy /usr/bin/cmake --install /home/f1tenth/f1tenth-ws/build/ackermann_mux
