[9.767s] Invoking command in '/home/f1tenth/f1tenth-ws/src/f1tenth_system/teleop_tools/mouse_teleop': PYTHONPATH=/home/f1tenth/f1tenth-ws/build/mouse_teleop/prefix_override:/home/f1tenth/f1tenth-ws/install/mouse_teleop/lib/python3.8/site-packages:${PYTHONPATH} /usr/bin/python3 setup.py egg_info --egg-base ../../../../build/mouse_teleop build --build-base /home/f1tenth/f1tenth-ws/build/mouse_teleop/build install --record /home/f1tenth/f1tenth-ws/build/mouse_teleop/install.log --install-scripts $base/lib/mouse_teleop --single-version-externally-managed
[10.812s] running egg_info
[10.815s] writing ../../../../build/mouse_teleop/mouse_teleop.egg-info/PKG-INFO
[10.816s] writing dependency_links to ../../../../build/mouse_teleop/mouse_teleop.egg-info/dependency_links.txt
[10.817s] writing entry points to ../../../../build/mouse_teleop/mouse_teleop.egg-info/entry_points.txt
[10.818s] writing requirements to ../../../../build/mouse_teleop/mouse_teleop.egg-info/requires.txt
[10.819s] writing top-level names to ../../../../build/mouse_teleop/mouse_teleop.egg-info/top_level.txt
[11.007s] reading manifest file '../../../../build/mouse_teleop/mouse_teleop.egg-info/SOURCES.txt'
[11.017s] writing manifest file '../../../../build/mouse_teleop/mouse_teleop.egg-info/SOURCES.txt'
[11.020s] running build
[11.021s] running build_py
[11.022s] running install
[11.036s] running install_lib
[11.038s] running install_data
[11.040s] running install_egg_info
[11.048s] removing '/home/f1tenth/f1tenth-ws/install/mouse_teleop/lib/python3.8/site-packages/mouse_teleop-0.3.0-py3.8.egg-info' (and everything under it)
[11.050s] Copying ../../../../build/mouse_teleop/mouse_teleop.egg-info to /home/f1tenth/f1tenth-ws/install/mouse_teleop/lib/python3.8/site-packages/mouse_teleop-0.3.0-py3.8.egg-info
[11.055s] running install_scripts
[11.140s] Installing mouse_teleop script to /home/f1tenth/f1tenth-ws/install/mouse_teleop/lib/mouse_teleop
[11.142s] writing list of installed files to '/home/f1tenth/f1tenth-ws/build/mouse_teleop/install.log'
[12.322s] Invoked command in '/home/f1tenth/f1tenth-ws/src/f1tenth_system/teleop_tools/mouse_teleop' returned '0': PYTHONPATH=/home/f1tenth/f1tenth-ws/build/mouse_teleop/prefix_override:/home/f1tenth/f1tenth-ws/install/mouse_teleop/lib/python3.8/site-packages:${PYTHONPATH} /usr/bin/python3 setup.py egg_info --egg-base ../../../../build/mouse_teleop build --build-base /home/f1tenth/f1tenth-ws/build/mouse_teleop/build install --record /home/f1tenth/f1tenth-ws/build/mouse_teleop/install.log --install-scripts $base/lib/mouse_teleop --single-version-externally-managed
