[8.885s] Invoking command in '/mnt/nvme0n1/f1tenth_ws/src/test_driving_2/example_py': PYTHONPATH=/mnt/nvme0n1/f1tenth_ws/build/example_py/prefix_override:/mnt/nvme0n1/f1tenth_ws/install/example_py/lib/python3.8/site-packages:${PYTHONPATH} /usr/bin/python3 setup.py egg_info --egg-base ../../../build/example_py build --build-base /mnt/nvme0n1/f1tenth_ws/build/example_py/build install --record /mnt/nvme0n1/f1tenth_ws/build/example_py/install.log --install-scripts $base/lib/example_py --single-version-externally-managed
[9.945s] running egg_info
[9.947s] writing ../../../build/example_py/example_py.egg-info/PKG-INFO
[9.947s] writing dependency_links to ../../../build/example_py/example_py.egg-info/dependency_links.txt
[9.948s] writing entry points to ../../../build/example_py/example_py.egg-info/entry_points.txt
[9.950s] writing requirements to ../../../build/example_py/example_py.egg-info/requires.txt
[9.951s] writing top-level names to ../../../build/example_py/example_py.egg-info/top_level.txt
[10.101s] reading manifest file '../../../build/example_py/example_py.egg-info/SOURCES.txt'
[10.104s] writing manifest file '../../../build/example_py/example_py.egg-info/SOURCES.txt'
[10.107s] running build
[10.107s] running build_py
[10.108s] running install
[10.110s] running install_lib
[10.117s] running install_data
[10.121s] running install_egg_info
[10.132s] removing '/mnt/nvme0n1/f1tenth_ws/install/example_py/lib/python3.8/site-packages/example_py-0.0.0-py3.8.egg-info' (and everything under it)
[10.134s] Copying ../../../build/example_py/example_py.egg-info to /mnt/nvme0n1/f1tenth_ws/install/example_py/lib/python3.8/site-packages/example_py-0.0.0-py3.8.egg-info
[10.136s] running install_scripts
[10.209s] Installing li4_node script to /mnt/nvme0n1/f1tenth_ws/install/example_py/lib/example_py
[10.212s] writing list of installed files to '/mnt/nvme0n1/f1tenth_ws/build/example_py/install.log'
[11.334s] Invoked command in '/mnt/nvme0n1/f1tenth_ws/src/test_driving_2/example_py' returned '0': PYTHONPATH=/mnt/nvme0n1/f1tenth_ws/build/example_py/prefix_override:/mnt/nvme0n1/f1tenth_ws/install/example_py/lib/python3.8/site-packages:${PYTHONPATH} /usr/bin/python3 setup.py egg_info --egg-base ../../../build/example_py build --build-base /mnt/nvme0n1/f1tenth_ws/build/example_py/build install --record /mnt/nvme0n1/f1tenth_ws/build/example_py/install.log --install-scripts $base/lib/example_py --single-version-externally-managed
