[2.181s] Invoking command in '/mnt/nvme0n1/f1tenth_ws/build/vesc_msgs': CMAKE_PREFIX_PATH=${CMAKE_PREFIX_PATH}:/home/f1tenth/f1tenth-ws/install/f1tenth_stack:/home/f1tenth/f1tenth-ws/install/joy_teleop:/home/f1tenth/f1tenth-ws/install/mouse_teleop:/home/f1tenth/f1tenth-ws/install/key_teleop:/home/f1tenth/f1tenth-ws/install/example_py:/opt/ros/foxy /usr/bin/cmake --build /mnt/nvme0n1/f1tenth_ws/build/vesc_msgs -- -j4 -l4
[4.269s] [ 10%] Built target vesc_msgs__rosidl_generator_c
[4.272s] [ 12%] Built target vesc_msgs__cpp
[4.274s] [ 23%] Built target vesc_msgs__rosidl_typesupport_c
[4.276s] [ 34%] Built target vesc_msgs__rosidl_typesupport_introspection_c
[4.279s] [ 45%] Built target vesc_msgs__rosidl_typesupport_cpp
[4.280s] [ 56%] Built target vesc_msgs__rosidl_typesupport_introspection_cpp
[4.282s] [ 67%] Built target vesc_msgs__rosidl_typesupport_fastrtps_cpp
[4.287s] [ 78%] Built target vesc_msgs__rosidl_typesupport_fastrtps_c
[4.292s] [ 78%] Built target vesc_msgs
[4.295s] [ 80%] Built target vesc_msgs__py
[4.295s] [ 89%] Built target vesc_msgs__python
[4.302s] [ 92%] Built target vesc_msgs__rosidl_typesupport_fastrtps_c__pyext
[4.305s] [ 96%] Built target vesc_msgs__rosidl_typesupport_c__pyext
[4.306s] [100%] Built target vesc_msgs__rosidl_typesupport_introspection_c__pyext
[4.335s] Invoked command in '/mnt/nvme0n1/f1tenth_ws/build/vesc_msgs' returned '0': CMAKE_PREFIX_PATH=${CMAKE_PREFIX_PATH}:/home/f1tenth/f1tenth-ws/install/f1tenth_stack:/home/f1tenth/f1tenth-ws/install/joy_teleop:/home/f1tenth/f1tenth-ws/install/mouse_teleop:/home/f1tenth/f1tenth-ws/install/key_teleop:/home/f1tenth/f1tenth-ws/install/example_py:/opt/ros/foxy /usr/bin/cmake --build /mnt/nvme0n1/f1tenth_ws/build/vesc_msgs -- -j4 -l4
[5.177s] Invoking command in '/mnt/nvme0n1/f1tenth_ws/build/vesc_msgs': CMAKE_PREFIX_PATH=${CMAKE_PREFIX_PATH}:/home/f1tenth/f1tenth-ws/install/f1tenth_stack:/home/f1tenth/f1tenth-ws/install/joy_teleop:/home/f1tenth/f1tenth-ws/install/mouse_teleop:/home/f1tenth/f1tenth-ws/install/key_teleop:/home/f1tenth/f1tenth-ws/install/example_py:/opt/ros/foxy /usr/bin/cmake --install /mnt/nvme0n1/f1tenth_ws/build/vesc_msgs
[5.240s] -- Install configuration: ""
[5.241s] -- Up-to-date: /mnt/nvme0n1/f1tenth_ws/install/vesc_msgs/share/ament_index/resource_index/rosidl_interfaces/vesc_msgs
[5.242s] -- Up-to-date: /mnt/nvme0n1/f1tenth_ws/install/vesc_msgs/include/vesc_msgs
[5.242s] -- Up-to-date: /mnt/nvme0n1/f1tenth_ws/install/vesc_msgs/include/vesc_msgs/msg
[5.243s] -- Up-to-date: /mnt/nvme0n1/f1tenth_ws/install/vesc_msgs/include/vesc_msgs/msg/vesc_imu_stamped.h
[5.244s] -- Up-to-date: /mnt/nvme0n1/f1tenth_ws/install/vesc_msgs/include/vesc_msgs/msg/vesc_imu.h
[5.244s] -- Up-to-date: /mnt/nvme0n1/f1tenth_ws/install/vesc_msgs/include/vesc_msgs/msg/detail
[5.245s] -- Up-to-date: /mnt/nvme0n1/f1tenth_ws/install/vesc_msgs/include/vesc_msgs/msg/detail/vesc_state__type_support.h
[5.245s] -- Up-to-date: /mnt/nvme0n1/f1tenth_ws/install/vesc_msgs/include/vesc_msgs/msg/detail/vesc_imu_stamped__struct.h
[5.247s] -- Up-to-date: /mnt/nvme0n1/f1tenth_ws/install/vesc_msgs/include/vesc_msgs/msg/detail/vesc_imu_stamped__type_support.h
[5.248s] -- Up-to-date: /mnt/nvme0n1/f1tenth_ws/install/vesc_msgs/include/vesc_msgs/msg/detail/vesc_state_stamped__functions.c
[5.249s] -- Up-to-date: /mnt/nvme0n1/f1tenth_ws/install/vesc_msgs/include/vesc_msgs/msg/detail/vesc_state__functions.c
[5.257s] -- Up-to-date: /mnt/nvme0n1/f1tenth_ws/install/vesc_msgs/include/vesc_msgs/msg/detail/vesc_state_stamped__type_support.h
[5.262s] -- Up-to-date: /mnt/nvme0n1/f1tenth_ws/install/vesc_msgs/include/vesc_msgs/msg/detail/vesc_state__functions.h
[5.262s] -- Up-to-date: /mnt/nvme0n1/f1tenth_ws/install/vesc_msgs/include/vesc_msgs/msg/detail/vesc_state_stamped__functions.h
[5.262s] -- Up-to-date: /mnt/nvme0n1/f1tenth_ws/install/vesc_msgs/include/vesc_msgs/msg/detail/vesc_imu__type_support.h
[5.263s] -- Up-to-date: /mnt/nvme0n1/f1tenth_ws/install/vesc_msgs/include/vesc_msgs/msg/detail/vesc_imu__functions.h
[5.263s] -- Up-to-date: /mnt/nvme0n1/f1tenth_ws/install/vesc_msgs/include/vesc_msgs/msg/detail/vesc_imu_stamped__functions.c
[5.264s] -- Up-to-date: /mnt/nvme0n1/f1tenth_ws/install/vesc_msgs/include/vesc_msgs/msg/detail/vesc_state__struct.h
[5.264s] -- Up-to-date: /mnt/nvme0n1/f1tenth_ws/install/vesc_msgs/include/vesc_msgs/msg/detail/vesc_state_stamped__struct.h
[5.265s] -- Up-to-date: /mnt/nvme0n1/f1tenth_ws/install/vesc_msgs/include/vesc_msgs/msg/detail/vesc_imu_stamped__functions.h
[5.266s] -- Up-to-date: /mnt/nvme0n1/f1tenth_ws/install/vesc_msgs/include/vesc_msgs/msg/detail/vesc_imu__struct.h
[5.266s] -- Up-to-date: /mnt/nvme0n1/f1tenth_ws/install/vesc_msgs/include/vesc_msgs/msg/detail/vesc_imu__functions.c
[5.267s] -- Up-to-date: /mnt/nvme0n1/f1tenth_ws/install/vesc_msgs/include/vesc_msgs/msg/rosidl_generator_c__visibility_control.h
[5.268s] -- Up-to-date: /mnt/nvme0n1/f1tenth_ws/install/vesc_msgs/include/vesc_msgs/msg/vesc_state.h
[5.268s] -- Up-to-date: /mnt/nvme0n1/f1tenth_ws/install/vesc_msgs/include/vesc_msgs/msg/vesc_state_stamped.h
[5.270s] -- Up-to-date: /mnt/nvme0n1/f1tenth_ws/install/vesc_msgs/share/vesc_msgs/environment/library_path.sh
[5.270s] -- Up-to-date: /mnt/nvme0n1/f1tenth_ws/install/vesc_msgs/share/vesc_msgs/environment/library_path.dsv
[5.270s] -- Up-to-date: /mnt/nvme0n1/f1tenth_ws/install/vesc_msgs/lib/libvesc_msgs__rosidl_generator_c.so
[5.275s] -- Up-to-date: /mnt/nvme0n1/f1tenth_ws/install/vesc_msgs/include/vesc_msgs
[5.277s] -- Up-to-date: /mnt/nvme0n1/f1tenth_ws/install/vesc_msgs/include/vesc_msgs/msg
[5.277s] -- Up-to-date: /mnt/nvme0n1/f1tenth_ws/install/vesc_msgs/include/vesc_msgs/msg/rosidl_typesupport_fastrtps_c__visibility_control.h
[5.278s] -- Up-to-date: /mnt/nvme0n1/f1tenth_ws/install/vesc_msgs/include/vesc_msgs/msg/detail
[5.279s] -- Up-to-date: /mnt/nvme0n1/f1tenth_ws/install/vesc_msgs/include/vesc_msgs/msg/detail/vesc_state__rosidl_typesupport_fastrtps_c.h
[5.279s] -- Up-to-date: /mnt/nvme0n1/f1tenth_ws/install/vesc_msgs/include/vesc_msgs/msg/detail/vesc_imu__rosidl_typesupport_fastrtps_c.h
[5.281s] -- Up-to-date: /mnt/nvme0n1/f1tenth_ws/install/vesc_msgs/include/vesc_msgs/msg/detail/vesc_state_stamped__rosidl_typesupport_fastrtps_c.h
[5.281s] -- Up-to-date: /mnt/nvme0n1/f1tenth_ws/install/vesc_msgs/include/vesc_msgs/msg/detail/vesc_imu_stamped__rosidl_typesupport_fastrtps_c.h
[5.282s] -- Up-to-date: /mnt/nvme0n1/f1tenth_ws/install/vesc_msgs/lib/libvesc_msgs__rosidl_typesupport_fastrtps_c.so
[5.283s] -- Up-to-date: /mnt/nvme0n1/f1tenth_ws/install/vesc_msgs/include/vesc_msgs
[5.284s] -- Up-to-date: /mnt/nvme0n1/f1tenth_ws/install/vesc_msgs/include/vesc_msgs/msg
[5.284s] -- Up-to-date: /mnt/nvme0n1/f1tenth_ws/install/vesc_msgs/include/vesc_msgs/msg/rosidl_typesupport_fastrtps_cpp__visibility_control.h
[5.285s] -- Up-to-date: /mnt/nvme0n1/f1tenth_ws/install/vesc_msgs/include/vesc_msgs/msg/detail
[5.286s] -- Up-to-date: /mnt/nvme0n1/f1tenth_ws/install/vesc_msgs/include/vesc_msgs/msg/detail/vesc_state__rosidl_typesupport_fastrtps_cpp.hpp
[5.287s] -- Up-to-date: /mnt/nvme0n1/f1tenth_ws/install/vesc_msgs/include/vesc_msgs/msg/detail/dds_fastrtps
[5.287s] -- Up-to-date: /mnt/nvme0n1/f1tenth_ws/install/vesc_msgs/include/vesc_msgs/msg/detail/vesc_imu_stamped__rosidl_typesupport_fastrtps_cpp.hpp
[5.289s] -- Up-to-date: /mnt/nvme0n1/f1tenth_ws/install/vesc_msgs/include/vesc_msgs/msg/detail/vesc_imu__rosidl_typesupport_fastrtps_cpp.hpp
[5.289s] -- Up-to-date: /mnt/nvme0n1/f1tenth_ws/install/vesc_msgs/include/vesc_msgs/msg/detail/vesc_state_stamped__rosidl_typesupport_fastrtps_cpp.hpp
[5.290s] -- Up-to-date: /mnt/nvme0n1/f1tenth_ws/install/vesc_msgs/lib/libvesc_msgs__rosidl_typesupport_fastrtps_cpp.so
[5.292s] -- Up-to-date: /mnt/nvme0n1/f1tenth_ws/install/vesc_msgs/include/vesc_msgs
[5.293s] -- Up-to-date: /mnt/nvme0n1/f1tenth_ws/install/vesc_msgs/include/vesc_msgs/msg
[5.293s] -- Up-to-date: /mnt/nvme0n1/f1tenth_ws/install/vesc_msgs/include/vesc_msgs/msg/rosidl_typesupport_introspection_c__visibility_control.h
[5.294s] -- Up-to-date: /mnt/nvme0n1/f1tenth_ws/install/vesc_msgs/include/vesc_msgs/msg/detail
[5.294s] -- Up-to-date: /mnt/nvme0n1/f1tenth_ws/install/vesc_msgs/include/vesc_msgs/msg/detail/vesc_imu_stamped__type_support.c
[5.295s] -- Up-to-date: /mnt/nvme0n1/f1tenth_ws/install/vesc_msgs/include/vesc_msgs/msg/detail/vesc_state__rosidl_typesupport_introspection_c.h
[5.296s] -- Up-to-date: /mnt/nvme0n1/f1tenth_ws/install/vesc_msgs/include/vesc_msgs/msg/detail/vesc_state_stamped__rosidl_typesupport_introspection_c.h
[5.297s] -- Up-to-date: /mnt/nvme0n1/f1tenth_ws/install/vesc_msgs/include/vesc_msgs/msg/detail/vesc_imu__rosidl_typesupport_introspection_c.h
[5.297s] -- Up-to-date: /mnt/nvme0n1/f1tenth_ws/install/vesc_msgs/include/vesc_msgs/msg/detail/vesc_state__type_support.c
[5.297s] -- Up-to-date: /mnt/nvme0n1/f1tenth_ws/install/vesc_msgs/include/vesc_msgs/msg/detail/vesc_imu_stamped__rosidl_typesupport_introspection_c.h
[5.298s] -- Up-to-date: /mnt/nvme0n1/f1tenth_ws/install/vesc_msgs/include/vesc_msgs/msg/detail/vesc_state_stamped__type_support.c
[5.298s] -- Up-to-date: /mnt/nvme0n1/f1tenth_ws/install/vesc_msgs/include/vesc_msgs/msg/detail/vesc_imu__type_support.c
[5.300s] -- Up-to-date: /mnt/nvme0n1/f1tenth_ws/install/vesc_msgs/lib/libvesc_msgs__rosidl_typesupport_introspection_c.so
[5.303s] -- Up-to-date: /mnt/nvme0n1/f1tenth_ws/install/vesc_msgs/lib/libvesc_msgs__rosidl_typesupport_c.so
[5.304s] -- Up-to-date: /mnt/nvme0n1/f1tenth_ws/install/vesc_msgs/include/vesc_msgs
[5.304s] -- Up-to-date: /mnt/nvme0n1/f1tenth_ws/install/vesc_msgs/include/vesc_msgs/msg
[5.305s] -- Up-to-date: /mnt/nvme0n1/f1tenth_ws/install/vesc_msgs/include/vesc_msgs/msg/rosidl_generator_cpp__visibility_control.hpp
[5.305s] -- Up-to-date: /mnt/nvme0n1/f1tenth_ws/install/vesc_msgs/include/vesc_msgs/msg/vesc_state.hpp
[5.306s] -- Up-to-date: /mnt/nvme0n1/f1tenth_ws/install/vesc_msgs/include/vesc_msgs/msg/vesc_imu.hpp
[5.306s] -- Up-to-date: /mnt/nvme0n1/f1tenth_ws/install/vesc_msgs/include/vesc_msgs/msg/detail
[5.306s] -- Up-to-date: /mnt/nvme0n1/f1tenth_ws/install/vesc_msgs/include/vesc_msgs/msg/detail/vesc_state_stamped__struct.hpp
[5.308s] -- Up-to-date: /mnt/nvme0n1/f1tenth_ws/install/vesc_msgs/include/vesc_msgs/msg/detail/vesc_state__type_support.hpp
[5.338s] -- Up-to-date: /mnt/nvme0n1/f1tenth_ws/install/vesc_msgs/include/vesc_msgs/msg/detail/vesc_imu_stamped__type_support.hpp
[5.338s] -- Up-to-date: /mnt/nvme0n1/f1tenth_ws/install/vesc_msgs/include/vesc_msgs/msg/detail/vesc_imu_stamped__builder.hpp
[5.339s] -- Up-to-date: /mnt/nvme0n1/f1tenth_ws/install/vesc_msgs/include/vesc_msgs/msg/detail/vesc_state_stamped__type_support.hpp
[5.339s] -- Up-to-date: /mnt/nvme0n1/f1tenth_ws/install/vesc_msgs/include/vesc_msgs/msg/detail/vesc_imu_stamped__struct.hpp
[5.340s] -- Up-to-date: /mnt/nvme0n1/f1tenth_ws/install/vesc_msgs/include/vesc_msgs/msg/detail/vesc_imu__type_support.hpp
[5.340s] -- Up-to-date: /mnt/nvme0n1/f1tenth_ws/install/vesc_msgs/include/vesc_msgs/msg/detail/vesc_state__struct.hpp
[5.340s] -- Up-to-date: /mnt/nvme0n1/f1tenth_ws/install/vesc_msgs/include/vesc_msgs/msg/detail/vesc_imu__struct.hpp
[5.340s] -- Up-to-date: /mnt/nvme0n1/f1tenth_ws/install/vesc_msgs/include/vesc_msgs/msg/detail/vesc_state_stamped__traits.hpp
[5.341s] -- Up-to-date: /mnt/nvme0n1/f1tenth_ws/install/vesc_msgs/include/vesc_msgs/msg/detail/vesc_imu_stamped__traits.hpp
[5.341s] -- Up-to-date: /mnt/nvme0n1/f1tenth_ws/install/vesc_msgs/include/vesc_msgs/msg/detail/vesc_imu__traits.hpp
[5.342s] -- Up-to-date: /mnt/nvme0n1/f1tenth_ws/install/vesc_msgs/include/vesc_msgs/msg/detail/vesc_state__builder.hpp
[5.342s] -- Up-to-date: /mnt/nvme0n1/f1tenth_ws/install/vesc_msgs/include/vesc_msgs/msg/detail/vesc_imu__builder.hpp
[5.342s] -- Up-to-date: /mnt/nvme0n1/f1tenth_ws/install/vesc_msgs/include/vesc_msgs/msg/detail/vesc_state_stamped__builder.hpp
[5.343s] -- Up-to-date: /mnt/nvme0n1/f1tenth_ws/install/vesc_msgs/include/vesc_msgs/msg/detail/vesc_state__traits.hpp
[5.343s] -- Up-to-date: /mnt/nvme0n1/f1tenth_ws/install/vesc_msgs/include/vesc_msgs/msg/vesc_imu_stamped.hpp
[5.343s] -- Up-to-date: /mnt/nvme0n1/f1tenth_ws/install/vesc_msgs/include/vesc_msgs/msg/vesc_state_stamped.hpp
[5.343s] -- Up-to-date: /mnt/nvme0n1/f1tenth_ws/install/vesc_msgs/include/vesc_msgs
[5.344s] -- Up-to-date: /mnt/nvme0n1/f1tenth_ws/install/vesc_msgs/include/vesc_msgs/msg
[5.344s] -- Up-to-date: /mnt/nvme0n1/f1tenth_ws/install/vesc_msgs/include/vesc_msgs/msg/detail
[5.344s] -- Up-to-date: /mnt/nvme0n1/f1tenth_ws/install/vesc_msgs/include/vesc_msgs/msg/detail/vesc_state__type_support.cpp
[5.345s] -- Up-to-date: /mnt/nvme0n1/f1tenth_ws/install/vesc_msgs/include/vesc_msgs/msg/detail/vesc_imu_stamped__rosidl_typesupport_introspection_cpp.hpp
[5.345s] -- Up-to-date: /mnt/nvme0n1/f1tenth_ws/install/vesc_msgs/include/vesc_msgs/msg/detail/vesc_state_stamped__type_support.cpp
[5.346s] -- Up-to-date: /mnt/nvme0n1/f1tenth_ws/install/vesc_msgs/include/vesc_msgs/msg/detail/vesc_imu__type_support.cpp
[5.346s] -- Up-to-date: /mnt/nvme0n1/f1tenth_ws/install/vesc_msgs/include/vesc_msgs/msg/detail/vesc_state_stamped__rosidl_typesupport_introspection_cpp.hpp
[5.346s] -- Up-to-date: /mnt/nvme0n1/f1tenth_ws/install/vesc_msgs/include/vesc_msgs/msg/detail/vesc_imu_stamped__type_support.cpp
[5.347s] -- Up-to-date: /mnt/nvme0n1/f1tenth_ws/install/vesc_msgs/include/vesc_msgs/msg/detail/vesc_imu__rosidl_typesupport_introspection_cpp.hpp
[5.347s] -- Up-to-date: /mnt/nvme0n1/f1tenth_ws/install/vesc_msgs/include/vesc_msgs/msg/detail/vesc_state__rosidl_typesupport_introspection_cpp.hpp
[5.348s] -- Up-to-date: /mnt/nvme0n1/f1tenth_ws/install/vesc_msgs/lib/libvesc_msgs__rosidl_typesupport_introspection_cpp.so
[5.348s] -- Up-to-date: /mnt/nvme0n1/f1tenth_ws/install/vesc_msgs/lib/libvesc_msgs__rosidl_typesupport_cpp.so
[5.348s] -- Up-to-date: /mnt/nvme0n1/f1tenth_ws/install/vesc_msgs/share/vesc_msgs/environment/pythonpath.sh
[5.349s] -- Up-to-date: /mnt/nvme0n1/f1tenth_ws/install/vesc_msgs/share/vesc_msgs/environment/pythonpath.dsv
[5.349s] -- Up-to-date: /mnt/nvme0n1/f1tenth_ws/install/vesc_msgs/lib/python3.8/site-packages/vesc_msgs/__init__.py
[5.491s] -- Up-to-date: /mnt/nvme0n1/f1tenth_ws/install/vesc_msgs/lib/python3.8/site-packages/vesc_msgs/msg
[5.491s] -- Up-to-date: /mnt/nvme0n1/f1tenth_ws/install/vesc_msgs/lib/python3.8/site-packages/vesc_msgs/msg/__init__.py
[5.492s] -- Up-to-date: /mnt/nvme0n1/f1tenth_ws/install/vesc_msgs/lib/python3.8/site-packages/vesc_msgs/msg/_vesc_imu.py
[5.492s] -- Up-to-date: /mnt/nvme0n1/f1tenth_ws/install/vesc_msgs/lib/python3.8/site-packages/vesc_msgs/msg/_vesc_imu_s.c
[5.492s] -- Up-to-date: /mnt/nvme0n1/f1tenth_ws/install/vesc_msgs/lib/python3.8/site-packages/vesc_msgs/msg/_vesc_state.py
[5.493s] -- Up-to-date: /mnt/nvme0n1/f1tenth_ws/install/vesc_msgs/lib/python3.8/site-packages/vesc_msgs/msg/_vesc_state_stamped.py
[5.493s] -- Up-to-date: /mnt/nvme0n1/f1tenth_ws/install/vesc_msgs/lib/python3.8/site-packages/vesc_msgs/msg/_vesc_state_s.c
[5.493s] -- Up-to-date: /mnt/nvme0n1/f1tenth_ws/install/vesc_msgs/lib/python3.8/site-packages/vesc_msgs/msg/_vesc_imu_stamped.py
[5.494s] -- Up-to-date: /mnt/nvme0n1/f1tenth_ws/install/vesc_msgs/lib/python3.8/site-packages/vesc_msgs/msg/_vesc_imu_stamped_s.c
[5.495s] -- Up-to-date: /mnt/nvme0n1/f1tenth_ws/install/vesc_msgs/lib/python3.8/site-packages/vesc_msgs/msg/_vesc_state_stamped_s.c
[5.495s] -- Up-to-date: /mnt/nvme0n1/f1tenth_ws/install/vesc_msgs/lib/python3.8/site-packages/vesc_msgs/vesc_msgs_s__rosidl_typesupport_fastrtps_c.cpython-38-aarch64-linux-gnu.so
[5.496s] -- Up-to-date: /mnt/nvme0n1/f1tenth_ws/install/vesc_msgs/lib/python3.8/site-packages/vesc_msgs/vesc_msgs_s__rosidl_typesupport_introspection_c.cpython-38-aarch64-linux-gnu.so
[5.496s] -- Up-to-date: /mnt/nvme0n1/f1tenth_ws/install/vesc_msgs/lib/python3.8/site-packages/vesc_msgs/vesc_msgs_s__rosidl_typesupport_c.cpython-38-aarch64-linux-gnu.so
[5.502s] -- Up-to-date: /mnt/nvme0n1/f1tenth_ws/install/vesc_msgs/lib/libvesc_msgs__python.so
[5.504s] -- Up-to-date: /mnt/nvme0n1/f1tenth_ws/install/vesc_msgs/share/vesc_msgs/msg/VescState.idl
[5.504s] -- Up-to-date: /mnt/nvme0n1/f1tenth_ws/install/vesc_msgs/share/vesc_msgs/msg/VescStateStamped.idl
[5.505s] -- Up-to-date: /mnt/nvme0n1/f1tenth_ws/install/vesc_msgs/share/vesc_msgs/msg/VescImu.idl
[5.512s] -- Up-to-date: /mnt/nvme0n1/f1tenth_ws/install/vesc_msgs/share/vesc_msgs/msg/VescImuStamped.idl
[5.512s] -- Up-to-date: /mnt/nvme0n1/f1tenth_ws/install/vesc_msgs/share/vesc_msgs/msg/VescState.msg
[5.512s] -- Up-to-date: /mnt/nvme0n1/f1tenth_ws/install/vesc_msgs/share/vesc_msgs/msg/VescStateStamped.msg
[5.513s] -- Up-to-date: /mnt/nvme0n1/f1tenth_ws/install/vesc_msgs/share/vesc_msgs/msg/VescImu.msg
[5.513s] -- Up-to-date: /mnt/nvme0n1/f1tenth_ws/install/vesc_msgs/share/vesc_msgs/msg/VescImuStamped.msg
[5.514s] -- Up-to-date: /mnt/nvme0n1/f1tenth_ws/install/vesc_msgs/share/ament_index/resource_index/package_run_dependencies/vesc_msgs
[5.514s] -- Up-to-date: /mnt/nvme0n1/f1tenth_ws/install/vesc_msgs/share/ament_index/resource_index/parent_prefix_path/vesc_msgs
[5.514s] -- Up-to-date: /mnt/nvme0n1/f1tenth_ws/install/vesc_msgs/share/vesc_msgs/environment/ament_prefix_path.sh
[5.515s] -- Up-to-date: /mnt/nvme0n1/f1tenth_ws/install/vesc_msgs/share/vesc_msgs/environment/ament_prefix_path.dsv
[5.522s] -- Up-to-date: /mnt/nvme0n1/f1tenth_ws/install/vesc_msgs/share/vesc_msgs/environment/path.sh
[5.523s] -- Up-to-date: /mnt/nvme0n1/f1tenth_ws/install/vesc_msgs/share/vesc_msgs/environment/path.dsv
[5.523s] -- Up-to-date: /mnt/nvme0n1/f1tenth_ws/install/vesc_msgs/share/vesc_msgs/local_setup.bash
[5.525s] -- Up-to-date: /mnt/nvme0n1/f1tenth_ws/install/vesc_msgs/share/vesc_msgs/local_setup.sh
[5.527s] -- Up-to-date: /mnt/nvme0n1/f1tenth_ws/install/vesc_msgs/share/vesc_msgs/local_setup.zsh
[5.529s] -- Up-to-date: /mnt/nvme0n1/f1tenth_ws/install/vesc_msgs/share/vesc_msgs/local_setup.dsv
[5.530s] -- Installing: /mnt/nvme0n1/f1tenth_ws/install/vesc_msgs/share/vesc_msgs/package.dsv
[5.532s] -- Up-to-date: /mnt/nvme0n1/f1tenth_ws/install/vesc_msgs/share/ament_index/resource_index/packages/vesc_msgs
[5.534s] -- Up-to-date: /mnt/nvme0n1/f1tenth_ws/install/vesc_msgs/share/vesc_msgs/cmake/vesc_msgs__rosidl_generator_cExport.cmake
[5.537s] -- Up-to-date: /mnt/nvme0n1/f1tenth_ws/install/vesc_msgs/share/vesc_msgs/cmake/vesc_msgs__rosidl_generator_cExport-noconfig.cmake
[5.539s] -- Up-to-date: /mnt/nvme0n1/f1tenth_ws/install/vesc_msgs/share/vesc_msgs/cmake/vesc_msgs__rosidl_typesupport_introspection_cExport.cmake
[5.539s] -- Up-to-date: /mnt/nvme0n1/f1tenth_ws/install/vesc_msgs/share/vesc_msgs/cmake/vesc_msgs__rosidl_typesupport_introspection_cExport-noconfig.cmake
[5.541s] -- Up-to-date: /mnt/nvme0n1/f1tenth_ws/install/vesc_msgs/share/vesc_msgs/cmake/vesc_msgs__rosidl_typesupport_cExport.cmake
[5.546s] -- Up-to-date: /mnt/nvme0n1/f1tenth_ws/install/vesc_msgs/share/vesc_msgs/cmake/vesc_msgs__rosidl_typesupport_cExport-noconfig.cmake
[5.547s] -- Up-to-date: /mnt/nvme0n1/f1tenth_ws/install/vesc_msgs/share/vesc_msgs/cmake/vesc_msgs__rosidl_generator_cppExport.cmake
[5.549s] -- Up-to-date: /mnt/nvme0n1/f1tenth_ws/install/vesc_msgs/share/vesc_msgs/cmake/vesc_msgs__rosidl_typesupport_introspection_cppExport.cmake
[5.551s] -- Up-to-date: /mnt/nvme0n1/f1tenth_ws/install/vesc_msgs/share/vesc_msgs/cmake/vesc_msgs__rosidl_typesupport_introspection_cppExport-noconfig.cmake
[5.553s] -- Up-to-date: /mnt/nvme0n1/f1tenth_ws/install/vesc_msgs/share/vesc_msgs/cmake/vesc_msgs__rosidl_typesupport_cppExport.cmake
[5.555s] -- Up-to-date: /mnt/nvme0n1/f1tenth_ws/install/vesc_msgs/share/vesc_msgs/cmake/vesc_msgs__rosidl_typesupport_cppExport-noconfig.cmake
[5.556s] -- Up-to-date: /mnt/nvme0n1/f1tenth_ws/install/vesc_msgs/share/vesc_msgs/cmake/rosidl_cmake-extras.cmake
[5.567s] -- Up-to-date: /mnt/nvme0n1/f1tenth_ws/install/vesc_msgs/share/vesc_msgs/cmake/ament_cmake_export_dependencies-extras.cmake
[5.568s] -- Up-to-date: /mnt/nvme0n1/f1tenth_ws/install/vesc_msgs/share/vesc_msgs/cmake/ament_cmake_export_libraries-extras.cmake
[5.569s] -- Up-to-date: /mnt/nvme0n1/f1tenth_ws/install/vesc_msgs/share/vesc_msgs/cmake/ament_cmake_export_targets-extras.cmake
[5.571s] -- Up-to-date: /mnt/nvme0n1/f1tenth_ws/install/vesc_msgs/share/vesc_msgs/cmake/ament_cmake_export_include_directories-extras.cmake
[5.572s] -- Up-to-date: /mnt/nvme0n1/f1tenth_ws/install/vesc_msgs/share/vesc_msgs/cmake/rosidl_cmake_export_typesupport_libraries-extras.cmake
[5.573s] -- Up-to-date: /mnt/nvme0n1/f1tenth_ws/install/vesc_msgs/share/vesc_msgs/cmake/rosidl_cmake_export_typesupport_targets-extras.cmake
[5.573s] -- Up-to-date: /mnt/nvme0n1/f1tenth_ws/install/vesc_msgs/share/vesc_msgs/cmake/vesc_msgsConfig.cmake
[5.578s] -- Up-to-date: /mnt/nvme0n1/f1tenth_ws/install/vesc_msgs/share/vesc_msgs/cmake/vesc_msgsConfig-version.cmake
[5.578s] -- Up-to-date: /mnt/nvme0n1/f1tenth_ws/install/vesc_msgs/share/vesc_msgs/package.xml
[7.283s] Invoked command in '/mnt/nvme0n1/f1tenth_ws/build/vesc_msgs' returned '0': CMAKE_PREFIX_PATH=${CMAKE_PREFIX_PATH}:/home/f1tenth/f1tenth-ws/install/f1tenth_stack:/home/f1tenth/f1tenth-ws/install/joy_teleop:/home/f1tenth/f1tenth-ws/install/mouse_teleop:/home/f1tenth/f1tenth-ws/install/key_teleop:/home/f1tenth/f1tenth-ws/install/example_py:/opt/ros/foxy /usr/bin/cmake --install /mnt/nvme0n1/f1tenth_ws/build/vesc_msgs
