running egg_info
creating ../../../build/example_py/example_py.egg-info
writing ../../../build/example_py/example_py.egg-info/PKG-INFO
writing dependency_links to ../../../build/example_py/example_py.egg-info/dependency_links.txt
writing entry points to ../../../build/example_py/example_py.egg-info/entry_points.txt
writing requirements to ../../../build/example_py/example_py.egg-info/requires.txt
writing top-level names to ../../../build/example_py/example_py.egg-info/top_level.txt
writing manifest file '../../../build/example_py/example_py.egg-info/SOURCES.txt'
reading manifest file '../../../build/example_py/example_py.egg-info/SOURCES.txt'
writing manifest file '../../../build/example_py/example_py.egg-info/SOURCES.txt'
running build
running build_py
creating /mnt/nvme0n1/f1tenth_ws/build/example_py/build
creating /mnt/nvme0n1/f1tenth_ws/build/example_py/build/lib
creating /mnt/nvme0n1/f1tenth_ws/build/example_py/build/lib/example_py
copying example_py/__init__.py -> /mnt/nvme0n1/f1tenth_ws/build/example_py/build/lib/example_py
copying example_py/li4.py -> /mnt/nvme0n1/f1tenth_ws/build/example_py/build/lib/example_py
running install
running install_lib
creating /mnt/nvme0n1/f1tenth_ws/install/example_py/lib/python3.8/site-packages/example_py
copying /mnt/nvme0n1/f1tenth_ws/build/example_py/build/lib/example_py/__init__.py -> /mnt/nvme0n1/f1tenth_ws/install/example_py/lib/python3.8/site-packages/example_py
copying /mnt/nvme0n1/f1tenth_ws/build/example_py/build/lib/example_py/li4.py -> /mnt/nvme0n1/f1tenth_ws/install/example_py/lib/python3.8/site-packages/example_py
byte-compiling /mnt/nvme0n1/f1tenth_ws/install/example_py/lib/python3.8/site-packages/example_py/__init__.py to __init__.cpython-38.pyc
byte-compiling /mnt/nvme0n1/f1tenth_ws/install/example_py/lib/python3.8/site-packages/example_py/li4.py to li4.cpython-38.pyc
running install_data
creating /mnt/nvme0n1/f1tenth_ws/install/example_py/share/ament_index
creating /mnt/nvme0n1/f1tenth_ws/install/example_py/share/ament_index/resource_index
creating /mnt/nvme0n1/f1tenth_ws/install/example_py/share/ament_index/resource_index/packages
copying resource/example_py -> /mnt/nvme0n1/f1tenth_ws/install/example_py/share/ament_index/resource_index/packages
copying package.xml -> /mnt/nvme0n1/f1tenth_ws/install/example_py/share/example_py
running install_egg_info
Copying ../../../build/example_py/example_py.egg-info to /mnt/nvme0n1/f1tenth_ws/install/example_py/lib/python3.8/site-packages/example_py-0.0.0-py3.8.egg-info
running install_scripts
Installing li4_node script to /mnt/nvme0n1/f1tenth_ws/install/example_py/lib/example_py
writing list of installed files to '/mnt/nvme0n1/f1tenth_ws/build/example_py/install.log'
