[0.591s] Invoking command in '/home/william/sim_ws/build/range_lib': /usr/bin/cmake --build /home/william/sim_ws/build/range_lib -- -j8 -l8
[0.646s] [ 33%] Built target gflags_static
[0.646s] [ 66%] Built target gflags_nothreads_static
[0.696s] [100%] Built target range_lib
[0.787s] Invoked command in '/home/william/sim_ws/build/range_lib' returned '0': /usr/bin/cmake --build /home/william/sim_ws/build/range_lib -- -j8 -l8
[0.966s] Invoking command in '/home/william/sim_ws/build/range_lib': /usr/bin/cmake --install /home/william/sim_ws/build/range_lib
[0.974s] -- Install configuration: "Release"
[0.975s] -- Up-to-date: /home/william/sim_ws/install/range_lib/lib/libgflags.a
[0.976s] -- Up-to-date: /home/william/sim_ws/install/range_lib/lib/libgflags_nothreads.a
[0.976s] -- Up-to-date: /home/william/sim_ws/install/range_lib/include/gflags/gflags.h
[0.976s] -- Up-to-date: /home/william/sim_ws/install/range_lib/include/gflags/gflags_declare.h
[0.976s] -- Up-to-date: /home/william/sim_ws/install/range_lib/include/gflags/gflags_completions.h
[0.977s] -- Up-to-date: /home/william/sim_ws/install/range_lib/include/gflags/gflags_gflags.h
[0.977s] -- Up-to-date: /home/william/sim_ws/install/range_lib/lib/cmake/gflags/gflags-config.cmake
[0.977s] -- Up-to-date: /home/william/sim_ws/install/range_lib/lib/cmake/gflags/gflags-config-version.cmake
[0.977s] -- Up-to-date: /home/william/sim_ws/install/range_lib/lib/cmake/gflags/gflags-targets.cmake
[0.977s] -- Up-to-date: /home/william/sim_ws/install/range_lib/bin/gflags_completions.sh
[0.978s] -- Up-to-date: /home/william/sim_ws/install/range_lib/lib/pkgconfig/gflags.pc
[0.978s] -- Up-to-date: /home/william/.cmake/packages/gflags/6f3b71e1441b90aa05967b6e00f3a05f
[1.144s] Invoked command in '/home/william/sim_ws/build/range_lib' returned '0': /usr/bin/cmake --install /home/william/sim_ws/build/range_lib
