[7.877s] Invoking command in '/mnt/nvme0n1/f1tenth_ws/src/f1tenth_system/teleop_tools/joy_teleop': AMENT_PREFIX_PATH=/mnt/nvme0n1/f1tenth_ws/install/teleop_tools_msgs:${AMENT_PREFIX_PATH} CMAKE_PREFIX_PATH=/mnt/nvme0n1/f1tenth_ws/install/teleop_tools_msgs:${CMAKE_PREFIX_PATH} LD_LIBRARY_PATH=/mnt/nvme0n1/f1tenth_ws/install/teleop_tools_msgs/lib:${LD_LIBRARY_PATH} PYTHONPATH=/mnt/nvme0n1/f1tenth_ws/build/joy_teleop/prefix_override:/mnt/nvme0n1/f1tenth_ws/install/joy_teleop/lib/python3.8/site-packages:/mnt/nvme0n1/f1tenth_ws/install/teleop_tools_msgs/lib/python3.8/site-packages:${PYTHONPATH} /usr/bin/python3 setup.py egg_info --egg-base ../../../../build/joy_teleop build --build-base /mnt/nvme0n1/f1tenth_ws/build/joy_teleop/build install --record /mnt/nvme0n1/f1tenth_ws/build/joy_teleop/install.log --install-scripts $base/lib/joy_teleop --single-version-externally-managed
[8.975s] running egg_info
[8.976s] writing ../../../../build/joy_teleop/joy_teleop.egg-info/PKG-INFO
[8.978s] writing dependency_links to ../../../../build/joy_teleop/joy_teleop.egg-info/dependency_links.txt
[8.981s] writing entry points to ../../../../build/joy_teleop/joy_teleop.egg-info/entry_points.txt
[8.982s] writing requirements to ../../../../build/joy_teleop/joy_teleop.egg-info/requires.txt
[8.984s] writing top-level names to ../../../../build/joy_teleop/joy_teleop.egg-info/top_level.txt
[9.116s] reading manifest file '../../../../build/joy_teleop/joy_teleop.egg-info/SOURCES.txt'
[9.120s] writing manifest file '../../../../build/joy_teleop/joy_teleop.egg-info/SOURCES.txt'
[9.121s] running build
[9.122s] running build_py
[9.123s] running install
[9.125s] running install_lib
[9.131s] running install_data
[9.134s] running install_egg_info
[9.140s] removing '/mnt/nvme0n1/f1tenth_ws/install/joy_teleop/lib/python3.8/site-packages/joy_teleop-0.3.0-py3.8.egg-info' (and everything under it)
[9.142s] Copying ../../../../build/joy_teleop/joy_teleop.egg-info to /mnt/nvme0n1/f1tenth_ws/install/joy_teleop/lib/python3.8/site-packages/joy_teleop-0.3.0-py3.8.egg-info
[9.147s] running install_scripts
[9.212s] Installing incrementer_server script to /mnt/nvme0n1/f1tenth_ws/install/joy_teleop/lib/joy_teleop
[9.212s] Installing joy_teleop script to /mnt/nvme0n1/f1tenth_ws/install/joy_teleop/lib/joy_teleop
[9.214s] writing list of installed files to '/mnt/nvme0n1/f1tenth_ws/build/joy_teleop/install.log'
[10.075s] Invoked command in '/mnt/nvme0n1/f1tenth_ws/src/f1tenth_system/teleop_tools/joy_teleop' returned '0': AMENT_PREFIX_PATH=/mnt/nvme0n1/f1tenth_ws/install/teleop_tools_msgs:${AMENT_PREFIX_PATH} CMAKE_PREFIX_PATH=/mnt/nvme0n1/f1tenth_ws/install/teleop_tools_msgs:${CMAKE_PREFIX_PATH} LD_LIBRARY_PATH=/mnt/nvme0n1/f1tenth_ws/install/teleop_tools_msgs/lib:${LD_LIBRARY_PATH} PYTHONPATH=/mnt/nvme0n1/f1tenth_ws/build/joy_teleop/prefix_override:/mnt/nvme0n1/f1tenth_ws/install/joy_teleop/lib/python3.8/site-packages:/mnt/nvme0n1/f1tenth_ws/install/teleop_tools_msgs/lib/python3.8/site-packages:${PYTHONPATH} /usr/bin/python3 setup.py egg_info --egg-base ../../../../build/joy_teleop build --build-base /mnt/nvme0n1/f1tenth_ws/build/joy_teleop/build install --record /mnt/nvme0n1/f1tenth_ws/build/joy_teleop/install.log --install-scripts $base/lib/joy_teleop --single-version-externally-managed
