[0.562s] Invoking command in '/home/william/sim_ws/build/mpc': CMAKE_PREFIX_PATH=${CMAKE_PREFIX_PATH}:/home/william/sim_ws/install/particle_filter:/home/william/sim_ws/install/f1tenth_gym_ros:/opt/ros/foxy /usr/bin/cmake --build /home/william/sim_ws/build/mpc -- -j8 -l8
[0.869s] [100%] Built target mpc_node
[0.871s] Invoked command in '/home/william/sim_ws/build/mpc' returned '0': CMAKE_PREFIX_PATH=${CMAKE_PREFIX_PATH}:/home/william/sim_ws/install/particle_filter:/home/william/sim_ws/install/f1tenth_gym_ros:/opt/ros/foxy /usr/bin/cmake --build /home/william/sim_ws/build/mpc -- -j8 -l8
[0.924s] Invoking command in '/home/william/sim_ws/build/mpc': CMAKE_PREFIX_PATH=${CMAKE_PREFIX_PATH}:/home/william/sim_ws/install/particle_filter:/home/william/sim_ws/install/f1tenth_gym_ros:/opt/ros/foxy /usr/bin/cmake --install /home/william/sim_ws/build/mpc
[0.945s] -- Install configuration: ""
[0.945s] -- Up-to-date: /home/william/sim_ws/install/mpc/lib/mpc/mpc_node
[0.945s] -- Up-to-date: /home/william/sim_ws/install/mpc/share/mpc/environment/pythonpath.sh
[0.946s] -- Up-to-date: /home/william/sim_ws/install/mpc/share/mpc/environment/pythonpath.dsv
[0.946s] -- Up-to-date: /home/william/sim_ws/install/mpc/lib/python3.8/site-packages/mpc
[0.946s] -- Up-to-date: /home/william/sim_ws/install/mpc/lib/python3.8/site-packages/mpc/__init__.py
[0.991s] Listing '/home/william/sim_ws/install/mpc/lib/python3.8/site-packages/mpc'...
[0.999s] -- Installing: /home/william/sim_ws/install/mpc/lib/mpc/mpc_node.py
[0.999s] -- Up-to-date: /home/william/sim_ws/install/mpc/lib/mpc/utils.py
[0.999s] -- Up-to-date: /home/william/sim_ws/install/mpc/lib/mpc/waypoint_spline.py
[0.999s] -- Up-to-date: /home/william/sim_ws/install/mpc/share/mpc//launch
[1.000s] -- Up-to-date: /home/william/sim_ws/install/mpc/share/mpc//launch/sim_mpc_launch.py
[1.000s] -- Up-to-date: /home/william/sim_ws/install/mpc/share/mpc//waypoints
[1.000s] -- Up-to-date: /home/william/sim_ws/install/mpc/share/mpc//waypoints/waypoints_sim_interpolated_100.csv
[1.001s] -- Up-to-date: /home/william/sim_ws/install/mpc/share/mpc//waypoints/refine2.csv
[1.001s] -- Up-to-date: /home/william/sim_ws/install/mpc/share/mpc//waypoints/trajectory_data_200.csv
[1.001s] -- Up-to-date: /home/william/sim_ws/install/mpc/share/mpc//waypoints/Hudson4_interp.csv
[1.001s] -- Up-to-date: /home/william/sim_ws/install/mpc/share/mpc//waypoints/waypoints_drive.csv
[1.001s] -- Up-to-date: /home/william/sim_ws/install/mpc/share/mpc//waypoints/trajectory_data_long.csv
[1.001s] -- Up-to-date: /home/william/sim_ws/install/mpc/share/mpc//waypoints/Hudson1_interp.csv
[1.001s] -- Up-to-date: /home/william/sim_ws/install/mpc/share/mpc//waypoints/Hudson5.csv
[1.001s] -- Up-to-date: /home/william/sim_ws/install/mpc/share/mpc//waypoints/Hudson7.csv
[1.001s] -- Up-to-date: /home/william/sim_ws/install/mpc/share/mpc//waypoints/Hudson2_interp.csv
[1.002s] -- Up-to-date: /home/william/sim_ws/install/mpc/share/mpc//waypoints/refine4.csv
[1.002s] -- Up-to-date: /home/william/sim_ws/install/mpc/share/mpc//waypoints/waypoints_sim.csv
[1.003s] -- Up-to-date: /home/william/sim_ws/install/mpc/share/mpc//waypoints/Hudson3.csv
[1.003s] -- Up-to-date: /home/william/sim_ws/install/mpc/share/mpc//waypoints/trajectory_data_short.csv
[1.003s] -- Up-to-date: /home/william/sim_ws/install/mpc/share/mpc//waypoints/waypoints1.csv
[1.003s] -- Up-to-date: /home/william/sim_ws/install/mpc/share/mpc//waypoints/Hudson2.csv
[1.004s] -- Up-to-date: /home/william/sim_ws/install/mpc/share/mpc//waypoints/Hudson4.csv
[1.004s] -- Up-to-date: /home/william/sim_ws/install/mpc/share/mpc//waypoints/refine5.csv
[1.004s] -- Up-to-date: /home/william/sim_ws/install/mpc/share/mpc//waypoints/trajectory_data_10.csv
[1.004s] -- Up-to-date: /home/william/sim_ws/install/mpc/share/mpc//waypoints/waypoints_sim_interpolated_200.csv
[1.004s] -- Up-to-date: /home/william/sim_ws/install/mpc/share/mpc//waypoints/Hudson1.csv
[1.006s] -- Up-to-date: /home/william/sim_ws/install/mpc/share/mpc//waypoints/refine3.csv
[1.006s] -- Up-to-date: /home/william/sim_ws/install/mpc/share/mpc//waypoints/reference_trajectory.csv
[1.007s] -- Up-to-date: /home/william/sim_ws/install/mpc/share/mpc//waypoints/Hudson6.csv
[1.007s] -- Up-to-date: /home/william/sim_ws/install/mpc/share/mpc//waypoints/Hudson123.csv
[1.007s] -- Installing: /home/william/sim_ws/install/mpc/share/mpc//waypoints/trajectory_data_800.csv
[1.008s] -- Up-to-date: /home/william/sim_ws/install/mpc/share/mpc//waypoints/waypoints_sim_interpolated.csv
[1.008s] -- Up-to-date: /home/william/sim_ws/install/mpc/share/mpc//waypoints/Hudson1_backup.csv
[1.009s] -- Up-to-date: /home/william/sim_ws/install/mpc/share/mpc//waypoints/Hudson5_interp.csv
[1.009s] -- Up-to-date: /home/william/sim_ws/install/mpc/share/mpc//waypoints/trajectory_data_500.csv
[1.009s] -- Up-to-date: /home/william/sim_ws/install/mpc/share/mpc//waypoints/trajectory_data_100.csv
[1.009s] -- Up-to-date: /home/william/sim_ws/install/mpc/share/mpc//waypoints/trajectory_data_william_10horizon.csv
[1.010s] -- Up-to-date: /home/william/sim_ws/install/mpc/share/mpc//waypoints/waypoints_mpc.csv
[1.010s] -- Up-to-date: /home/william/sim_ws/install/mpc/share/mpc//waypoints/Hudson8.csv
[1.010s] -- Up-to-date: /home/william/sim_ws/install/mpc/share/ament_index/resource_index/package_run_dependencies/mpc
[1.011s] -- Up-to-date: /home/william/sim_ws/install/mpc/share/ament_index/resource_index/parent_prefix_path/mpc
[1.011s] -- Up-to-date: /home/william/sim_ws/install/mpc/share/mpc/environment/ament_prefix_path.sh
[1.011s] -- Up-to-date: /home/william/sim_ws/install/mpc/share/mpc/environment/ament_prefix_path.dsv
[1.011s] -- Up-to-date: /home/william/sim_ws/install/mpc/share/mpc/environment/path.sh
[1.011s] -- Up-to-date: /home/william/sim_ws/install/mpc/share/mpc/environment/path.dsv
[1.011s] -- Up-to-date: /home/william/sim_ws/install/mpc/share/mpc/local_setup.bash
[1.011s] -- Up-to-date: /home/william/sim_ws/install/mpc/share/mpc/local_setup.sh
[1.011s] -- Up-to-date: /home/william/sim_ws/install/mpc/share/mpc/local_setup.zsh
[1.012s] -- Up-to-date: /home/william/sim_ws/install/mpc/share/mpc/local_setup.dsv
[1.012s] -- Installing: /home/william/sim_ws/install/mpc/share/mpc/package.dsv
[1.013s] -- Up-to-date: /home/william/sim_ws/install/mpc/share/ament_index/resource_index/packages/mpc
[1.013s] -- Up-to-date: /home/william/sim_ws/install/mpc/share/mpc/cmake/mpcConfig.cmake
[1.013s] -- Up-to-date: /home/william/sim_ws/install/mpc/share/mpc/cmake/mpcConfig-version.cmake
[1.013s] -- Up-to-date: /home/william/sim_ws/install/mpc/share/mpc/package.xml
[1.014s] Invoked command in '/home/william/sim_ws/build/mpc' returned '0': CMAKE_PREFIX_PATH=${CMAKE_PREFIX_PATH}:/home/william/sim_ws/install/particle_filter:/home/william/sim_ws/install/f1tenth_gym_ros:/opt/ros/foxy /usr/bin/cmake --install /home/william/sim_ws/build/mpc
