[6.945s] Invoking command in '/home/f1tenth/f1tenth-ws/src/f1tenth_system/teleop_tools/mouse_teleop': PYTHONPATH=/home/f1tenth/f1tenth-ws/build/mouse_teleop/prefix_override:/home/f1tenth/f1tenth-ws/install/mouse_teleop/lib/python3.8/site-packages:${PYTHONPATH} /usr/bin/python3 setup.py egg_info --egg-base ../../../../build/mouse_teleop build --build-base /home/f1tenth/f1tenth-ws/build/mouse_teleop/build install --record /home/f1tenth/f1tenth-ws/build/mouse_teleop/install.log --install-scripts $base/lib/mouse_teleop --single-version-externally-managed
[7.891s] running egg_info
[7.893s] writing ../../../../build/mouse_teleop/mouse_teleop.egg-info/PKG-INFO
[7.894s] writing dependency_links to ../../../../build/mouse_teleop/mouse_teleop.egg-info/dependency_links.txt
[7.895s] writing entry points to ../../../../build/mouse_teleop/mouse_teleop.egg-info/entry_points.txt
[7.896s] writing requirements to ../../../../build/mouse_teleop/mouse_teleop.egg-info/requires.txt
[7.896s] writing top-level names to ../../../../build/mouse_teleop/mouse_teleop.egg-info/top_level.txt
[8.034s] reading manifest file '../../../../build/mouse_teleop/mouse_teleop.egg-info/SOURCES.txt'
[8.038s] writing manifest file '../../../../build/mouse_teleop/mouse_teleop.egg-info/SOURCES.txt'
[8.039s] running build
[8.039s] running build_py
[8.040s] running install
[8.043s] running install_lib
[8.049s] running install_data
[8.051s] running install_egg_info
[8.057s] removing '/home/f1tenth/f1tenth-ws/install/mouse_teleop/lib/python3.8/site-packages/mouse_teleop-0.3.0-py3.8.egg-info' (and everything under it)
[8.059s] Copying ../../../../build/mouse_teleop/mouse_teleop.egg-info to /home/f1tenth/f1tenth-ws/install/mouse_teleop/lib/python3.8/site-packages/mouse_teleop-0.3.0-py3.8.egg-info
[8.063s] running install_scripts
[8.129s] Installing mouse_teleop script to /home/f1tenth/f1tenth-ws/install/mouse_teleop/lib/mouse_teleop
[8.130s] writing list of installed files to '/home/f1tenth/f1tenth-ws/build/mouse_teleop/install.log'
[9.188s] Invoked command in '/home/f1tenth/f1tenth-ws/src/f1tenth_system/teleop_tools/mouse_teleop' returned '0': PYTHONPATH=/home/f1tenth/f1tenth-ws/build/mouse_teleop/prefix_override:/home/f1tenth/f1tenth-ws/install/mouse_teleop/lib/python3.8/site-packages:${PYTHONPATH} /usr/bin/python3 setup.py egg_info --egg-base ../../../../build/mouse_teleop build --build-base /home/f1tenth/f1tenth-ws/build/mouse_teleop/build install --record /home/f1tenth/f1tenth-ws/build/mouse_teleop/install.log --install-scripts $base/lib/mouse_teleop --single-version-externally-managed
