[2.750s] DEBUG:colcon:Command line arguments: ['/usr/bin/colcon', 'build']
[2.750s] DEBUG:colcon:Parsed command line arguments: Namespace(allow_overriding=[], ament_cmake_args=None, base_paths=['.'], build_base='build', catkin_cmake_args=None, catkin_skip_building_tests=False, cmake_args=None, cmake_clean_cache=False, cmake_clean_first=False, cmake_force_configure=False, cmake_target=None, cmake_target_skip_unavailable=False, continue_on_error=False, event_handlers=None, executor='parallel', ignore_user_meta=False, install_base='install', log_base=None, log_level=None, main=<bound method BuildVerb.main of <colcon_core.verb.build.BuildVerb object at 0x7fe861f1cc10>>, merge_install=False, metas=['./colcon.meta'], packages_above=None, packages_above_and_dependencies=None, packages_above_depth=None, packages_end=None, packages_ignore=None, packages_ignore_regex=None, packages_select=None, packages_select_build_failed=False, packages_select_by_dep=None, packages_select_regex=None, packages_select_test_failures=False, packages_skip=None, packages_skip_build_finished=False, packages_skip_by_dep=None, packages_skip_regex=None, packages_skip_test_passed=False, packages_skip_up_to=None, packages_start=None, packages_up_to=None, packages_up_to_regex=None, parallel_workers=8, paths=None, symlink_install=False, test_result_base=None, verb_extension=<colcon_core.verb.build.BuildVerb object at 0x7fe861f1cc10>, verb_name='build', verb_parser=<colcon_defaults.argument_parser.defaults.DefaultArgumentsDecorator object at 0x7fe861c49dc0>)
[2.870s] Level 1:colcon.colcon_core.package_discovery:discover_packages(colcon_meta) check parameters
[2.870s] Level 1:colcon.colcon_core.package_discovery:discover_packages(recursive) check parameters
[2.871s] Level 1:colcon.colcon_core.package_discovery:discover_packages(ignore) check parameters
[2.871s] Level 1:colcon.colcon_core.package_discovery:discover_packages(path) check parameters
[2.871s] Level 1:colcon.colcon_core.package_discovery:discover_packages(colcon_meta) discover
[2.871s] Level 1:colcon.colcon_core.package_discovery:discover_packages(recursive) discover
[2.871s] INFO:colcon.colcon_core.package_discovery:Crawling recursively for packages in '/home/william/sim_ws'
[2.871s] Level 1:colcon.colcon_core.package_identification:_identify(.) by extensions ['ignore', 'ignore_ament_install']
[2.871s] Level 1:colcon.colcon_core.package_identification:_identify(.) by extension 'ignore'
[2.871s] Level 1:colcon.colcon_core.package_identification:_identify(.) by extension 'ignore_ament_install'
[2.871s] Level 1:colcon.colcon_core.package_identification:_identify(.) by extensions ['colcon_pkg']
[2.871s] Level 1:colcon.colcon_core.package_identification:_identify(.) by extension 'colcon_pkg'
[2.871s] Level 1:colcon.colcon_core.package_identification:_identify(.) by extensions ['colcon_meta']
[2.871s] Level 1:colcon.colcon_core.package_identification:_identify(.) by extension 'colcon_meta'
[2.871s] Level 1:colcon.colcon_core.package_identification:_identify(.) by extensions ['ros']
[2.871s] Level 1:colcon.colcon_core.package_identification:_identify(.) by extension 'ros'
[2.886s] Level 1:colcon.colcon_core.package_identification:_identify(.) by extensions ['cmake', 'python']
[2.886s] Level 1:colcon.colcon_core.package_identification:_identify(.) by extension 'cmake'
[2.886s] Level 1:colcon.colcon_core.package_identification:_identify(.) by extension 'python'
[2.886s] Level 1:colcon.colcon_core.package_identification:_identify(.) by extensions ['python_setup_py']
[2.886s] Level 1:colcon.colcon_core.package_identification:_identify(.) by extension 'python_setup_py'
[2.886s] Level 1:colcon.colcon_core.package_identification:_identify(build) by extensions ['ignore', 'ignore_ament_install']
[2.886s] Level 1:colcon.colcon_core.package_identification:_identify(build) by extension 'ignore'
[2.886s] Level 1:colcon.colcon_core.package_identification:_identify(build) ignored
[2.886s] Level 1:colcon.colcon_core.package_identification:_identify(install) by extensions ['ignore', 'ignore_ament_install']
[2.887s] Level 1:colcon.colcon_core.package_identification:_identify(install) by extension 'ignore'
[2.887s] Level 1:colcon.colcon_core.package_identification:_identify(install) ignored
[2.887s] Level 1:colcon.colcon_core.package_identification:_identify(log) by extensions ['ignore', 'ignore_ament_install']
[2.887s] Level 1:colcon.colcon_core.package_identification:_identify(log) by extension 'ignore'
[2.887s] Level 1:colcon.colcon_core.package_identification:_identify(log) ignored
[2.887s] Level 1:colcon.colcon_core.package_identification:_identify(src) by extensions ['ignore', 'ignore_ament_install']
[2.887s] Level 1:colcon.colcon_core.package_identification:_identify(src) by extension 'ignore'
[2.887s] Level 1:colcon.colcon_core.package_identification:_identify(src) by extension 'ignore_ament_install'
[2.887s] Level 1:colcon.colcon_core.package_identification:_identify(src) by extensions ['colcon_pkg']
[2.887s] Level 1:colcon.colcon_core.package_identification:_identify(src) by extension 'colcon_pkg'
[2.887s] Level 1:colcon.colcon_core.package_identification:_identify(src) by extensions ['colcon_meta']
[2.887s] Level 1:colcon.colcon_core.package_identification:_identify(src) by extension 'colcon_meta'
[2.887s] Level 1:colcon.colcon_core.package_identification:_identify(src) by extensions ['ros']
[2.887s] Level 1:colcon.colcon_core.package_identification:_identify(src) by extension 'ros'
[2.887s] Level 1:colcon.colcon_core.package_identification:_identify(src) by extensions ['cmake', 'python']
[2.887s] Level 1:colcon.colcon_core.package_identification:_identify(src) by extension 'cmake'
[2.887s] Level 1:colcon.colcon_core.package_identification:_identify(src) by extension 'python'
[2.888s] Level 1:colcon.colcon_core.package_identification:_identify(src) by extensions ['python_setup_py']
[2.888s] Level 1:colcon.colcon_core.package_identification:_identify(src) by extension 'python_setup_py'
[2.888s] Level 1:colcon.colcon_core.package_identification:_identify(src/f1tenth_gym_ros) by extensions ['ignore', 'ignore_ament_install']
[2.888s] Level 1:colcon.colcon_core.package_identification:_identify(src/f1tenth_gym_ros) by extension 'ignore'
[2.888s] Level 1:colcon.colcon_core.package_identification:_identify(src/f1tenth_gym_ros) by extension 'ignore_ament_install'
[2.888s] Level 1:colcon.colcon_core.package_identification:_identify(src/f1tenth_gym_ros) by extensions ['colcon_pkg']
[2.888s] Level 1:colcon.colcon_core.package_identification:_identify(src/f1tenth_gym_ros) by extension 'colcon_pkg'
[2.888s] Level 1:colcon.colcon_core.package_identification:_identify(src/f1tenth_gym_ros) by extensions ['colcon_meta']
[2.888s] Level 1:colcon.colcon_core.package_identification:_identify(src/f1tenth_gym_ros) by extension 'colcon_meta'
[2.888s] Level 1:colcon.colcon_core.package_identification:_identify(src/f1tenth_gym_ros) by extensions ['ros']
[2.888s] Level 1:colcon.colcon_core.package_identification:_identify(src/f1tenth_gym_ros) by extension 'ros'
[2.890s] DEBUG:colcon.colcon_core.package_identification:Package 'src/f1tenth_gym_ros' with type 'ros.ament_python' and name 'f1tenth_gym_ros'
[2.890s] Level 1:colcon.colcon_core.package_identification:_identify(src/f1tenth_mpc-main) by extensions ['ignore', 'ignore_ament_install']
[2.890s] Level 1:colcon.colcon_core.package_identification:_identify(src/f1tenth_mpc-main) by extension 'ignore'
[2.891s] Level 1:colcon.colcon_core.package_identification:_identify(src/f1tenth_mpc-main) by extension 'ignore_ament_install'
[2.891s] Level 1:colcon.colcon_core.package_identification:_identify(src/f1tenth_mpc-main) by extensions ['colcon_pkg']
[2.891s] Level 1:colcon.colcon_core.package_identification:_identify(src/f1tenth_mpc-main) by extension 'colcon_pkg'
[2.891s] Level 1:colcon.colcon_core.package_identification:_identify(src/f1tenth_mpc-main) by extensions ['colcon_meta']
[2.891s] Level 1:colcon.colcon_core.package_identification:_identify(src/f1tenth_mpc-main) by extension 'colcon_meta'
[2.891s] Level 1:colcon.colcon_core.package_identification:_identify(src/f1tenth_mpc-main) by extensions ['ros']
[2.891s] Level 1:colcon.colcon_core.package_identification:_identify(src/f1tenth_mpc-main) by extension 'ros'
[2.891s] Level 1:colcon.colcon_core.package_identification:_identify(src/f1tenth_mpc-main) by extensions ['cmake', 'python']
[2.891s] Level 1:colcon.colcon_core.package_identification:_identify(src/f1tenth_mpc-main) by extension 'cmake'
[2.891s] Level 1:colcon.colcon_core.package_identification:_identify(src/f1tenth_mpc-main) by extension 'python'
[2.891s] Level 1:colcon.colcon_core.package_identification:_identify(src/f1tenth_mpc-main) by extensions ['python_setup_py']
[2.891s] Level 1:colcon.colcon_core.package_identification:_identify(src/f1tenth_mpc-main) by extension 'python_setup_py'
[2.891s] Level 1:colcon.colcon_core.package_identification:_identify(src/f1tenth_mpc-main/mpc) by extensions ['ignore', 'ignore_ament_install']
[2.891s] Level 1:colcon.colcon_core.package_identification:_identify(src/f1tenth_mpc-main/mpc) by extension 'ignore'
[2.891s] Level 1:colcon.colcon_core.package_identification:_identify(src/f1tenth_mpc-main/mpc) by extension 'ignore_ament_install'
[2.891s] Level 1:colcon.colcon_core.package_identification:_identify(src/f1tenth_mpc-main/mpc) by extensions ['colcon_pkg']
[2.891s] Level 1:colcon.colcon_core.package_identification:_identify(src/f1tenth_mpc-main/mpc) by extension 'colcon_pkg'
[2.891s] Level 1:colcon.colcon_core.package_identification:_identify(src/f1tenth_mpc-main/mpc) by extensions ['colcon_meta']
[2.892s] Level 1:colcon.colcon_core.package_identification:_identify(src/f1tenth_mpc-main/mpc) by extension 'colcon_meta'
[2.892s] Level 1:colcon.colcon_core.package_identification:_identify(src/f1tenth_mpc-main/mpc) by extensions ['ros']
[2.892s] Level 1:colcon.colcon_core.package_identification:_identify(src/f1tenth_mpc-main/mpc) by extension 'ros'
[2.893s] DEBUG:colcon.colcon_core.package_identification:Package 'src/f1tenth_mpc-main/mpc' with type 'ros.ament_cmake' and name 'mpc'
[2.893s] Level 1:colcon.colcon_core.package_identification:_identify(src/particle_filter) by extensions ['ignore', 'ignore_ament_install']
[2.893s] Level 1:colcon.colcon_core.package_identification:_identify(src/particle_filter) by extension 'ignore'
[2.893s] Level 1:colcon.colcon_core.package_identification:_identify(src/particle_filter) by extension 'ignore_ament_install'
[2.893s] Level 1:colcon.colcon_core.package_identification:_identify(src/particle_filter) by extensions ['colcon_pkg']
[2.893s] Level 1:colcon.colcon_core.package_identification:_identify(src/particle_filter) by extension 'colcon_pkg'
[2.894s] Level 1:colcon.colcon_core.package_identification:_identify(src/particle_filter) by extensions ['colcon_meta']
[2.894s] Level 1:colcon.colcon_core.package_identification:_identify(src/particle_filter) by extension 'colcon_meta'
[2.894s] Level 1:colcon.colcon_core.package_identification:_identify(src/particle_filter) by extensions ['ros']
[2.894s] Level 1:colcon.colcon_core.package_identification:_identify(src/particle_filter) by extension 'ros'
[2.895s] DEBUG:colcon.colcon_core.package_identification:Package 'src/particle_filter' with type 'ros.ament_python' and name 'particle_filter'
[2.896s] Level 1:colcon.colcon_core.package_identification:_identify(src/pure_pursuit) by extensions ['ignore', 'ignore_ament_install']
[2.896s] Level 1:colcon.colcon_core.package_identification:_identify(src/pure_pursuit) by extension 'ignore'
[2.896s] Level 1:colcon.colcon_core.package_identification:_identify(src/pure_pursuit) by extension 'ignore_ament_install'
[2.896s] Level 1:colcon.colcon_core.package_identification:_identify(src/pure_pursuit) by extensions ['colcon_pkg']
[2.896s] Level 1:colcon.colcon_core.package_identification:_identify(src/pure_pursuit) by extension 'colcon_pkg'
[2.896s] Level 1:colcon.colcon_core.package_identification:_identify(src/pure_pursuit) by extensions ['colcon_meta']
[2.896s] Level 1:colcon.colcon_core.package_identification:_identify(src/pure_pursuit) by extension 'colcon_meta'
[2.896s] Level 1:colcon.colcon_core.package_identification:_identify(src/pure_pursuit) by extensions ['ros']
[2.896s] Level 1:colcon.colcon_core.package_identification:_identify(src/pure_pursuit) by extension 'ros'
[2.897s] DEBUG:colcon.colcon_core.package_identification:Package 'src/pure_pursuit' with type 'ros.ament_cmake' and name 'pure_pursuit'
[2.897s] Level 1:colcon.colcon_core.package_identification:_identify(src/range_libc) by extensions ['ignore', 'ignore_ament_install']
[2.898s] Level 1:colcon.colcon_core.package_identification:_identify(src/range_libc) by extension 'ignore'
[2.898s] Level 1:colcon.colcon_core.package_identification:_identify(src/range_libc) by extension 'ignore_ament_install'
[2.898s] Level 1:colcon.colcon_core.package_identification:_identify(src/range_libc) by extensions ['colcon_pkg']
[2.898s] Level 1:colcon.colcon_core.package_identification:_identify(src/range_libc) by extension 'colcon_pkg'
[2.898s] Level 1:colcon.colcon_core.package_identification:_identify(src/range_libc) by extensions ['colcon_meta']
[2.898s] Level 1:colcon.colcon_core.package_identification:_identify(src/range_libc) by extension 'colcon_meta'
[2.898s] Level 1:colcon.colcon_core.package_identification:_identify(src/range_libc) by extensions ['ros']
[2.898s] Level 1:colcon.colcon_core.package_identification:_identify(src/range_libc) by extension 'ros'
[2.898s] Level 1:colcon.colcon_core.package_identification:_identify(src/range_libc) by extensions ['cmake', 'python']
[2.898s] Level 1:colcon.colcon_core.package_identification:_identify(src/range_libc) by extension 'cmake'
[2.904s] Level 1:colcon.colcon_core.package_identification:_identify(src/range_libc) by extension 'python'
[2.904s] DEBUG:colcon.colcon_core.package_identification:Package 'src/range_libc' with type 'cmake' and name 'range_lib'
[2.904s] Level 1:colcon.colcon_core.package_discovery:discover_packages(recursive) using defaults
[2.904s] Level 1:colcon.colcon_core.package_discovery:discover_packages(ignore) discover
[2.904s] Level 1:colcon.colcon_core.package_discovery:discover_packages(ignore) using defaults
[2.905s] Level 1:colcon.colcon_core.package_discovery:discover_packages(path) discover
[2.905s] Level 1:colcon.colcon_core.package_discovery:discover_packages(path) using defaults
[2.994s] Level 1:colcon.colcon_core.package_discovery:discover_packages(prefix_path) check parameters
[2.994s] Level 1:colcon.colcon_core.package_discovery:discover_packages(prefix_path) discover
[3.022s] DEBUG:colcon.colcon_installed_package_information.package_discovery:Found 5 installed packages in /home/william/sim_ws/install
[3.037s] DEBUG:colcon.colcon_installed_package_information.package_discovery:Found 273 installed packages in /opt/ros/foxy
[3.038s] Level 1:colcon.colcon_core.package_discovery:discover_packages(prefix_path) using defaults
[3.112s] Level 5:colcon.colcon_core.verb:set package 'f1tenth_gym_ros' build argument 'cmake_args' from command line to 'None'
[3.112s] Level 5:colcon.colcon_core.verb:set package 'f1tenth_gym_ros' build argument 'cmake_target' from command line to 'None'
[3.112s] Level 5:colcon.colcon_core.verb:set package 'f1tenth_gym_ros' build argument 'cmake_target_skip_unavailable' from command line to 'False'
[3.112s] Level 5:colcon.colcon_core.verb:set package 'f1tenth_gym_ros' build argument 'cmake_clean_cache' from command line to 'False'
[3.112s] Level 5:colcon.colcon_core.verb:set package 'f1tenth_gym_ros' build argument 'cmake_clean_first' from command line to 'False'
[3.112s] Level 5:colcon.colcon_core.verb:set package 'f1tenth_gym_ros' build argument 'cmake_force_configure' from command line to 'False'
[3.112s] Level 5:colcon.colcon_core.verb:set package 'f1tenth_gym_ros' build argument 'ament_cmake_args' from command line to 'None'
[3.112s] Level 5:colcon.colcon_core.verb:set package 'f1tenth_gym_ros' build argument 'catkin_cmake_args' from command line to 'None'
[3.113s] Level 5:colcon.colcon_core.verb:set package 'f1tenth_gym_ros' build argument 'catkin_skip_building_tests' from command line to 'False'
[3.113s] DEBUG:colcon.colcon_core.verb:Building package 'f1tenth_gym_ros' with the following arguments: {'ament_cmake_args': None, 'build_base': '/home/william/sim_ws/build/f1tenth_gym_ros', 'catkin_cmake_args': None, 'catkin_skip_building_tests': False, 'cmake_args': None, 'cmake_clean_cache': False, 'cmake_clean_first': False, 'cmake_force_configure': False, 'cmake_target': None, 'cmake_target_skip_unavailable': False, 'install_base': '/home/william/sim_ws/install/f1tenth_gym_ros', 'merge_install': False, 'path': '/home/william/sim_ws/src/f1tenth_gym_ros', 'symlink_install': False, 'test_result_base': None}
[3.125s] Level 5:colcon.colcon_core.verb:set package 'mpc' build argument 'cmake_args' from command line to 'None'
[3.125s] Level 5:colcon.colcon_core.verb:set package 'mpc' build argument 'cmake_target' from command line to 'None'
[3.125s] Level 5:colcon.colcon_core.verb:set package 'mpc' build argument 'cmake_target_skip_unavailable' from command line to 'False'
[3.125s] Level 5:colcon.colcon_core.verb:set package 'mpc' build argument 'cmake_clean_cache' from command line to 'False'
[3.125s] Level 5:colcon.colcon_core.verb:set package 'mpc' build argument 'cmake_clean_first' from command line to 'False'
[3.125s] Level 5:colcon.colcon_core.verb:set package 'mpc' build argument 'cmake_force_configure' from command line to 'False'
[3.125s] Level 5:colcon.colcon_core.verb:set package 'mpc' build argument 'ament_cmake_args' from command line to 'None'
[3.125s] Level 5:colcon.colcon_core.verb:set package 'mpc' build argument 'catkin_cmake_args' from command line to 'None'
[3.125s] Level 5:colcon.colcon_core.verb:set package 'mpc' build argument 'catkin_skip_building_tests' from command line to 'False'
[3.125s] DEBUG:colcon.colcon_core.verb:Building package 'mpc' with the following arguments: {'ament_cmake_args': None, 'build_base': '/home/william/sim_ws/build/mpc', 'catkin_cmake_args': None, 'catkin_skip_building_tests': False, 'cmake_args': None, 'cmake_clean_cache': False, 'cmake_clean_first': False, 'cmake_force_configure': False, 'cmake_target': None, 'cmake_target_skip_unavailable': False, 'install_base': '/home/william/sim_ws/install/mpc', 'merge_install': False, 'path': '/home/william/sim_ws/src/f1tenth_mpc-main/mpc', 'symlink_install': False, 'test_result_base': None}
[3.138s] Level 5:colcon.colcon_core.verb:set package 'particle_filter' build argument 'cmake_args' from command line to 'None'
[3.138s] Level 5:colcon.colcon_core.verb:set package 'particle_filter' build argument 'cmake_target' from command line to 'None'
[3.138s] Level 5:colcon.colcon_core.verb:set package 'particle_filter' build argument 'cmake_target_skip_unavailable' from command line to 'False'
[3.138s] Level 5:colcon.colcon_core.verb:set package 'particle_filter' build argument 'cmake_clean_cache' from command line to 'False'
[3.138s] Level 5:colcon.colcon_core.verb:set package 'particle_filter' build argument 'cmake_clean_first' from command line to 'False'
[3.138s] Level 5:colcon.colcon_core.verb:set package 'particle_filter' build argument 'cmake_force_configure' from command line to 'False'
[3.138s] Level 5:colcon.colcon_core.verb:set package 'particle_filter' build argument 'ament_cmake_args' from command line to 'None'
[3.138s] Level 5:colcon.colcon_core.verb:set package 'particle_filter' build argument 'catkin_cmake_args' from command line to 'None'
[3.138s] Level 5:colcon.colcon_core.verb:set package 'particle_filter' build argument 'catkin_skip_building_tests' from command line to 'False'
[3.138s] DEBUG:colcon.colcon_core.verb:Building package 'particle_filter' with the following arguments: {'ament_cmake_args': None, 'build_base': '/home/william/sim_ws/build/particle_filter', 'catkin_cmake_args': None, 'catkin_skip_building_tests': False, 'cmake_args': None, 'cmake_clean_cache': False, 'cmake_clean_first': False, 'cmake_force_configure': False, 'cmake_target': None, 'cmake_target_skip_unavailable': False, 'install_base': '/home/william/sim_ws/install/particle_filter', 'merge_install': False, 'path': '/home/william/sim_ws/src/particle_filter', 'symlink_install': False, 'test_result_base': None}
[3.151s] Level 5:colcon.colcon_core.verb:set package 'pure_pursuit' build argument 'cmake_args' from command line to 'None'
[3.152s] Level 5:colcon.colcon_core.verb:set package 'pure_pursuit' build argument 'cmake_target' from command line to 'None'
[3.152s] Level 5:colcon.colcon_core.verb:set package 'pure_pursuit' build argument 'cmake_target_skip_unavailable' from command line to 'False'
[3.152s] Level 5:colcon.colcon_core.verb:set package 'pure_pursuit' build argument 'cmake_clean_cache' from command line to 'False'
[3.152s] Level 5:colcon.colcon_core.verb:set package 'pure_pursuit' build argument 'cmake_clean_first' from command line to 'False'
[3.152s] Level 5:colcon.colcon_core.verb:set package 'pure_pursuit' build argument 'cmake_force_configure' from command line to 'False'
[3.152s] Level 5:colcon.colcon_core.verb:set package 'pure_pursuit' build argument 'ament_cmake_args' from command line to 'None'
[3.152s] Level 5:colcon.colcon_core.verb:set package 'pure_pursuit' build argument 'catkin_cmake_args' from command line to 'None'
[3.152s] Level 5:colcon.colcon_core.verb:set package 'pure_pursuit' build argument 'catkin_skip_building_tests' from command line to 'False'
[3.152s] DEBUG:colcon.colcon_core.verb:Building package 'pure_pursuit' with the following arguments: {'ament_cmake_args': None, 'build_base': '/home/william/sim_ws/build/pure_pursuit', 'catkin_cmake_args': None, 'catkin_skip_building_tests': False, 'cmake_args': None, 'cmake_clean_cache': False, 'cmake_clean_first': False, 'cmake_force_configure': False, 'cmake_target': None, 'cmake_target_skip_unavailable': False, 'install_base': '/home/william/sim_ws/install/pure_pursuit', 'merge_install': False, 'path': '/home/william/sim_ws/src/pure_pursuit', 'symlink_install': False, 'test_result_base': None}
[3.165s] Level 5:colcon.colcon_core.verb:set package 'range_lib' build argument 'cmake_args' from command line to 'None'
[3.166s] Level 5:colcon.colcon_core.verb:set package 'range_lib' build argument 'cmake_target' from command line to 'None'
[3.166s] Level 5:colcon.colcon_core.verb:set package 'range_lib' build argument 'cmake_target_skip_unavailable' from command line to 'False'
[3.166s] Level 5:colcon.colcon_core.verb:set package 'range_lib' build argument 'cmake_clean_cache' from command line to 'False'
[3.166s] Level 5:colcon.colcon_core.verb:set package 'range_lib' build argument 'cmake_clean_first' from command line to 'False'
[3.166s] Level 5:colcon.colcon_core.verb:set package 'range_lib' build argument 'cmake_force_configure' from command line to 'False'
[3.166s] Level 5:colcon.colcon_core.verb:set package 'range_lib' build argument 'ament_cmake_args' from command line to 'None'
[3.166s] Level 5:colcon.colcon_core.verb:set package 'range_lib' build argument 'catkin_cmake_args' from command line to 'None'
[3.166s] Level 5:colcon.colcon_core.verb:set package 'range_lib' build argument 'catkin_skip_building_tests' from command line to 'False'
[3.166s] DEBUG:colcon.colcon_core.verb:Building package 'range_lib' with the following arguments: {'ament_cmake_args': None, 'build_base': '/home/william/sim_ws/build/range_lib', 'catkin_cmake_args': None, 'catkin_skip_building_tests': False, 'cmake_args': None, 'cmake_clean_cache': False, 'cmake_clean_first': False, 'cmake_force_configure': False, 'cmake_target': None, 'cmake_target_skip_unavailable': False, 'install_base': '/home/william/sim_ws/install/range_lib', 'merge_install': False, 'path': '/home/william/sim_ws/src/range_libc', 'symlink_install': False, 'test_result_base': None}
[3.179s] INFO:colcon.colcon_core.executor:Executing jobs using 'parallel' executor
[3.192s] DEBUG:colcon.colcon_parallel_executor.executor.parallel:run_until_complete
[3.192s] INFO:colcon.colcon_ros.task.ament_python.build:Building ROS package in '/home/william/sim_ws/src/f1tenth_gym_ros' with build type 'ament_python'
[3.192s] Level 1:colcon.colcon_core.shell:create_environment_hook('f1tenth_gym_ros', 'ament_prefix_path')
[3.208s] INFO:colcon.colcon_core.plugin_system:Skipping extension 'colcon_core.shell.bat': Not used on non-Windows systems
[3.209s] INFO:colcon.colcon_core.shell:Creating environment hook '/home/william/sim_ws/install/f1tenth_gym_ros/share/f1tenth_gym_ros/hook/ament_prefix_path.ps1'
[3.209s] INFO:colcon.colcon_core.shell:Creating environment descriptor '/home/william/sim_ws/install/f1tenth_gym_ros/share/f1tenth_gym_ros/hook/ament_prefix_path.dsv'
[3.210s] INFO:colcon.colcon_core.shell:Creating environment hook '/home/william/sim_ws/install/f1tenth_gym_ros/share/f1tenth_gym_ros/hook/ament_prefix_path.sh'
[3.224s] INFO:colcon.colcon_core.shell:Skip shell extension 'powershell' for command environment: Not usable outside of PowerShell
[3.224s] DEBUG:colcon.colcon_core.shell:Skip shell extension 'dsv' for command environment
[3.270s] INFO:colcon.colcon_ros.task.ament_cmake.build:Building ROS package in '/home/william/sim_ws/src/f1tenth_mpc-main/mpc' with build type 'ament_cmake'
[3.271s] INFO:colcon.colcon_cmake.task.cmake.build:Building CMake package in '/home/william/sim_ws/src/f1tenth_mpc-main/mpc'
[3.287s] INFO:colcon.colcon_core.shell:Skip shell extension 'powershell' for command environment: Not usable outside of PowerShell
[3.287s] DEBUG:colcon.colcon_core.shell:Skip shell extension 'dsv' for command environment
[3.344s] INFO:colcon.colcon_ros.task.ament_python.build:Building ROS package in '/home/william/sim_ws/src/particle_filter' with build type 'ament_python'
[3.345s] Level 1:colcon.colcon_core.shell:create_environment_hook('particle_filter', 'ament_prefix_path')
[3.358s] INFO:colcon.colcon_core.shell:Creating environment hook '/home/william/sim_ws/install/particle_filter/share/particle_filter/hook/ament_prefix_path.ps1'
[3.359s] INFO:colcon.colcon_core.shell:Creating environment descriptor '/home/william/sim_ws/install/particle_filter/share/particle_filter/hook/ament_prefix_path.dsv'
[3.359s] INFO:colcon.colcon_core.shell:Creating environment hook '/home/william/sim_ws/install/particle_filter/share/particle_filter/hook/ament_prefix_path.sh'
[3.371s] INFO:colcon.colcon_core.shell:Skip shell extension 'powershell' for command environment: Not usable outside of PowerShell
[3.371s] DEBUG:colcon.colcon_core.shell:Skip shell extension 'dsv' for command environment
[3.412s] INFO:colcon.colcon_ros.task.ament_cmake.build:Building ROS package in '/home/william/sim_ws/src/pure_pursuit' with build type 'ament_cmake'
[3.412s] INFO:colcon.colcon_cmake.task.cmake.build:Building CMake package in '/home/william/sim_ws/src/pure_pursuit'
[3.425s] INFO:colcon.colcon_core.shell:Skip shell extension 'powershell' for command environment: Not usable outside of PowerShell
[3.425s] DEBUG:colcon.colcon_core.shell:Skip shell extension 'dsv' for command environment
[3.465s] INFO:colcon.colcon_cmake.task.cmake.build:Building CMake package in '/home/william/sim_ws/src/range_libc'
[3.479s] INFO:colcon.colcon_core.shell:Skip shell extension 'powershell' for command environment: Not usable outside of PowerShell
[3.479s] DEBUG:colcon.colcon_core.shell:Skip shell extension 'dsv' for command environment
[3.706s] INFO:colcon.colcon_core.task.python.build:Building Python package in '/home/william/sim_ws/src/f1tenth_gym_ros'
[3.730s] INFO:colcon.colcon_core.shell:Skip shell extension 'powershell' for command environment: Not usable outside of PowerShell
[3.730s] DEBUG:colcon.colcon_core.shell:Skip shell extension 'dsv' for command environment
[3.773s] DEBUG:colcon.colcon_core.event_handler.log_command:Invoking command in '/home/william/sim_ws/build/mpc': CMAKE_PREFIX_PATH=${CMAKE_PREFIX_PATH}:/home/william/sim_ws/install/particle_filter:/home/william/sim_ws/install/f1tenth_gym_ros:/opt/ros/foxy /usr/bin/cmake --build /home/william/sim_ws/build/mpc -- -j8 -l8
[3.966s] INFO:colcon.colcon_core.task.python.build:Building Python package in '/home/william/sim_ws/src/particle_filter'
[3.980s] INFO:colcon.colcon_core.shell:Skip shell extension 'powershell' for command environment: Not usable outside of PowerShell
[3.980s] DEBUG:colcon.colcon_core.shell:Skip shell extension 'dsv' for command environment
[4.028s] DEBUG:colcon.colcon_core.event_handler.log_command:Invoking command in '/home/william/sim_ws/build/pure_pursuit': CMAKE_PREFIX_PATH=${CMAKE_PREFIX_PATH}:/home/william/sim_ws/install/particle_filter:/home/william/sim_ws/install/f1tenth_gym_ros:/opt/ros/foxy /usr/bin/cmake --build /home/william/sim_ws/build/pure_pursuit -- -j8 -l8
[4.033s] DEBUG:colcon.colcon_core.event_handler.log_command:Invoking command in '/home/william/sim_ws/build/range_lib': /usr/bin/cmake --build /home/william/sim_ws/build/range_lib -- -j8 -l8
[4.037s] DEBUG:colcon.colcon_core.event_handler.log_command:Invoked command in '/home/william/sim_ws/build/mpc' returned '0': CMAKE_PREFIX_PATH=${CMAKE_PREFIX_PATH}:/home/william/sim_ws/install/particle_filter:/home/william/sim_ws/install/f1tenth_gym_ros:/opt/ros/foxy /usr/bin/cmake --build /home/william/sim_ws/build/mpc -- -j8 -l8
[4.083s] DEBUG:colcon.colcon_core.event_handler.log_command:Invoking command in '/home/william/sim_ws/build/mpc': CMAKE_PREFIX_PATH=${CMAKE_PREFIX_PATH}:/home/william/sim_ws/install/particle_filter:/home/william/sim_ws/install/f1tenth_gym_ros:/opt/ros/foxy /usr/bin/cmake --install /home/william/sim_ws/build/mpc
[4.139s] DEBUG:colcon.colcon_core.event_handler.log_command:Invoked command in '/home/william/sim_ws/build/pure_pursuit' returned '0': CMAKE_PREFIX_PATH=${CMAKE_PREFIX_PATH}:/home/william/sim_ws/install/particle_filter:/home/william/sim_ws/install/f1tenth_gym_ros:/opt/ros/foxy /usr/bin/cmake --build /home/william/sim_ws/build/pure_pursuit -- -j8 -l8
[4.155s] Level 1:colcon.colcon_core.environment:create_environment_scripts_only(mpc)
[4.155s] DEBUG:colcon.colcon_core.event_handler.log_command:Invoked command in '/home/william/sim_ws/build/mpc' returned '0': CMAKE_PREFIX_PATH=${CMAKE_PREFIX_PATH}:/home/william/sim_ws/install/particle_filter:/home/william/sim_ws/install/f1tenth_gym_ros:/opt/ros/foxy /usr/bin/cmake --install /home/william/sim_ws/build/mpc
[4.175s] Level 1:colcon.colcon_core.environment:checking '/home/william/sim_ws/install/mpc' for CMake module files
[4.176s] Level 1:colcon.colcon_core.environment:checking '/home/william/sim_ws/install/mpc' for CMake config files
[4.176s] Level 1:colcon.colcon_core.shell:create_environment_hook('mpc', 'cmake_prefix_path')
[4.189s] INFO:colcon.colcon_core.shell:Creating environment hook '/home/william/sim_ws/install/mpc/share/mpc/hook/cmake_prefix_path.ps1'
[4.189s] INFO:colcon.colcon_core.shell:Creating environment descriptor '/home/william/sim_ws/install/mpc/share/mpc/hook/cmake_prefix_path.dsv'
[4.189s] INFO:colcon.colcon_core.shell:Creating environment hook '/home/william/sim_ws/install/mpc/share/mpc/hook/cmake_prefix_path.sh'
[4.190s] Level 1:colcon.colcon_core.environment:checking '/home/william/sim_ws/install/mpc/lib'
[4.191s] Level 1:colcon.colcon_core.environment:checking '/home/william/sim_ws/install/mpc/bin'
[4.191s] Level 1:colcon.colcon_core.environment:checking '/home/william/sim_ws/install/mpc/lib/pkgconfig/mpc.pc'
[4.191s] Level 1:colcon.colcon_core.environment:checking '/home/william/sim_ws/install/mpc/lib/python3.8/site-packages'
[4.191s] Level 1:colcon.colcon_core.shell:create_environment_hook('mpc', 'pythonpath')
[4.205s] INFO:colcon.colcon_core.shell:Creating environment hook '/home/william/sim_ws/install/mpc/share/mpc/hook/pythonpath.ps1'
[4.205s] INFO:colcon.colcon_core.shell:Creating environment descriptor '/home/william/sim_ws/install/mpc/share/mpc/hook/pythonpath.dsv'
[4.205s] INFO:colcon.colcon_core.shell:Creating environment hook '/home/william/sim_ws/install/mpc/share/mpc/hook/pythonpath.sh'
[4.206s] Level 1:colcon.colcon_core.environment:checking '/home/william/sim_ws/install/mpc/bin'
[4.219s] INFO:colcon.colcon_core.shell:Creating package script '/home/william/sim_ws/install/mpc/share/mpc/package.ps1'
[4.220s] INFO:colcon.colcon_core.shell:Creating package descriptor '/home/william/sim_ws/install/mpc/share/mpc/package.dsv'
[4.220s] INFO:colcon.colcon_core.shell:Creating package script '/home/william/sim_ws/install/mpc/share/mpc/package.sh'
[4.221s] INFO:colcon.colcon_core.shell:Creating package script '/home/william/sim_ws/install/mpc/share/mpc/package.bash'
[4.221s] INFO:colcon.colcon_core.shell:Creating package script '/home/william/sim_ws/install/mpc/share/mpc/package.zsh'
[4.222s] Level 1:colcon.colcon_core.environment:create_file_with_runtime_dependencies(/home/william/sim_ws/install/mpc/share/colcon-core/packages/mpc)
[4.228s] DEBUG:colcon.colcon_core.event_handler.log_command:Invoking command in '/home/william/sim_ws/build/pure_pursuit': CMAKE_PREFIX_PATH=${CMAKE_PREFIX_PATH}:/home/william/sim_ws/install/particle_filter:/home/william/sim_ws/install/f1tenth_gym_ros:/opt/ros/foxy /usr/bin/cmake --install /home/william/sim_ws/build/pure_pursuit
[4.233s] DEBUG:colcon.colcon_core.event_handler.log_command:Invoked command in '/home/william/sim_ws/build/range_lib' returned '0': /usr/bin/cmake --build /home/william/sim_ws/build/range_lib -- -j8 -l8
[4.245s] Level 1:colcon.colcon_core.environment:create_environment_scripts_only(pure_pursuit)
[4.250s] DEBUG:colcon.colcon_core.event_handler.log_command:Invoked command in '/home/william/sim_ws/build/pure_pursuit' returned '0': CMAKE_PREFIX_PATH=${CMAKE_PREFIX_PATH}:/home/william/sim_ws/install/particle_filter:/home/william/sim_ws/install/f1tenth_gym_ros:/opt/ros/foxy /usr/bin/cmake --install /home/william/sim_ws/build/pure_pursuit
[4.266s] Level 1:colcon.colcon_core.environment:checking '/home/william/sim_ws/install/pure_pursuit' for CMake module files
[4.266s] Level 1:colcon.colcon_core.environment:checking '/home/william/sim_ws/install/pure_pursuit' for CMake config files
[4.266s] Level 1:colcon.colcon_core.shell:create_environment_hook('pure_pursuit', 'cmake_prefix_path')
[4.280s] INFO:colcon.colcon_core.shell:Creating environment hook '/home/william/sim_ws/install/pure_pursuit/share/pure_pursuit/hook/cmake_prefix_path.ps1'
[4.281s] INFO:colcon.colcon_core.shell:Creating environment descriptor '/home/william/sim_ws/install/pure_pursuit/share/pure_pursuit/hook/cmake_prefix_path.dsv'
[4.281s] INFO:colcon.colcon_core.shell:Creating environment hook '/home/william/sim_ws/install/pure_pursuit/share/pure_pursuit/hook/cmake_prefix_path.sh'
[4.282s] Level 1:colcon.colcon_core.environment:checking '/home/william/sim_ws/install/pure_pursuit/lib'
[4.282s] Level 1:colcon.colcon_core.environment:checking '/home/william/sim_ws/install/pure_pursuit/bin'
[4.282s] Level 1:colcon.colcon_core.environment:checking '/home/william/sim_ws/install/pure_pursuit/lib/pkgconfig/pure_pursuit.pc'
[4.282s] Level 1:colcon.colcon_core.environment:checking '/home/william/sim_ws/install/pure_pursuit/lib/python3.8/site-packages'
[4.282s] Level 1:colcon.colcon_core.environment:checking '/home/william/sim_ws/install/pure_pursuit/bin'
[4.297s] INFO:colcon.colcon_core.shell:Creating package script '/home/william/sim_ws/install/pure_pursuit/share/pure_pursuit/package.ps1'
[4.298s] INFO:colcon.colcon_core.shell:Creating package descriptor '/home/william/sim_ws/install/pure_pursuit/share/pure_pursuit/package.dsv'
[4.298s] INFO:colcon.colcon_core.shell:Creating package script '/home/william/sim_ws/install/pure_pursuit/share/pure_pursuit/package.sh'
[4.299s] INFO:colcon.colcon_core.shell:Creating package script '/home/william/sim_ws/install/pure_pursuit/share/pure_pursuit/package.bash'
[4.299s] INFO:colcon.colcon_core.shell:Creating package script '/home/william/sim_ws/install/pure_pursuit/share/pure_pursuit/package.zsh'
[4.299s] Level 1:colcon.colcon_core.environment:create_file_with_runtime_dependencies(/home/william/sim_ws/install/pure_pursuit/share/colcon-core/packages/pure_pursuit)
[4.317s] Level 1:colcon.colcon_core.environment:create_environment_scripts_only(mpc)
[4.332s] Level 1:colcon.colcon_core.environment:checking '/home/william/sim_ws/install/mpc' for CMake module files
[4.333s] Level 1:colcon.colcon_core.environment:checking '/home/william/sim_ws/install/mpc' for CMake config files
[4.333s] Level 1:colcon.colcon_core.shell:create_environment_hook('mpc', 'cmake_prefix_path')
[4.345s] INFO:colcon.colcon_core.shell:Creating environment hook '/home/william/sim_ws/install/mpc/share/mpc/hook/cmake_prefix_path.ps1'
[4.346s] INFO:colcon.colcon_core.shell:Creating environment descriptor '/home/william/sim_ws/install/mpc/share/mpc/hook/cmake_prefix_path.dsv'
[4.346s] INFO:colcon.colcon_core.shell:Creating environment hook '/home/william/sim_ws/install/mpc/share/mpc/hook/cmake_prefix_path.sh'
[4.346s] Level 1:colcon.colcon_core.environment:checking '/home/william/sim_ws/install/mpc/lib'
[4.346s] Level 1:colcon.colcon_core.environment:checking '/home/william/sim_ws/install/mpc/bin'
[4.346s] Level 1:colcon.colcon_core.environment:checking '/home/william/sim_ws/install/mpc/lib/pkgconfig/mpc.pc'
[4.347s] Level 1:colcon.colcon_core.environment:checking '/home/william/sim_ws/install/mpc/lib/python3.8/site-packages'
[4.347s] Level 1:colcon.colcon_core.shell:create_environment_hook('mpc', 'pythonpath')
[4.359s] INFO:colcon.colcon_core.shell:Creating environment hook '/home/william/sim_ws/install/mpc/share/mpc/hook/pythonpath.ps1'
[4.359s] INFO:colcon.colcon_core.shell:Creating environment descriptor '/home/william/sim_ws/install/mpc/share/mpc/hook/pythonpath.dsv'
[4.359s] INFO:colcon.colcon_core.shell:Creating environment hook '/home/william/sim_ws/install/mpc/share/mpc/hook/pythonpath.sh'
[4.360s] Level 1:colcon.colcon_core.environment:checking '/home/william/sim_ws/install/mpc/bin'
[4.372s] INFO:colcon.colcon_core.shell:Creating package script '/home/william/sim_ws/install/mpc/share/mpc/package.ps1'
[4.372s] INFO:colcon.colcon_core.shell:Creating package descriptor '/home/william/sim_ws/install/mpc/share/mpc/package.dsv'
[4.373s] INFO:colcon.colcon_core.shell:Creating package script '/home/william/sim_ws/install/mpc/share/mpc/package.sh'
[4.373s] INFO:colcon.colcon_core.shell:Creating package script '/home/william/sim_ws/install/mpc/share/mpc/package.bash'
[4.373s] INFO:colcon.colcon_core.shell:Creating package script '/home/william/sim_ws/install/mpc/share/mpc/package.zsh'
[4.374s] Level 1:colcon.colcon_core.environment:create_file_with_runtime_dependencies(/home/william/sim_ws/install/mpc/share/colcon-core/packages/mpc)
[4.377s] DEBUG:colcon.colcon_core.event_handler.log_command:Invoking command in '/home/william/sim_ws/build/range_lib': /usr/bin/cmake --install /home/william/sim_ws/build/range_lib
[4.396s] Level 1:colcon.colcon_core.environment:create_environment_scripts_only(pure_pursuit)
[4.410s] Level 1:colcon.colcon_core.environment:checking '/home/william/sim_ws/install/pure_pursuit' for CMake module files
[4.410s] Level 1:colcon.colcon_core.environment:checking '/home/william/sim_ws/install/pure_pursuit' for CMake config files
[4.410s] Level 1:colcon.colcon_core.shell:create_environment_hook('pure_pursuit', 'cmake_prefix_path')
[4.423s] INFO:colcon.colcon_core.shell:Creating environment hook '/home/william/sim_ws/install/pure_pursuit/share/pure_pursuit/hook/cmake_prefix_path.ps1'
[4.423s] INFO:colcon.colcon_core.shell:Creating environment descriptor '/home/william/sim_ws/install/pure_pursuit/share/pure_pursuit/hook/cmake_prefix_path.dsv'
[4.424s] INFO:colcon.colcon_core.shell:Creating environment hook '/home/william/sim_ws/install/pure_pursuit/share/pure_pursuit/hook/cmake_prefix_path.sh'
[4.424s] Level 1:colcon.colcon_core.environment:checking '/home/william/sim_ws/install/pure_pursuit/lib'
[4.424s] Level 1:colcon.colcon_core.environment:checking '/home/william/sim_ws/install/pure_pursuit/bin'
[4.424s] Level 1:colcon.colcon_core.environment:checking '/home/william/sim_ws/install/pure_pursuit/lib/pkgconfig/pure_pursuit.pc'
[4.424s] Level 1:colcon.colcon_core.environment:checking '/home/william/sim_ws/install/pure_pursuit/lib/python3.8/site-packages'
[4.425s] Level 1:colcon.colcon_core.environment:checking '/home/william/sim_ws/install/pure_pursuit/bin'
[4.437s] INFO:colcon.colcon_core.shell:Creating package script '/home/william/sim_ws/install/pure_pursuit/share/pure_pursuit/package.ps1'
[4.437s] INFO:colcon.colcon_core.shell:Creating package descriptor '/home/william/sim_ws/install/pure_pursuit/share/pure_pursuit/package.dsv'
[4.438s] INFO:colcon.colcon_core.shell:Creating package script '/home/william/sim_ws/install/pure_pursuit/share/pure_pursuit/package.sh'
[4.438s] INFO:colcon.colcon_core.shell:Creating package script '/home/william/sim_ws/install/pure_pursuit/share/pure_pursuit/package.bash'
[4.438s] INFO:colcon.colcon_core.shell:Creating package script '/home/william/sim_ws/install/pure_pursuit/share/pure_pursuit/package.zsh'
[4.438s] Level 1:colcon.colcon_core.environment:create_file_with_runtime_dependencies(/home/william/sim_ws/install/pure_pursuit/share/colcon-core/packages/pure_pursuit)
[4.439s] Level 1:colcon.colcon_core.environment:create_environment_scripts_only(range_lib)
[4.440s] DEBUG:colcon.colcon_core.event_handler.log_command:Invoked command in '/home/william/sim_ws/build/range_lib' returned '0': /usr/bin/cmake --install /home/william/sim_ws/build/range_lib
[4.454s] Level 1:colcon.colcon_core.environment:checking '/home/william/sim_ws/install/range_lib' for CMake module files
[4.455s] Level 1:colcon.colcon_core.environment:checking '/home/william/sim_ws/install/range_lib' for CMake config files
[4.455s] Level 1:colcon.colcon_core.shell:create_environment_hook('range_lib', 'cmake_prefix_path')
[4.469s] INFO:colcon.colcon_core.shell:Creating environment hook '/home/william/sim_ws/install/range_lib/share/range_lib/hook/cmake_prefix_path.ps1'
[4.469s] INFO:colcon.colcon_core.shell:Creating environment descriptor '/home/william/sim_ws/install/range_lib/share/range_lib/hook/cmake_prefix_path.dsv'
[4.470s] INFO:colcon.colcon_core.shell:Creating environment hook '/home/william/sim_ws/install/range_lib/share/range_lib/hook/cmake_prefix_path.sh'
[4.471s] Level 1:colcon.colcon_core.environment:checking '/home/william/sim_ws/install/range_lib/lib'
[4.471s] Level 1:colcon.colcon_core.environment:checking '/home/william/sim_ws/install/range_lib/bin'
[4.471s] Level 1:colcon.colcon_core.shell:create_environment_hook('range_lib', 'path')
[4.484s] INFO:colcon.colcon_core.shell:Creating environment hook '/home/william/sim_ws/install/range_lib/share/range_lib/hook/path.ps1'
[4.485s] INFO:colcon.colcon_core.shell:Creating environment descriptor '/home/william/sim_ws/install/range_lib/share/range_lib/hook/path.dsv'
[4.485s] INFO:colcon.colcon_core.shell:Creating environment hook '/home/william/sim_ws/install/range_lib/share/range_lib/hook/path.sh'
[4.485s] Level 1:colcon.colcon_core.environment:checking '/home/william/sim_ws/install/range_lib/lib/pkgconfig/range_lib.pc'
[4.486s] Level 1:colcon.colcon_core.environment:checking '/home/william/sim_ws/install/range_lib/lib/python3.8/site-packages'
[4.486s] Level 1:colcon.colcon_core.environment:checking '/home/william/sim_ws/install/range_lib/bin'
[4.486s] Level 1:colcon.colcon_core.shell:create_environment_hook('range_lib', 'pythonscriptspath')
[4.501s] INFO:colcon.colcon_core.shell:Creating environment hook '/home/william/sim_ws/install/range_lib/share/range_lib/hook/pythonscriptspath.ps1'
[4.501s] INFO:colcon.colcon_core.shell:Creating environment descriptor '/home/william/sim_ws/install/range_lib/share/range_lib/hook/pythonscriptspath.dsv'
[4.502s] INFO:colcon.colcon_core.shell:Creating environment hook '/home/william/sim_ws/install/range_lib/share/range_lib/hook/pythonscriptspath.sh'
[4.516s] INFO:colcon.colcon_core.shell:Creating package script '/home/william/sim_ws/install/range_lib/share/range_lib/package.ps1'
[4.517s] INFO:colcon.colcon_core.shell:Creating package descriptor '/home/william/sim_ws/install/range_lib/share/range_lib/package.dsv'
[4.517s] INFO:colcon.colcon_core.shell:Creating package script '/home/william/sim_ws/install/range_lib/share/range_lib/package.sh'
[4.517s] INFO:colcon.colcon_core.shell:Creating package script '/home/william/sim_ws/install/range_lib/share/range_lib/package.bash'
[4.518s] INFO:colcon.colcon_core.shell:Creating package script '/home/william/sim_ws/install/range_lib/share/range_lib/package.zsh'
[4.518s] Level 1:colcon.colcon_core.environment:create_file_with_runtime_dependencies(/home/william/sim_ws/install/range_lib/share/colcon-core/packages/range_lib)
[4.766s] DEBUG:colcon.colcon_core.event_handler.log_command:Invoking command in '/home/william/sim_ws/src/particle_filter': PYTHONPATH=/home/william/sim_ws/build/particle_filter/prefix_override:/home/william/sim_ws/install/particle_filter/lib/python3.8/site-packages:${PYTHONPATH} /usr/bin/python3 setup.py egg_info --egg-base ../../build/particle_filter build --build-base /home/william/sim_ws/build/particle_filter/build install --record /home/william/sim_ws/build/particle_filter/install.log --single-version-externally-managed
[4.795s] DEBUG:colcon.colcon_core.event_handler.log_command:Invoking command in '/home/william/sim_ws/src/f1tenth_gym_ros': PYTHONPATH=/home/william/sim_ws/build/f1tenth_gym_ros/prefix_override:/home/william/sim_ws/install/f1tenth_gym_ros/lib/python3.8/site-packages:${PYTHONPATH} /usr/bin/python3 setup.py egg_info --egg-base ../../build/f1tenth_gym_ros build --build-base /home/william/sim_ws/build/f1tenth_gym_ros/build install --record /home/william/sim_ws/build/f1tenth_gym_ros/install.log --single-version-externally-managed
[5.285s] DEBUG:colcon.colcon_core.event_handler.log_command:Invoked command in '/home/william/sim_ws/src/particle_filter' returned '0': PYTHONPATH=/home/william/sim_ws/build/particle_filter/prefix_override:/home/william/sim_ws/install/particle_filter/lib/python3.8/site-packages:${PYTHONPATH} /usr/bin/python3 setup.py egg_info --egg-base ../../build/particle_filter build --build-base /home/william/sim_ws/build/particle_filter/build install --record /home/william/sim_ws/build/particle_filter/install.log --single-version-externally-managed
[5.303s] Level 1:colcon.colcon_core.environment:checking '/home/william/sim_ws/install/particle_filter' for CMake module files
[5.303s] Level 1:colcon.colcon_core.environment:checking '/home/william/sim_ws/install/particle_filter' for CMake config files
[5.304s] Level 1:colcon.colcon_core.environment:checking '/home/william/sim_ws/install/particle_filter/lib'
[5.304s] Level 1:colcon.colcon_core.environment:checking '/home/william/sim_ws/install/particle_filter/bin'
[5.304s] Level 1:colcon.colcon_core.shell:create_environment_hook('particle_filter', 'path')
[5.316s] INFO:colcon.colcon_core.shell:Creating environment hook '/home/william/sim_ws/install/particle_filter/share/particle_filter/hook/path.ps1'
[5.316s] INFO:colcon.colcon_core.shell:Creating environment descriptor '/home/william/sim_ws/install/particle_filter/share/particle_filter/hook/path.dsv'
[5.316s] INFO:colcon.colcon_core.shell:Creating environment hook '/home/william/sim_ws/install/particle_filter/share/particle_filter/hook/path.sh'
[5.317s] Level 1:colcon.colcon_core.environment:checking '/home/william/sim_ws/install/particle_filter/lib/pkgconfig/particle_filter.pc'
[5.317s] Level 1:colcon.colcon_core.environment:checking '/home/william/sim_ws/install/particle_filter/lib/python3.8/site-packages'
[5.317s] Level 1:colcon.colcon_core.shell:create_environment_hook('particle_filter', 'pythonpath')
[5.329s] INFO:colcon.colcon_core.shell:Creating environment hook '/home/william/sim_ws/install/particle_filter/share/particle_filter/hook/pythonpath.ps1'
[5.329s] INFO:colcon.colcon_core.shell:Creating environment descriptor '/home/william/sim_ws/install/particle_filter/share/particle_filter/hook/pythonpath.dsv'
[5.329s] INFO:colcon.colcon_core.shell:Creating environment hook '/home/william/sim_ws/install/particle_filter/share/particle_filter/hook/pythonpath.sh'
[5.330s] Level 1:colcon.colcon_core.environment:checking '/home/william/sim_ws/install/particle_filter/bin'
[5.330s] Level 1:colcon.colcon_core.shell:create_environment_hook('particle_filter', 'pythonscriptspath')
[5.342s] INFO:colcon.colcon_core.shell:Creating environment hook '/home/william/sim_ws/install/particle_filter/share/particle_filter/hook/pythonscriptspath.ps1'
[5.342s] INFO:colcon.colcon_core.shell:Creating environment descriptor '/home/william/sim_ws/install/particle_filter/share/particle_filter/hook/pythonscriptspath.dsv'
[5.342s] INFO:colcon.colcon_core.shell:Creating environment hook '/home/william/sim_ws/install/particle_filter/share/particle_filter/hook/pythonscriptspath.sh'
[5.343s] Level 1:colcon.colcon_core.environment:create_environment_scripts_only(particle_filter)
[5.355s] INFO:colcon.colcon_core.shell:Creating package script '/home/william/sim_ws/install/particle_filter/share/particle_filter/package.ps1'
[5.355s] INFO:colcon.colcon_core.shell:Creating package descriptor '/home/william/sim_ws/install/particle_filter/share/particle_filter/package.dsv'
[5.356s] INFO:colcon.colcon_core.shell:Creating package script '/home/william/sim_ws/install/particle_filter/share/particle_filter/package.sh'
[5.356s] INFO:colcon.colcon_core.shell:Creating package script '/home/william/sim_ws/install/particle_filter/share/particle_filter/package.bash'
[5.356s] INFO:colcon.colcon_core.shell:Creating package script '/home/william/sim_ws/install/particle_filter/share/particle_filter/package.zsh'
[5.356s] Level 1:colcon.colcon_core.environment:create_file_with_runtime_dependencies(/home/william/sim_ws/install/particle_filter/share/colcon-core/packages/particle_filter)
[5.358s] DEBUG:colcon.colcon_core.event_handler.log_command:Invoked command in '/home/william/sim_ws/src/f1tenth_gym_ros' returned '0': PYTHONPATH=/home/william/sim_ws/build/f1tenth_gym_ros/prefix_override:/home/william/sim_ws/install/f1tenth_gym_ros/lib/python3.8/site-packages:${PYTHONPATH} /usr/bin/python3 setup.py egg_info --egg-base ../../build/f1tenth_gym_ros build --build-base /home/william/sim_ws/build/f1tenth_gym_ros/build install --record /home/william/sim_ws/build/f1tenth_gym_ros/install.log --single-version-externally-managed
[5.371s] Level 1:colcon.colcon_core.environment:checking '/home/william/sim_ws/install/f1tenth_gym_ros' for CMake module files
[5.371s] Level 1:colcon.colcon_core.environment:checking '/home/william/sim_ws/install/f1tenth_gym_ros' for CMake config files
[5.372s] Level 1:colcon.colcon_core.environment:checking '/home/william/sim_ws/install/f1tenth_gym_ros/lib'
[5.372s] Level 1:colcon.colcon_core.environment:checking '/home/william/sim_ws/install/f1tenth_gym_ros/bin'
[5.372s] Level 1:colcon.colcon_core.shell:create_environment_hook('f1tenth_gym_ros', 'path')
[5.384s] INFO:colcon.colcon_core.shell:Creating environment hook '/home/william/sim_ws/install/f1tenth_gym_ros/share/f1tenth_gym_ros/hook/path.ps1'
[5.384s] INFO:colcon.colcon_core.shell:Creating environment descriptor '/home/william/sim_ws/install/f1tenth_gym_ros/share/f1tenth_gym_ros/hook/path.dsv'
[5.385s] INFO:colcon.colcon_core.shell:Creating environment hook '/home/william/sim_ws/install/f1tenth_gym_ros/share/f1tenth_gym_ros/hook/path.sh'
[5.385s] Level 1:colcon.colcon_core.environment:checking '/home/william/sim_ws/install/f1tenth_gym_ros/lib/pkgconfig/f1tenth_gym_ros.pc'
[5.385s] Level 1:colcon.colcon_core.environment:checking '/home/william/sim_ws/install/f1tenth_gym_ros/lib/python3.8/site-packages'
[5.385s] Level 1:colcon.colcon_core.shell:create_environment_hook('f1tenth_gym_ros', 'pythonpath')
[5.397s] INFO:colcon.colcon_core.shell:Creating environment hook '/home/william/sim_ws/install/f1tenth_gym_ros/share/f1tenth_gym_ros/hook/pythonpath.ps1'
[5.398s] INFO:colcon.colcon_core.shell:Creating environment descriptor '/home/william/sim_ws/install/f1tenth_gym_ros/share/f1tenth_gym_ros/hook/pythonpath.dsv'
[5.398s] INFO:colcon.colcon_core.shell:Creating environment hook '/home/william/sim_ws/install/f1tenth_gym_ros/share/f1tenth_gym_ros/hook/pythonpath.sh'
[5.398s] Level 1:colcon.colcon_core.environment:checking '/home/william/sim_ws/install/f1tenth_gym_ros/bin'
[5.399s] Level 1:colcon.colcon_core.shell:create_environment_hook('f1tenth_gym_ros', 'pythonscriptspath')
[5.410s] INFO:colcon.colcon_core.shell:Creating environment hook '/home/william/sim_ws/install/f1tenth_gym_ros/share/f1tenth_gym_ros/hook/pythonscriptspath.ps1'
[5.411s] INFO:colcon.colcon_core.shell:Creating environment descriptor '/home/william/sim_ws/install/f1tenth_gym_ros/share/f1tenth_gym_ros/hook/pythonscriptspath.dsv'
[5.411s] INFO:colcon.colcon_core.shell:Creating environment hook '/home/william/sim_ws/install/f1tenth_gym_ros/share/f1tenth_gym_ros/hook/pythonscriptspath.sh'
[5.411s] Level 1:colcon.colcon_core.environment:create_environment_scripts_only(f1tenth_gym_ros)
[5.424s] INFO:colcon.colcon_core.shell:Creating package script '/home/william/sim_ws/install/f1tenth_gym_ros/share/f1tenth_gym_ros/package.ps1'
[5.424s] INFO:colcon.colcon_core.shell:Creating package descriptor '/home/william/sim_ws/install/f1tenth_gym_ros/share/f1tenth_gym_ros/package.dsv'
[5.425s] INFO:colcon.colcon_core.shell:Creating package script '/home/william/sim_ws/install/f1tenth_gym_ros/share/f1tenth_gym_ros/package.sh'
[5.425s] INFO:colcon.colcon_core.shell:Creating package script '/home/william/sim_ws/install/f1tenth_gym_ros/share/f1tenth_gym_ros/package.bash'
[5.426s] INFO:colcon.colcon_core.shell:Creating package script '/home/william/sim_ws/install/f1tenth_gym_ros/share/f1tenth_gym_ros/package.zsh'
[5.426s] Level 1:colcon.colcon_core.environment:create_file_with_runtime_dependencies(/home/william/sim_ws/install/f1tenth_gym_ros/share/colcon-core/packages/f1tenth_gym_ros)
[5.426s] DEBUG:colcon.colcon_parallel_executor.executor.parallel:closing loop
[5.426s] DEBUG:colcon.colcon_parallel_executor.executor.parallel:loop closed
[5.426s] DEBUG:colcon.colcon_parallel_executor.executor.parallel:run_until_complete finished with '0'
[5.426s] DEBUG:colcon.colcon_core.event_reactor:joining thread
[5.443s] INFO:colcon.colcon_core.plugin_system:Skipping extension 'colcon_notification.desktop_notification.terminal_notifier': Not used on non-Darwin systems
[5.443s] INFO:colcon.colcon_core.plugin_system:Skipping extension 'colcon_notification.desktop_notification.win32': Not used on non-Windows systems
[5.443s] INFO:colcon.colcon_notification.desktop_notification:Sending desktop notification using 'notify2'
[5.455s] DEBUG:colcon.colcon_core.event_reactor:joined thread
[5.469s] INFO:colcon.colcon_core.shell:Creating prefix script '/home/william/sim_ws/install/local_setup.ps1'
[5.470s] INFO:colcon.colcon_core.shell:Creating prefix util module '/home/william/sim_ws/install/_local_setup_util_ps1.py'
[5.471s] INFO:colcon.colcon_core.shell:Creating prefix chain script '/home/william/sim_ws/install/setup.ps1'
[5.484s] INFO:colcon.colcon_core.shell:Creating prefix script '/home/william/sim_ws/install/local_setup.sh'
[5.485s] INFO:colcon.colcon_core.shell:Creating prefix util module '/home/william/sim_ws/install/_local_setup_util_sh.py'
[5.485s] INFO:colcon.colcon_core.shell:Creating prefix chain script '/home/william/sim_ws/install/setup.sh'
[5.498s] INFO:colcon.colcon_core.shell:Creating prefix script '/home/william/sim_ws/install/local_setup.bash'
[5.498s] INFO:colcon.colcon_core.shell:Creating prefix chain script '/home/william/sim_ws/install/setup.bash'
[5.511s] INFO:colcon.colcon_core.shell:Creating prefix script '/home/william/sim_ws/install/local_setup.zsh'
[5.511s] INFO:colcon.colcon_core.shell:Creating prefix chain script '/home/william/sim_ws/install/setup.zsh'
