[5.132s] Invoking command in '/home/f1tenth/f1tenth-ws/src/autonomous_drive': PYTHONPATH=/home/f1tenth/f1tenth-ws/build/autonomous_drive/prefix_override:/home/f1tenth/f1tenth-ws/install/autonomous_drive/lib/python3.8/site-packages:${PYTHONPATH} /usr/bin/python3 setup.py egg_info --egg-base ../../build/autonomous_drive build --build-base /home/f1tenth/f1tenth-ws/build/autonomous_drive/build install --record /home/f1tenth/f1tenth-ws/build/autonomous_drive/install.log --install-scripts $base/lib/autonomous_drive --single-version-externally-managed
[6.069s] running egg_info
[6.072s] writing ../../build/autonomous_drive/autonomous_drive.egg-info/PKG-INFO
[6.073s] writing dependency_links to ../../build/autonomous_drive/autonomous_drive.egg-info/dependency_links.txt
[6.074s] writing entry points to ../../build/autonomous_drive/autonomous_drive.egg-info/entry_points.txt
[6.075s] writing requirements to ../../build/autonomous_drive/autonomous_drive.egg-info/requires.txt
[6.075s] writing top-level names to ../../build/autonomous_drive/autonomous_drive.egg-info/top_level.txt
[6.207s] reading manifest file '../../build/autonomous_drive/autonomous_drive.egg-info/SOURCES.txt'
[6.211s] writing manifest file '../../build/autonomous_drive/autonomous_drive.egg-info/SOURCES.txt'
[6.211s] running build
[6.211s] running build_py
[6.212s] running install
[6.216s] running install_lib
[6.221s] running install_data
[6.223s] running install_egg_info
[6.229s] removing '/home/f1tenth/f1tenth-ws/install/autonomous_drive/lib/python3.8/site-packages/autonomous_drive-0.0.0-py3.8.egg-info' (and everything under it)
[6.231s] Copying ../../build/autonomous_drive/autonomous_drive.egg-info to /home/f1tenth/f1tenth-ws/install/autonomous_drive/lib/python3.8/site-packages/autonomous_drive-0.0.0-py3.8.egg-info
[6.238s] running install_scripts
[6.304s] Installing autonomous_drive script to /home/f1tenth/f1tenth-ws/install/autonomous_drive/lib/autonomous_drive
[6.305s] writing list of installed files to '/home/f1tenth/f1tenth-ws/build/autonomous_drive/install.log'
[6.389s] Invoked command in '/home/f1tenth/f1tenth-ws/src/autonomous_drive' returned '0': PYTHONPATH=/home/f1tenth/f1tenth-ws/build/autonomous_drive/prefix_override:/home/f1tenth/f1tenth-ws/install/autonomous_drive/lib/python3.8/site-packages:${PYTHONPATH} /usr/bin/python3 setup.py egg_info --egg-base ../../build/autonomous_drive build --build-base /home/f1tenth/f1tenth-ws/build/autonomous_drive/build install --record /home/f1tenth/f1tenth-ws/build/autonomous_drive/install.log --install-scripts $base/lib/autonomous_drive --single-version-externally-managed
