[1.710s] Invoking command in '/mnt/nvme0n1/f1tenth_ws/build/teleop_tools_msgs': CMAKE_PREFIX_PATH=${CMAKE_PREFIX_PATH}:/home/f1tenth/f1tenth-ws/install/f1tenth_stack:/home/f1tenth/f1tenth-ws/install/joy_teleop:/home/f1tenth/f1tenth-ws/install/mouse_teleop:/home/f1tenth/f1tenth-ws/install/key_teleop:/opt/ros/foxy /usr/bin/cmake --build /mnt/nvme0n1/f1tenth_ws/build/teleop_tools_msgs -- -j4 -l4
[3.646s] [  9%] Built target teleop_tools_msgs__rosidl_generator_c
[3.646s] [ 12%] Built target teleop_tools_msgs__cpp
[3.646s] [ 22%] Built target teleop_tools_msgs__rosidl_typesupport_introspection_cpp
[3.647s] [ 32%] Built target teleop_tools_msgs__rosidl_typesupport_c
[3.647s] [ 41%] Built target teleop_tools_msgs__rosidl_typesupport_introspection_c
[3.650s] [ 51%] Built target teleop_tools_msgs__rosidl_typesupport_cpp
[3.651s] [ 61%] Built target teleop_tools_msgs__rosidl_typesupport_fastrtps_cpp
[3.658s] [ 70%] Built target teleop_tools_msgs__rosidl_typesupport_fastrtps_c
[3.662s] [ 70%] Built target teleop_tools_msgs
[3.663s] [ 74%] Built target teleop_tools_msgs__py
[3.663s] [ 80%] Built target teleop_tools_msgs__python
[3.663s] [ 87%] Built target teleop_tools_msgs__rosidl_typesupport_fastrtps_c__pyext
[3.664s] [ 93%] Built target teleop_tools_msgs__rosidl_typesupport_c__pyext
[3.664s] [100%] Built target teleop_tools_msgs__rosidl_typesupport_introspection_c__pyext
[3.669s] Invoked command in '/mnt/nvme0n1/f1tenth_ws/build/teleop_tools_msgs' returned '0': CMAKE_PREFIX_PATH=${CMAKE_PREFIX_PATH}:/home/f1tenth/f1tenth-ws/install/f1tenth_stack:/home/f1tenth/f1tenth-ws/install/joy_teleop:/home/f1tenth/f1tenth-ws/install/mouse_teleop:/home/f1tenth/f1tenth-ws/install/key_teleop:/opt/ros/foxy /usr/bin/cmake --build /mnt/nvme0n1/f1tenth_ws/build/teleop_tools_msgs -- -j4 -l4
[4.432s] Invoking command in '/mnt/nvme0n1/f1tenth_ws/build/teleop_tools_msgs': CMAKE_PREFIX_PATH=${CMAKE_PREFIX_PATH}:/home/f1tenth/f1tenth-ws/install/f1tenth_stack:/home/f1tenth/f1tenth-ws/install/joy_teleop:/home/f1tenth/f1tenth-ws/install/mouse_teleop:/home/f1tenth/f1tenth-ws/install/key_teleop:/opt/ros/foxy /usr/bin/cmake --install /mnt/nvme0n1/f1tenth_ws/build/teleop_tools_msgs
[4.529s] -- Install configuration: ""
[4.529s] -- Up-to-date: /mnt/nvme0n1/f1tenth_ws/install/teleop_tools_msgs/share/ament_index/resource_index/rosidl_interfaces/teleop_tools_msgs
[4.530s] -- Up-to-date: /mnt/nvme0n1/f1tenth_ws/install/teleop_tools_msgs/include/teleop_tools_msgs
[4.530s] -- Up-to-date: /mnt/nvme0n1/f1tenth_ws/install/teleop_tools_msgs/include/teleop_tools_msgs/msg
[4.530s] -- Up-to-date: /mnt/nvme0n1/f1tenth_ws/install/teleop_tools_msgs/include/teleop_tools_msgs/msg/rosidl_generator_c__visibility_control.h
[4.531s] -- Up-to-date: /mnt/nvme0n1/f1tenth_ws/install/teleop_tools_msgs/include/teleop_tools_msgs/action
[4.531s] -- Up-to-date: /mnt/nvme0n1/f1tenth_ws/install/teleop_tools_msgs/include/teleop_tools_msgs/action/detail
[4.538s] -- Up-to-date: /mnt/nvme0n1/f1tenth_ws/install/teleop_tools_msgs/include/teleop_tools_msgs/action/detail/increment__functions.h
[4.538s] -- Up-to-date: /mnt/nvme0n1/f1tenth_ws/install/teleop_tools_msgs/include/teleop_tools_msgs/action/detail/increment__type_support.h
[4.539s] -- Up-to-date: /mnt/nvme0n1/f1tenth_ws/install/teleop_tools_msgs/include/teleop_tools_msgs/action/detail/increment__struct.h
[4.539s] -- Up-to-date: /mnt/nvme0n1/f1tenth_ws/install/teleop_tools_msgs/include/teleop_tools_msgs/action/detail/increment__functions.c
[4.539s] -- Up-to-date: /mnt/nvme0n1/f1tenth_ws/install/teleop_tools_msgs/include/teleop_tools_msgs/action/increment.h
[4.540s] -- Up-to-date: /mnt/nvme0n1/f1tenth_ws/install/teleop_tools_msgs/share/teleop_tools_msgs/environment/library_path.sh
[4.542s] -- Up-to-date: /mnt/nvme0n1/f1tenth_ws/install/teleop_tools_msgs/share/teleop_tools_msgs/environment/library_path.dsv
[4.548s] -- Up-to-date: /mnt/nvme0n1/f1tenth_ws/install/teleop_tools_msgs/lib/libteleop_tools_msgs__rosidl_generator_c.so
[4.551s] -- Up-to-date: /mnt/nvme0n1/f1tenth_ws/install/teleop_tools_msgs/include/teleop_tools_msgs
[4.552s] -- Up-to-date: /mnt/nvme0n1/f1tenth_ws/install/teleop_tools_msgs/include/teleop_tools_msgs/msg
[4.553s] -- Up-to-date: /mnt/nvme0n1/f1tenth_ws/install/teleop_tools_msgs/include/teleop_tools_msgs/msg/rosidl_typesupport_fastrtps_c__visibility_control.h
[4.553s] -- Up-to-date: /mnt/nvme0n1/f1tenth_ws/install/teleop_tools_msgs/include/teleop_tools_msgs/action
[4.553s] -- Up-to-date: /mnt/nvme0n1/f1tenth_ws/install/teleop_tools_msgs/include/teleop_tools_msgs/action/detail
[4.553s] -- Up-to-date: /mnt/nvme0n1/f1tenth_ws/install/teleop_tools_msgs/include/teleop_tools_msgs/action/detail/increment__rosidl_typesupport_fastrtps_c.h
[4.571s] -- Up-to-date: /mnt/nvme0n1/f1tenth_ws/install/teleop_tools_msgs/lib/libteleop_tools_msgs__rosidl_typesupport_fastrtps_c.so
[4.587s] -- Up-to-date: /mnt/nvme0n1/f1tenth_ws/install/teleop_tools_msgs/include/teleop_tools_msgs
[4.588s] -- Up-to-date: /mnt/nvme0n1/f1tenth_ws/install/teleop_tools_msgs/include/teleop_tools_msgs/msg
[4.588s] -- Up-to-date: /mnt/nvme0n1/f1tenth_ws/install/teleop_tools_msgs/include/teleop_tools_msgs/msg/rosidl_typesupport_fastrtps_cpp__visibility_control.h
[4.589s] -- Up-to-date: /mnt/nvme0n1/f1tenth_ws/install/teleop_tools_msgs/include/teleop_tools_msgs/action
[4.589s] -- Up-to-date: /mnt/nvme0n1/f1tenth_ws/install/teleop_tools_msgs/include/teleop_tools_msgs/action/detail
[4.590s] -- Up-to-date: /mnt/nvme0n1/f1tenth_ws/install/teleop_tools_msgs/include/teleop_tools_msgs/action/detail/increment__rosidl_typesupport_fastrtps_cpp.hpp
[4.590s] -- Up-to-date: /mnt/nvme0n1/f1tenth_ws/install/teleop_tools_msgs/include/teleop_tools_msgs/action/detail/dds_fastrtps
[4.590s] -- Up-to-date: /mnt/nvme0n1/f1tenth_ws/install/teleop_tools_msgs/lib/libteleop_tools_msgs__rosidl_typesupport_fastrtps_cpp.so
[4.591s] -- Up-to-date: /mnt/nvme0n1/f1tenth_ws/install/teleop_tools_msgs/include/teleop_tools_msgs
[4.591s] -- Up-to-date: /mnt/nvme0n1/f1tenth_ws/install/teleop_tools_msgs/include/teleop_tools_msgs/msg
[4.591s] -- Up-to-date: /mnt/nvme0n1/f1tenth_ws/install/teleop_tools_msgs/include/teleop_tools_msgs/msg/rosidl_typesupport_introspection_c__visibility_control.h
[4.600s] -- Up-to-date: /mnt/nvme0n1/f1tenth_ws/install/teleop_tools_msgs/include/teleop_tools_msgs/action
[4.601s] -- Up-to-date: /mnt/nvme0n1/f1tenth_ws/install/teleop_tools_msgs/include/teleop_tools_msgs/action/detail
[4.602s] -- Up-to-date: /mnt/nvme0n1/f1tenth_ws/install/teleop_tools_msgs/include/teleop_tools_msgs/action/detail/increment__rosidl_typesupport_introspection_c.h
[4.602s] -- Up-to-date: /mnt/nvme0n1/f1tenth_ws/install/teleop_tools_msgs/include/teleop_tools_msgs/action/detail/increment__type_support.c
[4.603s] -- Up-to-date: /mnt/nvme0n1/f1tenth_ws/install/teleop_tools_msgs/lib/libteleop_tools_msgs__rosidl_typesupport_introspection_c.so
[4.603s] -- Up-to-date: /mnt/nvme0n1/f1tenth_ws/install/teleop_tools_msgs/lib/libteleop_tools_msgs__rosidl_typesupport_c.so
[4.603s] -- Up-to-date: /mnt/nvme0n1/f1tenth_ws/install/teleop_tools_msgs/include/teleop_tools_msgs
[4.604s] -- Up-to-date: /mnt/nvme0n1/f1tenth_ws/install/teleop_tools_msgs/include/teleop_tools_msgs/msg
[4.604s] -- Up-to-date: /mnt/nvme0n1/f1tenth_ws/install/teleop_tools_msgs/include/teleop_tools_msgs/msg/rosidl_generator_cpp__visibility_control.hpp
[4.604s] -- Up-to-date: /mnt/nvme0n1/f1tenth_ws/install/teleop_tools_msgs/include/teleop_tools_msgs/action
[4.605s] -- Up-to-date: /mnt/nvme0n1/f1tenth_ws/install/teleop_tools_msgs/include/teleop_tools_msgs/action/increment.hpp
[4.605s] -- Up-to-date: /mnt/nvme0n1/f1tenth_ws/install/teleop_tools_msgs/include/teleop_tools_msgs/action/detail
[4.605s] -- Up-to-date: /mnt/nvme0n1/f1tenth_ws/install/teleop_tools_msgs/include/teleop_tools_msgs/action/detail/increment__traits.hpp
[4.606s] -- Up-to-date: /mnt/nvme0n1/f1tenth_ws/install/teleop_tools_msgs/include/teleop_tools_msgs/action/detail/increment__struct.hpp
[4.606s] -- Up-to-date: /mnt/nvme0n1/f1tenth_ws/install/teleop_tools_msgs/include/teleop_tools_msgs/action/detail/increment__builder.hpp
[4.607s] -- Up-to-date: /mnt/nvme0n1/f1tenth_ws/install/teleop_tools_msgs/include/teleop_tools_msgs/action/detail/increment__type_support.hpp
[4.607s] -- Up-to-date: /mnt/nvme0n1/f1tenth_ws/install/teleop_tools_msgs/include/teleop_tools_msgs
[4.607s] -- Up-to-date: /mnt/nvme0n1/f1tenth_ws/install/teleop_tools_msgs/include/teleop_tools_msgs/action
[4.608s] -- Up-to-date: /mnt/nvme0n1/f1tenth_ws/install/teleop_tools_msgs/include/teleop_tools_msgs/action/detail
[4.608s] -- Up-to-date: /mnt/nvme0n1/f1tenth_ws/install/teleop_tools_msgs/include/teleop_tools_msgs/action/detail/increment__rosidl_typesupport_introspection_cpp.hpp
[4.608s] -- Up-to-date: /mnt/nvme0n1/f1tenth_ws/install/teleop_tools_msgs/include/teleop_tools_msgs/action/detail/increment__type_support.cpp
[4.609s] -- Up-to-date: /mnt/nvme0n1/f1tenth_ws/install/teleop_tools_msgs/lib/libteleop_tools_msgs__rosidl_typesupport_introspection_cpp.so
[4.609s] -- Up-to-date: /mnt/nvme0n1/f1tenth_ws/install/teleop_tools_msgs/lib/libteleop_tools_msgs__rosidl_typesupport_cpp.so
[4.609s] -- Up-to-date: /mnt/nvme0n1/f1tenth_ws/install/teleop_tools_msgs/share/teleop_tools_msgs/environment/pythonpath.sh
[4.610s] -- Up-to-date: /mnt/nvme0n1/f1tenth_ws/install/teleop_tools_msgs/share/teleop_tools_msgs/environment/pythonpath.dsv
[4.610s] -- Up-to-date: /mnt/nvme0n1/f1tenth_ws/install/teleop_tools_msgs/lib/python3.8/site-packages/teleop_tools_msgs/__init__.py
[4.719s] -- Up-to-date: /mnt/nvme0n1/f1tenth_ws/install/teleop_tools_msgs/lib/python3.8/site-packages/teleop_tools_msgs/action
[4.722s] -- Up-to-date: /mnt/nvme0n1/f1tenth_ws/install/teleop_tools_msgs/lib/python3.8/site-packages/teleop_tools_msgs/action/__init__.py
[4.724s] -- Up-to-date: /mnt/nvme0n1/f1tenth_ws/install/teleop_tools_msgs/lib/python3.8/site-packages/teleop_tools_msgs/action/_increment.py
[4.725s] -- Up-to-date: /mnt/nvme0n1/f1tenth_ws/install/teleop_tools_msgs/lib/python3.8/site-packages/teleop_tools_msgs/action/_increment_s.c
[4.726s] -- Up-to-date: /mnt/nvme0n1/f1tenth_ws/install/teleop_tools_msgs/lib/python3.8/site-packages/teleop_tools_msgs/teleop_tools_msgs_s__rosidl_typesupport_fastrtps_c.cpython-38-aarch64-linux-gnu.so
[4.728s] -- Up-to-date: /mnt/nvme0n1/f1tenth_ws/install/teleop_tools_msgs/lib/python3.8/site-packages/teleop_tools_msgs/teleop_tools_msgs_s__rosidl_typesupport_introspection_c.cpython-38-aarch64-linux-gnu.so
[4.728s] -- Up-to-date: /mnt/nvme0n1/f1tenth_ws/install/teleop_tools_msgs/lib/python3.8/site-packages/teleop_tools_msgs/teleop_tools_msgs_s__rosidl_typesupport_c.cpython-38-aarch64-linux-gnu.so
[4.729s] -- Up-to-date: /mnt/nvme0n1/f1tenth_ws/install/teleop_tools_msgs/lib/libteleop_tools_msgs__python.so
[4.734s] -- Up-to-date: /mnt/nvme0n1/f1tenth_ws/install/teleop_tools_msgs/share/teleop_tools_msgs/action/Increment.idl
[4.736s] -- Up-to-date: /mnt/nvme0n1/f1tenth_ws/install/teleop_tools_msgs/share/teleop_tools_msgs/action/Increment.action
[4.739s] -- Up-to-date: /mnt/nvme0n1/f1tenth_ws/install/teleop_tools_msgs/share/ament_index/resource_index/package_run_dependencies/teleop_tools_msgs
[4.741s] -- Up-to-date: /mnt/nvme0n1/f1tenth_ws/install/teleop_tools_msgs/share/ament_index/resource_index/parent_prefix_path/teleop_tools_msgs
[4.742s] -- Up-to-date: /mnt/nvme0n1/f1tenth_ws/install/teleop_tools_msgs/share/teleop_tools_msgs/environment/ament_prefix_path.sh
[4.743s] -- Up-to-date: /mnt/nvme0n1/f1tenth_ws/install/teleop_tools_msgs/share/teleop_tools_msgs/environment/ament_prefix_path.dsv
[4.745s] -- Up-to-date: /mnt/nvme0n1/f1tenth_ws/install/teleop_tools_msgs/share/teleop_tools_msgs/environment/path.sh
[4.747s] -- Up-to-date: /mnt/nvme0n1/f1tenth_ws/install/teleop_tools_msgs/share/teleop_tools_msgs/environment/path.dsv
[4.750s] -- Up-to-date: /mnt/nvme0n1/f1tenth_ws/install/teleop_tools_msgs/share/teleop_tools_msgs/local_setup.bash
[4.751s] -- Up-to-date: /mnt/nvme0n1/f1tenth_ws/install/teleop_tools_msgs/share/teleop_tools_msgs/local_setup.sh
[4.752s] -- Up-to-date: /mnt/nvme0n1/f1tenth_ws/install/teleop_tools_msgs/share/teleop_tools_msgs/local_setup.zsh
[4.753s] -- Up-to-date: /mnt/nvme0n1/f1tenth_ws/install/teleop_tools_msgs/share/teleop_tools_msgs/local_setup.dsv
[4.754s] -- Installing: /mnt/nvme0n1/f1tenth_ws/install/teleop_tools_msgs/share/teleop_tools_msgs/package.dsv
[4.754s] -- Up-to-date: /mnt/nvme0n1/f1tenth_ws/install/teleop_tools_msgs/share/ament_index/resource_index/packages/teleop_tools_msgs
[4.754s] -- Up-to-date: /mnt/nvme0n1/f1tenth_ws/install/teleop_tools_msgs/share/teleop_tools_msgs/cmake/teleop_tools_msgs__rosidl_generator_cExport.cmake
[4.755s] -- Up-to-date: /mnt/nvme0n1/f1tenth_ws/install/teleop_tools_msgs/share/teleop_tools_msgs/cmake/teleop_tools_msgs__rosidl_generator_cExport-noconfig.cmake
[4.755s] -- Up-to-date: /mnt/nvme0n1/f1tenth_ws/install/teleop_tools_msgs/share/teleop_tools_msgs/cmake/teleop_tools_msgs__rosidl_typesupport_introspection_cExport.cmake
[4.755s] -- Up-to-date: /mnt/nvme0n1/f1tenth_ws/install/teleop_tools_msgs/share/teleop_tools_msgs/cmake/teleop_tools_msgs__rosidl_typesupport_introspection_cExport-noconfig.cmake
[4.756s] -- Up-to-date: /mnt/nvme0n1/f1tenth_ws/install/teleop_tools_msgs/share/teleop_tools_msgs/cmake/teleop_tools_msgs__rosidl_typesupport_cExport.cmake
[4.756s] -- Up-to-date: /mnt/nvme0n1/f1tenth_ws/install/teleop_tools_msgs/share/teleop_tools_msgs/cmake/teleop_tools_msgs__rosidl_typesupport_cExport-noconfig.cmake
[4.756s] -- Up-to-date: /mnt/nvme0n1/f1tenth_ws/install/teleop_tools_msgs/share/teleop_tools_msgs/cmake/teleop_tools_msgs__rosidl_generator_cppExport.cmake
[4.756s] -- Up-to-date: /mnt/nvme0n1/f1tenth_ws/install/teleop_tools_msgs/share/teleop_tools_msgs/cmake/teleop_tools_msgs__rosidl_typesupport_introspection_cppExport.cmake
[4.757s] -- Up-to-date: /mnt/nvme0n1/f1tenth_ws/install/teleop_tools_msgs/share/teleop_tools_msgs/cmake/teleop_tools_msgs__rosidl_typesupport_introspection_cppExport-noconfig.cmake
[4.757s] -- Up-to-date: /mnt/nvme0n1/f1tenth_ws/install/teleop_tools_msgs/share/teleop_tools_msgs/cmake/teleop_tools_msgs__rosidl_typesupport_cppExport.cmake
[4.757s] -- Up-to-date: /mnt/nvme0n1/f1tenth_ws/install/teleop_tools_msgs/share/teleop_tools_msgs/cmake/teleop_tools_msgs__rosidl_typesupport_cppExport-noconfig.cmake
[4.758s] -- Up-to-date: /mnt/nvme0n1/f1tenth_ws/install/teleop_tools_msgs/share/teleop_tools_msgs/cmake/rosidl_cmake-extras.cmake
[4.758s] -- Up-to-date: /mnt/nvme0n1/f1tenth_ws/install/teleop_tools_msgs/share/teleop_tools_msgs/cmake/ament_cmake_export_dependencies-extras.cmake
[4.758s] -- Up-to-date: /mnt/nvme0n1/f1tenth_ws/install/teleop_tools_msgs/share/teleop_tools_msgs/cmake/ament_cmake_export_libraries-extras.cmake
[4.759s] -- Up-to-date: /mnt/nvme0n1/f1tenth_ws/install/teleop_tools_msgs/share/teleop_tools_msgs/cmake/ament_cmake_export_targets-extras.cmake
[4.759s] -- Up-to-date: /mnt/nvme0n1/f1tenth_ws/install/teleop_tools_msgs/share/teleop_tools_msgs/cmake/ament_cmake_export_include_directories-extras.cmake
[4.759s] -- Up-to-date: /mnt/nvme0n1/f1tenth_ws/install/teleop_tools_msgs/share/teleop_tools_msgs/cmake/rosidl_cmake_export_typesupport_libraries-extras.cmake
[4.761s] -- Up-to-date: /mnt/nvme0n1/f1tenth_ws/install/teleop_tools_msgs/share/teleop_tools_msgs/cmake/rosidl_cmake_export_typesupport_targets-extras.cmake
[4.761s] -- Up-to-date: /mnt/nvme0n1/f1tenth_ws/install/teleop_tools_msgs/share/teleop_tools_msgs/cmake/teleop_tools_msgsConfig.cmake
[4.813s] -- Up-to-date: /mnt/nvme0n1/f1tenth_ws/install/teleop_tools_msgs/share/teleop_tools_msgs/cmake/teleop_tools_msgsConfig-version.cmake
[4.815s] -- Up-to-date: /mnt/nvme0n1/f1tenth_ws/install/teleop_tools_msgs/share/teleop_tools_msgs/package.xml
[6.506s] Invoked command in '/mnt/nvme0n1/f1tenth_ws/build/teleop_tools_msgs' returned '0': CMAKE_PREFIX_PATH=${CMAKE_PREFIX_PATH}:/home/f1tenth/f1tenth-ws/install/f1tenth_stack:/home/f1tenth/f1tenth-ws/install/joy_teleop:/home/f1tenth/f1tenth-ws/install/mouse_teleop:/home/f1tenth/f1tenth-ws/install/key_teleop:/opt/ros/foxy /usr/bin/cmake --install /mnt/nvme0n1/f1tenth_ws/build/teleop_tools_msgs
