[3.702s] Invoking command in '/home/f1tenth/f1tenth-ws/build/range_lib': /usr/bin/cmake --build /home/f1tenth/f1tenth-ws/build/range_lib -- -j4 -l4
[3.973s] [ 33%] Built target gflags_nothreads_static
[3.991s] [ 66%] Built target gflags_static
[4.136s] [100%] Built target range_lib
[4.922s] Invoked command in '/home/f1tenth/f1tenth-ws/build/range_lib' returned '0': /usr/bin/cmake --build /home/f1tenth/f1tenth-ws/build/range_lib -- -j4 -l4
[5.146s] Invoking command in '/home/f1tenth/f1tenth-ws/build/range_lib': /usr/bin/cmake --install /home/f1tenth/f1tenth-ws/build/range_lib
[5.211s] -- Install configuration: "Release"
[5.212s] -- Up-to-date: /home/f1tenth/f1tenth-ws/install/range_lib/lib/libgflags.a
[5.213s] -- Up-to-date: /home/f1tenth/f1tenth-ws/install/range_lib/lib/libgflags_nothreads.a
[5.213s] -- Up-to-date: /home/f1tenth/f1tenth-ws/install/range_lib/include/gflags/gflags.h
[5.214s] -- Up-to-date: /home/f1tenth/f1tenth-ws/install/range_lib/include/gflags/gflags_declare.h
[5.215s] -- Up-to-date: /home/f1tenth/f1tenth-ws/install/range_lib/include/gflags/gflags_completions.h
[5.215s] -- Up-to-date: /home/f1tenth/f1tenth-ws/install/range_lib/include/gflags/gflags_gflags.h
[5.215s] -- Up-to-date: /home/f1tenth/f1tenth-ws/install/range_lib/lib/cmake/gflags/gflags-config.cmake
[5.216s] -- Up-to-date: /home/f1tenth/f1tenth-ws/install/range_lib/lib/cmake/gflags/gflags-config-version.cmake
[5.226s] -- Up-to-date: /home/f1tenth/f1tenth-ws/install/range_lib/lib/cmake/gflags/gflags-targets.cmake
[5.227s] -- Up-to-date: /home/f1tenth/f1tenth-ws/install/range_lib/bin/gflags_completions.sh
[5.227s] -- Up-to-date: /home/f1tenth/f1tenth-ws/install/range_lib/lib/pkgconfig/gflags.pc
[5.228s] -- Up-to-date: /home/f1tenth/.cmake/packages/gflags/82640e4dd78e15be868e31fea3737ff6
[5.239s] Invoked command in '/home/f1tenth/f1tenth-ws/build/range_lib' returned '0': /usr/bin/cmake --install /home/f1tenth/f1tenth-ws/build/range_lib
