[0.117s] DEBUG:colcon:Command line arguments: ['/usr/bin/colcon', 'build']
[0.117s] DEBUG:colcon:Parsed command line arguments: Namespace(allow_overriding=[], ament_cmake_args=None, base_paths=['.'], build_base='build', catkin_cmake_args=None, catkin_skip_building_tests=False, cmake_args=None, cmake_clean_cache=False, cmake_clean_first=False, cmake_force_configure=False, cmake_target=None, cmake_target_skip_unavailable=False, continue_on_error=False, event_handlers=None, executor='parallel', ignore_user_meta=False, install_base='install', log_base=None, log_level=None, main=<bound method BuildVerb.main of <colcon_core.verb.build.BuildVerb object at 0x7f77ce5d2b50>>, merge_install=False, metas=['./colcon.meta'], packages_above=None, packages_above_and_dependencies=None, packages_above_depth=None, packages_end=None, packages_ignore=None, packages_ignore_regex=None, packages_select=None, packages_select_build_failed=False, packages_select_by_dep=None, packages_select_regex=None, packages_select_test_failures=False, packages_skip=None, packages_skip_build_finished=False, packages_skip_by_dep=None, packages_skip_regex=None, packages_skip_test_passed=False, packages_skip_up_to=None, packages_start=None, packages_up_to=None, packages_up_to_regex=None, parallel_workers=8, paths=None, symlink_install=False, test_result_base=None, verb_extension=<colcon_core.verb.build.BuildVerb object at 0x7f77ce5d2b50>, verb_name='build', verb_parser=<colcon_defaults.argument_parser.defaults.DefaultArgumentsDecorator object at 0x7f77ce44e520>)
[0.206s] Level 1:colcon.colcon_core.package_discovery:discover_packages(colcon_meta) check parameters
[0.206s] Level 1:colcon.colcon_core.package_discovery:discover_packages(recursive) check parameters
[0.206s] Level 1:colcon.colcon_core.package_discovery:discover_packages(ignore) check parameters
[0.206s] Level 1:colcon.colcon_core.package_discovery:discover_packages(path) check parameters
[0.206s] Level 1:colcon.colcon_core.package_discovery:discover_packages(colcon_meta) discover
[0.206s] Level 1:colcon.colcon_core.package_discovery:discover_packages(recursive) discover
[0.206s] INFO:colcon.colcon_core.package_discovery:Crawling recursively for packages in '/home/jim/sim_ws'
[0.206s] Level 1:colcon.colcon_core.package_identification:_identify(.) by extensions ['ignore', 'ignore_ament_install']
[0.206s] Level 1:colcon.colcon_core.package_identification:_identify(.) by extension 'ignore'
[0.206s] Level 1:colcon.colcon_core.package_identification:_identify(.) by extension 'ignore_ament_install'
[0.206s] Level 1:colcon.colcon_core.package_identification:_identify(.) by extensions ['colcon_pkg']
[0.206s] Level 1:colcon.colcon_core.package_identification:_identify(.) by extension 'colcon_pkg'
[0.206s] Level 1:colcon.colcon_core.package_identification:_identify(.) by extensions ['colcon_meta']
[0.206s] Level 1:colcon.colcon_core.package_identification:_identify(.) by extension 'colcon_meta'
[0.206s] Level 1:colcon.colcon_core.package_identification:_identify(.) by extensions ['ros']
[0.206s] Level 1:colcon.colcon_core.package_identification:_identify(.) by extension 'ros'
[0.213s] Level 1:colcon.colcon_core.package_identification:_identify(.) by extensions ['cmake', 'python']
[0.213s] Level 1:colcon.colcon_core.package_identification:_identify(.) by extension 'cmake'
[0.213s] Level 1:colcon.colcon_core.package_identification:_identify(.) by extension 'python'
[0.213s] Level 1:colcon.colcon_core.package_identification:_identify(.) by extensions ['python_setup_py']
[0.213s] Level 1:colcon.colcon_core.package_identification:_identify(.) by extension 'python_setup_py'
[0.213s] Level 1:colcon.colcon_core.package_identification:_identify(build) by extensions ['ignore', 'ignore_ament_install']
[0.213s] Level 1:colcon.colcon_core.package_identification:_identify(build) by extension 'ignore'
[0.213s] Level 1:colcon.colcon_core.package_identification:_identify(build) ignored
[0.213s] Level 1:colcon.colcon_core.package_identification:_identify(install) by extensions ['ignore', 'ignore_ament_install']
[0.213s] Level 1:colcon.colcon_core.package_identification:_identify(install) by extension 'ignore'
[0.213s] Level 1:colcon.colcon_core.package_identification:_identify(install) ignored
[0.213s] Level 1:colcon.colcon_core.package_identification:_identify(log) by extensions ['ignore', 'ignore_ament_install']
[0.213s] Level 1:colcon.colcon_core.package_identification:_identify(log) by extension 'ignore'
[0.213s] Level 1:colcon.colcon_core.package_identification:_identify(log) ignored
[0.213s] Level 1:colcon.colcon_core.package_identification:_identify(src) by extensions ['ignore', 'ignore_ament_install']
[0.214s] Level 1:colcon.colcon_core.package_identification:_identify(src) by extension 'ignore'
[0.214s] Level 1:colcon.colcon_core.package_identification:_identify(src) by extension 'ignore_ament_install'
[0.214s] Level 1:colcon.colcon_core.package_identification:_identify(src) by extensions ['colcon_pkg']
[0.214s] Level 1:colcon.colcon_core.package_identification:_identify(src) by extension 'colcon_pkg'
[0.214s] Level 1:colcon.colcon_core.package_identification:_identify(src) by extensions ['colcon_meta']
[0.214s] Level 1:colcon.colcon_core.package_identification:_identify(src) by extension 'colcon_meta'
[0.214s] Level 1:colcon.colcon_core.package_identification:_identify(src) by extensions ['ros']
[0.214s] Level 1:colcon.colcon_core.package_identification:_identify(src) by extension 'ros'
[0.214s] Level 1:colcon.colcon_core.package_identification:_identify(src) by extensions ['cmake', 'python']
[0.214s] Level 1:colcon.colcon_core.package_identification:_identify(src) by extension 'cmake'
[0.214s] Level 1:colcon.colcon_core.package_identification:_identify(src) by extension 'python'
[0.214s] Level 1:colcon.colcon_core.package_identification:_identify(src) by extensions ['python_setup_py']
[0.214s] Level 1:colcon.colcon_core.package_identification:_identify(src) by extension 'python_setup_py'
[0.214s] Level 1:colcon.colcon_core.package_identification:_identify(src/f1tenth_gym_ros) by extensions ['ignore', 'ignore_ament_install']
[0.214s] Level 1:colcon.colcon_core.package_identification:_identify(src/f1tenth_gym_ros) by extension 'ignore'
[0.214s] Level 1:colcon.colcon_core.package_identification:_identify(src/f1tenth_gym_ros) by extension 'ignore_ament_install'
[0.214s] Level 1:colcon.colcon_core.package_identification:_identify(src/f1tenth_gym_ros) by extensions ['colcon_pkg']
[0.214s] Level 1:colcon.colcon_core.package_identification:_identify(src/f1tenth_gym_ros) by extension 'colcon_pkg'
[0.214s] Level 1:colcon.colcon_core.package_identification:_identify(src/f1tenth_gym_ros) by extensions ['colcon_meta']
[0.214s] Level 1:colcon.colcon_core.package_identification:_identify(src/f1tenth_gym_ros) by extension 'colcon_meta'
[0.214s] Level 1:colcon.colcon_core.package_identification:_identify(src/f1tenth_gym_ros) by extensions ['ros']
[0.214s] Level 1:colcon.colcon_core.package_identification:_identify(src/f1tenth_gym_ros) by extension 'ros'
[0.216s] DEBUG:colcon.colcon_core.package_identification:Package 'src/f1tenth_gym_ros' with type 'ros.ament_python' and name 'f1tenth_gym_ros'
[0.216s] Level 1:colcon.colcon_core.package_identification:_identify(src/f1tenth_mpc-main) by extensions ['ignore', 'ignore_ament_install']
[0.216s] Level 1:colcon.colcon_core.package_identification:_identify(src/f1tenth_mpc-main) by extension 'ignore'
[0.216s] Level 1:colcon.colcon_core.package_identification:_identify(src/f1tenth_mpc-main) by extension 'ignore_ament_install'
[0.216s] Level 1:colcon.colcon_core.package_identification:_identify(src/f1tenth_mpc-main) by extensions ['colcon_pkg']
[0.216s] Level 1:colcon.colcon_core.package_identification:_identify(src/f1tenth_mpc-main) by extension 'colcon_pkg'
[0.216s] Level 1:colcon.colcon_core.package_identification:_identify(src/f1tenth_mpc-main) by extensions ['colcon_meta']
[0.216s] Level 1:colcon.colcon_core.package_identification:_identify(src/f1tenth_mpc-main) by extension 'colcon_meta'
[0.216s] Level 1:colcon.colcon_core.package_identification:_identify(src/f1tenth_mpc-main) by extensions ['ros']
[0.216s] Level 1:colcon.colcon_core.package_identification:_identify(src/f1tenth_mpc-main) by extension 'ros'
[0.216s] Level 1:colcon.colcon_core.package_identification:_identify(src/f1tenth_mpc-main) by extensions ['cmake', 'python']
[0.216s] Level 1:colcon.colcon_core.package_identification:_identify(src/f1tenth_mpc-main) by extension 'cmake'
[0.216s] Level 1:colcon.colcon_core.package_identification:_identify(src/f1tenth_mpc-main) by extension 'python'
[0.216s] Level 1:colcon.colcon_core.package_identification:_identify(src/f1tenth_mpc-main) by extensions ['python_setup_py']
[0.216s] Level 1:colcon.colcon_core.package_identification:_identify(src/f1tenth_mpc-main) by extension 'python_setup_py'
[0.216s] Level 1:colcon.colcon_core.package_identification:_identify(src/f1tenth_mpc-main/mpc) by extensions ['ignore', 'ignore_ament_install']
[0.216s] Level 1:colcon.colcon_core.package_identification:_identify(src/f1tenth_mpc-main/mpc) by extension 'ignore'
[0.216s] Level 1:colcon.colcon_core.package_identification:_identify(src/f1tenth_mpc-main/mpc) by extension 'ignore_ament_install'
[0.216s] Level 1:colcon.colcon_core.package_identification:_identify(src/f1tenth_mpc-main/mpc) by extensions ['colcon_pkg']
[0.216s] Level 1:colcon.colcon_core.package_identification:_identify(src/f1tenth_mpc-main/mpc) by extension 'colcon_pkg'
[0.216s] Level 1:colcon.colcon_core.package_identification:_identify(src/f1tenth_mpc-main/mpc) by extensions ['colcon_meta']
[0.216s] Level 1:colcon.colcon_core.package_identification:_identify(src/f1tenth_mpc-main/mpc) by extension 'colcon_meta'
[0.216s] Level 1:colcon.colcon_core.package_identification:_identify(src/f1tenth_mpc-main/mpc) by extensions ['ros']
[0.216s] Level 1:colcon.colcon_core.package_identification:_identify(src/f1tenth_mpc-main/mpc) by extension 'ros'
[0.217s] DEBUG:colcon.colcon_core.package_identification:Package 'src/f1tenth_mpc-main/mpc' with type 'ros.ament_cmake' and name 'mpc'
[0.217s] Level 1:colcon.colcon_core.package_identification:_identify(src/particle_filter) by extensions ['ignore', 'ignore_ament_install']
[0.217s] Level 1:colcon.colcon_core.package_identification:_identify(src/particle_filter) by extension 'ignore'
[0.217s] Level 1:colcon.colcon_core.package_identification:_identify(src/particle_filter) by extension 'ignore_ament_install'
[0.217s] Level 1:colcon.colcon_core.package_identification:_identify(src/particle_filter) by extensions ['colcon_pkg']
[0.217s] Level 1:colcon.colcon_core.package_identification:_identify(src/particle_filter) by extension 'colcon_pkg'
[0.217s] Level 1:colcon.colcon_core.package_identification:_identify(src/particle_filter) by extensions ['colcon_meta']
[0.217s] Level 1:colcon.colcon_core.package_identification:_identify(src/particle_filter) by extension 'colcon_meta'
[0.217s] Level 1:colcon.colcon_core.package_identification:_identify(src/particle_filter) by extensions ['ros']
[0.217s] Level 1:colcon.colcon_core.package_identification:_identify(src/particle_filter) by extension 'ros'
[0.218s] DEBUG:colcon.colcon_core.package_identification:Package 'src/particle_filter' with type 'ros.ament_python' and name 'particle_filter'
[0.218s] Level 1:colcon.colcon_core.package_discovery:discover_packages(recursive) using defaults
[0.218s] Level 1:colcon.colcon_core.package_discovery:discover_packages(ignore) discover
[0.218s] Level 1:colcon.colcon_core.package_discovery:discover_packages(ignore) using defaults
[0.218s] Level 1:colcon.colcon_core.package_discovery:discover_packages(path) discover
[0.218s] Level 1:colcon.colcon_core.package_discovery:discover_packages(path) using defaults
[0.228s] Level 1:colcon.colcon_core.package_discovery:discover_packages(prefix_path) check parameters
[0.228s] Level 1:colcon.colcon_core.package_discovery:discover_packages(prefix_path) discover
[0.229s] DEBUG:colcon.colcon_installed_package_information.package_discovery:Found 11 installed packages in /home/jim/f1tenth_ws/install
[0.230s] DEBUG:colcon.colcon_installed_package_information.package_discovery:Found 4 installed packages in /home/jim/sim_ws/install
[0.230s] DEBUG:colcon.colcon_installed_package_information.package_discovery:Found 3 installed packages in /home/jim/ros2_ws_tutorial/install
[0.231s] DEBUG:colcon.colcon_installed_package_information.package_discovery:Found 303 installed packages in /opt/ros/foxy
[0.239s] Level 1:colcon.colcon_core.package_discovery:discover_packages(prefix_path) using defaults
[0.274s] Level 5:colcon.colcon_core.verb:set package 'f1tenth_gym_ros' build argument 'cmake_args' from command line to 'None'
[0.274s] Level 5:colcon.colcon_core.verb:set package 'f1tenth_gym_ros' build argument 'cmake_target' from command line to 'None'
[0.274s] Level 5:colcon.colcon_core.verb:set package 'f1tenth_gym_ros' build argument 'cmake_target_skip_unavailable' from command line to 'False'
[0.274s] Level 5:colcon.colcon_core.verb:set package 'f1tenth_gym_ros' build argument 'cmake_clean_cache' from command line to 'False'
[0.274s] Level 5:colcon.colcon_core.verb:set package 'f1tenth_gym_ros' build argument 'cmake_clean_first' from command line to 'False'
[0.274s] Level 5:colcon.colcon_core.verb:set package 'f1tenth_gym_ros' build argument 'cmake_force_configure' from command line to 'False'
[0.274s] Level 5:colcon.colcon_core.verb:set package 'f1tenth_gym_ros' build argument 'ament_cmake_args' from command line to 'None'
[0.274s] Level 5:colcon.colcon_core.verb:set package 'f1tenth_gym_ros' build argument 'catkin_cmake_args' from command line to 'None'
[0.274s] Level 5:colcon.colcon_core.verb:set package 'f1tenth_gym_ros' build argument 'catkin_skip_building_tests' from command line to 'False'
[0.274s] DEBUG:colcon.colcon_core.verb:Building package 'f1tenth_gym_ros' with the following arguments: {'ament_cmake_args': None, 'build_base': '/home/jim/sim_ws/build/f1tenth_gym_ros', 'catkin_cmake_args': None, 'catkin_skip_building_tests': False, 'cmake_args': None, 'cmake_clean_cache': False, 'cmake_clean_first': False, 'cmake_force_configure': False, 'cmake_target': None, 'cmake_target_skip_unavailable': False, 'install_base': '/home/jim/sim_ws/install/f1tenth_gym_ros', 'merge_install': False, 'path': '/home/jim/sim_ws/src/f1tenth_gym_ros', 'symlink_install': False, 'test_result_base': None}
[0.275s] Level 5:colcon.colcon_core.verb:set package 'mpc' build argument 'cmake_args' from command line to 'None'
[0.275s] Level 5:colcon.colcon_core.verb:set package 'mpc' build argument 'cmake_target' from command line to 'None'
[0.275s] Level 5:colcon.colcon_core.verb:set package 'mpc' build argument 'cmake_target_skip_unavailable' from command line to 'False'
[0.275s] Level 5:colcon.colcon_core.verb:set package 'mpc' build argument 'cmake_clean_cache' from command line to 'False'
[0.275s] Level 5:colcon.colcon_core.verb:set package 'mpc' build argument 'cmake_clean_first' from command line to 'False'
[0.275s] Level 5:colcon.colcon_core.verb:set package 'mpc' build argument 'cmake_force_configure' from command line to 'False'
[0.275s] Level 5:colcon.colcon_core.verb:set package 'mpc' build argument 'ament_cmake_args' from command line to 'None'
[0.275s] Level 5:colcon.colcon_core.verb:set package 'mpc' build argument 'catkin_cmake_args' from command line to 'None'
[0.275s] Level 5:colcon.colcon_core.verb:set package 'mpc' build argument 'catkin_skip_building_tests' from command line to 'False'
[0.275s] DEBUG:colcon.colcon_core.verb:Building package 'mpc' with the following arguments: {'ament_cmake_args': None, 'build_base': '/home/jim/sim_ws/build/mpc', 'catkin_cmake_args': None, 'catkin_skip_building_tests': False, 'cmake_args': None, 'cmake_clean_cache': False, 'cmake_clean_first': False, 'cmake_force_configure': False, 'cmake_target': None, 'cmake_target_skip_unavailable': False, 'install_base': '/home/jim/sim_ws/install/mpc', 'merge_install': False, 'path': '/home/jim/sim_ws/src/f1tenth_mpc-main/mpc', 'symlink_install': False, 'test_result_base': None}
[0.275s] Level 5:colcon.colcon_core.verb:set package 'particle_filter' build argument 'cmake_args' from command line to 'None'
[0.275s] Level 5:colcon.colcon_core.verb:set package 'particle_filter' build argument 'cmake_target' from command line to 'None'
[0.275s] Level 5:colcon.colcon_core.verb:set package 'particle_filter' build argument 'cmake_target_skip_unavailable' from command line to 'False'
[0.275s] Level 5:colcon.colcon_core.verb:set package 'particle_filter' build argument 'cmake_clean_cache' from command line to 'False'
[0.275s] Level 5:colcon.colcon_core.verb:set package 'particle_filter' build argument 'cmake_clean_first' from command line to 'False'
[0.275s] Level 5:colcon.colcon_core.verb:set package 'particle_filter' build argument 'cmake_force_configure' from command line to 'False'
[0.275s] Level 5:colcon.colcon_core.verb:set package 'particle_filter' build argument 'ament_cmake_args' from command line to 'None'
[0.275s] Level 5:colcon.colcon_core.verb:set package 'particle_filter' build argument 'catkin_cmake_args' from command line to 'None'
[0.275s] Level 5:colcon.colcon_core.verb:set package 'particle_filter' build argument 'catkin_skip_building_tests' from command line to 'False'
[0.275s] DEBUG:colcon.colcon_core.verb:Building package 'particle_filter' with the following arguments: {'ament_cmake_args': None, 'build_base': '/home/jim/sim_ws/build/particle_filter', 'catkin_cmake_args': None, 'catkin_skip_building_tests': False, 'cmake_args': None, 'cmake_clean_cache': False, 'cmake_clean_first': False, 'cmake_force_configure': False, 'cmake_target': None, 'cmake_target_skip_unavailable': False, 'install_base': '/home/jim/sim_ws/install/particle_filter', 'merge_install': False, 'path': '/home/jim/sim_ws/src/particle_filter', 'symlink_install': False, 'test_result_base': None}
[0.275s] INFO:colcon.colcon_core.executor:Executing jobs using 'parallel' executor
[0.276s] DEBUG:colcon.colcon_parallel_executor.executor.parallel:run_until_complete
[0.276s] INFO:colcon.colcon_ros.task.ament_python.build:Building ROS package in '/home/jim/sim_ws/src/f1tenth_gym_ros' with build type 'ament_python'
[0.276s] Level 1:colcon.colcon_core.shell:create_environment_hook('f1tenth_gym_ros', 'ament_prefix_path')
[0.277s] INFO:colcon.colcon_core.plugin_system:Skipping extension 'colcon_core.shell.bat': Not used on non-Windows systems
[0.277s] INFO:colcon.colcon_core.shell:Creating environment hook '/home/jim/sim_ws/install/f1tenth_gym_ros/share/f1tenth_gym_ros/hook/ament_prefix_path.ps1'
[0.278s] INFO:colcon.colcon_core.shell:Creating environment descriptor '/home/jim/sim_ws/install/f1tenth_gym_ros/share/f1tenth_gym_ros/hook/ament_prefix_path.dsv'
[0.278s] INFO:colcon.colcon_core.shell:Creating environment hook '/home/jim/sim_ws/install/f1tenth_gym_ros/share/f1tenth_gym_ros/hook/ament_prefix_path.sh'
[0.278s] INFO:colcon.colcon_core.shell:Skip shell extension 'powershell' for command environment: Not usable outside of PowerShell
[0.278s] DEBUG:colcon.colcon_core.shell:Skip shell extension 'dsv' for command environment
[0.282s] INFO:colcon.colcon_ros.task.ament_cmake.build:Building ROS package in '/home/jim/sim_ws/src/f1tenth_mpc-main/mpc' with build type 'ament_cmake'
[0.282s] INFO:colcon.colcon_cmake.task.cmake.build:Building CMake package in '/home/jim/sim_ws/src/f1tenth_mpc-main/mpc'
[0.283s] INFO:colcon.colcon_core.shell:Skip shell extension 'powershell' for command environment: Not usable outside of PowerShell
[0.283s] DEBUG:colcon.colcon_core.shell:Skip shell extension 'dsv' for command environment
[0.287s] INFO:colcon.colcon_ros.task.ament_python.build:Building ROS package in '/home/jim/sim_ws/src/particle_filter' with build type 'ament_python'
[0.287s] Level 1:colcon.colcon_core.shell:create_environment_hook('particle_filter', 'ament_prefix_path')
[0.288s] INFO:colcon.colcon_core.shell:Creating environment hook '/home/jim/sim_ws/install/particle_filter/share/particle_filter/hook/ament_prefix_path.ps1'
[0.288s] INFO:colcon.colcon_core.shell:Creating environment descriptor '/home/jim/sim_ws/install/particle_filter/share/particle_filter/hook/ament_prefix_path.dsv'
[0.289s] INFO:colcon.colcon_core.shell:Creating environment hook '/home/jim/sim_ws/install/particle_filter/share/particle_filter/hook/ament_prefix_path.sh'
[0.289s] INFO:colcon.colcon_core.shell:Skip shell extension 'powershell' for command environment: Not usable outside of PowerShell
[0.289s] DEBUG:colcon.colcon_core.shell:Skip shell extension 'dsv' for command environment
[0.431s] INFO:colcon.colcon_core.task.python.build:Building Python package in '/home/jim/sim_ws/src/f1tenth_gym_ros'
[0.431s] INFO:colcon.colcon_core.shell:Skip shell extension 'powershell' for command environment: Not usable outside of PowerShell
[0.431s] DEBUG:colcon.colcon_core.shell:Skip shell extension 'dsv' for command environment
[0.437s] DEBUG:colcon.colcon_core.event_handler.log_command:Invoking command in '/home/jim/sim_ws/build/mpc': CMAKE_PREFIX_PATH=${CMAKE_PREFIX_PATH}:/home/jim/f1tenth_ws/install/f1tenth_stack:/home/jim/f1tenth_ws/install/joy_teleop:/home/jim/f1tenth_ws/install/mouse_teleop:/home/jim/f1tenth_ws/install/key_teleop:/home/jim/ros2_ws_tutorial/install/py_srvcli:/home/jim/ros2_ws_tutorial/install/my_first_package:/home/jim/ros2_ws_tutorial/install/exercise_package:/home/jim/sim_ws/install/particle_filter:/home/jim/sim_ws/install/mpc_node:/home/jim/sim_ws/install/mpc:/home/jim/sim_ws/install/f1tenth_gym_ros:/opt/ros/foxy /usr/bin/cmake /home/jim/sim_ws/src/f1tenth_mpc-main/mpc -DCMAKE_INSTALL_PREFIX=/home/jim/sim_ws/install/mpc
[0.589s] INFO:colcon.colcon_core.task.python.build:Building Python package in '/home/jim/sim_ws/src/particle_filter'
[0.589s] INFO:colcon.colcon_core.shell:Skip shell extension 'powershell' for command environment: Not usable outside of PowerShell
[0.589s] DEBUG:colcon.colcon_core.shell:Skip shell extension 'dsv' for command environment
[0.865s] DEBUG:colcon.colcon_core.event_handler.log_command:Invoking command in '/home/jim/sim_ws/src/particle_filter': PYTHONPATH=/home/jim/sim_ws/build/particle_filter/prefix_override:/home/jim/sim_ws/install/particle_filter/lib/python3.8/site-packages:${PYTHONPATH} /usr/bin/python3 -W ignore:setup.py install is deprecated setup.py egg_info --egg-base ../../build/particle_filter build --build-base /home/jim/sim_ws/build/particle_filter/build install --record /home/jim/sim_ws/build/particle_filter/install.log --install-scripts $base/lib/particle_filter --single-version-externally-managed install_data
[0.885s] DEBUG:colcon.colcon_core.event_handler.log_command:Invoking command in '/home/jim/sim_ws/src/f1tenth_gym_ros': PYTHONPATH=/home/jim/sim_ws/build/f1tenth_gym_ros/prefix_override:/home/jim/sim_ws/install/f1tenth_gym_ros/lib/python3.8/site-packages:${PYTHONPATH} /usr/bin/python3 -W ignore:setup.py install is deprecated setup.py egg_info --egg-base ../../build/f1tenth_gym_ros build --build-base /home/jim/sim_ws/build/f1tenth_gym_ros/build install --record /home/jim/sim_ws/build/f1tenth_gym_ros/install.log --install-scripts $base/lib/f1tenth_gym_ros --single-version-externally-managed install_data
[1.082s] DEBUG:colcon.colcon_core.event_handler.log_command:Invoked command in '/home/jim/sim_ws/src/particle_filter' returned '0': PYTHONPATH=/home/jim/sim_ws/build/particle_filter/prefix_override:/home/jim/sim_ws/install/particle_filter/lib/python3.8/site-packages:${PYTHONPATH} /usr/bin/python3 -W ignore:setup.py install is deprecated setup.py egg_info --egg-base ../../build/particle_filter build --build-base /home/jim/sim_ws/build/particle_filter/build install --record /home/jim/sim_ws/build/particle_filter/install.log --install-scripts $base/lib/particle_filter --single-version-externally-managed install_data
[1.084s] Level 1:colcon.colcon_core.environment:checking '/home/jim/sim_ws/install/particle_filter' for CMake module files
[1.084s] Level 1:colcon.colcon_core.environment:checking '/home/jim/sim_ws/install/particle_filter' for CMake config files
[1.085s] Level 1:colcon.colcon_core.environment:checking '/home/jim/sim_ws/install/particle_filter/lib'
[1.085s] Level 1:colcon.colcon_core.environment:checking '/home/jim/sim_ws/install/particle_filter/bin'
[1.085s] Level 1:colcon.colcon_core.environment:checking '/home/jim/sim_ws/install/particle_filter/lib/pkgconfig/particle_filter.pc'
[1.085s] Level 1:colcon.colcon_core.environment:checking '/home/jim/sim_ws/install/particle_filter/lib/python3.8/site-packages'
[1.085s] Level 1:colcon.colcon_core.shell:create_environment_hook('particle_filter', 'pythonpath')
[1.085s] INFO:colcon.colcon_core.shell:Creating environment hook '/home/jim/sim_ws/install/particle_filter/share/particle_filter/hook/pythonpath.ps1'
[1.086s] INFO:colcon.colcon_core.shell:Creating environment descriptor '/home/jim/sim_ws/install/particle_filter/share/particle_filter/hook/pythonpath.dsv'
[1.086s] INFO:colcon.colcon_core.shell:Creating environment hook '/home/jim/sim_ws/install/particle_filter/share/particle_filter/hook/pythonpath.sh'
[1.086s] Level 1:colcon.colcon_core.environment:checking '/home/jim/sim_ws/install/particle_filter/bin'
[1.086s] Level 1:colcon.colcon_core.environment:create_environment_scripts_only(particle_filter)
[1.086s] INFO:colcon.colcon_core.shell:Creating package script '/home/jim/sim_ws/install/particle_filter/share/particle_filter/package.ps1'
[1.087s] INFO:colcon.colcon_core.shell:Creating package descriptor '/home/jim/sim_ws/install/particle_filter/share/particle_filter/package.dsv'
[1.087s] INFO:colcon.colcon_core.shell:Creating package script '/home/jim/sim_ws/install/particle_filter/share/particle_filter/package.sh'
[1.088s] INFO:colcon.colcon_core.shell:Creating package script '/home/jim/sim_ws/install/particle_filter/share/particle_filter/package.bash'
[1.088s] INFO:colcon.colcon_core.shell:Creating package script '/home/jim/sim_ws/install/particle_filter/share/particle_filter/package.zsh'
[1.089s] Level 1:colcon.colcon_core.environment:create_file_with_runtime_dependencies(/home/jim/sim_ws/install/particle_filter/share/colcon-core/packages/particle_filter)
[1.090s] Level 1:colcon.colcon_core.environment:checking '/home/jim/sim_ws/install/f1tenth_gym_ros' for CMake module files
[1.091s] DEBUG:colcon.colcon_core.event_handler.log_command:Invoked command in '/home/jim/sim_ws/src/f1tenth_gym_ros' returned '0': PYTHONPATH=/home/jim/sim_ws/build/f1tenth_gym_ros/prefix_override:/home/jim/sim_ws/install/f1tenth_gym_ros/lib/python3.8/site-packages:${PYTHONPATH} /usr/bin/python3 -W ignore:setup.py install is deprecated setup.py egg_info --egg-base ../../build/f1tenth_gym_ros build --build-base /home/jim/sim_ws/build/f1tenth_gym_ros/build install --record /home/jim/sim_ws/build/f1tenth_gym_ros/install.log --install-scripts $base/lib/f1tenth_gym_ros --single-version-externally-managed install_data
[1.091s] Level 1:colcon.colcon_core.environment:checking '/home/jim/sim_ws/install/f1tenth_gym_ros' for CMake config files
[1.091s] Level 1:colcon.colcon_core.environment:checking '/home/jim/sim_ws/install/f1tenth_gym_ros/lib'
[1.091s] Level 1:colcon.colcon_core.environment:checking '/home/jim/sim_ws/install/f1tenth_gym_ros/bin'
[1.091s] Level 1:colcon.colcon_core.environment:checking '/home/jim/sim_ws/install/f1tenth_gym_ros/lib/pkgconfig/f1tenth_gym_ros.pc'
[1.091s] Level 1:colcon.colcon_core.environment:checking '/home/jim/sim_ws/install/f1tenth_gym_ros/lib/python3.8/site-packages'
[1.091s] Level 1:colcon.colcon_core.shell:create_environment_hook('f1tenth_gym_ros', 'pythonpath')
[1.091s] INFO:colcon.colcon_core.shell:Creating environment hook '/home/jim/sim_ws/install/f1tenth_gym_ros/share/f1tenth_gym_ros/hook/pythonpath.ps1'
[1.092s] INFO:colcon.colcon_core.shell:Creating environment descriptor '/home/jim/sim_ws/install/f1tenth_gym_ros/share/f1tenth_gym_ros/hook/pythonpath.dsv'
[1.092s] INFO:colcon.colcon_core.shell:Creating environment hook '/home/jim/sim_ws/install/f1tenth_gym_ros/share/f1tenth_gym_ros/hook/pythonpath.sh'
[1.092s] Level 1:colcon.colcon_core.environment:checking '/home/jim/sim_ws/install/f1tenth_gym_ros/bin'
[1.092s] Level 1:colcon.colcon_core.environment:create_environment_scripts_only(f1tenth_gym_ros)
[1.092s] INFO:colcon.colcon_core.shell:Creating package script '/home/jim/sim_ws/install/f1tenth_gym_ros/share/f1tenth_gym_ros/package.ps1'
[1.093s] INFO:colcon.colcon_core.shell:Creating package descriptor '/home/jim/sim_ws/install/f1tenth_gym_ros/share/f1tenth_gym_ros/package.dsv'
[1.093s] INFO:colcon.colcon_core.shell:Creating package script '/home/jim/sim_ws/install/f1tenth_gym_ros/share/f1tenth_gym_ros/package.sh'
[1.093s] INFO:colcon.colcon_core.shell:Creating package script '/home/jim/sim_ws/install/f1tenth_gym_ros/share/f1tenth_gym_ros/package.bash'
[1.093s] INFO:colcon.colcon_core.shell:Creating package script '/home/jim/sim_ws/install/f1tenth_gym_ros/share/f1tenth_gym_ros/package.zsh'
[1.093s] Level 1:colcon.colcon_core.environment:create_file_with_runtime_dependencies(/home/jim/sim_ws/install/f1tenth_gym_ros/share/colcon-core/packages/f1tenth_gym_ros)
[1.986s] DEBUG:colcon.colcon_core.event_handler.log_command:Invoked command in '/home/jim/sim_ws/build/mpc' returned '0': CMAKE_PREFIX_PATH=${CMAKE_PREFIX_PATH}:/home/jim/f1tenth_ws/install/f1tenth_stack:/home/jim/f1tenth_ws/install/joy_teleop:/home/jim/f1tenth_ws/install/mouse_teleop:/home/jim/f1tenth_ws/install/key_teleop:/home/jim/ros2_ws_tutorial/install/py_srvcli:/home/jim/ros2_ws_tutorial/install/my_first_package:/home/jim/ros2_ws_tutorial/install/exercise_package:/home/jim/sim_ws/install/particle_filter:/home/jim/sim_ws/install/mpc_node:/home/jim/sim_ws/install/mpc:/home/jim/sim_ws/install/f1tenth_gym_ros:/opt/ros/foxy /usr/bin/cmake /home/jim/sim_ws/src/f1tenth_mpc-main/mpc -DCMAKE_INSTALL_PREFIX=/home/jim/sim_ws/install/mpc
[1.988s] DEBUG:colcon.colcon_core.event_handler.log_command:Invoking command in '/home/jim/sim_ws/build/mpc': CMAKE_PREFIX_PATH=${CMAKE_PREFIX_PATH}:/home/jim/f1tenth_ws/install/f1tenth_stack:/home/jim/f1tenth_ws/install/joy_teleop:/home/jim/f1tenth_ws/install/mouse_teleop:/home/jim/f1tenth_ws/install/key_teleop:/home/jim/ros2_ws_tutorial/install/py_srvcli:/home/jim/ros2_ws_tutorial/install/my_first_package:/home/jim/ros2_ws_tutorial/install/exercise_package:/home/jim/sim_ws/install/particle_filter:/home/jim/sim_ws/install/mpc_node:/home/jim/sim_ws/install/mpc:/home/jim/sim_ws/install/f1tenth_gym_ros:/opt/ros/foxy /usr/bin/cmake --build /home/jim/sim_ws/build/mpc -- -j8 -l8
[3.211s] DEBUG:colcon.colcon_core.event_handler.log_command:Invoked command in '/home/jim/sim_ws/build/mpc' returned '0': CMAKE_PREFIX_PATH=${CMAKE_PREFIX_PATH}:/home/jim/f1tenth_ws/install/f1tenth_stack:/home/jim/f1tenth_ws/install/joy_teleop:/home/jim/f1tenth_ws/install/mouse_teleop:/home/jim/f1tenth_ws/install/key_teleop:/home/jim/ros2_ws_tutorial/install/py_srvcli:/home/jim/ros2_ws_tutorial/install/my_first_package:/home/jim/ros2_ws_tutorial/install/exercise_package:/home/jim/sim_ws/install/particle_filter:/home/jim/sim_ws/install/mpc_node:/home/jim/sim_ws/install/mpc:/home/jim/sim_ws/install/f1tenth_gym_ros:/opt/ros/foxy /usr/bin/cmake --build /home/jim/sim_ws/build/mpc -- -j8 -l8
[3.236s] DEBUG:colcon.colcon_core.event_handler.log_command:Invoking command in '/home/jim/sim_ws/build/mpc': CMAKE_PREFIX_PATH=${CMAKE_PREFIX_PATH}:/home/jim/f1tenth_ws/install/f1tenth_stack:/home/jim/f1tenth_ws/install/joy_teleop:/home/jim/f1tenth_ws/install/mouse_teleop:/home/jim/f1tenth_ws/install/key_teleop:/home/jim/ros2_ws_tutorial/install/py_srvcli:/home/jim/ros2_ws_tutorial/install/my_first_package:/home/jim/ros2_ws_tutorial/install/exercise_package:/home/jim/sim_ws/install/particle_filter:/home/jim/sim_ws/install/mpc_node:/home/jim/sim_ws/install/mpc:/home/jim/sim_ws/install/f1tenth_gym_ros:/opt/ros/foxy /usr/bin/cmake --install /home/jim/sim_ws/build/mpc
[3.270s] DEBUG:colcon.colcon_core.event_handler.log_command:Invoked command in '/home/jim/sim_ws/build/mpc' returned '1': CMAKE_PREFIX_PATH=${CMAKE_PREFIX_PATH}:/home/jim/f1tenth_ws/install/f1tenth_stack:/home/jim/f1tenth_ws/install/joy_teleop:/home/jim/f1tenth_ws/install/mouse_teleop:/home/jim/f1tenth_ws/install/key_teleop:/home/jim/ros2_ws_tutorial/install/py_srvcli:/home/jim/ros2_ws_tutorial/install/my_first_package:/home/jim/ros2_ws_tutorial/install/exercise_package:/home/jim/sim_ws/install/particle_filter:/home/jim/sim_ws/install/mpc_node:/home/jim/sim_ws/install/mpc:/home/jim/sim_ws/install/f1tenth_gym_ros:/opt/ros/foxy /usr/bin/cmake --install /home/jim/sim_ws/build/mpc
[3.288s] Level 1:colcon.colcon_core.environment:create_environment_scripts_only(mpc)
[3.288s] Level 1:colcon.colcon_core.environment:checking '/home/jim/sim_ws/install/mpc' for CMake module files
[3.289s] Level 1:colcon.colcon_core.environment:checking '/home/jim/sim_ws/install/mpc' for CMake config files
[3.289s] Level 1:colcon.colcon_core.environment:checking '/home/jim/sim_ws/install/mpc/lib'
[3.289s] Level 1:colcon.colcon_core.environment:checking '/home/jim/sim_ws/install/mpc/bin'
[3.289s] Level 1:colcon.colcon_core.environment:checking '/home/jim/sim_ws/install/mpc/lib/pkgconfig/mpc.pc'
[3.290s] Level 1:colcon.colcon_core.environment:checking '/home/jim/sim_ws/install/mpc/lib/python3.8/site-packages'
[3.290s] Level 1:colcon.colcon_core.shell:create_environment_hook('mpc', 'pythonpath')
[3.290s] INFO:colcon.colcon_core.shell:Creating environment hook '/home/jim/sim_ws/install/mpc/share/mpc/hook/pythonpath.ps1'
[3.290s] INFO:colcon.colcon_core.shell:Creating environment descriptor '/home/jim/sim_ws/install/mpc/share/mpc/hook/pythonpath.dsv'
[3.291s] INFO:colcon.colcon_core.shell:Creating environment hook '/home/jim/sim_ws/install/mpc/share/mpc/hook/pythonpath.sh'
[3.291s] Level 1:colcon.colcon_core.environment:checking '/home/jim/sim_ws/install/mpc/bin'
[3.291s] INFO:colcon.colcon_core.shell:Creating package script '/home/jim/sim_ws/install/mpc/share/mpc/package.ps1'
[3.292s] INFO:colcon.colcon_core.shell:Creating package descriptor '/home/jim/sim_ws/install/mpc/share/mpc/package.dsv'
[3.292s] INFO:colcon.colcon_core.shell:Creating package script '/home/jim/sim_ws/install/mpc/share/mpc/package.sh'
[3.293s] INFO:colcon.colcon_core.shell:Creating package script '/home/jim/sim_ws/install/mpc/share/mpc/package.bash'
[3.293s] INFO:colcon.colcon_core.shell:Creating package script '/home/jim/sim_ws/install/mpc/share/mpc/package.zsh'
[3.293s] Level 1:colcon.colcon_core.environment:create_file_with_runtime_dependencies(/home/jim/sim_ws/install/mpc/share/colcon-core/packages/mpc)
[3.304s] DEBUG:colcon.colcon_parallel_executor.executor.parallel:closing loop
[3.304s] DEBUG:colcon.colcon_parallel_executor.executor.parallel:loop closed
[3.304s] DEBUG:colcon.colcon_parallel_executor.executor.parallel:run_until_complete finished with '1'
[3.304s] DEBUG:colcon.colcon_core.event_reactor:joining thread
[3.314s] INFO:colcon.colcon_core.plugin_system:Skipping extension 'colcon_notification.desktop_notification.terminal_notifier': Not used on non-Darwin systems
[3.314s] INFO:colcon.colcon_core.plugin_system:Skipping extension 'colcon_notification.desktop_notification.win32': Not used on non-Windows systems
[3.314s] INFO:colcon.colcon_notification.desktop_notification:Sending desktop notification using 'notify2'
[3.329s] DEBUG:colcon.colcon_core.event_reactor:joined thread
[3.330s] INFO:colcon.colcon_core.shell:Creating prefix script '/home/jim/sim_ws/install/local_setup.ps1'
[3.330s] INFO:colcon.colcon_core.shell:Creating prefix util module '/home/jim/sim_ws/install/_local_setup_util_ps1.py'
[3.331s] INFO:colcon.colcon_core.shell:Creating prefix chain script '/home/jim/sim_ws/install/setup.ps1'
[3.332s] INFO:colcon.colcon_core.shell:Creating prefix script '/home/jim/sim_ws/install/local_setup.sh'
[3.333s] INFO:colcon.colcon_core.shell:Creating prefix util module '/home/jim/sim_ws/install/_local_setup_util_sh.py'
[3.333s] INFO:colcon.colcon_core.shell:Creating prefix chain script '/home/jim/sim_ws/install/setup.sh'
[3.334s] INFO:colcon.colcon_core.shell:Creating prefix script '/home/jim/sim_ws/install/local_setup.bash'
[3.334s] INFO:colcon.colcon_core.shell:Creating prefix chain script '/home/jim/sim_ws/install/setup.bash'
[3.335s] INFO:colcon.colcon_core.shell:Creating prefix script '/home/jim/sim_ws/install/local_setup.zsh'
[3.335s] INFO:colcon.colcon_core.shell:Creating prefix chain script '/home/jim/sim_ws/install/setup.zsh'
