[0.331s] Invoking command in '/home/william/sim_ws/build/interfaces_hot_wheels': CMAKE_PREFIX_PATH=${CMAKE_PREFIX_PATH}:/home/william/sim_ws/install/particle_filter:/home/william/sim_ws/install/f1tenth_gym_ros:/opt/ros/foxy /usr/bin/cmake --build /home/william/sim_ws/build/interfaces_hot_wheels -- -j8 -l8
[0.863s] [  3%] Built target interfaces_hot_wheels__cpp
[0.864s] [ 12%] Built target interfaces_hot_wheels__rosidl_generator_c
[0.864s] [ 22%] Built target interfaces_hot_wheels__rosidl_typesupport_cpp
[0.865s] [ 32%] Built target interfaces_hot_wheels__rosidl_typesupport_introspection_c
[0.865s] [ 41%] Built target interfaces_hot_wheels__rosidl_typesupport_fastrtps_cpp
[0.866s] [ 51%] Built target interfaces_hot_wheels__rosidl_typesupport_introspection_cpp
[0.867s] [ 61%] Built target interfaces_hot_wheels__rosidl_typesupport_c
[0.867s] [ 70%] Built target interfaces_hot_wheels__rosidl_typesupport_fastrtps_c
[0.867s] [ 70%] Built target interfaces_hot_wheels
[0.867s] [ 74%] Built target interfaces_hot_wheels__py
[0.867s] [ 80%] Built target interfaces_hot_wheels__python
[0.867s] [100%] Built target interfaces_hot_wheels__rosidl_typesupport_fastrtps_c__pyext
[0.868s] [100%] Built target interfaces_hot_wheels__rosidl_typesupport_c__pyext
[0.869s] [100%] Built target interfaces_hot_wheels__rosidl_typesupport_introspection_c__pyext
[0.871s] Invoked command in '/home/william/sim_ws/build/interfaces_hot_wheels' returned '0': CMAKE_PREFIX_PATH=${CMAKE_PREFIX_PATH}:/home/william/sim_ws/install/particle_filter:/home/william/sim_ws/install/f1tenth_gym_ros:/opt/ros/foxy /usr/bin/cmake --build /home/william/sim_ws/build/interfaces_hot_wheels -- -j8 -l8
[0.925s] Invoking command in '/home/william/sim_ws/build/interfaces_hot_wheels': CMAKE_PREFIX_PATH=${CMAKE_PREFIX_PATH}:/home/william/sim_ws/install/particle_filter:/home/william/sim_ws/install/f1tenth_gym_ros:/opt/ros/foxy /usr/bin/cmake --install /home/william/sim_ws/build/interfaces_hot_wheels
[0.937s] -- Install configuration: ""
[0.938s] -- Up-to-date: /home/william/sim_ws/install/interfaces_hot_wheels/share/ament_index/resource_index/rosidl_interfaces/interfaces_hot_wheels
[0.938s] -- Up-to-date: /home/william/sim_ws/install/interfaces_hot_wheels/include/interfaces_hot_wheels
[0.938s] -- Up-to-date: /home/william/sim_ws/install/interfaces_hot_wheels/include/interfaces_hot_wheels/msg
[0.938s] -- Up-to-date: /home/william/sim_ws/install/interfaces_hot_wheels/include/interfaces_hot_wheels/msg/waypoint.h
[0.938s] -- Up-to-date: /home/william/sim_ws/install/interfaces_hot_wheels/include/interfaces_hot_wheels/msg/rosidl_generator_c__visibility_control.h
[0.938s] -- Up-to-date: /home/william/sim_ws/install/interfaces_hot_wheels/include/interfaces_hot_wheels/msg/detail
[0.938s] -- Up-to-date: /home/william/sim_ws/install/interfaces_hot_wheels/include/interfaces_hot_wheels/msg/detail/waypoint__functions.h
[0.939s] -- Up-to-date: /home/william/sim_ws/install/interfaces_hot_wheels/include/interfaces_hot_wheels/msg/detail/waypoint__functions.c
[0.939s] -- Up-to-date: /home/william/sim_ws/install/interfaces_hot_wheels/include/interfaces_hot_wheels/msg/detail/waypoint__type_support.h
[0.939s] -- Up-to-date: /home/william/sim_ws/install/interfaces_hot_wheels/include/interfaces_hot_wheels/msg/detail/waypoint__struct.h
[0.939s] -- Up-to-date: /home/william/sim_ws/install/interfaces_hot_wheels/share/interfaces_hot_wheels/environment/library_path.sh
[0.939s] -- Up-to-date: /home/william/sim_ws/install/interfaces_hot_wheels/share/interfaces_hot_wheels/environment/library_path.dsv
[0.939s] -- Up-to-date: /home/william/sim_ws/install/interfaces_hot_wheels/lib/libinterfaces_hot_wheels__rosidl_generator_c.so
[0.939s] -- Up-to-date: /home/william/sim_ws/install/interfaces_hot_wheels/include/interfaces_hot_wheels
[0.939s] -- Up-to-date: /home/william/sim_ws/install/interfaces_hot_wheels/include/interfaces_hot_wheels/msg
[0.940s] -- Up-to-date: /home/william/sim_ws/install/interfaces_hot_wheels/include/interfaces_hot_wheels/msg/detail
[0.940s] -- Up-to-date: /home/william/sim_ws/install/interfaces_hot_wheels/include/interfaces_hot_wheels/msg/detail/waypoint__rosidl_typesupport_fastrtps_c.h
[0.940s] -- Up-to-date: /home/william/sim_ws/install/interfaces_hot_wheels/include/interfaces_hot_wheels/msg/rosidl_typesupport_fastrtps_c__visibility_control.h
[0.940s] -- Up-to-date: /home/william/sim_ws/install/interfaces_hot_wheels/lib/libinterfaces_hot_wheels__rosidl_typesupport_fastrtps_c.so
[0.940s] -- Up-to-date: /home/william/sim_ws/install/interfaces_hot_wheels/include/interfaces_hot_wheels
[0.940s] -- Up-to-date: /home/william/sim_ws/install/interfaces_hot_wheels/include/interfaces_hot_wheels/msg
[0.940s] -- Up-to-date: /home/william/sim_ws/install/interfaces_hot_wheels/include/interfaces_hot_wheels/msg/rosidl_typesupport_fastrtps_cpp__visibility_control.h
[0.940s] -- Up-to-date: /home/william/sim_ws/install/interfaces_hot_wheels/include/interfaces_hot_wheels/msg/detail
[0.941s] -- Up-to-date: /home/william/sim_ws/install/interfaces_hot_wheels/include/interfaces_hot_wheels/msg/detail/dds_fastrtps
[0.941s] -- Up-to-date: /home/william/sim_ws/install/interfaces_hot_wheels/include/interfaces_hot_wheels/msg/detail/waypoint__rosidl_typesupport_fastrtps_cpp.hpp
[0.941s] -- Up-to-date: /home/william/sim_ws/install/interfaces_hot_wheels/lib/libinterfaces_hot_wheels__rosidl_typesupport_fastrtps_cpp.so
[0.941s] -- Up-to-date: /home/william/sim_ws/install/interfaces_hot_wheels/include/interfaces_hot_wheels
[0.941s] -- Up-to-date: /home/william/sim_ws/install/interfaces_hot_wheels/include/interfaces_hot_wheels/msg
[0.941s] -- Up-to-date: /home/william/sim_ws/install/interfaces_hot_wheels/include/interfaces_hot_wheels/msg/rosidl_typesupport_introspection_c__visibility_control.h
[0.941s] -- Up-to-date: /home/william/sim_ws/install/interfaces_hot_wheels/include/interfaces_hot_wheels/msg/detail
[0.941s] -- Up-to-date: /home/william/sim_ws/install/interfaces_hot_wheels/include/interfaces_hot_wheels/msg/detail/waypoint__rosidl_typesupport_introspection_c.h
[0.941s] -- Up-to-date: /home/william/sim_ws/install/interfaces_hot_wheels/include/interfaces_hot_wheels/msg/detail/waypoint__type_support.c
[0.942s] -- Up-to-date: /home/william/sim_ws/install/interfaces_hot_wheels/lib/libinterfaces_hot_wheels__rosidl_typesupport_introspection_c.so
[0.942s] -- Up-to-date: /home/william/sim_ws/install/interfaces_hot_wheels/lib/libinterfaces_hot_wheels__rosidl_typesupport_c.so
[0.942s] -- Up-to-date: /home/william/sim_ws/install/interfaces_hot_wheels/include/interfaces_hot_wheels
[0.942s] -- Up-to-date: /home/william/sim_ws/install/interfaces_hot_wheels/include/interfaces_hot_wheels/msg
[0.942s] -- Up-to-date: /home/william/sim_ws/install/interfaces_hot_wheels/include/interfaces_hot_wheels/msg/waypoint.hpp
[0.943s] -- Up-to-date: /home/william/sim_ws/install/interfaces_hot_wheels/include/interfaces_hot_wheels/msg/detail
[0.943s] -- Up-to-date: /home/william/sim_ws/install/interfaces_hot_wheels/include/interfaces_hot_wheels/msg/detail/waypoint__type_support.hpp
[0.943s] -- Up-to-date: /home/william/sim_ws/install/interfaces_hot_wheels/include/interfaces_hot_wheels/msg/detail/waypoint__builder.hpp
[0.943s] -- Up-to-date: /home/william/sim_ws/install/interfaces_hot_wheels/include/interfaces_hot_wheels/msg/detail/waypoint__struct.hpp
[0.943s] -- Up-to-date: /home/william/sim_ws/install/interfaces_hot_wheels/include/interfaces_hot_wheels/msg/detail/waypoint__traits.hpp
[0.943s] -- Up-to-date: /home/william/sim_ws/install/interfaces_hot_wheels/include/interfaces_hot_wheels/msg/rosidl_generator_cpp__visibility_control.hpp
[0.943s] -- Up-to-date: /home/william/sim_ws/install/interfaces_hot_wheels/include/interfaces_hot_wheels
[0.943s] -- Up-to-date: /home/william/sim_ws/install/interfaces_hot_wheels/include/interfaces_hot_wheels/msg
[0.943s] -- Up-to-date: /home/william/sim_ws/install/interfaces_hot_wheels/include/interfaces_hot_wheels/msg/detail
[0.943s] -- Up-to-date: /home/william/sim_ws/install/interfaces_hot_wheels/include/interfaces_hot_wheels/msg/detail/waypoint__type_support.cpp
[0.944s] -- Up-to-date: /home/william/sim_ws/install/interfaces_hot_wheels/include/interfaces_hot_wheels/msg/detail/waypoint__rosidl_typesupport_introspection_cpp.hpp
[0.944s] -- Up-to-date: /home/william/sim_ws/install/interfaces_hot_wheels/lib/libinterfaces_hot_wheels__rosidl_typesupport_introspection_cpp.so
[0.944s] -- Up-to-date: /home/william/sim_ws/install/interfaces_hot_wheels/lib/libinterfaces_hot_wheels__rosidl_typesupport_cpp.so
[0.944s] -- Up-to-date: /home/william/sim_ws/install/interfaces_hot_wheels/share/interfaces_hot_wheels/environment/pythonpath.sh
[0.944s] -- Up-to-date: /home/william/sim_ws/install/interfaces_hot_wheels/share/interfaces_hot_wheels/environment/pythonpath.dsv
[0.944s] -- Up-to-date: /home/william/sim_ws/install/interfaces_hot_wheels/lib/python3.8/site-packages/interfaces_hot_wheels/__init__.py
[0.989s] -- Up-to-date: /home/william/sim_ws/install/interfaces_hot_wheels/lib/python3.8/site-packages/interfaces_hot_wheels/msg
[0.989s] -- Up-to-date: /home/william/sim_ws/install/interfaces_hot_wheels/lib/python3.8/site-packages/interfaces_hot_wheels/msg/_waypoint_s.c
[0.990s] -- Up-to-date: /home/william/sim_ws/install/interfaces_hot_wheels/lib/python3.8/site-packages/interfaces_hot_wheels/msg/_waypoint.py
[0.990s] -- Up-to-date: /home/william/sim_ws/install/interfaces_hot_wheels/lib/python3.8/site-packages/interfaces_hot_wheels/msg/__init__.py
[0.990s] -- Up-to-date: /home/william/sim_ws/install/interfaces_hot_wheels/lib/python3.8/site-packages/interfaces_hot_wheels/interfaces_hot_wheels_s__rosidl_typesupport_fastrtps_c.cpython-38-x86_64-linux-gnu.so
[0.991s] -- Up-to-date: /home/william/sim_ws/install/interfaces_hot_wheels/lib/python3.8/site-packages/interfaces_hot_wheels/interfaces_hot_wheels_s__rosidl_typesupport_introspection_c.cpython-38-x86_64-linux-gnu.so
[0.992s] -- Up-to-date: /home/william/sim_ws/install/interfaces_hot_wheels/lib/python3.8/site-packages/interfaces_hot_wheels/interfaces_hot_wheels_s__rosidl_typesupport_c.cpython-38-x86_64-linux-gnu.so
[0.993s] -- Up-to-date: /home/william/sim_ws/install/interfaces_hot_wheels/lib/libinterfaces_hot_wheels__python.so
[0.993s] -- Up-to-date: /home/william/sim_ws/install/interfaces_hot_wheels/share/interfaces_hot_wheels/msg/Waypoint.idl
[0.993s] -- Up-to-date: /home/william/sim_ws/install/interfaces_hot_wheels/share/interfaces_hot_wheels/msg/Waypoint.msg
[0.994s] -- Up-to-date: /home/william/sim_ws/install/interfaces_hot_wheels/share/ament_index/resource_index/package_run_dependencies/interfaces_hot_wheels
[0.994s] -- Up-to-date: /home/william/sim_ws/install/interfaces_hot_wheels/share/ament_index/resource_index/parent_prefix_path/interfaces_hot_wheels
[0.994s] -- Up-to-date: /home/william/sim_ws/install/interfaces_hot_wheels/share/interfaces_hot_wheels/environment/ament_prefix_path.sh
[0.995s] -- Up-to-date: /home/william/sim_ws/install/interfaces_hot_wheels/share/interfaces_hot_wheels/environment/ament_prefix_path.dsv
[0.995s] -- Up-to-date: /home/william/sim_ws/install/interfaces_hot_wheels/share/interfaces_hot_wheels/environment/path.sh
[0.995s] -- Up-to-date: /home/william/sim_ws/install/interfaces_hot_wheels/share/interfaces_hot_wheels/environment/path.dsv
[0.995s] -- Up-to-date: /home/william/sim_ws/install/interfaces_hot_wheels/share/interfaces_hot_wheels/local_setup.bash
[0.996s] -- Up-to-date: /home/william/sim_ws/install/interfaces_hot_wheels/share/interfaces_hot_wheels/local_setup.sh
[0.996s] -- Up-to-date: /home/william/sim_ws/install/interfaces_hot_wheels/share/interfaces_hot_wheels/local_setup.zsh
[0.996s] -- Up-to-date: /home/william/sim_ws/install/interfaces_hot_wheels/share/interfaces_hot_wheels/local_setup.dsv
[0.997s] -- Installing: /home/william/sim_ws/install/interfaces_hot_wheels/share/interfaces_hot_wheels/package.dsv
[0.997s] -- Up-to-date: /home/william/sim_ws/install/interfaces_hot_wheels/share/ament_index/resource_index/packages/interfaces_hot_wheels
[0.997s] -- Up-to-date: /home/william/sim_ws/install/interfaces_hot_wheels/share/interfaces_hot_wheels/cmake/interfaces_hot_wheels__rosidl_generator_cExport.cmake
[0.998s] -- Up-to-date: /home/william/sim_ws/install/interfaces_hot_wheels/share/interfaces_hot_wheels/cmake/interfaces_hot_wheels__rosidl_generator_cExport-noconfig.cmake
[0.998s] -- Up-to-date: /home/william/sim_ws/install/interfaces_hot_wheels/share/interfaces_hot_wheels/cmake/interfaces_hot_wheels__rosidl_typesupport_introspection_cExport.cmake
[0.998s] -- Up-to-date: /home/william/sim_ws/install/interfaces_hot_wheels/share/interfaces_hot_wheels/cmake/interfaces_hot_wheels__rosidl_typesupport_introspection_cExport-noconfig.cmake
[0.999s] -- Up-to-date: /home/william/sim_ws/install/interfaces_hot_wheels/share/interfaces_hot_wheels/cmake/interfaces_hot_wheels__rosidl_typesupport_cExport.cmake
[0.999s] -- Up-to-date: /home/william/sim_ws/install/interfaces_hot_wheels/share/interfaces_hot_wheels/cmake/interfaces_hot_wheels__rosidl_typesupport_cExport-noconfig.cmake
[0.999s] -- Up-to-date: /home/william/sim_ws/install/interfaces_hot_wheels/share/interfaces_hot_wheels/cmake/interfaces_hot_wheels__rosidl_generator_cppExport.cmake
[1.000s] -- Up-to-date: /home/william/sim_ws/install/interfaces_hot_wheels/share/interfaces_hot_wheels/cmake/interfaces_hot_wheels__rosidl_typesupport_introspection_cppExport.cmake
[1.000s] -- Up-to-date: /home/william/sim_ws/install/interfaces_hot_wheels/share/interfaces_hot_wheels/cmake/interfaces_hot_wheels__rosidl_typesupport_introspection_cppExport-noconfig.cmake
[1.000s] -- Up-to-date: /home/william/sim_ws/install/interfaces_hot_wheels/share/interfaces_hot_wheels/cmake/interfaces_hot_wheels__rosidl_typesupport_cppExport.cmake
[1.000s] -- Up-to-date: /home/william/sim_ws/install/interfaces_hot_wheels/share/interfaces_hot_wheels/cmake/interfaces_hot_wheels__rosidl_typesupport_cppExport-noconfig.cmake
[1.000s] -- Up-to-date: /home/william/sim_ws/install/interfaces_hot_wheels/share/interfaces_hot_wheels/cmake/rosidl_cmake-extras.cmake
[1.000s] -- Up-to-date: /home/william/sim_ws/install/interfaces_hot_wheels/share/interfaces_hot_wheels/cmake/ament_cmake_export_dependencies-extras.cmake
[1.001s] -- Up-to-date: /home/william/sim_ws/install/interfaces_hot_wheels/share/interfaces_hot_wheels/cmake/ament_cmake_export_libraries-extras.cmake
[1.001s] -- Up-to-date: /home/william/sim_ws/install/interfaces_hot_wheels/share/interfaces_hot_wheels/cmake/ament_cmake_export_targets-extras.cmake
[1.001s] -- Up-to-date: /home/william/sim_ws/install/interfaces_hot_wheels/share/interfaces_hot_wheels/cmake/ament_cmake_export_include_directories-extras.cmake
[1.001s] -- Up-to-date: /home/william/sim_ws/install/interfaces_hot_wheels/share/interfaces_hot_wheels/cmake/rosidl_cmake_export_typesupport_libraries-extras.cmake
[1.002s] -- Up-to-date: /home/william/sim_ws/install/interfaces_hot_wheels/share/interfaces_hot_wheels/cmake/rosidl_cmake_export_typesupport_targets-extras.cmake
[1.002s] -- Up-to-date: /home/william/sim_ws/install/interfaces_hot_wheels/share/interfaces_hot_wheels/cmake/interfaces_hot_wheelsConfig.cmake
[1.002s] -- Up-to-date: /home/william/sim_ws/install/interfaces_hot_wheels/share/interfaces_hot_wheels/cmake/interfaces_hot_wheelsConfig-version.cmake
[1.002s] -- Up-to-date: /home/william/sim_ws/install/interfaces_hot_wheels/share/interfaces_hot_wheels/package.xml
[1.090s] Invoked command in '/home/william/sim_ws/build/interfaces_hot_wheels' returned '0': CMAKE_PREFIX_PATH=${CMAKE_PREFIX_PATH}:/home/william/sim_ws/install/particle_filter:/home/william/sim_ws/install/f1tenth_gym_ros:/opt/ros/foxy /usr/bin/cmake --install /home/william/sim_ws/build/interfaces_hot_wheels
