[0.707s] Invoking command in '/home/jim/sim_ws/src/MPC/mpc_node': PYTHONPATH=/home/jim/sim_ws/build/mpc_node/prefix_override:/home/jim/sim_ws/install/mpc_node/lib/python3.8/site-packages:${PYTHONPATH} /usr/bin/python3 -W ignore:setup.py install is deprecated setup.py egg_info --egg-base ../../../build/mpc_node build --build-base /home/jim/sim_ws/build/mpc_node/build install --record /home/jim/sim_ws/build/mpc_node/install.log --install-scripts $base/lib/mpc_node --single-version-externally-managed install_data
[0.851s] running egg_info
[0.851s] writing ../../../build/mpc_node/mpc_node.egg-info/PKG-INFO
[0.851s] writing dependency_links to ../../../build/mpc_node/mpc_node.egg-info/dependency_links.txt
[0.851s] writing entry points to ../../../build/mpc_node/mpc_node.egg-info/entry_points.txt
[0.851s] writing requirements to ../../../build/mpc_node/mpc_node.egg-info/requires.txt
[0.851s] writing top-level names to ../../../build/mpc_node/mpc_node.egg-info/top_level.txt
[0.875s] reading manifest file '../../../build/mpc_node/mpc_node.egg-info/SOURCES.txt'
[0.876s] writing manifest file '../../../build/mpc_node/mpc_node.egg-info/SOURCES.txt'
[0.876s] running build
[0.876s] running build_py
[0.876s] running install
[0.877s] running install_lib
[0.878s] running install_data
[0.878s] running install_egg_info
[0.879s] removing '/home/jim/sim_ws/install/mpc_node/lib/python3.8/site-packages/mpc_node-0.0.0-py3.8.egg-info' (and everything under it)
[0.879s] Copying ../../../build/mpc_node/mpc_node.egg-info to /home/jim/sim_ws/install/mpc_node/lib/python3.8/site-packages/mpc_node-0.0.0-py3.8.egg-info
[0.880s] running install_scripts
[0.893s] Installing mpc_node script to /home/jim/sim_ws/install/mpc_node/lib/mpc_node
[0.893s] writing list of installed files to '/home/jim/sim_ws/build/mpc_node/install.log'
[0.911s] Invoked command in '/home/jim/sim_ws/src/MPC/mpc_node' returned '0': PYTHONPATH=/home/jim/sim_ws/build/mpc_node/prefix_override:/home/jim/sim_ws/install/mpc_node/lib/python3.8/site-packages:${PYTHONPATH} /usr/bin/python3 -W ignore:setup.py install is deprecated setup.py egg_info --egg-base ../../../build/mpc_node build --build-base /home/jim/sim_ws/build/mpc_node/build install --record /home/jim/sim_ws/build/mpc_node/install.log --install-scripts $base/lib/mpc_node --single-version-externally-managed install_data
